[2026-02-09T09:51:39.753+0200] {taskinstance.py:1956} INFO - Dependencies all met for dep_context=non-requeueable deps ti=<TaskInstance: flight_price_analysis.run_pipeline manual__2026-02-09T07:51:36.478232+00:00 [queued]>
[2026-02-09T09:51:39.756+0200] {taskinstance.py:1956} INFO - Dependencies all met for dep_context=requeueable deps ti=<TaskInstance: flight_price_analysis.run_pipeline manual__2026-02-09T07:51:36.478232+00:00 [queued]>
[2026-02-09T09:51:39.756+0200] {taskinstance.py:2170} INFO - Starting attempt 1 of 1
[2026-02-09T09:51:39.767+0200] {taskinstance.py:2191} INFO - Executing <Task(PythonOperator): run_pipeline> on 2026-02-09 07:51:36.478232+00:00
[2026-02-09T09:51:39.770+0200] {standard_task_runner.py:60} INFO - Started process 265866 to run task
[2026-02-09T09:51:39.773+0200] {standard_task_runner.py:87} INFO - Running: ['airflow', 'tasks', 'run', 'flight_price_analysis', 'run_pipeline', 'manual__2026-02-09T07:51:36.478232+00:00', '--job-id', '124', '--raw', '--subdir', 'DAGS_FOLDER/flight_price_analysis_dag.py', '--cfg-path', '/tmp/tmpz37ny9em']
[2026-02-09T09:51:39.773+0200] {standard_task_runner.py:88} INFO - Job 124: Subtask run_pipeline
[2026-02-09T09:51:39.809+0200] {task_command.py:423} INFO - Running <TaskInstance: flight_price_analysis.run_pipeline manual__2026-02-09T07:51:36.478232+00:00 [running]> on host Patricks-bot.
[2026-02-09T09:51:39.853+0200] {taskinstance.py:2480} INFO - Exporting env vars: AIRFLOW_CTX_DAG_OWNER='airflow' AIRFLOW_CTX_DAG_ID='flight_price_analysis' AIRFLOW_CTX_TASK_ID='run_pipeline' AIRFLOW_CTX_EXECUTION_DATE='2026-02-09T07:51:36.478232+00:00' AIRFLOW_CTX_TRY_NUMBER='1' AIRFLOW_CTX_DAG_RUN_ID='manual__2026-02-09T07:51:36.478232+00:00'
[2026-02-09T09:51:39.854+0200] {logging_mixin.py:188} INFO - [EXTRACT] Starting extraction...
[2026-02-09T09:51:39.976+0200] {logging_mixin.py:188} INFO - [EXTRACT] rows extracted: 57000
[2026-02-09T09:51:39.977+0200] {logging_mixin.py:188} INFO - [EXTRACT] Data sample BEFORE validation:
[2026-02-09T09:51:39.988+0200] {logging_mixin.py:188} INFO -               Airline Source                           Source Name Destination  ... Tax & Surcharge (BDT) Total Fare (BDT)      Seasonality  Days Before Departure
0  Malaysian Airlines    CXB                   Cox's Bazar Airport         CCU  ...           5169.683753     26300.908775          Regular                     10
1      Cathay Pacific    BZL                       Barisal Airport         CGP  ...            200.000000     11805.395471          Regular                     14
2     British Airways    ZYL  Osmani International Airport, Sylhet         KUL  ...          11982.374902     51864.874251  Winter Holidays                     83
3  Singapore Airlines    RJH        Shah Makhdum Airport, Rajshahi         DAC  ...            200.000000      4635.607340          Regular                     56
4     British Airways    SPD                       Saidpur Airport         YYZ  ...          14886.570922     74130.377068          Regular                     90

[5 rows x 17 columns]
[2026-02-09T09:51:39.988+0200] {logging_mixin.py:188} INFO - [EXTRACT] rows extracted: 57000
[2026-02-09T09:51:39.988+0200] {logging_mixin.py:188} INFO - [VALIDATE] Running validation...
[2026-02-09T09:51:40.030+0200] {logging_mixin.py:188} INFO - [VALIDATE] Rows before validation: 57000
[2026-02-09T09:51:40.030+0200] {logging_mixin.py:188} INFO - [VALIDATE] Rows after validation: 57000
[2026-02-09T09:51:40.032+0200] {logging_mixin.py:188} INFO - [VALIDATE] Rows after validation: 57000
[2026-02-09T09:51:40.037+0200] {taskinstance.py:2698} ERROR - Task failed with exception
Traceback (most recent call last):
  File "/home/pazzoti/de-upskilling/airflow-flight-price-analysis/venv/lib/python3.10/site-packages/airflow/models/taskinstance.py", line 433, in _execute_task
    result = execute_callable(context=context, **execute_callable_kwargs)
  File "/home/pazzoti/de-upskilling/airflow-flight-price-analysis/venv/lib/python3.10/site-packages/airflow/operators/python.py", line 199, in execute
    return_value = self.execute_callable()
  File "/home/pazzoti/de-upskilling/airflow-flight-price-analysis/venv/lib/python3.10/site-packages/airflow/operators/python.py", line 216, in execute_callable
    return self.python_callable(*self.op_args, **self.op_kwargs)
  File "/home/pazzoti/de-upskilling/airflow-flight-price-analysis/airflow/dags/flight_price_analysis_dag.py", line 33, in run_pipeline
    load_to_mysql(df, table_name="flight_prices_raw")
  File "/home/pazzoti/de-upskilling/airflow-flight-price-analysis/src/load_mysql.py", line 26, in load_to_mysql
    engine = get_mysql_engine()
  File "/home/pazzoti/de-upskilling/airflow-flight-price-analysis/src/load_mysql.py", line 16, in get_mysql_engine
    return create_engine(
  File "<string>", line 2, in create_engine
  File "/home/pazzoti/de-upskilling/airflow-flight-price-analysis/venv/lib/python3.10/site-packages/sqlalchemy/util/deprecations.py", line 375, in warned
    return fn(*args, **kwargs)
  File "/home/pazzoti/de-upskilling/airflow-flight-price-analysis/venv/lib/python3.10/site-packages/sqlalchemy/engine/create.py", line 544, in create_engine
    dbapi = dialect_cls.dbapi(**dbapi_args)
  File "/home/pazzoti/de-upskilling/airflow-flight-price-analysis/venv/lib/python3.10/site-packages/sqlalchemy/dialects/mysql/pymysql.py", line 80, in dbapi
    return __import__("pymysql")
ModuleNotFoundError: No module named 'pymysql'
[2026-02-09T09:51:40.047+0200] {taskinstance.py:1138} INFO - Marking task as FAILED. dag_id=flight_price_analysis, task_id=run_pipeline, execution_date=20260209T075136, start_date=20260209T075139, end_date=20260209T075140
[2026-02-09T09:51:40.056+0200] {standard_task_runner.py:107} ERROR - Failed to execute job 124 for task run_pipeline (No module named 'pymysql'; 265866)
[2026-02-09T09:51:40.067+0200] {local_task_job_runner.py:234} INFO - Task exited with return code 1
[2026-02-09T09:51:40.074+0200] {taskinstance.py:3280} INFO - 0 downstream tasks scheduled from follow-on schedule check
