[2026-02-06T09:57:28.626+0200] {taskinstance.py:1956} INFO - Dependencies all met for dep_context=non-requeueable deps ti=<TaskInstance: flight_price_analysis.run_pipeline manual__2026-02-06T07:57:25.419785+00:00 [queued]>
[2026-02-06T09:57:28.629+0200] {taskinstance.py:1956} INFO - Dependencies all met for dep_context=requeueable deps ti=<TaskInstance: flight_price_analysis.run_pipeline manual__2026-02-06T07:57:25.419785+00:00 [queued]>
[2026-02-06T09:57:28.629+0200] {taskinstance.py:2170} INFO - Starting attempt 1 of 1
[2026-02-06T09:57:28.640+0200] {taskinstance.py:2191} INFO - Executing <Task(PythonOperator): run_pipeline> on 2026-02-06 07:57:25.419785+00:00
[2026-02-06T09:57:28.643+0200] {standard_task_runner.py:60} INFO - Started process 14485 to run task
[2026-02-06T09:57:28.645+0200] {standard_task_runner.py:87} INFO - Running: ['airflow', 'tasks', 'run', 'flight_price_analysis', 'run_pipeline', 'manual__2026-02-06T07:57:25.419785+00:00', '--job-id', '33', '--raw', '--subdir', 'DAGS_FOLDER/flight_price_analysis_dag.py', '--cfg-path', '/tmp/tmpeggb1k4r']
[2026-02-06T09:57:28.646+0200] {standard_task_runner.py:88} INFO - Job 33: Subtask run_pipeline
[2026-02-06T09:57:28.678+0200] {task_command.py:423} INFO - Running <TaskInstance: flight_price_analysis.run_pipeline manual__2026-02-06T07:57:25.419785+00:00 [running]> on host Patricks-bot.
[2026-02-06T09:57:28.718+0200] {taskinstance.py:2480} INFO - Exporting env vars: AIRFLOW_CTX_DAG_OWNER='airflow' AIRFLOW_CTX_DAG_ID='flight_price_analysis' AIRFLOW_CTX_TASK_ID='run_pipeline' AIRFLOW_CTX_EXECUTION_DATE='2026-02-06T07:57:25.419785+00:00' AIRFLOW_CTX_TRY_NUMBER='1' AIRFLOW_CTX_DAG_RUN_ID='manual__2026-02-06T07:57:25.419785+00:00'
[2026-02-06T09:57:28.719+0200] {taskinstance.py:2698} ERROR - Task failed with exception
Traceback (most recent call last):
  File "/home/pazzoti/de-upskilling/airflow-flight-price-analysis/venv/lib/python3.10/site-packages/airflow/models/taskinstance.py", line 433, in _execute_task
    result = execute_callable(context=context, **execute_callable_kwargs)
  File "/home/pazzoti/de-upskilling/airflow-flight-price-analysis/venv/lib/python3.10/site-packages/airflow/operators/python.py", line 199, in execute
    return_value = self.execute_callable()
  File "/home/pazzoti/de-upskilling/airflow-flight-price-analysis/venv/lib/python3.10/site-packages/airflow/operators/python.py", line 216, in execute_callable
    return self.python_callable(*self.op_args, **self.op_kwargs)
  File "/home/pazzoti/de-upskilling/airflow-flight-price-analysis/airflow/dags/flight_price_analysis_dag.py", line 21, in run_pipeline
    df = extract_flight_data()
  File "/home/pazzoti/de-upskilling/airflow-flight-price-analysis/src/extract.py", line 13, in extract_flight_data
    raise FileNotFoundError(f"Input CSV not found: {INPUT_CSV}")
FileNotFoundError: Input CSV not found: /home/pazzoti/de-upskilling/data/Flight_Price_Dataset_of_Bangladesh.csv
[2026-02-06T09:57:28.721+0200] {taskinstance.py:1138} INFO - Marking task as FAILED. dag_id=flight_price_analysis, task_id=run_pipeline, execution_date=20260206T075725, start_date=20260206T075728, end_date=20260206T075728
[2026-02-06T09:57:28.730+0200] {standard_task_runner.py:107} ERROR - Failed to execute job 33 for task run_pipeline (Input CSV not found: /home/pazzoti/de-upskilling/data/Flight_Price_Dataset_of_Bangladesh.csv; 14485)
[2026-02-06T09:57:28.738+0200] {local_task_job_runner.py:234} INFO - Task exited with return code 1
[2026-02-06T09:57:28.744+0200] {taskinstance.py:3280} INFO - 0 downstream tasks scheduled from follow-on schedule check
