[2026-02-06T09:11:34.176+0200] {taskinstance.py:1956} INFO - Dependencies all met for dep_context=non-requeueable deps ti=<TaskInstance: flight_price_analysis.run_pipeline manual__2026-02-06T07:11:28.015942+00:00 [queued]>
[2026-02-06T09:11:34.187+0200] {taskinstance.py:1956} INFO - Dependencies all met for dep_context=requeueable deps ti=<TaskInstance: flight_price_analysis.run_pipeline manual__2026-02-06T07:11:28.015942+00:00 [queued]>
[2026-02-06T09:11:34.188+0200] {taskinstance.py:2170} INFO - Starting attempt 1 of 1
[2026-02-06T09:11:34.211+0200] {taskinstance.py:2191} INFO - Executing <Task(PythonOperator): run_pipeline> on 2026-02-06 07:11:28.015942+00:00
[2026-02-06T09:11:34.215+0200] {standard_task_runner.py:60} INFO - Started process 7908 to run task
[2026-02-06T09:11:34.228+0200] {standard_task_runner.py:87} INFO - Running: ['airflow', 'tasks', 'run', 'flight_price_analysis', 'run_pipeline', 'manual__2026-02-06T07:11:28.015942+00:00', '--job-id', '31', '--raw', '--subdir', 'DAGS_FOLDER/flight_price_analysis_dag.py', '--cfg-path', '/tmp/tmpf3c2fhbf']
[2026-02-06T09:11:34.229+0200] {standard_task_runner.py:88} INFO - Job 31: Subtask run_pipeline
[2026-02-06T09:11:34.418+0200] {task_command.py:423} INFO - Running <TaskInstance: flight_price_analysis.run_pipeline manual__2026-02-06T07:11:28.015942+00:00 [running]> on host Patricks-bot.
[2026-02-06T09:11:34.581+0200] {taskinstance.py:2480} INFO - Exporting env vars: AIRFLOW_CTX_DAG_OWNER='airflow' AIRFLOW_CTX_DAG_ID='flight_price_analysis' AIRFLOW_CTX_TASK_ID='run_pipeline' AIRFLOW_CTX_EXECUTION_DATE='2026-02-06T07:11:28.015942+00:00' AIRFLOW_CTX_TRY_NUMBER='1' AIRFLOW_CTX_DAG_RUN_ID='manual__2026-02-06T07:11:28.015942+00:00'
[2026-02-06T09:11:35.841+0200] {taskinstance.py:2698} ERROR - Task failed with exception
Traceback (most recent call last):
  File "/home/pazzoti/de-upskilling/airflow-flight-price-analysis/venv/lib/python3.10/site-packages/airflow/models/taskinstance.py", line 433, in _execute_task
    result = execute_callable(context=context, **execute_callable_kwargs)
  File "/home/pazzoti/de-upskilling/airflow-flight-price-analysis/venv/lib/python3.10/site-packages/airflow/operators/python.py", line 199, in execute
    return_value = self.execute_callable()
  File "/home/pazzoti/de-upskilling/airflow-flight-price-analysis/venv/lib/python3.10/site-packages/airflow/operators/python.py", line 216, in execute_callable
    return self.python_callable(*self.op_args, **self.op_kwargs)
  File "/home/pazzoti/de-upskilling/airflow-flight-price-analysis/airflow/dags/flight_price_analysis_dag.py", line 21, in run_pipeline
    df = validate_data(df)
  File "/home/pazzoti/de-upskilling/airflow-flight-price-analysis/src/validate.py", line 34, in validate_data
    raise ValueError(f"Missing required columns: {missing}")
ValueError: Missing required columns: ['source_city', 'destination_city', 'departure_time', 'stops', 'arrival_time', 'duration', 'days_left', 'price']
[2026-02-06T09:11:35.847+0200] {taskinstance.py:1138} INFO - Marking task as FAILED. dag_id=flight_price_analysis, task_id=run_pipeline, execution_date=20260206T071128, start_date=20260206T071134, end_date=20260206T071135
[2026-02-06T09:11:35.868+0200] {standard_task_runner.py:107} ERROR - Failed to execute job 31 for task run_pipeline (Missing required columns: ['source_city', 'destination_city', 'departure_time', 'stops', 'arrival_time', 'duration', 'days_left', 'price']; 7908)
[2026-02-06T09:11:35.894+0200] {local_task_job_runner.py:234} INFO - Task exited with return code 1
[2026-02-06T09:11:35.912+0200] {taskinstance.py:3280} INFO - 0 downstream tasks scheduled from follow-on schedule check
