[[34m2026-02-06T10:48:23.712+0200[0m] {[34mtask_context_logger.py:[0m63} INFO[0m - Task context logging is enabled[0m
[[34m2026-02-06T10:48:23.713+0200[0m] {[34mexecutor_loader.py:[0m115} INFO[0m - Loaded executor: SequentialExecutor[0m
[[34m2026-02-06T10:48:23.742+0200[0m] {[34mscheduler_job_runner.py:[0m808} INFO[0m - Starting the scheduler[0m
[[34m2026-02-06T10:48:23.742+0200[0m] {[34mscheduler_job_runner.py:[0m815} INFO[0m - Processing each file at most -1 times[0m
[[34m2026-02-06T10:48:23.747+0200[0m] {[34mmanager.py:[0m169} INFO[0m - Launched DagFileProcessorManager with pid: 24513[0m
[[34m2026-02-06T10:48:23.748+0200[0m] {[34mscheduler_job_runner.py:[0m1619} INFO[0m - Adopting or resetting orphaned tasks for active dag runs[0m
[[34m2026-02-06T10:48:23.750+0200[0m] {[34msettings.py:[0m60} INFO[0m - Configured default timezone UTC[0m
[2026-02-06T10:48:23.763+0200] {manager.py:392} WARNING - Because we cannot use more than 1 thread (parsing_processes = 2) when using sqlite. So we set parallelism to 1.
[[34m2026-02-06T10:51:35.357+0200[0m] {[34mscheduler_job_runner.py:[0m424} INFO[0m - 1 tasks up for execution:
	<TaskInstance: flight_price_analysis.run_pipeline manual__2026-02-06T08:51:34.231019+00:00 [scheduled]>[0m
[[34m2026-02-06T10:51:35.357+0200[0m] {[34mscheduler_job_runner.py:[0m487} INFO[0m - DAG flight_price_analysis has 0/16 running and queued tasks[0m
[[34m2026-02-06T10:51:35.357+0200[0m] {[34mscheduler_job_runner.py:[0m603} INFO[0m - Setting the following tasks to queued state:
	<TaskInstance: flight_price_analysis.run_pipeline manual__2026-02-06T08:51:34.231019+00:00 [scheduled]>[0m
[[34m2026-02-06T10:51:35.358+0200[0m] {[34mtaskinstance.py:[0m2260} WARNING[0m - cannot record scheduled_duration for task run_pipeline because previous state change time has not been saved[0m
[[34m2026-02-06T10:51:35.359+0200[0m] {[34mscheduler_job_runner.py:[0m646} INFO[0m - Sending TaskInstanceKey(dag_id='flight_price_analysis', task_id='run_pipeline', run_id='manual__2026-02-06T08:51:34.231019+00:00', try_number=1, map_index=-1) to executor with priority 1 and queue default[0m
[[34m2026-02-06T10:51:35.359+0200[0m] {[34mbase_executor.py:[0m146} INFO[0m - Adding to queue: ['airflow', 'tasks', 'run', 'flight_price_analysis', 'run_pipeline', 'manual__2026-02-06T08:51:34.231019+00:00', '--local', '--subdir', 'DAGS_FOLDER/flight_price_analysis_dag.py'][0m
[[34m2026-02-06T10:51:35.365+0200[0m] {[34msequential_executor.py:[0m73} INFO[0m - Executing command: ['airflow', 'tasks', 'run', 'flight_price_analysis', 'run_pipeline', 'manual__2026-02-06T08:51:34.231019+00:00', '--local', '--subdir', 'DAGS_FOLDER/flight_price_analysis_dag.py'][0m
[[34m2026-02-06T10:51:36.164+0200[0m] {[34mdagbag.py:[0m538} INFO[0m - Filling up the DagBag from /home/pazzoti/de-upskilling/airflow-flight-price-analysis/airflow/dags/flight_price_analysis_dag.py[0m
[[34m2026-02-06T10:51:36.599+0200[0m] {[34mexample_kubernetes_executor.py:[0m38} WARNING[0m - The example_kubernetes_executor example DAG requires the kubernetes provider. Please install it with: pip install apache-airflow[cncf.kubernetes][0m
[[34m2026-02-06T10:51:36.619+0200[0m] {[34mexample_local_kubernetes_executor.py:[0m39} WARNING[0m - Could not import DAGs in example_local_kubernetes_executor.py[0m
Traceback (most recent call last):
  File "/home/pazzoti/de-upskilling/airflow-flight-price-analysis/venv/lib/python3.10/site-packages/airflow/example_dags/example_local_kubernetes_executor.py", line 37, in <module>
    from kubernetes.client import models as k8s
ModuleNotFoundError: No module named 'kubernetes'
[[34m2026-02-06T10:51:36.620+0200[0m] {[34mexample_local_kubernetes_executor.py:[0m40} WARNING[0m - Install Kubernetes dependencies with: pip install apache-airflow[cncf.kubernetes][0m
Changing /home/pazzoti/de-upskilling/airflow-flight-price-analysis/airflow/logs/dag_id=flight_price_analysis/run_id=manual__2026-02-06T08:51:34.231019+00:00/task_id=run_pipeline permission to 509
[[34m2026-02-06T10:51:36.777+0200[0m] {[34mtask_command.py:[0m423} INFO[0m - Running <TaskInstance: flight_price_analysis.run_pipeline manual__2026-02-06T08:51:34.231019+00:00 [queued]> on host Patricks-bot.[0m
[[34m2026-02-06T10:51:37.829+0200[0m] {[34mscheduler_job_runner.py:[0m696} INFO[0m - Received executor event with state success for task instance TaskInstanceKey(dag_id='flight_price_analysis', task_id='run_pipeline', run_id='manual__2026-02-06T08:51:34.231019+00:00', try_number=1, map_index=-1)[0m
[[34m2026-02-06T10:51:37.834+0200[0m] {[34mscheduler_job_runner.py:[0m733} INFO[0m - TaskInstance Finished: dag_id=flight_price_analysis, task_id=run_pipeline, run_id=manual__2026-02-06T08:51:34.231019+00:00, map_index=-1, run_start_date=2026-02-06 08:51:36.812843+00:00, run_end_date=2026-02-06 08:51:37.430051+00:00, run_duration=0.617208, state=failed, executor_state=success, try_number=1, max_tries=0, job_id=44, pool=default_pool, queue=default, priority_weight=1, operator=PythonOperator, queued_dttm=2026-02-06 08:51:35.357927+00:00, queued_by_job_id=43, pid=25172[0m
[[34m2026-02-06T10:51:37.980+0200[0m] {[34mdagrun.py:[0m711} ERROR[0m - Marking run <DagRun flight_price_analysis @ 2026-02-06 08:51:34.231019+00:00: manual__2026-02-06T08:51:34.231019+00:00, state:running, queued_at: 2026-02-06 08:51:34.239552+00:00. externally triggered: True> failed[0m
[[34m2026-02-06T10:51:37.980+0200[0m] {[34mdagrun.py:[0m783} INFO[0m - DagRun Finished: dag_id=flight_price_analysis, execution_date=2026-02-06 08:51:34.231019+00:00, run_id=manual__2026-02-06T08:51:34.231019+00:00, run_start_date=2026-02-06 08:51:35.301661+00:00, run_end_date=2026-02-06 08:51:37.980706+00:00, run_duration=2.679045, state=failed, external_trigger=True, run_type=manual, data_interval_start=2026-02-05 00:00:00+00:00, data_interval_end=2026-02-06 00:00:00+00:00, dag_hash=8987358b8cbc5b1bbd6e3e990978dcdf[0m
[[34m2026-02-06T10:53:23.879+0200[0m] {[34mscheduler_job_runner.py:[0m1619} INFO[0m - Adopting or resetting orphaned tasks for active dag runs[0m
[[34m2026-02-06T10:53:24.280+0200[0m] {[34mscheduler_job_runner.py:[0m258} INFO[0m - Exiting gracefully upon receiving signal 15[0m
[[34m2026-02-06T10:53:24.433+0200[0m] {[34mprocess_utils.py:[0m131} INFO[0m - Sending Signals.SIGTERM to group 24513. PIDs of all processes in the group: [][0m
[[34m2026-02-06T10:53:24.433+0200[0m] {[34mprocess_utils.py:[0m86} INFO[0m - Sending the signal Signals.SIGTERM to group 24513[0m
[[34m2026-02-06T10:53:24.434+0200[0m] {[34mprocess_utils.py:[0m100} INFO[0m - Sending the signal Signals.SIGTERM to process 24513 as process group is missing.[0m
[[34m2026-02-06T10:53:24.436+0200[0m] {[34mprocess_utils.py:[0m131} INFO[0m - Sending Signals.SIGTERM to group 24513. PIDs of all processes in the group: [][0m
[[34m2026-02-06T10:53:24.436+0200[0m] {[34mprocess_utils.py:[0m86} INFO[0m - Sending the signal Signals.SIGTERM to group 24513[0m
[[34m2026-02-06T10:53:24.436+0200[0m] {[34mprocess_utils.py:[0m100} INFO[0m - Sending the signal Signals.SIGTERM to process 24513 as process group is missing.[0m
[[34m2026-02-06T10:53:24.436+0200[0m] {[34mscheduler_job_runner.py:[0m884} INFO[0m - Exited execute loop[0m
