[2026-02-06T09:01:47.138+0200] {processor.py:161} INFO - Started process (PID=4473) to work on /home/pazzoti/de-upskilling/airflow-flight-price-analysis/venv/lib/python3.10/site-packages/airflow/example_dags/subdags/subdag.py
[2026-02-06T09:01:47.138+0200] {processor.py:830} INFO - Processing file /home/pazzoti/de-upskilling/airflow-flight-price-analysis/venv/lib/python3.10/site-packages/airflow/example_dags/subdags/subdag.py for tasks to queue
[2026-02-06T09:01:47.139+0200] {logging_mixin.py:188} INFO - [2026-02-06T09:01:47.138+0200] {dagbag.py:538} INFO - Filling up the DagBag from /home/pazzoti/de-upskilling/airflow-flight-price-analysis/venv/lib/python3.10/site-packages/airflow/example_dags/subdags/subdag.py
[2026-02-06T09:01:47.140+0200] {processor.py:842} WARNING - No viable dags retrieved from /home/pazzoti/de-upskilling/airflow-flight-price-analysis/venv/lib/python3.10/site-packages/airflow/example_dags/subdags/subdag.py
[2026-02-06T09:01:47.146+0200] {processor.py:183} INFO - Processing /home/pazzoti/de-upskilling/airflow-flight-price-analysis/venv/lib/python3.10/site-packages/airflow/example_dags/subdags/subdag.py took 0.011 seconds
[2026-02-06T09:02:44.356+0200] {processor.py:161} INFO - Started process (PID=4958) to work on /home/pazzoti/de-upskilling/airflow-flight-price-analysis/venv/lib/python3.10/site-packages/airflow/example_dags/subdags/subdag.py
[2026-02-06T09:02:44.360+0200] {processor.py:830} INFO - Processing file /home/pazzoti/de-upskilling/airflow-flight-price-analysis/venv/lib/python3.10/site-packages/airflow/example_dags/subdags/subdag.py for tasks to queue
[2026-02-06T09:02:44.361+0200] {logging_mixin.py:188} INFO - [2026-02-06T09:02:44.361+0200] {dagbag.py:538} INFO - Filling up the DagBag from /home/pazzoti/de-upskilling/airflow-flight-price-analysis/venv/lib/python3.10/site-packages/airflow/example_dags/subdags/subdag.py
[2026-02-06T09:02:44.362+0200] {processor.py:842} WARNING - No viable dags retrieved from /home/pazzoti/de-upskilling/airflow-flight-price-analysis/venv/lib/python3.10/site-packages/airflow/example_dags/subdags/subdag.py
[2026-02-06T09:02:44.370+0200] {processor.py:183} INFO - Processing /home/pazzoti/de-upskilling/airflow-flight-price-analysis/venv/lib/python3.10/site-packages/airflow/example_dags/subdags/subdag.py took 0.016 seconds
[2026-02-06T09:03:36.206+0200] {processor.py:161} INFO - Started process (PID=5194) to work on /home/pazzoti/de-upskilling/airflow-flight-price-analysis/venv/lib/python3.10/site-packages/airflow/example_dags/subdags/subdag.py
[2026-02-06T09:03:36.208+0200] {processor.py:830} INFO - Processing file /home/pazzoti/de-upskilling/airflow-flight-price-analysis/venv/lib/python3.10/site-packages/airflow/example_dags/subdags/subdag.py for tasks to queue
[2026-02-06T09:03:36.208+0200] {logging_mixin.py:188} INFO - [2026-02-06T09:03:36.208+0200] {dagbag.py:538} INFO - Filling up the DagBag from /home/pazzoti/de-upskilling/airflow-flight-price-analysis/venv/lib/python3.10/site-packages/airflow/example_dags/subdags/subdag.py
[2026-02-06T09:03:36.210+0200] {processor.py:842} WARNING - No viable dags retrieved from /home/pazzoti/de-upskilling/airflow-flight-price-analysis/venv/lib/python3.10/site-packages/airflow/example_dags/subdags/subdag.py
[2026-02-06T09:03:36.221+0200] {processor.py:183} INFO - Processing /home/pazzoti/de-upskilling/airflow-flight-price-analysis/venv/lib/python3.10/site-packages/airflow/example_dags/subdags/subdag.py took 0.017 seconds
[2026-02-06T09:04:30.528+0200] {processor.py:161} INFO - Started process (PID=5444) to work on /home/pazzoti/de-upskilling/airflow-flight-price-analysis/venv/lib/python3.10/site-packages/airflow/example_dags/subdags/subdag.py
[2026-02-06T09:04:30.535+0200] {processor.py:830} INFO - Processing file /home/pazzoti/de-upskilling/airflow-flight-price-analysis/venv/lib/python3.10/site-packages/airflow/example_dags/subdags/subdag.py for tasks to queue
[2026-02-06T09:04:30.536+0200] {logging_mixin.py:188} INFO - [2026-02-06T09:04:30.536+0200] {dagbag.py:538} INFO - Filling up the DagBag from /home/pazzoti/de-upskilling/airflow-flight-price-analysis/venv/lib/python3.10/site-packages/airflow/example_dags/subdags/subdag.py
[2026-02-06T09:04:30.538+0200] {processor.py:842} WARNING - No viable dags retrieved from /home/pazzoti/de-upskilling/airflow-flight-price-analysis/venv/lib/python3.10/site-packages/airflow/example_dags/subdags/subdag.py
[2026-02-06T09:04:30.545+0200] {processor.py:183} INFO - Processing /home/pazzoti/de-upskilling/airflow-flight-price-analysis/venv/lib/python3.10/site-packages/airflow/example_dags/subdags/subdag.py took 0.019 seconds
[2026-02-06T09:05:26.235+0200] {processor.py:161} INFO - Started process (PID=5731) to work on /home/pazzoti/de-upskilling/airflow-flight-price-analysis/venv/lib/python3.10/site-packages/airflow/example_dags/subdags/subdag.py
[2026-02-06T09:05:26.236+0200] {processor.py:830} INFO - Processing file /home/pazzoti/de-upskilling/airflow-flight-price-analysis/venv/lib/python3.10/site-packages/airflow/example_dags/subdags/subdag.py for tasks to queue
[2026-02-06T09:05:26.237+0200] {logging_mixin.py:188} INFO - [2026-02-06T09:05:26.237+0200] {dagbag.py:538} INFO - Filling up the DagBag from /home/pazzoti/de-upskilling/airflow-flight-price-analysis/venv/lib/python3.10/site-packages/airflow/example_dags/subdags/subdag.py
[2026-02-06T09:05:26.239+0200] {processor.py:842} WARNING - No viable dags retrieved from /home/pazzoti/de-upskilling/airflow-flight-price-analysis/venv/lib/python3.10/site-packages/airflow/example_dags/subdags/subdag.py
[2026-02-06T09:05:26.246+0200] {processor.py:183} INFO - Processing /home/pazzoti/de-upskilling/airflow-flight-price-analysis/venv/lib/python3.10/site-packages/airflow/example_dags/subdags/subdag.py took 0.015 seconds
[2026-02-06T09:06:21.115+0200] {processor.py:161} INFO - Started process (PID=6012) to work on /home/pazzoti/de-upskilling/airflow-flight-price-analysis/venv/lib/python3.10/site-packages/airflow/example_dags/subdags/subdag.py
[2026-02-06T09:06:21.117+0200] {processor.py:830} INFO - Processing file /home/pazzoti/de-upskilling/airflow-flight-price-analysis/venv/lib/python3.10/site-packages/airflow/example_dags/subdags/subdag.py for tasks to queue
[2026-02-06T09:06:21.117+0200] {logging_mixin.py:188} INFO - [2026-02-06T09:06:21.117+0200] {dagbag.py:538} INFO - Filling up the DagBag from /home/pazzoti/de-upskilling/airflow-flight-price-analysis/venv/lib/python3.10/site-packages/airflow/example_dags/subdags/subdag.py
[2026-02-06T09:06:21.119+0200] {processor.py:842} WARNING - No viable dags retrieved from /home/pazzoti/de-upskilling/airflow-flight-price-analysis/venv/lib/python3.10/site-packages/airflow/example_dags/subdags/subdag.py
[2026-02-06T09:06:21.125+0200] {processor.py:183} INFO - Processing /home/pazzoti/de-upskilling/airflow-flight-price-analysis/venv/lib/python3.10/site-packages/airflow/example_dags/subdags/subdag.py took 0.012 seconds
[2026-02-06T09:07:17.035+0200] {processor.py:161} INFO - Started process (PID=6332) to work on /home/pazzoti/de-upskilling/airflow-flight-price-analysis/venv/lib/python3.10/site-packages/airflow/example_dags/subdags/subdag.py
[2026-02-06T09:07:17.039+0200] {processor.py:830} INFO - Processing file /home/pazzoti/de-upskilling/airflow-flight-price-analysis/venv/lib/python3.10/site-packages/airflow/example_dags/subdags/subdag.py for tasks to queue
[2026-02-06T09:07:17.040+0200] {logging_mixin.py:188} INFO - [2026-02-06T09:07:17.040+0200] {dagbag.py:538} INFO - Filling up the DagBag from /home/pazzoti/de-upskilling/airflow-flight-price-analysis/venv/lib/python3.10/site-packages/airflow/example_dags/subdags/subdag.py
[2026-02-06T09:07:17.044+0200] {processor.py:842} WARNING - No viable dags retrieved from /home/pazzoti/de-upskilling/airflow-flight-price-analysis/venv/lib/python3.10/site-packages/airflow/example_dags/subdags/subdag.py
[2026-02-06T09:07:17.061+0200] {processor.py:183} INFO - Processing /home/pazzoti/de-upskilling/airflow-flight-price-analysis/venv/lib/python3.10/site-packages/airflow/example_dags/subdags/subdag.py took 0.031 seconds
[2026-02-06T09:08:10.985+0200] {processor.py:161} INFO - Started process (PID=6585) to work on /home/pazzoti/de-upskilling/airflow-flight-price-analysis/venv/lib/python3.10/site-packages/airflow/example_dags/subdags/subdag.py
[2026-02-06T09:08:10.987+0200] {processor.py:830} INFO - Processing file /home/pazzoti/de-upskilling/airflow-flight-price-analysis/venv/lib/python3.10/site-packages/airflow/example_dags/subdags/subdag.py for tasks to queue
[2026-02-06T09:08:10.987+0200] {logging_mixin.py:188} INFO - [2026-02-06T09:08:10.987+0200] {dagbag.py:538} INFO - Filling up the DagBag from /home/pazzoti/de-upskilling/airflow-flight-price-analysis/venv/lib/python3.10/site-packages/airflow/example_dags/subdags/subdag.py
[2026-02-06T09:08:10.989+0200] {processor.py:842} WARNING - No viable dags retrieved from /home/pazzoti/de-upskilling/airflow-flight-price-analysis/venv/lib/python3.10/site-packages/airflow/example_dags/subdags/subdag.py
[2026-02-06T09:08:10.996+0200] {processor.py:183} INFO - Processing /home/pazzoti/de-upskilling/airflow-flight-price-analysis/venv/lib/python3.10/site-packages/airflow/example_dags/subdags/subdag.py took 0.013 seconds
[2026-02-06T09:09:05.756+0200] {processor.py:161} INFO - Started process (PID=6829) to work on /home/pazzoti/de-upskilling/airflow-flight-price-analysis/venv/lib/python3.10/site-packages/airflow/example_dags/subdags/subdag.py
[2026-02-06T09:09:05.758+0200] {processor.py:830} INFO - Processing file /home/pazzoti/de-upskilling/airflow-flight-price-analysis/venv/lib/python3.10/site-packages/airflow/example_dags/subdags/subdag.py for tasks to queue
[2026-02-06T09:09:05.759+0200] {logging_mixin.py:188} INFO - [2026-02-06T09:09:05.759+0200] {dagbag.py:538} INFO - Filling up the DagBag from /home/pazzoti/de-upskilling/airflow-flight-price-analysis/venv/lib/python3.10/site-packages/airflow/example_dags/subdags/subdag.py
[2026-02-06T09:09:05.761+0200] {processor.py:842} WARNING - No viable dags retrieved from /home/pazzoti/de-upskilling/airflow-flight-price-analysis/venv/lib/python3.10/site-packages/airflow/example_dags/subdags/subdag.py
[2026-02-06T09:09:05.768+0200] {processor.py:183} INFO - Processing /home/pazzoti/de-upskilling/airflow-flight-price-analysis/venv/lib/python3.10/site-packages/airflow/example_dags/subdags/subdag.py took 0.016 seconds
[2026-02-06T09:11:53.879+0200] {processor.py:161} INFO - Started process (PID=8091) to work on /home/pazzoti/de-upskilling/airflow-flight-price-analysis/venv/lib/python3.10/site-packages/airflow/example_dags/subdags/subdag.py
[2026-02-06T09:11:53.880+0200] {processor.py:830} INFO - Processing file /home/pazzoti/de-upskilling/airflow-flight-price-analysis/venv/lib/python3.10/site-packages/airflow/example_dags/subdags/subdag.py for tasks to queue
[2026-02-06T09:11:53.884+0200] {logging_mixin.py:188} INFO - [2026-02-06T09:11:53.884+0200] {dagbag.py:538} INFO - Filling up the DagBag from /home/pazzoti/de-upskilling/airflow-flight-price-analysis/venv/lib/python3.10/site-packages/airflow/example_dags/subdags/subdag.py
[2026-02-06T09:11:53.887+0200] {processor.py:842} WARNING - No viable dags retrieved from /home/pazzoti/de-upskilling/airflow-flight-price-analysis/venv/lib/python3.10/site-packages/airflow/example_dags/subdags/subdag.py
[2026-02-06T09:11:53.905+0200] {processor.py:183} INFO - Processing /home/pazzoti/de-upskilling/airflow-flight-price-analysis/venv/lib/python3.10/site-packages/airflow/example_dags/subdags/subdag.py took 0.030 seconds
[2026-02-06T09:12:43.473+0200] {processor.py:161} INFO - Started process (PID=8374) to work on /home/pazzoti/de-upskilling/airflow-flight-price-analysis/venv/lib/python3.10/site-packages/airflow/example_dags/subdags/subdag.py
[2026-02-06T09:12:43.475+0200] {processor.py:830} INFO - Processing file /home/pazzoti/de-upskilling/airflow-flight-price-analysis/venv/lib/python3.10/site-packages/airflow/example_dags/subdags/subdag.py for tasks to queue
[2026-02-06T09:12:43.476+0200] {logging_mixin.py:188} INFO - [2026-02-06T09:12:43.475+0200] {dagbag.py:538} INFO - Filling up the DagBag from /home/pazzoti/de-upskilling/airflow-flight-price-analysis/venv/lib/python3.10/site-packages/airflow/example_dags/subdags/subdag.py
[2026-02-06T09:12:43.478+0200] {processor.py:842} WARNING - No viable dags retrieved from /home/pazzoti/de-upskilling/airflow-flight-price-analysis/venv/lib/python3.10/site-packages/airflow/example_dags/subdags/subdag.py
[2026-02-06T09:12:43.486+0200] {processor.py:183} INFO - Processing /home/pazzoti/de-upskilling/airflow-flight-price-analysis/venv/lib/python3.10/site-packages/airflow/example_dags/subdags/subdag.py took 0.016 seconds
[2026-02-06T09:13:38.255+0200] {processor.py:161} INFO - Started process (PID=8638) to work on /home/pazzoti/de-upskilling/airflow-flight-price-analysis/venv/lib/python3.10/site-packages/airflow/example_dags/subdags/subdag.py
[2026-02-06T09:13:38.257+0200] {processor.py:830} INFO - Processing file /home/pazzoti/de-upskilling/airflow-flight-price-analysis/venv/lib/python3.10/site-packages/airflow/example_dags/subdags/subdag.py for tasks to queue
[2026-02-06T09:13:38.257+0200] {logging_mixin.py:188} INFO - [2026-02-06T09:13:38.257+0200] {dagbag.py:538} INFO - Filling up the DagBag from /home/pazzoti/de-upskilling/airflow-flight-price-analysis/venv/lib/python3.10/site-packages/airflow/example_dags/subdags/subdag.py
[2026-02-06T09:13:38.259+0200] {processor.py:842} WARNING - No viable dags retrieved from /home/pazzoti/de-upskilling/airflow-flight-price-analysis/venv/lib/python3.10/site-packages/airflow/example_dags/subdags/subdag.py
[2026-02-06T09:13:38.266+0200] {processor.py:183} INFO - Processing /home/pazzoti/de-upskilling/airflow-flight-price-analysis/venv/lib/python3.10/site-packages/airflow/example_dags/subdags/subdag.py took 0.014 seconds
[2026-02-06T09:14:32.615+0200] {processor.py:161} INFO - Started process (PID=8878) to work on /home/pazzoti/de-upskilling/airflow-flight-price-analysis/venv/lib/python3.10/site-packages/airflow/example_dags/subdags/subdag.py
[2026-02-06T09:14:32.616+0200] {processor.py:830} INFO - Processing file /home/pazzoti/de-upskilling/airflow-flight-price-analysis/venv/lib/python3.10/site-packages/airflow/example_dags/subdags/subdag.py for tasks to queue
[2026-02-06T09:14:32.617+0200] {logging_mixin.py:188} INFO - [2026-02-06T09:14:32.617+0200] {dagbag.py:538} INFO - Filling up the DagBag from /home/pazzoti/de-upskilling/airflow-flight-price-analysis/venv/lib/python3.10/site-packages/airflow/example_dags/subdags/subdag.py
[2026-02-06T09:14:32.619+0200] {processor.py:842} WARNING - No viable dags retrieved from /home/pazzoti/de-upskilling/airflow-flight-price-analysis/venv/lib/python3.10/site-packages/airflow/example_dags/subdags/subdag.py
[2026-02-06T09:14:32.626+0200] {processor.py:183} INFO - Processing /home/pazzoti/de-upskilling/airflow-flight-price-analysis/venv/lib/python3.10/site-packages/airflow/example_dags/subdags/subdag.py took 0.013 seconds
[2026-02-06T09:15:29.514+0200] {processor.py:161} INFO - Started process (PID=9147) to work on /home/pazzoti/de-upskilling/airflow-flight-price-analysis/venv/lib/python3.10/site-packages/airflow/example_dags/subdags/subdag.py
[2026-02-06T09:15:29.525+0200] {processor.py:830} INFO - Processing file /home/pazzoti/de-upskilling/airflow-flight-price-analysis/venv/lib/python3.10/site-packages/airflow/example_dags/subdags/subdag.py for tasks to queue
[2026-02-06T09:15:29.526+0200] {logging_mixin.py:188} INFO - [2026-02-06T09:15:29.526+0200] {dagbag.py:538} INFO - Filling up the DagBag from /home/pazzoti/de-upskilling/airflow-flight-price-analysis/venv/lib/python3.10/site-packages/airflow/example_dags/subdags/subdag.py
[2026-02-06T09:15:29.530+0200] {processor.py:842} WARNING - No viable dags retrieved from /home/pazzoti/de-upskilling/airflow-flight-price-analysis/venv/lib/python3.10/site-packages/airflow/example_dags/subdags/subdag.py
[2026-02-06T09:15:29.539+0200] {processor.py:183} INFO - Processing /home/pazzoti/de-upskilling/airflow-flight-price-analysis/venv/lib/python3.10/site-packages/airflow/example_dags/subdags/subdag.py took 0.028 seconds
[2026-02-06T09:16:18.814+0200] {processor.py:161} INFO - Started process (PID=9398) to work on /home/pazzoti/de-upskilling/airflow-flight-price-analysis/venv/lib/python3.10/site-packages/airflow/example_dags/subdags/subdag.py
[2026-02-06T09:16:18.816+0200] {processor.py:830} INFO - Processing file /home/pazzoti/de-upskilling/airflow-flight-price-analysis/venv/lib/python3.10/site-packages/airflow/example_dags/subdags/subdag.py for tasks to queue
[2026-02-06T09:16:18.818+0200] {logging_mixin.py:188} INFO - [2026-02-06T09:16:18.817+0200] {dagbag.py:538} INFO - Filling up the DagBag from /home/pazzoti/de-upskilling/airflow-flight-price-analysis/venv/lib/python3.10/site-packages/airflow/example_dags/subdags/subdag.py
[2026-02-06T09:16:18.821+0200] {processor.py:842} WARNING - No viable dags retrieved from /home/pazzoti/de-upskilling/airflow-flight-price-analysis/venv/lib/python3.10/site-packages/airflow/example_dags/subdags/subdag.py
[2026-02-06T09:16:18.829+0200] {processor.py:183} INFO - Processing /home/pazzoti/de-upskilling/airflow-flight-price-analysis/venv/lib/python3.10/site-packages/airflow/example_dags/subdags/subdag.py took 0.020 seconds
[2026-02-06T09:17:11.231+0200] {processor.py:161} INFO - Started process (PID=9651) to work on /home/pazzoti/de-upskilling/airflow-flight-price-analysis/venv/lib/python3.10/site-packages/airflow/example_dags/subdags/subdag.py
[2026-02-06T09:17:11.232+0200] {processor.py:830} INFO - Processing file /home/pazzoti/de-upskilling/airflow-flight-price-analysis/venv/lib/python3.10/site-packages/airflow/example_dags/subdags/subdag.py for tasks to queue
[2026-02-06T09:17:11.233+0200] {logging_mixin.py:188} INFO - [2026-02-06T09:17:11.233+0200] {dagbag.py:538} INFO - Filling up the DagBag from /home/pazzoti/de-upskilling/airflow-flight-price-analysis/venv/lib/python3.10/site-packages/airflow/example_dags/subdags/subdag.py
[2026-02-06T09:17:11.235+0200] {processor.py:842} WARNING - No viable dags retrieved from /home/pazzoti/de-upskilling/airflow-flight-price-analysis/venv/lib/python3.10/site-packages/airflow/example_dags/subdags/subdag.py
[2026-02-06T09:17:11.243+0200] {processor.py:183} INFO - Processing /home/pazzoti/de-upskilling/airflow-flight-price-analysis/venv/lib/python3.10/site-packages/airflow/example_dags/subdags/subdag.py took 0.016 seconds
[2026-02-06T09:29:48.277+0200] {processor.py:161} INFO - Started process (PID=9924) to work on /home/pazzoti/de-upskilling/airflow-flight-price-analysis/venv/lib/python3.10/site-packages/airflow/example_dags/subdags/subdag.py
[2026-02-06T09:29:48.279+0200] {processor.py:830} INFO - Processing file /home/pazzoti/de-upskilling/airflow-flight-price-analysis/venv/lib/python3.10/site-packages/airflow/example_dags/subdags/subdag.py for tasks to queue
[2026-02-06T09:29:48.281+0200] {logging_mixin.py:188} INFO - [2026-02-06T09:29:48.280+0200] {dagbag.py:538} INFO - Filling up the DagBag from /home/pazzoti/de-upskilling/airflow-flight-price-analysis/venv/lib/python3.10/site-packages/airflow/example_dags/subdags/subdag.py
[2026-02-06T09:29:48.283+0200] {processor.py:842} WARNING - No viable dags retrieved from /home/pazzoti/de-upskilling/airflow-flight-price-analysis/venv/lib/python3.10/site-packages/airflow/example_dags/subdags/subdag.py
[2026-02-06T09:29:48.296+0200] {processor.py:183} INFO - Processing /home/pazzoti/de-upskilling/airflow-flight-price-analysis/venv/lib/python3.10/site-packages/airflow/example_dags/subdags/subdag.py took 0.022 seconds
[2026-02-06T09:30:52.267+0200] {processor.py:161} INFO - Started process (PID=10041) to work on /home/pazzoti/de-upskilling/airflow-flight-price-analysis/venv/lib/python3.10/site-packages/airflow/example_dags/subdags/subdag.py
[2026-02-06T09:30:52.271+0200] {processor.py:830} INFO - Processing file /home/pazzoti/de-upskilling/airflow-flight-price-analysis/venv/lib/python3.10/site-packages/airflow/example_dags/subdags/subdag.py for tasks to queue
[2026-02-06T09:30:52.272+0200] {logging_mixin.py:188} INFO - [2026-02-06T09:30:52.272+0200] {dagbag.py:538} INFO - Filling up the DagBag from /home/pazzoti/de-upskilling/airflow-flight-price-analysis/venv/lib/python3.10/site-packages/airflow/example_dags/subdags/subdag.py
[2026-02-06T09:30:52.276+0200] {processor.py:842} WARNING - No viable dags retrieved from /home/pazzoti/de-upskilling/airflow-flight-price-analysis/venv/lib/python3.10/site-packages/airflow/example_dags/subdags/subdag.py
[2026-02-06T09:30:52.289+0200] {processor.py:183} INFO - Processing /home/pazzoti/de-upskilling/airflow-flight-price-analysis/venv/lib/python3.10/site-packages/airflow/example_dags/subdags/subdag.py took 0.025 seconds
[2026-02-06T09:31:50.183+0200] {processor.py:161} INFO - Started process (PID=10138) to work on /home/pazzoti/de-upskilling/airflow-flight-price-analysis/venv/lib/python3.10/site-packages/airflow/example_dags/subdags/subdag.py
[2026-02-06T09:31:50.191+0200] {processor.py:830} INFO - Processing file /home/pazzoti/de-upskilling/airflow-flight-price-analysis/venv/lib/python3.10/site-packages/airflow/example_dags/subdags/subdag.py for tasks to queue
[2026-02-06T09:31:50.191+0200] {logging_mixin.py:188} INFO - [2026-02-06T09:31:50.191+0200] {dagbag.py:538} INFO - Filling up the DagBag from /home/pazzoti/de-upskilling/airflow-flight-price-analysis/venv/lib/python3.10/site-packages/airflow/example_dags/subdags/subdag.py
[2026-02-06T09:31:50.193+0200] {processor.py:842} WARNING - No viable dags retrieved from /home/pazzoti/de-upskilling/airflow-flight-price-analysis/venv/lib/python3.10/site-packages/airflow/example_dags/subdags/subdag.py
[2026-02-06T09:31:50.199+0200] {processor.py:183} INFO - Processing /home/pazzoti/de-upskilling/airflow-flight-price-analysis/venv/lib/python3.10/site-packages/airflow/example_dags/subdags/subdag.py took 0.018 seconds
[2026-02-06T09:32:45.381+0200] {processor.py:161} INFO - Started process (PID=10277) to work on /home/pazzoti/de-upskilling/airflow-flight-price-analysis/venv/lib/python3.10/site-packages/airflow/example_dags/subdags/subdag.py
[2026-02-06T09:32:45.388+0200] {processor.py:830} INFO - Processing file /home/pazzoti/de-upskilling/airflow-flight-price-analysis/venv/lib/python3.10/site-packages/airflow/example_dags/subdags/subdag.py for tasks to queue
[2026-02-06T09:32:45.389+0200] {logging_mixin.py:188} INFO - [2026-02-06T09:32:45.389+0200] {dagbag.py:538} INFO - Filling up the DagBag from /home/pazzoti/de-upskilling/airflow-flight-price-analysis/venv/lib/python3.10/site-packages/airflow/example_dags/subdags/subdag.py
[2026-02-06T09:32:45.390+0200] {processor.py:842} WARNING - No viable dags retrieved from /home/pazzoti/de-upskilling/airflow-flight-price-analysis/venv/lib/python3.10/site-packages/airflow/example_dags/subdags/subdag.py
[2026-02-06T09:32:45.398+0200] {processor.py:183} INFO - Processing /home/pazzoti/de-upskilling/airflow-flight-price-analysis/venv/lib/python3.10/site-packages/airflow/example_dags/subdags/subdag.py took 0.019 seconds
[2026-02-06T09:33:59.714+0200] {processor.py:161} INFO - Started process (PID=10387) to work on /home/pazzoti/de-upskilling/airflow-flight-price-analysis/venv/lib/python3.10/site-packages/airflow/example_dags/subdags/subdag.py
[2026-02-06T09:33:59.715+0200] {processor.py:830} INFO - Processing file /home/pazzoti/de-upskilling/airflow-flight-price-analysis/venv/lib/python3.10/site-packages/airflow/example_dags/subdags/subdag.py for tasks to queue
[2026-02-06T09:33:59.717+0200] {logging_mixin.py:188} INFO - [2026-02-06T09:33:59.716+0200] {dagbag.py:538} INFO - Filling up the DagBag from /home/pazzoti/de-upskilling/airflow-flight-price-analysis/venv/lib/python3.10/site-packages/airflow/example_dags/subdags/subdag.py
[2026-02-06T09:33:59.718+0200] {processor.py:842} WARNING - No viable dags retrieved from /home/pazzoti/de-upskilling/airflow-flight-price-analysis/venv/lib/python3.10/site-packages/airflow/example_dags/subdags/subdag.py
[2026-02-06T09:33:59.730+0200] {processor.py:183} INFO - Processing /home/pazzoti/de-upskilling/airflow-flight-price-analysis/venv/lib/python3.10/site-packages/airflow/example_dags/subdags/subdag.py took 0.022 seconds
[2026-02-06T09:34:57.717+0200] {processor.py:161} INFO - Started process (PID=10523) to work on /home/pazzoti/de-upskilling/airflow-flight-price-analysis/venv/lib/python3.10/site-packages/airflow/example_dags/subdags/subdag.py
[2026-02-06T09:34:57.723+0200] {processor.py:830} INFO - Processing file /home/pazzoti/de-upskilling/airflow-flight-price-analysis/venv/lib/python3.10/site-packages/airflow/example_dags/subdags/subdag.py for tasks to queue
[2026-02-06T09:34:57.724+0200] {logging_mixin.py:188} INFO - [2026-02-06T09:34:57.724+0200] {dagbag.py:538} INFO - Filling up the DagBag from /home/pazzoti/de-upskilling/airflow-flight-price-analysis/venv/lib/python3.10/site-packages/airflow/example_dags/subdags/subdag.py
[2026-02-06T09:34:57.726+0200] {processor.py:842} WARNING - No viable dags retrieved from /home/pazzoti/de-upskilling/airflow-flight-price-analysis/venv/lib/python3.10/site-packages/airflow/example_dags/subdags/subdag.py
[2026-02-06T09:34:57.734+0200] {processor.py:183} INFO - Processing /home/pazzoti/de-upskilling/airflow-flight-price-analysis/venv/lib/python3.10/site-packages/airflow/example_dags/subdags/subdag.py took 0.019 seconds
