[2026-02-06T20:15:25.671+0200] {taskinstance.py:1956} INFO - Dependencies all met for dep_context=non-requeueable deps ti=<TaskInstance: flight_price_analysis.run_pipeline manual__2026-02-06T18:15:22.653648+00:00 [queued]>
[2026-02-06T20:15:25.674+0200] {taskinstance.py:1956} INFO - Dependencies all met for dep_context=requeueable deps ti=<TaskInstance: flight_price_analysis.run_pipeline manual__2026-02-06T18:15:22.653648+00:00 [queued]>
[2026-02-06T20:15:25.675+0200] {taskinstance.py:2170} INFO - Starting attempt 1 of 1
[2026-02-06T20:15:25.684+0200] {taskinstance.py:2191} INFO - Executing <Task(PythonOperator): run_pipeline> on 2026-02-06 18:15:22.653648+00:00
[2026-02-06T20:15:25.686+0200] {standard_task_runner.py:60} INFO - Started process 121698 to run task
[2026-02-06T20:15:25.690+0200] {standard_task_runner.py:87} INFO - Running: ['airflow', 'tasks', 'run', 'flight_price_analysis', 'run_pipeline', 'manual__2026-02-06T18:15:22.653648+00:00', '--job-id', '93', '--raw', '--subdir', 'DAGS_FOLDER/flight_price_analysis_dag.py', '--cfg-path', '/tmp/tmpn2wa3_n3']
[2026-02-06T20:15:25.690+0200] {standard_task_runner.py:88} INFO - Job 93: Subtask run_pipeline
[2026-02-06T20:15:25.719+0200] {task_command.py:423} INFO - Running <TaskInstance: flight_price_analysis.run_pipeline manual__2026-02-06T18:15:22.653648+00:00 [running]> on host Patricks-bot.
[2026-02-06T20:15:25.761+0200] {taskinstance.py:2480} INFO - Exporting env vars: AIRFLOW_CTX_DAG_OWNER='airflow' AIRFLOW_CTX_DAG_ID='flight_price_analysis' AIRFLOW_CTX_TASK_ID='run_pipeline' AIRFLOW_CTX_EXECUTION_DATE='2026-02-06T18:15:22.653648+00:00' AIRFLOW_CTX_TRY_NUMBER='1' AIRFLOW_CTX_DAG_RUN_ID='manual__2026-02-06T18:15:22.653648+00:00'
[2026-02-06T20:15:25.762+0200] {logging_mixin.py:188} INFO - [EXTRACT] Starting extraction...
[2026-02-06T20:15:25.894+0200] {logging_mixin.py:188} INFO - [EXTRACT] rows extracted: 57000
[2026-02-06T20:15:25.895+0200] {logging_mixin.py:188} INFO - [EXTRACT] Data sample BEFORE validation:
[2026-02-06T20:15:25.905+0200] {logging_mixin.py:188} INFO -               Airline Source                           Source Name Destination  ... Tax & Surcharge (BDT) Total Fare (BDT)      Seasonality  Days Before Departure
0  Malaysian Airlines    CXB                   Cox's Bazar Airport         CCU  ...           5169.683753     26300.908775          Regular                     10
1      Cathay Pacific    BZL                       Barisal Airport         CGP  ...            200.000000     11805.395471          Regular                     14
2     British Airways    ZYL  Osmani International Airport, Sylhet         KUL  ...          11982.374902     51864.874251  Winter Holidays                     83
3  Singapore Airlines    RJH        Shah Makhdum Airport, Rajshahi         DAC  ...            200.000000      4635.607340          Regular                     56
4     British Airways    SPD                       Saidpur Airport         YYZ  ...          14886.570922     74130.377068          Regular                     90

[5 rows x 17 columns]
[2026-02-06T20:15:25.905+0200] {logging_mixin.py:188} INFO - [VALIDATE] Running validation...
[2026-02-06T20:15:25.951+0200] {logging_mixin.py:188} INFO - [VALIDATE] Rows before validation: 57000
[2026-02-06T20:15:25.952+0200] {logging_mixin.py:188} INFO - [VALIDATE] Rows after validation: 57000
[2026-02-06T20:15:25.977+0200] {taskinstance.py:2698} ERROR - Task failed with exception
Traceback (most recent call last):
  File "/home/pazzoti/de-upskilling/airflow-flight-price-analysis/venv/lib/python3.10/site-packages/mysql/connector/connection_cext.py", line 354, in _open_connection
    self._cmysql.connect(**cnx_kwargs)
_mysql_connector.MySQLInterfaceError: Access denied for user 'root'@'localhost' (using password: YES)

The above exception was the direct cause of the following exception:

Traceback (most recent call last):
  File "/home/pazzoti/de-upskilling/airflow-flight-price-analysis/venv/lib/python3.10/site-packages/airflow/models/taskinstance.py", line 433, in _execute_task
    result = execute_callable(context=context, **execute_callable_kwargs)
  File "/home/pazzoti/de-upskilling/airflow-flight-price-analysis/venv/lib/python3.10/site-packages/airflow/operators/python.py", line 199, in execute
    return_value = self.execute_callable()
  File "/home/pazzoti/de-upskilling/airflow-flight-price-analysis/venv/lib/python3.10/site-packages/airflow/operators/python.py", line 216, in execute_callable
    return self.python_callable(*self.op_args, **self.op_kwargs)
  File "/home/pazzoti/de-upskilling/airflow-flight-price-analysis/airflow/dags/flight_price_analysis_dag.py", line 51, in run_pipeline
    load_raw_mysql(df)
  File "/home/pazzoti/de-upskilling/airflow-flight-price-analysis/airflow/dags/flight_price_analysis_dag.py", line 26, in load_raw_mysql
    conn = mysql.connector.connect(
  File "/home/pazzoti/de-upskilling/airflow-flight-price-analysis/venv/lib/python3.10/site-packages/mysql/connector/pooling.py", line 322, in connect
    return CMySQLConnection(*args, **kwargs)
  File "/home/pazzoti/de-upskilling/airflow-flight-price-analysis/venv/lib/python3.10/site-packages/mysql/connector/connection_cext.py", line 142, in __init__
    self.connect(**kwargs)
  File "/home/pazzoti/de-upskilling/airflow-flight-price-analysis/venv/lib/python3.10/site-packages/mysql/connector/abstracts.py", line 1604, in connect
    self._open_connection()
  File "/home/pazzoti/de-upskilling/airflow-flight-price-analysis/venv/lib/python3.10/site-packages/mysql/connector/connection_cext.py", line 360, in _open_connection
    raise get_mysql_exception(
mysql.connector.errors.ProgrammingError: 1045 (28000): Access denied for user 'root'@'localhost' (using password: YES)
[2026-02-06T20:15:25.980+0200] {taskinstance.py:1138} INFO - Marking task as FAILED. dag_id=flight_price_analysis, task_id=run_pipeline, execution_date=20260206T181522, start_date=20260206T181525, end_date=20260206T181525
[2026-02-06T20:15:25.996+0200] {standard_task_runner.py:107} ERROR - Failed to execute job 93 for task run_pipeline (1045 (28000): Access denied for user 'root'@'localhost' (using password: YES); 121698)
[2026-02-06T20:15:26.023+0200] {local_task_job_runner.py:234} INFO - Task exited with return code 1
[2026-02-06T20:15:26.031+0200] {taskinstance.py:3280} INFO - 0 downstream tasks scheduled from follow-on schedule check
