[2026-02-06T09:00:58.229+0200] {processor.py:161} INFO - Started process (PID=3960) to work on /home/pazzoti/de-upskilling/airflow-flight-price-analysis/airflow/dags/flight_price_analysis_dag.py
[2026-02-06T09:00:58.229+0200] {processor.py:830} INFO - Processing file /home/pazzoti/de-upskilling/airflow-flight-price-analysis/airflow/dags/flight_price_analysis_dag.py for tasks to queue
[2026-02-06T09:00:58.230+0200] {logging_mixin.py:188} INFO - [2026-02-06T09:00:58.230+0200] {dagbag.py:538} INFO - Filling up the DagBag from /home/pazzoti/de-upskilling/airflow-flight-price-analysis/airflow/dags/flight_price_analysis_dag.py
[2026-02-06T09:00:58.879+0200] {processor.py:840} INFO - DAG(s) 'flight_price_analysis' retrieved from /home/pazzoti/de-upskilling/airflow-flight-price-analysis/airflow/dags/flight_price_analysis_dag.py
[2026-02-06T09:00:58.912+0200] {logging_mixin.py:188} INFO - [2026-02-06T09:00:58.912+0200] {dag.py:3036} INFO - Sync 1 DAGs
[2026-02-06T09:00:58.932+0200] {logging_mixin.py:188} INFO - [2026-02-06T09:00:58.931+0200] {dag.py:3823} INFO - Setting next_dagrun for flight_price_analysis to 2026-02-05 00:00:00+00:00, run_after=2026-02-06 00:00:00+00:00
[2026-02-06T09:00:59.019+0200] {processor.py:183} INFO - Processing /home/pazzoti/de-upskilling/airflow-flight-price-analysis/airflow/dags/flight_price_analysis_dag.py took 0.793 seconds
[2026-02-06T09:01:50.949+0200] {processor.py:161} INFO - Started process (PID=4491) to work on /home/pazzoti/de-upskilling/airflow-flight-price-analysis/airflow/dags/flight_price_analysis_dag.py
[2026-02-06T09:01:50.951+0200] {processor.py:830} INFO - Processing file /home/pazzoti/de-upskilling/airflow-flight-price-analysis/airflow/dags/flight_price_analysis_dag.py for tasks to queue
[2026-02-06T09:01:50.951+0200] {logging_mixin.py:188} INFO - [2026-02-06T09:01:50.951+0200] {dagbag.py:538} INFO - Filling up the DagBag from /home/pazzoti/de-upskilling/airflow-flight-price-analysis/airflow/dags/flight_price_analysis_dag.py
[2026-02-06T09:01:51.268+0200] {processor.py:840} INFO - DAG(s) 'flight_price_analysis' retrieved from /home/pazzoti/de-upskilling/airflow-flight-price-analysis/airflow/dags/flight_price_analysis_dag.py
[2026-02-06T09:01:51.284+0200] {logging_mixin.py:188} INFO - [2026-02-06T09:01:51.283+0200] {dag.py:3036} INFO - Sync 1 DAGs
[2026-02-06T09:01:51.453+0200] {logging_mixin.py:188} INFO - [2026-02-06T09:01:51.453+0200] {dag.py:3823} INFO - Setting next_dagrun for flight_price_analysis to 2026-02-06 00:00:00+00:00, run_after=2026-02-07 00:00:00+00:00
[2026-02-06T09:01:51.475+0200] {processor.py:183} INFO - Processing /home/pazzoti/de-upskilling/airflow-flight-price-analysis/airflow/dags/flight_price_analysis_dag.py took 0.528 seconds
[2026-02-06T09:02:31.942+0200] {processor.py:161} INFO - Started process (PID=4886) to work on /home/pazzoti/de-upskilling/airflow-flight-price-analysis/airflow/dags/flight_price_analysis_dag.py
[2026-02-06T09:02:31.943+0200] {processor.py:830} INFO - Processing file /home/pazzoti/de-upskilling/airflow-flight-price-analysis/airflow/dags/flight_price_analysis_dag.py for tasks to queue
[2026-02-06T09:02:31.944+0200] {logging_mixin.py:188} INFO - [2026-02-06T09:02:31.944+0200] {dagbag.py:538} INFO - Filling up the DagBag from /home/pazzoti/de-upskilling/airflow-flight-price-analysis/airflow/dags/flight_price_analysis_dag.py
[2026-02-06T09:02:32.201+0200] {processor.py:840} INFO - DAG(s) 'flight_price_analysis' retrieved from /home/pazzoti/de-upskilling/airflow-flight-price-analysis/airflow/dags/flight_price_analysis_dag.py
[2026-02-06T09:02:32.215+0200] {logging_mixin.py:188} INFO - [2026-02-06T09:02:32.214+0200] {dag.py:3036} INFO - Sync 1 DAGs
[2026-02-06T09:02:32.232+0200] {logging_mixin.py:188} INFO - [2026-02-06T09:02:32.232+0200] {dag.py:3823} INFO - Setting next_dagrun for flight_price_analysis to 2026-02-06 00:00:00+00:00, run_after=2026-02-07 00:00:00+00:00
[2026-02-06T09:02:32.347+0200] {processor.py:183} INFO - Processing /home/pazzoti/de-upskilling/airflow-flight-price-analysis/airflow/dags/flight_price_analysis_dag.py took 0.407 seconds
[2026-02-06T09:03:03.934+0200] {processor.py:161} INFO - Started process (PID=5036) to work on /home/pazzoti/de-upskilling/airflow-flight-price-analysis/airflow/dags/flight_price_analysis_dag.py
[2026-02-06T09:03:03.935+0200] {processor.py:830} INFO - Processing file /home/pazzoti/de-upskilling/airflow-flight-price-analysis/airflow/dags/flight_price_analysis_dag.py for tasks to queue
[2026-02-06T09:03:03.936+0200] {logging_mixin.py:188} INFO - [2026-02-06T09:03:03.936+0200] {dagbag.py:538} INFO - Filling up the DagBag from /home/pazzoti/de-upskilling/airflow-flight-price-analysis/airflow/dags/flight_price_analysis_dag.py
[2026-02-06T09:03:04.233+0200] {processor.py:840} INFO - DAG(s) 'flight_price_analysis' retrieved from /home/pazzoti/de-upskilling/airflow-flight-price-analysis/airflow/dags/flight_price_analysis_dag.py
[2026-02-06T09:03:04.243+0200] {logging_mixin.py:188} INFO - [2026-02-06T09:03:04.243+0200] {dag.py:3036} INFO - Sync 1 DAGs
[2026-02-06T09:03:04.351+0200] {logging_mixin.py:188} INFO - [2026-02-06T09:03:04.350+0200] {dag.py:3823} INFO - Setting next_dagrun for flight_price_analysis to 2026-02-06 00:00:00+00:00, run_after=2026-02-07 00:00:00+00:00
[2026-02-06T09:03:04.376+0200] {processor.py:183} INFO - Processing /home/pazzoti/de-upskilling/airflow-flight-price-analysis/airflow/dags/flight_price_analysis_dag.py took 0.444 seconds
[2026-02-06T09:03:40.021+0200] {processor.py:161} INFO - Started process (PID=5210) to work on /home/pazzoti/de-upskilling/airflow-flight-price-analysis/airflow/dags/flight_price_analysis_dag.py
[2026-02-06T09:03:40.022+0200] {processor.py:830} INFO - Processing file /home/pazzoti/de-upskilling/airflow-flight-price-analysis/airflow/dags/flight_price_analysis_dag.py for tasks to queue
[2026-02-06T09:03:40.024+0200] {logging_mixin.py:188} INFO - [2026-02-06T09:03:40.023+0200] {dagbag.py:538} INFO - Filling up the DagBag from /home/pazzoti/de-upskilling/airflow-flight-price-analysis/airflow/dags/flight_price_analysis_dag.py
[2026-02-06T09:03:40.353+0200] {processor.py:840} INFO - DAG(s) 'flight_price_analysis' retrieved from /home/pazzoti/de-upskilling/airflow-flight-price-analysis/airflow/dags/flight_price_analysis_dag.py
[2026-02-06T09:03:40.365+0200] {logging_mixin.py:188} INFO - [2026-02-06T09:03:40.365+0200] {dag.py:3036} INFO - Sync 1 DAGs
[2026-02-06T09:03:40.382+0200] {logging_mixin.py:188} INFO - [2026-02-06T09:03:40.382+0200] {dag.py:3823} INFO - Setting next_dagrun for flight_price_analysis to 2026-02-06 00:00:00+00:00, run_after=2026-02-07 00:00:00+00:00
[2026-02-06T09:03:40.508+0200] {processor.py:183} INFO - Processing /home/pazzoti/de-upskilling/airflow-flight-price-analysis/airflow/dags/flight_price_analysis_dag.py took 0.493 seconds
[2026-02-06T09:04:15.107+0200] {processor.py:161} INFO - Started process (PID=5364) to work on /home/pazzoti/de-upskilling/airflow-flight-price-analysis/airflow/dags/flight_price_analysis_dag.py
[2026-02-06T09:04:15.111+0200] {processor.py:830} INFO - Processing file /home/pazzoti/de-upskilling/airflow-flight-price-analysis/airflow/dags/flight_price_analysis_dag.py for tasks to queue
[2026-02-06T09:04:15.112+0200] {logging_mixin.py:188} INFO - [2026-02-06T09:04:15.112+0200] {dagbag.py:538} INFO - Filling up the DagBag from /home/pazzoti/de-upskilling/airflow-flight-price-analysis/airflow/dags/flight_price_analysis_dag.py
[2026-02-06T09:04:15.360+0200] {processor.py:840} INFO - DAG(s) 'flight_price_analysis' retrieved from /home/pazzoti/de-upskilling/airflow-flight-price-analysis/airflow/dags/flight_price_analysis_dag.py
[2026-02-06T09:04:15.474+0200] {logging_mixin.py:188} INFO - [2026-02-06T09:04:15.474+0200] {dag.py:3036} INFO - Sync 1 DAGs
[2026-02-06T09:04:15.486+0200] {logging_mixin.py:188} INFO - [2026-02-06T09:04:15.486+0200] {dag.py:3823} INFO - Setting next_dagrun for flight_price_analysis to 2026-02-06 00:00:00+00:00, run_after=2026-02-07 00:00:00+00:00
[2026-02-06T09:04:15.502+0200] {processor.py:183} INFO - Processing /home/pazzoti/de-upskilling/airflow-flight-price-analysis/airflow/dags/flight_price_analysis_dag.py took 0.398 seconds
[2026-02-06T09:04:53.613+0200] {processor.py:161} INFO - Started process (PID=5543) to work on /home/pazzoti/de-upskilling/airflow-flight-price-analysis/airflow/dags/flight_price_analysis_dag.py
[2026-02-06T09:04:53.617+0200] {processor.py:830} INFO - Processing file /home/pazzoti/de-upskilling/airflow-flight-price-analysis/airflow/dags/flight_price_analysis_dag.py for tasks to queue
[2026-02-06T09:04:53.618+0200] {logging_mixin.py:188} INFO - [2026-02-06T09:04:53.618+0200] {dagbag.py:538} INFO - Filling up the DagBag from /home/pazzoti/de-upskilling/airflow-flight-price-analysis/airflow/dags/flight_price_analysis_dag.py
[2026-02-06T09:04:53.890+0200] {processor.py:840} INFO - DAG(s) 'flight_price_analysis' retrieved from /home/pazzoti/de-upskilling/airflow-flight-price-analysis/airflow/dags/flight_price_analysis_dag.py
[2026-02-06T09:04:53.901+0200] {logging_mixin.py:188} INFO - [2026-02-06T09:04:53.901+0200] {dag.py:3036} INFO - Sync 1 DAGs
[2026-02-06T09:04:53.919+0200] {logging_mixin.py:188} INFO - [2026-02-06T09:04:53.918+0200] {dag.py:3823} INFO - Setting next_dagrun for flight_price_analysis to 2026-02-06 00:00:00+00:00, run_after=2026-02-07 00:00:00+00:00
[2026-02-06T09:04:54.026+0200] {processor.py:183} INFO - Processing /home/pazzoti/de-upskilling/airflow-flight-price-analysis/airflow/dags/flight_price_analysis_dag.py took 0.415 seconds
[2026-02-06T09:05:30.778+0200] {processor.py:161} INFO - Started process (PID=5749) to work on /home/pazzoti/de-upskilling/airflow-flight-price-analysis/airflow/dags/flight_price_analysis_dag.py
[2026-02-06T09:05:30.780+0200] {processor.py:830} INFO - Processing file /home/pazzoti/de-upskilling/airflow-flight-price-analysis/airflow/dags/flight_price_analysis_dag.py for tasks to queue
[2026-02-06T09:05:30.780+0200] {logging_mixin.py:188} INFO - [2026-02-06T09:05:30.780+0200] {dagbag.py:538} INFO - Filling up the DagBag from /home/pazzoti/de-upskilling/airflow-flight-price-analysis/airflow/dags/flight_price_analysis_dag.py
[2026-02-06T09:05:31.022+0200] {processor.py:840} INFO - DAG(s) 'flight_price_analysis' retrieved from /home/pazzoti/de-upskilling/airflow-flight-price-analysis/airflow/dags/flight_price_analysis_dag.py
[2026-02-06T09:05:31.130+0200] {logging_mixin.py:188} INFO - [2026-02-06T09:05:31.130+0200] {dag.py:3036} INFO - Sync 1 DAGs
[2026-02-06T09:05:31.141+0200] {logging_mixin.py:188} INFO - [2026-02-06T09:05:31.141+0200] {dag.py:3823} INFO - Setting next_dagrun for flight_price_analysis to 2026-02-06 00:00:00+00:00, run_after=2026-02-07 00:00:00+00:00
[2026-02-06T09:05:31.158+0200] {processor.py:183} INFO - Processing /home/pazzoti/de-upskilling/airflow-flight-price-analysis/airflow/dags/flight_price_analysis_dag.py took 0.383 seconds
[2026-02-06T09:06:06.970+0200] {processor.py:161} INFO - Started process (PID=5935) to work on /home/pazzoti/de-upskilling/airflow-flight-price-analysis/airflow/dags/flight_price_analysis_dag.py
[2026-02-06T09:06:06.973+0200] {processor.py:830} INFO - Processing file /home/pazzoti/de-upskilling/airflow-flight-price-analysis/airflow/dags/flight_price_analysis_dag.py for tasks to queue
[2026-02-06T09:06:06.975+0200] {logging_mixin.py:188} INFO - [2026-02-06T09:06:06.974+0200] {dagbag.py:538} INFO - Filling up the DagBag from /home/pazzoti/de-upskilling/airflow-flight-price-analysis/airflow/dags/flight_price_analysis_dag.py
[2026-02-06T09:06:07.235+0200] {processor.py:840} INFO - DAG(s) 'flight_price_analysis' retrieved from /home/pazzoti/de-upskilling/airflow-flight-price-analysis/airflow/dags/flight_price_analysis_dag.py
[2026-02-06T09:06:07.246+0200] {logging_mixin.py:188} INFO - [2026-02-06T09:06:07.246+0200] {dag.py:3036} INFO - Sync 1 DAGs
[2026-02-06T09:06:07.361+0200] {logging_mixin.py:188} INFO - [2026-02-06T09:06:07.361+0200] {dag.py:3823} INFO - Setting next_dagrun for flight_price_analysis to 2026-02-06 00:00:00+00:00, run_after=2026-02-07 00:00:00+00:00
[2026-02-06T09:06:07.381+0200] {processor.py:183} INFO - Processing /home/pazzoti/de-upskilling/airflow-flight-price-analysis/airflow/dags/flight_price_analysis_dag.py took 0.414 seconds
[2026-02-06T09:06:43.284+0200] {processor.py:161} INFO - Started process (PID=6106) to work on /home/pazzoti/de-upskilling/airflow-flight-price-analysis/airflow/dags/flight_price_analysis_dag.py
[2026-02-06T09:06:43.286+0200] {processor.py:830} INFO - Processing file /home/pazzoti/de-upskilling/airflow-flight-price-analysis/airflow/dags/flight_price_analysis_dag.py for tasks to queue
[2026-02-06T09:06:43.286+0200] {logging_mixin.py:188} INFO - [2026-02-06T09:06:43.286+0200] {dagbag.py:538} INFO - Filling up the DagBag from /home/pazzoti/de-upskilling/airflow-flight-price-analysis/airflow/dags/flight_price_analysis_dag.py
[2026-02-06T09:06:43.515+0200] {processor.py:840} INFO - DAG(s) 'flight_price_analysis' retrieved from /home/pazzoti/de-upskilling/airflow-flight-price-analysis/airflow/dags/flight_price_analysis_dag.py
[2026-02-06T09:06:43.667+0200] {logging_mixin.py:188} INFO - [2026-02-06T09:06:43.666+0200] {dag.py:3036} INFO - Sync 1 DAGs
[2026-02-06T09:06:43.704+0200] {logging_mixin.py:188} INFO - [2026-02-06T09:06:43.703+0200] {dag.py:3823} INFO - Setting next_dagrun for flight_price_analysis to 2026-02-06 00:00:00+00:00, run_after=2026-02-07 00:00:00+00:00
[2026-02-06T09:06:43.735+0200] {processor.py:183} INFO - Processing /home/pazzoti/de-upskilling/airflow-flight-price-analysis/airflow/dags/flight_price_analysis_dag.py took 0.454 seconds
[2026-02-06T09:07:20.719+0200] {processor.py:161} INFO - Started process (PID=6342) to work on /home/pazzoti/de-upskilling/airflow-flight-price-analysis/airflow/dags/flight_price_analysis_dag.py
[2026-02-06T09:07:20.721+0200] {processor.py:830} INFO - Processing file /home/pazzoti/de-upskilling/airflow-flight-price-analysis/airflow/dags/flight_price_analysis_dag.py for tasks to queue
[2026-02-06T09:07:20.722+0200] {logging_mixin.py:188} INFO - [2026-02-06T09:07:20.721+0200] {dagbag.py:538} INFO - Filling up the DagBag from /home/pazzoti/de-upskilling/airflow-flight-price-analysis/airflow/dags/flight_price_analysis_dag.py
[2026-02-06T09:07:21.163+0200] {processor.py:840} INFO - DAG(s) 'flight_price_analysis' retrieved from /home/pazzoti/de-upskilling/airflow-flight-price-analysis/airflow/dags/flight_price_analysis_dag.py
[2026-02-06T09:07:21.171+0200] {logging_mixin.py:188} INFO - [2026-02-06T09:07:21.171+0200] {dag.py:3036} INFO - Sync 1 DAGs
[2026-02-06T09:07:21.188+0200] {logging_mixin.py:188} INFO - [2026-02-06T09:07:21.188+0200] {dag.py:3823} INFO - Setting next_dagrun for flight_price_analysis to 2026-02-06 00:00:00+00:00, run_after=2026-02-07 00:00:00+00:00
[2026-02-06T09:07:21.206+0200] {processor.py:183} INFO - Processing /home/pazzoti/de-upskilling/airflow-flight-price-analysis/airflow/dags/flight_price_analysis_dag.py took 0.489 seconds
[2026-02-06T09:07:56.708+0200] {processor.py:161} INFO - Started process (PID=6502) to work on /home/pazzoti/de-upskilling/airflow-flight-price-analysis/airflow/dags/flight_price_analysis_dag.py
[2026-02-06T09:07:56.710+0200] {processor.py:830} INFO - Processing file /home/pazzoti/de-upskilling/airflow-flight-price-analysis/airflow/dags/flight_price_analysis_dag.py for tasks to queue
[2026-02-06T09:07:56.711+0200] {logging_mixin.py:188} INFO - [2026-02-06T09:07:56.711+0200] {dagbag.py:538} INFO - Filling up the DagBag from /home/pazzoti/de-upskilling/airflow-flight-price-analysis/airflow/dags/flight_price_analysis_dag.py
[2026-02-06T09:07:57.038+0200] {processor.py:840} INFO - DAG(s) 'flight_price_analysis' retrieved from /home/pazzoti/de-upskilling/airflow-flight-price-analysis/airflow/dags/flight_price_analysis_dag.py
[2026-02-06T09:07:57.048+0200] {logging_mixin.py:188} INFO - [2026-02-06T09:07:57.048+0200] {dag.py:3036} INFO - Sync 1 DAGs
[2026-02-06T09:07:57.062+0200] {logging_mixin.py:188} INFO - [2026-02-06T09:07:57.062+0200] {dag.py:3823} INFO - Setting next_dagrun for flight_price_analysis to 2026-02-06 00:00:00+00:00, run_after=2026-02-07 00:00:00+00:00
[2026-02-06T09:07:57.077+0200] {processor.py:183} INFO - Processing /home/pazzoti/de-upskilling/airflow-flight-price-analysis/airflow/dags/flight_price_analysis_dag.py took 0.371 seconds
[2026-02-06T09:08:32.681+0200] {processor.py:161} INFO - Started process (PID=6674) to work on /home/pazzoti/de-upskilling/airflow-flight-price-analysis/airflow/dags/flight_price_analysis_dag.py
[2026-02-06T09:08:32.682+0200] {processor.py:830} INFO - Processing file /home/pazzoti/de-upskilling/airflow-flight-price-analysis/airflow/dags/flight_price_analysis_dag.py for tasks to queue
[2026-02-06T09:08:32.683+0200] {logging_mixin.py:188} INFO - [2026-02-06T09:08:32.682+0200] {dagbag.py:538} INFO - Filling up the DagBag from /home/pazzoti/de-upskilling/airflow-flight-price-analysis/airflow/dags/flight_price_analysis_dag.py
[2026-02-06T09:08:33.001+0200] {processor.py:840} INFO - DAG(s) 'flight_price_analysis' retrieved from /home/pazzoti/de-upskilling/airflow-flight-price-analysis/airflow/dags/flight_price_analysis_dag.py
[2026-02-06T09:08:33.008+0200] {logging_mixin.py:188} INFO - [2026-02-06T09:08:33.008+0200] {dag.py:3036} INFO - Sync 1 DAGs
[2026-02-06T09:08:33.019+0200] {logging_mixin.py:188} INFO - [2026-02-06T09:08:33.019+0200] {dag.py:3823} INFO - Setting next_dagrun for flight_price_analysis to 2026-02-06 00:00:00+00:00, run_after=2026-02-07 00:00:00+00:00
[2026-02-06T09:08:33.033+0200] {processor.py:183} INFO - Processing /home/pazzoti/de-upskilling/airflow-flight-price-analysis/airflow/dags/flight_price_analysis_dag.py took 0.354 seconds
[2026-02-06T09:09:10.066+0200] {processor.py:161} INFO - Started process (PID=6847) to work on /home/pazzoti/de-upskilling/airflow-flight-price-analysis/airflow/dags/flight_price_analysis_dag.py
[2026-02-06T09:09:10.068+0200] {processor.py:830} INFO - Processing file /home/pazzoti/de-upskilling/airflow-flight-price-analysis/airflow/dags/flight_price_analysis_dag.py for tasks to queue
[2026-02-06T09:09:10.069+0200] {logging_mixin.py:188} INFO - [2026-02-06T09:09:10.069+0200] {dagbag.py:538} INFO - Filling up the DagBag from /home/pazzoti/de-upskilling/airflow-flight-price-analysis/airflow/dags/flight_price_analysis_dag.py
[2026-02-06T09:09:10.502+0200] {processor.py:840} INFO - DAG(s) 'flight_price_analysis' retrieved from /home/pazzoti/de-upskilling/airflow-flight-price-analysis/airflow/dags/flight_price_analysis_dag.py
[2026-02-06T09:09:10.513+0200] {logging_mixin.py:188} INFO - [2026-02-06T09:09:10.513+0200] {dag.py:3036} INFO - Sync 1 DAGs
[2026-02-06T09:09:10.531+0200] {logging_mixin.py:188} INFO - [2026-02-06T09:09:10.531+0200] {dag.py:3823} INFO - Setting next_dagrun for flight_price_analysis to 2026-02-06 00:00:00+00:00, run_after=2026-02-07 00:00:00+00:00
[2026-02-06T09:09:10.553+0200] {processor.py:183} INFO - Processing /home/pazzoti/de-upskilling/airflow-flight-price-analysis/airflow/dags/flight_price_analysis_dag.py took 0.491 seconds
[2026-02-06T09:09:48.972+0200] {processor.py:161} INFO - Started process (PID=7018) to work on /home/pazzoti/de-upskilling/airflow-flight-price-analysis/airflow/dags/flight_price_analysis_dag.py
[2026-02-06T09:09:48.973+0200] {processor.py:830} INFO - Processing file /home/pazzoti/de-upskilling/airflow-flight-price-analysis/airflow/dags/flight_price_analysis_dag.py for tasks to queue
[2026-02-06T09:09:48.974+0200] {logging_mixin.py:188} INFO - [2026-02-06T09:09:48.973+0200] {dagbag.py:538} INFO - Filling up the DagBag from /home/pazzoti/de-upskilling/airflow-flight-price-analysis/airflow/dags/flight_price_analysis_dag.py
[2026-02-06T09:09:49.374+0200] {processor.py:840} INFO - DAG(s) 'flight_price_analysis' retrieved from /home/pazzoti/de-upskilling/airflow-flight-price-analysis/airflow/dags/flight_price_analysis_dag.py
[2026-02-06T09:09:49.383+0200] {logging_mixin.py:188} INFO - [2026-02-06T09:09:49.382+0200] {dag.py:3036} INFO - Sync 1 DAGs
[2026-02-06T09:09:49.399+0200] {logging_mixin.py:188} INFO - [2026-02-06T09:09:49.399+0200] {dag.py:3823} INFO - Setting next_dagrun for flight_price_analysis to 2026-02-06 00:00:00+00:00, run_after=2026-02-07 00:00:00+00:00
[2026-02-06T09:09:49.419+0200] {processor.py:183} INFO - Processing /home/pazzoti/de-upskilling/airflow-flight-price-analysis/airflow/dags/flight_price_analysis_dag.py took 0.450 seconds
[2026-02-06T09:10:45.779+0200] {processor.py:161} INFO - Started process (PID=7399) to work on /home/pazzoti/de-upskilling/airflow-flight-price-analysis/airflow/dags/flight_price_analysis_dag.py
[2026-02-06T09:10:45.781+0200] {processor.py:830} INFO - Processing file /home/pazzoti/de-upskilling/airflow-flight-price-analysis/airflow/dags/flight_price_analysis_dag.py for tasks to queue
[2026-02-06T09:10:45.783+0200] {logging_mixin.py:188} INFO - [2026-02-06T09:10:45.782+0200] {dagbag.py:538} INFO - Filling up the DagBag from /home/pazzoti/de-upskilling/airflow-flight-price-analysis/airflow/dags/flight_price_analysis_dag.py
[2026-02-06T09:10:47.520+0200] {processor.py:840} INFO - DAG(s) 'flight_price_analysis' retrieved from /home/pazzoti/de-upskilling/airflow-flight-price-analysis/airflow/dags/flight_price_analysis_dag.py
[2026-02-06T09:10:47.552+0200] {logging_mixin.py:188} INFO - [2026-02-06T09:10:47.551+0200] {dag.py:3036} INFO - Sync 1 DAGs
[2026-02-06T09:10:47.588+0200] {logging_mixin.py:188} INFO - [2026-02-06T09:10:47.587+0200] {dag.py:3823} INFO - Setting next_dagrun for flight_price_analysis to 2026-02-06 00:00:00+00:00, run_after=2026-02-07 00:00:00+00:00
[2026-02-06T09:10:48.027+0200] {processor.py:183} INFO - Processing /home/pazzoti/de-upskilling/airflow-flight-price-analysis/airflow/dags/flight_price_analysis_dag.py took 2.253 seconds
[2026-02-06T09:11:57.860+0200] {processor.py:161} INFO - Started process (PID=8139) to work on /home/pazzoti/de-upskilling/airflow-flight-price-analysis/airflow/dags/flight_price_analysis_dag.py
[2026-02-06T09:11:57.862+0200] {processor.py:830} INFO - Processing file /home/pazzoti/de-upskilling/airflow-flight-price-analysis/airflow/dags/flight_price_analysis_dag.py for tasks to queue
[2026-02-06T09:11:57.863+0200] {logging_mixin.py:188} INFO - [2026-02-06T09:11:57.863+0200] {dagbag.py:538} INFO - Filling up the DagBag from /home/pazzoti/de-upskilling/airflow-flight-price-analysis/airflow/dags/flight_price_analysis_dag.py
[2026-02-06T09:11:58.360+0200] {processor.py:840} INFO - DAG(s) 'flight_price_analysis' retrieved from /home/pazzoti/de-upskilling/airflow-flight-price-analysis/airflow/dags/flight_price_analysis_dag.py
[2026-02-06T09:11:58.556+0200] {logging_mixin.py:188} INFO - [2026-02-06T09:11:58.555+0200] {dag.py:3036} INFO - Sync 1 DAGs
[2026-02-06T09:11:58.584+0200] {logging_mixin.py:188} INFO - [2026-02-06T09:11:58.584+0200] {dag.py:3823} INFO - Setting next_dagrun for flight_price_analysis to 2026-02-06 00:00:00+00:00, run_after=2026-02-07 00:00:00+00:00
[2026-02-06T09:11:58.624+0200] {processor.py:183} INFO - Processing /home/pazzoti/de-upskilling/airflow-flight-price-analysis/airflow/dags/flight_price_analysis_dag.py took 0.768 seconds
[2026-02-06T09:12:45.710+0200] {processor.py:161} INFO - Started process (PID=8383) to work on /home/pazzoti/de-upskilling/airflow-flight-price-analysis/airflow/dags/flight_price_analysis_dag.py
[2026-02-06T09:12:45.715+0200] {processor.py:830} INFO - Processing file /home/pazzoti/de-upskilling/airflow-flight-price-analysis/airflow/dags/flight_price_analysis_dag.py for tasks to queue
[2026-02-06T09:12:45.716+0200] {logging_mixin.py:188} INFO - [2026-02-06T09:12:45.715+0200] {dagbag.py:538} INFO - Filling up the DagBag from /home/pazzoti/de-upskilling/airflow-flight-price-analysis/airflow/dags/flight_price_analysis_dag.py
[2026-02-06T09:12:46.030+0200] {processor.py:840} INFO - DAG(s) 'flight_price_analysis' retrieved from /home/pazzoti/de-upskilling/airflow-flight-price-analysis/airflow/dags/flight_price_analysis_dag.py
[2026-02-06T09:12:46.040+0200] {logging_mixin.py:188} INFO - [2026-02-06T09:12:46.040+0200] {dag.py:3036} INFO - Sync 1 DAGs
[2026-02-06T09:12:46.146+0200] {logging_mixin.py:188} INFO - [2026-02-06T09:12:46.146+0200] {dag.py:3823} INFO - Setting next_dagrun for flight_price_analysis to 2026-02-06 00:00:00+00:00, run_after=2026-02-07 00:00:00+00:00
[2026-02-06T09:12:46.162+0200] {processor.py:183} INFO - Processing /home/pazzoti/de-upskilling/airflow-flight-price-analysis/airflow/dags/flight_price_analysis_dag.py took 0.454 seconds
[2026-02-06T09:13:22.722+0200] {processor.py:161} INFO - Started process (PID=8547) to work on /home/pazzoti/de-upskilling/airflow-flight-price-analysis/airflow/dags/flight_price_analysis_dag.py
[2026-02-06T09:13:22.724+0200] {processor.py:830} INFO - Processing file /home/pazzoti/de-upskilling/airflow-flight-price-analysis/airflow/dags/flight_price_analysis_dag.py for tasks to queue
[2026-02-06T09:13:22.725+0200] {logging_mixin.py:188} INFO - [2026-02-06T09:13:22.725+0200] {dagbag.py:538} INFO - Filling up the DagBag from /home/pazzoti/de-upskilling/airflow-flight-price-analysis/airflow/dags/flight_price_analysis_dag.py
[2026-02-06T09:13:23.178+0200] {processor.py:840} INFO - DAG(s) 'flight_price_analysis' retrieved from /home/pazzoti/de-upskilling/airflow-flight-price-analysis/airflow/dags/flight_price_analysis_dag.py
[2026-02-06T09:13:23.185+0200] {logging_mixin.py:188} INFO - [2026-02-06T09:13:23.185+0200] {dag.py:3036} INFO - Sync 1 DAGs
[2026-02-06T09:13:23.195+0200] {logging_mixin.py:188} INFO - [2026-02-06T09:13:23.195+0200] {dag.py:3823} INFO - Setting next_dagrun for flight_price_analysis to 2026-02-06 00:00:00+00:00, run_after=2026-02-07 00:00:00+00:00
[2026-02-06T09:13:23.214+0200] {processor.py:183} INFO - Processing /home/pazzoti/de-upskilling/airflow-flight-price-analysis/airflow/dags/flight_price_analysis_dag.py took 0.496 seconds
[2026-02-06T09:13:59.693+0200] {processor.py:161} INFO - Started process (PID=8724) to work on /home/pazzoti/de-upskilling/airflow-flight-price-analysis/airflow/dags/flight_price_analysis_dag.py
[2026-02-06T09:13:59.695+0200] {processor.py:830} INFO - Processing file /home/pazzoti/de-upskilling/airflow-flight-price-analysis/airflow/dags/flight_price_analysis_dag.py for tasks to queue
[2026-02-06T09:13:59.697+0200] {logging_mixin.py:188} INFO - [2026-02-06T09:13:59.696+0200] {dagbag.py:538} INFO - Filling up the DagBag from /home/pazzoti/de-upskilling/airflow-flight-price-analysis/airflow/dags/flight_price_analysis_dag.py
[2026-02-06T09:13:59.977+0200] {processor.py:840} INFO - DAG(s) 'flight_price_analysis' retrieved from /home/pazzoti/de-upskilling/airflow-flight-price-analysis/airflow/dags/flight_price_analysis_dag.py
[2026-02-06T09:13:59.989+0200] {logging_mixin.py:188} INFO - [2026-02-06T09:13:59.989+0200] {dag.py:3036} INFO - Sync 1 DAGs
[2026-02-06T09:14:00.180+0200] {logging_mixin.py:188} INFO - [2026-02-06T09:14:00.179+0200] {dag.py:3823} INFO - Setting next_dagrun for flight_price_analysis to 2026-02-06 00:00:00+00:00, run_after=2026-02-07 00:00:00+00:00
[2026-02-06T09:14:00.204+0200] {processor.py:183} INFO - Processing /home/pazzoti/de-upskilling/airflow-flight-price-analysis/airflow/dags/flight_price_analysis_dag.py took 0.515 seconds
[2026-02-06T09:14:35.666+0200] {processor.py:161} INFO - Started process (PID=8893) to work on /home/pazzoti/de-upskilling/airflow-flight-price-analysis/airflow/dags/flight_price_analysis_dag.py
[2026-02-06T09:14:35.668+0200] {processor.py:830} INFO - Processing file /home/pazzoti/de-upskilling/airflow-flight-price-analysis/airflow/dags/flight_price_analysis_dag.py for tasks to queue
[2026-02-06T09:14:35.668+0200] {logging_mixin.py:188} INFO - [2026-02-06T09:14:35.668+0200] {dagbag.py:538} INFO - Filling up the DagBag from /home/pazzoti/de-upskilling/airflow-flight-price-analysis/airflow/dags/flight_price_analysis_dag.py
[2026-02-06T09:14:35.951+0200] {processor.py:840} INFO - DAG(s) 'flight_price_analysis' retrieved from /home/pazzoti/de-upskilling/airflow-flight-price-analysis/airflow/dags/flight_price_analysis_dag.py
[2026-02-06T09:14:36.047+0200] {logging_mixin.py:188} INFO - [2026-02-06T09:14:36.046+0200] {dag.py:3036} INFO - Sync 1 DAGs
[2026-02-06T09:14:36.058+0200] {logging_mixin.py:188} INFO - [2026-02-06T09:14:36.058+0200] {dag.py:3823} INFO - Setting next_dagrun for flight_price_analysis to 2026-02-06 00:00:00+00:00, run_after=2026-02-07 00:00:00+00:00
[2026-02-06T09:14:36.082+0200] {processor.py:183} INFO - Processing /home/pazzoti/de-upskilling/airflow-flight-price-analysis/airflow/dags/flight_price_analysis_dag.py took 0.419 seconds
[2026-02-06T09:15:13.081+0200] {processor.py:161} INFO - Started process (PID=9059) to work on /home/pazzoti/de-upskilling/airflow-flight-price-analysis/airflow/dags/flight_price_analysis_dag.py
[2026-02-06T09:15:13.082+0200] {processor.py:830} INFO - Processing file /home/pazzoti/de-upskilling/airflow-flight-price-analysis/airflow/dags/flight_price_analysis_dag.py for tasks to queue
[2026-02-06T09:15:13.083+0200] {logging_mixin.py:188} INFO - [2026-02-06T09:15:13.082+0200] {dagbag.py:538} INFO - Filling up the DagBag from /home/pazzoti/de-upskilling/airflow-flight-price-analysis/airflow/dags/flight_price_analysis_dag.py
[2026-02-06T09:15:13.461+0200] {processor.py:840} INFO - DAG(s) 'flight_price_analysis' retrieved from /home/pazzoti/de-upskilling/airflow-flight-price-analysis/airflow/dags/flight_price_analysis_dag.py
[2026-02-06T09:15:13.472+0200] {logging_mixin.py:188} INFO - [2026-02-06T09:15:13.472+0200] {dag.py:3036} INFO - Sync 1 DAGs
[2026-02-06T09:15:13.637+0200] {logging_mixin.py:188} INFO - [2026-02-06T09:15:13.637+0200] {dag.py:3823} INFO - Setting next_dagrun for flight_price_analysis to 2026-02-06 00:00:00+00:00, run_after=2026-02-07 00:00:00+00:00
[2026-02-06T09:15:13.654+0200] {processor.py:183} INFO - Processing /home/pazzoti/de-upskilling/airflow-flight-price-analysis/airflow/dags/flight_price_analysis_dag.py took 0.577 seconds
[2026-02-06T09:15:49.718+0200] {processor.py:161} INFO - Started process (PID=9258) to work on /home/pazzoti/de-upskilling/airflow-flight-price-analysis/airflow/dags/flight_price_analysis_dag.py
[2026-02-06T09:15:49.720+0200] {processor.py:830} INFO - Processing file /home/pazzoti/de-upskilling/airflow-flight-price-analysis/airflow/dags/flight_price_analysis_dag.py for tasks to queue
[2026-02-06T09:15:49.721+0200] {logging_mixin.py:188} INFO - [2026-02-06T09:15:49.720+0200] {dagbag.py:538} INFO - Filling up the DagBag from /home/pazzoti/de-upskilling/airflow-flight-price-analysis/airflow/dags/flight_price_analysis_dag.py
[2026-02-06T09:15:49.971+0200] {processor.py:840} INFO - DAG(s) 'flight_price_analysis' retrieved from /home/pazzoti/de-upskilling/airflow-flight-price-analysis/airflow/dags/flight_price_analysis_dag.py
[2026-02-06T09:15:49.982+0200] {logging_mixin.py:188} INFO - [2026-02-06T09:15:49.982+0200] {dag.py:3036} INFO - Sync 1 DAGs
[2026-02-06T09:15:50.084+0200] {logging_mixin.py:188} INFO - [2026-02-06T09:15:50.084+0200] {dag.py:3823} INFO - Setting next_dagrun for flight_price_analysis to 2026-02-06 00:00:00+00:00, run_after=2026-02-07 00:00:00+00:00
[2026-02-06T09:15:50.103+0200] {processor.py:183} INFO - Processing /home/pazzoti/de-upskilling/airflow-flight-price-analysis/airflow/dags/flight_price_analysis_dag.py took 0.388 seconds
[2026-02-06T09:16:21.479+0200] {processor.py:161} INFO - Started process (PID=9407) to work on /home/pazzoti/de-upskilling/airflow-flight-price-analysis/airflow/dags/flight_price_analysis_dag.py
[2026-02-06T09:16:21.482+0200] {processor.py:830} INFO - Processing file /home/pazzoti/de-upskilling/airflow-flight-price-analysis/airflow/dags/flight_price_analysis_dag.py for tasks to queue
[2026-02-06T09:16:21.483+0200] {logging_mixin.py:188} INFO - [2026-02-06T09:16:21.483+0200] {dagbag.py:538} INFO - Filling up the DagBag from /home/pazzoti/de-upskilling/airflow-flight-price-analysis/airflow/dags/flight_price_analysis_dag.py
[2026-02-06T09:16:21.804+0200] {processor.py:840} INFO - DAG(s) 'flight_price_analysis' retrieved from /home/pazzoti/de-upskilling/airflow-flight-price-analysis/airflow/dags/flight_price_analysis_dag.py
[2026-02-06T09:16:21.814+0200] {logging_mixin.py:188} INFO - [2026-02-06T09:16:21.813+0200] {dag.py:3036} INFO - Sync 1 DAGs
[2026-02-06T09:16:21.827+0200] {logging_mixin.py:188} INFO - [2026-02-06T09:16:21.827+0200] {dag.py:3823} INFO - Setting next_dagrun for flight_price_analysis to 2026-02-06 00:00:00+00:00, run_after=2026-02-07 00:00:00+00:00
[2026-02-06T09:16:21.847+0200] {processor.py:183} INFO - Processing /home/pazzoti/de-upskilling/airflow-flight-price-analysis/airflow/dags/flight_price_analysis_dag.py took 0.371 seconds
[2026-02-06T09:16:56.118+0200] {processor.py:161} INFO - Started process (PID=9561) to work on /home/pazzoti/de-upskilling/airflow-flight-price-analysis/airflow/dags/flight_price_analysis_dag.py
[2026-02-06T09:16:56.125+0200] {processor.py:830} INFO - Processing file /home/pazzoti/de-upskilling/airflow-flight-price-analysis/airflow/dags/flight_price_analysis_dag.py for tasks to queue
[2026-02-06T09:16:56.126+0200] {logging_mixin.py:188} INFO - [2026-02-06T09:16:56.126+0200] {dagbag.py:538} INFO - Filling up the DagBag from /home/pazzoti/de-upskilling/airflow-flight-price-analysis/airflow/dags/flight_price_analysis_dag.py
[2026-02-06T09:16:56.353+0200] {processor.py:840} INFO - DAG(s) 'flight_price_analysis' retrieved from /home/pazzoti/de-upskilling/airflow-flight-price-analysis/airflow/dags/flight_price_analysis_dag.py
[2026-02-06T09:16:56.364+0200] {logging_mixin.py:188} INFO - [2026-02-06T09:16:56.364+0200] {dag.py:3036} INFO - Sync 1 DAGs
[2026-02-06T09:16:56.471+0200] {logging_mixin.py:188} INFO - [2026-02-06T09:16:56.471+0200] {dag.py:3823} INFO - Setting next_dagrun for flight_price_analysis to 2026-02-06 00:00:00+00:00, run_after=2026-02-07 00:00:00+00:00
[2026-02-06T09:16:56.495+0200] {processor.py:183} INFO - Processing /home/pazzoti/de-upskilling/airflow-flight-price-analysis/airflow/dags/flight_price_analysis_dag.py took 0.381 seconds
[2026-02-06T09:29:08.528+0200] {processor.py:161} INFO - Started process (PID=9855) to work on /home/pazzoti/de-upskilling/airflow-flight-price-analysis/airflow/dags/flight_price_analysis_dag.py
[2026-02-06T09:29:08.532+0200] {processor.py:830} INFO - Processing file /home/pazzoti/de-upskilling/airflow-flight-price-analysis/airflow/dags/flight_price_analysis_dag.py for tasks to queue
[2026-02-06T09:29:08.535+0200] {logging_mixin.py:188} INFO - [2026-02-06T09:29:08.534+0200] {dagbag.py:538} INFO - Filling up the DagBag from /home/pazzoti/de-upskilling/airflow-flight-price-analysis/airflow/dags/flight_price_analysis_dag.py
[2026-02-06T09:29:08.941+0200] {processor.py:840} INFO - DAG(s) 'flight_price_analysis' retrieved from /home/pazzoti/de-upskilling/airflow-flight-price-analysis/airflow/dags/flight_price_analysis_dag.py
[2026-02-06T09:29:08.953+0200] {logging_mixin.py:188} INFO - [2026-02-06T09:29:08.953+0200] {dag.py:3036} INFO - Sync 1 DAGs
[2026-02-06T09:29:08.965+0200] {logging_mixin.py:188} INFO - [2026-02-06T09:29:08.965+0200] {dag.py:3823} INFO - Setting next_dagrun for flight_price_analysis to 2026-02-06 00:00:00+00:00, run_after=2026-02-07 00:00:00+00:00
[2026-02-06T09:29:09.015+0200] {processor.py:183} INFO - Processing /home/pazzoti/de-upskilling/airflow-flight-price-analysis/airflow/dags/flight_price_analysis_dag.py took 0.491 seconds
[2026-02-06T09:29:51.185+0200] {processor.py:161} INFO - Started process (PID=9933) to work on /home/pazzoti/de-upskilling/airflow-flight-price-analysis/airflow/dags/flight_price_analysis_dag.py
[2026-02-06T09:29:51.187+0200] {processor.py:830} INFO - Processing file /home/pazzoti/de-upskilling/airflow-flight-price-analysis/airflow/dags/flight_price_analysis_dag.py for tasks to queue
[2026-02-06T09:29:51.188+0200] {logging_mixin.py:188} INFO - [2026-02-06T09:29:51.188+0200] {dagbag.py:538} INFO - Filling up the DagBag from /home/pazzoti/de-upskilling/airflow-flight-price-analysis/airflow/dags/flight_price_analysis_dag.py
[2026-02-06T09:29:51.875+0200] {processor.py:840} INFO - DAG(s) 'flight_price_analysis' retrieved from /home/pazzoti/de-upskilling/airflow-flight-price-analysis/airflow/dags/flight_price_analysis_dag.py
[2026-02-06T09:29:51.906+0200] {logging_mixin.py:188} INFO - [2026-02-06T09:29:51.905+0200] {dag.py:3036} INFO - Sync 1 DAGs
[2026-02-06T09:29:52.152+0200] {logging_mixin.py:188} INFO - [2026-02-06T09:29:52.152+0200] {dag.py:3823} INFO - Setting next_dagrun for flight_price_analysis to 2026-02-06 00:00:00+00:00, run_after=2026-02-07 00:00:00+00:00
[2026-02-06T09:29:52.186+0200] {processor.py:183} INFO - Processing /home/pazzoti/de-upskilling/airflow-flight-price-analysis/airflow/dags/flight_price_analysis_dag.py took 1.008 seconds
[2026-02-06T09:30:33.810+0200] {processor.py:161} INFO - Started process (PID=9996) to work on /home/pazzoti/de-upskilling/airflow-flight-price-analysis/airflow/dags/flight_price_analysis_dag.py
[2026-02-06T09:30:33.812+0200] {processor.py:830} INFO - Processing file /home/pazzoti/de-upskilling/airflow-flight-price-analysis/airflow/dags/flight_price_analysis_dag.py for tasks to queue
[2026-02-06T09:30:33.813+0200] {logging_mixin.py:188} INFO - [2026-02-06T09:30:33.813+0200] {dagbag.py:538} INFO - Filling up the DagBag from /home/pazzoti/de-upskilling/airflow-flight-price-analysis/airflow/dags/flight_price_analysis_dag.py
[2026-02-06T09:30:34.878+0200] {processor.py:840} INFO - DAG(s) 'flight_price_analysis' retrieved from /home/pazzoti/de-upskilling/airflow-flight-price-analysis/airflow/dags/flight_price_analysis_dag.py
[2026-02-06T09:30:34.920+0200] {logging_mixin.py:188} INFO - [2026-02-06T09:30:34.919+0200] {dag.py:3036} INFO - Sync 1 DAGs
[2026-02-06T09:30:34.949+0200] {logging_mixin.py:188} INFO - [2026-02-06T09:30:34.949+0200] {dag.py:3823} INFO - Setting next_dagrun for flight_price_analysis to 2026-02-06 00:00:00+00:00, run_after=2026-02-07 00:00:00+00:00
[2026-02-06T09:30:34.985+0200] {processor.py:183} INFO - Processing /home/pazzoti/de-upskilling/airflow-flight-price-analysis/airflow/dags/flight_price_analysis_dag.py took 1.181 seconds
[2026-02-06T09:31:16.534+0200] {processor.py:161} INFO - Started process (PID=10073) to work on /home/pazzoti/de-upskilling/airflow-flight-price-analysis/airflow/dags/flight_price_analysis_dag.py
[2026-02-06T09:31:16.536+0200] {processor.py:830} INFO - Processing file /home/pazzoti/de-upskilling/airflow-flight-price-analysis/airflow/dags/flight_price_analysis_dag.py for tasks to queue
[2026-02-06T09:31:16.537+0200] {logging_mixin.py:188} INFO - [2026-02-06T09:31:16.536+0200] {dagbag.py:538} INFO - Filling up the DagBag from /home/pazzoti/de-upskilling/airflow-flight-price-analysis/airflow/dags/flight_price_analysis_dag.py
[2026-02-06T09:31:16.830+0200] {processor.py:840} INFO - DAG(s) 'flight_price_analysis' retrieved from /home/pazzoti/de-upskilling/airflow-flight-price-analysis/airflow/dags/flight_price_analysis_dag.py
[2026-02-06T09:31:16.844+0200] {logging_mixin.py:188} INFO - [2026-02-06T09:31:16.844+0200] {dag.py:3036} INFO - Sync 1 DAGs
[2026-02-06T09:31:16.964+0200] {logging_mixin.py:188} INFO - [2026-02-06T09:31:16.964+0200] {dag.py:3823} INFO - Setting next_dagrun for flight_price_analysis to 2026-02-06 00:00:00+00:00, run_after=2026-02-07 00:00:00+00:00
[2026-02-06T09:31:16.988+0200] {processor.py:183} INFO - Processing /home/pazzoti/de-upskilling/airflow-flight-price-analysis/airflow/dags/flight_price_analysis_dag.py took 0.455 seconds
[2026-02-06T09:31:53.581+0200] {processor.py:161} INFO - Started process (PID=10147) to work on /home/pazzoti/de-upskilling/airflow-flight-price-analysis/airflow/dags/flight_price_analysis_dag.py
[2026-02-06T09:31:53.583+0200] {processor.py:830} INFO - Processing file /home/pazzoti/de-upskilling/airflow-flight-price-analysis/airflow/dags/flight_price_analysis_dag.py for tasks to queue
[2026-02-06T09:31:53.584+0200] {logging_mixin.py:188} INFO - [2026-02-06T09:31:53.583+0200] {dagbag.py:538} INFO - Filling up the DagBag from /home/pazzoti/de-upskilling/airflow-flight-price-analysis/airflow/dags/flight_price_analysis_dag.py
[2026-02-06T09:31:53.905+0200] {processor.py:840} INFO - DAG(s) 'flight_price_analysis' retrieved from /home/pazzoti/de-upskilling/airflow-flight-price-analysis/airflow/dags/flight_price_analysis_dag.py
[2026-02-06T09:31:53.912+0200] {logging_mixin.py:188} INFO - [2026-02-06T09:31:53.911+0200] {dag.py:3036} INFO - Sync 1 DAGs
[2026-02-06T09:31:53.923+0200] {logging_mixin.py:188} INFO - [2026-02-06T09:31:53.923+0200] {dag.py:3823} INFO - Setting next_dagrun for flight_price_analysis to 2026-02-06 00:00:00+00:00, run_after=2026-02-07 00:00:00+00:00
[2026-02-06T09:31:53.943+0200] {processor.py:183} INFO - Processing /home/pazzoti/de-upskilling/airflow-flight-price-analysis/airflow/dags/flight_price_analysis_dag.py took 0.364 seconds
[2026-02-06T09:32:30.033+0200] {processor.py:161} INFO - Started process (PID=10235) to work on /home/pazzoti/de-upskilling/airflow-flight-price-analysis/airflow/dags/flight_price_analysis_dag.py
[2026-02-06T09:32:30.038+0200] {processor.py:830} INFO - Processing file /home/pazzoti/de-upskilling/airflow-flight-price-analysis/airflow/dags/flight_price_analysis_dag.py for tasks to queue
[2026-02-06T09:32:30.039+0200] {logging_mixin.py:188} INFO - [2026-02-06T09:32:30.039+0200] {dagbag.py:538} INFO - Filling up the DagBag from /home/pazzoti/de-upskilling/airflow-flight-price-analysis/airflow/dags/flight_price_analysis_dag.py
[2026-02-06T09:32:30.375+0200] {processor.py:840} INFO - DAG(s) 'flight_price_analysis' retrieved from /home/pazzoti/de-upskilling/airflow-flight-price-analysis/airflow/dags/flight_price_analysis_dag.py
[2026-02-06T09:32:30.386+0200] {logging_mixin.py:188} INFO - [2026-02-06T09:32:30.386+0200] {dag.py:3036} INFO - Sync 1 DAGs
[2026-02-06T09:32:30.401+0200] {logging_mixin.py:188} INFO - [2026-02-06T09:32:30.401+0200] {dag.py:3823} INFO - Setting next_dagrun for flight_price_analysis to 2026-02-06 00:00:00+00:00, run_after=2026-02-07 00:00:00+00:00
[2026-02-06T09:32:30.418+0200] {processor.py:183} INFO - Processing /home/pazzoti/de-upskilling/airflow-flight-price-analysis/airflow/dags/flight_price_analysis_dag.py took 0.390 seconds
[2026-02-06T09:33:06.169+0200] {processor.py:161} INFO - Started process (PID=10306) to work on /home/pazzoti/de-upskilling/airflow-flight-price-analysis/airflow/dags/flight_price_analysis_dag.py
[2026-02-06T09:33:06.174+0200] {processor.py:830} INFO - Processing file /home/pazzoti/de-upskilling/airflow-flight-price-analysis/airflow/dags/flight_price_analysis_dag.py for tasks to queue
[2026-02-06T09:33:06.174+0200] {logging_mixin.py:188} INFO - [2026-02-06T09:33:06.174+0200] {dagbag.py:538} INFO - Filling up the DagBag from /home/pazzoti/de-upskilling/airflow-flight-price-analysis/airflow/dags/flight_price_analysis_dag.py
[2026-02-06T09:33:06.522+0200] {processor.py:840} INFO - DAG(s) 'flight_price_analysis' retrieved from /home/pazzoti/de-upskilling/airflow-flight-price-analysis/airflow/dags/flight_price_analysis_dag.py
[2026-02-06T09:33:06.533+0200] {logging_mixin.py:188} INFO - [2026-02-06T09:33:06.533+0200] {dag.py:3036} INFO - Sync 1 DAGs
[2026-02-06T09:33:06.550+0200] {logging_mixin.py:188} INFO - [2026-02-06T09:33:06.549+0200] {dag.py:3823} INFO - Setting next_dagrun for flight_price_analysis to 2026-02-06 00:00:00+00:00, run_after=2026-02-07 00:00:00+00:00
[2026-02-06T09:33:06.580+0200] {processor.py:183} INFO - Processing /home/pazzoti/de-upskilling/airflow-flight-price-analysis/airflow/dags/flight_price_analysis_dag.py took 0.413 seconds
[2026-02-06T09:34:03.154+0200] {processor.py:161} INFO - Started process (PID=10392) to work on /home/pazzoti/de-upskilling/airflow-flight-price-analysis/airflow/dags/flight_price_analysis_dag.py
[2026-02-06T09:34:03.156+0200] {processor.py:830} INFO - Processing file /home/pazzoti/de-upskilling/airflow-flight-price-analysis/airflow/dags/flight_price_analysis_dag.py for tasks to queue
[2026-02-06T09:34:03.157+0200] {logging_mixin.py:188} INFO - [2026-02-06T09:34:03.157+0200] {dagbag.py:538} INFO - Filling up the DagBag from /home/pazzoti/de-upskilling/airflow-flight-price-analysis/airflow/dags/flight_price_analysis_dag.py
[2026-02-06T09:34:03.790+0200] {processor.py:840} INFO - DAG(s) 'flight_price_analysis' retrieved from /home/pazzoti/de-upskilling/airflow-flight-price-analysis/airflow/dags/flight_price_analysis_dag.py
[2026-02-06T09:34:03.799+0200] {logging_mixin.py:188} INFO - [2026-02-06T09:34:03.798+0200] {dag.py:3036} INFO - Sync 1 DAGs
[2026-02-06T09:34:03.816+0200] {logging_mixin.py:188} INFO - [2026-02-06T09:34:03.815+0200] {dag.py:3823} INFO - Setting next_dagrun for flight_price_analysis to 2026-02-06 00:00:00+00:00, run_after=2026-02-07 00:00:00+00:00
[2026-02-06T09:34:03.844+0200] {processor.py:183} INFO - Processing /home/pazzoti/de-upskilling/airflow-flight-price-analysis/airflow/dags/flight_price_analysis_dag.py took 0.695 seconds
[2026-02-06T09:34:43.675+0200] {processor.py:161} INFO - Started process (PID=10458) to work on /home/pazzoti/de-upskilling/airflow-flight-price-analysis/airflow/dags/flight_price_analysis_dag.py
[2026-02-06T09:34:43.677+0200] {processor.py:830} INFO - Processing file /home/pazzoti/de-upskilling/airflow-flight-price-analysis/airflow/dags/flight_price_analysis_dag.py for tasks to queue
[2026-02-06T09:34:43.678+0200] {logging_mixin.py:188} INFO - [2026-02-06T09:34:43.677+0200] {dagbag.py:538} INFO - Filling up the DagBag from /home/pazzoti/de-upskilling/airflow-flight-price-analysis/airflow/dags/flight_price_analysis_dag.py
[2026-02-06T09:34:44.029+0200] {processor.py:840} INFO - DAG(s) 'flight_price_analysis' retrieved from /home/pazzoti/de-upskilling/airflow-flight-price-analysis/airflow/dags/flight_price_analysis_dag.py
[2026-02-06T09:34:44.036+0200] {logging_mixin.py:188} INFO - [2026-02-06T09:34:44.036+0200] {dag.py:3036} INFO - Sync 1 DAGs
[2026-02-06T09:34:44.047+0200] {logging_mixin.py:188} INFO - [2026-02-06T09:34:44.047+0200] {dag.py:3823} INFO - Setting next_dagrun for flight_price_analysis to 2026-02-06 00:00:00+00:00, run_after=2026-02-07 00:00:00+00:00
[2026-02-06T09:34:44.068+0200] {processor.py:183} INFO - Processing /home/pazzoti/de-upskilling/airflow-flight-price-analysis/airflow/dags/flight_price_analysis_dag.py took 0.396 seconds
