[2026-02-06T17:21:48.704+0200] {taskinstance.py:1956} INFO - Dependencies all met for dep_context=non-requeueable deps ti=<TaskInstance: flight_price_analysis.run_pipeline manual__2026-02-06T15:21:46.269916+00:00 [queued]>
[2026-02-06T17:21:48.710+0200] {taskinstance.py:1956} INFO - Dependencies all met for dep_context=requeueable deps ti=<TaskInstance: flight_price_analysis.run_pipeline manual__2026-02-06T15:21:46.269916+00:00 [queued]>
[2026-02-06T17:21:48.710+0200] {taskinstance.py:2170} INFO - Starting attempt 1 of 1
[2026-02-06T17:21:48.723+0200] {taskinstance.py:2191} INFO - Executing <Task(PythonOperator): run_pipeline> on 2026-02-06 15:21:46.269916+00:00
[2026-02-06T17:21:48.726+0200] {standard_task_runner.py:60} INFO - Started process 90591 to run task
[2026-02-06T17:21:48.729+0200] {standard_task_runner.py:87} INFO - Running: ['airflow', 'tasks', 'run', 'flight_price_analysis', 'run_pipeline', 'manual__2026-02-06T15:21:46.269916+00:00', '--job-id', '81', '--raw', '--subdir', 'DAGS_FOLDER/flight_price_analysis_dag.py', '--cfg-path', '/tmp/tmp3te7sxo_']
[2026-02-06T17:21:48.730+0200] {standard_task_runner.py:88} INFO - Job 81: Subtask run_pipeline
[2026-02-06T17:21:48.755+0200] {task_command.py:423} INFO - Running <TaskInstance: flight_price_analysis.run_pipeline manual__2026-02-06T15:21:46.269916+00:00 [running]> on host Patricks-bot.
[2026-02-06T17:21:48.799+0200] {taskinstance.py:2480} INFO - Exporting env vars: AIRFLOW_CTX_DAG_OWNER='airflow' AIRFLOW_CTX_DAG_ID='flight_price_analysis' AIRFLOW_CTX_TASK_ID='run_pipeline' AIRFLOW_CTX_EXECUTION_DATE='2026-02-06T15:21:46.269916+00:00' AIRFLOW_CTX_TRY_NUMBER='1' AIRFLOW_CTX_DAG_RUN_ID='manual__2026-02-06T15:21:46.269916+00:00'
[2026-02-06T17:21:49.515+0200] {logging_mixin.py:188} INFO - [EXTRACT] rows extracted: 57000
[2026-02-06T17:21:49.515+0200] {logging_mixin.py:188} INFO - [PIPELINE] Running validation...
[2026-02-06T17:21:49.515+0200] {logging_mixin.py:188} INFO - [VALIDATE] rows before validation: 57000
[2026-02-06T17:21:49.543+0200] {logging_mixin.py:188} INFO - [VALIDATE] rows with missing price before cleaning: 57000
[2026-02-06T17:21:49.576+0200] {logging_mixin.py:188} INFO - [VALIDATE] rows after validation: 57000
[2026-02-06T17:21:49.977+0200] {taskinstance.py:2698} ERROR - Task failed with exception
Traceback (most recent call last):
  File "/home/pazzoti/de-upskilling/airflow-flight-price-analysis/venv/lib/python3.10/site-packages/mysql/connector/connection_cext.py", line 772, in cmd_query
    self._cmysql.query(
_mysql_connector.MySQLInterfaceError: Unknown column 'price' in 'field list'

The above exception was the direct cause of the following exception:

Traceback (most recent call last):
  File "/home/pazzoti/de-upskilling/airflow-flight-price-analysis/venv/lib/python3.10/site-packages/airflow/models/taskinstance.py", line 433, in _execute_task
    result = execute_callable(context=context, **execute_callable_kwargs)
  File "/home/pazzoti/de-upskilling/airflow-flight-price-analysis/venv/lib/python3.10/site-packages/airflow/operators/python.py", line 199, in execute
    return_value = self.execute_callable()
  File "/home/pazzoti/de-upskilling/airflow-flight-price-analysis/venv/lib/python3.10/site-packages/airflow/operators/python.py", line 216, in execute_callable
    return self.python_callable(*self.op_args, **self.op_kwargs)
  File "/home/pazzoti/de-upskilling/airflow-flight-price-analysis/airflow/dags/flight_price_analysis_dag.py", line 24, in run_pipeline
    load_to_mysql(df)
  File "/home/pazzoti/de-upskilling/airflow-flight-price-analysis/src/load_mysql.py", line 40, in load_to_mysql
    cursor.execute(insert_sql, (
  File "/home/pazzoti/de-upskilling/airflow-flight-price-analysis/venv/lib/python3.10/site-packages/mysql/connector/cursor_cext.py", line 353, in execute
    self._connection.cmd_query(
  File "/home/pazzoti/de-upskilling/airflow-flight-price-analysis/venv/lib/python3.10/site-packages/mysql/connector/opentelemetry/context_propagation.py", line 106, in wrapper
    result = method(cnx, *args, **kwargs)
  File "/home/pazzoti/de-upskilling/airflow-flight-price-analysis/venv/lib/python3.10/site-packages/mysql/connector/connection_cext.py", line 781, in cmd_query
    raise get_mysql_exception(
mysql.connector.errors.ProgrammingError: 1054 (42S22): Unknown column 'price' in 'field list'
[2026-02-06T17:21:49.980+0200] {taskinstance.py:1138} INFO - Marking task as FAILED. dag_id=flight_price_analysis, task_id=run_pipeline, execution_date=20260206T152146, start_date=20260206T152148, end_date=20260206T152149
[2026-02-06T17:21:49.993+0200] {standard_task_runner.py:107} ERROR - Failed to execute job 81 for task run_pipeline (1054 (42S22): Unknown column 'price' in 'field list'; 90591)
[2026-02-06T17:21:50.026+0200] {local_task_job_runner.py:234} INFO - Task exited with return code 1
[2026-02-06T17:21:50.034+0200] {taskinstance.py:3280} INFO - 0 downstream tasks scheduled from follow-on schedule check
