[2026-02-06T09:01:53.162+0200] {taskinstance.py:1956} INFO - Dependencies all met for dep_context=non-requeueable deps ti=<TaskInstance: flight_price_analysis.run_pipeline manual__2026-02-06T07:01:50.526013+00:00 [queued]>
[2026-02-06T09:01:53.165+0200] {taskinstance.py:1956} INFO - Dependencies all met for dep_context=requeueable deps ti=<TaskInstance: flight_price_analysis.run_pipeline manual__2026-02-06T07:01:50.526013+00:00 [queued]>
[2026-02-06T09:01:53.165+0200] {taskinstance.py:2170} INFO - Starting attempt 1 of 1
[2026-02-06T09:01:53.177+0200] {taskinstance.py:2191} INFO - Executing <Task(PythonOperator): run_pipeline> on 2026-02-06 07:01:50.526013+00:00
[2026-02-06T09:01:53.179+0200] {standard_task_runner.py:60} INFO - Started process 4567 to run task
[2026-02-06T09:01:53.182+0200] {standard_task_runner.py:87} INFO - Running: ['airflow', 'tasks', 'run', 'flight_price_analysis', 'run_pipeline', 'manual__2026-02-06T07:01:50.526013+00:00', '--job-id', '29', '--raw', '--subdir', 'DAGS_FOLDER/flight_price_analysis_dag.py', '--cfg-path', '/tmp/tmppefyla4j']
[2026-02-06T09:01:53.182+0200] {standard_task_runner.py:88} INFO - Job 29: Subtask run_pipeline
[2026-02-06T09:01:53.212+0200] {task_command.py:423} INFO - Running <TaskInstance: flight_price_analysis.run_pipeline manual__2026-02-06T07:01:50.526013+00:00 [running]> on host Patricks-bot.
[2026-02-06T09:01:53.268+0200] {taskinstance.py:2480} INFO - Exporting env vars: AIRFLOW_CTX_DAG_OWNER='airflow' AIRFLOW_CTX_DAG_ID='flight_price_analysis' AIRFLOW_CTX_TASK_ID='run_pipeline' AIRFLOW_CTX_EXECUTION_DATE='2026-02-06T07:01:50.526013+00:00' AIRFLOW_CTX_TRY_NUMBER='1' AIRFLOW_CTX_DAG_RUN_ID='manual__2026-02-06T07:01:50.526013+00:00'
[2026-02-06T09:01:53.269+0200] {taskinstance.py:2698} ERROR - Task failed with exception
Traceback (most recent call last):
  File "/home/pazzoti/de-upskilling/airflow-flight-price-analysis/venv/lib/python3.10/site-packages/airflow/models/taskinstance.py", line 433, in _execute_task
    result = execute_callable(context=context, **execute_callable_kwargs)
  File "/home/pazzoti/de-upskilling/airflow-flight-price-analysis/venv/lib/python3.10/site-packages/airflow/operators/python.py", line 199, in execute
    return_value = self.execute_callable()
  File "/home/pazzoti/de-upskilling/airflow-flight-price-analysis/venv/lib/python3.10/site-packages/airflow/operators/python.py", line 216, in execute_callable
    return self.python_callable(*self.op_args, **self.op_kwargs)
  File "/home/pazzoti/de-upskilling/airflow-flight-price-analysis/airflow/dags/flight_price_analysis_dag.py", line 20, in run_pipeline
    df = extract_flight_data()
TypeError: extract_flight_data() missing 1 required positional argument: 'csv_path'
[2026-02-06T09:01:53.274+0200] {taskinstance.py:1138} INFO - Marking task as FAILED. dag_id=flight_price_analysis, task_id=run_pipeline, execution_date=20260206T070150, start_date=20260206T070153, end_date=20260206T070153
[2026-02-06T09:01:53.289+0200] {standard_task_runner.py:107} ERROR - Failed to execute job 29 for task run_pipeline (extract_flight_data() missing 1 required positional argument: 'csv_path'; 4567)
[2026-02-06T09:01:53.314+0200] {local_task_job_runner.py:234} INFO - Task exited with return code 1
[2026-02-06T09:01:53.323+0200] {taskinstance.py:3280} INFO - 0 downstream tasks scheduled from follow-on schedule check
