[2026-02-06T09:01:08.413+0200] {processor.py:161} INFO - Started process (PID=4121) to work on /home/pazzoti/de-upskilling/airflow-flight-price-analysis/venv/lib/python3.10/site-packages/airflow/example_dags/example_kubernetes_executor.py
[2026-02-06T09:01:08.413+0200] {processor.py:830} INFO - Processing file /home/pazzoti/de-upskilling/airflow-flight-price-analysis/venv/lib/python3.10/site-packages/airflow/example_dags/example_kubernetes_executor.py for tasks to queue
[2026-02-06T09:01:08.414+0200] {logging_mixin.py:188} INFO - [2026-02-06T09:01:08.414+0200] {dagbag.py:538} INFO - Filling up the DagBag from /home/pazzoti/de-upskilling/airflow-flight-price-analysis/venv/lib/python3.10/site-packages/airflow/example_dags/example_kubernetes_executor.py
[2026-02-06T09:01:08.416+0200] {logging_mixin.py:188} INFO - [2026-02-06T09:01:08.416+0200] {example_kubernetes_executor.py:38} WARNING - The example_kubernetes_executor example DAG requires the kubernetes provider. Please install it with: pip install apache-airflow[cncf.kubernetes]
[2026-02-06T09:01:08.416+0200] {processor.py:842} WARNING - No viable dags retrieved from /home/pazzoti/de-upskilling/airflow-flight-price-analysis/venv/lib/python3.10/site-packages/airflow/example_dags/example_kubernetes_executor.py
[2026-02-06T09:01:08.423+0200] {processor.py:183} INFO - Processing /home/pazzoti/de-upskilling/airflow-flight-price-analysis/venv/lib/python3.10/site-packages/airflow/example_dags/example_kubernetes_executor.py took 0.012 seconds
[2026-02-06T09:02:01.184+0200] {processor.py:161} INFO - Started process (PID=4669) to work on /home/pazzoti/de-upskilling/airflow-flight-price-analysis/venv/lib/python3.10/site-packages/airflow/example_dags/example_kubernetes_executor.py
[2026-02-06T09:02:01.187+0200] {processor.py:830} INFO - Processing file /home/pazzoti/de-upskilling/airflow-flight-price-analysis/venv/lib/python3.10/site-packages/airflow/example_dags/example_kubernetes_executor.py for tasks to queue
[2026-02-06T09:02:01.188+0200] {logging_mixin.py:188} INFO - [2026-02-06T09:02:01.188+0200] {dagbag.py:538} INFO - Filling up the DagBag from /home/pazzoti/de-upskilling/airflow-flight-price-analysis/venv/lib/python3.10/site-packages/airflow/example_dags/example_kubernetes_executor.py
[2026-02-06T09:02:01.190+0200] {logging_mixin.py:188} INFO - [2026-02-06T09:02:01.190+0200] {example_kubernetes_executor.py:38} WARNING - The example_kubernetes_executor example DAG requires the kubernetes provider. Please install it with: pip install apache-airflow[cncf.kubernetes]
[2026-02-06T09:02:01.190+0200] {processor.py:842} WARNING - No viable dags retrieved from /home/pazzoti/de-upskilling/airflow-flight-price-analysis/venv/lib/python3.10/site-packages/airflow/example_dags/example_kubernetes_executor.py
[2026-02-06T09:02:01.196+0200] {processor.py:183} INFO - Processing /home/pazzoti/de-upskilling/airflow-flight-price-analysis/venv/lib/python3.10/site-packages/airflow/example_dags/example_kubernetes_executor.py took 0.016 seconds
[2026-02-06T09:02:40.567+0200] {processor.py:161} INFO - Started process (PID=4931) to work on /home/pazzoti/de-upskilling/airflow-flight-price-analysis/venv/lib/python3.10/site-packages/airflow/example_dags/example_kubernetes_executor.py
[2026-02-06T09:02:40.568+0200] {processor.py:830} INFO - Processing file /home/pazzoti/de-upskilling/airflow-flight-price-analysis/venv/lib/python3.10/site-packages/airflow/example_dags/example_kubernetes_executor.py for tasks to queue
[2026-02-06T09:02:40.569+0200] {logging_mixin.py:188} INFO - [2026-02-06T09:02:40.568+0200] {dagbag.py:538} INFO - Filling up the DagBag from /home/pazzoti/de-upskilling/airflow-flight-price-analysis/venv/lib/python3.10/site-packages/airflow/example_dags/example_kubernetes_executor.py
[2026-02-06T09:02:40.571+0200] {logging_mixin.py:188} INFO - [2026-02-06T09:02:40.570+0200] {example_kubernetes_executor.py:38} WARNING - The example_kubernetes_executor example DAG requires the kubernetes provider. Please install it with: pip install apache-airflow[cncf.kubernetes]
[2026-02-06T09:02:40.571+0200] {processor.py:842} WARNING - No viable dags retrieved from /home/pazzoti/de-upskilling/airflow-flight-price-analysis/venv/lib/python3.10/site-packages/airflow/example_dags/example_kubernetes_executor.py
[2026-02-06T09:02:40.577+0200] {processor.py:183} INFO - Processing /home/pazzoti/de-upskilling/airflow-flight-price-analysis/venv/lib/python3.10/site-packages/airflow/example_dags/example_kubernetes_executor.py took 0.012 seconds
[2026-02-06T09:03:28.606+0200] {processor.py:161} INFO - Started process (PID=5147) to work on /home/pazzoti/de-upskilling/airflow-flight-price-analysis/venv/lib/python3.10/site-packages/airflow/example_dags/example_kubernetes_executor.py
[2026-02-06T09:03:28.611+0200] {processor.py:830} INFO - Processing file /home/pazzoti/de-upskilling/airflow-flight-price-analysis/venv/lib/python3.10/site-packages/airflow/example_dags/example_kubernetes_executor.py for tasks to queue
[2026-02-06T09:03:28.611+0200] {logging_mixin.py:188} INFO - [2026-02-06T09:03:28.611+0200] {dagbag.py:538} INFO - Filling up the DagBag from /home/pazzoti/de-upskilling/airflow-flight-price-analysis/venv/lib/python3.10/site-packages/airflow/example_dags/example_kubernetes_executor.py
[2026-02-06T09:03:28.614+0200] {logging_mixin.py:188} INFO - [2026-02-06T09:03:28.614+0200] {example_kubernetes_executor.py:38} WARNING - The example_kubernetes_executor example DAG requires the kubernetes provider. Please install it with: pip install apache-airflow[cncf.kubernetes]
[2026-02-06T09:03:28.614+0200] {processor.py:842} WARNING - No viable dags retrieved from /home/pazzoti/de-upskilling/airflow-flight-price-analysis/venv/lib/python3.10/site-packages/airflow/example_dags/example_kubernetes_executor.py
[2026-02-06T09:03:28.620+0200] {processor.py:183} INFO - Processing /home/pazzoti/de-upskilling/airflow-flight-price-analysis/venv/lib/python3.10/site-packages/airflow/example_dags/example_kubernetes_executor.py took 0.017 seconds
[2026-02-06T09:04:17.775+0200] {processor.py:161} INFO - Started process (PID=5383) to work on /home/pazzoti/de-upskilling/airflow-flight-price-analysis/venv/lib/python3.10/site-packages/airflow/example_dags/example_kubernetes_executor.py
[2026-02-06T09:04:17.776+0200] {processor.py:830} INFO - Processing file /home/pazzoti/de-upskilling/airflow-flight-price-analysis/venv/lib/python3.10/site-packages/airflow/example_dags/example_kubernetes_executor.py for tasks to queue
[2026-02-06T09:04:17.777+0200] {logging_mixin.py:188} INFO - [2026-02-06T09:04:17.777+0200] {dagbag.py:538} INFO - Filling up the DagBag from /home/pazzoti/de-upskilling/airflow-flight-price-analysis/venv/lib/python3.10/site-packages/airflow/example_dags/example_kubernetes_executor.py
[2026-02-06T09:04:17.780+0200] {logging_mixin.py:188} INFO - [2026-02-06T09:04:17.779+0200] {example_kubernetes_executor.py:38} WARNING - The example_kubernetes_executor example DAG requires the kubernetes provider. Please install it with: pip install apache-airflow[cncf.kubernetes]
[2026-02-06T09:04:17.780+0200] {processor.py:842} WARNING - No viable dags retrieved from /home/pazzoti/de-upskilling/airflow-flight-price-analysis/venv/lib/python3.10/site-packages/airflow/example_dags/example_kubernetes_executor.py
[2026-02-06T09:04:17.791+0200] {processor.py:183} INFO - Processing /home/pazzoti/de-upskilling/airflow-flight-price-analysis/venv/lib/python3.10/site-packages/airflow/example_dags/example_kubernetes_executor.py took 0.020 seconds
[2026-02-06T09:04:56.239+0200] {processor.py:161} INFO - Started process (PID=5577) to work on /home/pazzoti/de-upskilling/airflow-flight-price-analysis/venv/lib/python3.10/site-packages/airflow/example_dags/example_kubernetes_executor.py
[2026-02-06T09:04:56.241+0200] {processor.py:830} INFO - Processing file /home/pazzoti/de-upskilling/airflow-flight-price-analysis/venv/lib/python3.10/site-packages/airflow/example_dags/example_kubernetes_executor.py for tasks to queue
[2026-02-06T09:04:56.242+0200] {logging_mixin.py:188} INFO - [2026-02-06T09:04:56.241+0200] {dagbag.py:538} INFO - Filling up the DagBag from /home/pazzoti/de-upskilling/airflow-flight-price-analysis/venv/lib/python3.10/site-packages/airflow/example_dags/example_kubernetes_executor.py
[2026-02-06T09:04:56.248+0200] {logging_mixin.py:188} INFO - [2026-02-06T09:04:56.247+0200] {example_kubernetes_executor.py:38} WARNING - The example_kubernetes_executor example DAG requires the kubernetes provider. Please install it with: pip install apache-airflow[cncf.kubernetes]
[2026-02-06T09:04:56.248+0200] {processor.py:842} WARNING - No viable dags retrieved from /home/pazzoti/de-upskilling/airflow-flight-price-analysis/venv/lib/python3.10/site-packages/airflow/example_dags/example_kubernetes_executor.py
[2026-02-06T09:04:56.256+0200] {processor.py:183} INFO - Processing /home/pazzoti/de-upskilling/airflow-flight-price-analysis/venv/lib/python3.10/site-packages/airflow/example_dags/example_kubernetes_executor.py took 0.019 seconds
[2026-02-06T09:05:32.013+0200] {processor.py:161} INFO - Started process (PID=5762) to work on /home/pazzoti/de-upskilling/airflow-flight-price-analysis/venv/lib/python3.10/site-packages/airflow/example_dags/example_kubernetes_executor.py
[2026-02-06T09:05:32.015+0200] {processor.py:830} INFO - Processing file /home/pazzoti/de-upskilling/airflow-flight-price-analysis/venv/lib/python3.10/site-packages/airflow/example_dags/example_kubernetes_executor.py for tasks to queue
[2026-02-06T09:05:32.016+0200] {logging_mixin.py:188} INFO - [2026-02-06T09:05:32.016+0200] {dagbag.py:538} INFO - Filling up the DagBag from /home/pazzoti/de-upskilling/airflow-flight-price-analysis/venv/lib/python3.10/site-packages/airflow/example_dags/example_kubernetes_executor.py
[2026-02-06T09:05:32.018+0200] {logging_mixin.py:188} INFO - [2026-02-06T09:05:32.018+0200] {example_kubernetes_executor.py:38} WARNING - The example_kubernetes_executor example DAG requires the kubernetes provider. Please install it with: pip install apache-airflow[cncf.kubernetes]
[2026-02-06T09:05:32.019+0200] {processor.py:842} WARNING - No viable dags retrieved from /home/pazzoti/de-upskilling/airflow-flight-price-analysis/venv/lib/python3.10/site-packages/airflow/example_dags/example_kubernetes_executor.py
[2026-02-06T09:05:32.025+0200] {processor.py:183} INFO - Processing /home/pazzoti/de-upskilling/airflow-flight-price-analysis/venv/lib/python3.10/site-packages/airflow/example_dags/example_kubernetes_executor.py took 0.017 seconds
[2026-02-06T09:06:09.651+0200] {processor.py:161} INFO - Started process (PID=5960) to work on /home/pazzoti/de-upskilling/airflow-flight-price-analysis/venv/lib/python3.10/site-packages/airflow/example_dags/example_kubernetes_executor.py
[2026-02-06T09:06:09.653+0200] {processor.py:830} INFO - Processing file /home/pazzoti/de-upskilling/airflow-flight-price-analysis/venv/lib/python3.10/site-packages/airflow/example_dags/example_kubernetes_executor.py for tasks to queue
[2026-02-06T09:06:09.654+0200] {logging_mixin.py:188} INFO - [2026-02-06T09:06:09.654+0200] {dagbag.py:538} INFO - Filling up the DagBag from /home/pazzoti/de-upskilling/airflow-flight-price-analysis/venv/lib/python3.10/site-packages/airflow/example_dags/example_kubernetes_executor.py
[2026-02-06T09:06:09.658+0200] {logging_mixin.py:188} INFO - [2026-02-06T09:06:09.658+0200] {example_kubernetes_executor.py:38} WARNING - The example_kubernetes_executor example DAG requires the kubernetes provider. Please install it with: pip install apache-airflow[cncf.kubernetes]
[2026-02-06T09:06:09.658+0200] {processor.py:842} WARNING - No viable dags retrieved from /home/pazzoti/de-upskilling/airflow-flight-price-analysis/venv/lib/python3.10/site-packages/airflow/example_dags/example_kubernetes_executor.py
[2026-02-06T09:06:09.666+0200] {processor.py:183} INFO - Processing /home/pazzoti/de-upskilling/airflow-flight-price-analysis/venv/lib/python3.10/site-packages/airflow/example_dags/example_kubernetes_executor.py took 0.018 seconds
[2026-02-06T09:06:45.972+0200] {processor.py:161} INFO - Started process (PID=6131) to work on /home/pazzoti/de-upskilling/airflow-flight-price-analysis/venv/lib/python3.10/site-packages/airflow/example_dags/example_kubernetes_executor.py
[2026-02-06T09:06:45.973+0200] {processor.py:830} INFO - Processing file /home/pazzoti/de-upskilling/airflow-flight-price-analysis/venv/lib/python3.10/site-packages/airflow/example_dags/example_kubernetes_executor.py for tasks to queue
[2026-02-06T09:06:45.974+0200] {logging_mixin.py:188} INFO - [2026-02-06T09:06:45.974+0200] {dagbag.py:538} INFO - Filling up the DagBag from /home/pazzoti/de-upskilling/airflow-flight-price-analysis/venv/lib/python3.10/site-packages/airflow/example_dags/example_kubernetes_executor.py
[2026-02-06T09:06:45.977+0200] {logging_mixin.py:188} INFO - [2026-02-06T09:06:45.976+0200] {example_kubernetes_executor.py:38} WARNING - The example_kubernetes_executor example DAG requires the kubernetes provider. Please install it with: pip install apache-airflow[cncf.kubernetes]
[2026-02-06T09:06:45.977+0200] {processor.py:842} WARNING - No viable dags retrieved from /home/pazzoti/de-upskilling/airflow-flight-price-analysis/venv/lib/python3.10/site-packages/airflow/example_dags/example_kubernetes_executor.py
[2026-02-06T09:06:45.983+0200] {processor.py:183} INFO - Processing /home/pazzoti/de-upskilling/airflow-flight-price-analysis/venv/lib/python3.10/site-packages/airflow/example_dags/example_kubernetes_executor.py took 0.013 seconds
[2026-02-06T09:07:23.283+0200] {processor.py:161} INFO - Started process (PID=6367) to work on /home/pazzoti/de-upskilling/airflow-flight-price-analysis/venv/lib/python3.10/site-packages/airflow/example_dags/example_kubernetes_executor.py
[2026-02-06T09:07:23.284+0200] {processor.py:830} INFO - Processing file /home/pazzoti/de-upskilling/airflow-flight-price-analysis/venv/lib/python3.10/site-packages/airflow/example_dags/example_kubernetes_executor.py for tasks to queue
[2026-02-06T09:07:23.285+0200] {logging_mixin.py:188} INFO - [2026-02-06T09:07:23.285+0200] {dagbag.py:538} INFO - Filling up the DagBag from /home/pazzoti/de-upskilling/airflow-flight-price-analysis/venv/lib/python3.10/site-packages/airflow/example_dags/example_kubernetes_executor.py
[2026-02-06T09:07:23.288+0200] {logging_mixin.py:188} INFO - [2026-02-06T09:07:23.288+0200] {example_kubernetes_executor.py:38} WARNING - The example_kubernetes_executor example DAG requires the kubernetes provider. Please install it with: pip install apache-airflow[cncf.kubernetes]
[2026-02-06T09:07:23.289+0200] {processor.py:842} WARNING - No viable dags retrieved from /home/pazzoti/de-upskilling/airflow-flight-price-analysis/venv/lib/python3.10/site-packages/airflow/example_dags/example_kubernetes_executor.py
[2026-02-06T09:07:23.297+0200] {processor.py:183} INFO - Processing /home/pazzoti/de-upskilling/airflow-flight-price-analysis/venv/lib/python3.10/site-packages/airflow/example_dags/example_kubernetes_executor.py took 0.016 seconds
[2026-02-06T09:07:58.851+0200] {processor.py:161} INFO - Started process (PID=6521) to work on /home/pazzoti/de-upskilling/airflow-flight-price-analysis/venv/lib/python3.10/site-packages/airflow/example_dags/example_kubernetes_executor.py
[2026-02-06T09:07:58.852+0200] {processor.py:830} INFO - Processing file /home/pazzoti/de-upskilling/airflow-flight-price-analysis/venv/lib/python3.10/site-packages/airflow/example_dags/example_kubernetes_executor.py for tasks to queue
[2026-02-06T09:07:58.853+0200] {logging_mixin.py:188} INFO - [2026-02-06T09:07:58.853+0200] {dagbag.py:538} INFO - Filling up the DagBag from /home/pazzoti/de-upskilling/airflow-flight-price-analysis/venv/lib/python3.10/site-packages/airflow/example_dags/example_kubernetes_executor.py
[2026-02-06T09:07:58.855+0200] {logging_mixin.py:188} INFO - [2026-02-06T09:07:58.855+0200] {example_kubernetes_executor.py:38} WARNING - The example_kubernetes_executor example DAG requires the kubernetes provider. Please install it with: pip install apache-airflow[cncf.kubernetes]
[2026-02-06T09:07:58.855+0200] {processor.py:842} WARNING - No viable dags retrieved from /home/pazzoti/de-upskilling/airflow-flight-price-analysis/venv/lib/python3.10/site-packages/airflow/example_dags/example_kubernetes_executor.py
[2026-02-06T09:07:58.862+0200] {processor.py:183} INFO - Processing /home/pazzoti/de-upskilling/airflow-flight-price-analysis/venv/lib/python3.10/site-packages/airflow/example_dags/example_kubernetes_executor.py took 0.014 seconds
[2026-02-06T09:08:35.244+0200] {processor.py:161} INFO - Started process (PID=6693) to work on /home/pazzoti/de-upskilling/airflow-flight-price-analysis/venv/lib/python3.10/site-packages/airflow/example_dags/example_kubernetes_executor.py
[2026-02-06T09:08:35.246+0200] {processor.py:830} INFO - Processing file /home/pazzoti/de-upskilling/airflow-flight-price-analysis/venv/lib/python3.10/site-packages/airflow/example_dags/example_kubernetes_executor.py for tasks to queue
[2026-02-06T09:08:35.246+0200] {logging_mixin.py:188} INFO - [2026-02-06T09:08:35.246+0200] {dagbag.py:538} INFO - Filling up the DagBag from /home/pazzoti/de-upskilling/airflow-flight-price-analysis/venv/lib/python3.10/site-packages/airflow/example_dags/example_kubernetes_executor.py
[2026-02-06T09:08:35.249+0200] {logging_mixin.py:188} INFO - [2026-02-06T09:08:35.249+0200] {example_kubernetes_executor.py:38} WARNING - The example_kubernetes_executor example DAG requires the kubernetes provider. Please install it with: pip install apache-airflow[cncf.kubernetes]
[2026-02-06T09:08:35.249+0200] {processor.py:842} WARNING - No viable dags retrieved from /home/pazzoti/de-upskilling/airflow-flight-price-analysis/venv/lib/python3.10/site-packages/airflow/example_dags/example_kubernetes_executor.py
[2026-02-06T09:08:35.256+0200] {processor.py:183} INFO - Processing /home/pazzoti/de-upskilling/airflow-flight-price-analysis/venv/lib/python3.10/site-packages/airflow/example_dags/example_kubernetes_executor.py took 0.014 seconds
[2026-02-06T09:09:12.737+0200] {processor.py:161} INFO - Started process (PID=6868) to work on /home/pazzoti/de-upskilling/airflow-flight-price-analysis/venv/lib/python3.10/site-packages/airflow/example_dags/example_kubernetes_executor.py
[2026-02-06T09:09:12.739+0200] {processor.py:830} INFO - Processing file /home/pazzoti/de-upskilling/airflow-flight-price-analysis/venv/lib/python3.10/site-packages/airflow/example_dags/example_kubernetes_executor.py for tasks to queue
[2026-02-06T09:09:12.740+0200] {logging_mixin.py:188} INFO - [2026-02-06T09:09:12.739+0200] {dagbag.py:538} INFO - Filling up the DagBag from /home/pazzoti/de-upskilling/airflow-flight-price-analysis/venv/lib/python3.10/site-packages/airflow/example_dags/example_kubernetes_executor.py
[2026-02-06T09:09:12.742+0200] {logging_mixin.py:188} INFO - [2026-02-06T09:09:12.742+0200] {example_kubernetes_executor.py:38} WARNING - The example_kubernetes_executor example DAG requires the kubernetes provider. Please install it with: pip install apache-airflow[cncf.kubernetes]
[2026-02-06T09:09:12.742+0200] {processor.py:842} WARNING - No viable dags retrieved from /home/pazzoti/de-upskilling/airflow-flight-price-analysis/venv/lib/python3.10/site-packages/airflow/example_dags/example_kubernetes_executor.py
[2026-02-06T09:09:12.752+0200] {processor.py:183} INFO - Processing /home/pazzoti/de-upskilling/airflow-flight-price-analysis/venv/lib/python3.10/site-packages/airflow/example_dags/example_kubernetes_executor.py took 0.017 seconds
[2026-02-06T09:09:51.671+0200] {processor.py:161} INFO - Started process (PID=7040) to work on /home/pazzoti/de-upskilling/airflow-flight-price-analysis/venv/lib/python3.10/site-packages/airflow/example_dags/example_kubernetes_executor.py
[2026-02-06T09:09:51.672+0200] {processor.py:830} INFO - Processing file /home/pazzoti/de-upskilling/airflow-flight-price-analysis/venv/lib/python3.10/site-packages/airflow/example_dags/example_kubernetes_executor.py for tasks to queue
[2026-02-06T09:09:51.673+0200] {logging_mixin.py:188} INFO - [2026-02-06T09:09:51.673+0200] {dagbag.py:538} INFO - Filling up the DagBag from /home/pazzoti/de-upskilling/airflow-flight-price-analysis/venv/lib/python3.10/site-packages/airflow/example_dags/example_kubernetes_executor.py
[2026-02-06T09:09:51.677+0200] {logging_mixin.py:188} INFO - [2026-02-06T09:09:51.677+0200] {example_kubernetes_executor.py:38} WARNING - The example_kubernetes_executor example DAG requires the kubernetes provider. Please install it with: pip install apache-airflow[cncf.kubernetes]
[2026-02-06T09:09:51.677+0200] {processor.py:842} WARNING - No viable dags retrieved from /home/pazzoti/de-upskilling/airflow-flight-price-analysis/venv/lib/python3.10/site-packages/airflow/example_dags/example_kubernetes_executor.py
[2026-02-06T09:09:51.690+0200] {processor.py:183} INFO - Processing /home/pazzoti/de-upskilling/airflow-flight-price-analysis/venv/lib/python3.10/site-packages/airflow/example_dags/example_kubernetes_executor.py took 0.022 seconds
[2026-02-06T09:10:59.789+0200] {processor.py:161} INFO - Started process (PID=7545) to work on /home/pazzoti/de-upskilling/airflow-flight-price-analysis/venv/lib/python3.10/site-packages/airflow/example_dags/example_kubernetes_executor.py
[2026-02-06T09:10:59.802+0200] {processor.py:830} INFO - Processing file /home/pazzoti/de-upskilling/airflow-flight-price-analysis/venv/lib/python3.10/site-packages/airflow/example_dags/example_kubernetes_executor.py for tasks to queue
[2026-02-06T09:10:59.805+0200] {logging_mixin.py:188} INFO - [2026-02-06T09:10:59.805+0200] {dagbag.py:538} INFO - Filling up the DagBag from /home/pazzoti/de-upskilling/airflow-flight-price-analysis/venv/lib/python3.10/site-packages/airflow/example_dags/example_kubernetes_executor.py
[2026-02-06T09:10:59.811+0200] {logging_mixin.py:188} INFO - [2026-02-06T09:10:59.811+0200] {example_kubernetes_executor.py:38} WARNING - The example_kubernetes_executor example DAG requires the kubernetes provider. Please install it with: pip install apache-airflow[cncf.kubernetes]
[2026-02-06T09:10:59.812+0200] {processor.py:842} WARNING - No viable dags retrieved from /home/pazzoti/de-upskilling/airflow-flight-price-analysis/venv/lib/python3.10/site-packages/airflow/example_dags/example_kubernetes_executor.py
[2026-02-06T09:10:59.829+0200] {processor.py:183} INFO - Processing /home/pazzoti/de-upskilling/airflow-flight-price-analysis/venv/lib/python3.10/site-packages/airflow/example_dags/example_kubernetes_executor.py took 0.047 seconds
[2026-02-06T09:12:06.896+0200] {processor.py:161} INFO - Started process (PID=8214) to work on /home/pazzoti/de-upskilling/airflow-flight-price-analysis/venv/lib/python3.10/site-packages/airflow/example_dags/example_kubernetes_executor.py
[2026-02-06T09:12:06.904+0200] {processor.py:830} INFO - Processing file /home/pazzoti/de-upskilling/airflow-flight-price-analysis/venv/lib/python3.10/site-packages/airflow/example_dags/example_kubernetes_executor.py for tasks to queue
[2026-02-06T09:12:06.905+0200] {logging_mixin.py:188} INFO - [2026-02-06T09:12:06.905+0200] {dagbag.py:538} INFO - Filling up the DagBag from /home/pazzoti/de-upskilling/airflow-flight-price-analysis/venv/lib/python3.10/site-packages/airflow/example_dags/example_kubernetes_executor.py
[2026-02-06T09:12:06.907+0200] {logging_mixin.py:188} INFO - [2026-02-06T09:12:06.907+0200] {example_kubernetes_executor.py:38} WARNING - The example_kubernetes_executor example DAG requires the kubernetes provider. Please install it with: pip install apache-airflow[cncf.kubernetes]
[2026-02-06T09:12:06.908+0200] {processor.py:842} WARNING - No viable dags retrieved from /home/pazzoti/de-upskilling/airflow-flight-price-analysis/venv/lib/python3.10/site-packages/airflow/example_dags/example_kubernetes_executor.py
[2026-02-06T09:12:06.915+0200] {processor.py:183} INFO - Processing /home/pazzoti/de-upskilling/airflow-flight-price-analysis/venv/lib/python3.10/site-packages/airflow/example_dags/example_kubernetes_executor.py took 0.022 seconds
[2026-02-06T09:12:54.709+0200] {processor.py:161} INFO - Started process (PID=8435) to work on /home/pazzoti/de-upskilling/airflow-flight-price-analysis/venv/lib/python3.10/site-packages/airflow/example_dags/example_kubernetes_executor.py
[2026-02-06T09:12:54.717+0200] {processor.py:830} INFO - Processing file /home/pazzoti/de-upskilling/airflow-flight-price-analysis/venv/lib/python3.10/site-packages/airflow/example_dags/example_kubernetes_executor.py for tasks to queue
[2026-02-06T09:12:54.718+0200] {logging_mixin.py:188} INFO - [2026-02-06T09:12:54.717+0200] {dagbag.py:538} INFO - Filling up the DagBag from /home/pazzoti/de-upskilling/airflow-flight-price-analysis/venv/lib/python3.10/site-packages/airflow/example_dags/example_kubernetes_executor.py
[2026-02-06T09:12:54.721+0200] {logging_mixin.py:188} INFO - [2026-02-06T09:12:54.721+0200] {example_kubernetes_executor.py:38} WARNING - The example_kubernetes_executor example DAG requires the kubernetes provider. Please install it with: pip install apache-airflow[cncf.kubernetes]
[2026-02-06T09:12:54.722+0200] {processor.py:842} WARNING - No viable dags retrieved from /home/pazzoti/de-upskilling/airflow-flight-price-analysis/venv/lib/python3.10/site-packages/airflow/example_dags/example_kubernetes_executor.py
[2026-02-06T09:12:54.729+0200] {processor.py:183} INFO - Processing /home/pazzoti/de-upskilling/airflow-flight-price-analysis/venv/lib/python3.10/site-packages/airflow/example_dags/example_kubernetes_executor.py took 0.023 seconds
[2026-02-06T09:13:42.709+0200] {processor.py:161} INFO - Started process (PID=8654) to work on /home/pazzoti/de-upskilling/airflow-flight-price-analysis/venv/lib/python3.10/site-packages/airflow/example_dags/example_kubernetes_executor.py
[2026-02-06T09:13:42.710+0200] {processor.py:830} INFO - Processing file /home/pazzoti/de-upskilling/airflow-flight-price-analysis/venv/lib/python3.10/site-packages/airflow/example_dags/example_kubernetes_executor.py for tasks to queue
[2026-02-06T09:13:42.711+0200] {logging_mixin.py:188} INFO - [2026-02-06T09:13:42.710+0200] {dagbag.py:538} INFO - Filling up the DagBag from /home/pazzoti/de-upskilling/airflow-flight-price-analysis/venv/lib/python3.10/site-packages/airflow/example_dags/example_kubernetes_executor.py
[2026-02-06T09:13:42.713+0200] {logging_mixin.py:188} INFO - [2026-02-06T09:13:42.713+0200] {example_kubernetes_executor.py:38} WARNING - The example_kubernetes_executor example DAG requires the kubernetes provider. Please install it with: pip install apache-airflow[cncf.kubernetes]
[2026-02-06T09:13:42.714+0200] {processor.py:842} WARNING - No viable dags retrieved from /home/pazzoti/de-upskilling/airflow-flight-price-analysis/venv/lib/python3.10/site-packages/airflow/example_dags/example_kubernetes_executor.py
[2026-02-06T09:13:42.722+0200] {processor.py:183} INFO - Processing /home/pazzoti/de-upskilling/airflow-flight-price-analysis/venv/lib/python3.10/site-packages/airflow/example_dags/example_kubernetes_executor.py took 0.015 seconds
[2026-02-06T09:14:18.857+0200] {processor.py:161} INFO - Started process (PID=8816) to work on /home/pazzoti/de-upskilling/airflow-flight-price-analysis/venv/lib/python3.10/site-packages/airflow/example_dags/example_kubernetes_executor.py
[2026-02-06T09:14:18.859+0200] {processor.py:830} INFO - Processing file /home/pazzoti/de-upskilling/airflow-flight-price-analysis/venv/lib/python3.10/site-packages/airflow/example_dags/example_kubernetes_executor.py for tasks to queue
[2026-02-06T09:14:18.859+0200] {logging_mixin.py:188} INFO - [2026-02-06T09:14:18.859+0200] {dagbag.py:538} INFO - Filling up the DagBag from /home/pazzoti/de-upskilling/airflow-flight-price-analysis/venv/lib/python3.10/site-packages/airflow/example_dags/example_kubernetes_executor.py
[2026-02-06T09:14:18.864+0200] {logging_mixin.py:188} INFO - [2026-02-06T09:14:18.864+0200] {example_kubernetes_executor.py:38} WARNING - The example_kubernetes_executor example DAG requires the kubernetes provider. Please install it with: pip install apache-airflow[cncf.kubernetes]
[2026-02-06T09:14:18.865+0200] {processor.py:842} WARNING - No viable dags retrieved from /home/pazzoti/de-upskilling/airflow-flight-price-analysis/venv/lib/python3.10/site-packages/airflow/example_dags/example_kubernetes_executor.py
[2026-02-06T09:14:18.882+0200] {processor.py:183} INFO - Processing /home/pazzoti/de-upskilling/airflow-flight-price-analysis/venv/lib/python3.10/site-packages/airflow/example_dags/example_kubernetes_executor.py took 0.029 seconds
[2026-02-06T09:14:57.468+0200] {processor.py:161} INFO - Started process (PID=8989) to work on /home/pazzoti/de-upskilling/airflow-flight-price-analysis/venv/lib/python3.10/site-packages/airflow/example_dags/example_kubernetes_executor.py
[2026-02-06T09:14:57.469+0200] {processor.py:830} INFO - Processing file /home/pazzoti/de-upskilling/airflow-flight-price-analysis/venv/lib/python3.10/site-packages/airflow/example_dags/example_kubernetes_executor.py for tasks to queue
[2026-02-06T09:14:57.470+0200] {logging_mixin.py:188} INFO - [2026-02-06T09:14:57.470+0200] {dagbag.py:538} INFO - Filling up the DagBag from /home/pazzoti/de-upskilling/airflow-flight-price-analysis/venv/lib/python3.10/site-packages/airflow/example_dags/example_kubernetes_executor.py
[2026-02-06T09:14:57.472+0200] {logging_mixin.py:188} INFO - [2026-02-06T09:14:57.472+0200] {example_kubernetes_executor.py:38} WARNING - The example_kubernetes_executor example DAG requires the kubernetes provider. Please install it with: pip install apache-airflow[cncf.kubernetes]
[2026-02-06T09:14:57.472+0200] {processor.py:842} WARNING - No viable dags retrieved from /home/pazzoti/de-upskilling/airflow-flight-price-analysis/venv/lib/python3.10/site-packages/airflow/example_dags/example_kubernetes_executor.py
[2026-02-06T09:14:57.478+0200] {processor.py:183} INFO - Processing /home/pazzoti/de-upskilling/airflow-flight-price-analysis/venv/lib/python3.10/site-packages/airflow/example_dags/example_kubernetes_executor.py took 0.013 seconds
[2026-02-06T09:15:35.070+0200] {processor.py:161} INFO - Started process (PID=9171) to work on /home/pazzoti/de-upskilling/airflow-flight-price-analysis/venv/lib/python3.10/site-packages/airflow/example_dags/example_kubernetes_executor.py
[2026-02-06T09:15:35.072+0200] {processor.py:830} INFO - Processing file /home/pazzoti/de-upskilling/airflow-flight-price-analysis/venv/lib/python3.10/site-packages/airflow/example_dags/example_kubernetes_executor.py for tasks to queue
[2026-02-06T09:15:35.073+0200] {logging_mixin.py:188} INFO - [2026-02-06T09:15:35.073+0200] {dagbag.py:538} INFO - Filling up the DagBag from /home/pazzoti/de-upskilling/airflow-flight-price-analysis/venv/lib/python3.10/site-packages/airflow/example_dags/example_kubernetes_executor.py
[2026-02-06T09:15:35.076+0200] {logging_mixin.py:188} INFO - [2026-02-06T09:15:35.076+0200] {example_kubernetes_executor.py:38} WARNING - The example_kubernetes_executor example DAG requires the kubernetes provider. Please install it with: pip install apache-airflow[cncf.kubernetes]
[2026-02-06T09:15:35.076+0200] {processor.py:842} WARNING - No viable dags retrieved from /home/pazzoti/de-upskilling/airflow-flight-price-analysis/venv/lib/python3.10/site-packages/airflow/example_dags/example_kubernetes_executor.py
[2026-02-06T09:15:35.085+0200] {processor.py:183} INFO - Processing /home/pazzoti/de-upskilling/airflow-flight-price-analysis/venv/lib/python3.10/site-packages/airflow/example_dags/example_kubernetes_executor.py took 0.018 seconds
[2026-02-06T09:16:08.307+0200] {processor.py:161} INFO - Started process (PID=9346) to work on /home/pazzoti/de-upskilling/airflow-flight-price-analysis/venv/lib/python3.10/site-packages/airflow/example_dags/example_kubernetes_executor.py
[2026-02-06T09:16:08.314+0200] {processor.py:830} INFO - Processing file /home/pazzoti/de-upskilling/airflow-flight-price-analysis/venv/lib/python3.10/site-packages/airflow/example_dags/example_kubernetes_executor.py for tasks to queue
[2026-02-06T09:16:08.315+0200] {logging_mixin.py:188} INFO - [2026-02-06T09:16:08.314+0200] {dagbag.py:538} INFO - Filling up the DagBag from /home/pazzoti/de-upskilling/airflow-flight-price-analysis/venv/lib/python3.10/site-packages/airflow/example_dags/example_kubernetes_executor.py
[2026-02-06T09:16:08.317+0200] {logging_mixin.py:188} INFO - [2026-02-06T09:16:08.317+0200] {example_kubernetes_executor.py:38} WARNING - The example_kubernetes_executor example DAG requires the kubernetes provider. Please install it with: pip install apache-airflow[cncf.kubernetes]
[2026-02-06T09:16:08.317+0200] {processor.py:842} WARNING - No viable dags retrieved from /home/pazzoti/de-upskilling/airflow-flight-price-analysis/venv/lib/python3.10/site-packages/airflow/example_dags/example_kubernetes_executor.py
[2026-02-06T09:16:08.324+0200] {processor.py:183} INFO - Processing /home/pazzoti/de-upskilling/airflow-flight-price-analysis/venv/lib/python3.10/site-packages/airflow/example_dags/example_kubernetes_executor.py took 0.019 seconds
[2026-02-06T09:16:43.542+0200] {processor.py:161} INFO - Started process (PID=9509) to work on /home/pazzoti/de-upskilling/airflow-flight-price-analysis/venv/lib/python3.10/site-packages/airflow/example_dags/example_kubernetes_executor.py
[2026-02-06T09:16:43.547+0200] {processor.py:830} INFO - Processing file /home/pazzoti/de-upskilling/airflow-flight-price-analysis/venv/lib/python3.10/site-packages/airflow/example_dags/example_kubernetes_executor.py for tasks to queue
[2026-02-06T09:16:43.548+0200] {logging_mixin.py:188} INFO - [2026-02-06T09:16:43.547+0200] {dagbag.py:538} INFO - Filling up the DagBag from /home/pazzoti/de-upskilling/airflow-flight-price-analysis/venv/lib/python3.10/site-packages/airflow/example_dags/example_kubernetes_executor.py
[2026-02-06T09:16:43.551+0200] {logging_mixin.py:188} INFO - [2026-02-06T09:16:43.551+0200] {example_kubernetes_executor.py:38} WARNING - The example_kubernetes_executor example DAG requires the kubernetes provider. Please install it with: pip install apache-airflow[cncf.kubernetes]
[2026-02-06T09:16:43.551+0200] {processor.py:842} WARNING - No viable dags retrieved from /home/pazzoti/de-upskilling/airflow-flight-price-analysis/venv/lib/python3.10/site-packages/airflow/example_dags/example_kubernetes_executor.py
[2026-02-06T09:16:43.558+0200] {processor.py:183} INFO - Processing /home/pazzoti/de-upskilling/airflow-flight-price-analysis/venv/lib/python3.10/site-packages/airflow/example_dags/example_kubernetes_executor.py took 0.021 seconds
[2026-02-06T09:17:19.563+0200] {processor.py:161} INFO - Started process (PID=9683) to work on /home/pazzoti/de-upskilling/airflow-flight-price-analysis/venv/lib/python3.10/site-packages/airflow/example_dags/example_kubernetes_executor.py
[2026-02-06T09:17:19.564+0200] {processor.py:830} INFO - Processing file /home/pazzoti/de-upskilling/airflow-flight-price-analysis/venv/lib/python3.10/site-packages/airflow/example_dags/example_kubernetes_executor.py for tasks to queue
[2026-02-06T09:17:19.565+0200] {logging_mixin.py:188} INFO - [2026-02-06T09:17:19.565+0200] {dagbag.py:538} INFO - Filling up the DagBag from /home/pazzoti/de-upskilling/airflow-flight-price-analysis/venv/lib/python3.10/site-packages/airflow/example_dags/example_kubernetes_executor.py
[2026-02-06T09:17:19.567+0200] {logging_mixin.py:188} INFO - [2026-02-06T09:17:19.567+0200] {example_kubernetes_executor.py:38} WARNING - The example_kubernetes_executor example DAG requires the kubernetes provider. Please install it with: pip install apache-airflow[cncf.kubernetes]
[2026-02-06T09:17:19.568+0200] {processor.py:842} WARNING - No viable dags retrieved from /home/pazzoti/de-upskilling/airflow-flight-price-analysis/venv/lib/python3.10/site-packages/airflow/example_dags/example_kubernetes_executor.py
[2026-02-06T09:17:19.575+0200] {processor.py:183} INFO - Processing /home/pazzoti/de-upskilling/airflow-flight-price-analysis/venv/lib/python3.10/site-packages/airflow/example_dags/example_kubernetes_executor.py took 0.014 seconds
[2026-02-06T09:29:17.737+0200] {processor.py:161} INFO - Started process (PID=9874) to work on /home/pazzoti/de-upskilling/airflow-flight-price-analysis/venv/lib/python3.10/site-packages/airflow/example_dags/example_kubernetes_executor.py
[2026-02-06T09:29:17.747+0200] {processor.py:830} INFO - Processing file /home/pazzoti/de-upskilling/airflow-flight-price-analysis/venv/lib/python3.10/site-packages/airflow/example_dags/example_kubernetes_executor.py for tasks to queue
[2026-02-06T09:29:17.748+0200] {logging_mixin.py:188} INFO - [2026-02-06T09:29:17.748+0200] {dagbag.py:538} INFO - Filling up the DagBag from /home/pazzoti/de-upskilling/airflow-flight-price-analysis/venv/lib/python3.10/site-packages/airflow/example_dags/example_kubernetes_executor.py
[2026-02-06T09:29:17.751+0200] {logging_mixin.py:188} INFO - [2026-02-06T09:29:17.750+0200] {example_kubernetes_executor.py:38} WARNING - The example_kubernetes_executor example DAG requires the kubernetes provider. Please install it with: pip install apache-airflow[cncf.kubernetes]
[2026-02-06T09:29:17.751+0200] {processor.py:842} WARNING - No viable dags retrieved from /home/pazzoti/de-upskilling/airflow-flight-price-analysis/venv/lib/python3.10/site-packages/airflow/example_dags/example_kubernetes_executor.py
[2026-02-06T09:29:17.758+0200] {processor.py:183} INFO - Processing /home/pazzoti/de-upskilling/airflow-flight-price-analysis/venv/lib/python3.10/site-packages/airflow/example_dags/example_kubernetes_executor.py took 0.023 seconds
[2026-02-06T09:30:00.425+0200] {processor.py:161} INFO - Started process (PID=9954) to work on /home/pazzoti/de-upskilling/airflow-flight-price-analysis/venv/lib/python3.10/site-packages/airflow/example_dags/example_kubernetes_executor.py
[2026-02-06T09:30:00.432+0200] {processor.py:830} INFO - Processing file /home/pazzoti/de-upskilling/airflow-flight-price-analysis/venv/lib/python3.10/site-packages/airflow/example_dags/example_kubernetes_executor.py for tasks to queue
[2026-02-06T09:30:00.432+0200] {logging_mixin.py:188} INFO - [2026-02-06T09:30:00.432+0200] {dagbag.py:538} INFO - Filling up the DagBag from /home/pazzoti/de-upskilling/airflow-flight-price-analysis/venv/lib/python3.10/site-packages/airflow/example_dags/example_kubernetes_executor.py
[2026-02-06T09:30:00.435+0200] {logging_mixin.py:188} INFO - [2026-02-06T09:30:00.435+0200] {example_kubernetes_executor.py:38} WARNING - The example_kubernetes_executor example DAG requires the kubernetes provider. Please install it with: pip install apache-airflow[cncf.kubernetes]
[2026-02-06T09:30:00.436+0200] {processor.py:842} WARNING - No viable dags retrieved from /home/pazzoti/de-upskilling/airflow-flight-price-analysis/venv/lib/python3.10/site-packages/airflow/example_dags/example_kubernetes_executor.py
[2026-02-06T09:30:00.445+0200] {processor.py:183} INFO - Processing /home/pazzoti/de-upskilling/airflow-flight-price-analysis/venv/lib/python3.10/site-packages/airflow/example_dags/example_kubernetes_executor.py took 0.022 seconds
[2026-02-06T09:30:43.124+0200] {processor.py:161} INFO - Started process (PID=10021) to work on /home/pazzoti/de-upskilling/airflow-flight-price-analysis/venv/lib/python3.10/site-packages/airflow/example_dags/example_kubernetes_executor.py
[2026-02-06T09:30:43.131+0200] {processor.py:830} INFO - Processing file /home/pazzoti/de-upskilling/airflow-flight-price-analysis/venv/lib/python3.10/site-packages/airflow/example_dags/example_kubernetes_executor.py for tasks to queue
[2026-02-06T09:30:43.131+0200] {logging_mixin.py:188} INFO - [2026-02-06T09:30:43.131+0200] {dagbag.py:538} INFO - Filling up the DagBag from /home/pazzoti/de-upskilling/airflow-flight-price-analysis/venv/lib/python3.10/site-packages/airflow/example_dags/example_kubernetes_executor.py
[2026-02-06T09:30:43.134+0200] {logging_mixin.py:188} INFO - [2026-02-06T09:30:43.134+0200] {example_kubernetes_executor.py:38} WARNING - The example_kubernetes_executor example DAG requires the kubernetes provider. Please install it with: pip install apache-airflow[cncf.kubernetes]
[2026-02-06T09:30:43.134+0200] {processor.py:842} WARNING - No viable dags retrieved from /home/pazzoti/de-upskilling/airflow-flight-price-analysis/venv/lib/python3.10/site-packages/airflow/example_dags/example_kubernetes_executor.py
[2026-02-06T09:30:43.140+0200] {processor.py:183} INFO - Processing /home/pazzoti/de-upskilling/airflow-flight-price-analysis/venv/lib/python3.10/site-packages/airflow/example_dags/example_kubernetes_executor.py took 0.019 seconds
[2026-02-06T09:31:24.232+0200] {processor.py:161} INFO - Started process (PID=10092) to work on /home/pazzoti/de-upskilling/airflow-flight-price-analysis/venv/lib/python3.10/site-packages/airflow/example_dags/example_kubernetes_executor.py
[2026-02-06T09:31:24.236+0200] {processor.py:830} INFO - Processing file /home/pazzoti/de-upskilling/airflow-flight-price-analysis/venv/lib/python3.10/site-packages/airflow/example_dags/example_kubernetes_executor.py for tasks to queue
[2026-02-06T09:31:24.237+0200] {logging_mixin.py:188} INFO - [2026-02-06T09:31:24.236+0200] {dagbag.py:538} INFO - Filling up the DagBag from /home/pazzoti/de-upskilling/airflow-flight-price-analysis/venv/lib/python3.10/site-packages/airflow/example_dags/example_kubernetes_executor.py
[2026-02-06T09:31:24.239+0200] {logging_mixin.py:188} INFO - [2026-02-06T09:31:24.239+0200] {example_kubernetes_executor.py:38} WARNING - The example_kubernetes_executor example DAG requires the kubernetes provider. Please install it with: pip install apache-airflow[cncf.kubernetes]
[2026-02-06T09:31:24.239+0200] {processor.py:842} WARNING - No viable dags retrieved from /home/pazzoti/de-upskilling/airflow-flight-price-analysis/venv/lib/python3.10/site-packages/airflow/example_dags/example_kubernetes_executor.py
[2026-02-06T09:31:24.246+0200] {processor.py:183} INFO - Processing /home/pazzoti/de-upskilling/airflow-flight-price-analysis/venv/lib/python3.10/site-packages/airflow/example_dags/example_kubernetes_executor.py took 0.016 seconds
[2026-02-06T09:32:12.844+0200] {processor.py:161} INFO - Started process (PID=10179) to work on /home/pazzoti/de-upskilling/airflow-flight-price-analysis/venv/lib/python3.10/site-packages/airflow/example_dags/example_kubernetes_executor.py
[2026-02-06T09:32:12.851+0200] {processor.py:830} INFO - Processing file /home/pazzoti/de-upskilling/airflow-flight-price-analysis/venv/lib/python3.10/site-packages/airflow/example_dags/example_kubernetes_executor.py for tasks to queue
[2026-02-06T09:32:12.852+0200] {logging_mixin.py:188} INFO - [2026-02-06T09:32:12.851+0200] {dagbag.py:538} INFO - Filling up the DagBag from /home/pazzoti/de-upskilling/airflow-flight-price-analysis/venv/lib/python3.10/site-packages/airflow/example_dags/example_kubernetes_executor.py
[2026-02-06T09:32:12.854+0200] {logging_mixin.py:188} INFO - [2026-02-06T09:32:12.854+0200] {example_kubernetes_executor.py:38} WARNING - The example_kubernetes_executor example DAG requires the kubernetes provider. Please install it with: pip install apache-airflow[cncf.kubernetes]
[2026-02-06T09:32:12.854+0200] {processor.py:842} WARNING - No viable dags retrieved from /home/pazzoti/de-upskilling/airflow-flight-price-analysis/venv/lib/python3.10/site-packages/airflow/example_dags/example_kubernetes_executor.py
[2026-02-06T09:32:12.861+0200] {processor.py:183} INFO - Processing /home/pazzoti/de-upskilling/airflow-flight-price-analysis/venv/lib/python3.10/site-packages/airflow/example_dags/example_kubernetes_executor.py took 0.019 seconds
[2026-02-06T09:32:48.777+0200] {processor.py:161} INFO - Started process (PID=10281) to work on /home/pazzoti/de-upskilling/airflow-flight-price-analysis/venv/lib/python3.10/site-packages/airflow/example_dags/example_kubernetes_executor.py
[2026-02-06T09:32:48.783+0200] {processor.py:830} INFO - Processing file /home/pazzoti/de-upskilling/airflow-flight-price-analysis/venv/lib/python3.10/site-packages/airflow/example_dags/example_kubernetes_executor.py for tasks to queue
[2026-02-06T09:32:48.784+0200] {logging_mixin.py:188} INFO - [2026-02-06T09:32:48.783+0200] {dagbag.py:538} INFO - Filling up the DagBag from /home/pazzoti/de-upskilling/airflow-flight-price-analysis/venv/lib/python3.10/site-packages/airflow/example_dags/example_kubernetes_executor.py
[2026-02-06T09:32:48.787+0200] {logging_mixin.py:188} INFO - [2026-02-06T09:32:48.787+0200] {example_kubernetes_executor.py:38} WARNING - The example_kubernetes_executor example DAG requires the kubernetes provider. Please install it with: pip install apache-airflow[cncf.kubernetes]
[2026-02-06T09:32:48.787+0200] {processor.py:842} WARNING - No viable dags retrieved from /home/pazzoti/de-upskilling/airflow-flight-price-analysis/venv/lib/python3.10/site-packages/airflow/example_dags/example_kubernetes_executor.py
[2026-02-06T09:32:48.795+0200] {processor.py:183} INFO - Processing /home/pazzoti/de-upskilling/airflow-flight-price-analysis/venv/lib/python3.10/site-packages/airflow/example_dags/example_kubernetes_executor.py took 0.021 seconds
[2026-02-06T09:33:35.717+0200] {processor.py:161} INFO - Started process (PID=10346) to work on /home/pazzoti/de-upskilling/airflow-flight-price-analysis/venv/lib/python3.10/site-packages/airflow/example_dags/example_kubernetes_executor.py
[2026-02-06T09:33:35.718+0200] {processor.py:830} INFO - Processing file /home/pazzoti/de-upskilling/airflow-flight-price-analysis/venv/lib/python3.10/site-packages/airflow/example_dags/example_kubernetes_executor.py for tasks to queue
[2026-02-06T09:33:35.719+0200] {logging_mixin.py:188} INFO - [2026-02-06T09:33:35.719+0200] {dagbag.py:538} INFO - Filling up the DagBag from /home/pazzoti/de-upskilling/airflow-flight-price-analysis/venv/lib/python3.10/site-packages/airflow/example_dags/example_kubernetes_executor.py
[2026-02-06T09:33:35.722+0200] {logging_mixin.py:188} INFO - [2026-02-06T09:33:35.722+0200] {example_kubernetes_executor.py:38} WARNING - The example_kubernetes_executor example DAG requires the kubernetes provider. Please install it with: pip install apache-airflow[cncf.kubernetes]
[2026-02-06T09:33:35.723+0200] {processor.py:842} WARNING - No viable dags retrieved from /home/pazzoti/de-upskilling/airflow-flight-price-analysis/venv/lib/python3.10/site-packages/airflow/example_dags/example_kubernetes_executor.py
[2026-02-06T09:33:35.739+0200] {processor.py:183} INFO - Processing /home/pazzoti/de-upskilling/airflow-flight-price-analysis/venv/lib/python3.10/site-packages/airflow/example_dags/example_kubernetes_executor.py took 0.025 seconds
[2026-02-06T09:34:26.631+0200] {processor.py:161} INFO - Started process (PID=10433) to work on /home/pazzoti/de-upskilling/airflow-flight-price-analysis/venv/lib/python3.10/site-packages/airflow/example_dags/example_kubernetes_executor.py
[2026-02-06T09:34:26.634+0200] {processor.py:830} INFO - Processing file /home/pazzoti/de-upskilling/airflow-flight-price-analysis/venv/lib/python3.10/site-packages/airflow/example_dags/example_kubernetes_executor.py for tasks to queue
[2026-02-06T09:34:26.635+0200] {logging_mixin.py:188} INFO - [2026-02-06T09:34:26.635+0200] {dagbag.py:538} INFO - Filling up the DagBag from /home/pazzoti/de-upskilling/airflow-flight-price-analysis/venv/lib/python3.10/site-packages/airflow/example_dags/example_kubernetes_executor.py
[2026-02-06T09:34:26.639+0200] {logging_mixin.py:188} INFO - [2026-02-06T09:34:26.639+0200] {example_kubernetes_executor.py:38} WARNING - The example_kubernetes_executor example DAG requires the kubernetes provider. Please install it with: pip install apache-airflow[cncf.kubernetes]
[2026-02-06T09:34:26.640+0200] {processor.py:842} WARNING - No viable dags retrieved from /home/pazzoti/de-upskilling/airflow-flight-price-analysis/venv/lib/python3.10/site-packages/airflow/example_dags/example_kubernetes_executor.py
[2026-02-06T09:34:26.649+0200] {processor.py:183} INFO - Processing /home/pazzoti/de-upskilling/airflow-flight-price-analysis/venv/lib/python3.10/site-packages/airflow/example_dags/example_kubernetes_executor.py took 0.021 seconds
[2026-02-06T09:35:02.774+0200] {processor.py:161} INFO - Started process (PID=10553) to work on /home/pazzoti/de-upskilling/airflow-flight-price-analysis/venv/lib/python3.10/site-packages/airflow/example_dags/example_kubernetes_executor.py
[2026-02-06T09:35:02.776+0200] {processor.py:830} INFO - Processing file /home/pazzoti/de-upskilling/airflow-flight-price-analysis/venv/lib/python3.10/site-packages/airflow/example_dags/example_kubernetes_executor.py for tasks to queue
[2026-02-06T09:35:02.778+0200] {logging_mixin.py:188} INFO - [2026-02-06T09:35:02.777+0200] {dagbag.py:538} INFO - Filling up the DagBag from /home/pazzoti/de-upskilling/airflow-flight-price-analysis/venv/lib/python3.10/site-packages/airflow/example_dags/example_kubernetes_executor.py
[2026-02-06T09:35:02.782+0200] {logging_mixin.py:188} INFO - [2026-02-06T09:35:02.781+0200] {example_kubernetes_executor.py:38} WARNING - The example_kubernetes_executor example DAG requires the kubernetes provider. Please install it with: pip install apache-airflow[cncf.kubernetes]
[2026-02-06T09:35:02.782+0200] {processor.py:842} WARNING - No viable dags retrieved from /home/pazzoti/de-upskilling/airflow-flight-price-analysis/venv/lib/python3.10/site-packages/airflow/example_dags/example_kubernetes_executor.py
