[2026-02-06T09:01:48.272+0200] {processor.py:161} INFO - Started process (PID=4474) to work on /home/pazzoti/de-upskilling/airflow-flight-price-analysis/venv/lib/python3.10/site-packages/airflow/example_dags/example_branch_datetime_operator.py
[2026-02-06T09:01:48.273+0200] {processor.py:830} INFO - Processing file /home/pazzoti/de-upskilling/airflow-flight-price-analysis/venv/lib/python3.10/site-packages/airflow/example_dags/example_branch_datetime_operator.py for tasks to queue
[2026-02-06T09:01:48.274+0200] {logging_mixin.py:188} INFO - [2026-02-06T09:01:48.274+0200] {dagbag.py:538} INFO - Filling up the DagBag from /home/pazzoti/de-upskilling/airflow-flight-price-analysis/venv/lib/python3.10/site-packages/airflow/example_dags/example_branch_datetime_operator.py
[2026-02-06T09:01:48.287+0200] {processor.py:840} INFO - DAG(s) 'example_branch_datetime_operator', 'example_branch_datetime_operator_3', 'example_branch_datetime_operator_2' retrieved from /home/pazzoti/de-upskilling/airflow-flight-price-analysis/venv/lib/python3.10/site-packages/airflow/example_dags/example_branch_datetime_operator.py
[2026-02-06T09:01:48.302+0200] {logging_mixin.py:188} INFO - [2026-02-06T09:01:48.301+0200] {dag.py:3036} INFO - Sync 3 DAGs
[2026-02-06T09:01:48.318+0200] {logging_mixin.py:188} INFO - [2026-02-06T09:01:48.318+0200] {dag.py:3823} INFO - Setting next_dagrun for example_branch_datetime_operator to 2026-02-05 00:00:00+00:00, run_after=2026-02-06 00:00:00+00:00
[2026-02-06T09:01:48.324+0200] {logging_mixin.py:188} INFO - [2026-02-06T09:01:48.323+0200] {dag.py:3823} INFO - Setting next_dagrun for example_branch_datetime_operator_2 to 2026-02-05 00:00:00+00:00, run_after=2026-02-06 00:00:00+00:00
[2026-02-06T09:01:48.327+0200] {logging_mixin.py:188} INFO - [2026-02-06T09:01:48.327+0200] {dag.py:3823} INFO - Setting next_dagrun for example_branch_datetime_operator_3 to 2026-02-05 00:00:00+00:00, run_after=2026-02-06 00:00:00+00:00
[2026-02-06T09:01:48.345+0200] {processor.py:183} INFO - Processing /home/pazzoti/de-upskilling/airflow-flight-price-analysis/venv/lib/python3.10/site-packages/airflow/example_dags/example_branch_datetime_operator.py took 0.075 seconds
[2026-02-06T09:02:45.489+0200] {processor.py:161} INFO - Started process (PID=4959) to work on /home/pazzoti/de-upskilling/airflow-flight-price-analysis/venv/lib/python3.10/site-packages/airflow/example_dags/example_branch_datetime_operator.py
[2026-02-06T09:02:45.490+0200] {processor.py:830} INFO - Processing file /home/pazzoti/de-upskilling/airflow-flight-price-analysis/venv/lib/python3.10/site-packages/airflow/example_dags/example_branch_datetime_operator.py for tasks to queue
[2026-02-06T09:02:45.491+0200] {logging_mixin.py:188} INFO - [2026-02-06T09:02:45.491+0200] {dagbag.py:538} INFO - Filling up the DagBag from /home/pazzoti/de-upskilling/airflow-flight-price-analysis/venv/lib/python3.10/site-packages/airflow/example_dags/example_branch_datetime_operator.py
[2026-02-06T09:02:45.497+0200] {processor.py:840} INFO - DAG(s) 'example_branch_datetime_operator', 'example_branch_datetime_operator_2', 'example_branch_datetime_operator_3' retrieved from /home/pazzoti/de-upskilling/airflow-flight-price-analysis/venv/lib/python3.10/site-packages/airflow/example_dags/example_branch_datetime_operator.py
[2026-02-06T09:02:45.511+0200] {logging_mixin.py:188} INFO - [2026-02-06T09:02:45.511+0200] {dag.py:3036} INFO - Sync 3 DAGs
[2026-02-06T09:02:45.521+0200] {logging_mixin.py:188} INFO - [2026-02-06T09:02:45.521+0200] {dag.py:3823} INFO - Setting next_dagrun for example_branch_datetime_operator to 2026-02-05 00:00:00+00:00, run_after=2026-02-06 00:00:00+00:00
[2026-02-06T09:02:45.524+0200] {logging_mixin.py:188} INFO - [2026-02-06T09:02:45.523+0200] {dag.py:3823} INFO - Setting next_dagrun for example_branch_datetime_operator_2 to 2026-02-05 00:00:00+00:00, run_after=2026-02-06 00:00:00+00:00
[2026-02-06T09:02:45.525+0200] {logging_mixin.py:188} INFO - [2026-02-06T09:02:45.525+0200] {dag.py:3823} INFO - Setting next_dagrun for example_branch_datetime_operator_3 to 2026-02-05 00:00:00+00:00, run_after=2026-02-06 00:00:00+00:00
[2026-02-06T09:02:45.541+0200] {processor.py:183} INFO - Processing /home/pazzoti/de-upskilling/airflow-flight-price-analysis/venv/lib/python3.10/site-packages/airflow/example_dags/example_branch_datetime_operator.py took 0.053 seconds
[2026-02-06T09:03:37.336+0200] {processor.py:161} INFO - Started process (PID=5201) to work on /home/pazzoti/de-upskilling/airflow-flight-price-analysis/venv/lib/python3.10/site-packages/airflow/example_dags/example_branch_datetime_operator.py
[2026-02-06T09:03:37.338+0200] {processor.py:830} INFO - Processing file /home/pazzoti/de-upskilling/airflow-flight-price-analysis/venv/lib/python3.10/site-packages/airflow/example_dags/example_branch_datetime_operator.py for tasks to queue
[2026-02-06T09:03:37.340+0200] {logging_mixin.py:188} INFO - [2026-02-06T09:03:37.340+0200] {dagbag.py:538} INFO - Filling up the DagBag from /home/pazzoti/de-upskilling/airflow-flight-price-analysis/venv/lib/python3.10/site-packages/airflow/example_dags/example_branch_datetime_operator.py
[2026-02-06T09:03:37.347+0200] {processor.py:840} INFO - DAG(s) 'example_branch_datetime_operator_2', 'example_branch_datetime_operator_3', 'example_branch_datetime_operator' retrieved from /home/pazzoti/de-upskilling/airflow-flight-price-analysis/venv/lib/python3.10/site-packages/airflow/example_dags/example_branch_datetime_operator.py
[2026-02-06T09:03:37.365+0200] {logging_mixin.py:188} INFO - [2026-02-06T09:03:37.364+0200] {dag.py:3036} INFO - Sync 3 DAGs
[2026-02-06T09:03:37.382+0200] {logging_mixin.py:188} INFO - [2026-02-06T09:03:37.382+0200] {dag.py:3823} INFO - Setting next_dagrun for example_branch_datetime_operator to 2026-02-05 00:00:00+00:00, run_after=2026-02-06 00:00:00+00:00
[2026-02-06T09:03:37.385+0200] {logging_mixin.py:188} INFO - [2026-02-06T09:03:37.385+0200] {dag.py:3823} INFO - Setting next_dagrun for example_branch_datetime_operator_2 to 2026-02-05 00:00:00+00:00, run_after=2026-02-06 00:00:00+00:00
[2026-02-06T09:03:37.387+0200] {logging_mixin.py:188} INFO - [2026-02-06T09:03:37.387+0200] {dag.py:3823} INFO - Setting next_dagrun for example_branch_datetime_operator_3 to 2026-02-05 00:00:00+00:00, run_after=2026-02-06 00:00:00+00:00
[2026-02-06T09:03:37.408+0200] {processor.py:183} INFO - Processing /home/pazzoti/de-upskilling/airflow-flight-price-analysis/venv/lib/python3.10/site-packages/airflow/example_dags/example_branch_datetime_operator.py took 0.075 seconds
[2026-02-06T09:04:31.083+0200] {processor.py:161} INFO - Started process (PID=5451) to work on /home/pazzoti/de-upskilling/airflow-flight-price-analysis/venv/lib/python3.10/site-packages/airflow/example_dags/example_branch_datetime_operator.py
[2026-02-06T09:04:31.090+0200] {processor.py:830} INFO - Processing file /home/pazzoti/de-upskilling/airflow-flight-price-analysis/venv/lib/python3.10/site-packages/airflow/example_dags/example_branch_datetime_operator.py for tasks to queue
[2026-02-06T09:04:31.090+0200] {logging_mixin.py:188} INFO - [2026-02-06T09:04:31.090+0200] {dagbag.py:538} INFO - Filling up the DagBag from /home/pazzoti/de-upskilling/airflow-flight-price-analysis/venv/lib/python3.10/site-packages/airflow/example_dags/example_branch_datetime_operator.py
[2026-02-06T09:04:31.097+0200] {processor.py:840} INFO - DAG(s) 'example_branch_datetime_operator_3', 'example_branch_datetime_operator_2', 'example_branch_datetime_operator' retrieved from /home/pazzoti/de-upskilling/airflow-flight-price-analysis/venv/lib/python3.10/site-packages/airflow/example_dags/example_branch_datetime_operator.py
[2026-02-06T09:04:31.109+0200] {logging_mixin.py:188} INFO - [2026-02-06T09:04:31.109+0200] {dag.py:3036} INFO - Sync 3 DAGs
[2026-02-06T09:04:31.120+0200] {logging_mixin.py:188} INFO - [2026-02-06T09:04:31.120+0200] {dag.py:3823} INFO - Setting next_dagrun for example_branch_datetime_operator to 2026-02-05 00:00:00+00:00, run_after=2026-02-06 00:00:00+00:00
[2026-02-06T09:04:31.123+0200] {logging_mixin.py:188} INFO - [2026-02-06T09:04:31.123+0200] {dag.py:3823} INFO - Setting next_dagrun for example_branch_datetime_operator_2 to 2026-02-05 00:00:00+00:00, run_after=2026-02-06 00:00:00+00:00
[2026-02-06T09:04:31.124+0200] {logging_mixin.py:188} INFO - [2026-02-06T09:04:31.124+0200] {dag.py:3823} INFO - Setting next_dagrun for example_branch_datetime_operator_3 to 2026-02-05 00:00:00+00:00, run_after=2026-02-06 00:00:00+00:00
[2026-02-06T09:04:31.138+0200] {processor.py:183} INFO - Processing /home/pazzoti/de-upskilling/airflow-flight-price-analysis/venv/lib/python3.10/site-packages/airflow/example_dags/example_branch_datetime_operator.py took 0.058 seconds
[2026-02-06T09:05:27.383+0200] {processor.py:161} INFO - Started process (PID=5732) to work on /home/pazzoti/de-upskilling/airflow-flight-price-analysis/venv/lib/python3.10/site-packages/airflow/example_dags/example_branch_datetime_operator.py
[2026-02-06T09:05:27.385+0200] {processor.py:830} INFO - Processing file /home/pazzoti/de-upskilling/airflow-flight-price-analysis/venv/lib/python3.10/site-packages/airflow/example_dags/example_branch_datetime_operator.py for tasks to queue
[2026-02-06T09:05:27.385+0200] {logging_mixin.py:188} INFO - [2026-02-06T09:05:27.385+0200] {dagbag.py:538} INFO - Filling up the DagBag from /home/pazzoti/de-upskilling/airflow-flight-price-analysis/venv/lib/python3.10/site-packages/airflow/example_dags/example_branch_datetime_operator.py
[2026-02-06T09:05:27.391+0200] {processor.py:840} INFO - DAG(s) 'example_branch_datetime_operator', 'example_branch_datetime_operator_3', 'example_branch_datetime_operator_2' retrieved from /home/pazzoti/de-upskilling/airflow-flight-price-analysis/venv/lib/python3.10/site-packages/airflow/example_dags/example_branch_datetime_operator.py
[2026-02-06T09:05:27.405+0200] {logging_mixin.py:188} INFO - [2026-02-06T09:05:27.404+0200] {dag.py:3036} INFO - Sync 3 DAGs
[2026-02-06T09:05:27.418+0200] {logging_mixin.py:188} INFO - [2026-02-06T09:05:27.418+0200] {dag.py:3823} INFO - Setting next_dagrun for example_branch_datetime_operator to 2026-02-05 00:00:00+00:00, run_after=2026-02-06 00:00:00+00:00
[2026-02-06T09:05:27.420+0200] {logging_mixin.py:188} INFO - [2026-02-06T09:05:27.420+0200] {dag.py:3823} INFO - Setting next_dagrun for example_branch_datetime_operator_2 to 2026-02-05 00:00:00+00:00, run_after=2026-02-06 00:00:00+00:00
[2026-02-06T09:05:27.421+0200] {logging_mixin.py:188} INFO - [2026-02-06T09:05:27.421+0200] {dag.py:3823} INFO - Setting next_dagrun for example_branch_datetime_operator_3 to 2026-02-05 00:00:00+00:00, run_after=2026-02-06 00:00:00+00:00
[2026-02-06T09:05:27.436+0200] {processor.py:183} INFO - Processing /home/pazzoti/de-upskilling/airflow-flight-price-analysis/venv/lib/python3.10/site-packages/airflow/example_dags/example_branch_datetime_operator.py took 0.056 seconds
[2026-02-06T09:06:22.247+0200] {processor.py:161} INFO - Started process (PID=6019) to work on /home/pazzoti/de-upskilling/airflow-flight-price-analysis/venv/lib/python3.10/site-packages/airflow/example_dags/example_branch_datetime_operator.py
[2026-02-06T09:06:22.253+0200] {processor.py:830} INFO - Processing file /home/pazzoti/de-upskilling/airflow-flight-price-analysis/venv/lib/python3.10/site-packages/airflow/example_dags/example_branch_datetime_operator.py for tasks to queue
[2026-02-06T09:06:22.254+0200] {logging_mixin.py:188} INFO - [2026-02-06T09:06:22.254+0200] {dagbag.py:538} INFO - Filling up the DagBag from /home/pazzoti/de-upskilling/airflow-flight-price-analysis/venv/lib/python3.10/site-packages/airflow/example_dags/example_branch_datetime_operator.py
[2026-02-06T09:06:22.261+0200] {processor.py:840} INFO - DAG(s) 'example_branch_datetime_operator_3', 'example_branch_datetime_operator_2', 'example_branch_datetime_operator' retrieved from /home/pazzoti/de-upskilling/airflow-flight-price-analysis/venv/lib/python3.10/site-packages/airflow/example_dags/example_branch_datetime_operator.py
[2026-02-06T09:06:22.274+0200] {logging_mixin.py:188} INFO - [2026-02-06T09:06:22.274+0200] {dag.py:3036} INFO - Sync 3 DAGs
[2026-02-06T09:06:22.285+0200] {logging_mixin.py:188} INFO - [2026-02-06T09:06:22.285+0200] {dag.py:3823} INFO - Setting next_dagrun for example_branch_datetime_operator to 2026-02-05 00:00:00+00:00, run_after=2026-02-06 00:00:00+00:00
[2026-02-06T09:06:22.287+0200] {logging_mixin.py:188} INFO - [2026-02-06T09:06:22.287+0200] {dag.py:3823} INFO - Setting next_dagrun for example_branch_datetime_operator_2 to 2026-02-05 00:00:00+00:00, run_after=2026-02-06 00:00:00+00:00
[2026-02-06T09:06:22.288+0200] {logging_mixin.py:188} INFO - [2026-02-06T09:06:22.288+0200] {dag.py:3823} INFO - Setting next_dagrun for example_branch_datetime_operator_3 to 2026-02-05 00:00:00+00:00, run_after=2026-02-06 00:00:00+00:00
[2026-02-06T09:06:22.306+0200] {processor.py:183} INFO - Processing /home/pazzoti/de-upskilling/airflow-flight-price-analysis/venv/lib/python3.10/site-packages/airflow/example_dags/example_branch_datetime_operator.py took 0.061 seconds
[2026-02-06T09:07:18.172+0200] {processor.py:161} INFO - Started process (PID=6333) to work on /home/pazzoti/de-upskilling/airflow-flight-price-analysis/venv/lib/python3.10/site-packages/airflow/example_dags/example_branch_datetime_operator.py
[2026-02-06T09:07:18.173+0200] {processor.py:830} INFO - Processing file /home/pazzoti/de-upskilling/airflow-flight-price-analysis/venv/lib/python3.10/site-packages/airflow/example_dags/example_branch_datetime_operator.py for tasks to queue
[2026-02-06T09:07:18.174+0200] {logging_mixin.py:188} INFO - [2026-02-06T09:07:18.174+0200] {dagbag.py:538} INFO - Filling up the DagBag from /home/pazzoti/de-upskilling/airflow-flight-price-analysis/venv/lib/python3.10/site-packages/airflow/example_dags/example_branch_datetime_operator.py
[2026-02-06T09:07:18.182+0200] {processor.py:840} INFO - DAG(s) 'example_branch_datetime_operator', 'example_branch_datetime_operator_2', 'example_branch_datetime_operator_3' retrieved from /home/pazzoti/de-upskilling/airflow-flight-price-analysis/venv/lib/python3.10/site-packages/airflow/example_dags/example_branch_datetime_operator.py
[2026-02-06T09:07:18.205+0200] {logging_mixin.py:188} INFO - [2026-02-06T09:07:18.205+0200] {dag.py:3036} INFO - Sync 3 DAGs
[2026-02-06T09:07:18.221+0200] {logging_mixin.py:188} INFO - [2026-02-06T09:07:18.221+0200] {dag.py:3823} INFO - Setting next_dagrun for example_branch_datetime_operator to 2026-02-05 00:00:00+00:00, run_after=2026-02-06 00:00:00+00:00
[2026-02-06T09:07:18.225+0200] {logging_mixin.py:188} INFO - [2026-02-06T09:07:18.224+0200] {dag.py:3823} INFO - Setting next_dagrun for example_branch_datetime_operator_2 to 2026-02-05 00:00:00+00:00, run_after=2026-02-06 00:00:00+00:00
[2026-02-06T09:07:18.226+0200] {logging_mixin.py:188} INFO - [2026-02-06T09:07:18.226+0200] {dag.py:3823} INFO - Setting next_dagrun for example_branch_datetime_operator_3 to 2026-02-05 00:00:00+00:00, run_after=2026-02-06 00:00:00+00:00
[2026-02-06T09:07:18.243+0200] {processor.py:183} INFO - Processing /home/pazzoti/de-upskilling/airflow-flight-price-analysis/venv/lib/python3.10/site-packages/airflow/example_dags/example_branch_datetime_operator.py took 0.075 seconds
[2026-02-06T09:08:12.128+0200] {processor.py:161} INFO - Started process (PID=6586) to work on /home/pazzoti/de-upskilling/airflow-flight-price-analysis/venv/lib/python3.10/site-packages/airflow/example_dags/example_branch_datetime_operator.py
[2026-02-06T09:08:12.132+0200] {processor.py:830} INFO - Processing file /home/pazzoti/de-upskilling/airflow-flight-price-analysis/venv/lib/python3.10/site-packages/airflow/example_dags/example_branch_datetime_operator.py for tasks to queue
[2026-02-06T09:08:12.133+0200] {logging_mixin.py:188} INFO - [2026-02-06T09:08:12.132+0200] {dagbag.py:538} INFO - Filling up the DagBag from /home/pazzoti/de-upskilling/airflow-flight-price-analysis/venv/lib/python3.10/site-packages/airflow/example_dags/example_branch_datetime_operator.py
[2026-02-06T09:08:12.138+0200] {processor.py:840} INFO - DAG(s) 'example_branch_datetime_operator_2', 'example_branch_datetime_operator', 'example_branch_datetime_operator_3' retrieved from /home/pazzoti/de-upskilling/airflow-flight-price-analysis/venv/lib/python3.10/site-packages/airflow/example_dags/example_branch_datetime_operator.py
[2026-02-06T09:08:12.154+0200] {logging_mixin.py:188} INFO - [2026-02-06T09:08:12.153+0200] {dag.py:3036} INFO - Sync 3 DAGs
[2026-02-06T09:08:12.167+0200] {logging_mixin.py:188} INFO - [2026-02-06T09:08:12.167+0200] {dag.py:3823} INFO - Setting next_dagrun for example_branch_datetime_operator to 2026-02-05 00:00:00+00:00, run_after=2026-02-06 00:00:00+00:00
[2026-02-06T09:08:12.170+0200] {logging_mixin.py:188} INFO - [2026-02-06T09:08:12.170+0200] {dag.py:3823} INFO - Setting next_dagrun for example_branch_datetime_operator_2 to 2026-02-05 00:00:00+00:00, run_after=2026-02-06 00:00:00+00:00
[2026-02-06T09:08:12.172+0200] {logging_mixin.py:188} INFO - [2026-02-06T09:08:12.171+0200] {dag.py:3823} INFO - Setting next_dagrun for example_branch_datetime_operator_3 to 2026-02-05 00:00:00+00:00, run_after=2026-02-06 00:00:00+00:00
[2026-02-06T09:08:12.186+0200] {processor.py:183} INFO - Processing /home/pazzoti/de-upskilling/airflow-flight-price-analysis/venv/lib/python3.10/site-packages/airflow/example_dags/example_branch_datetime_operator.py took 0.060 seconds
[2026-02-06T09:09:06.892+0200] {processor.py:161} INFO - Started process (PID=6832) to work on /home/pazzoti/de-upskilling/airflow-flight-price-analysis/venv/lib/python3.10/site-packages/airflow/example_dags/example_branch_datetime_operator.py
[2026-02-06T09:09:06.900+0200] {processor.py:830} INFO - Processing file /home/pazzoti/de-upskilling/airflow-flight-price-analysis/venv/lib/python3.10/site-packages/airflow/example_dags/example_branch_datetime_operator.py for tasks to queue
[2026-02-06T09:09:06.901+0200] {logging_mixin.py:188} INFO - [2026-02-06T09:09:06.900+0200] {dagbag.py:538} INFO - Filling up the DagBag from /home/pazzoti/de-upskilling/airflow-flight-price-analysis/venv/lib/python3.10/site-packages/airflow/example_dags/example_branch_datetime_operator.py
[2026-02-06T09:09:06.910+0200] {processor.py:840} INFO - DAG(s) 'example_branch_datetime_operator', 'example_branch_datetime_operator_2', 'example_branch_datetime_operator_3' retrieved from /home/pazzoti/de-upskilling/airflow-flight-price-analysis/venv/lib/python3.10/site-packages/airflow/example_dags/example_branch_datetime_operator.py
[2026-02-06T09:09:06.924+0200] {logging_mixin.py:188} INFO - [2026-02-06T09:09:06.924+0200] {dag.py:3036} INFO - Sync 3 DAGs
[2026-02-06T09:09:06.935+0200] {logging_mixin.py:188} INFO - [2026-02-06T09:09:06.935+0200] {dag.py:3823} INFO - Setting next_dagrun for example_branch_datetime_operator to 2026-02-05 00:00:00+00:00, run_after=2026-02-06 00:00:00+00:00
[2026-02-06T09:09:06.939+0200] {logging_mixin.py:188} INFO - [2026-02-06T09:09:06.939+0200] {dag.py:3823} INFO - Setting next_dagrun for example_branch_datetime_operator_2 to 2026-02-05 00:00:00+00:00, run_after=2026-02-06 00:00:00+00:00
[2026-02-06T09:09:06.941+0200] {logging_mixin.py:188} INFO - [2026-02-06T09:09:06.940+0200] {dag.py:3823} INFO - Setting next_dagrun for example_branch_datetime_operator_3 to 2026-02-05 00:00:00+00:00, run_after=2026-02-06 00:00:00+00:00
[2026-02-06T09:09:06.960+0200] {processor.py:183} INFO - Processing /home/pazzoti/de-upskilling/airflow-flight-price-analysis/venv/lib/python3.10/site-packages/airflow/example_dags/example_branch_datetime_operator.py took 0.074 seconds
[2026-02-06T09:11:55.051+0200] {processor.py:161} INFO - Started process (PID=8098) to work on /home/pazzoti/de-upskilling/airflow-flight-price-analysis/venv/lib/python3.10/site-packages/airflow/example_dags/example_branch_datetime_operator.py
[2026-02-06T09:11:55.054+0200] {processor.py:830} INFO - Processing file /home/pazzoti/de-upskilling/airflow-flight-price-analysis/venv/lib/python3.10/site-packages/airflow/example_dags/example_branch_datetime_operator.py for tasks to queue
[2026-02-06T09:11:55.056+0200] {logging_mixin.py:188} INFO - [2026-02-06T09:11:55.055+0200] {dagbag.py:538} INFO - Filling up the DagBag from /home/pazzoti/de-upskilling/airflow-flight-price-analysis/venv/lib/python3.10/site-packages/airflow/example_dags/example_branch_datetime_operator.py
[2026-02-06T09:11:55.069+0200] {processor.py:840} INFO - DAG(s) 'example_branch_datetime_operator', 'example_branch_datetime_operator_2', 'example_branch_datetime_operator_3' retrieved from /home/pazzoti/de-upskilling/airflow-flight-price-analysis/venv/lib/python3.10/site-packages/airflow/example_dags/example_branch_datetime_operator.py
[2026-02-06T09:11:55.100+0200] {logging_mixin.py:188} INFO - [2026-02-06T09:11:55.099+0200] {dag.py:3036} INFO - Sync 3 DAGs
[2026-02-06T09:11:55.122+0200] {logging_mixin.py:188} INFO - [2026-02-06T09:11:55.122+0200] {dag.py:3823} INFO - Setting next_dagrun for example_branch_datetime_operator to 2026-02-05 00:00:00+00:00, run_after=2026-02-06 00:00:00+00:00
[2026-02-06T09:11:55.126+0200] {logging_mixin.py:188} INFO - [2026-02-06T09:11:55.126+0200] {dag.py:3823} INFO - Setting next_dagrun for example_branch_datetime_operator_2 to 2026-02-05 00:00:00+00:00, run_after=2026-02-06 00:00:00+00:00
[2026-02-06T09:11:55.129+0200] {logging_mixin.py:188} INFO - [2026-02-06T09:11:55.128+0200] {dag.py:3823} INFO - Setting next_dagrun for example_branch_datetime_operator_3 to 2026-02-05 00:00:00+00:00, run_after=2026-02-06 00:00:00+00:00
[2026-02-06T09:11:55.159+0200] {processor.py:183} INFO - Processing /home/pazzoti/de-upskilling/airflow-flight-price-analysis/venv/lib/python3.10/site-packages/airflow/example_dags/example_branch_datetime_operator.py took 0.111 seconds
[2026-02-06T09:12:44.602+0200] {processor.py:161} INFO - Started process (PID=8381) to work on /home/pazzoti/de-upskilling/airflow-flight-price-analysis/venv/lib/python3.10/site-packages/airflow/example_dags/example_branch_datetime_operator.py
[2026-02-06T09:12:44.614+0200] {processor.py:830} INFO - Processing file /home/pazzoti/de-upskilling/airflow-flight-price-analysis/venv/lib/python3.10/site-packages/airflow/example_dags/example_branch_datetime_operator.py for tasks to queue
[2026-02-06T09:12:44.615+0200] {logging_mixin.py:188} INFO - [2026-02-06T09:12:44.615+0200] {dagbag.py:538} INFO - Filling up the DagBag from /home/pazzoti/de-upskilling/airflow-flight-price-analysis/venv/lib/python3.10/site-packages/airflow/example_dags/example_branch_datetime_operator.py
[2026-02-06T09:12:44.622+0200] {processor.py:840} INFO - DAG(s) 'example_branch_datetime_operator_2', 'example_branch_datetime_operator_3', 'example_branch_datetime_operator' retrieved from /home/pazzoti/de-upskilling/airflow-flight-price-analysis/venv/lib/python3.10/site-packages/airflow/example_dags/example_branch_datetime_operator.py
[2026-02-06T09:12:44.636+0200] {logging_mixin.py:188} INFO - [2026-02-06T09:12:44.635+0200] {dag.py:3036} INFO - Sync 3 DAGs
[2026-02-06T09:12:44.647+0200] {logging_mixin.py:188} INFO - [2026-02-06T09:12:44.647+0200] {dag.py:3823} INFO - Setting next_dagrun for example_branch_datetime_operator to 2026-02-05 00:00:00+00:00, run_after=2026-02-06 00:00:00+00:00
[2026-02-06T09:12:44.650+0200] {logging_mixin.py:188} INFO - [2026-02-06T09:12:44.650+0200] {dag.py:3823} INFO - Setting next_dagrun for example_branch_datetime_operator_2 to 2026-02-05 00:00:00+00:00, run_after=2026-02-06 00:00:00+00:00
[2026-02-06T09:12:44.651+0200] {logging_mixin.py:188} INFO - [2026-02-06T09:12:44.651+0200] {dag.py:3823} INFO - Setting next_dagrun for example_branch_datetime_operator_3 to 2026-02-05 00:00:00+00:00, run_after=2026-02-06 00:00:00+00:00
[2026-02-06T09:12:44.670+0200] {processor.py:183} INFO - Processing /home/pazzoti/de-upskilling/airflow-flight-price-analysis/venv/lib/python3.10/site-packages/airflow/example_dags/example_branch_datetime_operator.py took 0.070 seconds
[2026-02-06T09:13:39.392+0200] {processor.py:161} INFO - Started process (PID=8639) to work on /home/pazzoti/de-upskilling/airflow-flight-price-analysis/venv/lib/python3.10/site-packages/airflow/example_dags/example_branch_datetime_operator.py
[2026-02-06T09:13:39.397+0200] {processor.py:830} INFO - Processing file /home/pazzoti/de-upskilling/airflow-flight-price-analysis/venv/lib/python3.10/site-packages/airflow/example_dags/example_branch_datetime_operator.py for tasks to queue
[2026-02-06T09:13:39.397+0200] {logging_mixin.py:188} INFO - [2026-02-06T09:13:39.397+0200] {dagbag.py:538} INFO - Filling up the DagBag from /home/pazzoti/de-upskilling/airflow-flight-price-analysis/venv/lib/python3.10/site-packages/airflow/example_dags/example_branch_datetime_operator.py
[2026-02-06T09:13:39.406+0200] {processor.py:840} INFO - DAG(s) 'example_branch_datetime_operator_3', 'example_branch_datetime_operator_2', 'example_branch_datetime_operator' retrieved from /home/pazzoti/de-upskilling/airflow-flight-price-analysis/venv/lib/python3.10/site-packages/airflow/example_dags/example_branch_datetime_operator.py
[2026-02-06T09:13:39.419+0200] {logging_mixin.py:188} INFO - [2026-02-06T09:13:39.419+0200] {dag.py:3036} INFO - Sync 3 DAGs
[2026-02-06T09:13:39.431+0200] {logging_mixin.py:188} INFO - [2026-02-06T09:13:39.431+0200] {dag.py:3823} INFO - Setting next_dagrun for example_branch_datetime_operator to 2026-02-05 00:00:00+00:00, run_after=2026-02-06 00:00:00+00:00
[2026-02-06T09:13:39.434+0200] {logging_mixin.py:188} INFO - [2026-02-06T09:13:39.434+0200] {dag.py:3823} INFO - Setting next_dagrun for example_branch_datetime_operator_2 to 2026-02-05 00:00:00+00:00, run_after=2026-02-06 00:00:00+00:00
[2026-02-06T09:13:39.435+0200] {logging_mixin.py:188} INFO - [2026-02-06T09:13:39.435+0200] {dag.py:3823} INFO - Setting next_dagrun for example_branch_datetime_operator_3 to 2026-02-05 00:00:00+00:00, run_after=2026-02-06 00:00:00+00:00
[2026-02-06T09:13:39.449+0200] {processor.py:183} INFO - Processing /home/pazzoti/de-upskilling/airflow-flight-price-analysis/venv/lib/python3.10/site-packages/airflow/example_dags/example_branch_datetime_operator.py took 0.061 seconds
[2026-02-06T09:14:33.394+0200] {processor.py:161} INFO - Started process (PID=8885) to work on /home/pazzoti/de-upskilling/airflow-flight-price-analysis/venv/lib/python3.10/site-packages/airflow/example_dags/example_branch_datetime_operator.py
[2026-02-06T09:14:33.395+0200] {processor.py:830} INFO - Processing file /home/pazzoti/de-upskilling/airflow-flight-price-analysis/venv/lib/python3.10/site-packages/airflow/example_dags/example_branch_datetime_operator.py for tasks to queue
[2026-02-06T09:14:33.396+0200] {logging_mixin.py:188} INFO - [2026-02-06T09:14:33.396+0200] {dagbag.py:538} INFO - Filling up the DagBag from /home/pazzoti/de-upskilling/airflow-flight-price-analysis/venv/lib/python3.10/site-packages/airflow/example_dags/example_branch_datetime_operator.py
[2026-02-06T09:14:33.403+0200] {processor.py:840} INFO - DAG(s) 'example_branch_datetime_operator', 'example_branch_datetime_operator_2', 'example_branch_datetime_operator_3' retrieved from /home/pazzoti/de-upskilling/airflow-flight-price-analysis/venv/lib/python3.10/site-packages/airflow/example_dags/example_branch_datetime_operator.py
[2026-02-06T09:14:33.418+0200] {logging_mixin.py:188} INFO - [2026-02-06T09:14:33.418+0200] {dag.py:3036} INFO - Sync 3 DAGs
[2026-02-06T09:14:33.431+0200] {logging_mixin.py:188} INFO - [2026-02-06T09:14:33.431+0200] {dag.py:3823} INFO - Setting next_dagrun for example_branch_datetime_operator to 2026-02-05 00:00:00+00:00, run_after=2026-02-06 00:00:00+00:00
[2026-02-06T09:14:33.433+0200] {logging_mixin.py:188} INFO - [2026-02-06T09:14:33.433+0200] {dag.py:3823} INFO - Setting next_dagrun for example_branch_datetime_operator_2 to 2026-02-05 00:00:00+00:00, run_after=2026-02-06 00:00:00+00:00
[2026-02-06T09:14:33.435+0200] {logging_mixin.py:188} INFO - [2026-02-06T09:14:33.435+0200] {dag.py:3823} INFO - Setting next_dagrun for example_branch_datetime_operator_3 to 2026-02-05 00:00:00+00:00, run_after=2026-02-06 00:00:00+00:00
[2026-02-06T09:14:33.449+0200] {processor.py:183} INFO - Processing /home/pazzoti/de-upskilling/airflow-flight-price-analysis/venv/lib/python3.10/site-packages/airflow/example_dags/example_branch_datetime_operator.py took 0.058 seconds
[2026-02-06T09:15:29.923+0200] {processor.py:161} INFO - Started process (PID=9148) to work on /home/pazzoti/de-upskilling/airflow-flight-price-analysis/venv/lib/python3.10/site-packages/airflow/example_dags/example_branch_datetime_operator.py
[2026-02-06T09:15:29.926+0200] {processor.py:830} INFO - Processing file /home/pazzoti/de-upskilling/airflow-flight-price-analysis/venv/lib/python3.10/site-packages/airflow/example_dags/example_branch_datetime_operator.py for tasks to queue
[2026-02-06T09:15:29.927+0200] {logging_mixin.py:188} INFO - [2026-02-06T09:15:29.926+0200] {dagbag.py:538} INFO - Filling up the DagBag from /home/pazzoti/de-upskilling/airflow-flight-price-analysis/venv/lib/python3.10/site-packages/airflow/example_dags/example_branch_datetime_operator.py
[2026-02-06T09:15:29.935+0200] {processor.py:840} INFO - DAG(s) 'example_branch_datetime_operator_2', 'example_branch_datetime_operator', 'example_branch_datetime_operator_3' retrieved from /home/pazzoti/de-upskilling/airflow-flight-price-analysis/venv/lib/python3.10/site-packages/airflow/example_dags/example_branch_datetime_operator.py
[2026-02-06T09:15:29.950+0200] {logging_mixin.py:188} INFO - [2026-02-06T09:15:29.950+0200] {dag.py:3036} INFO - Sync 3 DAGs
[2026-02-06T09:15:29.964+0200] {logging_mixin.py:188} INFO - [2026-02-06T09:15:29.964+0200] {dag.py:3823} INFO - Setting next_dagrun for example_branch_datetime_operator to 2026-02-05 00:00:00+00:00, run_after=2026-02-06 00:00:00+00:00
[2026-02-06T09:15:29.966+0200] {logging_mixin.py:188} INFO - [2026-02-06T09:15:29.966+0200] {dag.py:3823} INFO - Setting next_dagrun for example_branch_datetime_operator_2 to 2026-02-05 00:00:00+00:00, run_after=2026-02-06 00:00:00+00:00
[2026-02-06T09:15:29.968+0200] {logging_mixin.py:188} INFO - [2026-02-06T09:15:29.967+0200] {dag.py:3823} INFO - Setting next_dagrun for example_branch_datetime_operator_3 to 2026-02-05 00:00:00+00:00, run_after=2026-02-06 00:00:00+00:00
[2026-02-06T09:15:29.982+0200] {processor.py:183} INFO - Processing /home/pazzoti/de-upskilling/airflow-flight-price-analysis/venv/lib/python3.10/site-packages/airflow/example_dags/example_branch_datetime_operator.py took 0.063 seconds
[2026-02-06T09:16:19.947+0200] {processor.py:161} INFO - Started process (PID=9405) to work on /home/pazzoti/de-upskilling/airflow-flight-price-analysis/venv/lib/python3.10/site-packages/airflow/example_dags/example_branch_datetime_operator.py
[2026-02-06T09:16:19.954+0200] {processor.py:830} INFO - Processing file /home/pazzoti/de-upskilling/airflow-flight-price-analysis/venv/lib/python3.10/site-packages/airflow/example_dags/example_branch_datetime_operator.py for tasks to queue
[2026-02-06T09:16:19.955+0200] {logging_mixin.py:188} INFO - [2026-02-06T09:16:19.955+0200] {dagbag.py:538} INFO - Filling up the DagBag from /home/pazzoti/de-upskilling/airflow-flight-price-analysis/venv/lib/python3.10/site-packages/airflow/example_dags/example_branch_datetime_operator.py
[2026-02-06T09:16:19.964+0200] {processor.py:840} INFO - DAG(s) 'example_branch_datetime_operator_3', 'example_branch_datetime_operator_2', 'example_branch_datetime_operator' retrieved from /home/pazzoti/de-upskilling/airflow-flight-price-analysis/venv/lib/python3.10/site-packages/airflow/example_dags/example_branch_datetime_operator.py
[2026-02-06T09:16:19.976+0200] {logging_mixin.py:188} INFO - [2026-02-06T09:16:19.976+0200] {dag.py:3036} INFO - Sync 3 DAGs
[2026-02-06T09:16:19.988+0200] {logging_mixin.py:188} INFO - [2026-02-06T09:16:19.988+0200] {dag.py:3823} INFO - Setting next_dagrun for example_branch_datetime_operator to 2026-02-05 00:00:00+00:00, run_after=2026-02-06 00:00:00+00:00
[2026-02-06T09:16:19.991+0200] {logging_mixin.py:188} INFO - [2026-02-06T09:16:19.990+0200] {dag.py:3823} INFO - Setting next_dagrun for example_branch_datetime_operator_2 to 2026-02-05 00:00:00+00:00, run_after=2026-02-06 00:00:00+00:00
[2026-02-06T09:16:19.992+0200] {logging_mixin.py:188} INFO - [2026-02-06T09:16:19.991+0200] {dag.py:3823} INFO - Setting next_dagrun for example_branch_datetime_operator_3 to 2026-02-05 00:00:00+00:00, run_after=2026-02-06 00:00:00+00:00
[2026-02-06T09:16:20.007+0200] {processor.py:183} INFO - Processing /home/pazzoti/de-upskilling/airflow-flight-price-analysis/venv/lib/python3.10/site-packages/airflow/example_dags/example_branch_datetime_operator.py took 0.065 seconds
[2026-02-06T09:17:12.359+0200] {processor.py:161} INFO - Started process (PID=9652) to work on /home/pazzoti/de-upskilling/airflow-flight-price-analysis/venv/lib/python3.10/site-packages/airflow/example_dags/example_branch_datetime_operator.py
[2026-02-06T09:17:12.360+0200] {processor.py:830} INFO - Processing file /home/pazzoti/de-upskilling/airflow-flight-price-analysis/venv/lib/python3.10/site-packages/airflow/example_dags/example_branch_datetime_operator.py for tasks to queue
[2026-02-06T09:17:12.361+0200] {logging_mixin.py:188} INFO - [2026-02-06T09:17:12.361+0200] {dagbag.py:538} INFO - Filling up the DagBag from /home/pazzoti/de-upskilling/airflow-flight-price-analysis/venv/lib/python3.10/site-packages/airflow/example_dags/example_branch_datetime_operator.py
[2026-02-06T09:17:12.368+0200] {processor.py:840} INFO - DAG(s) 'example_branch_datetime_operator_3', 'example_branch_datetime_operator', 'example_branch_datetime_operator_2' retrieved from /home/pazzoti/de-upskilling/airflow-flight-price-analysis/venv/lib/python3.10/site-packages/airflow/example_dags/example_branch_datetime_operator.py
[2026-02-06T09:17:12.381+0200] {logging_mixin.py:188} INFO - [2026-02-06T09:17:12.381+0200] {dag.py:3036} INFO - Sync 3 DAGs
[2026-02-06T09:17:12.393+0200] {logging_mixin.py:188} INFO - [2026-02-06T09:17:12.393+0200] {dag.py:3823} INFO - Setting next_dagrun for example_branch_datetime_operator to 2026-02-05 00:00:00+00:00, run_after=2026-02-06 00:00:00+00:00
[2026-02-06T09:17:12.396+0200] {logging_mixin.py:188} INFO - [2026-02-06T09:17:12.396+0200] {dag.py:3823} INFO - Setting next_dagrun for example_branch_datetime_operator_2 to 2026-02-05 00:00:00+00:00, run_after=2026-02-06 00:00:00+00:00
[2026-02-06T09:17:12.398+0200] {logging_mixin.py:188} INFO - [2026-02-06T09:17:12.397+0200] {dag.py:3823} INFO - Setting next_dagrun for example_branch_datetime_operator_3 to 2026-02-05 00:00:00+00:00, run_after=2026-02-06 00:00:00+00:00
[2026-02-06T09:17:12.412+0200] {processor.py:183} INFO - Processing /home/pazzoti/de-upskilling/airflow-flight-price-analysis/venv/lib/python3.10/site-packages/airflow/example_dags/example_branch_datetime_operator.py took 0.056 seconds
[2026-02-06T09:29:49.412+0200] {processor.py:161} INFO - Started process (PID=9931) to work on /home/pazzoti/de-upskilling/airflow-flight-price-analysis/venv/lib/python3.10/site-packages/airflow/example_dags/example_branch_datetime_operator.py
[2026-02-06T09:29:49.413+0200] {processor.py:830} INFO - Processing file /home/pazzoti/de-upskilling/airflow-flight-price-analysis/venv/lib/python3.10/site-packages/airflow/example_dags/example_branch_datetime_operator.py for tasks to queue
[2026-02-06T09:29:49.414+0200] {logging_mixin.py:188} INFO - [2026-02-06T09:29:49.414+0200] {dagbag.py:538} INFO - Filling up the DagBag from /home/pazzoti/de-upskilling/airflow-flight-price-analysis/venv/lib/python3.10/site-packages/airflow/example_dags/example_branch_datetime_operator.py
[2026-02-06T09:29:49.425+0200] {processor.py:840} INFO - DAG(s) 'example_branch_datetime_operator_2', 'example_branch_datetime_operator_3', 'example_branch_datetime_operator' retrieved from /home/pazzoti/de-upskilling/airflow-flight-price-analysis/venv/lib/python3.10/site-packages/airflow/example_dags/example_branch_datetime_operator.py
[2026-02-06T09:29:49.443+0200] {logging_mixin.py:188} INFO - [2026-02-06T09:29:49.443+0200] {dag.py:3036} INFO - Sync 3 DAGs
[2026-02-06T09:29:49.458+0200] {logging_mixin.py:188} INFO - [2026-02-06T09:29:49.458+0200] {dag.py:3823} INFO - Setting next_dagrun for example_branch_datetime_operator to 2026-02-05 00:00:00+00:00, run_after=2026-02-06 00:00:00+00:00
[2026-02-06T09:29:49.462+0200] {logging_mixin.py:188} INFO - [2026-02-06T09:29:49.462+0200] {dag.py:3823} INFO - Setting next_dagrun for example_branch_datetime_operator_2 to 2026-02-05 00:00:00+00:00, run_after=2026-02-06 00:00:00+00:00
[2026-02-06T09:29:49.464+0200] {logging_mixin.py:188} INFO - [2026-02-06T09:29:49.463+0200] {dag.py:3823} INFO - Setting next_dagrun for example_branch_datetime_operator_3 to 2026-02-05 00:00:00+00:00, run_after=2026-02-06 00:00:00+00:00
[2026-02-06T09:29:49.484+0200] {processor.py:183} INFO - Processing /home/pazzoti/de-upskilling/airflow-flight-price-analysis/venv/lib/python3.10/site-packages/airflow/example_dags/example_branch_datetime_operator.py took 0.076 seconds
[2026-02-06T09:30:53.407+0200] {processor.py:161} INFO - Started process (PID=10042) to work on /home/pazzoti/de-upskilling/airflow-flight-price-analysis/venv/lib/python3.10/site-packages/airflow/example_dags/example_branch_datetime_operator.py
[2026-02-06T09:30:53.414+0200] {processor.py:830} INFO - Processing file /home/pazzoti/de-upskilling/airflow-flight-price-analysis/venv/lib/python3.10/site-packages/airflow/example_dags/example_branch_datetime_operator.py for tasks to queue
[2026-02-06T09:30:53.415+0200] {logging_mixin.py:188} INFO - [2026-02-06T09:30:53.414+0200] {dagbag.py:538} INFO - Filling up the DagBag from /home/pazzoti/de-upskilling/airflow-flight-price-analysis/venv/lib/python3.10/site-packages/airflow/example_dags/example_branch_datetime_operator.py
[2026-02-06T09:30:53.422+0200] {processor.py:840} INFO - DAG(s) 'example_branch_datetime_operator_2', 'example_branch_datetime_operator', 'example_branch_datetime_operator_3' retrieved from /home/pazzoti/de-upskilling/airflow-flight-price-analysis/venv/lib/python3.10/site-packages/airflow/example_dags/example_branch_datetime_operator.py
[2026-02-06T09:30:53.435+0200] {logging_mixin.py:188} INFO - [2026-02-06T09:30:53.435+0200] {dag.py:3036} INFO - Sync 3 DAGs
[2026-02-06T09:30:53.448+0200] {logging_mixin.py:188} INFO - [2026-02-06T09:30:53.447+0200] {dag.py:3823} INFO - Setting next_dagrun for example_branch_datetime_operator to 2026-02-05 00:00:00+00:00, run_after=2026-02-06 00:00:00+00:00
[2026-02-06T09:30:53.450+0200] {logging_mixin.py:188} INFO - [2026-02-06T09:30:53.450+0200] {dag.py:3823} INFO - Setting next_dagrun for example_branch_datetime_operator_2 to 2026-02-05 00:00:00+00:00, run_after=2026-02-06 00:00:00+00:00
[2026-02-06T09:30:53.451+0200] {logging_mixin.py:188} INFO - [2026-02-06T09:30:53.451+0200] {dag.py:3823} INFO - Setting next_dagrun for example_branch_datetime_operator_3 to 2026-02-05 00:00:00+00:00, run_after=2026-02-06 00:00:00+00:00
[2026-02-06T09:30:53.466+0200] {processor.py:183} INFO - Processing /home/pazzoti/de-upskilling/airflow-flight-price-analysis/venv/lib/python3.10/site-packages/airflow/example_dags/example_branch_datetime_operator.py took 0.061 seconds
[2026-02-06T09:31:51.321+0200] {processor.py:161} INFO - Started process (PID=10139) to work on /home/pazzoti/de-upskilling/airflow-flight-price-analysis/venv/lib/python3.10/site-packages/airflow/example_dags/example_branch_datetime_operator.py
[2026-02-06T09:31:51.325+0200] {processor.py:830} INFO - Processing file /home/pazzoti/de-upskilling/airflow-flight-price-analysis/venv/lib/python3.10/site-packages/airflow/example_dags/example_branch_datetime_operator.py for tasks to queue
[2026-02-06T09:31:51.326+0200] {logging_mixin.py:188} INFO - [2026-02-06T09:31:51.325+0200] {dagbag.py:538} INFO - Filling up the DagBag from /home/pazzoti/de-upskilling/airflow-flight-price-analysis/venv/lib/python3.10/site-packages/airflow/example_dags/example_branch_datetime_operator.py
[2026-02-06T09:31:51.332+0200] {processor.py:840} INFO - DAG(s) 'example_branch_datetime_operator_3', 'example_branch_datetime_operator_2', 'example_branch_datetime_operator' retrieved from /home/pazzoti/de-upskilling/airflow-flight-price-analysis/venv/lib/python3.10/site-packages/airflow/example_dags/example_branch_datetime_operator.py
[2026-02-06T09:31:51.350+0200] {logging_mixin.py:188} INFO - [2026-02-06T09:31:51.349+0200] {dag.py:3036} INFO - Sync 3 DAGs
[2026-02-06T09:31:51.365+0200] {logging_mixin.py:188} INFO - [2026-02-06T09:31:51.364+0200] {dag.py:3823} INFO - Setting next_dagrun for example_branch_datetime_operator to 2026-02-05 00:00:00+00:00, run_after=2026-02-06 00:00:00+00:00
[2026-02-06T09:31:51.368+0200] {logging_mixin.py:188} INFO - [2026-02-06T09:31:51.368+0200] {dag.py:3823} INFO - Setting next_dagrun for example_branch_datetime_operator_2 to 2026-02-05 00:00:00+00:00, run_after=2026-02-06 00:00:00+00:00
[2026-02-06T09:31:51.369+0200] {logging_mixin.py:188} INFO - [2026-02-06T09:31:51.369+0200] {dag.py:3823} INFO - Setting next_dagrun for example_branch_datetime_operator_3 to 2026-02-05 00:00:00+00:00, run_after=2026-02-06 00:00:00+00:00
[2026-02-06T09:31:51.386+0200] {processor.py:183} INFO - Processing /home/pazzoti/de-upskilling/airflow-flight-price-analysis/venv/lib/python3.10/site-packages/airflow/example_dags/example_branch_datetime_operator.py took 0.068 seconds
[2026-02-06T09:32:45.752+0200] {processor.py:161} INFO - Started process (PID=10278) to work on /home/pazzoti/de-upskilling/airflow-flight-price-analysis/venv/lib/python3.10/site-packages/airflow/example_dags/example_branch_datetime_operator.py
[2026-02-06T09:32:45.754+0200] {processor.py:830} INFO - Processing file /home/pazzoti/de-upskilling/airflow-flight-price-analysis/venv/lib/python3.10/site-packages/airflow/example_dags/example_branch_datetime_operator.py for tasks to queue
[2026-02-06T09:32:45.755+0200] {logging_mixin.py:188} INFO - [2026-02-06T09:32:45.754+0200] {dagbag.py:538} INFO - Filling up the DagBag from /home/pazzoti/de-upskilling/airflow-flight-price-analysis/venv/lib/python3.10/site-packages/airflow/example_dags/example_branch_datetime_operator.py
[2026-02-06T09:32:45.761+0200] {processor.py:840} INFO - DAG(s) 'example_branch_datetime_operator', 'example_branch_datetime_operator_3', 'example_branch_datetime_operator_2' retrieved from /home/pazzoti/de-upskilling/airflow-flight-price-analysis/venv/lib/python3.10/site-packages/airflow/example_dags/example_branch_datetime_operator.py
[2026-02-06T09:32:45.775+0200] {logging_mixin.py:188} INFO - [2026-02-06T09:32:45.775+0200] {dag.py:3036} INFO - Sync 3 DAGs
[2026-02-06T09:32:45.787+0200] {logging_mixin.py:188} INFO - [2026-02-06T09:32:45.786+0200] {dag.py:3823} INFO - Setting next_dagrun for example_branch_datetime_operator to 2026-02-05 00:00:00+00:00, run_after=2026-02-06 00:00:00+00:00
[2026-02-06T09:32:45.789+0200] {logging_mixin.py:188} INFO - [2026-02-06T09:32:45.789+0200] {dag.py:3823} INFO - Setting next_dagrun for example_branch_datetime_operator_2 to 2026-02-05 00:00:00+00:00, run_after=2026-02-06 00:00:00+00:00
[2026-02-06T09:32:45.790+0200] {logging_mixin.py:188} INFO - [2026-02-06T09:32:45.790+0200] {dag.py:3823} INFO - Setting next_dagrun for example_branch_datetime_operator_3 to 2026-02-05 00:00:00+00:00, run_after=2026-02-06 00:00:00+00:00
[2026-02-06T09:32:45.807+0200] {processor.py:183} INFO - Processing /home/pazzoti/de-upskilling/airflow-flight-price-analysis/venv/lib/python3.10/site-packages/airflow/example_dags/example_branch_datetime_operator.py took 0.058 seconds
[2026-02-06T09:34:00.854+0200] {processor.py:161} INFO - Started process (PID=10388) to work on /home/pazzoti/de-upskilling/airflow-flight-price-analysis/venv/lib/python3.10/site-packages/airflow/example_dags/example_branch_datetime_operator.py
[2026-02-06T09:34:00.855+0200] {processor.py:830} INFO - Processing file /home/pazzoti/de-upskilling/airflow-flight-price-analysis/venv/lib/python3.10/site-packages/airflow/example_dags/example_branch_datetime_operator.py for tasks to queue
[2026-02-06T09:34:00.856+0200] {logging_mixin.py:188} INFO - [2026-02-06T09:34:00.856+0200] {dagbag.py:538} INFO - Filling up the DagBag from /home/pazzoti/de-upskilling/airflow-flight-price-analysis/venv/lib/python3.10/site-packages/airflow/example_dags/example_branch_datetime_operator.py
[2026-02-06T09:34:00.862+0200] {processor.py:840} INFO - DAG(s) 'example_branch_datetime_operator_2', 'example_branch_datetime_operator_3', 'example_branch_datetime_operator' retrieved from /home/pazzoti/de-upskilling/airflow-flight-price-analysis/venv/lib/python3.10/site-packages/airflow/example_dags/example_branch_datetime_operator.py
[2026-02-06T09:34:00.876+0200] {logging_mixin.py:188} INFO - [2026-02-06T09:34:00.876+0200] {dag.py:3036} INFO - Sync 3 DAGs
[2026-02-06T09:34:00.889+0200] {logging_mixin.py:188} INFO - [2026-02-06T09:34:00.889+0200] {dag.py:3823} INFO - Setting next_dagrun for example_branch_datetime_operator to 2026-02-05 00:00:00+00:00, run_after=2026-02-06 00:00:00+00:00
[2026-02-06T09:34:00.892+0200] {logging_mixin.py:188} INFO - [2026-02-06T09:34:00.892+0200] {dag.py:3823} INFO - Setting next_dagrun for example_branch_datetime_operator_2 to 2026-02-05 00:00:00+00:00, run_after=2026-02-06 00:00:00+00:00
[2026-02-06T09:34:00.893+0200] {logging_mixin.py:188} INFO - [2026-02-06T09:34:00.893+0200] {dag.py:3823} INFO - Setting next_dagrun for example_branch_datetime_operator_3 to 2026-02-05 00:00:00+00:00, run_after=2026-02-06 00:00:00+00:00
[2026-02-06T09:34:00.908+0200] {processor.py:183} INFO - Processing /home/pazzoti/de-upskilling/airflow-flight-price-analysis/venv/lib/python3.10/site-packages/airflow/example_dags/example_branch_datetime_operator.py took 0.057 seconds
[2026-02-06T09:34:58.867+0200] {processor.py:161} INFO - Started process (PID=10524) to work on /home/pazzoti/de-upskilling/airflow-flight-price-analysis/venv/lib/python3.10/site-packages/airflow/example_dags/example_branch_datetime_operator.py
[2026-02-06T09:34:58.873+0200] {processor.py:830} INFO - Processing file /home/pazzoti/de-upskilling/airflow-flight-price-analysis/venv/lib/python3.10/site-packages/airflow/example_dags/example_branch_datetime_operator.py for tasks to queue
[2026-02-06T09:34:58.873+0200] {logging_mixin.py:188} INFO - [2026-02-06T09:34:58.873+0200] {dagbag.py:538} INFO - Filling up the DagBag from /home/pazzoti/de-upskilling/airflow-flight-price-analysis/venv/lib/python3.10/site-packages/airflow/example_dags/example_branch_datetime_operator.py
[2026-02-06T09:34:58.879+0200] {processor.py:840} INFO - DAG(s) 'example_branch_datetime_operator_2', 'example_branch_datetime_operator', 'example_branch_datetime_operator_3' retrieved from /home/pazzoti/de-upskilling/airflow-flight-price-analysis/venv/lib/python3.10/site-packages/airflow/example_dags/example_branch_datetime_operator.py
[2026-02-06T09:34:58.893+0200] {logging_mixin.py:188} INFO - [2026-02-06T09:34:58.893+0200] {dag.py:3036} INFO - Sync 3 DAGs
[2026-02-06T09:34:58.904+0200] {logging_mixin.py:188} INFO - [2026-02-06T09:34:58.904+0200] {dag.py:3823} INFO - Setting next_dagrun for example_branch_datetime_operator to 2026-02-05 00:00:00+00:00, run_after=2026-02-06 00:00:00+00:00
[2026-02-06T09:34:58.907+0200] {logging_mixin.py:188} INFO - [2026-02-06T09:34:58.906+0200] {dag.py:3823} INFO - Setting next_dagrun for example_branch_datetime_operator_2 to 2026-02-05 00:00:00+00:00, run_after=2026-02-06 00:00:00+00:00
[2026-02-06T09:34:58.908+0200] {logging_mixin.py:188} INFO - [2026-02-06T09:34:58.907+0200] {dag.py:3823} INFO - Setting next_dagrun for example_branch_datetime_operator_3 to 2026-02-05 00:00:00+00:00, run_after=2026-02-06 00:00:00+00:00
[2026-02-06T09:34:58.923+0200] {processor.py:183} INFO - Processing /home/pazzoti/de-upskilling/airflow-flight-price-analysis/venv/lib/python3.10/site-packages/airflow/example_dags/example_branch_datetime_operator.py took 0.058 seconds
