[2026-02-06T09:01:29.192+0200] {processor.py:161} INFO - Started process (PID=4282) to work on /home/pazzoti/de-upskilling/airflow-flight-price-analysis/venv/lib/python3.10/site-packages/airflow/example_dags/example_xcom.py
[2026-02-06T09:01:29.193+0200] {processor.py:830} INFO - Processing file /home/pazzoti/de-upskilling/airflow-flight-price-analysis/venv/lib/python3.10/site-packages/airflow/example_dags/example_xcom.py for tasks to queue
[2026-02-06T09:01:29.194+0200] {logging_mixin.py:188} INFO - [2026-02-06T09:01:29.194+0200] {dagbag.py:538} INFO - Filling up the DagBag from /home/pazzoti/de-upskilling/airflow-flight-price-analysis/venv/lib/python3.10/site-packages/airflow/example_dags/example_xcom.py
[2026-02-06T09:01:29.203+0200] {processor.py:840} INFO - DAG(s) 'example_xcom' retrieved from /home/pazzoti/de-upskilling/airflow-flight-price-analysis/venv/lib/python3.10/site-packages/airflow/example_dags/example_xcom.py
[2026-02-06T09:01:29.220+0200] {logging_mixin.py:188} INFO - [2026-02-06T09:01:29.220+0200] {dag.py:3036} INFO - Sync 1 DAGs
[2026-02-06T09:01:29.236+0200] {logging_mixin.py:188} INFO - [2026-02-06T09:01:29.236+0200] {dag.py:3823} INFO - Setting next_dagrun for example_xcom to 2021-01-01 00:00:00+00:00, run_after=2021-01-01 00:00:00+00:00
[2026-02-06T09:01:29.263+0200] {processor.py:183} INFO - Processing /home/pazzoti/de-upskilling/airflow-flight-price-analysis/venv/lib/python3.10/site-packages/airflow/example_dags/example_xcom.py took 0.077 seconds
[2026-02-06T09:02:20.372+0200] {processor.py:161} INFO - Started process (PID=4836) to work on /home/pazzoti/de-upskilling/airflow-flight-price-analysis/venv/lib/python3.10/site-packages/airflow/example_dags/example_xcom.py
[2026-02-06T09:02:20.373+0200] {processor.py:830} INFO - Processing file /home/pazzoti/de-upskilling/airflow-flight-price-analysis/venv/lib/python3.10/site-packages/airflow/example_dags/example_xcom.py for tasks to queue
[2026-02-06T09:02:20.374+0200] {logging_mixin.py:188} INFO - [2026-02-06T09:02:20.373+0200] {dagbag.py:538} INFO - Filling up the DagBag from /home/pazzoti/de-upskilling/airflow-flight-price-analysis/venv/lib/python3.10/site-packages/airflow/example_dags/example_xcom.py
[2026-02-06T09:02:20.379+0200] {processor.py:840} INFO - DAG(s) 'example_xcom' retrieved from /home/pazzoti/de-upskilling/airflow-flight-price-analysis/venv/lib/python3.10/site-packages/airflow/example_dags/example_xcom.py
[2026-02-06T09:02:20.389+0200] {logging_mixin.py:188} INFO - [2026-02-06T09:02:20.388+0200] {dag.py:3036} INFO - Sync 1 DAGs
[2026-02-06T09:02:20.399+0200] {logging_mixin.py:188} INFO - [2026-02-06T09:02:20.398+0200] {dag.py:3823} INFO - Setting next_dagrun for example_xcom to 2021-01-01 00:00:00+00:00, run_after=2021-01-01 00:00:00+00:00
[2026-02-06T09:02:20.415+0200] {processor.py:183} INFO - Processing /home/pazzoti/de-upskilling/airflow-flight-price-analysis/venv/lib/python3.10/site-packages/airflow/example_dags/example_xcom.py took 0.046 seconds
[2026-02-06T09:03:09.124+0200] {processor.py:161} INFO - Started process (PID=5071) to work on /home/pazzoti/de-upskilling/airflow-flight-price-analysis/venv/lib/python3.10/site-packages/airflow/example_dags/example_xcom.py
[2026-02-06T09:03:09.128+0200] {processor.py:830} INFO - Processing file /home/pazzoti/de-upskilling/airflow-flight-price-analysis/venv/lib/python3.10/site-packages/airflow/example_dags/example_xcom.py for tasks to queue
[2026-02-06T09:03:09.130+0200] {logging_mixin.py:188} INFO - [2026-02-06T09:03:09.129+0200] {dagbag.py:538} INFO - Filling up the DagBag from /home/pazzoti/de-upskilling/airflow-flight-price-analysis/venv/lib/python3.10/site-packages/airflow/example_dags/example_xcom.py
[2026-02-06T09:03:09.145+0200] {processor.py:840} INFO - DAG(s) 'example_xcom' retrieved from /home/pazzoti/de-upskilling/airflow-flight-price-analysis/venv/lib/python3.10/site-packages/airflow/example_dags/example_xcom.py
[2026-02-06T09:03:09.162+0200] {logging_mixin.py:188} INFO - [2026-02-06T09:03:09.161+0200] {dag.py:3036} INFO - Sync 1 DAGs
[2026-02-06T09:03:09.180+0200] {logging_mixin.py:188} INFO - [2026-02-06T09:03:09.180+0200] {dag.py:3823} INFO - Setting next_dagrun for example_xcom to 2021-01-01 00:00:00+00:00, run_after=2021-01-01 00:00:00+00:00
[2026-02-06T09:03:09.199+0200] {processor.py:183} INFO - Processing /home/pazzoti/de-upskilling/airflow-flight-price-analysis/venv/lib/python3.10/site-packages/airflow/example_dags/example_xcom.py took 0.083 seconds
[2026-02-06T09:03:56.583+0200] {processor.py:161} INFO - Started process (PID=5287) to work on /home/pazzoti/de-upskilling/airflow-flight-price-analysis/venv/lib/python3.10/site-packages/airflow/example_dags/example_xcom.py
[2026-02-06T09:03:56.590+0200] {processor.py:830} INFO - Processing file /home/pazzoti/de-upskilling/airflow-flight-price-analysis/venv/lib/python3.10/site-packages/airflow/example_dags/example_xcom.py for tasks to queue
[2026-02-06T09:03:56.591+0200] {logging_mixin.py:188} INFO - [2026-02-06T09:03:56.591+0200] {dagbag.py:538} INFO - Filling up the DagBag from /home/pazzoti/de-upskilling/airflow-flight-price-analysis/venv/lib/python3.10/site-packages/airflow/example_dags/example_xcom.py
[2026-02-06T09:03:56.596+0200] {processor.py:840} INFO - DAG(s) 'example_xcom' retrieved from /home/pazzoti/de-upskilling/airflow-flight-price-analysis/venv/lib/python3.10/site-packages/airflow/example_dags/example_xcom.py
[2026-02-06T09:03:56.606+0200] {logging_mixin.py:188} INFO - [2026-02-06T09:03:56.606+0200] {dag.py:3036} INFO - Sync 1 DAGs
[2026-02-06T09:03:56.617+0200] {logging_mixin.py:188} INFO - [2026-02-06T09:03:56.617+0200] {dag.py:3823} INFO - Setting next_dagrun for example_xcom to 2021-01-01 00:00:00+00:00, run_after=2021-01-01 00:00:00+00:00
[2026-02-06T09:03:56.634+0200] {processor.py:183} INFO - Processing /home/pazzoti/de-upskilling/airflow-flight-price-analysis/venv/lib/python3.10/site-packages/airflow/example_dags/example_xcom.py took 0.053 seconds
[2026-02-06T09:04:51.088+0200] {processor.py:161} INFO - Started process (PID=5528) to work on /home/pazzoti/de-upskilling/airflow-flight-price-analysis/venv/lib/python3.10/site-packages/airflow/example_dags/example_xcom.py
[2026-02-06T09:04:51.089+0200] {processor.py:830} INFO - Processing file /home/pazzoti/de-upskilling/airflow-flight-price-analysis/venv/lib/python3.10/site-packages/airflow/example_dags/example_xcom.py for tasks to queue
[2026-02-06T09:04:51.091+0200] {logging_mixin.py:188} INFO - [2026-02-06T09:04:51.090+0200] {dagbag.py:538} INFO - Filling up the DagBag from /home/pazzoti/de-upskilling/airflow-flight-price-analysis/venv/lib/python3.10/site-packages/airflow/example_dags/example_xcom.py
[2026-02-06T09:04:51.100+0200] {processor.py:840} INFO - DAG(s) 'example_xcom' retrieved from /home/pazzoti/de-upskilling/airflow-flight-price-analysis/venv/lib/python3.10/site-packages/airflow/example_dags/example_xcom.py
[2026-02-06T09:04:51.113+0200] {logging_mixin.py:188} INFO - [2026-02-06T09:04:51.112+0200] {dag.py:3036} INFO - Sync 1 DAGs
[2026-02-06T09:04:51.125+0200] {logging_mixin.py:188} INFO - [2026-02-06T09:04:51.125+0200] {dag.py:3823} INFO - Setting next_dagrun for example_xcom to 2021-01-01 00:00:00+00:00, run_after=2021-01-01 00:00:00+00:00
[2026-02-06T09:04:51.145+0200] {processor.py:183} INFO - Processing /home/pazzoti/de-upskilling/airflow-flight-price-analysis/venv/lib/python3.10/site-packages/airflow/example_dags/example_xcom.py took 0.060 seconds
[2026-02-06T09:05:46.823+0200] {processor.py:161} INFO - Started process (PID=5829) to work on /home/pazzoti/de-upskilling/airflow-flight-price-analysis/venv/lib/python3.10/site-packages/airflow/example_dags/example_xcom.py
[2026-02-06T09:05:46.827+0200] {processor.py:830} INFO - Processing file /home/pazzoti/de-upskilling/airflow-flight-price-analysis/venv/lib/python3.10/site-packages/airflow/example_dags/example_xcom.py for tasks to queue
[2026-02-06T09:05:46.828+0200] {logging_mixin.py:188} INFO - [2026-02-06T09:05:46.828+0200] {dagbag.py:538} INFO - Filling up the DagBag from /home/pazzoti/de-upskilling/airflow-flight-price-analysis/venv/lib/python3.10/site-packages/airflow/example_dags/example_xcom.py
[2026-02-06T09:05:46.835+0200] {processor.py:840} INFO - DAG(s) 'example_xcom' retrieved from /home/pazzoti/de-upskilling/airflow-flight-price-analysis/venv/lib/python3.10/site-packages/airflow/example_dags/example_xcom.py
[2026-02-06T09:05:46.845+0200] {logging_mixin.py:188} INFO - [2026-02-06T09:05:46.844+0200] {dag.py:3036} INFO - Sync 1 DAGs
[2026-02-06T09:05:46.859+0200] {logging_mixin.py:188} INFO - [2026-02-06T09:05:46.858+0200] {dag.py:3823} INFO - Setting next_dagrun for example_xcom to 2021-01-01 00:00:00+00:00, run_after=2021-01-01 00:00:00+00:00
[2026-02-06T09:05:46.878+0200] {processor.py:183} INFO - Processing /home/pazzoti/de-upskilling/airflow-flight-price-analysis/venv/lib/python3.10/site-packages/airflow/example_dags/example_xcom.py took 0.063 seconds
[2026-02-06T09:06:40.429+0200] {processor.py:161} INFO - Started process (PID=6095) to work on /home/pazzoti/de-upskilling/airflow-flight-price-analysis/venv/lib/python3.10/site-packages/airflow/example_dags/example_xcom.py
[2026-02-06T09:06:40.433+0200] {processor.py:830} INFO - Processing file /home/pazzoti/de-upskilling/airflow-flight-price-analysis/venv/lib/python3.10/site-packages/airflow/example_dags/example_xcom.py for tasks to queue
[2026-02-06T09:06:40.435+0200] {logging_mixin.py:188} INFO - [2026-02-06T09:06:40.434+0200] {dagbag.py:538} INFO - Filling up the DagBag from /home/pazzoti/de-upskilling/airflow-flight-price-analysis/venv/lib/python3.10/site-packages/airflow/example_dags/example_xcom.py
[2026-02-06T09:06:40.452+0200] {processor.py:840} INFO - DAG(s) 'example_xcom' retrieved from /home/pazzoti/de-upskilling/airflow-flight-price-analysis/venv/lib/python3.10/site-packages/airflow/example_dags/example_xcom.py
[2026-02-06T09:06:40.467+0200] {logging_mixin.py:188} INFO - [2026-02-06T09:06:40.467+0200] {dag.py:3036} INFO - Sync 1 DAGs
[2026-02-06T09:06:40.481+0200] {logging_mixin.py:188} INFO - [2026-02-06T09:06:40.481+0200] {dag.py:3823} INFO - Setting next_dagrun for example_xcom to 2021-01-01 00:00:00+00:00, run_after=2021-01-01 00:00:00+00:00
[2026-02-06T09:06:40.500+0200] {processor.py:183} INFO - Processing /home/pazzoti/de-upskilling/airflow-flight-price-analysis/venv/lib/python3.10/site-packages/airflow/example_dags/example_xcom.py took 0.076 seconds
[2026-02-06T09:07:35.005+0200] {processor.py:161} INFO - Started process (PID=6414) to work on /home/pazzoti/de-upskilling/airflow-flight-price-analysis/venv/lib/python3.10/site-packages/airflow/example_dags/example_xcom.py
[2026-02-06T09:07:35.008+0200] {processor.py:830} INFO - Processing file /home/pazzoti/de-upskilling/airflow-flight-price-analysis/venv/lib/python3.10/site-packages/airflow/example_dags/example_xcom.py for tasks to queue
[2026-02-06T09:07:35.009+0200] {logging_mixin.py:188} INFO - [2026-02-06T09:07:35.009+0200] {dagbag.py:538} INFO - Filling up the DagBag from /home/pazzoti/de-upskilling/airflow-flight-price-analysis/venv/lib/python3.10/site-packages/airflow/example_dags/example_xcom.py
[2026-02-06T09:07:35.015+0200] {processor.py:840} INFO - DAG(s) 'example_xcom' retrieved from /home/pazzoti/de-upskilling/airflow-flight-price-analysis/venv/lib/python3.10/site-packages/airflow/example_dags/example_xcom.py
[2026-02-06T09:07:35.027+0200] {logging_mixin.py:188} INFO - [2026-02-06T09:07:35.026+0200] {dag.py:3036} INFO - Sync 1 DAGs
[2026-02-06T09:07:35.038+0200] {logging_mixin.py:188} INFO - [2026-02-06T09:07:35.037+0200] {dag.py:3823} INFO - Setting next_dagrun for example_xcom to 2021-01-01 00:00:00+00:00, run_after=2021-01-01 00:00:00+00:00
[2026-02-06T09:07:35.059+0200] {processor.py:183} INFO - Processing /home/pazzoti/de-upskilling/airflow-flight-price-analysis/venv/lib/python3.10/site-packages/airflow/example_dags/example_xcom.py took 0.058 seconds
[2026-02-06T09:08:29.923+0200] {processor.py:161} INFO - Started process (PID=6659) to work on /home/pazzoti/de-upskilling/airflow-flight-price-analysis/venv/lib/python3.10/site-packages/airflow/example_dags/example_xcom.py
[2026-02-06T09:08:29.925+0200] {processor.py:830} INFO - Processing file /home/pazzoti/de-upskilling/airflow-flight-price-analysis/venv/lib/python3.10/site-packages/airflow/example_dags/example_xcom.py for tasks to queue
[2026-02-06T09:08:29.926+0200] {logging_mixin.py:188} INFO - [2026-02-06T09:08:29.925+0200] {dagbag.py:538} INFO - Filling up the DagBag from /home/pazzoti/de-upskilling/airflow-flight-price-analysis/venv/lib/python3.10/site-packages/airflow/example_dags/example_xcom.py
[2026-02-06T09:08:29.931+0200] {processor.py:840} INFO - DAG(s) 'example_xcom' retrieved from /home/pazzoti/de-upskilling/airflow-flight-price-analysis/venv/lib/python3.10/site-packages/airflow/example_dags/example_xcom.py
[2026-02-06T09:08:29.941+0200] {logging_mixin.py:188} INFO - [2026-02-06T09:08:29.941+0200] {dag.py:3036} INFO - Sync 1 DAGs
[2026-02-06T09:08:29.951+0200] {logging_mixin.py:188} INFO - [2026-02-06T09:08:29.951+0200] {dag.py:3823} INFO - Setting next_dagrun for example_xcom to 2021-01-01 00:00:00+00:00, run_after=2021-01-01 00:00:00+00:00
[2026-02-06T09:08:29.968+0200] {processor.py:183} INFO - Processing /home/pazzoti/de-upskilling/airflow-flight-price-analysis/venv/lib/python3.10/site-packages/airflow/example_dags/example_xcom.py took 0.049 seconds
[2026-02-06T09:09:26.259+0200] {processor.py:161} INFO - Started process (PID=6923) to work on /home/pazzoti/de-upskilling/airflow-flight-price-analysis/venv/lib/python3.10/site-packages/airflow/example_dags/example_xcom.py
[2026-02-06T09:09:26.260+0200] {processor.py:830} INFO - Processing file /home/pazzoti/de-upskilling/airflow-flight-price-analysis/venv/lib/python3.10/site-packages/airflow/example_dags/example_xcom.py for tasks to queue
[2026-02-06T09:09:26.261+0200] {logging_mixin.py:188} INFO - [2026-02-06T09:09:26.261+0200] {dagbag.py:538} INFO - Filling up the DagBag from /home/pazzoti/de-upskilling/airflow-flight-price-analysis/venv/lib/python3.10/site-packages/airflow/example_dags/example_xcom.py
[2026-02-06T09:09:26.269+0200] {processor.py:840} INFO - DAG(s) 'example_xcom' retrieved from /home/pazzoti/de-upskilling/airflow-flight-price-analysis/venv/lib/python3.10/site-packages/airflow/example_dags/example_xcom.py
[2026-02-06T09:09:26.287+0200] {logging_mixin.py:188} INFO - [2026-02-06T09:09:26.286+0200] {dag.py:3036} INFO - Sync 1 DAGs
[2026-02-06T09:09:26.310+0200] {logging_mixin.py:188} INFO - [2026-02-06T09:09:26.310+0200] {dag.py:3823} INFO - Setting next_dagrun for example_xcom to 2021-01-01 00:00:00+00:00, run_after=2021-01-01 00:00:00+00:00
[2026-02-06T09:09:26.333+0200] {processor.py:183} INFO - Processing /home/pazzoti/de-upskilling/airflow-flight-price-analysis/venv/lib/python3.10/site-packages/airflow/example_dags/example_xcom.py took 0.077 seconds
[2026-02-06T09:11:28.539+0200] {processor.py:161} INFO - Started process (PID=7802) to work on /home/pazzoti/de-upskilling/airflow-flight-price-analysis/venv/lib/python3.10/site-packages/airflow/example_dags/example_xcom.py
[2026-02-06T09:11:28.543+0200] {processor.py:830} INFO - Processing file /home/pazzoti/de-upskilling/airflow-flight-price-analysis/venv/lib/python3.10/site-packages/airflow/example_dags/example_xcom.py for tasks to queue
[2026-02-06T09:11:28.547+0200] {logging_mixin.py:188} INFO - [2026-02-06T09:11:28.546+0200] {dagbag.py:538} INFO - Filling up the DagBag from /home/pazzoti/de-upskilling/airflow-flight-price-analysis/venv/lib/python3.10/site-packages/airflow/example_dags/example_xcom.py
[2026-02-06T09:11:28.562+0200] {processor.py:840} INFO - DAG(s) 'example_xcom' retrieved from /home/pazzoti/de-upskilling/airflow-flight-price-analysis/venv/lib/python3.10/site-packages/airflow/example_dags/example_xcom.py
[2026-02-06T09:11:28.599+0200] {logging_mixin.py:188} INFO - [2026-02-06T09:11:28.598+0200] {dag.py:3036} INFO - Sync 1 DAGs
[2026-02-06T09:11:28.652+0200] {logging_mixin.py:188} INFO - [2026-02-06T09:11:28.652+0200] {dag.py:3823} INFO - Setting next_dagrun for example_xcom to 2021-01-01 00:00:00+00:00, run_after=2021-01-01 00:00:00+00:00
[2026-02-06T09:11:28.732+0200] {processor.py:183} INFO - Processing /home/pazzoti/de-upskilling/airflow-flight-price-analysis/venv/lib/python3.10/site-packages/airflow/example_dags/example_xcom.py took 0.197 seconds
[2026-02-06T09:12:26.692+0200] {processor.py:161} INFO - Started process (PID=8298) to work on /home/pazzoti/de-upskilling/airflow-flight-price-analysis/venv/lib/python3.10/site-packages/airflow/example_dags/example_xcom.py
[2026-02-06T09:12:26.693+0200] {processor.py:830} INFO - Processing file /home/pazzoti/de-upskilling/airflow-flight-price-analysis/venv/lib/python3.10/site-packages/airflow/example_dags/example_xcom.py for tasks to queue
[2026-02-06T09:12:26.694+0200] {logging_mixin.py:188} INFO - [2026-02-06T09:12:26.694+0200] {dagbag.py:538} INFO - Filling up the DagBag from /home/pazzoti/de-upskilling/airflow-flight-price-analysis/venv/lib/python3.10/site-packages/airflow/example_dags/example_xcom.py
[2026-02-06T09:12:26.700+0200] {processor.py:840} INFO - DAG(s) 'example_xcom' retrieved from /home/pazzoti/de-upskilling/airflow-flight-price-analysis/venv/lib/python3.10/site-packages/airflow/example_dags/example_xcom.py
[2026-02-06T09:12:26.711+0200] {logging_mixin.py:188} INFO - [2026-02-06T09:12:26.711+0200] {dag.py:3036} INFO - Sync 1 DAGs
[2026-02-06T09:12:26.723+0200] {logging_mixin.py:188} INFO - [2026-02-06T09:12:26.723+0200] {dag.py:3823} INFO - Setting next_dagrun for example_xcom to 2021-01-01 00:00:00+00:00, run_after=2021-01-01 00:00:00+00:00
[2026-02-06T09:12:26.740+0200] {processor.py:183} INFO - Processing /home/pazzoti/de-upskilling/airflow-flight-price-analysis/venv/lib/python3.10/site-packages/airflow/example_dags/example_xcom.py took 0.050 seconds
[2026-02-06T09:13:14.077+0200] {processor.py:161} INFO - Started process (PID=8514) to work on /home/pazzoti/de-upskilling/airflow-flight-price-analysis/venv/lib/python3.10/site-packages/airflow/example_dags/example_xcom.py
[2026-02-06T09:13:14.084+0200] {processor.py:830} INFO - Processing file /home/pazzoti/de-upskilling/airflow-flight-price-analysis/venv/lib/python3.10/site-packages/airflow/example_dags/example_xcom.py for tasks to queue
[2026-02-06T09:13:14.084+0200] {logging_mixin.py:188} INFO - [2026-02-06T09:13:14.084+0200] {dagbag.py:538} INFO - Filling up the DagBag from /home/pazzoti/de-upskilling/airflow-flight-price-analysis/venv/lib/python3.10/site-packages/airflow/example_dags/example_xcom.py
[2026-02-06T09:13:14.092+0200] {processor.py:840} INFO - DAG(s) 'example_xcom' retrieved from /home/pazzoti/de-upskilling/airflow-flight-price-analysis/venv/lib/python3.10/site-packages/airflow/example_dags/example_xcom.py
[2026-02-06T09:13:14.102+0200] {logging_mixin.py:188} INFO - [2026-02-06T09:13:14.102+0200] {dag.py:3036} INFO - Sync 1 DAGs
[2026-02-06T09:13:14.113+0200] {logging_mixin.py:188} INFO - [2026-02-06T09:13:14.112+0200] {dag.py:3823} INFO - Setting next_dagrun for example_xcom to 2021-01-01 00:00:00+00:00, run_after=2021-01-01 00:00:00+00:00
[2026-02-06T09:13:14.128+0200] {processor.py:183} INFO - Processing /home/pazzoti/de-upskilling/airflow-flight-price-analysis/venv/lib/python3.10/site-packages/airflow/example_dags/example_xcom.py took 0.054 seconds
[2026-02-06T09:14:08.708+0200] {processor.py:161} INFO - Started process (PID=8776) to work on /home/pazzoti/de-upskilling/airflow-flight-price-analysis/venv/lib/python3.10/site-packages/airflow/example_dags/example_xcom.py
[2026-02-06T09:14:08.711+0200] {processor.py:830} INFO - Processing file /home/pazzoti/de-upskilling/airflow-flight-price-analysis/venv/lib/python3.10/site-packages/airflow/example_dags/example_xcom.py for tasks to queue
[2026-02-06T09:14:08.712+0200] {logging_mixin.py:188} INFO - [2026-02-06T09:14:08.711+0200] {dagbag.py:538} INFO - Filling up the DagBag from /home/pazzoti/de-upskilling/airflow-flight-price-analysis/venv/lib/python3.10/site-packages/airflow/example_dags/example_xcom.py
[2026-02-06T09:14:08.727+0200] {processor.py:840} INFO - DAG(s) 'example_xcom' retrieved from /home/pazzoti/de-upskilling/airflow-flight-price-analysis/venv/lib/python3.10/site-packages/airflow/example_dags/example_xcom.py
[2026-02-06T09:14:08.747+0200] {logging_mixin.py:188} INFO - [2026-02-06T09:14:08.747+0200] {dag.py:3036} INFO - Sync 1 DAGs
[2026-02-06T09:14:08.767+0200] {logging_mixin.py:188} INFO - [2026-02-06T09:14:08.766+0200] {dag.py:3823} INFO - Setting next_dagrun for example_xcom to 2021-01-01 00:00:00+00:00, run_after=2021-01-01 00:00:00+00:00
[2026-02-06T09:14:08.788+0200] {processor.py:183} INFO - Processing /home/pazzoti/de-upskilling/airflow-flight-price-analysis/venv/lib/python3.10/site-packages/airflow/example_dags/example_xcom.py took 0.087 seconds
[2026-02-06T09:15:04.190+0200] {processor.py:161} INFO - Started process (PID=9023) to work on /home/pazzoti/de-upskilling/airflow-flight-price-analysis/venv/lib/python3.10/site-packages/airflow/example_dags/example_xcom.py
[2026-02-06T09:15:04.191+0200] {processor.py:830} INFO - Processing file /home/pazzoti/de-upskilling/airflow-flight-price-analysis/venv/lib/python3.10/site-packages/airflow/example_dags/example_xcom.py for tasks to queue
[2026-02-06T09:15:04.192+0200] {logging_mixin.py:188} INFO - [2026-02-06T09:15:04.192+0200] {dagbag.py:538} INFO - Filling up the DagBag from /home/pazzoti/de-upskilling/airflow-flight-price-analysis/venv/lib/python3.10/site-packages/airflow/example_dags/example_xcom.py
[2026-02-06T09:15:04.205+0200] {processor.py:840} INFO - DAG(s) 'example_xcom' retrieved from /home/pazzoti/de-upskilling/airflow-flight-price-analysis/venv/lib/python3.10/site-packages/airflow/example_dags/example_xcom.py
[2026-02-06T09:15:04.229+0200] {logging_mixin.py:188} INFO - [2026-02-06T09:15:04.229+0200] {dag.py:3036} INFO - Sync 1 DAGs
[2026-02-06T09:15:04.242+0200] {logging_mixin.py:188} INFO - [2026-02-06T09:15:04.242+0200] {dag.py:3823} INFO - Setting next_dagrun for example_xcom to 2021-01-01 00:00:00+00:00, run_after=2021-01-01 00:00:00+00:00
[2026-02-06T09:15:04.258+0200] {processor.py:183} INFO - Processing /home/pazzoti/de-upskilling/airflow-flight-price-analysis/venv/lib/python3.10/site-packages/airflow/example_dags/example_xcom.py took 0.070 seconds
[2026-02-06T09:15:55.639+0200] {processor.py:161} INFO - Started process (PID=9295) to work on /home/pazzoti/de-upskilling/airflow-flight-price-analysis/venv/lib/python3.10/site-packages/airflow/example_dags/example_xcom.py
[2026-02-06T09:15:55.641+0200] {processor.py:830} INFO - Processing file /home/pazzoti/de-upskilling/airflow-flight-price-analysis/venv/lib/python3.10/site-packages/airflow/example_dags/example_xcom.py for tasks to queue
[2026-02-06T09:15:55.641+0200] {logging_mixin.py:188} INFO - [2026-02-06T09:15:55.641+0200] {dagbag.py:538} INFO - Filling up the DagBag from /home/pazzoti/de-upskilling/airflow-flight-price-analysis/venv/lib/python3.10/site-packages/airflow/example_dags/example_xcom.py
[2026-02-06T09:15:55.647+0200] {processor.py:840} INFO - DAG(s) 'example_xcom' retrieved from /home/pazzoti/de-upskilling/airflow-flight-price-analysis/venv/lib/python3.10/site-packages/airflow/example_dags/example_xcom.py
[2026-02-06T09:15:55.658+0200] {logging_mixin.py:188} INFO - [2026-02-06T09:15:55.658+0200] {dag.py:3036} INFO - Sync 1 DAGs
[2026-02-06T09:15:55.669+0200] {logging_mixin.py:188} INFO - [2026-02-06T09:15:55.668+0200] {dag.py:3823} INFO - Setting next_dagrun for example_xcom to 2021-01-01 00:00:00+00:00, run_after=2021-01-01 00:00:00+00:00
[2026-02-06T09:15:55.685+0200] {processor.py:183} INFO - Processing /home/pazzoti/de-upskilling/airflow-flight-price-analysis/venv/lib/python3.10/site-packages/airflow/example_dags/example_xcom.py took 0.048 seconds
[2026-02-06T09:16:46.307+0200] {processor.py:161} INFO - Started process (PID=9518) to work on /home/pazzoti/de-upskilling/airflow-flight-price-analysis/venv/lib/python3.10/site-packages/airflow/example_dags/example_xcom.py
[2026-02-06T09:16:46.314+0200] {processor.py:830} INFO - Processing file /home/pazzoti/de-upskilling/airflow-flight-price-analysis/venv/lib/python3.10/site-packages/airflow/example_dags/example_xcom.py for tasks to queue
[2026-02-06T09:16:46.315+0200] {logging_mixin.py:188} INFO - [2026-02-06T09:16:46.315+0200] {dagbag.py:538} INFO - Filling up the DagBag from /home/pazzoti/de-upskilling/airflow-flight-price-analysis/venv/lib/python3.10/site-packages/airflow/example_dags/example_xcom.py
[2026-02-06T09:16:46.323+0200] {processor.py:840} INFO - DAG(s) 'example_xcom' retrieved from /home/pazzoti/de-upskilling/airflow-flight-price-analysis/venv/lib/python3.10/site-packages/airflow/example_dags/example_xcom.py
[2026-02-06T09:16:46.334+0200] {logging_mixin.py:188} INFO - [2026-02-06T09:16:46.334+0200] {dag.py:3036} INFO - Sync 1 DAGs
[2026-02-06T09:16:46.346+0200] {logging_mixin.py:188} INFO - [2026-02-06T09:16:46.345+0200] {dag.py:3823} INFO - Setting next_dagrun for example_xcom to 2021-01-01 00:00:00+00:00, run_after=2021-01-01 00:00:00+00:00
[2026-02-06T09:16:46.362+0200] {processor.py:183} INFO - Processing /home/pazzoti/de-upskilling/airflow-flight-price-analysis/venv/lib/python3.10/site-packages/airflow/example_dags/example_xcom.py took 0.058 seconds
[2026-02-06T09:29:30.439+0200] {processor.py:161} INFO - Started process (PID=9896) to work on /home/pazzoti/de-upskilling/airflow-flight-price-analysis/venv/lib/python3.10/site-packages/airflow/example_dags/example_xcom.py
[2026-02-06T09:29:30.441+0200] {processor.py:830} INFO - Processing file /home/pazzoti/de-upskilling/airflow-flight-price-analysis/venv/lib/python3.10/site-packages/airflow/example_dags/example_xcom.py for tasks to queue
[2026-02-06T09:29:30.441+0200] {logging_mixin.py:188} INFO - [2026-02-06T09:29:30.441+0200] {dagbag.py:538} INFO - Filling up the DagBag from /home/pazzoti/de-upskilling/airflow-flight-price-analysis/venv/lib/python3.10/site-packages/airflow/example_dags/example_xcom.py
[2026-02-06T09:29:30.448+0200] {processor.py:840} INFO - DAG(s) 'example_xcom' retrieved from /home/pazzoti/de-upskilling/airflow-flight-price-analysis/venv/lib/python3.10/site-packages/airflow/example_dags/example_xcom.py
[2026-02-06T09:29:30.460+0200] {logging_mixin.py:188} INFO - [2026-02-06T09:29:30.460+0200] {dag.py:3036} INFO - Sync 1 DAGs
[2026-02-06T09:29:30.473+0200] {logging_mixin.py:188} INFO - [2026-02-06T09:29:30.473+0200] {dag.py:3823} INFO - Setting next_dagrun for example_xcom to 2021-01-01 00:00:00+00:00, run_after=2021-01-01 00:00:00+00:00
[2026-02-06T09:29:30.491+0200] {processor.py:183} INFO - Processing /home/pazzoti/de-upskilling/airflow-flight-price-analysis/venv/lib/python3.10/site-packages/airflow/example_dags/example_xcom.py took 0.054 seconds
[2026-02-06T09:30:21.405+0200] {processor.py:161} INFO - Started process (PID=9983) to work on /home/pazzoti/de-upskilling/airflow-flight-price-analysis/venv/lib/python3.10/site-packages/airflow/example_dags/example_xcom.py
[2026-02-06T09:30:21.406+0200] {processor.py:830} INFO - Processing file /home/pazzoti/de-upskilling/airflow-flight-price-analysis/venv/lib/python3.10/site-packages/airflow/example_dags/example_xcom.py for tasks to queue
[2026-02-06T09:30:21.407+0200] {logging_mixin.py:188} INFO - [2026-02-06T09:30:21.407+0200] {dagbag.py:538} INFO - Filling up the DagBag from /home/pazzoti/de-upskilling/airflow-flight-price-analysis/venv/lib/python3.10/site-packages/airflow/example_dags/example_xcom.py
[2026-02-06T09:30:21.412+0200] {processor.py:840} INFO - DAG(s) 'example_xcom' retrieved from /home/pazzoti/de-upskilling/airflow-flight-price-analysis/venv/lib/python3.10/site-packages/airflow/example_dags/example_xcom.py
[2026-02-06T09:30:21.426+0200] {logging_mixin.py:188} INFO - [2026-02-06T09:30:21.425+0200] {dag.py:3036} INFO - Sync 1 DAGs
[2026-02-06T09:30:21.439+0200] {logging_mixin.py:188} INFO - [2026-02-06T09:30:21.439+0200] {dag.py:3823} INFO - Setting next_dagrun for example_xcom to 2021-01-01 00:00:00+00:00, run_after=2021-01-01 00:00:00+00:00
[2026-02-06T09:30:21.457+0200] {processor.py:183} INFO - Processing /home/pazzoti/de-upskilling/airflow-flight-price-analysis/venv/lib/python3.10/site-packages/airflow/example_dags/example_xcom.py took 0.054 seconds
[2026-02-06T09:31:11.854+0200] {processor.py:161} INFO - Started process (PID=10068) to work on /home/pazzoti/de-upskilling/airflow-flight-price-analysis/venv/lib/python3.10/site-packages/airflow/example_dags/example_xcom.py
[2026-02-06T09:31:11.862+0200] {processor.py:830} INFO - Processing file /home/pazzoti/de-upskilling/airflow-flight-price-analysis/venv/lib/python3.10/site-packages/airflow/example_dags/example_xcom.py for tasks to queue
[2026-02-06T09:31:11.863+0200] {logging_mixin.py:188} INFO - [2026-02-06T09:31:11.862+0200] {dagbag.py:538} INFO - Filling up the DagBag from /home/pazzoti/de-upskilling/airflow-flight-price-analysis/venv/lib/python3.10/site-packages/airflow/example_dags/example_xcom.py
[2026-02-06T09:31:11.870+0200] {processor.py:840} INFO - DAG(s) 'example_xcom' retrieved from /home/pazzoti/de-upskilling/airflow-flight-price-analysis/venv/lib/python3.10/site-packages/airflow/example_dags/example_xcom.py
[2026-02-06T09:31:11.882+0200] {logging_mixin.py:188} INFO - [2026-02-06T09:31:11.882+0200] {dag.py:3036} INFO - Sync 1 DAGs
[2026-02-06T09:31:11.894+0200] {logging_mixin.py:188} INFO - [2026-02-06T09:31:11.894+0200] {dag.py:3823} INFO - Setting next_dagrun for example_xcom to 2021-01-01 00:00:00+00:00, run_after=2021-01-01 00:00:00+00:00
[2026-02-06T09:31:11.912+0200] {processor.py:183} INFO - Processing /home/pazzoti/de-upskilling/airflow-flight-price-analysis/venv/lib/python3.10/site-packages/airflow/example_dags/example_xcom.py took 0.061 seconds
[2026-02-06T09:32:07.846+0200] {processor.py:161} INFO - Started process (PID=10174) to work on /home/pazzoti/de-upskilling/airflow-flight-price-analysis/venv/lib/python3.10/site-packages/airflow/example_dags/example_xcom.py
[2026-02-06T09:32:07.847+0200] {processor.py:830} INFO - Processing file /home/pazzoti/de-upskilling/airflow-flight-price-analysis/venv/lib/python3.10/site-packages/airflow/example_dags/example_xcom.py for tasks to queue
[2026-02-06T09:32:07.848+0200] {logging_mixin.py:188} INFO - [2026-02-06T09:32:07.848+0200] {dagbag.py:538} INFO - Filling up the DagBag from /home/pazzoti/de-upskilling/airflow-flight-price-analysis/venv/lib/python3.10/site-packages/airflow/example_dags/example_xcom.py
[2026-02-06T09:32:07.854+0200] {processor.py:840} INFO - DAG(s) 'example_xcom' retrieved from /home/pazzoti/de-upskilling/airflow-flight-price-analysis/venv/lib/python3.10/site-packages/airflow/example_dags/example_xcom.py
[2026-02-06T09:32:07.866+0200] {logging_mixin.py:188} INFO - [2026-02-06T09:32:07.866+0200] {dag.py:3036} INFO - Sync 1 DAGs
[2026-02-06T09:32:07.876+0200] {logging_mixin.py:188} INFO - [2026-02-06T09:32:07.876+0200] {dag.py:3823} INFO - Setting next_dagrun for example_xcom to 2021-01-01 00:00:00+00:00, run_after=2021-01-01 00:00:00+00:00
[2026-02-06T09:32:07.894+0200] {processor.py:183} INFO - Processing /home/pazzoti/de-upskilling/airflow-flight-price-analysis/venv/lib/python3.10/site-packages/airflow/example_dags/example_xcom.py took 0.051 seconds
[2026-02-06T09:33:01.177+0200] {processor.py:161} INFO - Started process (PID=10295) to work on /home/pazzoti/de-upskilling/airflow-flight-price-analysis/venv/lib/python3.10/site-packages/airflow/example_dags/example_xcom.py
[2026-02-06T09:33:01.178+0200] {processor.py:830} INFO - Processing file /home/pazzoti/de-upskilling/airflow-flight-price-analysis/venv/lib/python3.10/site-packages/airflow/example_dags/example_xcom.py for tasks to queue
[2026-02-06T09:33:01.179+0200] {logging_mixin.py:188} INFO - [2026-02-06T09:33:01.179+0200] {dagbag.py:538} INFO - Filling up the DagBag from /home/pazzoti/de-upskilling/airflow-flight-price-analysis/venv/lib/python3.10/site-packages/airflow/example_dags/example_xcom.py
[2026-02-06T09:33:01.184+0200] {processor.py:840} INFO - DAG(s) 'example_xcom' retrieved from /home/pazzoti/de-upskilling/airflow-flight-price-analysis/venv/lib/python3.10/site-packages/airflow/example_dags/example_xcom.py
[2026-02-06T09:33:01.194+0200] {logging_mixin.py:188} INFO - [2026-02-06T09:33:01.194+0200] {dag.py:3036} INFO - Sync 1 DAGs
[2026-02-06T09:33:01.205+0200] {logging_mixin.py:188} INFO - [2026-02-06T09:33:01.205+0200] {dag.py:3823} INFO - Setting next_dagrun for example_xcom to 2021-01-01 00:00:00+00:00, run_after=2021-01-01 00:00:00+00:00
[2026-02-06T09:33:01.220+0200] {processor.py:183} INFO - Processing /home/pazzoti/de-upskilling/airflow-flight-price-analysis/venv/lib/python3.10/site-packages/airflow/example_dags/example_xcom.py took 0.045 seconds
[2026-02-06T09:33:50.803+0200] {processor.py:161} INFO - Started process (PID=10360) to work on /home/pazzoti/de-upskilling/airflow-flight-price-analysis/venv/lib/python3.10/site-packages/airflow/example_dags/example_xcom.py
[2026-02-06T09:33:50.805+0200] {processor.py:830} INFO - Processing file /home/pazzoti/de-upskilling/airflow-flight-price-analysis/venv/lib/python3.10/site-packages/airflow/example_dags/example_xcom.py for tasks to queue
[2026-02-06T09:33:50.805+0200] {logging_mixin.py:188} INFO - [2026-02-06T09:33:50.805+0200] {dagbag.py:538} INFO - Filling up the DagBag from /home/pazzoti/de-upskilling/airflow-flight-price-analysis/venv/lib/python3.10/site-packages/airflow/example_dags/example_xcom.py
[2026-02-06T09:33:50.812+0200] {processor.py:840} INFO - DAG(s) 'example_xcom' retrieved from /home/pazzoti/de-upskilling/airflow-flight-price-analysis/venv/lib/python3.10/site-packages/airflow/example_dags/example_xcom.py
[2026-02-06T09:33:50.824+0200] {logging_mixin.py:188} INFO - [2026-02-06T09:33:50.824+0200] {dag.py:3036} INFO - Sync 1 DAGs
[2026-02-06T09:33:50.838+0200] {logging_mixin.py:188} INFO - [2026-02-06T09:33:50.838+0200] {dag.py:3823} INFO - Setting next_dagrun for example_xcom to 2021-01-01 00:00:00+00:00, run_after=2021-01-01 00:00:00+00:00
[2026-02-06T09:33:50.862+0200] {processor.py:183} INFO - Processing /home/pazzoti/de-upskilling/airflow-flight-price-analysis/venv/lib/python3.10/site-packages/airflow/example_dags/example_xcom.py took 0.061 seconds
[2026-02-06T09:34:39.804+0200] {processor.py:161} INFO - Started process (PID=10448) to work on /home/pazzoti/de-upskilling/airflow-flight-price-analysis/venv/lib/python3.10/site-packages/airflow/example_dags/example_xcom.py
[2026-02-06T09:34:39.807+0200] {processor.py:830} INFO - Processing file /home/pazzoti/de-upskilling/airflow-flight-price-analysis/venv/lib/python3.10/site-packages/airflow/example_dags/example_xcom.py for tasks to queue
[2026-02-06T09:34:39.808+0200] {logging_mixin.py:188} INFO - [2026-02-06T09:34:39.807+0200] {dagbag.py:538} INFO - Filling up the DagBag from /home/pazzoti/de-upskilling/airflow-flight-price-analysis/venv/lib/python3.10/site-packages/airflow/example_dags/example_xcom.py
[2026-02-06T09:34:39.814+0200] {processor.py:840} INFO - DAG(s) 'example_xcom' retrieved from /home/pazzoti/de-upskilling/airflow-flight-price-analysis/venv/lib/python3.10/site-packages/airflow/example_dags/example_xcom.py
[2026-02-06T09:34:39.825+0200] {logging_mixin.py:188} INFO - [2026-02-06T09:34:39.825+0200] {dag.py:3036} INFO - Sync 1 DAGs
[2026-02-06T09:34:39.836+0200] {logging_mixin.py:188} INFO - [2026-02-06T09:34:39.836+0200] {dag.py:3823} INFO - Setting next_dagrun for example_xcom to 2021-01-01 00:00:00+00:00, run_after=2021-01-01 00:00:00+00:00
[2026-02-06T09:34:39.853+0200] {processor.py:183} INFO - Processing /home/pazzoti/de-upskilling/airflow-flight-price-analysis/venv/lib/python3.10/site-packages/airflow/example_dags/example_xcom.py took 0.052 seconds
