[2026-02-06T09:01:40.661+0200] {processor.py:161} INFO - Started process (PID=4408) to work on /home/pazzoti/de-upskilling/airflow-flight-price-analysis/venv/lib/python3.10/site-packages/airflow/example_dags/example_task_group.py
[2026-02-06T09:01:40.661+0200] {processor.py:830} INFO - Processing file /home/pazzoti/de-upskilling/airflow-flight-price-analysis/venv/lib/python3.10/site-packages/airflow/example_dags/example_task_group.py for tasks to queue
[2026-02-06T09:01:40.662+0200] {logging_mixin.py:188} INFO - [2026-02-06T09:01:40.662+0200] {dagbag.py:538} INFO - Filling up the DagBag from /home/pazzoti/de-upskilling/airflow-flight-price-analysis/venv/lib/python3.10/site-packages/airflow/example_dags/example_task_group.py
[2026-02-06T09:01:40.670+0200] {processor.py:840} INFO - DAG(s) 'example_task_group' retrieved from /home/pazzoti/de-upskilling/airflow-flight-price-analysis/venv/lib/python3.10/site-packages/airflow/example_dags/example_task_group.py
[2026-02-06T09:01:40.683+0200] {logging_mixin.py:188} INFO - [2026-02-06T09:01:40.682+0200] {dag.py:3036} INFO - Sync 1 DAGs
[2026-02-06T09:01:40.696+0200] {logging_mixin.py:188} INFO - [2026-02-06T09:01:40.696+0200] {dag.py:3823} INFO - Setting next_dagrun for example_task_group to 2026-02-05 00:00:00+00:00, run_after=2026-02-06 00:00:00+00:00
[2026-02-06T09:01:40.714+0200] {processor.py:183} INFO - Processing /home/pazzoti/de-upskilling/airflow-flight-price-analysis/venv/lib/python3.10/site-packages/airflow/example_dags/example_task_group.py took 0.055 seconds
[2026-02-06T09:02:29.368+0200] {processor.py:161} INFO - Started process (PID=4871) to work on /home/pazzoti/de-upskilling/airflow-flight-price-analysis/venv/lib/python3.10/site-packages/airflow/example_dags/example_task_group.py
[2026-02-06T09:02:29.372+0200] {processor.py:830} INFO - Processing file /home/pazzoti/de-upskilling/airflow-flight-price-analysis/venv/lib/python3.10/site-packages/airflow/example_dags/example_task_group.py for tasks to queue
[2026-02-06T09:02:29.373+0200] {logging_mixin.py:188} INFO - [2026-02-06T09:02:29.373+0200] {dagbag.py:538} INFO - Filling up the DagBag from /home/pazzoti/de-upskilling/airflow-flight-price-analysis/venv/lib/python3.10/site-packages/airflow/example_dags/example_task_group.py
[2026-02-06T09:02:29.379+0200] {processor.py:840} INFO - DAG(s) 'example_task_group' retrieved from /home/pazzoti/de-upskilling/airflow-flight-price-analysis/venv/lib/python3.10/site-packages/airflow/example_dags/example_task_group.py
[2026-02-06T09:02:29.389+0200] {logging_mixin.py:188} INFO - [2026-02-06T09:02:29.389+0200] {dag.py:3036} INFO - Sync 1 DAGs
[2026-02-06T09:02:29.404+0200] {logging_mixin.py:188} INFO - [2026-02-06T09:02:29.404+0200] {dag.py:3823} INFO - Setting next_dagrun for example_task_group to 2026-02-05 00:00:00+00:00, run_after=2026-02-06 00:00:00+00:00
[2026-02-06T09:02:29.420+0200] {processor.py:183} INFO - Processing /home/pazzoti/de-upskilling/airflow-flight-price-analysis/venv/lib/python3.10/site-packages/airflow/example_dags/example_task_group.py took 0.054 seconds
[2026-02-06T09:03:19.446+0200] {processor.py:161} INFO - Started process (PID=5112) to work on /home/pazzoti/de-upskilling/airflow-flight-price-analysis/venv/lib/python3.10/site-packages/airflow/example_dags/example_task_group.py
[2026-02-06T09:03:19.447+0200] {processor.py:830} INFO - Processing file /home/pazzoti/de-upskilling/airflow-flight-price-analysis/venv/lib/python3.10/site-packages/airflow/example_dags/example_task_group.py for tasks to queue
[2026-02-06T09:03:19.448+0200] {logging_mixin.py:188} INFO - [2026-02-06T09:03:19.448+0200] {dagbag.py:538} INFO - Filling up the DagBag from /home/pazzoti/de-upskilling/airflow-flight-price-analysis/venv/lib/python3.10/site-packages/airflow/example_dags/example_task_group.py
[2026-02-06T09:03:19.454+0200] {processor.py:840} INFO - DAG(s) 'example_task_group' retrieved from /home/pazzoti/de-upskilling/airflow-flight-price-analysis/venv/lib/python3.10/site-packages/airflow/example_dags/example_task_group.py
[2026-02-06T09:03:19.469+0200] {logging_mixin.py:188} INFO - [2026-02-06T09:03:19.469+0200] {dag.py:3036} INFO - Sync 1 DAGs
[2026-02-06T09:03:19.482+0200] {logging_mixin.py:188} INFO - [2026-02-06T09:03:19.482+0200] {dag.py:3823} INFO - Setting next_dagrun for example_task_group to 2026-02-05 00:00:00+00:00, run_after=2026-02-06 00:00:00+00:00
[2026-02-06T09:03:19.522+0200] {processor.py:183} INFO - Processing /home/pazzoti/de-upskilling/airflow-flight-price-analysis/venv/lib/python3.10/site-packages/airflow/example_dags/example_task_group.py took 0.079 seconds
[2026-02-06T09:04:13.087+0200] {processor.py:161} INFO - Started process (PID=5355) to work on /home/pazzoti/de-upskilling/airflow-flight-price-analysis/venv/lib/python3.10/site-packages/airflow/example_dags/example_task_group.py
[2026-02-06T09:04:13.093+0200] {processor.py:830} INFO - Processing file /home/pazzoti/de-upskilling/airflow-flight-price-analysis/venv/lib/python3.10/site-packages/airflow/example_dags/example_task_group.py for tasks to queue
[2026-02-06T09:04:13.094+0200] {logging_mixin.py:188} INFO - [2026-02-06T09:04:13.094+0200] {dagbag.py:538} INFO - Filling up the DagBag from /home/pazzoti/de-upskilling/airflow-flight-price-analysis/venv/lib/python3.10/site-packages/airflow/example_dags/example_task_group.py
[2026-02-06T09:04:13.100+0200] {processor.py:840} INFO - DAG(s) 'example_task_group' retrieved from /home/pazzoti/de-upskilling/airflow-flight-price-analysis/venv/lib/python3.10/site-packages/airflow/example_dags/example_task_group.py
[2026-02-06T09:04:13.113+0200] {logging_mixin.py:188} INFO - [2026-02-06T09:04:13.113+0200] {dag.py:3036} INFO - Sync 1 DAGs
[2026-02-06T09:04:13.126+0200] {logging_mixin.py:188} INFO - [2026-02-06T09:04:13.125+0200] {dag.py:3823} INFO - Setting next_dagrun for example_task_group to 2026-02-05 00:00:00+00:00, run_after=2026-02-06 00:00:00+00:00
[2026-02-06T09:04:13.145+0200] {processor.py:183} INFO - Processing /home/pazzoti/de-upskilling/airflow-flight-price-analysis/venv/lib/python3.10/site-packages/airflow/example_dags/example_task_group.py took 0.061 seconds
[2026-02-06T09:05:08.822+0200] {processor.py:161} INFO - Started process (PID=5647) to work on /home/pazzoti/de-upskilling/airflow-flight-price-analysis/venv/lib/python3.10/site-packages/airflow/example_dags/example_task_group.py
[2026-02-06T09:05:08.823+0200] {processor.py:830} INFO - Processing file /home/pazzoti/de-upskilling/airflow-flight-price-analysis/venv/lib/python3.10/site-packages/airflow/example_dags/example_task_group.py for tasks to queue
[2026-02-06T09:05:08.824+0200] {logging_mixin.py:188} INFO - [2026-02-06T09:05:08.824+0200] {dagbag.py:538} INFO - Filling up the DagBag from /home/pazzoti/de-upskilling/airflow-flight-price-analysis/venv/lib/python3.10/site-packages/airflow/example_dags/example_task_group.py
[2026-02-06T09:05:08.833+0200] {processor.py:840} INFO - DAG(s) 'example_task_group' retrieved from /home/pazzoti/de-upskilling/airflow-flight-price-analysis/venv/lib/python3.10/site-packages/airflow/example_dags/example_task_group.py
[2026-02-06T09:05:08.850+0200] {logging_mixin.py:188} INFO - [2026-02-06T09:05:08.850+0200] {dag.py:3036} INFO - Sync 1 DAGs
[2026-02-06T09:05:08.881+0200] {logging_mixin.py:188} INFO - [2026-02-06T09:05:08.881+0200] {dag.py:3823} INFO - Setting next_dagrun for example_task_group to 2026-02-05 00:00:00+00:00, run_after=2026-02-06 00:00:00+00:00
[2026-02-06T09:05:08.912+0200] {processor.py:183} INFO - Processing /home/pazzoti/de-upskilling/airflow-flight-price-analysis/venv/lib/python3.10/site-packages/airflow/example_dags/example_task_group.py took 0.098 seconds
[2026-02-06T09:06:03.551+0200] {processor.py:161} INFO - Started process (PID=5924) to work on /home/pazzoti/de-upskilling/airflow-flight-price-analysis/venv/lib/python3.10/site-packages/airflow/example_dags/example_task_group.py
[2026-02-06T09:06:03.555+0200] {processor.py:830} INFO - Processing file /home/pazzoti/de-upskilling/airflow-flight-price-analysis/venv/lib/python3.10/site-packages/airflow/example_dags/example_task_group.py for tasks to queue
[2026-02-06T09:06:03.556+0200] {logging_mixin.py:188} INFO - [2026-02-06T09:06:03.556+0200] {dagbag.py:538} INFO - Filling up the DagBag from /home/pazzoti/de-upskilling/airflow-flight-price-analysis/venv/lib/python3.10/site-packages/airflow/example_dags/example_task_group.py
[2026-02-06T09:06:03.563+0200] {processor.py:840} INFO - DAG(s) 'example_task_group' retrieved from /home/pazzoti/de-upskilling/airflow-flight-price-analysis/venv/lib/python3.10/site-packages/airflow/example_dags/example_task_group.py
[2026-02-06T09:06:03.576+0200] {logging_mixin.py:188} INFO - [2026-02-06T09:06:03.575+0200] {dag.py:3036} INFO - Sync 1 DAGs
[2026-02-06T09:06:03.587+0200] {logging_mixin.py:188} INFO - [2026-02-06T09:06:03.586+0200] {dag.py:3823} INFO - Setting next_dagrun for example_task_group to 2026-02-05 00:00:00+00:00, run_after=2026-02-06 00:00:00+00:00
[2026-02-06T09:06:03.603+0200] {processor.py:183} INFO - Processing /home/pazzoti/de-upskilling/airflow-flight-price-analysis/venv/lib/python3.10/site-packages/airflow/example_dags/example_task_group.py took 0.054 seconds
[2026-02-06T09:06:59.137+0200] {processor.py:161} INFO - Started process (PID=6217) to work on /home/pazzoti/de-upskilling/airflow-flight-price-analysis/venv/lib/python3.10/site-packages/airflow/example_dags/example_task_group.py
[2026-02-06T09:06:59.140+0200] {processor.py:830} INFO - Processing file /home/pazzoti/de-upskilling/airflow-flight-price-analysis/venv/lib/python3.10/site-packages/airflow/example_dags/example_task_group.py for tasks to queue
[2026-02-06T09:06:59.141+0200] {logging_mixin.py:188} INFO - [2026-02-06T09:06:59.141+0200] {dagbag.py:538} INFO - Filling up the DagBag from /home/pazzoti/de-upskilling/airflow-flight-price-analysis/venv/lib/python3.10/site-packages/airflow/example_dags/example_task_group.py
[2026-02-06T09:06:59.147+0200] {processor.py:840} INFO - DAG(s) 'example_task_group' retrieved from /home/pazzoti/de-upskilling/airflow-flight-price-analysis/venv/lib/python3.10/site-packages/airflow/example_dags/example_task_group.py
[2026-02-06T09:06:59.159+0200] {logging_mixin.py:188} INFO - [2026-02-06T09:06:59.158+0200] {dag.py:3036} INFO - Sync 1 DAGs
[2026-02-06T09:06:59.171+0200] {logging_mixin.py:188} INFO - [2026-02-06T09:06:59.171+0200] {dag.py:3823} INFO - Setting next_dagrun for example_task_group to 2026-02-05 00:00:00+00:00, run_after=2026-02-06 00:00:00+00:00
[2026-02-06T09:06:59.189+0200] {processor.py:183} INFO - Processing /home/pazzoti/de-upskilling/airflow-flight-price-analysis/venv/lib/python3.10/site-packages/airflow/example_dags/example_task_group.py took 0.055 seconds
[2026-02-06T09:07:53.672+0200] {processor.py:161} INFO - Started process (PID=6487) to work on /home/pazzoti/de-upskilling/airflow-flight-price-analysis/venv/lib/python3.10/site-packages/airflow/example_dags/example_task_group.py
[2026-02-06T09:07:53.674+0200] {processor.py:830} INFO - Processing file /home/pazzoti/de-upskilling/airflow-flight-price-analysis/venv/lib/python3.10/site-packages/airflow/example_dags/example_task_group.py for tasks to queue
[2026-02-06T09:07:53.675+0200] {logging_mixin.py:188} INFO - [2026-02-06T09:07:53.675+0200] {dagbag.py:538} INFO - Filling up the DagBag from /home/pazzoti/de-upskilling/airflow-flight-price-analysis/venv/lib/python3.10/site-packages/airflow/example_dags/example_task_group.py
[2026-02-06T09:07:53.689+0200] {processor.py:840} INFO - DAG(s) 'example_task_group' retrieved from /home/pazzoti/de-upskilling/airflow-flight-price-analysis/venv/lib/python3.10/site-packages/airflow/example_dags/example_task_group.py
[2026-02-06T09:07:53.706+0200] {logging_mixin.py:188} INFO - [2026-02-06T09:07:53.706+0200] {dag.py:3036} INFO - Sync 1 DAGs
[2026-02-06T09:07:53.720+0200] {logging_mixin.py:188} INFO - [2026-02-06T09:07:53.719+0200] {dag.py:3823} INFO - Setting next_dagrun for example_task_group to 2026-02-05 00:00:00+00:00, run_after=2026-02-06 00:00:00+00:00
[2026-02-06T09:07:53.737+0200] {processor.py:183} INFO - Processing /home/pazzoti/de-upskilling/airflow-flight-price-analysis/venv/lib/python3.10/site-packages/airflow/example_dags/example_task_group.py took 0.067 seconds
[2026-02-06T09:08:48.120+0200] {processor.py:161} INFO - Started process (PID=6742) to work on /home/pazzoti/de-upskilling/airflow-flight-price-analysis/venv/lib/python3.10/site-packages/airflow/example_dags/example_task_group.py
[2026-02-06T09:08:48.122+0200] {processor.py:830} INFO - Processing file /home/pazzoti/de-upskilling/airflow-flight-price-analysis/venv/lib/python3.10/site-packages/airflow/example_dags/example_task_group.py for tasks to queue
[2026-02-06T09:08:48.123+0200] {logging_mixin.py:188} INFO - [2026-02-06T09:08:48.122+0200] {dagbag.py:538} INFO - Filling up the DagBag from /home/pazzoti/de-upskilling/airflow-flight-price-analysis/venv/lib/python3.10/site-packages/airflow/example_dags/example_task_group.py
[2026-02-06T09:08:48.133+0200] {processor.py:840} INFO - DAG(s) 'example_task_group' retrieved from /home/pazzoti/de-upskilling/airflow-flight-price-analysis/venv/lib/python3.10/site-packages/airflow/example_dags/example_task_group.py
[2026-02-06T09:08:48.146+0200] {logging_mixin.py:188} INFO - [2026-02-06T09:08:48.146+0200] {dag.py:3036} INFO - Sync 1 DAGs
[2026-02-06T09:08:48.160+0200] {logging_mixin.py:188} INFO - [2026-02-06T09:08:48.159+0200] {dag.py:3823} INFO - Setting next_dagrun for example_task_group to 2026-02-05 00:00:00+00:00, run_after=2026-02-06 00:00:00+00:00
[2026-02-06T09:08:48.179+0200] {processor.py:183} INFO - Processing /home/pazzoti/de-upskilling/airflow-flight-price-analysis/venv/lib/python3.10/site-packages/airflow/example_dags/example_task_group.py took 0.062 seconds
[2026-02-06T09:09:46.533+0200] {processor.py:161} INFO - Started process (PID=7006) to work on /home/pazzoti/de-upskilling/airflow-flight-price-analysis/venv/lib/python3.10/site-packages/airflow/example_dags/example_task_group.py
[2026-02-06T09:09:46.536+0200] {processor.py:830} INFO - Processing file /home/pazzoti/de-upskilling/airflow-flight-price-analysis/venv/lib/python3.10/site-packages/airflow/example_dags/example_task_group.py for tasks to queue
[2026-02-06T09:09:46.537+0200] {logging_mixin.py:188} INFO - [2026-02-06T09:09:46.537+0200] {dagbag.py:538} INFO - Filling up the DagBag from /home/pazzoti/de-upskilling/airflow-flight-price-analysis/venv/lib/python3.10/site-packages/airflow/example_dags/example_task_group.py
[2026-02-06T09:09:46.543+0200] {processor.py:840} INFO - DAG(s) 'example_task_group' retrieved from /home/pazzoti/de-upskilling/airflow-flight-price-analysis/venv/lib/python3.10/site-packages/airflow/example_dags/example_task_group.py
[2026-02-06T09:09:46.561+0200] {logging_mixin.py:188} INFO - [2026-02-06T09:09:46.560+0200] {dag.py:3036} INFO - Sync 1 DAGs
[2026-02-06T09:09:46.574+0200] {logging_mixin.py:188} INFO - [2026-02-06T09:09:46.574+0200] {dag.py:3823} INFO - Setting next_dagrun for example_task_group to 2026-02-05 00:00:00+00:00, run_after=2026-02-06 00:00:00+00:00
[2026-02-06T09:09:46.592+0200] {processor.py:183} INFO - Processing /home/pazzoti/de-upskilling/airflow-flight-price-analysis/venv/lib/python3.10/site-packages/airflow/example_dags/example_task_group.py took 0.063 seconds
[2026-02-06T09:11:47.048+0200] {processor.py:161} INFO - Started process (PID=8055) to work on /home/pazzoti/de-upskilling/airflow-flight-price-analysis/venv/lib/python3.10/site-packages/airflow/example_dags/example_task_group.py
[2026-02-06T09:11:47.052+0200] {processor.py:830} INFO - Processing file /home/pazzoti/de-upskilling/airflow-flight-price-analysis/venv/lib/python3.10/site-packages/airflow/example_dags/example_task_group.py for tasks to queue
[2026-02-06T09:11:47.053+0200] {logging_mixin.py:188} INFO - [2026-02-06T09:11:47.053+0200] {dagbag.py:538} INFO - Filling up the DagBag from /home/pazzoti/de-upskilling/airflow-flight-price-analysis/venv/lib/python3.10/site-packages/airflow/example_dags/example_task_group.py
[2026-02-06T09:11:47.074+0200] {processor.py:840} INFO - DAG(s) 'example_task_group' retrieved from /home/pazzoti/de-upskilling/airflow-flight-price-analysis/venv/lib/python3.10/site-packages/airflow/example_dags/example_task_group.py
[2026-02-06T09:11:47.096+0200] {logging_mixin.py:188} INFO - [2026-02-06T09:11:47.096+0200] {dag.py:3036} INFO - Sync 1 DAGs
[2026-02-06T09:11:47.121+0200] {logging_mixin.py:188} INFO - [2026-02-06T09:11:47.120+0200] {dag.py:3823} INFO - Setting next_dagrun for example_task_group to 2026-02-05 00:00:00+00:00, run_after=2026-02-06 00:00:00+00:00
[2026-02-06T09:11:47.147+0200] {processor.py:183} INFO - Processing /home/pazzoti/de-upskilling/airflow-flight-price-analysis/venv/lib/python3.10/site-packages/airflow/example_dags/example_task_group.py took 0.105 seconds
[2026-02-06T09:12:37.270+0200] {processor.py:161} INFO - Started process (PID=8339) to work on /home/pazzoti/de-upskilling/airflow-flight-price-analysis/venv/lib/python3.10/site-packages/airflow/example_dags/example_task_group.py
[2026-02-06T09:12:37.272+0200] {processor.py:830} INFO - Processing file /home/pazzoti/de-upskilling/airflow-flight-price-analysis/venv/lib/python3.10/site-packages/airflow/example_dags/example_task_group.py for tasks to queue
[2026-02-06T09:12:37.272+0200] {logging_mixin.py:188} INFO - [2026-02-06T09:12:37.272+0200] {dagbag.py:538} INFO - Filling up the DagBag from /home/pazzoti/de-upskilling/airflow-flight-price-analysis/venv/lib/python3.10/site-packages/airflow/example_dags/example_task_group.py
[2026-02-06T09:12:37.277+0200] {processor.py:840} INFO - DAG(s) 'example_task_group' retrieved from /home/pazzoti/de-upskilling/airflow-flight-price-analysis/venv/lib/python3.10/site-packages/airflow/example_dags/example_task_group.py
[2026-02-06T09:12:37.288+0200] {logging_mixin.py:188} INFO - [2026-02-06T09:12:37.287+0200] {dag.py:3036} INFO - Sync 1 DAGs
[2026-02-06T09:12:37.299+0200] {logging_mixin.py:188} INFO - [2026-02-06T09:12:37.299+0200] {dag.py:3823} INFO - Setting next_dagrun for example_task_group to 2026-02-05 00:00:00+00:00, run_after=2026-02-06 00:00:00+00:00
[2026-02-06T09:12:37.314+0200] {processor.py:183} INFO - Processing /home/pazzoti/de-upskilling/airflow-flight-price-analysis/venv/lib/python3.10/site-packages/airflow/example_dags/example_task_group.py took 0.046 seconds
[2026-02-06T09:13:32.429+0200] {processor.py:161} INFO - Started process (PID=8601) to work on /home/pazzoti/de-upskilling/airflow-flight-price-analysis/venv/lib/python3.10/site-packages/airflow/example_dags/example_task_group.py
[2026-02-06T09:13:32.430+0200] {processor.py:830} INFO - Processing file /home/pazzoti/de-upskilling/airflow-flight-price-analysis/venv/lib/python3.10/site-packages/airflow/example_dags/example_task_group.py for tasks to queue
[2026-02-06T09:13:32.431+0200] {logging_mixin.py:188} INFO - [2026-02-06T09:13:32.430+0200] {dagbag.py:538} INFO - Filling up the DagBag from /home/pazzoti/de-upskilling/airflow-flight-price-analysis/venv/lib/python3.10/site-packages/airflow/example_dags/example_task_group.py
[2026-02-06T09:13:32.437+0200] {processor.py:840} INFO - DAG(s) 'example_task_group' retrieved from /home/pazzoti/de-upskilling/airflow-flight-price-analysis/venv/lib/python3.10/site-packages/airflow/example_dags/example_task_group.py
[2026-02-06T09:13:32.448+0200] {logging_mixin.py:188} INFO - [2026-02-06T09:13:32.447+0200] {dag.py:3036} INFO - Sync 1 DAGs
[2026-02-06T09:13:32.460+0200] {logging_mixin.py:188} INFO - [2026-02-06T09:13:32.460+0200] {dag.py:3823} INFO - Setting next_dagrun for example_task_group to 2026-02-05 00:00:00+00:00, run_after=2026-02-06 00:00:00+00:00
[2026-02-06T09:13:32.474+0200] {processor.py:183} INFO - Processing /home/pazzoti/de-upskilling/airflow-flight-price-analysis/venv/lib/python3.10/site-packages/airflow/example_dags/example_task_group.py took 0.048 seconds
[2026-02-06T09:14:26.057+0200] {processor.py:161} INFO - Started process (PID=8843) to work on /home/pazzoti/de-upskilling/airflow-flight-price-analysis/venv/lib/python3.10/site-packages/airflow/example_dags/example_task_group.py
[2026-02-06T09:14:26.060+0200] {processor.py:830} INFO - Processing file /home/pazzoti/de-upskilling/airflow-flight-price-analysis/venv/lib/python3.10/site-packages/airflow/example_dags/example_task_group.py for tasks to queue
[2026-02-06T09:14:26.061+0200] {logging_mixin.py:188} INFO - [2026-02-06T09:14:26.060+0200] {dagbag.py:538} INFO - Filling up the DagBag from /home/pazzoti/de-upskilling/airflow-flight-price-analysis/venv/lib/python3.10/site-packages/airflow/example_dags/example_task_group.py
[2026-02-06T09:14:26.073+0200] {processor.py:840} INFO - DAG(s) 'example_task_group' retrieved from /home/pazzoti/de-upskilling/airflow-flight-price-analysis/venv/lib/python3.10/site-packages/airflow/example_dags/example_task_group.py
[2026-02-06T09:14:26.103+0200] {logging_mixin.py:188} INFO - [2026-02-06T09:14:26.103+0200] {dag.py:3036} INFO - Sync 1 DAGs
[2026-02-06T09:14:26.125+0200] {logging_mixin.py:188} INFO - [2026-02-06T09:14:26.124+0200] {dag.py:3823} INFO - Setting next_dagrun for example_task_group to 2026-02-05 00:00:00+00:00, run_after=2026-02-06 00:00:00+00:00
[2026-02-06T09:14:26.149+0200] {processor.py:183} INFO - Processing /home/pazzoti/de-upskilling/airflow-flight-price-analysis/venv/lib/python3.10/site-packages/airflow/example_dags/example_task_group.py took 0.096 seconds
[2026-02-06T09:15:23.217+0200] {processor.py:161} INFO - Started process (PID=9110) to work on /home/pazzoti/de-upskilling/airflow-flight-price-analysis/venv/lib/python3.10/site-packages/airflow/example_dags/example_task_group.py
[2026-02-06T09:15:23.220+0200] {processor.py:830} INFO - Processing file /home/pazzoti/de-upskilling/airflow-flight-price-analysis/venv/lib/python3.10/site-packages/airflow/example_dags/example_task_group.py for tasks to queue
[2026-02-06T09:15:23.221+0200] {logging_mixin.py:188} INFO - [2026-02-06T09:15:23.221+0200] {dagbag.py:538} INFO - Filling up the DagBag from /home/pazzoti/de-upskilling/airflow-flight-price-analysis/venv/lib/python3.10/site-packages/airflow/example_dags/example_task_group.py
[2026-02-06T09:15:23.228+0200] {processor.py:840} INFO - DAG(s) 'example_task_group' retrieved from /home/pazzoti/de-upskilling/airflow-flight-price-analysis/venv/lib/python3.10/site-packages/airflow/example_dags/example_task_group.py
[2026-02-06T09:15:23.240+0200] {logging_mixin.py:188} INFO - [2026-02-06T09:15:23.240+0200] {dag.py:3036} INFO - Sync 1 DAGs
[2026-02-06T09:15:23.251+0200] {logging_mixin.py:188} INFO - [2026-02-06T09:15:23.251+0200] {dag.py:3823} INFO - Setting next_dagrun for example_task_group to 2026-02-05 00:00:00+00:00, run_after=2026-02-06 00:00:00+00:00
[2026-02-06T09:15:23.271+0200] {processor.py:183} INFO - Processing /home/pazzoti/de-upskilling/airflow-flight-price-analysis/venv/lib/python3.10/site-packages/airflow/example_dags/example_task_group.py took 0.057 seconds
[2026-02-06T09:16:12.321+0200] {processor.py:161} INFO - Started process (PID=9363) to work on /home/pazzoti/de-upskilling/airflow-flight-price-analysis/venv/lib/python3.10/site-packages/airflow/example_dags/example_task_group.py
[2026-02-06T09:16:12.323+0200] {processor.py:830} INFO - Processing file /home/pazzoti/de-upskilling/airflow-flight-price-analysis/venv/lib/python3.10/site-packages/airflow/example_dags/example_task_group.py for tasks to queue
[2026-02-06T09:16:12.324+0200] {logging_mixin.py:188} INFO - [2026-02-06T09:16:12.324+0200] {dagbag.py:538} INFO - Filling up the DagBag from /home/pazzoti/de-upskilling/airflow-flight-price-analysis/venv/lib/python3.10/site-packages/airflow/example_dags/example_task_group.py
[2026-02-06T09:16:12.331+0200] {processor.py:840} INFO - DAG(s) 'example_task_group' retrieved from /home/pazzoti/de-upskilling/airflow-flight-price-analysis/venv/lib/python3.10/site-packages/airflow/example_dags/example_task_group.py
[2026-02-06T09:16:12.342+0200] {logging_mixin.py:188} INFO - [2026-02-06T09:16:12.341+0200] {dag.py:3036} INFO - Sync 1 DAGs
[2026-02-06T09:16:12.353+0200] {logging_mixin.py:188} INFO - [2026-02-06T09:16:12.353+0200] {dag.py:3823} INFO - Setting next_dagrun for example_task_group to 2026-02-05 00:00:00+00:00, run_after=2026-02-06 00:00:00+00:00
[2026-02-06T09:16:12.369+0200] {processor.py:183} INFO - Processing /home/pazzoti/de-upskilling/airflow-flight-price-analysis/venv/lib/python3.10/site-packages/airflow/example_dags/example_task_group.py took 0.052 seconds
[2026-02-06T09:17:05.261+0200] {processor.py:161} INFO - Started process (PID=9614) to work on /home/pazzoti/de-upskilling/airflow-flight-price-analysis/venv/lib/python3.10/site-packages/airflow/example_dags/example_task_group.py
[2026-02-06T09:17:05.262+0200] {processor.py:830} INFO - Processing file /home/pazzoti/de-upskilling/airflow-flight-price-analysis/venv/lib/python3.10/site-packages/airflow/example_dags/example_task_group.py for tasks to queue
[2026-02-06T09:17:05.263+0200] {logging_mixin.py:188} INFO - [2026-02-06T09:17:05.263+0200] {dagbag.py:538} INFO - Filling up the DagBag from /home/pazzoti/de-upskilling/airflow-flight-price-analysis/venv/lib/python3.10/site-packages/airflow/example_dags/example_task_group.py
[2026-02-06T09:17:05.268+0200] {processor.py:840} INFO - DAG(s) 'example_task_group' retrieved from /home/pazzoti/de-upskilling/airflow-flight-price-analysis/venv/lib/python3.10/site-packages/airflow/example_dags/example_task_group.py
[2026-02-06T09:17:05.279+0200] {logging_mixin.py:188} INFO - [2026-02-06T09:17:05.278+0200] {dag.py:3036} INFO - Sync 1 DAGs
[2026-02-06T09:17:05.290+0200] {logging_mixin.py:188} INFO - [2026-02-06T09:17:05.289+0200] {dag.py:3823} INFO - Setting next_dagrun for example_task_group to 2026-02-05 00:00:00+00:00, run_after=2026-02-06 00:00:00+00:00
[2026-02-06T09:17:05.305+0200] {processor.py:183} INFO - Processing /home/pazzoti/de-upskilling/airflow-flight-price-analysis/venv/lib/python3.10/site-packages/airflow/example_dags/example_task_group.py took 0.046 seconds
[2026-02-06T09:29:42.003+0200] {processor.py:161} INFO - Started process (PID=9907) to work on /home/pazzoti/de-upskilling/airflow-flight-price-analysis/venv/lib/python3.10/site-packages/airflow/example_dags/example_task_group.py
[2026-02-06T09:29:42.007+0200] {processor.py:830} INFO - Processing file /home/pazzoti/de-upskilling/airflow-flight-price-analysis/venv/lib/python3.10/site-packages/airflow/example_dags/example_task_group.py for tasks to queue
[2026-02-06T09:29:42.008+0200] {logging_mixin.py:188} INFO - [2026-02-06T09:29:42.008+0200] {dagbag.py:538} INFO - Filling up the DagBag from /home/pazzoti/de-upskilling/airflow-flight-price-analysis/venv/lib/python3.10/site-packages/airflow/example_dags/example_task_group.py
[2026-02-06T09:29:42.015+0200] {processor.py:840} INFO - DAG(s) 'example_task_group' retrieved from /home/pazzoti/de-upskilling/airflow-flight-price-analysis/venv/lib/python3.10/site-packages/airflow/example_dags/example_task_group.py
[2026-02-06T09:29:42.024+0200] {logging_mixin.py:188} INFO - [2026-02-06T09:29:42.024+0200] {dag.py:3036} INFO - Sync 1 DAGs
[2026-02-06T09:29:42.038+0200] {logging_mixin.py:188} INFO - [2026-02-06T09:29:42.038+0200] {dag.py:3823} INFO - Setting next_dagrun for example_task_group to 2026-02-05 00:00:00+00:00, run_after=2026-02-06 00:00:00+00:00
[2026-02-06T09:29:42.054+0200] {processor.py:183} INFO - Processing /home/pazzoti/de-upskilling/airflow-flight-price-analysis/venv/lib/python3.10/site-packages/airflow/example_dags/example_task_group.py took 0.053 seconds
[2026-02-06T09:30:32.639+0200] {processor.py:161} INFO - Started process (PID=9995) to work on /home/pazzoti/de-upskilling/airflow-flight-price-analysis/venv/lib/python3.10/site-packages/airflow/example_dags/example_task_group.py
[2026-02-06T09:30:32.648+0200] {processor.py:830} INFO - Processing file /home/pazzoti/de-upskilling/airflow-flight-price-analysis/venv/lib/python3.10/site-packages/airflow/example_dags/example_task_group.py for tasks to queue
[2026-02-06T09:30:32.649+0200] {logging_mixin.py:188} INFO - [2026-02-06T09:30:32.648+0200] {dagbag.py:538} INFO - Filling up the DagBag from /home/pazzoti/de-upskilling/airflow-flight-price-analysis/venv/lib/python3.10/site-packages/airflow/example_dags/example_task_group.py
[2026-02-06T09:30:32.657+0200] {processor.py:840} INFO - DAG(s) 'example_task_group' retrieved from /home/pazzoti/de-upskilling/airflow-flight-price-analysis/venv/lib/python3.10/site-packages/airflow/example_dags/example_task_group.py
[2026-02-06T09:30:32.674+0200] {logging_mixin.py:188} INFO - [2026-02-06T09:30:32.674+0200] {dag.py:3036} INFO - Sync 1 DAGs
[2026-02-06T09:30:32.693+0200] {logging_mixin.py:188} INFO - [2026-02-06T09:30:32.693+0200] {dag.py:3823} INFO - Setting next_dagrun for example_task_group to 2026-02-05 00:00:00+00:00, run_after=2026-02-06 00:00:00+00:00
[2026-02-06T09:30:32.725+0200] {processor.py:183} INFO - Processing /home/pazzoti/de-upskilling/airflow-flight-price-analysis/venv/lib/python3.10/site-packages/airflow/example_dags/example_task_group.py took 0.089 seconds
[2026-02-06T09:31:34.532+0200] {processor.py:161} INFO - Started process (PID=10110) to work on /home/pazzoti/de-upskilling/airflow-flight-price-analysis/venv/lib/python3.10/site-packages/airflow/example_dags/example_task_group.py
[2026-02-06T09:31:34.540+0200] {processor.py:830} INFO - Processing file /home/pazzoti/de-upskilling/airflow-flight-price-analysis/venv/lib/python3.10/site-packages/airflow/example_dags/example_task_group.py for tasks to queue
[2026-02-06T09:31:34.541+0200] {logging_mixin.py:188} INFO - [2026-02-06T09:31:34.541+0200] {dagbag.py:538} INFO - Filling up the DagBag from /home/pazzoti/de-upskilling/airflow-flight-price-analysis/venv/lib/python3.10/site-packages/airflow/example_dags/example_task_group.py
[2026-02-06T09:31:34.547+0200] {processor.py:840} INFO - DAG(s) 'example_task_group' retrieved from /home/pazzoti/de-upskilling/airflow-flight-price-analysis/venv/lib/python3.10/site-packages/airflow/example_dags/example_task_group.py
[2026-02-06T09:31:34.558+0200] {logging_mixin.py:188} INFO - [2026-02-06T09:31:34.558+0200] {dag.py:3036} INFO - Sync 1 DAGs
[2026-02-06T09:31:34.570+0200] {logging_mixin.py:188} INFO - [2026-02-06T09:31:34.570+0200] {dag.py:3823} INFO - Setting next_dagrun for example_task_group to 2026-02-05 00:00:00+00:00, run_after=2026-02-06 00:00:00+00:00
[2026-02-06T09:31:34.585+0200] {processor.py:183} INFO - Processing /home/pazzoti/de-upskilling/airflow-flight-price-analysis/venv/lib/python3.10/site-packages/airflow/example_dags/example_task_group.py took 0.057 seconds
[2026-02-06T09:32:29.720+0200] {processor.py:161} INFO - Started process (PID=10234) to work on /home/pazzoti/de-upskilling/airflow-flight-price-analysis/venv/lib/python3.10/site-packages/airflow/example_dags/example_task_group.py
[2026-02-06T09:32:29.728+0200] {processor.py:830} INFO - Processing file /home/pazzoti/de-upskilling/airflow-flight-price-analysis/venv/lib/python3.10/site-packages/airflow/example_dags/example_task_group.py for tasks to queue
[2026-02-06T09:32:29.729+0200] {logging_mixin.py:188} INFO - [2026-02-06T09:32:29.728+0200] {dagbag.py:538} INFO - Filling up the DagBag from /home/pazzoti/de-upskilling/airflow-flight-price-analysis/venv/lib/python3.10/site-packages/airflow/example_dags/example_task_group.py
[2026-02-06T09:32:29.735+0200] {processor.py:840} INFO - DAG(s) 'example_task_group' retrieved from /home/pazzoti/de-upskilling/airflow-flight-price-analysis/venv/lib/python3.10/site-packages/airflow/example_dags/example_task_group.py
[2026-02-06T09:32:29.746+0200] {logging_mixin.py:188} INFO - [2026-02-06T09:32:29.746+0200] {dag.py:3036} INFO - Sync 1 DAGs
[2026-02-06T09:32:29.757+0200] {logging_mixin.py:188} INFO - [2026-02-06T09:32:29.757+0200] {dag.py:3823} INFO - Setting next_dagrun for example_task_group to 2026-02-05 00:00:00+00:00, run_after=2026-02-06 00:00:00+00:00
[2026-02-06T09:32:29.771+0200] {processor.py:183} INFO - Processing /home/pazzoti/de-upskilling/airflow-flight-price-analysis/venv/lib/python3.10/site-packages/airflow/example_dags/example_task_group.py took 0.054 seconds
[2026-02-06T09:33:31.956+0200] {processor.py:161} INFO - Started process (PID=10343) to work on /home/pazzoti/de-upskilling/airflow-flight-price-analysis/venv/lib/python3.10/site-packages/airflow/example_dags/example_task_group.py
[2026-02-06T09:33:31.958+0200] {processor.py:830} INFO - Processing file /home/pazzoti/de-upskilling/airflow-flight-price-analysis/venv/lib/python3.10/site-packages/airflow/example_dags/example_task_group.py for tasks to queue
[2026-02-06T09:33:31.959+0200] {logging_mixin.py:188} INFO - [2026-02-06T09:33:31.959+0200] {dagbag.py:538} INFO - Filling up the DagBag from /home/pazzoti/de-upskilling/airflow-flight-price-analysis/venv/lib/python3.10/site-packages/airflow/example_dags/example_task_group.py
[2026-02-06T09:33:31.970+0200] {processor.py:840} INFO - DAG(s) 'example_task_group' retrieved from /home/pazzoti/de-upskilling/airflow-flight-price-analysis/venv/lib/python3.10/site-packages/airflow/example_dags/example_task_group.py
[2026-02-06T09:33:31.992+0200] {logging_mixin.py:188} INFO - [2026-02-06T09:33:31.991+0200] {dag.py:3036} INFO - Sync 1 DAGs
[2026-02-06T09:33:32.011+0200] {logging_mixin.py:188} INFO - [2026-02-06T09:33:32.011+0200] {dag.py:3823} INFO - Setting next_dagrun for example_task_group to 2026-02-05 00:00:00+00:00, run_after=2026-02-06 00:00:00+00:00
[2026-02-06T09:33:32.031+0200] {processor.py:183} INFO - Processing /home/pazzoti/de-upskilling/airflow-flight-price-analysis/venv/lib/python3.10/site-packages/airflow/example_dags/example_task_group.py took 0.078 seconds
[2026-02-06T09:34:21.971+0200] {processor.py:161} INFO - Started process (PID=10429) to work on /home/pazzoti/de-upskilling/airflow-flight-price-analysis/venv/lib/python3.10/site-packages/airflow/example_dags/example_task_group.py
[2026-02-06T09:34:21.973+0200] {processor.py:830} INFO - Processing file /home/pazzoti/de-upskilling/airflow-flight-price-analysis/venv/lib/python3.10/site-packages/airflow/example_dags/example_task_group.py for tasks to queue
[2026-02-06T09:34:21.974+0200] {logging_mixin.py:188} INFO - [2026-02-06T09:34:21.974+0200] {dagbag.py:538} INFO - Filling up the DagBag from /home/pazzoti/de-upskilling/airflow-flight-price-analysis/venv/lib/python3.10/site-packages/airflow/example_dags/example_task_group.py
[2026-02-06T09:34:21.979+0200] {processor.py:840} INFO - DAG(s) 'example_task_group' retrieved from /home/pazzoti/de-upskilling/airflow-flight-price-analysis/venv/lib/python3.10/site-packages/airflow/example_dags/example_task_group.py
[2026-02-06T09:34:21.990+0200] {logging_mixin.py:188} INFO - [2026-02-06T09:34:21.990+0200] {dag.py:3036} INFO - Sync 1 DAGs
[2026-02-06T09:34:22.004+0200] {logging_mixin.py:188} INFO - [2026-02-06T09:34:22.003+0200] {dag.py:3823} INFO - Setting next_dagrun for example_task_group to 2026-02-05 00:00:00+00:00, run_after=2026-02-06 00:00:00+00:00
[2026-02-06T09:34:22.021+0200] {processor.py:183} INFO - Processing /home/pazzoti/de-upskilling/airflow-flight-price-analysis/venv/lib/python3.10/site-packages/airflow/example_dags/example_task_group.py took 0.053 seconds
