[2026-02-06T09:01:23.830+0200] {processor.py:161} INFO - Started process (PID=4233) to work on /home/pazzoti/de-upskilling/airflow-flight-price-analysis/venv/lib/python3.10/site-packages/airflow/example_dags/example_trigger_controller_dag.py
[2026-02-06T09:01:23.831+0200] {processor.py:830} INFO - Processing file /home/pazzoti/de-upskilling/airflow-flight-price-analysis/venv/lib/python3.10/site-packages/airflow/example_dags/example_trigger_controller_dag.py for tasks to queue
[2026-02-06T09:01:23.831+0200] {logging_mixin.py:188} INFO - [2026-02-06T09:01:23.831+0200] {dagbag.py:538} INFO - Filling up the DagBag from /home/pazzoti/de-upskilling/airflow-flight-price-analysis/venv/lib/python3.10/site-packages/airflow/example_dags/example_trigger_controller_dag.py
[2026-02-06T09:01:23.838+0200] {processor.py:840} INFO - DAG(s) 'example_trigger_controller_dag' retrieved from /home/pazzoti/de-upskilling/airflow-flight-price-analysis/venv/lib/python3.10/site-packages/airflow/example_dags/example_trigger_controller_dag.py
[2026-02-06T09:01:23.851+0200] {logging_mixin.py:188} INFO - [2026-02-06T09:01:23.851+0200] {dag.py:3036} INFO - Sync 1 DAGs
[2026-02-06T09:01:23.864+0200] {logging_mixin.py:188} INFO - [2026-02-06T09:01:23.864+0200] {dag.py:3823} INFO - Setting next_dagrun for example_trigger_controller_dag to 2021-01-01 00:00:00+00:00, run_after=2021-01-01 00:00:00+00:00
[2026-02-06T09:01:23.880+0200] {processor.py:183} INFO - Processing /home/pazzoti/de-upskilling/airflow-flight-price-analysis/venv/lib/python3.10/site-packages/airflow/example_dags/example_trigger_controller_dag.py took 0.053 seconds
[2026-02-06T09:02:15.218+0200] {processor.py:161} INFO - Started process (PID=4803) to work on /home/pazzoti/de-upskilling/airflow-flight-price-analysis/venv/lib/python3.10/site-packages/airflow/example_dags/example_trigger_controller_dag.py
[2026-02-06T09:02:15.219+0200] {processor.py:830} INFO - Processing file /home/pazzoti/de-upskilling/airflow-flight-price-analysis/venv/lib/python3.10/site-packages/airflow/example_dags/example_trigger_controller_dag.py for tasks to queue
[2026-02-06T09:02:15.220+0200] {logging_mixin.py:188} INFO - [2026-02-06T09:02:15.220+0200] {dagbag.py:538} INFO - Filling up the DagBag from /home/pazzoti/de-upskilling/airflow-flight-price-analysis/venv/lib/python3.10/site-packages/airflow/example_dags/example_trigger_controller_dag.py
[2026-02-06T09:02:15.224+0200] {processor.py:840} INFO - DAG(s) 'example_trigger_controller_dag' retrieved from /home/pazzoti/de-upskilling/airflow-flight-price-analysis/venv/lib/python3.10/site-packages/airflow/example_dags/example_trigger_controller_dag.py
[2026-02-06T09:02:15.233+0200] {logging_mixin.py:188} INFO - [2026-02-06T09:02:15.232+0200] {dag.py:3036} INFO - Sync 1 DAGs
[2026-02-06T09:02:15.243+0200] {logging_mixin.py:188} INFO - [2026-02-06T09:02:15.242+0200] {dag.py:3823} INFO - Setting next_dagrun for example_trigger_controller_dag to 2021-01-01 00:00:00+00:00, run_after=2021-01-01 00:00:00+00:00
[2026-02-06T09:02:15.257+0200] {processor.py:183} INFO - Processing /home/pazzoti/de-upskilling/airflow-flight-price-analysis/venv/lib/python3.10/site-packages/airflow/example_dags/example_trigger_controller_dag.py took 0.041 seconds
[2026-02-06T09:02:59.703+0200] {processor.py:161} INFO - Started process (PID=5020) to work on /home/pazzoti/de-upskilling/airflow-flight-price-analysis/venv/lib/python3.10/site-packages/airflow/example_dags/example_trigger_controller_dag.py
[2026-02-06T09:02:59.709+0200] {processor.py:830} INFO - Processing file /home/pazzoti/de-upskilling/airflow-flight-price-analysis/venv/lib/python3.10/site-packages/airflow/example_dags/example_trigger_controller_dag.py for tasks to queue
[2026-02-06T09:02:59.710+0200] {logging_mixin.py:188} INFO - [2026-02-06T09:02:59.710+0200] {dagbag.py:538} INFO - Filling up the DagBag from /home/pazzoti/de-upskilling/airflow-flight-price-analysis/venv/lib/python3.10/site-packages/airflow/example_dags/example_trigger_controller_dag.py
[2026-02-06T09:02:59.714+0200] {processor.py:840} INFO - DAG(s) 'example_trigger_controller_dag' retrieved from /home/pazzoti/de-upskilling/airflow-flight-price-analysis/venv/lib/python3.10/site-packages/airflow/example_dags/example_trigger_controller_dag.py
[2026-02-06T09:02:59.724+0200] {logging_mixin.py:188} INFO - [2026-02-06T09:02:59.724+0200] {dag.py:3036} INFO - Sync 1 DAGs
[2026-02-06T09:02:59.733+0200] {logging_mixin.py:188} INFO - [2026-02-06T09:02:59.733+0200] {dag.py:3823} INFO - Setting next_dagrun for example_trigger_controller_dag to 2021-01-01 00:00:00+00:00, run_after=2021-01-01 00:00:00+00:00
[2026-02-06T09:02:59.749+0200] {processor.py:183} INFO - Processing /home/pazzoti/de-upskilling/airflow-flight-price-analysis/venv/lib/python3.10/site-packages/airflow/example_dags/example_trigger_controller_dag.py took 0.049 seconds
[2026-02-06T09:03:50.551+0200] {processor.py:161} INFO - Started process (PID=5262) to work on /home/pazzoti/de-upskilling/airflow-flight-price-analysis/venv/lib/python3.10/site-packages/airflow/example_dags/example_trigger_controller_dag.py
[2026-02-06T09:03:50.552+0200] {processor.py:830} INFO - Processing file /home/pazzoti/de-upskilling/airflow-flight-price-analysis/venv/lib/python3.10/site-packages/airflow/example_dags/example_trigger_controller_dag.py for tasks to queue
[2026-02-06T09:03:50.553+0200] {logging_mixin.py:188} INFO - [2026-02-06T09:03:50.553+0200] {dagbag.py:538} INFO - Filling up the DagBag from /home/pazzoti/de-upskilling/airflow-flight-price-analysis/venv/lib/python3.10/site-packages/airflow/example_dags/example_trigger_controller_dag.py
[2026-02-06T09:03:50.559+0200] {processor.py:840} INFO - DAG(s) 'example_trigger_controller_dag' retrieved from /home/pazzoti/de-upskilling/airflow-flight-price-analysis/venv/lib/python3.10/site-packages/airflow/example_dags/example_trigger_controller_dag.py
[2026-02-06T09:03:50.570+0200] {logging_mixin.py:188} INFO - [2026-02-06T09:03:50.570+0200] {dag.py:3036} INFO - Sync 1 DAGs
[2026-02-06T09:03:50.585+0200] {logging_mixin.py:188} INFO - [2026-02-06T09:03:50.585+0200] {dag.py:3823} INFO - Setting next_dagrun for example_trigger_controller_dag to 2021-01-01 00:00:00+00:00, run_after=2021-01-01 00:00:00+00:00
[2026-02-06T09:03:50.602+0200] {processor.py:183} INFO - Processing /home/pazzoti/de-upskilling/airflow-flight-price-analysis/venv/lib/python3.10/site-packages/airflow/example_dags/example_trigger_controller_dag.py took 0.053 seconds
[2026-02-06T09:04:44.798+0200] {processor.py:161} INFO - Started process (PID=5501) to work on /home/pazzoti/de-upskilling/airflow-flight-price-analysis/venv/lib/python3.10/site-packages/airflow/example_dags/example_trigger_controller_dag.py
[2026-02-06T09:04:44.802+0200] {processor.py:830} INFO - Processing file /home/pazzoti/de-upskilling/airflow-flight-price-analysis/venv/lib/python3.10/site-packages/airflow/example_dags/example_trigger_controller_dag.py for tasks to queue
[2026-02-06T09:04:44.803+0200] {logging_mixin.py:188} INFO - [2026-02-06T09:04:44.803+0200] {dagbag.py:538} INFO - Filling up the DagBag from /home/pazzoti/de-upskilling/airflow-flight-price-analysis/venv/lib/python3.10/site-packages/airflow/example_dags/example_trigger_controller_dag.py
[2026-02-06T09:04:44.808+0200] {processor.py:840} INFO - DAG(s) 'example_trigger_controller_dag' retrieved from /home/pazzoti/de-upskilling/airflow-flight-price-analysis/venv/lib/python3.10/site-packages/airflow/example_dags/example_trigger_controller_dag.py
[2026-02-06T09:04:44.819+0200] {logging_mixin.py:188} INFO - [2026-02-06T09:04:44.819+0200] {dag.py:3036} INFO - Sync 1 DAGs
[2026-02-06T09:04:44.829+0200] {logging_mixin.py:188} INFO - [2026-02-06T09:04:44.829+0200] {dag.py:3823} INFO - Setting next_dagrun for example_trigger_controller_dag to 2021-01-01 00:00:00+00:00, run_after=2021-01-01 00:00:00+00:00
[2026-02-06T09:04:44.846+0200] {processor.py:183} INFO - Processing /home/pazzoti/de-upskilling/airflow-flight-price-analysis/venv/lib/python3.10/site-packages/airflow/example_dags/example_trigger_controller_dag.py took 0.051 seconds
[2026-02-06T09:05:41.668+0200] {processor.py:161} INFO - Started process (PID=5805) to work on /home/pazzoti/de-upskilling/airflow-flight-price-analysis/venv/lib/python3.10/site-packages/airflow/example_dags/example_trigger_controller_dag.py
[2026-02-06T09:05:41.670+0200] {processor.py:830} INFO - Processing file /home/pazzoti/de-upskilling/airflow-flight-price-analysis/venv/lib/python3.10/site-packages/airflow/example_dags/example_trigger_controller_dag.py for tasks to queue
[2026-02-06T09:05:41.670+0200] {logging_mixin.py:188} INFO - [2026-02-06T09:05:41.670+0200] {dagbag.py:538} INFO - Filling up the DagBag from /home/pazzoti/de-upskilling/airflow-flight-price-analysis/venv/lib/python3.10/site-packages/airflow/example_dags/example_trigger_controller_dag.py
[2026-02-06T09:05:41.674+0200] {processor.py:840} INFO - DAG(s) 'example_trigger_controller_dag' retrieved from /home/pazzoti/de-upskilling/airflow-flight-price-analysis/venv/lib/python3.10/site-packages/airflow/example_dags/example_trigger_controller_dag.py
[2026-02-06T09:05:41.685+0200] {logging_mixin.py:188} INFO - [2026-02-06T09:05:41.685+0200] {dag.py:3036} INFO - Sync 1 DAGs
[2026-02-06T09:05:41.698+0200] {logging_mixin.py:188} INFO - [2026-02-06T09:05:41.698+0200] {dag.py:3823} INFO - Setting next_dagrun for example_trigger_controller_dag to 2021-01-01 00:00:00+00:00, run_after=2021-01-01 00:00:00+00:00
[2026-02-06T09:05:41.719+0200] {processor.py:183} INFO - Processing /home/pazzoti/de-upskilling/airflow-flight-price-analysis/venv/lib/python3.10/site-packages/airflow/example_dags/example_trigger_controller_dag.py took 0.053 seconds
[2026-02-06T09:06:34.119+0200] {processor.py:161} INFO - Started process (PID=6071) to work on /home/pazzoti/de-upskilling/airflow-flight-price-analysis/venv/lib/python3.10/site-packages/airflow/example_dags/example_trigger_controller_dag.py
[2026-02-06T09:06:34.124+0200] {processor.py:830} INFO - Processing file /home/pazzoti/de-upskilling/airflow-flight-price-analysis/venv/lib/python3.10/site-packages/airflow/example_dags/example_trigger_controller_dag.py for tasks to queue
[2026-02-06T09:06:34.125+0200] {logging_mixin.py:188} INFO - [2026-02-06T09:06:34.125+0200] {dagbag.py:538} INFO - Filling up the DagBag from /home/pazzoti/de-upskilling/airflow-flight-price-analysis/venv/lib/python3.10/site-packages/airflow/example_dags/example_trigger_controller_dag.py
[2026-02-06T09:06:34.131+0200] {processor.py:840} INFO - DAG(s) 'example_trigger_controller_dag' retrieved from /home/pazzoti/de-upskilling/airflow-flight-price-analysis/venv/lib/python3.10/site-packages/airflow/example_dags/example_trigger_controller_dag.py
[2026-02-06T09:06:34.141+0200] {logging_mixin.py:188} INFO - [2026-02-06T09:06:34.141+0200] {dag.py:3036} INFO - Sync 1 DAGs
[2026-02-06T09:06:34.151+0200] {logging_mixin.py:188} INFO - [2026-02-06T09:06:34.151+0200] {dag.py:3823} INFO - Setting next_dagrun for example_trigger_controller_dag to 2021-01-01 00:00:00+00:00, run_after=2021-01-01 00:00:00+00:00
[2026-02-06T09:06:34.170+0200] {processor.py:183} INFO - Processing /home/pazzoti/de-upskilling/airflow-flight-price-analysis/venv/lib/python3.10/site-packages/airflow/example_dags/example_trigger_controller_dag.py took 0.053 seconds
[2026-02-06T09:07:29.863+0200] {processor.py:161} INFO - Started process (PID=6394) to work on /home/pazzoti/de-upskilling/airflow-flight-price-analysis/venv/lib/python3.10/site-packages/airflow/example_dags/example_trigger_controller_dag.py
[2026-02-06T09:07:29.864+0200] {processor.py:830} INFO - Processing file /home/pazzoti/de-upskilling/airflow-flight-price-analysis/venv/lib/python3.10/site-packages/airflow/example_dags/example_trigger_controller_dag.py for tasks to queue
[2026-02-06T09:07:29.865+0200] {logging_mixin.py:188} INFO - [2026-02-06T09:07:29.865+0200] {dagbag.py:538} INFO - Filling up the DagBag from /home/pazzoti/de-upskilling/airflow-flight-price-analysis/venv/lib/python3.10/site-packages/airflow/example_dags/example_trigger_controller_dag.py
[2026-02-06T09:07:29.869+0200] {processor.py:840} INFO - DAG(s) 'example_trigger_controller_dag' retrieved from /home/pazzoti/de-upskilling/airflow-flight-price-analysis/venv/lib/python3.10/site-packages/airflow/example_dags/example_trigger_controller_dag.py
[2026-02-06T09:07:29.880+0200] {logging_mixin.py:188} INFO - [2026-02-06T09:07:29.880+0200] {dag.py:3036} INFO - Sync 1 DAGs
[2026-02-06T09:07:29.892+0200] {logging_mixin.py:188} INFO - [2026-02-06T09:07:29.892+0200] {dag.py:3823} INFO - Setting next_dagrun for example_trigger_controller_dag to 2021-01-01 00:00:00+00:00, run_after=2021-01-01 00:00:00+00:00
[2026-02-06T09:07:29.908+0200] {processor.py:183} INFO - Processing /home/pazzoti/de-upskilling/airflow-flight-price-analysis/venv/lib/python3.10/site-packages/airflow/example_dags/example_trigger_controller_dag.py took 0.047 seconds
[2026-02-06T09:08:24.073+0200] {processor.py:161} INFO - Started process (PID=6635) to work on /home/pazzoti/de-upskilling/airflow-flight-price-analysis/venv/lib/python3.10/site-packages/airflow/example_dags/example_trigger_controller_dag.py
[2026-02-06T09:08:24.080+0200] {processor.py:830} INFO - Processing file /home/pazzoti/de-upskilling/airflow-flight-price-analysis/venv/lib/python3.10/site-packages/airflow/example_dags/example_trigger_controller_dag.py for tasks to queue
[2026-02-06T09:08:24.081+0200] {logging_mixin.py:188} INFO - [2026-02-06T09:08:24.081+0200] {dagbag.py:538} INFO - Filling up the DagBag from /home/pazzoti/de-upskilling/airflow-flight-price-analysis/venv/lib/python3.10/site-packages/airflow/example_dags/example_trigger_controller_dag.py
[2026-02-06T09:08:24.086+0200] {processor.py:840} INFO - DAG(s) 'example_trigger_controller_dag' retrieved from /home/pazzoti/de-upskilling/airflow-flight-price-analysis/venv/lib/python3.10/site-packages/airflow/example_dags/example_trigger_controller_dag.py
[2026-02-06T09:08:24.101+0200] {logging_mixin.py:188} INFO - [2026-02-06T09:08:24.100+0200] {dag.py:3036} INFO - Sync 1 DAGs
[2026-02-06T09:08:24.118+0200] {logging_mixin.py:188} INFO - [2026-02-06T09:08:24.118+0200] {dag.py:3823} INFO - Setting next_dagrun for example_trigger_controller_dag to 2021-01-01 00:00:00+00:00, run_after=2021-01-01 00:00:00+00:00
[2026-02-06T09:08:24.142+0200] {processor.py:183} INFO - Processing /home/pazzoti/de-upskilling/airflow-flight-price-analysis/venv/lib/python3.10/site-packages/airflow/example_dags/example_trigger_controller_dag.py took 0.072 seconds
[2026-02-06T09:09:19.627+0200] {processor.py:161} INFO - Started process (PID=6895) to work on /home/pazzoti/de-upskilling/airflow-flight-price-analysis/venv/lib/python3.10/site-packages/airflow/example_dags/example_trigger_controller_dag.py
[2026-02-06T09:09:19.629+0200] {processor.py:830} INFO - Processing file /home/pazzoti/de-upskilling/airflow-flight-price-analysis/venv/lib/python3.10/site-packages/airflow/example_dags/example_trigger_controller_dag.py for tasks to queue
[2026-02-06T09:09:19.630+0200] {logging_mixin.py:188} INFO - [2026-02-06T09:09:19.630+0200] {dagbag.py:538} INFO - Filling up the DagBag from /home/pazzoti/de-upskilling/airflow-flight-price-analysis/venv/lib/python3.10/site-packages/airflow/example_dags/example_trigger_controller_dag.py
[2026-02-06T09:09:19.639+0200] {processor.py:840} INFO - DAG(s) 'example_trigger_controller_dag' retrieved from /home/pazzoti/de-upskilling/airflow-flight-price-analysis/venv/lib/python3.10/site-packages/airflow/example_dags/example_trigger_controller_dag.py
[2026-02-06T09:09:19.667+0200] {logging_mixin.py:188} INFO - [2026-02-06T09:09:19.666+0200] {dag.py:3036} INFO - Sync 1 DAGs
[2026-02-06T09:09:19.704+0200] {logging_mixin.py:188} INFO - [2026-02-06T09:09:19.703+0200] {dag.py:3823} INFO - Setting next_dagrun for example_trigger_controller_dag to 2021-01-01 00:00:00+00:00, run_after=2021-01-01 00:00:00+00:00
[2026-02-06T09:09:19.752+0200] {processor.py:183} INFO - Processing /home/pazzoti/de-upskilling/airflow-flight-price-analysis/venv/lib/python3.10/site-packages/airflow/example_dags/example_trigger_controller_dag.py took 0.128 seconds
[2026-02-06T09:11:20.850+0200] {processor.py:161} INFO - Started process (PID=7740) to work on /home/pazzoti/de-upskilling/airflow-flight-price-analysis/venv/lib/python3.10/site-packages/airflow/example_dags/example_trigger_controller_dag.py
[2026-02-06T09:11:20.860+0200] {processor.py:830} INFO - Processing file /home/pazzoti/de-upskilling/airflow-flight-price-analysis/venv/lib/python3.10/site-packages/airflow/example_dags/example_trigger_controller_dag.py for tasks to queue
[2026-02-06T09:11:20.862+0200] {logging_mixin.py:188} INFO - [2026-02-06T09:11:20.861+0200] {dagbag.py:538} INFO - Filling up the DagBag from /home/pazzoti/de-upskilling/airflow-flight-price-analysis/venv/lib/python3.10/site-packages/airflow/example_dags/example_trigger_controller_dag.py
[2026-02-06T09:11:20.880+0200] {processor.py:840} INFO - DAG(s) 'example_trigger_controller_dag' retrieved from /home/pazzoti/de-upskilling/airflow-flight-price-analysis/venv/lib/python3.10/site-packages/airflow/example_dags/example_trigger_controller_dag.py
[2026-02-06T09:11:20.918+0200] {logging_mixin.py:188} INFO - [2026-02-06T09:11:20.917+0200] {dag.py:3036} INFO - Sync 1 DAGs
[2026-02-06T09:11:20.980+0200] {logging_mixin.py:188} INFO - [2026-02-06T09:11:20.979+0200] {dag.py:3823} INFO - Setting next_dagrun for example_trigger_controller_dag to 2021-01-01 00:00:00+00:00, run_after=2021-01-01 00:00:00+00:00
[2026-02-06T09:11:21.042+0200] {processor.py:183} INFO - Processing /home/pazzoti/de-upskilling/airflow-flight-price-analysis/venv/lib/python3.10/site-packages/airflow/example_dags/example_trigger_controller_dag.py took 0.197 seconds
[2026-02-06T09:12:20.438+0200] {processor.py:161} INFO - Started process (PID=8272) to work on /home/pazzoti/de-upskilling/airflow-flight-price-analysis/venv/lib/python3.10/site-packages/airflow/example_dags/example_trigger_controller_dag.py
[2026-02-06T09:12:20.440+0200] {processor.py:830} INFO - Processing file /home/pazzoti/de-upskilling/airflow-flight-price-analysis/venv/lib/python3.10/site-packages/airflow/example_dags/example_trigger_controller_dag.py for tasks to queue
[2026-02-06T09:12:20.441+0200] {logging_mixin.py:188} INFO - [2026-02-06T09:12:20.440+0200] {dagbag.py:538} INFO - Filling up the DagBag from /home/pazzoti/de-upskilling/airflow-flight-price-analysis/venv/lib/python3.10/site-packages/airflow/example_dags/example_trigger_controller_dag.py
[2026-02-06T09:12:20.445+0200] {processor.py:840} INFO - DAG(s) 'example_trigger_controller_dag' retrieved from /home/pazzoti/de-upskilling/airflow-flight-price-analysis/venv/lib/python3.10/site-packages/airflow/example_dags/example_trigger_controller_dag.py
[2026-02-06T09:12:20.459+0200] {logging_mixin.py:188} INFO - [2026-02-06T09:12:20.458+0200] {dag.py:3036} INFO - Sync 1 DAGs
[2026-02-06T09:12:20.473+0200] {logging_mixin.py:188} INFO - [2026-02-06T09:12:20.473+0200] {dag.py:3823} INFO - Setting next_dagrun for example_trigger_controller_dag to 2021-01-01 00:00:00+00:00, run_after=2021-01-01 00:00:00+00:00
[2026-02-06T09:12:20.493+0200] {processor.py:183} INFO - Processing /home/pazzoti/de-upskilling/airflow-flight-price-analysis/venv/lib/python3.10/site-packages/airflow/example_dags/example_trigger_controller_dag.py took 0.057 seconds
[2026-02-06T09:13:08.066+0200] {processor.py:161} INFO - Started process (PID=8488) to work on /home/pazzoti/de-upskilling/airflow-flight-price-analysis/venv/lib/python3.10/site-packages/airflow/example_dags/example_trigger_controller_dag.py
[2026-02-06T09:13:08.068+0200] {processor.py:830} INFO - Processing file /home/pazzoti/de-upskilling/airflow-flight-price-analysis/venv/lib/python3.10/site-packages/airflow/example_dags/example_trigger_controller_dag.py for tasks to queue
[2026-02-06T09:13:08.068+0200] {logging_mixin.py:188} INFO - [2026-02-06T09:13:08.068+0200] {dagbag.py:538} INFO - Filling up the DagBag from /home/pazzoti/de-upskilling/airflow-flight-price-analysis/venv/lib/python3.10/site-packages/airflow/example_dags/example_trigger_controller_dag.py
[2026-02-06T09:13:08.072+0200] {processor.py:840} INFO - DAG(s) 'example_trigger_controller_dag' retrieved from /home/pazzoti/de-upskilling/airflow-flight-price-analysis/venv/lib/python3.10/site-packages/airflow/example_dags/example_trigger_controller_dag.py
[2026-02-06T09:13:08.084+0200] {logging_mixin.py:188} INFO - [2026-02-06T09:13:08.084+0200] {dag.py:3036} INFO - Sync 1 DAGs
[2026-02-06T09:13:08.097+0200] {logging_mixin.py:188} INFO - [2026-02-06T09:13:08.097+0200] {dag.py:3823} INFO - Setting next_dagrun for example_trigger_controller_dag to 2021-01-01 00:00:00+00:00, run_after=2021-01-01 00:00:00+00:00
[2026-02-06T09:13:08.114+0200] {processor.py:183} INFO - Processing /home/pazzoti/de-upskilling/airflow-flight-price-analysis/venv/lib/python3.10/site-packages/airflow/example_dags/example_trigger_controller_dag.py took 0.050 seconds
[2026-02-06T09:13:55.674+0200] {processor.py:161} INFO - Started process (PID=8705) to work on /home/pazzoti/de-upskilling/airflow-flight-price-analysis/venv/lib/python3.10/site-packages/airflow/example_dags/example_trigger_controller_dag.py
[2026-02-06T09:13:55.675+0200] {processor.py:830} INFO - Processing file /home/pazzoti/de-upskilling/airflow-flight-price-analysis/venv/lib/python3.10/site-packages/airflow/example_dags/example_trigger_controller_dag.py for tasks to queue
[2026-02-06T09:13:55.676+0200] {logging_mixin.py:188} INFO - [2026-02-06T09:13:55.676+0200] {dagbag.py:538} INFO - Filling up the DagBag from /home/pazzoti/de-upskilling/airflow-flight-price-analysis/venv/lib/python3.10/site-packages/airflow/example_dags/example_trigger_controller_dag.py
[2026-02-06T09:13:55.684+0200] {processor.py:840} INFO - DAG(s) 'example_trigger_controller_dag' retrieved from /home/pazzoti/de-upskilling/airflow-flight-price-analysis/venv/lib/python3.10/site-packages/airflow/example_dags/example_trigger_controller_dag.py
[2026-02-06T09:13:55.702+0200] {logging_mixin.py:188} INFO - [2026-02-06T09:13:55.702+0200] {dag.py:3036} INFO - Sync 1 DAGs
[2026-02-06T09:13:55.715+0200] {logging_mixin.py:188} INFO - [2026-02-06T09:13:55.715+0200] {dag.py:3823} INFO - Setting next_dagrun for example_trigger_controller_dag to 2021-01-01 00:00:00+00:00, run_after=2021-01-01 00:00:00+00:00
[2026-02-06T09:13:55.733+0200] {processor.py:183} INFO - Processing /home/pazzoti/de-upskilling/airflow-flight-price-analysis/venv/lib/python3.10/site-packages/airflow/example_dags/example_trigger_controller_dag.py took 0.064 seconds
[2026-02-06T09:14:48.896+0200] {processor.py:161} INFO - Started process (PID=8954) to work on /home/pazzoti/de-upskilling/airflow-flight-price-analysis/venv/lib/python3.10/site-packages/airflow/example_dags/example_trigger_controller_dag.py
[2026-02-06T09:14:48.898+0200] {processor.py:830} INFO - Processing file /home/pazzoti/de-upskilling/airflow-flight-price-analysis/venv/lib/python3.10/site-packages/airflow/example_dags/example_trigger_controller_dag.py for tasks to queue
[2026-02-06T09:14:48.899+0200] {logging_mixin.py:188} INFO - [2026-02-06T09:14:48.898+0200] {dagbag.py:538} INFO - Filling up the DagBag from /home/pazzoti/de-upskilling/airflow-flight-price-analysis/venv/lib/python3.10/site-packages/airflow/example_dags/example_trigger_controller_dag.py
[2026-02-06T09:14:48.907+0200] {processor.py:840} INFO - DAG(s) 'example_trigger_controller_dag' retrieved from /home/pazzoti/de-upskilling/airflow-flight-price-analysis/venv/lib/python3.10/site-packages/airflow/example_dags/example_trigger_controller_dag.py
[2026-02-06T09:14:48.919+0200] {logging_mixin.py:188} INFO - [2026-02-06T09:14:48.918+0200] {dag.py:3036} INFO - Sync 1 DAGs
[2026-02-06T09:14:48.935+0200] {logging_mixin.py:188} INFO - [2026-02-06T09:14:48.935+0200] {dag.py:3823} INFO - Setting next_dagrun for example_trigger_controller_dag to 2021-01-01 00:00:00+00:00, run_after=2021-01-01 00:00:00+00:00
[2026-02-06T09:14:48.965+0200] {processor.py:183} INFO - Processing /home/pazzoti/de-upskilling/airflow-flight-price-analysis/venv/lib/python3.10/site-packages/airflow/example_dags/example_trigger_controller_dag.py took 0.072 seconds
[2026-02-06T09:15:44.800+0200] {processor.py:161} INFO - Started process (PID=9207) to work on /home/pazzoti/de-upskilling/airflow-flight-price-analysis/venv/lib/python3.10/site-packages/airflow/example_dags/example_trigger_controller_dag.py
[2026-02-06T09:15:44.802+0200] {processor.py:830} INFO - Processing file /home/pazzoti/de-upskilling/airflow-flight-price-analysis/venv/lib/python3.10/site-packages/airflow/example_dags/example_trigger_controller_dag.py for tasks to queue
[2026-02-06T09:15:44.803+0200] {logging_mixin.py:188} INFO - [2026-02-06T09:15:44.802+0200] {dagbag.py:538} INFO - Filling up the DagBag from /home/pazzoti/de-upskilling/airflow-flight-price-analysis/venv/lib/python3.10/site-packages/airflow/example_dags/example_trigger_controller_dag.py
[2026-02-06T09:15:44.810+0200] {processor.py:840} INFO - DAG(s) 'example_trigger_controller_dag' retrieved from /home/pazzoti/de-upskilling/airflow-flight-price-analysis/venv/lib/python3.10/site-packages/airflow/example_dags/example_trigger_controller_dag.py
[2026-02-06T09:15:44.828+0200] {logging_mixin.py:188} INFO - [2026-02-06T09:15:44.828+0200] {dag.py:3036} INFO - Sync 1 DAGs
[2026-02-06T09:15:44.852+0200] {logging_mixin.py:188} INFO - [2026-02-06T09:15:44.852+0200] {dag.py:3823} INFO - Setting next_dagrun for example_trigger_controller_dag to 2021-01-01 00:00:00+00:00, run_after=2021-01-01 00:00:00+00:00
[2026-02-06T09:15:44.871+0200] {processor.py:183} INFO - Processing /home/pazzoti/de-upskilling/airflow-flight-price-analysis/venv/lib/python3.10/site-packages/airflow/example_dags/example_trigger_controller_dag.py took 0.076 seconds
[2026-02-06T09:16:33.241+0200] {processor.py:161} INFO - Started process (PID=9468) to work on /home/pazzoti/de-upskilling/airflow-flight-price-analysis/venv/lib/python3.10/site-packages/airflow/example_dags/example_trigger_controller_dag.py
[2026-02-06T09:16:33.248+0200] {processor.py:830} INFO - Processing file /home/pazzoti/de-upskilling/airflow-flight-price-analysis/venv/lib/python3.10/site-packages/airflow/example_dags/example_trigger_controller_dag.py for tasks to queue
[2026-02-06T09:16:33.249+0200] {logging_mixin.py:188} INFO - [2026-02-06T09:16:33.248+0200] {dagbag.py:538} INFO - Filling up the DagBag from /home/pazzoti/de-upskilling/airflow-flight-price-analysis/venv/lib/python3.10/site-packages/airflow/example_dags/example_trigger_controller_dag.py
[2026-02-06T09:16:33.253+0200] {processor.py:840} INFO - DAG(s) 'example_trigger_controller_dag' retrieved from /home/pazzoti/de-upskilling/airflow-flight-price-analysis/venv/lib/python3.10/site-packages/airflow/example_dags/example_trigger_controller_dag.py
[2026-02-06T09:16:33.263+0200] {logging_mixin.py:188} INFO - [2026-02-06T09:16:33.263+0200] {dag.py:3036} INFO - Sync 1 DAGs
[2026-02-06T09:16:33.274+0200] {logging_mixin.py:188} INFO - [2026-02-06T09:16:33.274+0200] {dag.py:3823} INFO - Setting next_dagrun for example_trigger_controller_dag to 2021-01-01 00:00:00+00:00, run_after=2021-01-01 00:00:00+00:00
[2026-02-06T09:16:33.290+0200] {processor.py:183} INFO - Processing /home/pazzoti/de-upskilling/airflow-flight-price-analysis/venv/lib/python3.10/site-packages/airflow/example_dags/example_trigger_controller_dag.py took 0.053 seconds
[2026-02-06T09:29:02.493+0200] {processor.py:161} INFO - Started process (PID=9779) to work on /home/pazzoti/de-upskilling/airflow-flight-price-analysis/venv/lib/python3.10/site-packages/airflow/example_dags/example_trigger_controller_dag.py
[2026-02-06T09:29:02.498+0200] {processor.py:830} INFO - Processing file /home/pazzoti/de-upskilling/airflow-flight-price-analysis/venv/lib/python3.10/site-packages/airflow/example_dags/example_trigger_controller_dag.py for tasks to queue
[2026-02-06T09:29:02.499+0200] {logging_mixin.py:188} INFO - [2026-02-06T09:29:02.499+0200] {dagbag.py:538} INFO - Filling up the DagBag from /home/pazzoti/de-upskilling/airflow-flight-price-analysis/venv/lib/python3.10/site-packages/airflow/example_dags/example_trigger_controller_dag.py
[2026-02-06T09:29:02.503+0200] {processor.py:840} INFO - DAG(s) 'example_trigger_controller_dag' retrieved from /home/pazzoti/de-upskilling/airflow-flight-price-analysis/venv/lib/python3.10/site-packages/airflow/example_dags/example_trigger_controller_dag.py
[2026-02-06T09:29:02.518+0200] {logging_mixin.py:188} INFO - [2026-02-06T09:29:02.517+0200] {dag.py:3036} INFO - Sync 1 DAGs
[2026-02-06T09:29:02.534+0200] {logging_mixin.py:188} INFO - [2026-02-06T09:29:02.534+0200] {dag.py:3823} INFO - Setting next_dagrun for example_trigger_controller_dag to 2021-01-01 00:00:00+00:00, run_after=2021-01-01 00:00:00+00:00
[2026-02-06T09:29:02.551+0200] {processor.py:183} INFO - Processing /home/pazzoti/de-upskilling/airflow-flight-price-analysis/venv/lib/python3.10/site-packages/airflow/example_dags/example_trigger_controller_dag.py took 0.061 seconds
[2026-02-06T09:30:06.788+0200] {processor.py:161} INFO - Started process (PID=9962) to work on /home/pazzoti/de-upskilling/airflow-flight-price-analysis/venv/lib/python3.10/site-packages/airflow/example_dags/example_trigger_controller_dag.py
[2026-02-06T09:30:06.791+0200] {processor.py:830} INFO - Processing file /home/pazzoti/de-upskilling/airflow-flight-price-analysis/venv/lib/python3.10/site-packages/airflow/example_dags/example_trigger_controller_dag.py for tasks to queue
[2026-02-06T09:30:06.792+0200] {logging_mixin.py:188} INFO - [2026-02-06T09:30:06.791+0200] {dagbag.py:538} INFO - Filling up the DagBag from /home/pazzoti/de-upskilling/airflow-flight-price-analysis/venv/lib/python3.10/site-packages/airflow/example_dags/example_trigger_controller_dag.py
[2026-02-06T09:30:06.802+0200] {processor.py:840} INFO - DAG(s) 'example_trigger_controller_dag' retrieved from /home/pazzoti/de-upskilling/airflow-flight-price-analysis/venv/lib/python3.10/site-packages/airflow/example_dags/example_trigger_controller_dag.py
[2026-02-06T09:30:06.832+0200] {logging_mixin.py:188} INFO - [2026-02-06T09:30:06.832+0200] {dag.py:3036} INFO - Sync 1 DAGs
[2026-02-06T09:30:06.902+0200] {logging_mixin.py:188} INFO - [2026-02-06T09:30:06.901+0200] {dag.py:3823} INFO - Setting next_dagrun for example_trigger_controller_dag to 2021-01-01 00:00:00+00:00, run_after=2021-01-01 00:00:00+00:00
[2026-02-06T09:30:06.984+0200] {processor.py:183} INFO - Processing /home/pazzoti/de-upskilling/airflow-flight-price-analysis/venv/lib/python3.10/site-packages/airflow/example_dags/example_trigger_controller_dag.py took 0.202 seconds
[2026-02-06T09:31:05.942+0200] {processor.py:161} INFO - Started process (PID=10062) to work on /home/pazzoti/de-upskilling/airflow-flight-price-analysis/venv/lib/python3.10/site-packages/airflow/example_dags/example_trigger_controller_dag.py
[2026-02-06T09:31:05.950+0200] {processor.py:830} INFO - Processing file /home/pazzoti/de-upskilling/airflow-flight-price-analysis/venv/lib/python3.10/site-packages/airflow/example_dags/example_trigger_controller_dag.py for tasks to queue
[2026-02-06T09:31:05.951+0200] {logging_mixin.py:188} INFO - [2026-02-06T09:31:05.951+0200] {dagbag.py:538} INFO - Filling up the DagBag from /home/pazzoti/de-upskilling/airflow-flight-price-analysis/venv/lib/python3.10/site-packages/airflow/example_dags/example_trigger_controller_dag.py
[2026-02-06T09:31:05.956+0200] {processor.py:840} INFO - DAG(s) 'example_trigger_controller_dag' retrieved from /home/pazzoti/de-upskilling/airflow-flight-price-analysis/venv/lib/python3.10/site-packages/airflow/example_dags/example_trigger_controller_dag.py
[2026-02-06T09:31:05.966+0200] {logging_mixin.py:188} INFO - [2026-02-06T09:31:05.966+0200] {dag.py:3036} INFO - Sync 1 DAGs
[2026-02-06T09:31:05.978+0200] {logging_mixin.py:188} INFO - [2026-02-06T09:31:05.978+0200] {dag.py:3823} INFO - Setting next_dagrun for example_trigger_controller_dag to 2021-01-01 00:00:00+00:00, run_after=2021-01-01 00:00:00+00:00
[2026-02-06T09:31:05.996+0200] {processor.py:183} INFO - Processing /home/pazzoti/de-upskilling/airflow-flight-price-analysis/venv/lib/python3.10/site-packages/airflow/example_dags/example_trigger_controller_dag.py took 0.057 seconds
[2026-02-06T09:32:01.657+0200] {processor.py:161} INFO - Started process (PID=10168) to work on /home/pazzoti/de-upskilling/airflow-flight-price-analysis/venv/lib/python3.10/site-packages/airflow/example_dags/example_trigger_controller_dag.py
[2026-02-06T09:32:01.661+0200] {processor.py:830} INFO - Processing file /home/pazzoti/de-upskilling/airflow-flight-price-analysis/venv/lib/python3.10/site-packages/airflow/example_dags/example_trigger_controller_dag.py for tasks to queue
[2026-02-06T09:32:01.662+0200] {logging_mixin.py:188} INFO - [2026-02-06T09:32:01.662+0200] {dagbag.py:538} INFO - Filling up the DagBag from /home/pazzoti/de-upskilling/airflow-flight-price-analysis/venv/lib/python3.10/site-packages/airflow/example_dags/example_trigger_controller_dag.py
[2026-02-06T09:32:01.667+0200] {processor.py:840} INFO - DAG(s) 'example_trigger_controller_dag' retrieved from /home/pazzoti/de-upskilling/airflow-flight-price-analysis/venv/lib/python3.10/site-packages/airflow/example_dags/example_trigger_controller_dag.py
[2026-02-06T09:32:01.679+0200] {logging_mixin.py:188} INFO - [2026-02-06T09:32:01.679+0200] {dag.py:3036} INFO - Sync 1 DAGs
[2026-02-06T09:32:01.693+0200] {logging_mixin.py:188} INFO - [2026-02-06T09:32:01.693+0200] {dag.py:3823} INFO - Setting next_dagrun for example_trigger_controller_dag to 2021-01-01 00:00:00+00:00, run_after=2021-01-01 00:00:00+00:00
[2026-02-06T09:32:01.711+0200] {processor.py:183} INFO - Processing /home/pazzoti/de-upskilling/airflow-flight-price-analysis/venv/lib/python3.10/site-packages/airflow/example_dags/example_trigger_controller_dag.py took 0.056 seconds
[2026-02-06T09:32:55.453+0200] {processor.py:161} INFO - Started process (PID=10289) to work on /home/pazzoti/de-upskilling/airflow-flight-price-analysis/venv/lib/python3.10/site-packages/airflow/example_dags/example_trigger_controller_dag.py
[2026-02-06T09:32:55.457+0200] {processor.py:830} INFO - Processing file /home/pazzoti/de-upskilling/airflow-flight-price-analysis/venv/lib/python3.10/site-packages/airflow/example_dags/example_trigger_controller_dag.py for tasks to queue
[2026-02-06T09:32:55.458+0200] {logging_mixin.py:188} INFO - [2026-02-06T09:32:55.458+0200] {dagbag.py:538} INFO - Filling up the DagBag from /home/pazzoti/de-upskilling/airflow-flight-price-analysis/venv/lib/python3.10/site-packages/airflow/example_dags/example_trigger_controller_dag.py
[2026-02-06T09:32:55.471+0200] {processor.py:840} INFO - DAG(s) 'example_trigger_controller_dag' retrieved from /home/pazzoti/de-upskilling/airflow-flight-price-analysis/venv/lib/python3.10/site-packages/airflow/example_dags/example_trigger_controller_dag.py
[2026-02-06T09:32:55.494+0200] {logging_mixin.py:188} INFO - [2026-02-06T09:32:55.494+0200] {dag.py:3036} INFO - Sync 1 DAGs
[2026-02-06T09:32:55.519+0200] {logging_mixin.py:188} INFO - [2026-02-06T09:32:55.518+0200] {dag.py:3823} INFO - Setting next_dagrun for example_trigger_controller_dag to 2021-01-01 00:00:00+00:00, run_after=2021-01-01 00:00:00+00:00
[2026-02-06T09:32:55.552+0200] {processor.py:183} INFO - Processing /home/pazzoti/de-upskilling/airflow-flight-price-analysis/venv/lib/python3.10/site-packages/airflow/example_dags/example_trigger_controller_dag.py took 0.101 seconds
[2026-02-06T09:33:44.532+0200] {processor.py:161} INFO - Started process (PID=10354) to work on /home/pazzoti/de-upskilling/airflow-flight-price-analysis/venv/lib/python3.10/site-packages/airflow/example_dags/example_trigger_controller_dag.py
[2026-02-06T09:33:44.534+0200] {processor.py:830} INFO - Processing file /home/pazzoti/de-upskilling/airflow-flight-price-analysis/venv/lib/python3.10/site-packages/airflow/example_dags/example_trigger_controller_dag.py for tasks to queue
[2026-02-06T09:33:44.535+0200] {logging_mixin.py:188} INFO - [2026-02-06T09:33:44.534+0200] {dagbag.py:538} INFO - Filling up the DagBag from /home/pazzoti/de-upskilling/airflow-flight-price-analysis/venv/lib/python3.10/site-packages/airflow/example_dags/example_trigger_controller_dag.py
[2026-02-06T09:33:44.540+0200] {processor.py:840} INFO - DAG(s) 'example_trigger_controller_dag' retrieved from /home/pazzoti/de-upskilling/airflow-flight-price-analysis/venv/lib/python3.10/site-packages/airflow/example_dags/example_trigger_controller_dag.py
[2026-02-06T09:33:44.560+0200] {logging_mixin.py:188} INFO - [2026-02-06T09:33:44.559+0200] {dag.py:3036} INFO - Sync 1 DAGs
[2026-02-06T09:33:44.572+0200] {logging_mixin.py:188} INFO - [2026-02-06T09:33:44.572+0200] {dag.py:3823} INFO - Setting next_dagrun for example_trigger_controller_dag to 2021-01-01 00:00:00+00:00, run_after=2021-01-01 00:00:00+00:00
[2026-02-06T09:33:44.611+0200] {processor.py:183} INFO - Processing /home/pazzoti/de-upskilling/airflow-flight-price-analysis/venv/lib/python3.10/site-packages/airflow/example_dags/example_trigger_controller_dag.py took 0.084 seconds
[2026-02-06T09:34:34.044+0200] {processor.py:161} INFO - Started process (PID=10442) to work on /home/pazzoti/de-upskilling/airflow-flight-price-analysis/venv/lib/python3.10/site-packages/airflow/example_dags/example_trigger_controller_dag.py
[2026-02-06T09:34:34.052+0200] {processor.py:830} INFO - Processing file /home/pazzoti/de-upskilling/airflow-flight-price-analysis/venv/lib/python3.10/site-packages/airflow/example_dags/example_trigger_controller_dag.py for tasks to queue
[2026-02-06T09:34:34.052+0200] {logging_mixin.py:188} INFO - [2026-02-06T09:34:34.052+0200] {dagbag.py:538} INFO - Filling up the DagBag from /home/pazzoti/de-upskilling/airflow-flight-price-analysis/venv/lib/python3.10/site-packages/airflow/example_dags/example_trigger_controller_dag.py
[2026-02-06T09:34:34.057+0200] {processor.py:840} INFO - DAG(s) 'example_trigger_controller_dag' retrieved from /home/pazzoti/de-upskilling/airflow-flight-price-analysis/venv/lib/python3.10/site-packages/airflow/example_dags/example_trigger_controller_dag.py
[2026-02-06T09:34:34.070+0200] {logging_mixin.py:188} INFO - [2026-02-06T09:34:34.069+0200] {dag.py:3036} INFO - Sync 1 DAGs
[2026-02-06T09:34:34.081+0200] {logging_mixin.py:188} INFO - [2026-02-06T09:34:34.081+0200] {dag.py:3823} INFO - Setting next_dagrun for example_trigger_controller_dag to 2021-01-01 00:00:00+00:00, run_after=2021-01-01 00:00:00+00:00
[2026-02-06T09:34:34.100+0200] {processor.py:183} INFO - Processing /home/pazzoti/de-upskilling/airflow-flight-price-analysis/venv/lib/python3.10/site-packages/airflow/example_dags/example_trigger_controller_dag.py took 0.058 seconds
