[2026-02-06T09:01:27.574+0200] {processor.py:161} INFO - Started process (PID=4257) to work on /home/pazzoti/de-upskilling/airflow-flight-price-analysis/venv/lib/python3.10/site-packages/airflow/example_dags/example_time_delta_sensor_async.py
[2026-02-06T09:01:27.575+0200] {processor.py:830} INFO - Processing file /home/pazzoti/de-upskilling/airflow-flight-price-analysis/venv/lib/python3.10/site-packages/airflow/example_dags/example_time_delta_sensor_async.py for tasks to queue
[2026-02-06T09:01:27.575+0200] {logging_mixin.py:188} INFO - [2026-02-06T09:01:27.575+0200] {dagbag.py:538} INFO - Filling up the DagBag from /home/pazzoti/de-upskilling/airflow-flight-price-analysis/venv/lib/python3.10/site-packages/airflow/example_dags/example_time_delta_sensor_async.py
[2026-02-06T09:01:27.581+0200] {processor.py:840} INFO - DAG(s) 'example_time_delta_sensor_async' retrieved from /home/pazzoti/de-upskilling/airflow-flight-price-analysis/venv/lib/python3.10/site-packages/airflow/example_dags/example_time_delta_sensor_async.py
[2026-02-06T09:01:27.594+0200] {logging_mixin.py:188} INFO - [2026-02-06T09:01:27.594+0200] {dag.py:3036} INFO - Sync 1 DAGs
[2026-02-06T09:01:27.602+0200] {logging_mixin.py:188} INFO - [2026-02-06T09:01:27.602+0200] {dag.py:3823} INFO - Setting next_dagrun for example_time_delta_sensor_async to None, run_after=None
[2026-02-06T09:01:27.624+0200] {processor.py:183} INFO - Processing /home/pazzoti/de-upskilling/airflow-flight-price-analysis/venv/lib/python3.10/site-packages/airflow/example_dags/example_time_delta_sensor_async.py took 0.054 seconds
[2026-02-06T09:02:18.777+0200] {processor.py:161} INFO - Started process (PID=4828) to work on /home/pazzoti/de-upskilling/airflow-flight-price-analysis/venv/lib/python3.10/site-packages/airflow/example_dags/example_time_delta_sensor_async.py
[2026-02-06T09:02:18.781+0200] {processor.py:830} INFO - Processing file /home/pazzoti/de-upskilling/airflow-flight-price-analysis/venv/lib/python3.10/site-packages/airflow/example_dags/example_time_delta_sensor_async.py for tasks to queue
[2026-02-06T09:02:18.781+0200] {logging_mixin.py:188} INFO - [2026-02-06T09:02:18.781+0200] {dagbag.py:538} INFO - Filling up the DagBag from /home/pazzoti/de-upskilling/airflow-flight-price-analysis/venv/lib/python3.10/site-packages/airflow/example_dags/example_time_delta_sensor_async.py
[2026-02-06T09:02:18.785+0200] {processor.py:840} INFO - DAG(s) 'example_time_delta_sensor_async' retrieved from /home/pazzoti/de-upskilling/airflow-flight-price-analysis/venv/lib/python3.10/site-packages/airflow/example_dags/example_time_delta_sensor_async.py
[2026-02-06T09:02:18.798+0200] {logging_mixin.py:188} INFO - [2026-02-06T09:02:18.798+0200] {dag.py:3036} INFO - Sync 1 DAGs
[2026-02-06T09:02:18.807+0200] {logging_mixin.py:188} INFO - [2026-02-06T09:02:18.807+0200] {dag.py:3823} INFO - Setting next_dagrun for example_time_delta_sensor_async to None, run_after=None
[2026-02-06T09:02:18.824+0200] {processor.py:183} INFO - Processing /home/pazzoti/de-upskilling/airflow-flight-price-analysis/venv/lib/python3.10/site-packages/airflow/example_dags/example_time_delta_sensor_async.py took 0.049 seconds
[2026-02-06T09:03:06.638+0200] {processor.py:161} INFO - Started process (PID=5063) to work on /home/pazzoti/de-upskilling/airflow-flight-price-analysis/venv/lib/python3.10/site-packages/airflow/example_dags/example_time_delta_sensor_async.py
[2026-02-06T09:03:06.642+0200] {processor.py:830} INFO - Processing file /home/pazzoti/de-upskilling/airflow-flight-price-analysis/venv/lib/python3.10/site-packages/airflow/example_dags/example_time_delta_sensor_async.py for tasks to queue
[2026-02-06T09:03:06.646+0200] {logging_mixin.py:188} INFO - [2026-02-06T09:03:06.645+0200] {dagbag.py:538} INFO - Filling up the DagBag from /home/pazzoti/de-upskilling/airflow-flight-price-analysis/venv/lib/python3.10/site-packages/airflow/example_dags/example_time_delta_sensor_async.py
[2026-02-06T09:03:06.667+0200] {processor.py:840} INFO - DAG(s) 'example_time_delta_sensor_async' retrieved from /home/pazzoti/de-upskilling/airflow-flight-price-analysis/venv/lib/python3.10/site-packages/airflow/example_dags/example_time_delta_sensor_async.py
[2026-02-06T09:03:06.713+0200] {logging_mixin.py:188} INFO - [2026-02-06T09:03:06.708+0200] {dag.py:3036} INFO - Sync 1 DAGs
[2026-02-06T09:03:06.746+0200] {logging_mixin.py:188} INFO - [2026-02-06T09:03:06.746+0200] {dag.py:3823} INFO - Setting next_dagrun for example_time_delta_sensor_async to None, run_after=None
[2026-02-06T09:03:06.816+0200] {processor.py:183} INFO - Processing /home/pazzoti/de-upskilling/airflow-flight-price-analysis/venv/lib/python3.10/site-packages/airflow/example_dags/example_time_delta_sensor_async.py took 0.203 seconds
[2026-02-06T09:03:54.317+0200] {processor.py:161} INFO - Started process (PID=5279) to work on /home/pazzoti/de-upskilling/airflow-flight-price-analysis/venv/lib/python3.10/site-packages/airflow/example_dags/example_time_delta_sensor_async.py
[2026-02-06T09:03:54.321+0200] {processor.py:830} INFO - Processing file /home/pazzoti/de-upskilling/airflow-flight-price-analysis/venv/lib/python3.10/site-packages/airflow/example_dags/example_time_delta_sensor_async.py for tasks to queue
[2026-02-06T09:03:54.322+0200] {logging_mixin.py:188} INFO - [2026-02-06T09:03:54.322+0200] {dagbag.py:538} INFO - Filling up the DagBag from /home/pazzoti/de-upskilling/airflow-flight-price-analysis/venv/lib/python3.10/site-packages/airflow/example_dags/example_time_delta_sensor_async.py
[2026-02-06T09:03:54.329+0200] {processor.py:840} INFO - DAG(s) 'example_time_delta_sensor_async' retrieved from /home/pazzoti/de-upskilling/airflow-flight-price-analysis/venv/lib/python3.10/site-packages/airflow/example_dags/example_time_delta_sensor_async.py
[2026-02-06T09:03:54.341+0200] {logging_mixin.py:188} INFO - [2026-02-06T09:03:54.341+0200] {dag.py:3036} INFO - Sync 1 DAGs
[2026-02-06T09:03:54.347+0200] {logging_mixin.py:188} INFO - [2026-02-06T09:03:54.347+0200] {dag.py:3823} INFO - Setting next_dagrun for example_time_delta_sensor_async to None, run_after=None
[2026-02-06T09:03:54.367+0200] {processor.py:183} INFO - Processing /home/pazzoti/de-upskilling/airflow-flight-price-analysis/venv/lib/python3.10/site-packages/airflow/example_dags/example_time_delta_sensor_async.py took 0.052 seconds
[2026-02-06T09:04:49.090+0200] {processor.py:161} INFO - Started process (PID=5523) to work on /home/pazzoti/de-upskilling/airflow-flight-price-analysis/venv/lib/python3.10/site-packages/airflow/example_dags/example_time_delta_sensor_async.py
[2026-02-06T09:04:49.092+0200] {processor.py:830} INFO - Processing file /home/pazzoti/de-upskilling/airflow-flight-price-analysis/venv/lib/python3.10/site-packages/airflow/example_dags/example_time_delta_sensor_async.py for tasks to queue
[2026-02-06T09:04:49.093+0200] {logging_mixin.py:188} INFO - [2026-02-06T09:04:49.093+0200] {dagbag.py:538} INFO - Filling up the DagBag from /home/pazzoti/de-upskilling/airflow-flight-price-analysis/venv/lib/python3.10/site-packages/airflow/example_dags/example_time_delta_sensor_async.py
[2026-02-06T09:04:49.103+0200] {processor.py:840} INFO - DAG(s) 'example_time_delta_sensor_async' retrieved from /home/pazzoti/de-upskilling/airflow-flight-price-analysis/venv/lib/python3.10/site-packages/airflow/example_dags/example_time_delta_sensor_async.py
[2026-02-06T09:04:49.119+0200] {logging_mixin.py:188} INFO - [2026-02-06T09:04:49.119+0200] {dag.py:3036} INFO - Sync 1 DAGs
[2026-02-06T09:04:49.128+0200] {logging_mixin.py:188} INFO - [2026-02-06T09:04:49.128+0200] {dag.py:3823} INFO - Setting next_dagrun for example_time_delta_sensor_async to None, run_after=None
[2026-02-06T09:04:49.152+0200] {processor.py:183} INFO - Processing /home/pazzoti/de-upskilling/airflow-flight-price-analysis/venv/lib/python3.10/site-packages/airflow/example_dags/example_time_delta_sensor_async.py took 0.067 seconds
[2026-02-06T09:05:45.555+0200] {processor.py:161} INFO - Started process (PID=5821) to work on /home/pazzoti/de-upskilling/airflow-flight-price-analysis/venv/lib/python3.10/site-packages/airflow/example_dags/example_time_delta_sensor_async.py
[2026-02-06T09:05:45.563+0200] {processor.py:830} INFO - Processing file /home/pazzoti/de-upskilling/airflow-flight-price-analysis/venv/lib/python3.10/site-packages/airflow/example_dags/example_time_delta_sensor_async.py for tasks to queue
[2026-02-06T09:05:45.564+0200] {logging_mixin.py:188} INFO - [2026-02-06T09:05:45.564+0200] {dagbag.py:538} INFO - Filling up the DagBag from /home/pazzoti/de-upskilling/airflow-flight-price-analysis/venv/lib/python3.10/site-packages/airflow/example_dags/example_time_delta_sensor_async.py
[2026-02-06T09:05:45.570+0200] {processor.py:840} INFO - DAG(s) 'example_time_delta_sensor_async' retrieved from /home/pazzoti/de-upskilling/airflow-flight-price-analysis/venv/lib/python3.10/site-packages/airflow/example_dags/example_time_delta_sensor_async.py
[2026-02-06T09:05:45.584+0200] {logging_mixin.py:188} INFO - [2026-02-06T09:05:45.584+0200] {dag.py:3036} INFO - Sync 1 DAGs
[2026-02-06T09:05:45.593+0200] {logging_mixin.py:188} INFO - [2026-02-06T09:05:45.593+0200] {dag.py:3823} INFO - Setting next_dagrun for example_time_delta_sensor_async to None, run_after=None
[2026-02-06T09:05:45.619+0200] {processor.py:183} INFO - Processing /home/pazzoti/de-upskilling/airflow-flight-price-analysis/venv/lib/python3.10/site-packages/airflow/example_dags/example_time_delta_sensor_async.py took 0.069 seconds
[2026-02-06T09:06:38.117+0200] {processor.py:161} INFO - Started process (PID=6087) to work on /home/pazzoti/de-upskilling/airflow-flight-price-analysis/venv/lib/python3.10/site-packages/airflow/example_dags/example_time_delta_sensor_async.py
[2026-02-06T09:06:38.118+0200] {processor.py:830} INFO - Processing file /home/pazzoti/de-upskilling/airflow-flight-price-analysis/venv/lib/python3.10/site-packages/airflow/example_dags/example_time_delta_sensor_async.py for tasks to queue
[2026-02-06T09:06:38.118+0200] {logging_mixin.py:188} INFO - [2026-02-06T09:06:38.118+0200] {dagbag.py:538} INFO - Filling up the DagBag from /home/pazzoti/de-upskilling/airflow-flight-price-analysis/venv/lib/python3.10/site-packages/airflow/example_dags/example_time_delta_sensor_async.py
[2026-02-06T09:06:38.122+0200] {processor.py:840} INFO - DAG(s) 'example_time_delta_sensor_async' retrieved from /home/pazzoti/de-upskilling/airflow-flight-price-analysis/venv/lib/python3.10/site-packages/airflow/example_dags/example_time_delta_sensor_async.py
[2026-02-06T09:06:38.137+0200] {logging_mixin.py:188} INFO - [2026-02-06T09:06:38.137+0200] {dag.py:3036} INFO - Sync 1 DAGs
[2026-02-06T09:06:38.149+0200] {logging_mixin.py:188} INFO - [2026-02-06T09:06:38.148+0200] {dag.py:3823} INFO - Setting next_dagrun for example_time_delta_sensor_async to None, run_after=None
[2026-02-06T09:06:38.175+0200] {processor.py:183} INFO - Processing /home/pazzoti/de-upskilling/airflow-flight-price-analysis/venv/lib/python3.10/site-packages/airflow/example_dags/example_time_delta_sensor_async.py took 0.060 seconds
[2026-02-06T09:07:33.415+0200] {processor.py:161} INFO - Started process (PID=6410) to work on /home/pazzoti/de-upskilling/airflow-flight-price-analysis/venv/lib/python3.10/site-packages/airflow/example_dags/example_time_delta_sensor_async.py
[2026-02-06T09:07:33.417+0200] {processor.py:830} INFO - Processing file /home/pazzoti/de-upskilling/airflow-flight-price-analysis/venv/lib/python3.10/site-packages/airflow/example_dags/example_time_delta_sensor_async.py for tasks to queue
[2026-02-06T09:07:33.418+0200] {logging_mixin.py:188} INFO - [2026-02-06T09:07:33.417+0200] {dagbag.py:538} INFO - Filling up the DagBag from /home/pazzoti/de-upskilling/airflow-flight-price-analysis/venv/lib/python3.10/site-packages/airflow/example_dags/example_time_delta_sensor_async.py
[2026-02-06T09:07:33.423+0200] {processor.py:840} INFO - DAG(s) 'example_time_delta_sensor_async' retrieved from /home/pazzoti/de-upskilling/airflow-flight-price-analysis/venv/lib/python3.10/site-packages/airflow/example_dags/example_time_delta_sensor_async.py
[2026-02-06T09:07:33.435+0200] {logging_mixin.py:188} INFO - [2026-02-06T09:07:33.435+0200] {dag.py:3036} INFO - Sync 1 DAGs
[2026-02-06T09:07:33.442+0200] {logging_mixin.py:188} INFO - [2026-02-06T09:07:33.441+0200] {dag.py:3823} INFO - Setting next_dagrun for example_time_delta_sensor_async to None, run_after=None
[2026-02-06T09:07:33.460+0200] {processor.py:183} INFO - Processing /home/pazzoti/de-upskilling/airflow-flight-price-analysis/venv/lib/python3.10/site-packages/airflow/example_dags/example_time_delta_sensor_async.py took 0.048 seconds
[2026-02-06T09:08:27.661+0200] {processor.py:161} INFO - Started process (PID=6651) to work on /home/pazzoti/de-upskilling/airflow-flight-price-analysis/venv/lib/python3.10/site-packages/airflow/example_dags/example_time_delta_sensor_async.py
[2026-02-06T09:08:27.667+0200] {processor.py:830} INFO - Processing file /home/pazzoti/de-upskilling/airflow-flight-price-analysis/venv/lib/python3.10/site-packages/airflow/example_dags/example_time_delta_sensor_async.py for tasks to queue
[2026-02-06T09:08:27.668+0200] {logging_mixin.py:188} INFO - [2026-02-06T09:08:27.668+0200] {dagbag.py:538} INFO - Filling up the DagBag from /home/pazzoti/de-upskilling/airflow-flight-price-analysis/venv/lib/python3.10/site-packages/airflow/example_dags/example_time_delta_sensor_async.py
[2026-02-06T09:08:27.672+0200] {processor.py:840} INFO - DAG(s) 'example_time_delta_sensor_async' retrieved from /home/pazzoti/de-upskilling/airflow-flight-price-analysis/venv/lib/python3.10/site-packages/airflow/example_dags/example_time_delta_sensor_async.py
[2026-02-06T09:08:27.684+0200] {logging_mixin.py:188} INFO - [2026-02-06T09:08:27.684+0200] {dag.py:3036} INFO - Sync 1 DAGs
[2026-02-06T09:08:27.692+0200] {logging_mixin.py:188} INFO - [2026-02-06T09:08:27.692+0200] {dag.py:3823} INFO - Setting next_dagrun for example_time_delta_sensor_async to None, run_after=None
[2026-02-06T09:08:27.716+0200] {processor.py:183} INFO - Processing /home/pazzoti/de-upskilling/airflow-flight-price-analysis/venv/lib/python3.10/site-packages/airflow/example_dags/example_time_delta_sensor_async.py took 0.057 seconds
[2026-02-06T09:09:24.405+0200] {processor.py:161} INFO - Started process (PID=6921) to work on /home/pazzoti/de-upskilling/airflow-flight-price-analysis/venv/lib/python3.10/site-packages/airflow/example_dags/example_time_delta_sensor_async.py
[2026-02-06T09:09:24.406+0200] {processor.py:830} INFO - Processing file /home/pazzoti/de-upskilling/airflow-flight-price-analysis/venv/lib/python3.10/site-packages/airflow/example_dags/example_time_delta_sensor_async.py for tasks to queue
[2026-02-06T09:09:24.407+0200] {logging_mixin.py:188} INFO - [2026-02-06T09:09:24.406+0200] {dagbag.py:538} INFO - Filling up the DagBag from /home/pazzoti/de-upskilling/airflow-flight-price-analysis/venv/lib/python3.10/site-packages/airflow/example_dags/example_time_delta_sensor_async.py
[2026-02-06T09:09:24.414+0200] {processor.py:840} INFO - DAG(s) 'example_time_delta_sensor_async' retrieved from /home/pazzoti/de-upskilling/airflow-flight-price-analysis/venv/lib/python3.10/site-packages/airflow/example_dags/example_time_delta_sensor_async.py
[2026-02-06T09:09:24.439+0200] {logging_mixin.py:188} INFO - [2026-02-06T09:09:24.439+0200] {dag.py:3036} INFO - Sync 1 DAGs
[2026-02-06T09:09:24.456+0200] {logging_mixin.py:188} INFO - [2026-02-06T09:09:24.456+0200] {dag.py:3823} INFO - Setting next_dagrun for example_time_delta_sensor_async to None, run_after=None
[2026-02-06T09:09:24.497+0200] {processor.py:183} INFO - Processing /home/pazzoti/de-upskilling/airflow-flight-price-analysis/venv/lib/python3.10/site-packages/airflow/example_dags/example_time_delta_sensor_async.py took 0.094 seconds
[2026-02-06T09:11:25.839+0200] {processor.py:161} INFO - Started process (PID=7792) to work on /home/pazzoti/de-upskilling/airflow-flight-price-analysis/venv/lib/python3.10/site-packages/airflow/example_dags/example_time_delta_sensor_async.py
[2026-02-06T09:11:25.842+0200] {processor.py:830} INFO - Processing file /home/pazzoti/de-upskilling/airflow-flight-price-analysis/venv/lib/python3.10/site-packages/airflow/example_dags/example_time_delta_sensor_async.py for tasks to queue
[2026-02-06T09:11:25.843+0200] {logging_mixin.py:188} INFO - [2026-02-06T09:11:25.843+0200] {dagbag.py:538} INFO - Filling up the DagBag from /home/pazzoti/de-upskilling/airflow-flight-price-analysis/venv/lib/python3.10/site-packages/airflow/example_dags/example_time_delta_sensor_async.py
[2026-02-06T09:11:25.856+0200] {processor.py:840} INFO - DAG(s) 'example_time_delta_sensor_async' retrieved from /home/pazzoti/de-upskilling/airflow-flight-price-analysis/venv/lib/python3.10/site-packages/airflow/example_dags/example_time_delta_sensor_async.py
[2026-02-06T09:11:25.887+0200] {logging_mixin.py:188} INFO - [2026-02-06T09:11:25.887+0200] {dag.py:3036} INFO - Sync 1 DAGs
[2026-02-06T09:11:25.901+0200] {logging_mixin.py:188} INFO - [2026-02-06T09:11:25.901+0200] {dag.py:3823} INFO - Setting next_dagrun for example_time_delta_sensor_async to None, run_after=None
[2026-02-06T09:11:25.930+0200] {processor.py:183} INFO - Processing /home/pazzoti/de-upskilling/airflow-flight-price-analysis/venv/lib/python3.10/site-packages/airflow/example_dags/example_time_delta_sensor_async.py took 0.114 seconds
[2026-02-06T09:12:24.405+0200] {processor.py:161} INFO - Started process (PID=8290) to work on /home/pazzoti/de-upskilling/airflow-flight-price-analysis/venv/lib/python3.10/site-packages/airflow/example_dags/example_time_delta_sensor_async.py
[2026-02-06T09:12:24.409+0200] {processor.py:830} INFO - Processing file /home/pazzoti/de-upskilling/airflow-flight-price-analysis/venv/lib/python3.10/site-packages/airflow/example_dags/example_time_delta_sensor_async.py for tasks to queue
[2026-02-06T09:12:24.410+0200] {logging_mixin.py:188} INFO - [2026-02-06T09:12:24.410+0200] {dagbag.py:538} INFO - Filling up the DagBag from /home/pazzoti/de-upskilling/airflow-flight-price-analysis/venv/lib/python3.10/site-packages/airflow/example_dags/example_time_delta_sensor_async.py
[2026-02-06T09:12:24.415+0200] {processor.py:840} INFO - DAG(s) 'example_time_delta_sensor_async' retrieved from /home/pazzoti/de-upskilling/airflow-flight-price-analysis/venv/lib/python3.10/site-packages/airflow/example_dags/example_time_delta_sensor_async.py
[2026-02-06T09:12:24.428+0200] {logging_mixin.py:188} INFO - [2026-02-06T09:12:24.428+0200] {dag.py:3036} INFO - Sync 1 DAGs
[2026-02-06T09:12:24.435+0200] {logging_mixin.py:188} INFO - [2026-02-06T09:12:24.435+0200] {dag.py:3823} INFO - Setting next_dagrun for example_time_delta_sensor_async to None, run_after=None
[2026-02-06T09:12:24.456+0200] {processor.py:183} INFO - Processing /home/pazzoti/de-upskilling/airflow-flight-price-analysis/venv/lib/python3.10/site-packages/airflow/example_dags/example_time_delta_sensor_async.py took 0.055 seconds
[2026-02-06T09:13:11.816+0200] {processor.py:161} INFO - Started process (PID=8506) to work on /home/pazzoti/de-upskilling/airflow-flight-price-analysis/venv/lib/python3.10/site-packages/airflow/example_dags/example_time_delta_sensor_async.py
[2026-02-06T09:13:11.823+0200] {processor.py:830} INFO - Processing file /home/pazzoti/de-upskilling/airflow-flight-price-analysis/venv/lib/python3.10/site-packages/airflow/example_dags/example_time_delta_sensor_async.py for tasks to queue
[2026-02-06T09:13:11.824+0200] {logging_mixin.py:188} INFO - [2026-02-06T09:13:11.823+0200] {dagbag.py:538} INFO - Filling up the DagBag from /home/pazzoti/de-upskilling/airflow-flight-price-analysis/venv/lib/python3.10/site-packages/airflow/example_dags/example_time_delta_sensor_async.py
[2026-02-06T09:13:11.831+0200] {processor.py:840} INFO - DAG(s) 'example_time_delta_sensor_async' retrieved from /home/pazzoti/de-upskilling/airflow-flight-price-analysis/venv/lib/python3.10/site-packages/airflow/example_dags/example_time_delta_sensor_async.py
[2026-02-06T09:13:11.842+0200] {logging_mixin.py:188} INFO - [2026-02-06T09:13:11.842+0200] {dag.py:3036} INFO - Sync 1 DAGs
[2026-02-06T09:13:11.848+0200] {logging_mixin.py:188} INFO - [2026-02-06T09:13:11.848+0200] {dag.py:3823} INFO - Setting next_dagrun for example_time_delta_sensor_async to None, run_after=None
[2026-02-06T09:13:11.863+0200] {processor.py:183} INFO - Processing /home/pazzoti/de-upskilling/airflow-flight-price-analysis/venv/lib/python3.10/site-packages/airflow/example_dags/example_time_delta_sensor_async.py took 0.050 seconds
[2026-02-06T09:14:07.418+0200] {processor.py:161} INFO - Started process (PID=8768) to work on /home/pazzoti/de-upskilling/airflow-flight-price-analysis/venv/lib/python3.10/site-packages/airflow/example_dags/example_time_delta_sensor_async.py
[2026-02-06T09:14:07.422+0200] {processor.py:830} INFO - Processing file /home/pazzoti/de-upskilling/airflow-flight-price-analysis/venv/lib/python3.10/site-packages/airflow/example_dags/example_time_delta_sensor_async.py for tasks to queue
[2026-02-06T09:14:07.423+0200] {logging_mixin.py:188} INFO - [2026-02-06T09:14:07.422+0200] {dagbag.py:538} INFO - Filling up the DagBag from /home/pazzoti/de-upskilling/airflow-flight-price-analysis/venv/lib/python3.10/site-packages/airflow/example_dags/example_time_delta_sensor_async.py
[2026-02-06T09:14:07.426+0200] {processor.py:840} INFO - DAG(s) 'example_time_delta_sensor_async' retrieved from /home/pazzoti/de-upskilling/airflow-flight-price-analysis/venv/lib/python3.10/site-packages/airflow/example_dags/example_time_delta_sensor_async.py
[2026-02-06T09:14:07.437+0200] {logging_mixin.py:188} INFO - [2026-02-06T09:14:07.437+0200] {dag.py:3036} INFO - Sync 1 DAGs
[2026-02-06T09:14:07.443+0200] {logging_mixin.py:188} INFO - [2026-02-06T09:14:07.443+0200] {dag.py:3823} INFO - Setting next_dagrun for example_time_delta_sensor_async to None, run_after=None
[2026-02-06T09:14:07.459+0200] {processor.py:183} INFO - Processing /home/pazzoti/de-upskilling/airflow-flight-price-analysis/venv/lib/python3.10/site-packages/airflow/example_dags/example_time_delta_sensor_async.py took 0.043 seconds
[2026-02-06T09:15:01.829+0200] {processor.py:161} INFO - Started process (PID=9009) to work on /home/pazzoti/de-upskilling/airflow-flight-price-analysis/venv/lib/python3.10/site-packages/airflow/example_dags/example_time_delta_sensor_async.py
[2026-02-06T09:15:01.830+0200] {processor.py:830} INFO - Processing file /home/pazzoti/de-upskilling/airflow-flight-price-analysis/venv/lib/python3.10/site-packages/airflow/example_dags/example_time_delta_sensor_async.py for tasks to queue
[2026-02-06T09:15:01.831+0200] {logging_mixin.py:188} INFO - [2026-02-06T09:15:01.831+0200] {dagbag.py:538} INFO - Filling up the DagBag from /home/pazzoti/de-upskilling/airflow-flight-price-analysis/venv/lib/python3.10/site-packages/airflow/example_dags/example_time_delta_sensor_async.py
[2026-02-06T09:15:01.837+0200] {processor.py:840} INFO - DAG(s) 'example_time_delta_sensor_async' retrieved from /home/pazzoti/de-upskilling/airflow-flight-price-analysis/venv/lib/python3.10/site-packages/airflow/example_dags/example_time_delta_sensor_async.py
[2026-02-06T09:15:01.868+0200] {logging_mixin.py:188} INFO - [2026-02-06T09:15:01.867+0200] {dag.py:3036} INFO - Sync 1 DAGs
[2026-02-06T09:15:01.893+0200] {logging_mixin.py:188} INFO - [2026-02-06T09:15:01.892+0200] {dag.py:3823} INFO - Setting next_dagrun for example_time_delta_sensor_async to None, run_after=None
[2026-02-06T09:15:01.940+0200] {processor.py:183} INFO - Processing /home/pazzoti/de-upskilling/airflow-flight-price-analysis/venv/lib/python3.10/site-packages/airflow/example_dags/example_time_delta_sensor_async.py took 0.118 seconds
[2026-02-06T09:15:47.447+0200] {processor.py:161} INFO - Started process (PID=9237) to work on /home/pazzoti/de-upskilling/airflow-flight-price-analysis/venv/lib/python3.10/site-packages/airflow/example_dags/example_time_delta_sensor_async.py
[2026-02-06T09:15:47.448+0200] {processor.py:830} INFO - Processing file /home/pazzoti/de-upskilling/airflow-flight-price-analysis/venv/lib/python3.10/site-packages/airflow/example_dags/example_time_delta_sensor_async.py for tasks to queue
[2026-02-06T09:15:47.449+0200] {logging_mixin.py:188} INFO - [2026-02-06T09:15:47.449+0200] {dagbag.py:538} INFO - Filling up the DagBag from /home/pazzoti/de-upskilling/airflow-flight-price-analysis/venv/lib/python3.10/site-packages/airflow/example_dags/example_time_delta_sensor_async.py
[2026-02-06T09:15:47.455+0200] {processor.py:840} INFO - DAG(s) 'example_time_delta_sensor_async' retrieved from /home/pazzoti/de-upskilling/airflow-flight-price-analysis/venv/lib/python3.10/site-packages/airflow/example_dags/example_time_delta_sensor_async.py
[2026-02-06T09:15:47.467+0200] {logging_mixin.py:188} INFO - [2026-02-06T09:15:47.467+0200] {dag.py:3036} INFO - Sync 1 DAGs
[2026-02-06T09:15:47.474+0200] {logging_mixin.py:188} INFO - [2026-02-06T09:15:47.474+0200] {dag.py:3823} INFO - Setting next_dagrun for example_time_delta_sensor_async to None, run_after=None
[2026-02-06T09:15:47.491+0200] {processor.py:183} INFO - Processing /home/pazzoti/de-upskilling/airflow-flight-price-analysis/venv/lib/python3.10/site-packages/airflow/example_dags/example_time_delta_sensor_async.py took 0.047 seconds
[2026-02-06T09:16:37.239+0200] {processor.py:161} INFO - Started process (PID=9484) to work on /home/pazzoti/de-upskilling/airflow-flight-price-analysis/venv/lib/python3.10/site-packages/airflow/example_dags/example_time_delta_sensor_async.py
[2026-02-06T09:16:37.244+0200] {processor.py:830} INFO - Processing file /home/pazzoti/de-upskilling/airflow-flight-price-analysis/venv/lib/python3.10/site-packages/airflow/example_dags/example_time_delta_sensor_async.py for tasks to queue
[2026-02-06T09:16:37.245+0200] {logging_mixin.py:188} INFO - [2026-02-06T09:16:37.244+0200] {dagbag.py:538} INFO - Filling up the DagBag from /home/pazzoti/de-upskilling/airflow-flight-price-analysis/venv/lib/python3.10/site-packages/airflow/example_dags/example_time_delta_sensor_async.py
[2026-02-06T09:16:37.251+0200] {processor.py:840} INFO - DAG(s) 'example_time_delta_sensor_async' retrieved from /home/pazzoti/de-upskilling/airflow-flight-price-analysis/venv/lib/python3.10/site-packages/airflow/example_dags/example_time_delta_sensor_async.py
[2026-02-06T09:16:37.262+0200] {logging_mixin.py:188} INFO - [2026-02-06T09:16:37.262+0200] {dag.py:3036} INFO - Sync 1 DAGs
[2026-02-06T09:16:37.269+0200] {logging_mixin.py:188} INFO - [2026-02-06T09:16:37.269+0200] {dag.py:3823} INFO - Setting next_dagrun for example_time_delta_sensor_async to None, run_after=None
[2026-02-06T09:16:37.285+0200] {processor.py:183} INFO - Processing /home/pazzoti/de-upskilling/airflow-flight-price-analysis/venv/lib/python3.10/site-packages/airflow/example_dags/example_time_delta_sensor_async.py took 0.048 seconds
[2026-02-06T09:29:06.595+0200] {processor.py:161} INFO - Started process (PID=9810) to work on /home/pazzoti/de-upskilling/airflow-flight-price-analysis/venv/lib/python3.10/site-packages/airflow/example_dags/example_time_delta_sensor_async.py
[2026-02-06T09:29:06.597+0200] {processor.py:830} INFO - Processing file /home/pazzoti/de-upskilling/airflow-flight-price-analysis/venv/lib/python3.10/site-packages/airflow/example_dags/example_time_delta_sensor_async.py for tasks to queue
[2026-02-06T09:29:06.598+0200] {logging_mixin.py:188} INFO - [2026-02-06T09:29:06.598+0200] {dagbag.py:538} INFO - Filling up the DagBag from /home/pazzoti/de-upskilling/airflow-flight-price-analysis/venv/lib/python3.10/site-packages/airflow/example_dags/example_time_delta_sensor_async.py
[2026-02-06T09:29:06.601+0200] {processor.py:840} INFO - DAG(s) 'example_time_delta_sensor_async' retrieved from /home/pazzoti/de-upskilling/airflow-flight-price-analysis/venv/lib/python3.10/site-packages/airflow/example_dags/example_time_delta_sensor_async.py
[2026-02-06T09:29:06.614+0200] {logging_mixin.py:188} INFO - [2026-02-06T09:29:06.613+0200] {dag.py:3036} INFO - Sync 1 DAGs
[2026-02-06T09:29:06.622+0200] {logging_mixin.py:188} INFO - [2026-02-06T09:29:06.622+0200] {dag.py:3823} INFO - Setting next_dagrun for example_time_delta_sensor_async to None, run_after=None
[2026-02-06T09:29:06.648+0200] {processor.py:183} INFO - Processing /home/pazzoti/de-upskilling/airflow-flight-price-analysis/venv/lib/python3.10/site-packages/airflow/example_dags/example_time_delta_sensor_async.py took 0.055 seconds
[2026-02-06T09:30:10.782+0200] {processor.py:161} INFO - Started process (PID=9966) to work on /home/pazzoti/de-upskilling/airflow-flight-price-analysis/venv/lib/python3.10/site-packages/airflow/example_dags/example_time_delta_sensor_async.py
[2026-02-06T09:30:10.784+0200] {processor.py:830} INFO - Processing file /home/pazzoti/de-upskilling/airflow-flight-price-analysis/venv/lib/python3.10/site-packages/airflow/example_dags/example_time_delta_sensor_async.py for tasks to queue
[2026-02-06T09:30:10.785+0200] {logging_mixin.py:188} INFO - [2026-02-06T09:30:10.785+0200] {dagbag.py:538} INFO - Filling up the DagBag from /home/pazzoti/de-upskilling/airflow-flight-price-analysis/venv/lib/python3.10/site-packages/airflow/example_dags/example_time_delta_sensor_async.py
[2026-02-06T09:30:10.790+0200] {processor.py:840} INFO - DAG(s) 'example_time_delta_sensor_async' retrieved from /home/pazzoti/de-upskilling/airflow-flight-price-analysis/venv/lib/python3.10/site-packages/airflow/example_dags/example_time_delta_sensor_async.py
[2026-02-06T09:30:10.808+0200] {logging_mixin.py:188} INFO - [2026-02-06T09:30:10.808+0200] {dag.py:3036} INFO - Sync 1 DAGs
[2026-02-06T09:30:10.823+0200] {logging_mixin.py:188} INFO - [2026-02-06T09:30:10.823+0200] {dag.py:3823} INFO - Setting next_dagrun for example_time_delta_sensor_async to None, run_after=None
[2026-02-06T09:30:10.850+0200] {processor.py:183} INFO - Processing /home/pazzoti/de-upskilling/airflow-flight-price-analysis/venv/lib/python3.10/site-packages/airflow/example_dags/example_time_delta_sensor_async.py took 0.071 seconds
[2026-02-06T09:31:09.579+0200] {processor.py:161} INFO - Started process (PID=10066) to work on /home/pazzoti/de-upskilling/airflow-flight-price-analysis/venv/lib/python3.10/site-packages/airflow/example_dags/example_time_delta_sensor_async.py
[2026-02-06T09:31:09.589+0200] {processor.py:830} INFO - Processing file /home/pazzoti/de-upskilling/airflow-flight-price-analysis/venv/lib/python3.10/site-packages/airflow/example_dags/example_time_delta_sensor_async.py for tasks to queue
[2026-02-06T09:31:09.590+0200] {logging_mixin.py:188} INFO - [2026-02-06T09:31:09.589+0200] {dagbag.py:538} INFO - Filling up the DagBag from /home/pazzoti/de-upskilling/airflow-flight-price-analysis/venv/lib/python3.10/site-packages/airflow/example_dags/example_time_delta_sensor_async.py
[2026-02-06T09:31:09.595+0200] {processor.py:840} INFO - DAG(s) 'example_time_delta_sensor_async' retrieved from /home/pazzoti/de-upskilling/airflow-flight-price-analysis/venv/lib/python3.10/site-packages/airflow/example_dags/example_time_delta_sensor_async.py
[2026-02-06T09:31:09.613+0200] {logging_mixin.py:188} INFO - [2026-02-06T09:31:09.612+0200] {dag.py:3036} INFO - Sync 1 DAGs
[2026-02-06T09:31:09.625+0200] {logging_mixin.py:188} INFO - [2026-02-06T09:31:09.624+0200] {dag.py:3823} INFO - Setting next_dagrun for example_time_delta_sensor_async to None, run_after=None
[2026-02-06T09:31:09.647+0200] {processor.py:183} INFO - Processing /home/pazzoti/de-upskilling/airflow-flight-price-analysis/venv/lib/python3.10/site-packages/airflow/example_dags/example_time_delta_sensor_async.py took 0.070 seconds
[2026-02-06T09:32:05.573+0200] {processor.py:161} INFO - Started process (PID=10172) to work on /home/pazzoti/de-upskilling/airflow-flight-price-analysis/venv/lib/python3.10/site-packages/airflow/example_dags/example_time_delta_sensor_async.py
[2026-02-06T09:32:05.574+0200] {processor.py:830} INFO - Processing file /home/pazzoti/de-upskilling/airflow-flight-price-analysis/venv/lib/python3.10/site-packages/airflow/example_dags/example_time_delta_sensor_async.py for tasks to queue
[2026-02-06T09:32:05.575+0200] {logging_mixin.py:188} INFO - [2026-02-06T09:32:05.574+0200] {dagbag.py:538} INFO - Filling up the DagBag from /home/pazzoti/de-upskilling/airflow-flight-price-analysis/venv/lib/python3.10/site-packages/airflow/example_dags/example_time_delta_sensor_async.py
[2026-02-06T09:32:05.578+0200] {processor.py:840} INFO - DAG(s) 'example_time_delta_sensor_async' retrieved from /home/pazzoti/de-upskilling/airflow-flight-price-analysis/venv/lib/python3.10/site-packages/airflow/example_dags/example_time_delta_sensor_async.py
[2026-02-06T09:32:05.588+0200] {logging_mixin.py:188} INFO - [2026-02-06T09:32:05.588+0200] {dag.py:3036} INFO - Sync 1 DAGs
[2026-02-06T09:32:05.594+0200] {logging_mixin.py:188} INFO - [2026-02-06T09:32:05.594+0200] {dag.py:3823} INFO - Setting next_dagrun for example_time_delta_sensor_async to None, run_after=None
[2026-02-06T09:32:05.613+0200] {processor.py:183} INFO - Processing /home/pazzoti/de-upskilling/airflow-flight-price-analysis/venv/lib/python3.10/site-packages/airflow/example_dags/example_time_delta_sensor_async.py took 0.043 seconds
[2026-02-06T09:32:59.448+0200] {processor.py:161} INFO - Started process (PID=10293) to work on /home/pazzoti/de-upskilling/airflow-flight-price-analysis/venv/lib/python3.10/site-packages/airflow/example_dags/example_time_delta_sensor_async.py
[2026-02-06T09:32:59.453+0200] {processor.py:830} INFO - Processing file /home/pazzoti/de-upskilling/airflow-flight-price-analysis/venv/lib/python3.10/site-packages/airflow/example_dags/example_time_delta_sensor_async.py for tasks to queue
[2026-02-06T09:32:59.453+0200] {logging_mixin.py:188} INFO - [2026-02-06T09:32:59.453+0200] {dagbag.py:538} INFO - Filling up the DagBag from /home/pazzoti/de-upskilling/airflow-flight-price-analysis/venv/lib/python3.10/site-packages/airflow/example_dags/example_time_delta_sensor_async.py
[2026-02-06T09:32:59.458+0200] {processor.py:840} INFO - DAG(s) 'example_time_delta_sensor_async' retrieved from /home/pazzoti/de-upskilling/airflow-flight-price-analysis/venv/lib/python3.10/site-packages/airflow/example_dags/example_time_delta_sensor_async.py
[2026-02-06T09:32:59.470+0200] {logging_mixin.py:188} INFO - [2026-02-06T09:32:59.470+0200] {dag.py:3036} INFO - Sync 1 DAGs
[2026-02-06T09:32:59.478+0200] {logging_mixin.py:188} INFO - [2026-02-06T09:32:59.477+0200] {dag.py:3823} INFO - Setting next_dagrun for example_time_delta_sensor_async to None, run_after=None
[2026-02-06T09:32:59.493+0200] {processor.py:183} INFO - Processing /home/pazzoti/de-upskilling/airflow-flight-price-analysis/venv/lib/python3.10/site-packages/airflow/example_dags/example_time_delta_sensor_async.py took 0.047 seconds
[2026-02-06T09:33:48.490+0200] {processor.py:161} INFO - Started process (PID=10358) to work on /home/pazzoti/de-upskilling/airflow-flight-price-analysis/venv/lib/python3.10/site-packages/airflow/example_dags/example_time_delta_sensor_async.py
[2026-02-06T09:33:48.493+0200] {processor.py:830} INFO - Processing file /home/pazzoti/de-upskilling/airflow-flight-price-analysis/venv/lib/python3.10/site-packages/airflow/example_dags/example_time_delta_sensor_async.py for tasks to queue
[2026-02-06T09:33:48.495+0200] {logging_mixin.py:188} INFO - [2026-02-06T09:33:48.494+0200] {dagbag.py:538} INFO - Filling up the DagBag from /home/pazzoti/de-upskilling/airflow-flight-price-analysis/venv/lib/python3.10/site-packages/airflow/example_dags/example_time_delta_sensor_async.py
[2026-02-06T09:33:48.501+0200] {processor.py:840} INFO - DAG(s) 'example_time_delta_sensor_async' retrieved from /home/pazzoti/de-upskilling/airflow-flight-price-analysis/venv/lib/python3.10/site-packages/airflow/example_dags/example_time_delta_sensor_async.py
[2026-02-06T09:33:48.519+0200] {logging_mixin.py:188} INFO - [2026-02-06T09:33:48.519+0200] {dag.py:3036} INFO - Sync 1 DAGs
[2026-02-06T09:33:48.526+0200] {logging_mixin.py:188} INFO - [2026-02-06T09:33:48.525+0200] {dag.py:3823} INFO - Setting next_dagrun for example_time_delta_sensor_async to None, run_after=None
[2026-02-06T09:33:48.547+0200] {processor.py:183} INFO - Processing /home/pazzoti/de-upskilling/airflow-flight-price-analysis/venv/lib/python3.10/site-packages/airflow/example_dags/example_time_delta_sensor_async.py took 0.063 seconds
[2026-02-06T09:34:38.081+0200] {processor.py:161} INFO - Started process (PID=10446) to work on /home/pazzoti/de-upskilling/airflow-flight-price-analysis/venv/lib/python3.10/site-packages/airflow/example_dags/example_time_delta_sensor_async.py
[2026-02-06T09:34:38.082+0200] {processor.py:830} INFO - Processing file /home/pazzoti/de-upskilling/airflow-flight-price-analysis/venv/lib/python3.10/site-packages/airflow/example_dags/example_time_delta_sensor_async.py for tasks to queue
[2026-02-06T09:34:38.083+0200] {logging_mixin.py:188} INFO - [2026-02-06T09:34:38.083+0200] {dagbag.py:538} INFO - Filling up the DagBag from /home/pazzoti/de-upskilling/airflow-flight-price-analysis/venv/lib/python3.10/site-packages/airflow/example_dags/example_time_delta_sensor_async.py
[2026-02-06T09:34:38.087+0200] {processor.py:840} INFO - DAG(s) 'example_time_delta_sensor_async' retrieved from /home/pazzoti/de-upskilling/airflow-flight-price-analysis/venv/lib/python3.10/site-packages/airflow/example_dags/example_time_delta_sensor_async.py
[2026-02-06T09:34:38.097+0200] {logging_mixin.py:188} INFO - [2026-02-06T09:34:38.097+0200] {dag.py:3036} INFO - Sync 1 DAGs
[2026-02-06T09:34:38.104+0200] {logging_mixin.py:188} INFO - [2026-02-06T09:34:38.104+0200] {dag.py:3823} INFO - Setting next_dagrun for example_time_delta_sensor_async to None, run_after=None
[2026-02-06T09:34:38.120+0200] {processor.py:183} INFO - Processing /home/pazzoti/de-upskilling/airflow-flight-price-analysis/venv/lib/python3.10/site-packages/airflow/example_dags/example_time_delta_sensor_async.py took 0.042 seconds
