[2026-02-06T09:01:03.175+0200] {processor.py:161} INFO - Started process (PID=4045) to work on /home/pazzoti/de-upskilling/airflow-flight-price-analysis/venv/lib/python3.10/site-packages/airflow/example_dags/example_sensors.py
[2026-02-06T09:01:03.176+0200] {processor.py:830} INFO - Processing file /home/pazzoti/de-upskilling/airflow-flight-price-analysis/venv/lib/python3.10/site-packages/airflow/example_dags/example_sensors.py for tasks to queue
[2026-02-06T09:01:03.177+0200] {logging_mixin.py:188} INFO - [2026-02-06T09:01:03.177+0200] {dagbag.py:538} INFO - Filling up the DagBag from /home/pazzoti/de-upskilling/airflow-flight-price-analysis/venv/lib/python3.10/site-packages/airflow/example_dags/example_sensors.py
[2026-02-06T09:01:03.188+0200] {processor.py:840} INFO - DAG(s) 'example_sensors' retrieved from /home/pazzoti/de-upskilling/airflow-flight-price-analysis/venv/lib/python3.10/site-packages/airflow/example_dags/example_sensors.py
[2026-02-06T09:01:03.273+0200] {logging_mixin.py:188} INFO - [2026-02-06T09:01:03.273+0200] {dag.py:3036} INFO - Sync 1 DAGs
[2026-02-06T09:01:03.281+0200] {logging_mixin.py:188} INFO - [2026-02-06T09:01:03.280+0200] {dag.py:3823} INFO - Setting next_dagrun for example_sensors to None, run_after=None
[2026-02-06T09:01:03.301+0200] {processor.py:183} INFO - Processing /home/pazzoti/de-upskilling/airflow-flight-price-analysis/venv/lib/python3.10/site-packages/airflow/example_dags/example_sensors.py took 0.129 seconds
[2026-02-06T09:01:56.038+0200] {processor.py:161} INFO - Started process (PID=4589) to work on /home/pazzoti/de-upskilling/airflow-flight-price-analysis/venv/lib/python3.10/site-packages/airflow/example_dags/example_sensors.py
[2026-02-06T09:01:56.041+0200] {processor.py:830} INFO - Processing file /home/pazzoti/de-upskilling/airflow-flight-price-analysis/venv/lib/python3.10/site-packages/airflow/example_dags/example_sensors.py for tasks to queue
[2026-02-06T09:01:56.042+0200] {logging_mixin.py:188} INFO - [2026-02-06T09:01:56.042+0200] {dagbag.py:538} INFO - Filling up the DagBag from /home/pazzoti/de-upskilling/airflow-flight-price-analysis/venv/lib/python3.10/site-packages/airflow/example_dags/example_sensors.py
[2026-02-06T09:01:56.050+0200] {processor.py:840} INFO - DAG(s) 'example_sensors' retrieved from /home/pazzoti/de-upskilling/airflow-flight-price-analysis/venv/lib/python3.10/site-packages/airflow/example_dags/example_sensors.py
[2026-02-06T09:01:56.062+0200] {logging_mixin.py:188} INFO - [2026-02-06T09:01:56.062+0200] {dag.py:3036} INFO - Sync 1 DAGs
[2026-02-06T09:01:56.068+0200] {logging_mixin.py:188} INFO - [2026-02-06T09:01:56.068+0200] {dag.py:3823} INFO - Setting next_dagrun for example_sensors to None, run_after=None
[2026-02-06T09:01:56.086+0200] {processor.py:183} INFO - Processing /home/pazzoti/de-upskilling/airflow-flight-price-analysis/venv/lib/python3.10/site-packages/airflow/example_dags/example_sensors.py took 0.052 seconds
[2026-02-06T09:02:35.743+0200] {processor.py:161} INFO - Started process (PID=4914) to work on /home/pazzoti/de-upskilling/airflow-flight-price-analysis/venv/lib/python3.10/site-packages/airflow/example_dags/example_sensors.py
[2026-02-06T09:02:35.744+0200] {processor.py:830} INFO - Processing file /home/pazzoti/de-upskilling/airflow-flight-price-analysis/venv/lib/python3.10/site-packages/airflow/example_dags/example_sensors.py for tasks to queue
[2026-02-06T09:02:35.745+0200] {logging_mixin.py:188} INFO - [2026-02-06T09:02:35.745+0200] {dagbag.py:538} INFO - Filling up the DagBag from /home/pazzoti/de-upskilling/airflow-flight-price-analysis/venv/lib/python3.10/site-packages/airflow/example_dags/example_sensors.py
[2026-02-06T09:02:35.751+0200] {processor.py:840} INFO - DAG(s) 'example_sensors' retrieved from /home/pazzoti/de-upskilling/airflow-flight-price-analysis/venv/lib/python3.10/site-packages/airflow/example_dags/example_sensors.py
[2026-02-06T09:02:35.763+0200] {logging_mixin.py:188} INFO - [2026-02-06T09:02:35.763+0200] {dag.py:3036} INFO - Sync 1 DAGs
[2026-02-06T09:02:35.769+0200] {logging_mixin.py:188} INFO - [2026-02-06T09:02:35.769+0200] {dag.py:3823} INFO - Setting next_dagrun for example_sensors to None, run_after=None
[2026-02-06T09:02:35.784+0200] {processor.py:183} INFO - Processing /home/pazzoti/de-upskilling/airflow-flight-price-analysis/venv/lib/python3.10/site-packages/airflow/example_dags/example_sensors.py took 0.044 seconds
[2026-02-06T09:03:23.466+0200] {processor.py:161} INFO - Started process (PID=5128) to work on /home/pazzoti/de-upskilling/airflow-flight-price-analysis/venv/lib/python3.10/site-packages/airflow/example_dags/example_sensors.py
[2026-02-06T09:03:23.469+0200] {processor.py:830} INFO - Processing file /home/pazzoti/de-upskilling/airflow-flight-price-analysis/venv/lib/python3.10/site-packages/airflow/example_dags/example_sensors.py for tasks to queue
[2026-02-06T09:03:23.470+0200] {logging_mixin.py:188} INFO - [2026-02-06T09:03:23.470+0200] {dagbag.py:538} INFO - Filling up the DagBag from /home/pazzoti/de-upskilling/airflow-flight-price-analysis/venv/lib/python3.10/site-packages/airflow/example_dags/example_sensors.py
[2026-02-06T09:03:23.478+0200] {processor.py:840} INFO - DAG(s) 'example_sensors' retrieved from /home/pazzoti/de-upskilling/airflow-flight-price-analysis/venv/lib/python3.10/site-packages/airflow/example_dags/example_sensors.py
[2026-02-06T09:03:23.490+0200] {logging_mixin.py:188} INFO - [2026-02-06T09:03:23.490+0200] {dag.py:3036} INFO - Sync 1 DAGs
[2026-02-06T09:03:23.497+0200] {logging_mixin.py:188} INFO - [2026-02-06T09:03:23.497+0200] {dag.py:3823} INFO - Setting next_dagrun for example_sensors to None, run_after=None
[2026-02-06T09:03:23.522+0200] {processor.py:183} INFO - Processing /home/pazzoti/de-upskilling/airflow-flight-price-analysis/venv/lib/python3.10/site-packages/airflow/example_dags/example_sensors.py took 0.057 seconds
[2026-02-06T09:03:59.458+0200] {processor.py:161} INFO - Started process (PID=5296) to work on /home/pazzoti/de-upskilling/airflow-flight-price-analysis/venv/lib/python3.10/site-packages/airflow/example_dags/example_sensors.py
[2026-02-06T09:03:59.466+0200] {processor.py:830} INFO - Processing file /home/pazzoti/de-upskilling/airflow-flight-price-analysis/venv/lib/python3.10/site-packages/airflow/example_dags/example_sensors.py for tasks to queue
[2026-02-06T09:03:59.467+0200] {logging_mixin.py:188} INFO - [2026-02-06T09:03:59.466+0200] {dagbag.py:538} INFO - Filling up the DagBag from /home/pazzoti/de-upskilling/airflow-flight-price-analysis/venv/lib/python3.10/site-packages/airflow/example_dags/example_sensors.py
[2026-02-06T09:03:59.473+0200] {processor.py:840} INFO - DAG(s) 'example_sensors' retrieved from /home/pazzoti/de-upskilling/airflow-flight-price-analysis/venv/lib/python3.10/site-packages/airflow/example_dags/example_sensors.py
[2026-02-06T09:03:59.488+0200] {logging_mixin.py:188} INFO - [2026-02-06T09:03:59.488+0200] {dag.py:3036} INFO - Sync 1 DAGs
[2026-02-06T09:03:59.498+0200] {logging_mixin.py:188} INFO - [2026-02-06T09:03:59.498+0200] {dag.py:3823} INFO - Setting next_dagrun for example_sensors to None, run_after=None
[2026-02-06T09:03:59.516+0200] {processor.py:183} INFO - Processing /home/pazzoti/de-upskilling/airflow-flight-price-analysis/venv/lib/python3.10/site-packages/airflow/example_dags/example_sensors.py took 0.062 seconds
[2026-02-06T09:04:35.650+0200] {processor.py:161} INFO - Started process (PID=5467) to work on /home/pazzoti/de-upskilling/airflow-flight-price-analysis/venv/lib/python3.10/site-packages/airflow/example_dags/example_sensors.py
[2026-02-06T09:04:35.652+0200] {processor.py:830} INFO - Processing file /home/pazzoti/de-upskilling/airflow-flight-price-analysis/venv/lib/python3.10/site-packages/airflow/example_dags/example_sensors.py for tasks to queue
[2026-02-06T09:04:35.653+0200] {logging_mixin.py:188} INFO - [2026-02-06T09:04:35.653+0200] {dagbag.py:538} INFO - Filling up the DagBag from /home/pazzoti/de-upskilling/airflow-flight-price-analysis/venv/lib/python3.10/site-packages/airflow/example_dags/example_sensors.py
[2026-02-06T09:04:35.661+0200] {processor.py:840} INFO - DAG(s) 'example_sensors' retrieved from /home/pazzoti/de-upskilling/airflow-flight-price-analysis/venv/lib/python3.10/site-packages/airflow/example_dags/example_sensors.py
[2026-02-06T09:04:35.677+0200] {logging_mixin.py:188} INFO - [2026-02-06T09:04:35.677+0200] {dag.py:3036} INFO - Sync 1 DAGs
[2026-02-06T09:04:35.690+0200] {logging_mixin.py:188} INFO - [2026-02-06T09:04:35.689+0200] {dag.py:3823} INFO - Setting next_dagrun for example_sensors to None, run_after=None
[2026-02-06T09:04:35.710+0200] {processor.py:183} INFO - Processing /home/pazzoti/de-upskilling/airflow-flight-price-analysis/venv/lib/python3.10/site-packages/airflow/example_dags/example_sensors.py took 0.063 seconds
[2026-02-06T09:05:12.866+0200] {processor.py:161} INFO - Started process (PID=5663) to work on /home/pazzoti/de-upskilling/airflow-flight-price-analysis/venv/lib/python3.10/site-packages/airflow/example_dags/example_sensors.py
[2026-02-06T09:05:12.868+0200] {processor.py:830} INFO - Processing file /home/pazzoti/de-upskilling/airflow-flight-price-analysis/venv/lib/python3.10/site-packages/airflow/example_dags/example_sensors.py for tasks to queue
[2026-02-06T09:05:12.869+0200] {logging_mixin.py:188} INFO - [2026-02-06T09:05:12.869+0200] {dagbag.py:538} INFO - Filling up the DagBag from /home/pazzoti/de-upskilling/airflow-flight-price-analysis/venv/lib/python3.10/site-packages/airflow/example_dags/example_sensors.py
[2026-02-06T09:05:12.878+0200] {processor.py:840} INFO - DAG(s) 'example_sensors' retrieved from /home/pazzoti/de-upskilling/airflow-flight-price-analysis/venv/lib/python3.10/site-packages/airflow/example_dags/example_sensors.py
[2026-02-06T09:05:12.890+0200] {logging_mixin.py:188} INFO - [2026-02-06T09:05:12.890+0200] {dag.py:3036} INFO - Sync 1 DAGs
[2026-02-06T09:05:12.897+0200] {logging_mixin.py:188} INFO - [2026-02-06T09:05:12.897+0200] {dag.py:3823} INFO - Setting next_dagrun for example_sensors to None, run_after=None
[2026-02-06T09:05:12.915+0200] {processor.py:183} INFO - Processing /home/pazzoti/de-upskilling/airflow-flight-price-analysis/venv/lib/python3.10/site-packages/airflow/example_dags/example_sensors.py took 0.052 seconds
[2026-02-06T09:05:51.361+0200] {processor.py:161} INFO - Started process (PID=5845) to work on /home/pazzoti/de-upskilling/airflow-flight-price-analysis/venv/lib/python3.10/site-packages/airflow/example_dags/example_sensors.py
[2026-02-06T09:05:51.365+0200] {processor.py:830} INFO - Processing file /home/pazzoti/de-upskilling/airflow-flight-price-analysis/venv/lib/python3.10/site-packages/airflow/example_dags/example_sensors.py for tasks to queue
[2026-02-06T09:05:51.365+0200] {logging_mixin.py:188} INFO - [2026-02-06T09:05:51.365+0200] {dagbag.py:538} INFO - Filling up the DagBag from /home/pazzoti/de-upskilling/airflow-flight-price-analysis/venv/lib/python3.10/site-packages/airflow/example_dags/example_sensors.py
[2026-02-06T09:05:51.372+0200] {processor.py:840} INFO - DAG(s) 'example_sensors' retrieved from /home/pazzoti/de-upskilling/airflow-flight-price-analysis/venv/lib/python3.10/site-packages/airflow/example_dags/example_sensors.py
[2026-02-06T09:05:51.384+0200] {logging_mixin.py:188} INFO - [2026-02-06T09:05:51.383+0200] {dag.py:3036} INFO - Sync 1 DAGs
[2026-02-06T09:05:51.390+0200] {logging_mixin.py:188} INFO - [2026-02-06T09:05:51.390+0200] {dag.py:3823} INFO - Setting next_dagrun for example_sensors to None, run_after=None
[2026-02-06T09:05:51.406+0200] {processor.py:183} INFO - Processing /home/pazzoti/de-upskilling/airflow-flight-price-analysis/venv/lib/python3.10/site-packages/airflow/example_dags/example_sensors.py took 0.049 seconds
[2026-02-06T09:06:26.076+0200] {processor.py:161} INFO - Started process (PID=6035) to work on /home/pazzoti/de-upskilling/airflow-flight-price-analysis/venv/lib/python3.10/site-packages/airflow/example_dags/example_sensors.py
[2026-02-06T09:06:26.083+0200] {processor.py:830} INFO - Processing file /home/pazzoti/de-upskilling/airflow-flight-price-analysis/venv/lib/python3.10/site-packages/airflow/example_dags/example_sensors.py for tasks to queue
[2026-02-06T09:06:26.084+0200] {logging_mixin.py:188} INFO - [2026-02-06T09:06:26.084+0200] {dagbag.py:538} INFO - Filling up the DagBag from /home/pazzoti/de-upskilling/airflow-flight-price-analysis/venv/lib/python3.10/site-packages/airflow/example_dags/example_sensors.py
[2026-02-06T09:06:26.090+0200] {processor.py:840} INFO - DAG(s) 'example_sensors' retrieved from /home/pazzoti/de-upskilling/airflow-flight-price-analysis/venv/lib/python3.10/site-packages/airflow/example_dags/example_sensors.py
[2026-02-06T09:06:26.102+0200] {logging_mixin.py:188} INFO - [2026-02-06T09:06:26.102+0200] {dag.py:3036} INFO - Sync 1 DAGs
[2026-02-06T09:06:26.109+0200] {logging_mixin.py:188} INFO - [2026-02-06T09:06:26.109+0200] {dag.py:3823} INFO - Setting next_dagrun for example_sensors to None, run_after=None
[2026-02-06T09:06:26.124+0200] {processor.py:183} INFO - Processing /home/pazzoti/de-upskilling/airflow-flight-price-analysis/venv/lib/python3.10/site-packages/airflow/example_dags/example_sensors.py took 0.051 seconds
[2026-02-06T09:07:03.020+0200] {processor.py:161} INFO - Started process (PID=6263) to work on /home/pazzoti/de-upskilling/airflow-flight-price-analysis/venv/lib/python3.10/site-packages/airflow/example_dags/example_sensors.py
[2026-02-06T09:07:03.024+0200] {processor.py:830} INFO - Processing file /home/pazzoti/de-upskilling/airflow-flight-price-analysis/venv/lib/python3.10/site-packages/airflow/example_dags/example_sensors.py for tasks to queue
[2026-02-06T09:07:03.025+0200] {logging_mixin.py:188} INFO - [2026-02-06T09:07:03.025+0200] {dagbag.py:538} INFO - Filling up the DagBag from /home/pazzoti/de-upskilling/airflow-flight-price-analysis/venv/lib/python3.10/site-packages/airflow/example_dags/example_sensors.py
[2026-02-06T09:07:03.032+0200] {processor.py:840} INFO - DAG(s) 'example_sensors' retrieved from /home/pazzoti/de-upskilling/airflow-flight-price-analysis/venv/lib/python3.10/site-packages/airflow/example_dags/example_sensors.py
[2026-02-06T09:07:03.047+0200] {logging_mixin.py:188} INFO - [2026-02-06T09:07:03.047+0200] {dag.py:3036} INFO - Sync 1 DAGs
[2026-02-06T09:07:03.057+0200] {logging_mixin.py:188} INFO - [2026-02-06T09:07:03.056+0200] {dag.py:3823} INFO - Setting next_dagrun for example_sensors to None, run_after=None
[2026-02-06T09:07:03.075+0200] {processor.py:183} INFO - Processing /home/pazzoti/de-upskilling/airflow-flight-price-analysis/venv/lib/python3.10/site-packages/airflow/example_dags/example_sensors.py took 0.058 seconds
[2026-02-06T09:07:39.550+0200] {processor.py:161} INFO - Started process (PID=6436) to work on /home/pazzoti/de-upskilling/airflow-flight-price-analysis/venv/lib/python3.10/site-packages/airflow/example_dags/example_sensors.py
[2026-02-06T09:07:39.552+0200] {processor.py:830} INFO - Processing file /home/pazzoti/de-upskilling/airflow-flight-price-analysis/venv/lib/python3.10/site-packages/airflow/example_dags/example_sensors.py for tasks to queue
[2026-02-06T09:07:39.553+0200] {logging_mixin.py:188} INFO - [2026-02-06T09:07:39.552+0200] {dagbag.py:538} INFO - Filling up the DagBag from /home/pazzoti/de-upskilling/airflow-flight-price-analysis/venv/lib/python3.10/site-packages/airflow/example_dags/example_sensors.py
[2026-02-06T09:07:39.559+0200] {processor.py:840} INFO - DAG(s) 'example_sensors' retrieved from /home/pazzoti/de-upskilling/airflow-flight-price-analysis/venv/lib/python3.10/site-packages/airflow/example_dags/example_sensors.py
[2026-02-06T09:07:39.570+0200] {logging_mixin.py:188} INFO - [2026-02-06T09:07:39.570+0200] {dag.py:3036} INFO - Sync 1 DAGs
[2026-02-06T09:07:39.577+0200] {logging_mixin.py:188} INFO - [2026-02-06T09:07:39.576+0200] {dag.py:3823} INFO - Setting next_dagrun for example_sensors to None, run_after=None
[2026-02-06T09:07:39.591+0200] {processor.py:183} INFO - Processing /home/pazzoti/de-upskilling/airflow-flight-price-analysis/venv/lib/python3.10/site-packages/airflow/example_dags/example_sensors.py took 0.043 seconds
[2026-02-06T09:08:16.131+0200] {processor.py:161} INFO - Started process (PID=6602) to work on /home/pazzoti/de-upskilling/airflow-flight-price-analysis/venv/lib/python3.10/site-packages/airflow/example_dags/example_sensors.py
[2026-02-06T09:08:16.132+0200] {processor.py:830} INFO - Processing file /home/pazzoti/de-upskilling/airflow-flight-price-analysis/venv/lib/python3.10/site-packages/airflow/example_dags/example_sensors.py for tasks to queue
[2026-02-06T09:08:16.134+0200] {logging_mixin.py:188} INFO - [2026-02-06T09:08:16.133+0200] {dagbag.py:538} INFO - Filling up the DagBag from /home/pazzoti/de-upskilling/airflow-flight-price-analysis/venv/lib/python3.10/site-packages/airflow/example_dags/example_sensors.py
[2026-02-06T09:08:16.141+0200] {processor.py:840} INFO - DAG(s) 'example_sensors' retrieved from /home/pazzoti/de-upskilling/airflow-flight-price-analysis/venv/lib/python3.10/site-packages/airflow/example_dags/example_sensors.py
[2026-02-06T09:08:16.153+0200] {logging_mixin.py:188} INFO - [2026-02-06T09:08:16.153+0200] {dag.py:3036} INFO - Sync 1 DAGs
[2026-02-06T09:08:16.160+0200] {logging_mixin.py:188} INFO - [2026-02-06T09:08:16.159+0200] {dag.py:3823} INFO - Setting next_dagrun for example_sensors to None, run_after=None
[2026-02-06T09:08:16.173+0200] {processor.py:183} INFO - Processing /home/pazzoti/de-upskilling/airflow-flight-price-analysis/venv/lib/python3.10/site-packages/airflow/example_dags/example_sensors.py took 0.044 seconds
[2026-02-06T09:08:52.243+0200] {processor.py:161} INFO - Started process (PID=6758) to work on /home/pazzoti/de-upskilling/airflow-flight-price-analysis/venv/lib/python3.10/site-packages/airflow/example_dags/example_sensors.py
[2026-02-06T09:08:52.245+0200] {processor.py:830} INFO - Processing file /home/pazzoti/de-upskilling/airflow-flight-price-analysis/venv/lib/python3.10/site-packages/airflow/example_dags/example_sensors.py for tasks to queue
[2026-02-06T09:08:52.245+0200] {logging_mixin.py:188} INFO - [2026-02-06T09:08:52.245+0200] {dagbag.py:538} INFO - Filling up the DagBag from /home/pazzoti/de-upskilling/airflow-flight-price-analysis/venv/lib/python3.10/site-packages/airflow/example_dags/example_sensors.py
[2026-02-06T09:08:52.251+0200] {processor.py:840} INFO - DAG(s) 'example_sensors' retrieved from /home/pazzoti/de-upskilling/airflow-flight-price-analysis/venv/lib/python3.10/site-packages/airflow/example_dags/example_sensors.py
[2026-02-06T09:08:52.263+0200] {logging_mixin.py:188} INFO - [2026-02-06T09:08:52.263+0200] {dag.py:3036} INFO - Sync 1 DAGs
[2026-02-06T09:08:52.270+0200] {logging_mixin.py:188} INFO - [2026-02-06T09:08:52.269+0200] {dag.py:3823} INFO - Setting next_dagrun for example_sensors to None, run_after=None
[2026-02-06T09:08:52.287+0200] {processor.py:183} INFO - Processing /home/pazzoti/de-upskilling/airflow-flight-price-analysis/venv/lib/python3.10/site-packages/airflow/example_dags/example_sensors.py took 0.046 seconds
[2026-02-06T09:09:30.814+0200] {processor.py:161} INFO - Started process (PID=6946) to work on /home/pazzoti/de-upskilling/airflow-flight-price-analysis/venv/lib/python3.10/site-packages/airflow/example_dags/example_sensors.py
[2026-02-06T09:09:30.817+0200] {processor.py:830} INFO - Processing file /home/pazzoti/de-upskilling/airflow-flight-price-analysis/venv/lib/python3.10/site-packages/airflow/example_dags/example_sensors.py for tasks to queue
[2026-02-06T09:09:30.818+0200] {logging_mixin.py:188} INFO - [2026-02-06T09:09:30.818+0200] {dagbag.py:538} INFO - Filling up the DagBag from /home/pazzoti/de-upskilling/airflow-flight-price-analysis/venv/lib/python3.10/site-packages/airflow/example_dags/example_sensors.py
[2026-02-06T09:09:30.830+0200] {processor.py:840} INFO - DAG(s) 'example_sensors' retrieved from /home/pazzoti/de-upskilling/airflow-flight-price-analysis/venv/lib/python3.10/site-packages/airflow/example_dags/example_sensors.py
[2026-02-06T09:09:30.850+0200] {logging_mixin.py:188} INFO - [2026-02-06T09:09:30.850+0200] {dag.py:3036} INFO - Sync 1 DAGs
[2026-02-06T09:09:30.862+0200] {logging_mixin.py:188} INFO - [2026-02-06T09:09:30.862+0200] {dag.py:3823} INFO - Setting next_dagrun for example_sensors to None, run_after=None
[2026-02-06T09:09:30.890+0200] {processor.py:183} INFO - Processing /home/pazzoti/de-upskilling/airflow-flight-price-analysis/venv/lib/python3.10/site-packages/airflow/example_dags/example_sensors.py took 0.079 seconds
[2026-02-06T09:10:52.038+0200] {processor.py:161} INFO - Started process (PID=7472) to work on /home/pazzoti/de-upskilling/airflow-flight-price-analysis/venv/lib/python3.10/site-packages/airflow/example_dags/example_sensors.py
[2026-02-06T09:10:52.040+0200] {processor.py:830} INFO - Processing file /home/pazzoti/de-upskilling/airflow-flight-price-analysis/venv/lib/python3.10/site-packages/airflow/example_dags/example_sensors.py for tasks to queue
[2026-02-06T09:10:52.044+0200] {logging_mixin.py:188} INFO - [2026-02-06T09:10:52.042+0200] {dagbag.py:538} INFO - Filling up the DagBag from /home/pazzoti/de-upskilling/airflow-flight-price-analysis/venv/lib/python3.10/site-packages/airflow/example_dags/example_sensors.py
[2026-02-06T09:10:52.069+0200] {processor.py:840} INFO - DAG(s) 'example_sensors' retrieved from /home/pazzoti/de-upskilling/airflow-flight-price-analysis/venv/lib/python3.10/site-packages/airflow/example_dags/example_sensors.py
[2026-02-06T09:10:52.208+0200] {logging_mixin.py:188} INFO - [2026-02-06T09:10:52.208+0200] {dag.py:3036} INFO - Sync 1 DAGs
[2026-02-06T09:10:52.219+0200] {logging_mixin.py:188} INFO - [2026-02-06T09:10:52.219+0200] {dag.py:3823} INFO - Setting next_dagrun for example_sensors to None, run_after=None
[2026-02-06T09:10:52.245+0200] {processor.py:183} INFO - Processing /home/pazzoti/de-upskilling/airflow-flight-price-analysis/venv/lib/python3.10/site-packages/airflow/example_dags/example_sensors.py took 0.210 seconds
[2026-02-06T09:12:02.041+0200] {processor.py:161} INFO - Started process (PID=8195) to work on /home/pazzoti/de-upskilling/airflow-flight-price-analysis/venv/lib/python3.10/site-packages/airflow/example_dags/example_sensors.py
[2026-02-06T09:12:02.043+0200] {processor.py:830} INFO - Processing file /home/pazzoti/de-upskilling/airflow-flight-price-analysis/venv/lib/python3.10/site-packages/airflow/example_dags/example_sensors.py for tasks to queue
[2026-02-06T09:12:02.044+0200] {logging_mixin.py:188} INFO - [2026-02-06T09:12:02.043+0200] {dagbag.py:538} INFO - Filling up the DagBag from /home/pazzoti/de-upskilling/airflow-flight-price-analysis/venv/lib/python3.10/site-packages/airflow/example_dags/example_sensors.py
[2026-02-06T09:12:02.050+0200] {processor.py:840} INFO - DAG(s) 'example_sensors' retrieved from /home/pazzoti/de-upskilling/airflow-flight-price-analysis/venv/lib/python3.10/site-packages/airflow/example_dags/example_sensors.py
[2026-02-06T09:12:02.061+0200] {logging_mixin.py:188} INFO - [2026-02-06T09:12:02.061+0200] {dag.py:3036} INFO - Sync 1 DAGs
[2026-02-06T09:12:02.068+0200] {logging_mixin.py:188} INFO - [2026-02-06T09:12:02.067+0200] {dag.py:3823} INFO - Setting next_dagrun for example_sensors to None, run_after=None
[2026-02-06T09:12:02.088+0200] {processor.py:183} INFO - Processing /home/pazzoti/de-upskilling/airflow-flight-price-analysis/venv/lib/python3.10/site-packages/airflow/example_dags/example_sensors.py took 0.049 seconds
[2026-02-06T09:12:48.922+0200] {processor.py:161} INFO - Started process (PID=8409) to work on /home/pazzoti/de-upskilling/airflow-flight-price-analysis/venv/lib/python3.10/site-packages/airflow/example_dags/example_sensors.py
[2026-02-06T09:12:48.923+0200] {processor.py:830} INFO - Processing file /home/pazzoti/de-upskilling/airflow-flight-price-analysis/venv/lib/python3.10/site-packages/airflow/example_dags/example_sensors.py for tasks to queue
[2026-02-06T09:12:48.924+0200] {logging_mixin.py:188} INFO - [2026-02-06T09:12:48.924+0200] {dagbag.py:538} INFO - Filling up the DagBag from /home/pazzoti/de-upskilling/airflow-flight-price-analysis/venv/lib/python3.10/site-packages/airflow/example_dags/example_sensors.py
[2026-02-06T09:12:48.931+0200] {processor.py:840} INFO - DAG(s) 'example_sensors' retrieved from /home/pazzoti/de-upskilling/airflow-flight-price-analysis/venv/lib/python3.10/site-packages/airflow/example_dags/example_sensors.py
[2026-02-06T09:12:48.944+0200] {logging_mixin.py:188} INFO - [2026-02-06T09:12:48.944+0200] {dag.py:3036} INFO - Sync 1 DAGs
[2026-02-06T09:12:48.950+0200] {logging_mixin.py:188} INFO - [2026-02-06T09:12:48.950+0200] {dag.py:3823} INFO - Setting next_dagrun for example_sensors to None, run_after=None
[2026-02-06T09:12:48.968+0200] {processor.py:183} INFO - Processing /home/pazzoti/de-upskilling/airflow-flight-price-analysis/venv/lib/python3.10/site-packages/airflow/example_dags/example_sensors.py took 0.049 seconds
[2026-02-06T09:13:26.120+0200] {processor.py:161} INFO - Started process (PID=8575) to work on /home/pazzoti/de-upskilling/airflow-flight-price-analysis/venv/lib/python3.10/site-packages/airflow/example_dags/example_sensors.py
[2026-02-06T09:13:26.121+0200] {processor.py:830} INFO - Processing file /home/pazzoti/de-upskilling/airflow-flight-price-analysis/venv/lib/python3.10/site-packages/airflow/example_dags/example_sensors.py for tasks to queue
[2026-02-06T09:13:26.122+0200] {logging_mixin.py:188} INFO - [2026-02-06T09:13:26.122+0200] {dagbag.py:538} INFO - Filling up the DagBag from /home/pazzoti/de-upskilling/airflow-flight-price-analysis/venv/lib/python3.10/site-packages/airflow/example_dags/example_sensors.py
[2026-02-06T09:13:26.130+0200] {processor.py:840} INFO - DAG(s) 'example_sensors' retrieved from /home/pazzoti/de-upskilling/airflow-flight-price-analysis/venv/lib/python3.10/site-packages/airflow/example_dags/example_sensors.py
[2026-02-06T09:13:26.144+0200] {logging_mixin.py:188} INFO - [2026-02-06T09:13:26.143+0200] {dag.py:3036} INFO - Sync 1 DAGs
[2026-02-06T09:13:26.150+0200] {logging_mixin.py:188} INFO - [2026-02-06T09:13:26.150+0200] {dag.py:3823} INFO - Setting next_dagrun for example_sensors to None, run_after=None
[2026-02-06T09:13:26.167+0200] {processor.py:183} INFO - Processing /home/pazzoti/de-upskilling/airflow-flight-price-analysis/venv/lib/python3.10/site-packages/airflow/example_dags/example_sensors.py took 0.049 seconds
[2026-02-06T09:14:03.426+0200] {processor.py:161} INFO - Started process (PID=8750) to work on /home/pazzoti/de-upskilling/airflow-flight-price-analysis/venv/lib/python3.10/site-packages/airflow/example_dags/example_sensors.py
[2026-02-06T09:14:03.428+0200] {processor.py:830} INFO - Processing file /home/pazzoti/de-upskilling/airflow-flight-price-analysis/venv/lib/python3.10/site-packages/airflow/example_dags/example_sensors.py for tasks to queue
[2026-02-06T09:14:03.431+0200] {logging_mixin.py:188} INFO - [2026-02-06T09:14:03.430+0200] {dagbag.py:538} INFO - Filling up the DagBag from /home/pazzoti/de-upskilling/airflow-flight-price-analysis/venv/lib/python3.10/site-packages/airflow/example_dags/example_sensors.py
[2026-02-06T09:14:03.440+0200] {processor.py:840} INFO - DAG(s) 'example_sensors' retrieved from /home/pazzoti/de-upskilling/airflow-flight-price-analysis/venv/lib/python3.10/site-packages/airflow/example_dags/example_sensors.py
[2026-02-06T09:14:03.455+0200] {logging_mixin.py:188} INFO - [2026-02-06T09:14:03.455+0200] {dag.py:3036} INFO - Sync 1 DAGs
[2026-02-06T09:14:03.461+0200] {logging_mixin.py:188} INFO - [2026-02-06T09:14:03.461+0200] {dag.py:3823} INFO - Setting next_dagrun for example_sensors to None, run_after=None
[2026-02-06T09:14:03.477+0200] {processor.py:183} INFO - Processing /home/pazzoti/de-upskilling/airflow-flight-price-analysis/venv/lib/python3.10/site-packages/airflow/example_dags/example_sensors.py took 0.057 seconds
[2026-02-06T09:14:38.536+0200] {processor.py:161} INFO - Started process (PID=8913) to work on /home/pazzoti/de-upskilling/airflow-flight-price-analysis/venv/lib/python3.10/site-packages/airflow/example_dags/example_sensors.py
[2026-02-06T09:14:38.538+0200] {processor.py:830} INFO - Processing file /home/pazzoti/de-upskilling/airflow-flight-price-analysis/venv/lib/python3.10/site-packages/airflow/example_dags/example_sensors.py for tasks to queue
[2026-02-06T09:14:38.538+0200] {logging_mixin.py:188} INFO - [2026-02-06T09:14:38.538+0200] {dagbag.py:538} INFO - Filling up the DagBag from /home/pazzoti/de-upskilling/airflow-flight-price-analysis/venv/lib/python3.10/site-packages/airflow/example_dags/example_sensors.py
[2026-02-06T09:14:38.548+0200] {processor.py:840} INFO - DAG(s) 'example_sensors' retrieved from /home/pazzoti/de-upskilling/airflow-flight-price-analysis/venv/lib/python3.10/site-packages/airflow/example_dags/example_sensors.py
[2026-02-06T09:14:38.564+0200] {logging_mixin.py:188} INFO - [2026-02-06T09:14:38.564+0200] {dag.py:3036} INFO - Sync 1 DAGs
[2026-02-06T09:14:38.572+0200] {logging_mixin.py:188} INFO - [2026-02-06T09:14:38.571+0200] {dag.py:3823} INFO - Setting next_dagrun for example_sensors to None, run_after=None
[2026-02-06T09:14:38.590+0200] {processor.py:183} INFO - Processing /home/pazzoti/de-upskilling/airflow-flight-price-analysis/venv/lib/python3.10/site-packages/airflow/example_dags/example_sensors.py took 0.056 seconds
[2026-02-06T09:15:16.770+0200] {processor.py:161} INFO - Started process (PID=9085) to work on /home/pazzoti/de-upskilling/airflow-flight-price-analysis/venv/lib/python3.10/site-packages/airflow/example_dags/example_sensors.py
[2026-02-06T09:15:16.774+0200] {processor.py:830} INFO - Processing file /home/pazzoti/de-upskilling/airflow-flight-price-analysis/venv/lib/python3.10/site-packages/airflow/example_dags/example_sensors.py for tasks to queue
[2026-02-06T09:15:16.775+0200] {logging_mixin.py:188} INFO - [2026-02-06T09:15:16.775+0200] {dagbag.py:538} INFO - Filling up the DagBag from /home/pazzoti/de-upskilling/airflow-flight-price-analysis/venv/lib/python3.10/site-packages/airflow/example_dags/example_sensors.py
[2026-02-06T09:15:16.784+0200] {processor.py:840} INFO - DAG(s) 'example_sensors' retrieved from /home/pazzoti/de-upskilling/airflow-flight-price-analysis/venv/lib/python3.10/site-packages/airflow/example_dags/example_sensors.py
[2026-02-06T09:15:16.796+0200] {logging_mixin.py:188} INFO - [2026-02-06T09:15:16.795+0200] {dag.py:3036} INFO - Sync 1 DAGs
[2026-02-06T09:15:16.802+0200] {logging_mixin.py:188} INFO - [2026-02-06T09:15:16.802+0200] {dag.py:3823} INFO - Setting next_dagrun for example_sensors to None, run_after=None
[2026-02-06T09:15:16.818+0200] {processor.py:183} INFO - Processing /home/pazzoti/de-upskilling/airflow-flight-price-analysis/venv/lib/python3.10/site-packages/airflow/example_dags/example_sensors.py took 0.051 seconds
[2026-02-06T09:15:51.659+0200] {processor.py:161} INFO - Started process (PID=9278) to work on /home/pazzoti/de-upskilling/airflow-flight-price-analysis/venv/lib/python3.10/site-packages/airflow/example_dags/example_sensors.py
[2026-02-06T09:15:51.662+0200] {processor.py:830} INFO - Processing file /home/pazzoti/de-upskilling/airflow-flight-price-analysis/venv/lib/python3.10/site-packages/airflow/example_dags/example_sensors.py for tasks to queue
[2026-02-06T09:15:51.663+0200] {logging_mixin.py:188} INFO - [2026-02-06T09:15:51.663+0200] {dagbag.py:538} INFO - Filling up the DagBag from /home/pazzoti/de-upskilling/airflow-flight-price-analysis/venv/lib/python3.10/site-packages/airflow/example_dags/example_sensors.py
[2026-02-06T09:15:51.670+0200] {processor.py:840} INFO - DAG(s) 'example_sensors' retrieved from /home/pazzoti/de-upskilling/airflow-flight-price-analysis/venv/lib/python3.10/site-packages/airflow/example_dags/example_sensors.py
[2026-02-06T09:15:51.681+0200] {logging_mixin.py:188} INFO - [2026-02-06T09:15:51.681+0200] {dag.py:3036} INFO - Sync 1 DAGs
[2026-02-06T09:15:51.687+0200] {logging_mixin.py:188} INFO - [2026-02-06T09:15:51.687+0200] {dag.py:3823} INFO - Setting next_dagrun for example_sensors to None, run_after=None
[2026-02-06T09:15:51.704+0200] {processor.py:183} INFO - Processing /home/pazzoti/de-upskilling/airflow-flight-price-analysis/venv/lib/python3.10/site-packages/airflow/example_dags/example_sensors.py took 0.047 seconds
[2026-02-06T09:16:39.520+0200] {processor.py:161} INFO - Started process (PID=9492) to work on /home/pazzoti/de-upskilling/airflow-flight-price-analysis/venv/lib/python3.10/site-packages/airflow/example_dags/example_sensors.py
[2026-02-06T09:16:39.528+0200] {processor.py:830} INFO - Processing file /home/pazzoti/de-upskilling/airflow-flight-price-analysis/venv/lib/python3.10/site-packages/airflow/example_dags/example_sensors.py for tasks to queue
[2026-02-06T09:16:39.530+0200] {logging_mixin.py:188} INFO - [2026-02-06T09:16:39.529+0200] {dagbag.py:538} INFO - Filling up the DagBag from /home/pazzoti/de-upskilling/airflow-flight-price-analysis/venv/lib/python3.10/site-packages/airflow/example_dags/example_sensors.py
[2026-02-06T09:16:39.537+0200] {processor.py:840} INFO - DAG(s) 'example_sensors' retrieved from /home/pazzoti/de-upskilling/airflow-flight-price-analysis/venv/lib/python3.10/site-packages/airflow/example_dags/example_sensors.py
[2026-02-06T09:16:39.548+0200] {logging_mixin.py:188} INFO - [2026-02-06T09:16:39.548+0200] {dag.py:3036} INFO - Sync 1 DAGs
[2026-02-06T09:16:39.555+0200] {logging_mixin.py:188} INFO - [2026-02-06T09:16:39.554+0200] {dag.py:3823} INFO - Setting next_dagrun for example_sensors to None, run_after=None
[2026-02-06T09:16:39.572+0200] {processor.py:183} INFO - Processing /home/pazzoti/de-upskilling/airflow-flight-price-analysis/venv/lib/python3.10/site-packages/airflow/example_dags/example_sensors.py took 0.054 seconds
[2026-02-06T09:17:14.412+0200] {processor.py:161} INFO - Started process (PID=9660) to work on /home/pazzoti/de-upskilling/airflow-flight-price-analysis/venv/lib/python3.10/site-packages/airflow/example_dags/example_sensors.py
[2026-02-06T09:17:14.412+0200] {processor.py:830} INFO - Processing file /home/pazzoti/de-upskilling/airflow-flight-price-analysis/venv/lib/python3.10/site-packages/airflow/example_dags/example_sensors.py for tasks to queue
[2026-02-06T09:17:14.413+0200] {logging_mixin.py:188} INFO - [2026-02-06T09:17:14.413+0200] {dagbag.py:538} INFO - Filling up the DagBag from /home/pazzoti/de-upskilling/airflow-flight-price-analysis/venv/lib/python3.10/site-packages/airflow/example_dags/example_sensors.py
[2026-02-06T09:17:14.422+0200] {processor.py:840} INFO - DAG(s) 'example_sensors' retrieved from /home/pazzoti/de-upskilling/airflow-flight-price-analysis/venv/lib/python3.10/site-packages/airflow/example_dags/example_sensors.py
[2026-02-06T09:17:14.433+0200] {logging_mixin.py:188} INFO - [2026-02-06T09:17:14.433+0200] {dag.py:3036} INFO - Sync 1 DAGs
[2026-02-06T09:17:14.440+0200] {logging_mixin.py:188} INFO - [2026-02-06T09:17:14.440+0200] {dag.py:3823} INFO - Setting next_dagrun for example_sensors to None, run_after=None
[2026-02-06T09:17:14.455+0200] {processor.py:183} INFO - Processing /home/pazzoti/de-upskilling/airflow-flight-price-analysis/venv/lib/python3.10/site-packages/airflow/example_dags/example_sensors.py took 0.046 seconds
[2026-02-06T09:29:12.347+0200] {processor.py:161} INFO - Started process (PID=9869) to work on /home/pazzoti/de-upskilling/airflow-flight-price-analysis/venv/lib/python3.10/site-packages/airflow/example_dags/example_sensors.py
[2026-02-06T09:29:12.348+0200] {processor.py:830} INFO - Processing file /home/pazzoti/de-upskilling/airflow-flight-price-analysis/venv/lib/python3.10/site-packages/airflow/example_dags/example_sensors.py for tasks to queue
[2026-02-06T09:29:12.349+0200] {logging_mixin.py:188} INFO - [2026-02-06T09:29:12.349+0200] {dagbag.py:538} INFO - Filling up the DagBag from /home/pazzoti/de-upskilling/airflow-flight-price-analysis/venv/lib/python3.10/site-packages/airflow/example_dags/example_sensors.py
[2026-02-06T09:29:12.356+0200] {processor.py:840} INFO - DAG(s) 'example_sensors' retrieved from /home/pazzoti/de-upskilling/airflow-flight-price-analysis/venv/lib/python3.10/site-packages/airflow/example_dags/example_sensors.py
[2026-02-06T09:29:12.368+0200] {logging_mixin.py:188} INFO - [2026-02-06T09:29:12.368+0200] {dag.py:3036} INFO - Sync 1 DAGs
[2026-02-06T09:29:12.375+0200] {logging_mixin.py:188} INFO - [2026-02-06T09:29:12.375+0200] {dag.py:3823} INFO - Setting next_dagrun for example_sensors to None, run_after=None
[2026-02-06T09:29:12.394+0200] {processor.py:183} INFO - Processing /home/pazzoti/de-upskilling/airflow-flight-price-analysis/venv/lib/python3.10/site-packages/airflow/example_dags/example_sensors.py took 0.049 seconds
[2026-02-06T09:29:55.173+0200] {processor.py:161} INFO - Started process (PID=9949) to work on /home/pazzoti/de-upskilling/airflow-flight-price-analysis/venv/lib/python3.10/site-packages/airflow/example_dags/example_sensors.py
[2026-02-06T09:29:55.175+0200] {processor.py:830} INFO - Processing file /home/pazzoti/de-upskilling/airflow-flight-price-analysis/venv/lib/python3.10/site-packages/airflow/example_dags/example_sensors.py for tasks to queue
[2026-02-06T09:29:55.178+0200] {logging_mixin.py:188} INFO - [2026-02-06T09:29:55.176+0200] {dagbag.py:538} INFO - Filling up the DagBag from /home/pazzoti/de-upskilling/airflow-flight-price-analysis/venv/lib/python3.10/site-packages/airflow/example_dags/example_sensors.py
[2026-02-06T09:29:55.193+0200] {processor.py:840} INFO - DAG(s) 'example_sensors' retrieved from /home/pazzoti/de-upskilling/airflow-flight-price-analysis/venv/lib/python3.10/site-packages/airflow/example_dags/example_sensors.py
[2026-02-06T09:29:55.215+0200] {logging_mixin.py:188} INFO - [2026-02-06T09:29:55.215+0200] {dag.py:3036} INFO - Sync 1 DAGs
[2026-02-06T09:29:55.230+0200] {logging_mixin.py:188} INFO - [2026-02-06T09:29:55.230+0200] {dag.py:3823} INFO - Setting next_dagrun for example_sensors to None, run_after=None
[2026-02-06T09:29:55.267+0200] {processor.py:183} INFO - Processing /home/pazzoti/de-upskilling/airflow-flight-price-analysis/venv/lib/python3.10/site-packages/airflow/example_dags/example_sensors.py took 0.099 seconds
[2026-02-06T09:30:37.994+0200] {processor.py:161} INFO - Started process (PID=10010) to work on /home/pazzoti/de-upskilling/airflow-flight-price-analysis/venv/lib/python3.10/site-packages/airflow/example_dags/example_sensors.py
[2026-02-06T09:30:37.996+0200] {processor.py:830} INFO - Processing file /home/pazzoti/de-upskilling/airflow-flight-price-analysis/venv/lib/python3.10/site-packages/airflow/example_dags/example_sensors.py for tasks to queue
[2026-02-06T09:30:37.997+0200] {logging_mixin.py:188} INFO - [2026-02-06T09:30:37.997+0200] {dagbag.py:538} INFO - Filling up the DagBag from /home/pazzoti/de-upskilling/airflow-flight-price-analysis/venv/lib/python3.10/site-packages/airflow/example_dags/example_sensors.py
[2026-02-06T09:30:38.014+0200] {processor.py:840} INFO - DAG(s) 'example_sensors' retrieved from /home/pazzoti/de-upskilling/airflow-flight-price-analysis/venv/lib/python3.10/site-packages/airflow/example_dags/example_sensors.py
[2026-02-06T09:30:38.032+0200] {logging_mixin.py:188} INFO - [2026-02-06T09:30:38.032+0200] {dag.py:3036} INFO - Sync 1 DAGs
[2026-02-06T09:30:38.042+0200] {logging_mixin.py:188} INFO - [2026-02-06T09:30:38.042+0200] {dag.py:3823} INFO - Setting next_dagrun for example_sensors to None, run_after=None
[2026-02-06T09:30:38.074+0200] {processor.py:183} INFO - Processing /home/pazzoti/de-upskilling/airflow-flight-price-analysis/venv/lib/python3.10/site-packages/airflow/example_dags/example_sensors.py took 0.083 seconds
[2026-02-06T09:31:19.710+0200] {processor.py:161} INFO - Started process (PID=10087) to work on /home/pazzoti/de-upskilling/airflow-flight-price-analysis/venv/lib/python3.10/site-packages/airflow/example_dags/example_sensors.py
[2026-02-06T09:31:19.715+0200] {processor.py:830} INFO - Processing file /home/pazzoti/de-upskilling/airflow-flight-price-analysis/venv/lib/python3.10/site-packages/airflow/example_dags/example_sensors.py for tasks to queue
[2026-02-06T09:31:19.715+0200] {logging_mixin.py:188} INFO - [2026-02-06T09:31:19.715+0200] {dagbag.py:538} INFO - Filling up the DagBag from /home/pazzoti/de-upskilling/airflow-flight-price-analysis/venv/lib/python3.10/site-packages/airflow/example_dags/example_sensors.py
[2026-02-06T09:31:19.722+0200] {processor.py:840} INFO - DAG(s) 'example_sensors' retrieved from /home/pazzoti/de-upskilling/airflow-flight-price-analysis/venv/lib/python3.10/site-packages/airflow/example_dags/example_sensors.py
[2026-02-06T09:31:19.733+0200] {logging_mixin.py:188} INFO - [2026-02-06T09:31:19.733+0200] {dag.py:3036} INFO - Sync 1 DAGs
[2026-02-06T09:31:19.740+0200] {logging_mixin.py:188} INFO - [2026-02-06T09:31:19.740+0200] {dag.py:3823} INFO - Setting next_dagrun for example_sensors to None, run_after=None
[2026-02-06T09:31:19.758+0200] {processor.py:183} INFO - Processing /home/pazzoti/de-upskilling/airflow-flight-price-analysis/venv/lib/python3.10/site-packages/airflow/example_dags/example_sensors.py took 0.051 seconds
[2026-02-06T09:31:56.463+0200] {processor.py:161} INFO - Started process (PID=10163) to work on /home/pazzoti/de-upskilling/airflow-flight-price-analysis/venv/lib/python3.10/site-packages/airflow/example_dags/example_sensors.py
[2026-02-06T09:31:56.470+0200] {processor.py:830} INFO - Processing file /home/pazzoti/de-upskilling/airflow-flight-price-analysis/venv/lib/python3.10/site-packages/airflow/example_dags/example_sensors.py for tasks to queue
[2026-02-06T09:31:56.471+0200] {logging_mixin.py:188} INFO - [2026-02-06T09:31:56.470+0200] {dagbag.py:538} INFO - Filling up the DagBag from /home/pazzoti/de-upskilling/airflow-flight-price-analysis/venv/lib/python3.10/site-packages/airflow/example_dags/example_sensors.py
[2026-02-06T09:31:56.477+0200] {processor.py:840} INFO - DAG(s) 'example_sensors' retrieved from /home/pazzoti/de-upskilling/airflow-flight-price-analysis/venv/lib/python3.10/site-packages/airflow/example_dags/example_sensors.py
[2026-02-06T09:31:56.489+0200] {logging_mixin.py:188} INFO - [2026-02-06T09:31:56.489+0200] {dag.py:3036} INFO - Sync 1 DAGs
[2026-02-06T09:31:56.496+0200] {logging_mixin.py:188} INFO - [2026-02-06T09:31:56.496+0200] {dag.py:3823} INFO - Setting next_dagrun for example_sensors to None, run_after=None
[2026-02-06T09:31:56.512+0200] {processor.py:183} INFO - Processing /home/pazzoti/de-upskilling/airflow-flight-price-analysis/venv/lib/python3.10/site-packages/airflow/example_dags/example_sensors.py took 0.051 seconds
[2026-02-06T09:32:33.642+0200] {processor.py:161} INFO - Started process (PID=10249) to work on /home/pazzoti/de-upskilling/airflow-flight-price-analysis/venv/lib/python3.10/site-packages/airflow/example_dags/example_sensors.py
[2026-02-06T09:32:33.643+0200] {processor.py:830} INFO - Processing file /home/pazzoti/de-upskilling/airflow-flight-price-analysis/venv/lib/python3.10/site-packages/airflow/example_dags/example_sensors.py for tasks to queue
[2026-02-06T09:32:33.644+0200] {logging_mixin.py:188} INFO - [2026-02-06T09:32:33.644+0200] {dagbag.py:538} INFO - Filling up the DagBag from /home/pazzoti/de-upskilling/airflow-flight-price-analysis/venv/lib/python3.10/site-packages/airflow/example_dags/example_sensors.py
[2026-02-06T09:32:33.651+0200] {processor.py:840} INFO - DAG(s) 'example_sensors' retrieved from /home/pazzoti/de-upskilling/airflow-flight-price-analysis/venv/lib/python3.10/site-packages/airflow/example_dags/example_sensors.py
[2026-02-06T09:32:33.664+0200] {logging_mixin.py:188} INFO - [2026-02-06T09:32:33.664+0200] {dag.py:3036} INFO - Sync 1 DAGs
[2026-02-06T09:32:33.671+0200] {logging_mixin.py:188} INFO - [2026-02-06T09:32:33.670+0200] {dag.py:3823} INFO - Setting next_dagrun for example_sensors to None, run_after=None
[2026-02-06T09:32:33.686+0200] {processor.py:183} INFO - Processing /home/pazzoti/de-upskilling/airflow-flight-price-analysis/venv/lib/python3.10/site-packages/airflow/example_dags/example_sensors.py took 0.047 seconds
[2026-02-06T09:33:10.092+0200] {processor.py:161} INFO - Started process (PID=10320) to work on /home/pazzoti/de-upskilling/airflow-flight-price-analysis/venv/lib/python3.10/site-packages/airflow/example_dags/example_sensors.py
[2026-02-06T09:33:10.097+0200] {processor.py:830} INFO - Processing file /home/pazzoti/de-upskilling/airflow-flight-price-analysis/venv/lib/python3.10/site-packages/airflow/example_dags/example_sensors.py for tasks to queue
[2026-02-06T09:33:10.100+0200] {logging_mixin.py:188} INFO - [2026-02-06T09:33:10.099+0200] {dagbag.py:538} INFO - Filling up the DagBag from /home/pazzoti/de-upskilling/airflow-flight-price-analysis/venv/lib/python3.10/site-packages/airflow/example_dags/example_sensors.py
[2026-02-06T09:33:10.113+0200] {processor.py:840} INFO - DAG(s) 'example_sensors' retrieved from /home/pazzoti/de-upskilling/airflow-flight-price-analysis/venv/lib/python3.10/site-packages/airflow/example_dags/example_sensors.py
[2026-02-06T09:33:10.141+0200] {logging_mixin.py:188} INFO - [2026-02-06T09:33:10.141+0200] {dag.py:3036} INFO - Sync 1 DAGs
[2026-02-06T09:33:10.151+0200] {logging_mixin.py:188} INFO - [2026-02-06T09:33:10.150+0200] {dag.py:3823} INFO - Setting next_dagrun for example_sensors to None, run_after=None
[2026-02-06T09:33:10.173+0200] {processor.py:183} INFO - Processing /home/pazzoti/de-upskilling/airflow-flight-price-analysis/venv/lib/python3.10/site-packages/airflow/example_dags/example_sensors.py took 0.083 seconds
[2026-02-06T09:34:07.212+0200] {processor.py:161} INFO - Started process (PID=10406) to work on /home/pazzoti/de-upskilling/airflow-flight-price-analysis/venv/lib/python3.10/site-packages/airflow/example_dags/example_sensors.py
[2026-02-06T09:34:07.216+0200] {processor.py:830} INFO - Processing file /home/pazzoti/de-upskilling/airflow-flight-price-analysis/venv/lib/python3.10/site-packages/airflow/example_dags/example_sensors.py for tasks to queue
[2026-02-06T09:34:07.217+0200] {logging_mixin.py:188} INFO - [2026-02-06T09:34:07.216+0200] {dagbag.py:538} INFO - Filling up the DagBag from /home/pazzoti/de-upskilling/airflow-flight-price-analysis/venv/lib/python3.10/site-packages/airflow/example_dags/example_sensors.py
[2026-02-06T09:34:07.223+0200] {processor.py:840} INFO - DAG(s) 'example_sensors' retrieved from /home/pazzoti/de-upskilling/airflow-flight-price-analysis/venv/lib/python3.10/site-packages/airflow/example_dags/example_sensors.py
[2026-02-06T09:34:07.236+0200] {logging_mixin.py:188} INFO - [2026-02-06T09:34:07.236+0200] {dag.py:3036} INFO - Sync 1 DAGs
[2026-02-06T09:34:07.243+0200] {logging_mixin.py:188} INFO - [2026-02-06T09:34:07.243+0200] {dag.py:3823} INFO - Setting next_dagrun for example_sensors to None, run_after=None
[2026-02-06T09:34:07.262+0200] {processor.py:183} INFO - Processing /home/pazzoti/de-upskilling/airflow-flight-price-analysis/venv/lib/python3.10/site-packages/airflow/example_dags/example_sensors.py took 0.053 seconds
[2026-02-06T09:34:47.239+0200] {processor.py:161} INFO - Started process (PID=10472) to work on /home/pazzoti/de-upskilling/airflow-flight-price-analysis/venv/lib/python3.10/site-packages/airflow/example_dags/example_sensors.py
[2026-02-06T09:34:47.246+0200] {processor.py:830} INFO - Processing file /home/pazzoti/de-upskilling/airflow-flight-price-analysis/venv/lib/python3.10/site-packages/airflow/example_dags/example_sensors.py for tasks to queue
[2026-02-06T09:34:47.247+0200] {logging_mixin.py:188} INFO - [2026-02-06T09:34:47.247+0200] {dagbag.py:538} INFO - Filling up the DagBag from /home/pazzoti/de-upskilling/airflow-flight-price-analysis/venv/lib/python3.10/site-packages/airflow/example_dags/example_sensors.py
[2026-02-06T09:34:47.253+0200] {processor.py:840} INFO - DAG(s) 'example_sensors' retrieved from /home/pazzoti/de-upskilling/airflow-flight-price-analysis/venv/lib/python3.10/site-packages/airflow/example_dags/example_sensors.py
[2026-02-06T09:34:47.267+0200] {logging_mixin.py:188} INFO - [2026-02-06T09:34:47.267+0200] {dag.py:3036} INFO - Sync 1 DAGs
[2026-02-06T09:34:47.274+0200] {logging_mixin.py:188} INFO - [2026-02-06T09:34:47.274+0200] {dag.py:3823} INFO - Setting next_dagrun for example_sensors to None, run_after=None
[2026-02-06T09:34:47.291+0200] {processor.py:183} INFO - Processing /home/pazzoti/de-upskilling/airflow-flight-price-analysis/venv/lib/python3.10/site-packages/airflow/example_dags/example_sensors.py took 0.055 seconds
