[2026-02-06T09:01:28.496+0200] {processor.py:161} INFO - Started process (PID=4279) to work on /home/pazzoti/de-upskilling/airflow-flight-price-analysis/venv/lib/python3.10/site-packages/airflow/example_dags/example_branch_operator_decorator.py
[2026-02-06T09:01:28.497+0200] {processor.py:830} INFO - Processing file /home/pazzoti/de-upskilling/airflow-flight-price-analysis/venv/lib/python3.10/site-packages/airflow/example_dags/example_branch_operator_decorator.py for tasks to queue
[2026-02-06T09:01:28.497+0200] {logging_mixin.py:188} INFO - [2026-02-06T09:01:28.497+0200] {dagbag.py:538} INFO - Filling up the DagBag from /home/pazzoti/de-upskilling/airflow-flight-price-analysis/venv/lib/python3.10/site-packages/airflow/example_dags/example_branch_operator_decorator.py
[2026-02-06T09:01:28.518+0200] {processor.py:840} INFO - DAG(s) 'example_branch_python_operator_decorator' retrieved from /home/pazzoti/de-upskilling/airflow-flight-price-analysis/venv/lib/python3.10/site-packages/airflow/example_dags/example_branch_operator_decorator.py
[2026-02-06T09:01:28.627+0200] {logging_mixin.py:188} INFO - [2026-02-06T09:01:28.627+0200] {dag.py:3036} INFO - Sync 1 DAGs
[2026-02-06T09:01:28.642+0200] {logging_mixin.py:188} INFO - [2026-02-06T09:01:28.642+0200] {dag.py:3823} INFO - Setting next_dagrun for example_branch_python_operator_decorator to 2026-02-05 00:00:00+00:00, run_after=2026-02-06 00:00:00+00:00
[2026-02-06T09:01:28.664+0200] {processor.py:183} INFO - Processing /home/pazzoti/de-upskilling/airflow-flight-price-analysis/venv/lib/python3.10/site-packages/airflow/example_dags/example_branch_operator_decorator.py took 0.172 seconds
[2026-02-06T09:02:19.236+0200] {processor.py:161} INFO - Started process (PID=4829) to work on /home/pazzoti/de-upskilling/airflow-flight-price-analysis/venv/lib/python3.10/site-packages/airflow/example_dags/example_branch_operator_decorator.py
[2026-02-06T09:02:19.241+0200] {processor.py:830} INFO - Processing file /home/pazzoti/de-upskilling/airflow-flight-price-analysis/venv/lib/python3.10/site-packages/airflow/example_dags/example_branch_operator_decorator.py for tasks to queue
[2026-02-06T09:02:19.242+0200] {logging_mixin.py:188} INFO - [2026-02-06T09:02:19.242+0200] {dagbag.py:538} INFO - Filling up the DagBag from /home/pazzoti/de-upskilling/airflow-flight-price-analysis/venv/lib/python3.10/site-packages/airflow/example_dags/example_branch_operator_decorator.py
[2026-02-06T09:02:19.255+0200] {processor.py:840} INFO - DAG(s) 'example_branch_python_operator_decorator' retrieved from /home/pazzoti/de-upskilling/airflow-flight-price-analysis/venv/lib/python3.10/site-packages/airflow/example_dags/example_branch_operator_decorator.py
[2026-02-06T09:02:19.269+0200] {logging_mixin.py:188} INFO - [2026-02-06T09:02:19.269+0200] {dag.py:3036} INFO - Sync 1 DAGs
[2026-02-06T09:02:19.283+0200] {logging_mixin.py:188} INFO - [2026-02-06T09:02:19.283+0200] {dag.py:3823} INFO - Setting next_dagrun for example_branch_python_operator_decorator to 2026-02-05 00:00:00+00:00, run_after=2026-02-06 00:00:00+00:00
[2026-02-06T09:02:19.303+0200] {processor.py:183} INFO - Processing /home/pazzoti/de-upskilling/airflow-flight-price-analysis/venv/lib/python3.10/site-packages/airflow/example_dags/example_branch_operator_decorator.py took 0.069 seconds
[2026-02-06T09:03:07.983+0200] {processor.py:161} INFO - Started process (PID=5064) to work on /home/pazzoti/de-upskilling/airflow-flight-price-analysis/venv/lib/python3.10/site-packages/airflow/example_dags/example_branch_operator_decorator.py
[2026-02-06T09:03:07.986+0200] {processor.py:830} INFO - Processing file /home/pazzoti/de-upskilling/airflow-flight-price-analysis/venv/lib/python3.10/site-packages/airflow/example_dags/example_branch_operator_decorator.py for tasks to queue
[2026-02-06T09:03:07.988+0200] {logging_mixin.py:188} INFO - [2026-02-06T09:03:07.987+0200] {dagbag.py:538} INFO - Filling up the DagBag from /home/pazzoti/de-upskilling/airflow-flight-price-analysis/venv/lib/python3.10/site-packages/airflow/example_dags/example_branch_operator_decorator.py
[2026-02-06T09:03:08.009+0200] {processor.py:840} INFO - DAG(s) 'example_branch_python_operator_decorator' retrieved from /home/pazzoti/de-upskilling/airflow-flight-price-analysis/venv/lib/python3.10/site-packages/airflow/example_dags/example_branch_operator_decorator.py
[2026-02-06T09:03:08.024+0200] {logging_mixin.py:188} INFO - [2026-02-06T09:03:08.024+0200] {dag.py:3036} INFO - Sync 1 DAGs
[2026-02-06T09:03:08.039+0200] {logging_mixin.py:188} INFO - [2026-02-06T09:03:08.039+0200] {dag.py:3823} INFO - Setting next_dagrun for example_branch_python_operator_decorator to 2026-02-05 00:00:00+00:00, run_after=2026-02-06 00:00:00+00:00
[2026-02-06T09:03:08.060+0200] {processor.py:183} INFO - Processing /home/pazzoti/de-upskilling/airflow-flight-price-analysis/venv/lib/python3.10/site-packages/airflow/example_dags/example_branch_operator_decorator.py took 0.082 seconds
[2026-02-06T09:03:55.451+0200] {processor.py:161} INFO - Started process (PID=5280) to work on /home/pazzoti/de-upskilling/airflow-flight-price-analysis/venv/lib/python3.10/site-packages/airflow/example_dags/example_branch_operator_decorator.py
[2026-02-06T09:03:55.456+0200] {processor.py:830} INFO - Processing file /home/pazzoti/de-upskilling/airflow-flight-price-analysis/venv/lib/python3.10/site-packages/airflow/example_dags/example_branch_operator_decorator.py for tasks to queue
[2026-02-06T09:03:55.459+0200] {logging_mixin.py:188} INFO - [2026-02-06T09:03:55.457+0200] {dagbag.py:538} INFO - Filling up the DagBag from /home/pazzoti/de-upskilling/airflow-flight-price-analysis/venv/lib/python3.10/site-packages/airflow/example_dags/example_branch_operator_decorator.py
[2026-02-06T09:03:55.474+0200] {processor.py:840} INFO - DAG(s) 'example_branch_python_operator_decorator' retrieved from /home/pazzoti/de-upskilling/airflow-flight-price-analysis/venv/lib/python3.10/site-packages/airflow/example_dags/example_branch_operator_decorator.py
[2026-02-06T09:03:55.493+0200] {logging_mixin.py:188} INFO - [2026-02-06T09:03:55.492+0200] {dag.py:3036} INFO - Sync 1 DAGs
[2026-02-06T09:03:55.504+0200] {logging_mixin.py:188} INFO - [2026-02-06T09:03:55.504+0200] {dag.py:3823} INFO - Setting next_dagrun for example_branch_python_operator_decorator to 2026-02-05 00:00:00+00:00, run_after=2026-02-06 00:00:00+00:00
[2026-02-06T09:03:55.526+0200] {processor.py:183} INFO - Processing /home/pazzoti/de-upskilling/airflow-flight-price-analysis/venv/lib/python3.10/site-packages/airflow/example_dags/example_branch_operator_decorator.py took 0.078 seconds
[2026-02-06T09:04:49.950+0200] {processor.py:161} INFO - Started process (PID=5524) to work on /home/pazzoti/de-upskilling/airflow-flight-price-analysis/venv/lib/python3.10/site-packages/airflow/example_dags/example_branch_operator_decorator.py
[2026-02-06T09:04:49.956+0200] {processor.py:830} INFO - Processing file /home/pazzoti/de-upskilling/airflow-flight-price-analysis/venv/lib/python3.10/site-packages/airflow/example_dags/example_branch_operator_decorator.py for tasks to queue
[2026-02-06T09:04:49.958+0200] {logging_mixin.py:188} INFO - [2026-02-06T09:04:49.957+0200] {dagbag.py:538} INFO - Filling up the DagBag from /home/pazzoti/de-upskilling/airflow-flight-price-analysis/venv/lib/python3.10/site-packages/airflow/example_dags/example_branch_operator_decorator.py
[2026-02-06T09:04:49.976+0200] {processor.py:840} INFO - DAG(s) 'example_branch_python_operator_decorator' retrieved from /home/pazzoti/de-upskilling/airflow-flight-price-analysis/venv/lib/python3.10/site-packages/airflow/example_dags/example_branch_operator_decorator.py
[2026-02-06T09:04:49.991+0200] {logging_mixin.py:188} INFO - [2026-02-06T09:04:49.990+0200] {dag.py:3036} INFO - Sync 1 DAGs
[2026-02-06T09:04:50.003+0200] {logging_mixin.py:188} INFO - [2026-02-06T09:04:50.003+0200] {dag.py:3823} INFO - Setting next_dagrun for example_branch_python_operator_decorator to 2026-02-05 00:00:00+00:00, run_after=2026-02-06 00:00:00+00:00
[2026-02-06T09:04:50.020+0200] {processor.py:183} INFO - Processing /home/pazzoti/de-upskilling/airflow-flight-price-analysis/venv/lib/python3.10/site-packages/airflow/example_dags/example_branch_operator_decorator.py took 0.074 seconds
[2026-02-06T09:05:46.213+0200] {processor.py:161} INFO - Started process (PID=5822) to work on /home/pazzoti/de-upskilling/airflow-flight-price-analysis/venv/lib/python3.10/site-packages/airflow/example_dags/example_branch_operator_decorator.py
[2026-02-06T09:05:46.215+0200] {processor.py:830} INFO - Processing file /home/pazzoti/de-upskilling/airflow-flight-price-analysis/venv/lib/python3.10/site-packages/airflow/example_dags/example_branch_operator_decorator.py for tasks to queue
[2026-02-06T09:05:46.216+0200] {logging_mixin.py:188} INFO - [2026-02-06T09:05:46.215+0200] {dagbag.py:538} INFO - Filling up the DagBag from /home/pazzoti/de-upskilling/airflow-flight-price-analysis/venv/lib/python3.10/site-packages/airflow/example_dags/example_branch_operator_decorator.py
[2026-02-06T09:05:46.228+0200] {processor.py:840} INFO - DAG(s) 'example_branch_python_operator_decorator' retrieved from /home/pazzoti/de-upskilling/airflow-flight-price-analysis/venv/lib/python3.10/site-packages/airflow/example_dags/example_branch_operator_decorator.py
[2026-02-06T09:05:46.241+0200] {logging_mixin.py:188} INFO - [2026-02-06T09:05:46.240+0200] {dag.py:3036} INFO - Sync 1 DAGs
[2026-02-06T09:05:46.252+0200] {logging_mixin.py:188} INFO - [2026-02-06T09:05:46.252+0200] {dag.py:3823} INFO - Setting next_dagrun for example_branch_python_operator_decorator to 2026-02-05 00:00:00+00:00, run_after=2026-02-06 00:00:00+00:00
[2026-02-06T09:05:46.269+0200] {processor.py:183} INFO - Processing /home/pazzoti/de-upskilling/airflow-flight-price-analysis/venv/lib/python3.10/site-packages/airflow/example_dags/example_branch_operator_decorator.py took 0.058 seconds
[2026-02-06T09:06:39.283+0200] {processor.py:161} INFO - Started process (PID=6088) to work on /home/pazzoti/de-upskilling/airflow-flight-price-analysis/venv/lib/python3.10/site-packages/airflow/example_dags/example_branch_operator_decorator.py
[2026-02-06T09:06:39.284+0200] {processor.py:830} INFO - Processing file /home/pazzoti/de-upskilling/airflow-flight-price-analysis/venv/lib/python3.10/site-packages/airflow/example_dags/example_branch_operator_decorator.py for tasks to queue
[2026-02-06T09:06:39.285+0200] {logging_mixin.py:188} INFO - [2026-02-06T09:06:39.285+0200] {dagbag.py:538} INFO - Filling up the DagBag from /home/pazzoti/de-upskilling/airflow-flight-price-analysis/venv/lib/python3.10/site-packages/airflow/example_dags/example_branch_operator_decorator.py
[2026-02-06T09:06:39.297+0200] {processor.py:840} INFO - DAG(s) 'example_branch_python_operator_decorator' retrieved from /home/pazzoti/de-upskilling/airflow-flight-price-analysis/venv/lib/python3.10/site-packages/airflow/example_dags/example_branch_operator_decorator.py
[2026-02-06T09:06:39.310+0200] {logging_mixin.py:188} INFO - [2026-02-06T09:06:39.310+0200] {dag.py:3036} INFO - Sync 1 DAGs
[2026-02-06T09:06:39.321+0200] {logging_mixin.py:188} INFO - [2026-02-06T09:06:39.321+0200] {dag.py:3823} INFO - Setting next_dagrun for example_branch_python_operator_decorator to 2026-02-05 00:00:00+00:00, run_after=2026-02-06 00:00:00+00:00
[2026-02-06T09:06:39.345+0200] {processor.py:183} INFO - Processing /home/pazzoti/de-upskilling/airflow-flight-price-analysis/venv/lib/python3.10/site-packages/airflow/example_dags/example_branch_operator_decorator.py took 0.064 seconds
[2026-02-06T09:07:34.542+0200] {processor.py:161} INFO - Started process (PID=6411) to work on /home/pazzoti/de-upskilling/airflow-flight-price-analysis/venv/lib/python3.10/site-packages/airflow/example_dags/example_branch_operator_decorator.py
[2026-02-06T09:07:34.544+0200] {processor.py:830} INFO - Processing file /home/pazzoti/de-upskilling/airflow-flight-price-analysis/venv/lib/python3.10/site-packages/airflow/example_dags/example_branch_operator_decorator.py for tasks to queue
[2026-02-06T09:07:34.545+0200] {logging_mixin.py:188} INFO - [2026-02-06T09:07:34.545+0200] {dagbag.py:538} INFO - Filling up the DagBag from /home/pazzoti/de-upskilling/airflow-flight-price-analysis/venv/lib/python3.10/site-packages/airflow/example_dags/example_branch_operator_decorator.py
[2026-02-06T09:07:34.560+0200] {processor.py:840} INFO - DAG(s) 'example_branch_python_operator_decorator' retrieved from /home/pazzoti/de-upskilling/airflow-flight-price-analysis/venv/lib/python3.10/site-packages/airflow/example_dags/example_branch_operator_decorator.py
[2026-02-06T09:07:34.576+0200] {logging_mixin.py:188} INFO - [2026-02-06T09:07:34.576+0200] {dag.py:3036} INFO - Sync 1 DAGs
[2026-02-06T09:07:34.589+0200] {logging_mixin.py:188} INFO - [2026-02-06T09:07:34.589+0200] {dag.py:3823} INFO - Setting next_dagrun for example_branch_python_operator_decorator to 2026-02-05 00:00:00+00:00, run_after=2026-02-06 00:00:00+00:00
[2026-02-06T09:07:34.607+0200] {processor.py:183} INFO - Processing /home/pazzoti/de-upskilling/airflow-flight-price-analysis/venv/lib/python3.10/site-packages/airflow/example_dags/example_branch_operator_decorator.py took 0.067 seconds
[2026-02-06T09:08:28.791+0200] {processor.py:161} INFO - Started process (PID=6658) to work on /home/pazzoti/de-upskilling/airflow-flight-price-analysis/venv/lib/python3.10/site-packages/airflow/example_dags/example_branch_operator_decorator.py
[2026-02-06T09:08:28.794+0200] {processor.py:830} INFO - Processing file /home/pazzoti/de-upskilling/airflow-flight-price-analysis/venv/lib/python3.10/site-packages/airflow/example_dags/example_branch_operator_decorator.py for tasks to queue
[2026-02-06T09:08:28.795+0200] {logging_mixin.py:188} INFO - [2026-02-06T09:08:28.795+0200] {dagbag.py:538} INFO - Filling up the DagBag from /home/pazzoti/de-upskilling/airflow-flight-price-analysis/venv/lib/python3.10/site-packages/airflow/example_dags/example_branch_operator_decorator.py
[2026-02-06T09:08:28.810+0200] {processor.py:840} INFO - DAG(s) 'example_branch_python_operator_decorator' retrieved from /home/pazzoti/de-upskilling/airflow-flight-price-analysis/venv/lib/python3.10/site-packages/airflow/example_dags/example_branch_operator_decorator.py
[2026-02-06T09:08:28.822+0200] {logging_mixin.py:188} INFO - [2026-02-06T09:08:28.822+0200] {dag.py:3036} INFO - Sync 1 DAGs
[2026-02-06T09:08:28.834+0200] {logging_mixin.py:188} INFO - [2026-02-06T09:08:28.834+0200] {dag.py:3823} INFO - Setting next_dagrun for example_branch_python_operator_decorator to 2026-02-05 00:00:00+00:00, run_after=2026-02-06 00:00:00+00:00
[2026-02-06T09:08:28.851+0200] {processor.py:183} INFO - Processing /home/pazzoti/de-upskilling/airflow-flight-price-analysis/venv/lib/python3.10/site-packages/airflow/example_dags/example_branch_operator_decorator.py took 0.063 seconds
[2026-02-06T09:09:25.015+0200] {processor.py:161} INFO - Started process (PID=6922) to work on /home/pazzoti/de-upskilling/airflow-flight-price-analysis/venv/lib/python3.10/site-packages/airflow/example_dags/example_branch_operator_decorator.py
[2026-02-06T09:09:25.018+0200] {processor.py:830} INFO - Processing file /home/pazzoti/de-upskilling/airflow-flight-price-analysis/venv/lib/python3.10/site-packages/airflow/example_dags/example_branch_operator_decorator.py for tasks to queue
[2026-02-06T09:09:25.019+0200] {logging_mixin.py:188} INFO - [2026-02-06T09:09:25.019+0200] {dagbag.py:538} INFO - Filling up the DagBag from /home/pazzoti/de-upskilling/airflow-flight-price-analysis/venv/lib/python3.10/site-packages/airflow/example_dags/example_branch_operator_decorator.py
[2026-02-06T09:09:25.050+0200] {processor.py:840} INFO - DAG(s) 'example_branch_python_operator_decorator' retrieved from /home/pazzoti/de-upskilling/airflow-flight-price-analysis/venv/lib/python3.10/site-packages/airflow/example_dags/example_branch_operator_decorator.py
[2026-02-06T09:09:25.078+0200] {logging_mixin.py:188} INFO - [2026-02-06T09:09:25.078+0200] {dag.py:3036} INFO - Sync 1 DAGs
[2026-02-06T09:09:25.111+0200] {logging_mixin.py:188} INFO - [2026-02-06T09:09:25.111+0200] {dag.py:3823} INFO - Setting next_dagrun for example_branch_python_operator_decorator to 2026-02-05 00:00:00+00:00, run_after=2026-02-06 00:00:00+00:00
[2026-02-06T09:09:25.155+0200] {processor.py:183} INFO - Processing /home/pazzoti/de-upskilling/airflow-flight-price-analysis/venv/lib/python3.10/site-packages/airflow/example_dags/example_branch_operator_decorator.py took 0.146 seconds
[2026-02-06T09:11:27.070+0200] {processor.py:161} INFO - Started process (PID=7795) to work on /home/pazzoti/de-upskilling/airflow-flight-price-analysis/venv/lib/python3.10/site-packages/airflow/example_dags/example_branch_operator_decorator.py
[2026-02-06T09:11:27.072+0200] {processor.py:830} INFO - Processing file /home/pazzoti/de-upskilling/airflow-flight-price-analysis/venv/lib/python3.10/site-packages/airflow/example_dags/example_branch_operator_decorator.py for tasks to queue
[2026-02-06T09:11:27.074+0200] {logging_mixin.py:188} INFO - [2026-02-06T09:11:27.073+0200] {dagbag.py:538} INFO - Filling up the DagBag from /home/pazzoti/de-upskilling/airflow-flight-price-analysis/venv/lib/python3.10/site-packages/airflow/example_dags/example_branch_operator_decorator.py
[2026-02-06T09:11:27.117+0200] {processor.py:840} INFO - DAG(s) 'example_branch_python_operator_decorator' retrieved from /home/pazzoti/de-upskilling/airflow-flight-price-analysis/venv/lib/python3.10/site-packages/airflow/example_dags/example_branch_operator_decorator.py
[2026-02-06T09:11:27.279+0200] {logging_mixin.py:188} INFO - [2026-02-06T09:11:27.278+0200] {dag.py:3036} INFO - Sync 1 DAGs
[2026-02-06T09:11:27.315+0200] {logging_mixin.py:188} INFO - [2026-02-06T09:11:27.315+0200] {dag.py:3823} INFO - Setting next_dagrun for example_branch_python_operator_decorator to 2026-02-05 00:00:00+00:00, run_after=2026-02-06 00:00:00+00:00
[2026-02-06T09:11:27.381+0200] {processor.py:183} INFO - Processing /home/pazzoti/de-upskilling/airflow-flight-price-analysis/venv/lib/python3.10/site-packages/airflow/example_dags/example_branch_operator_decorator.py took 0.315 seconds
[2026-02-06T09:12:25.561+0200] {processor.py:161} INFO - Started process (PID=8291) to work on /home/pazzoti/de-upskilling/airflow-flight-price-analysis/venv/lib/python3.10/site-packages/airflow/example_dags/example_branch_operator_decorator.py
[2026-02-06T09:12:25.564+0200] {processor.py:830} INFO - Processing file /home/pazzoti/de-upskilling/airflow-flight-price-analysis/venv/lib/python3.10/site-packages/airflow/example_dags/example_branch_operator_decorator.py for tasks to queue
[2026-02-06T09:12:25.565+0200] {logging_mixin.py:188} INFO - [2026-02-06T09:12:25.565+0200] {dagbag.py:538} INFO - Filling up the DagBag from /home/pazzoti/de-upskilling/airflow-flight-price-analysis/venv/lib/python3.10/site-packages/airflow/example_dags/example_branch_operator_decorator.py
[2026-02-06T09:12:25.593+0200] {processor.py:840} INFO - DAG(s) 'example_branch_python_operator_decorator' retrieved from /home/pazzoti/de-upskilling/airflow-flight-price-analysis/venv/lib/python3.10/site-packages/airflow/example_dags/example_branch_operator_decorator.py
[2026-02-06T09:12:25.616+0200] {logging_mixin.py:188} INFO - [2026-02-06T09:12:25.616+0200] {dag.py:3036} INFO - Sync 1 DAGs
[2026-02-06T09:12:25.630+0200] {logging_mixin.py:188} INFO - [2026-02-06T09:12:25.630+0200] {dag.py:3823} INFO - Setting next_dagrun for example_branch_python_operator_decorator to 2026-02-05 00:00:00+00:00, run_after=2026-02-06 00:00:00+00:00
[2026-02-06T09:12:25.647+0200] {processor.py:183} INFO - Processing /home/pazzoti/de-upskilling/airflow-flight-price-analysis/venv/lib/python3.10/site-packages/airflow/example_dags/example_branch_operator_decorator.py took 0.091 seconds
[2026-02-06T09:13:12.949+0200] {processor.py:161} INFO - Started process (PID=8507) to work on /home/pazzoti/de-upskilling/airflow-flight-price-analysis/venv/lib/python3.10/site-packages/airflow/example_dags/example_branch_operator_decorator.py
[2026-02-06T09:13:12.952+0200] {processor.py:830} INFO - Processing file /home/pazzoti/de-upskilling/airflow-flight-price-analysis/venv/lib/python3.10/site-packages/airflow/example_dags/example_branch_operator_decorator.py for tasks to queue
[2026-02-06T09:13:12.953+0200] {logging_mixin.py:188} INFO - [2026-02-06T09:13:12.953+0200] {dagbag.py:538} INFO - Filling up the DagBag from /home/pazzoti/de-upskilling/airflow-flight-price-analysis/venv/lib/python3.10/site-packages/airflow/example_dags/example_branch_operator_decorator.py
[2026-02-06T09:13:12.968+0200] {processor.py:840} INFO - DAG(s) 'example_branch_python_operator_decorator' retrieved from /home/pazzoti/de-upskilling/airflow-flight-price-analysis/venv/lib/python3.10/site-packages/airflow/example_dags/example_branch_operator_decorator.py
[2026-02-06T09:13:12.989+0200] {logging_mixin.py:188} INFO - [2026-02-06T09:13:12.989+0200] {dag.py:3036} INFO - Sync 1 DAGs
[2026-02-06T09:13:13.003+0200] {logging_mixin.py:188} INFO - [2026-02-06T09:13:13.003+0200] {dag.py:3823} INFO - Setting next_dagrun for example_branch_python_operator_decorator to 2026-02-05 00:00:00+00:00, run_after=2026-02-06 00:00:00+00:00
[2026-02-06T09:13:13.021+0200] {processor.py:183} INFO - Processing /home/pazzoti/de-upskilling/airflow-flight-price-analysis/venv/lib/python3.10/site-packages/airflow/example_dags/example_branch_operator_decorator.py took 0.075 seconds
[2026-02-06T09:14:08.535+0200] {processor.py:161} INFO - Started process (PID=8775) to work on /home/pazzoti/de-upskilling/airflow-flight-price-analysis/venv/lib/python3.10/site-packages/airflow/example_dags/example_branch_operator_decorator.py
[2026-02-06T09:14:08.537+0200] {processor.py:830} INFO - Processing file /home/pazzoti/de-upskilling/airflow-flight-price-analysis/venv/lib/python3.10/site-packages/airflow/example_dags/example_branch_operator_decorator.py for tasks to queue
[2026-02-06T09:14:08.537+0200] {logging_mixin.py:188} INFO - [2026-02-06T09:14:08.537+0200] {dagbag.py:538} INFO - Filling up the DagBag from /home/pazzoti/de-upskilling/airflow-flight-price-analysis/venv/lib/python3.10/site-packages/airflow/example_dags/example_branch_operator_decorator.py
[2026-02-06T09:14:08.550+0200] {processor.py:840} INFO - DAG(s) 'example_branch_python_operator_decorator' retrieved from /home/pazzoti/de-upskilling/airflow-flight-price-analysis/venv/lib/python3.10/site-packages/airflow/example_dags/example_branch_operator_decorator.py
[2026-02-06T09:14:08.563+0200] {logging_mixin.py:188} INFO - [2026-02-06T09:14:08.562+0200] {dag.py:3036} INFO - Sync 1 DAGs
[2026-02-06T09:14:08.574+0200] {logging_mixin.py:188} INFO - [2026-02-06T09:14:08.574+0200] {dag.py:3823} INFO - Setting next_dagrun for example_branch_python_operator_decorator to 2026-02-05 00:00:00+00:00, run_after=2026-02-06 00:00:00+00:00
[2026-02-06T09:14:08.592+0200] {processor.py:183} INFO - Processing /home/pazzoti/de-upskilling/airflow-flight-price-analysis/venv/lib/python3.10/site-packages/airflow/example_dags/example_branch_operator_decorator.py took 0.059 seconds
[2026-02-06T09:15:03.062+0200] {processor.py:161} INFO - Started process (PID=9016) to work on /home/pazzoti/de-upskilling/airflow-flight-price-analysis/venv/lib/python3.10/site-packages/airflow/example_dags/example_branch_operator_decorator.py
[2026-02-06T09:15:03.064+0200] {processor.py:830} INFO - Processing file /home/pazzoti/de-upskilling/airflow-flight-price-analysis/venv/lib/python3.10/site-packages/airflow/example_dags/example_branch_operator_decorator.py for tasks to queue
[2026-02-06T09:15:03.064+0200] {logging_mixin.py:188} INFO - [2026-02-06T09:15:03.064+0200] {dagbag.py:538} INFO - Filling up the DagBag from /home/pazzoti/de-upskilling/airflow-flight-price-analysis/venv/lib/python3.10/site-packages/airflow/example_dags/example_branch_operator_decorator.py
[2026-02-06T09:15:03.080+0200] {processor.py:840} INFO - DAG(s) 'example_branch_python_operator_decorator' retrieved from /home/pazzoti/de-upskilling/airflow-flight-price-analysis/venv/lib/python3.10/site-packages/airflow/example_dags/example_branch_operator_decorator.py
[2026-02-06T09:15:03.093+0200] {logging_mixin.py:188} INFO - [2026-02-06T09:15:03.093+0200] {dag.py:3036} INFO - Sync 1 DAGs
[2026-02-06T09:15:03.104+0200] {logging_mixin.py:188} INFO - [2026-02-06T09:15:03.104+0200] {dag.py:3823} INFO - Setting next_dagrun for example_branch_python_operator_decorator to 2026-02-05 00:00:00+00:00, run_after=2026-02-06 00:00:00+00:00
[2026-02-06T09:15:03.121+0200] {processor.py:183} INFO - Processing /home/pazzoti/de-upskilling/airflow-flight-price-analysis/venv/lib/python3.10/site-packages/airflow/example_dags/example_branch_operator_decorator.py took 0.061 seconds
[2026-02-06T09:15:54.507+0200] {processor.py:161} INFO - Started process (PID=9288) to work on /home/pazzoti/de-upskilling/airflow-flight-price-analysis/venv/lib/python3.10/site-packages/airflow/example_dags/example_branch_operator_decorator.py
[2026-02-06T09:15:54.516+0200] {processor.py:830} INFO - Processing file /home/pazzoti/de-upskilling/airflow-flight-price-analysis/venv/lib/python3.10/site-packages/airflow/example_dags/example_branch_operator_decorator.py for tasks to queue
[2026-02-06T09:15:54.517+0200] {logging_mixin.py:188} INFO - [2026-02-06T09:15:54.517+0200] {dagbag.py:538} INFO - Filling up the DagBag from /home/pazzoti/de-upskilling/airflow-flight-price-analysis/venv/lib/python3.10/site-packages/airflow/example_dags/example_branch_operator_decorator.py
[2026-02-06T09:15:54.534+0200] {processor.py:840} INFO - DAG(s) 'example_branch_python_operator_decorator' retrieved from /home/pazzoti/de-upskilling/airflow-flight-price-analysis/venv/lib/python3.10/site-packages/airflow/example_dags/example_branch_operator_decorator.py
[2026-02-06T09:15:54.551+0200] {logging_mixin.py:188} INFO - [2026-02-06T09:15:54.550+0200] {dag.py:3036} INFO - Sync 1 DAGs
[2026-02-06T09:15:54.564+0200] {logging_mixin.py:188} INFO - [2026-02-06T09:15:54.564+0200] {dag.py:3823} INFO - Setting next_dagrun for example_branch_python_operator_decorator to 2026-02-05 00:00:00+00:00, run_after=2026-02-06 00:00:00+00:00
[2026-02-06T09:15:54.586+0200] {processor.py:183} INFO - Processing /home/pazzoti/de-upskilling/airflow-flight-price-analysis/venv/lib/python3.10/site-packages/airflow/example_dags/example_branch_operator_decorator.py took 0.080 seconds
[2026-02-06T09:16:45.804+0200] {processor.py:161} INFO - Started process (PID=9517) to work on /home/pazzoti/de-upskilling/airflow-flight-price-analysis/venv/lib/python3.10/site-packages/airflow/example_dags/example_branch_operator_decorator.py
[2026-02-06T09:16:45.810+0200] {processor.py:830} INFO - Processing file /home/pazzoti/de-upskilling/airflow-flight-price-analysis/venv/lib/python3.10/site-packages/airflow/example_dags/example_branch_operator_decorator.py for tasks to queue
[2026-02-06T09:16:45.811+0200] {logging_mixin.py:188} INFO - [2026-02-06T09:16:45.810+0200] {dagbag.py:538} INFO - Filling up the DagBag from /home/pazzoti/de-upskilling/airflow-flight-price-analysis/venv/lib/python3.10/site-packages/airflow/example_dags/example_branch_operator_decorator.py
[2026-02-06T09:16:45.824+0200] {processor.py:840} INFO - DAG(s) 'example_branch_python_operator_decorator' retrieved from /home/pazzoti/de-upskilling/airflow-flight-price-analysis/venv/lib/python3.10/site-packages/airflow/example_dags/example_branch_operator_decorator.py
[2026-02-06T09:16:45.836+0200] {logging_mixin.py:188} INFO - [2026-02-06T09:16:45.836+0200] {dag.py:3036} INFO - Sync 1 DAGs
[2026-02-06T09:16:45.847+0200] {logging_mixin.py:188} INFO - [2026-02-06T09:16:45.847+0200] {dag.py:3823} INFO - Setting next_dagrun for example_branch_python_operator_decorator to 2026-02-05 00:00:00+00:00, run_after=2026-02-06 00:00:00+00:00
[2026-02-06T09:16:45.864+0200] {processor.py:183} INFO - Processing /home/pazzoti/de-upskilling/airflow-flight-price-analysis/venv/lib/python3.10/site-packages/airflow/example_dags/example_branch_operator_decorator.py took 0.062 seconds
[2026-02-06T09:29:29.466+0200] {processor.py:161} INFO - Started process (PID=9895) to work on /home/pazzoti/de-upskilling/airflow-flight-price-analysis/venv/lib/python3.10/site-packages/airflow/example_dags/example_branch_operator_decorator.py
[2026-02-06T09:29:29.470+0200] {processor.py:830} INFO - Processing file /home/pazzoti/de-upskilling/airflow-flight-price-analysis/venv/lib/python3.10/site-packages/airflow/example_dags/example_branch_operator_decorator.py for tasks to queue
[2026-02-06T09:29:29.470+0200] {logging_mixin.py:188} INFO - [2026-02-06T09:29:29.470+0200] {dagbag.py:538} INFO - Filling up the DagBag from /home/pazzoti/de-upskilling/airflow-flight-price-analysis/venv/lib/python3.10/site-packages/airflow/example_dags/example_branch_operator_decorator.py
[2026-02-06T09:29:29.485+0200] {processor.py:840} INFO - DAG(s) 'example_branch_python_operator_decorator' retrieved from /home/pazzoti/de-upskilling/airflow-flight-price-analysis/venv/lib/python3.10/site-packages/airflow/example_dags/example_branch_operator_decorator.py
[2026-02-06T09:29:29.499+0200] {logging_mixin.py:188} INFO - [2026-02-06T09:29:29.499+0200] {dag.py:3036} INFO - Sync 1 DAGs
[2026-02-06T09:29:29.511+0200] {logging_mixin.py:188} INFO - [2026-02-06T09:29:29.511+0200] {dag.py:3823} INFO - Setting next_dagrun for example_branch_python_operator_decorator to 2026-02-05 00:00:00+00:00, run_after=2026-02-06 00:00:00+00:00
[2026-02-06T09:29:29.529+0200] {processor.py:183} INFO - Processing /home/pazzoti/de-upskilling/airflow-flight-price-analysis/venv/lib/python3.10/site-packages/airflow/example_dags/example_branch_operator_decorator.py took 0.065 seconds
[2026-02-06T09:30:21.013+0200] {processor.py:161} INFO - Started process (PID=9982) to work on /home/pazzoti/de-upskilling/airflow-flight-price-analysis/venv/lib/python3.10/site-packages/airflow/example_dags/example_branch_operator_decorator.py
[2026-02-06T09:30:21.014+0200] {processor.py:830} INFO - Processing file /home/pazzoti/de-upskilling/airflow-flight-price-analysis/venv/lib/python3.10/site-packages/airflow/example_dags/example_branch_operator_decorator.py for tasks to queue
[2026-02-06T09:30:21.015+0200] {logging_mixin.py:188} INFO - [2026-02-06T09:30:21.014+0200] {dagbag.py:538} INFO - Filling up the DagBag from /home/pazzoti/de-upskilling/airflow-flight-price-analysis/venv/lib/python3.10/site-packages/airflow/example_dags/example_branch_operator_decorator.py
[2026-02-06T09:30:21.056+0200] {processor.py:840} INFO - DAG(s) 'example_branch_python_operator_decorator' retrieved from /home/pazzoti/de-upskilling/airflow-flight-price-analysis/venv/lib/python3.10/site-packages/airflow/example_dags/example_branch_operator_decorator.py
[2026-02-06T09:30:21.085+0200] {logging_mixin.py:188} INFO - [2026-02-06T09:30:21.085+0200] {dag.py:3036} INFO - Sync 1 DAGs
[2026-02-06T09:30:21.108+0200] {logging_mixin.py:188} INFO - [2026-02-06T09:30:21.108+0200] {dag.py:3823} INFO - Setting next_dagrun for example_branch_python_operator_decorator to 2026-02-05 00:00:00+00:00, run_after=2026-02-06 00:00:00+00:00
[2026-02-06T09:30:21.133+0200] {processor.py:183} INFO - Processing /home/pazzoti/de-upskilling/airflow-flight-price-analysis/venv/lib/python3.10/site-packages/airflow/example_dags/example_branch_operator_decorator.py took 0.123 seconds
[2026-02-06T09:31:10.722+0200] {processor.py:161} INFO - Started process (PID=10067) to work on /home/pazzoti/de-upskilling/airflow-flight-price-analysis/venv/lib/python3.10/site-packages/airflow/example_dags/example_branch_operator_decorator.py
[2026-02-06T09:31:10.729+0200] {processor.py:830} INFO - Processing file /home/pazzoti/de-upskilling/airflow-flight-price-analysis/venv/lib/python3.10/site-packages/airflow/example_dags/example_branch_operator_decorator.py for tasks to queue
[2026-02-06T09:31:10.730+0200] {logging_mixin.py:188} INFO - [2026-02-06T09:31:10.730+0200] {dagbag.py:538} INFO - Filling up the DagBag from /home/pazzoti/de-upskilling/airflow-flight-price-analysis/venv/lib/python3.10/site-packages/airflow/example_dags/example_branch_operator_decorator.py
[2026-02-06T09:31:10.742+0200] {processor.py:840} INFO - DAG(s) 'example_branch_python_operator_decorator' retrieved from /home/pazzoti/de-upskilling/airflow-flight-price-analysis/venv/lib/python3.10/site-packages/airflow/example_dags/example_branch_operator_decorator.py
[2026-02-06T09:31:10.754+0200] {logging_mixin.py:188} INFO - [2026-02-06T09:31:10.754+0200] {dag.py:3036} INFO - Sync 1 DAGs
[2026-02-06T09:31:10.766+0200] {logging_mixin.py:188} INFO - [2026-02-06T09:31:10.765+0200] {dag.py:3823} INFO - Setting next_dagrun for example_branch_python_operator_decorator to 2026-02-05 00:00:00+00:00, run_after=2026-02-06 00:00:00+00:00
[2026-02-06T09:31:10.782+0200] {processor.py:183} INFO - Processing /home/pazzoti/de-upskilling/airflow-flight-price-analysis/venv/lib/python3.10/site-packages/airflow/example_dags/example_branch_operator_decorator.py took 0.064 seconds
[2026-02-06T09:32:06.716+0200] {processor.py:161} INFO - Started process (PID=10173) to work on /home/pazzoti/de-upskilling/airflow-flight-price-analysis/venv/lib/python3.10/site-packages/airflow/example_dags/example_branch_operator_decorator.py
[2026-02-06T09:32:06.723+0200] {processor.py:830} INFO - Processing file /home/pazzoti/de-upskilling/airflow-flight-price-analysis/venv/lib/python3.10/site-packages/airflow/example_dags/example_branch_operator_decorator.py for tasks to queue
[2026-02-06T09:32:06.724+0200] {logging_mixin.py:188} INFO - [2026-02-06T09:32:06.724+0200] {dagbag.py:538} INFO - Filling up the DagBag from /home/pazzoti/de-upskilling/airflow-flight-price-analysis/venv/lib/python3.10/site-packages/airflow/example_dags/example_branch_operator_decorator.py
[2026-02-06T09:32:06.738+0200] {processor.py:840} INFO - DAG(s) 'example_branch_python_operator_decorator' retrieved from /home/pazzoti/de-upskilling/airflow-flight-price-analysis/venv/lib/python3.10/site-packages/airflow/example_dags/example_branch_operator_decorator.py
[2026-02-06T09:32:06.753+0200] {logging_mixin.py:188} INFO - [2026-02-06T09:32:06.753+0200] {dag.py:3036} INFO - Sync 1 DAGs
[2026-02-06T09:32:06.766+0200] {logging_mixin.py:188} INFO - [2026-02-06T09:32:06.766+0200] {dag.py:3823} INFO - Setting next_dagrun for example_branch_python_operator_decorator to 2026-02-05 00:00:00+00:00, run_after=2026-02-06 00:00:00+00:00
[2026-02-06T09:32:06.783+0200] {processor.py:183} INFO - Processing /home/pazzoti/de-upskilling/airflow-flight-price-analysis/venv/lib/python3.10/site-packages/airflow/example_dags/example_branch_operator_decorator.py took 0.070 seconds
[2026-02-06T09:33:00.059+0200] {processor.py:161} INFO - Started process (PID=10294) to work on /home/pazzoti/de-upskilling/airflow-flight-price-analysis/venv/lib/python3.10/site-packages/airflow/example_dags/example_branch_operator_decorator.py
[2026-02-06T09:33:00.061+0200] {processor.py:830} INFO - Processing file /home/pazzoti/de-upskilling/airflow-flight-price-analysis/venv/lib/python3.10/site-packages/airflow/example_dags/example_branch_operator_decorator.py for tasks to queue
[2026-02-06T09:33:00.061+0200] {logging_mixin.py:188} INFO - [2026-02-06T09:33:00.061+0200] {dagbag.py:538} INFO - Filling up the DagBag from /home/pazzoti/de-upskilling/airflow-flight-price-analysis/venv/lib/python3.10/site-packages/airflow/example_dags/example_branch_operator_decorator.py
[2026-02-06T09:33:00.075+0200] {processor.py:840} INFO - DAG(s) 'example_branch_python_operator_decorator' retrieved from /home/pazzoti/de-upskilling/airflow-flight-price-analysis/venv/lib/python3.10/site-packages/airflow/example_dags/example_branch_operator_decorator.py
[2026-02-06T09:33:00.089+0200] {logging_mixin.py:188} INFO - [2026-02-06T09:33:00.089+0200] {dag.py:3036} INFO - Sync 1 DAGs
[2026-02-06T09:33:00.103+0200] {logging_mixin.py:188} INFO - [2026-02-06T09:33:00.102+0200] {dag.py:3823} INFO - Setting next_dagrun for example_branch_python_operator_decorator to 2026-02-05 00:00:00+00:00, run_after=2026-02-06 00:00:00+00:00
[2026-02-06T09:33:00.119+0200] {processor.py:183} INFO - Processing /home/pazzoti/de-upskilling/airflow-flight-price-analysis/venv/lib/python3.10/site-packages/airflow/example_dags/example_branch_operator_decorator.py took 0.062 seconds
[2026-02-06T09:33:49.635+0200] {processor.py:161} INFO - Started process (PID=10359) to work on /home/pazzoti/de-upskilling/airflow-flight-price-analysis/venv/lib/python3.10/site-packages/airflow/example_dags/example_branch_operator_decorator.py
[2026-02-06T09:33:49.639+0200] {processor.py:830} INFO - Processing file /home/pazzoti/de-upskilling/airflow-flight-price-analysis/venv/lib/python3.10/site-packages/airflow/example_dags/example_branch_operator_decorator.py for tasks to queue
[2026-02-06T09:33:49.642+0200] {logging_mixin.py:188} INFO - [2026-02-06T09:33:49.640+0200] {dagbag.py:538} INFO - Filling up the DagBag from /home/pazzoti/de-upskilling/airflow-flight-price-analysis/venv/lib/python3.10/site-packages/airflow/example_dags/example_branch_operator_decorator.py
[2026-02-06T09:33:49.668+0200] {processor.py:840} INFO - DAG(s) 'example_branch_python_operator_decorator' retrieved from /home/pazzoti/de-upskilling/airflow-flight-price-analysis/venv/lib/python3.10/site-packages/airflow/example_dags/example_branch_operator_decorator.py
[2026-02-06T09:33:49.701+0200] {logging_mixin.py:188} INFO - [2026-02-06T09:33:49.700+0200] {dag.py:3036} INFO - Sync 1 DAGs
[2026-02-06T09:33:49.722+0200] {logging_mixin.py:188} INFO - [2026-02-06T09:33:49.722+0200] {dag.py:3823} INFO - Setting next_dagrun for example_branch_python_operator_decorator to 2026-02-05 00:00:00+00:00, run_after=2026-02-06 00:00:00+00:00
[2026-02-06T09:33:49.743+0200] {processor.py:183} INFO - Processing /home/pazzoti/de-upskilling/airflow-flight-price-analysis/venv/lib/python3.10/site-packages/airflow/example_dags/example_branch_operator_decorator.py took 0.112 seconds
[2026-02-06T09:34:39.219+0200] {processor.py:161} INFO - Started process (PID=10447) to work on /home/pazzoti/de-upskilling/airflow-flight-price-analysis/venv/lib/python3.10/site-packages/airflow/example_dags/example_branch_operator_decorator.py
[2026-02-06T09:34:39.221+0200] {processor.py:830} INFO - Processing file /home/pazzoti/de-upskilling/airflow-flight-price-analysis/venv/lib/python3.10/site-packages/airflow/example_dags/example_branch_operator_decorator.py for tasks to queue
[2026-02-06T09:34:39.221+0200] {logging_mixin.py:188} INFO - [2026-02-06T09:34:39.221+0200] {dagbag.py:538} INFO - Filling up the DagBag from /home/pazzoti/de-upskilling/airflow-flight-price-analysis/venv/lib/python3.10/site-packages/airflow/example_dags/example_branch_operator_decorator.py
[2026-02-06T09:34:39.235+0200] {processor.py:840} INFO - DAG(s) 'example_branch_python_operator_decorator' retrieved from /home/pazzoti/de-upskilling/airflow-flight-price-analysis/venv/lib/python3.10/site-packages/airflow/example_dags/example_branch_operator_decorator.py
[2026-02-06T09:34:39.249+0200] {logging_mixin.py:188} INFO - [2026-02-06T09:34:39.249+0200] {dag.py:3036} INFO - Sync 1 DAGs
[2026-02-06T09:34:39.262+0200] {logging_mixin.py:188} INFO - [2026-02-06T09:34:39.261+0200] {dag.py:3823} INFO - Setting next_dagrun for example_branch_python_operator_decorator to 2026-02-05 00:00:00+00:00, run_after=2026-02-06 00:00:00+00:00
[2026-02-06T09:34:39.279+0200] {processor.py:183} INFO - Processing /home/pazzoti/de-upskilling/airflow-flight-price-analysis/venv/lib/python3.10/site-packages/airflow/example_dags/example_branch_operator_decorator.py took 0.062 seconds
