[2026-02-06T09:01:33.996+0200] {processor.py:161} INFO - Started process (PID=4328) to work on /home/pazzoti/de-upskilling/airflow-flight-price-analysis/venv/lib/python3.10/site-packages/airflow/example_dags/example_branch_python_dop_operator_3.py
[2026-02-06T09:01:33.996+0200] {processor.py:830} INFO - Processing file /home/pazzoti/de-upskilling/airflow-flight-price-analysis/venv/lib/python3.10/site-packages/airflow/example_dags/example_branch_python_dop_operator_3.py for tasks to queue
[2026-02-06T09:01:33.997+0200] {logging_mixin.py:188} INFO - [2026-02-06T09:01:33.997+0200] {dagbag.py:538} INFO - Filling up the DagBag from /home/pazzoti/de-upskilling/airflow-flight-price-analysis/venv/lib/python3.10/site-packages/airflow/example_dags/example_branch_python_dop_operator_3.py
[2026-02-06T09:01:34.005+0200] {processor.py:840} INFO - DAG(s) 'example_branch_dop_operator_v3' retrieved from /home/pazzoti/de-upskilling/airflow-flight-price-analysis/venv/lib/python3.10/site-packages/airflow/example_dags/example_branch_python_dop_operator_3.py
[2026-02-06T09:01:34.018+0200] {logging_mixin.py:188} INFO - [2026-02-06T09:01:34.018+0200] {dag.py:3036} INFO - Sync 1 DAGs
[2026-02-06T09:01:34.031+0200] {logging_mixin.py:188} INFO - [2026-02-06T09:01:34.031+0200] {dag.py:3823} INFO - Setting next_dagrun for example_branch_dop_operator_v3 to 2026-02-06 07:00:00+00:00, run_after=2026-02-06 07:01:00+00:00
[2026-02-06T09:01:34.045+0200] {processor.py:183} INFO - Processing /home/pazzoti/de-upskilling/airflow-flight-price-analysis/venv/lib/python3.10/site-packages/airflow/example_dags/example_branch_python_dop_operator_3.py took 0.052 seconds
[2026-02-06T09:02:23.923+0200] {processor.py:161} INFO - Started process (PID=4852) to work on /home/pazzoti/de-upskilling/airflow-flight-price-analysis/venv/lib/python3.10/site-packages/airflow/example_dags/example_branch_python_dop_operator_3.py
[2026-02-06T09:02:23.924+0200] {processor.py:830} INFO - Processing file /home/pazzoti/de-upskilling/airflow-flight-price-analysis/venv/lib/python3.10/site-packages/airflow/example_dags/example_branch_python_dop_operator_3.py for tasks to queue
[2026-02-06T09:02:23.925+0200] {logging_mixin.py:188} INFO - [2026-02-06T09:02:23.925+0200] {dagbag.py:538} INFO - Filling up the DagBag from /home/pazzoti/de-upskilling/airflow-flight-price-analysis/venv/lib/python3.10/site-packages/airflow/example_dags/example_branch_python_dop_operator_3.py
[2026-02-06T09:02:23.931+0200] {processor.py:840} INFO - DAG(s) 'example_branch_dop_operator_v3' retrieved from /home/pazzoti/de-upskilling/airflow-flight-price-analysis/venv/lib/python3.10/site-packages/airflow/example_dags/example_branch_python_dop_operator_3.py
[2026-02-06T09:02:23.942+0200] {logging_mixin.py:188} INFO - [2026-02-06T09:02:23.942+0200] {dag.py:3036} INFO - Sync 1 DAGs
[2026-02-06T09:02:23.955+0200] {logging_mixin.py:188} INFO - [2026-02-06T09:02:23.955+0200] {dag.py:3823} INFO - Setting next_dagrun for example_branch_dop_operator_v3 to 2026-02-06 07:01:00+00:00, run_after=2026-02-06 07:02:00+00:00
[2026-02-06T09:02:23.971+0200] {processor.py:183} INFO - Processing /home/pazzoti/de-upskilling/airflow-flight-price-analysis/venv/lib/python3.10/site-packages/airflow/example_dags/example_branch_python_dop_operator_3.py took 0.050 seconds
[2026-02-06T09:03:13.156+0200] {processor.py:161} INFO - Started process (PID=5087) to work on /home/pazzoti/de-upskilling/airflow-flight-price-analysis/venv/lib/python3.10/site-packages/airflow/example_dags/example_branch_python_dop_operator_3.py
[2026-02-06T09:03:13.165+0200] {processor.py:830} INFO - Processing file /home/pazzoti/de-upskilling/airflow-flight-price-analysis/venv/lib/python3.10/site-packages/airflow/example_dags/example_branch_python_dop_operator_3.py for tasks to queue
[2026-02-06T09:03:13.166+0200] {logging_mixin.py:188} INFO - [2026-02-06T09:03:13.166+0200] {dagbag.py:538} INFO - Filling up the DagBag from /home/pazzoti/de-upskilling/airflow-flight-price-analysis/venv/lib/python3.10/site-packages/airflow/example_dags/example_branch_python_dop_operator_3.py
[2026-02-06T09:03:13.178+0200] {processor.py:840} INFO - DAG(s) 'example_branch_dop_operator_v3' retrieved from /home/pazzoti/de-upskilling/airflow-flight-price-analysis/venv/lib/python3.10/site-packages/airflow/example_dags/example_branch_python_dop_operator_3.py
[2026-02-06T09:03:13.189+0200] {logging_mixin.py:188} INFO - [2026-02-06T09:03:13.189+0200] {dag.py:3036} INFO - Sync 1 DAGs
[2026-02-06T09:03:13.218+0200] {logging_mixin.py:188} INFO - [2026-02-06T09:03:13.217+0200] {dag.py:3823} INFO - Setting next_dagrun for example_branch_dop_operator_v3 to 2026-02-06 07:02:00+00:00, run_after=2026-02-06 07:03:00+00:00
[2026-02-06T09:03:13.264+0200] {processor.py:183} INFO - Processing /home/pazzoti/de-upskilling/airflow-flight-price-analysis/venv/lib/python3.10/site-packages/airflow/example_dags/example_branch_python_dop_operator_3.py took 0.111 seconds
[2026-02-06T09:04:05.731+0200] {processor.py:161} INFO - Started process (PID=5321) to work on /home/pazzoti/de-upskilling/airflow-flight-price-analysis/venv/lib/python3.10/site-packages/airflow/example_dags/example_branch_python_dop_operator_3.py
[2026-02-06T09:04:05.733+0200] {processor.py:830} INFO - Processing file /home/pazzoti/de-upskilling/airflow-flight-price-analysis/venv/lib/python3.10/site-packages/airflow/example_dags/example_branch_python_dop_operator_3.py for tasks to queue
[2026-02-06T09:04:05.733+0200] {logging_mixin.py:188} INFO - [2026-02-06T09:04:05.733+0200] {dagbag.py:538} INFO - Filling up the DagBag from /home/pazzoti/de-upskilling/airflow-flight-price-analysis/venv/lib/python3.10/site-packages/airflow/example_dags/example_branch_python_dop_operator_3.py
[2026-02-06T09:04:05.740+0200] {processor.py:840} INFO - DAG(s) 'example_branch_dop_operator_v3' retrieved from /home/pazzoti/de-upskilling/airflow-flight-price-analysis/venv/lib/python3.10/site-packages/airflow/example_dags/example_branch_python_dop_operator_3.py
[2026-02-06T09:04:05.751+0200] {logging_mixin.py:188} INFO - [2026-02-06T09:04:05.751+0200] {dag.py:3036} INFO - Sync 1 DAGs
[2026-02-06T09:04:05.765+0200] {logging_mixin.py:188} INFO - [2026-02-06T09:04:05.765+0200] {dag.py:3823} INFO - Setting next_dagrun for example_branch_dop_operator_v3 to 2026-02-06 07:03:00+00:00, run_after=2026-02-06 07:04:00+00:00
[2026-02-06T09:04:05.783+0200] {processor.py:183} INFO - Processing /home/pazzoti/de-upskilling/airflow-flight-price-analysis/venv/lib/python3.10/site-packages/airflow/example_dags/example_branch_python_dop_operator_3.py took 0.054 seconds
[2026-02-06T09:05:01.483+0200] {processor.py:161} INFO - Started process (PID=5620) to work on /home/pazzoti/de-upskilling/airflow-flight-price-analysis/venv/lib/python3.10/site-packages/airflow/example_dags/example_branch_python_dop_operator_3.py
[2026-02-06T09:05:01.487+0200] {processor.py:830} INFO - Processing file /home/pazzoti/de-upskilling/airflow-flight-price-analysis/venv/lib/python3.10/site-packages/airflow/example_dags/example_branch_python_dop_operator_3.py for tasks to queue
[2026-02-06T09:05:01.489+0200] {logging_mixin.py:188} INFO - [2026-02-06T09:05:01.488+0200] {dagbag.py:538} INFO - Filling up the DagBag from /home/pazzoti/de-upskilling/airflow-flight-price-analysis/venv/lib/python3.10/site-packages/airflow/example_dags/example_branch_python_dop_operator_3.py
[2026-02-06T09:05:01.495+0200] {processor.py:840} INFO - DAG(s) 'example_branch_dop_operator_v3' retrieved from /home/pazzoti/de-upskilling/airflow-flight-price-analysis/venv/lib/python3.10/site-packages/airflow/example_dags/example_branch_python_dop_operator_3.py
[2026-02-06T09:05:01.509+0200] {logging_mixin.py:188} INFO - [2026-02-06T09:05:01.509+0200] {dag.py:3036} INFO - Sync 1 DAGs
[2026-02-06T09:05:01.524+0200] {logging_mixin.py:188} INFO - [2026-02-06T09:05:01.524+0200] {dag.py:3823} INFO - Setting next_dagrun for example_branch_dop_operator_v3 to 2026-02-06 07:04:00+00:00, run_after=2026-02-06 07:05:00+00:00
[2026-02-06T09:05:01.543+0200] {processor.py:183} INFO - Processing /home/pazzoti/de-upskilling/airflow-flight-price-analysis/venv/lib/python3.10/site-packages/airflow/example_dags/example_branch_python_dop_operator_3.py took 0.062 seconds
[2026-02-06T09:05:58.166+0200] {processor.py:161} INFO - Started process (PID=5872) to work on /home/pazzoti/de-upskilling/airflow-flight-price-analysis/venv/lib/python3.10/site-packages/airflow/example_dags/example_branch_python_dop_operator_3.py
[2026-02-06T09:05:58.167+0200] {processor.py:830} INFO - Processing file /home/pazzoti/de-upskilling/airflow-flight-price-analysis/venv/lib/python3.10/site-packages/airflow/example_dags/example_branch_python_dop_operator_3.py for tasks to queue
[2026-02-06T09:05:58.168+0200] {logging_mixin.py:188} INFO - [2026-02-06T09:05:58.168+0200] {dagbag.py:538} INFO - Filling up the DagBag from /home/pazzoti/de-upskilling/airflow-flight-price-analysis/venv/lib/python3.10/site-packages/airflow/example_dags/example_branch_python_dop_operator_3.py
[2026-02-06T09:05:58.174+0200] {processor.py:840} INFO - DAG(s) 'example_branch_dop_operator_v3' retrieved from /home/pazzoti/de-upskilling/airflow-flight-price-analysis/venv/lib/python3.10/site-packages/airflow/example_dags/example_branch_python_dop_operator_3.py
[2026-02-06T09:05:58.184+0200] {logging_mixin.py:188} INFO - [2026-02-06T09:05:58.184+0200] {dag.py:3036} INFO - Sync 1 DAGs
[2026-02-06T09:05:58.196+0200] {logging_mixin.py:188} INFO - [2026-02-06T09:05:58.196+0200] {dag.py:3823} INFO - Setting next_dagrun for example_branch_dop_operator_v3 to 2026-02-06 07:04:00+00:00, run_after=2026-02-06 07:05:00+00:00
[2026-02-06T09:05:58.214+0200] {processor.py:183} INFO - Processing /home/pazzoti/de-upskilling/airflow-flight-price-analysis/venv/lib/python3.10/site-packages/airflow/example_dags/example_branch_python_dop_operator_3.py took 0.050 seconds
[2026-02-06T09:06:52.959+0200] {processor.py:161} INFO - Started process (PID=6159) to work on /home/pazzoti/de-upskilling/airflow-flight-price-analysis/venv/lib/python3.10/site-packages/airflow/example_dags/example_branch_python_dop_operator_3.py
[2026-02-06T09:06:52.961+0200] {processor.py:830} INFO - Processing file /home/pazzoti/de-upskilling/airflow-flight-price-analysis/venv/lib/python3.10/site-packages/airflow/example_dags/example_branch_python_dop_operator_3.py for tasks to queue
[2026-02-06T09:06:52.961+0200] {logging_mixin.py:188} INFO - [2026-02-06T09:06:52.961+0200] {dagbag.py:538} INFO - Filling up the DagBag from /home/pazzoti/de-upskilling/airflow-flight-price-analysis/venv/lib/python3.10/site-packages/airflow/example_dags/example_branch_python_dop_operator_3.py
[2026-02-06T09:06:52.970+0200] {processor.py:840} INFO - DAG(s) 'example_branch_dop_operator_v3' retrieved from /home/pazzoti/de-upskilling/airflow-flight-price-analysis/venv/lib/python3.10/site-packages/airflow/example_dags/example_branch_python_dop_operator_3.py
[2026-02-06T09:06:52.982+0200] {logging_mixin.py:188} INFO - [2026-02-06T09:06:52.982+0200] {dag.py:3036} INFO - Sync 1 DAGs
[2026-02-06T09:06:52.995+0200] {logging_mixin.py:188} INFO - [2026-02-06T09:06:52.995+0200] {dag.py:3823} INFO - Setting next_dagrun for example_branch_dop_operator_v3 to 2026-02-06 07:05:00+00:00, run_after=2026-02-06 07:06:00+00:00
[2026-02-06T09:06:53.013+0200] {processor.py:183} INFO - Processing /home/pazzoti/de-upskilling/airflow-flight-price-analysis/venv/lib/python3.10/site-packages/airflow/example_dags/example_branch_python_dop_operator_3.py took 0.056 seconds
[2026-02-06T09:07:46.428+0200] {processor.py:161} INFO - Started process (PID=6461) to work on /home/pazzoti/de-upskilling/airflow-flight-price-analysis/venv/lib/python3.10/site-packages/airflow/example_dags/example_branch_python_dop_operator_3.py
[2026-02-06T09:07:46.429+0200] {processor.py:830} INFO - Processing file /home/pazzoti/de-upskilling/airflow-flight-price-analysis/venv/lib/python3.10/site-packages/airflow/example_dags/example_branch_python_dop_operator_3.py for tasks to queue
[2026-02-06T09:07:46.430+0200] {logging_mixin.py:188} INFO - [2026-02-06T09:07:46.430+0200] {dagbag.py:538} INFO - Filling up the DagBag from /home/pazzoti/de-upskilling/airflow-flight-price-analysis/venv/lib/python3.10/site-packages/airflow/example_dags/example_branch_python_dop_operator_3.py
[2026-02-06T09:07:46.438+0200] {processor.py:840} INFO - DAG(s) 'example_branch_dop_operator_v3' retrieved from /home/pazzoti/de-upskilling/airflow-flight-price-analysis/venv/lib/python3.10/site-packages/airflow/example_dags/example_branch_python_dop_operator_3.py
[2026-02-06T09:07:46.448+0200] {logging_mixin.py:188} INFO - [2026-02-06T09:07:46.448+0200] {dag.py:3036} INFO - Sync 1 DAGs
[2026-02-06T09:07:46.463+0200] {logging_mixin.py:188} INFO - [2026-02-06T09:07:46.463+0200] {dag.py:3823} INFO - Setting next_dagrun for example_branch_dop_operator_v3 to 2026-02-06 07:06:00+00:00, run_after=2026-02-06 07:07:00+00:00
[2026-02-06T09:07:46.480+0200] {processor.py:183} INFO - Processing /home/pazzoti/de-upskilling/airflow-flight-price-analysis/venv/lib/python3.10/site-packages/airflow/example_dags/example_branch_python_dop_operator_3.py took 0.055 seconds
[2026-02-06T09:08:41.353+0200] {processor.py:161} INFO - Started process (PID=6717) to work on /home/pazzoti/de-upskilling/airflow-flight-price-analysis/venv/lib/python3.10/site-packages/airflow/example_dags/example_branch_python_dop_operator_3.py
[2026-02-06T09:08:41.360+0200] {processor.py:830} INFO - Processing file /home/pazzoti/de-upskilling/airflow-flight-price-analysis/venv/lib/python3.10/site-packages/airflow/example_dags/example_branch_python_dop_operator_3.py for tasks to queue
[2026-02-06T09:08:41.361+0200] {logging_mixin.py:188} INFO - [2026-02-06T09:08:41.361+0200] {dagbag.py:538} INFO - Filling up the DagBag from /home/pazzoti/de-upskilling/airflow-flight-price-analysis/venv/lib/python3.10/site-packages/airflow/example_dags/example_branch_python_dop_operator_3.py
[2026-02-06T09:08:41.370+0200] {processor.py:840} INFO - DAG(s) 'example_branch_dop_operator_v3' retrieved from /home/pazzoti/de-upskilling/airflow-flight-price-analysis/venv/lib/python3.10/site-packages/airflow/example_dags/example_branch_python_dop_operator_3.py
[2026-02-06T09:08:41.383+0200] {logging_mixin.py:188} INFO - [2026-02-06T09:08:41.382+0200] {dag.py:3036} INFO - Sync 1 DAGs
[2026-02-06T09:08:41.399+0200] {logging_mixin.py:188} INFO - [2026-02-06T09:08:41.398+0200] {dag.py:3823} INFO - Setting next_dagrun for example_branch_dop_operator_v3 to 2026-02-06 07:07:00+00:00, run_after=2026-02-06 07:08:00+00:00
[2026-02-06T09:08:41.419+0200] {processor.py:183} INFO - Processing /home/pazzoti/de-upskilling/airflow-flight-price-analysis/venv/lib/python3.10/site-packages/airflow/example_dags/example_branch_python_dop_operator_3.py took 0.068 seconds
[2026-02-06T09:09:39.817+0200] {processor.py:161} INFO - Started process (PID=6981) to work on /home/pazzoti/de-upskilling/airflow-flight-price-analysis/venv/lib/python3.10/site-packages/airflow/example_dags/example_branch_python_dop_operator_3.py
[2026-02-06T09:09:39.818+0200] {processor.py:830} INFO - Processing file /home/pazzoti/de-upskilling/airflow-flight-price-analysis/venv/lib/python3.10/site-packages/airflow/example_dags/example_branch_python_dop_operator_3.py for tasks to queue
[2026-02-06T09:09:39.819+0200] {logging_mixin.py:188} INFO - [2026-02-06T09:09:39.819+0200] {dagbag.py:538} INFO - Filling up the DagBag from /home/pazzoti/de-upskilling/airflow-flight-price-analysis/venv/lib/python3.10/site-packages/airflow/example_dags/example_branch_python_dop_operator_3.py
[2026-02-06T09:09:39.825+0200] {processor.py:840} INFO - DAG(s) 'example_branch_dop_operator_v3' retrieved from /home/pazzoti/de-upskilling/airflow-flight-price-analysis/venv/lib/python3.10/site-packages/airflow/example_dags/example_branch_python_dop_operator_3.py
[2026-02-06T09:09:39.841+0200] {logging_mixin.py:188} INFO - [2026-02-06T09:09:39.841+0200] {dag.py:3036} INFO - Sync 1 DAGs
[2026-02-06T09:09:39.860+0200] {logging_mixin.py:188} INFO - [2026-02-06T09:09:39.860+0200] {dag.py:3823} INFO - Setting next_dagrun for example_branch_dop_operator_v3 to 2026-02-06 07:08:00+00:00, run_after=2026-02-06 07:09:00+00:00
[2026-02-06T09:09:39.879+0200] {processor.py:183} INFO - Processing /home/pazzoti/de-upskilling/airflow-flight-price-analysis/venv/lib/python3.10/site-packages/airflow/example_dags/example_branch_python_dop_operator_3.py took 0.067 seconds
[2026-02-06T09:11:40.770+0200] {processor.py:161} INFO - Started process (PID=8017) to work on /home/pazzoti/de-upskilling/airflow-flight-price-analysis/venv/lib/python3.10/site-packages/airflow/example_dags/example_branch_python_dop_operator_3.py
[2026-02-06T09:11:40.772+0200] {processor.py:830} INFO - Processing file /home/pazzoti/de-upskilling/airflow-flight-price-analysis/venv/lib/python3.10/site-packages/airflow/example_dags/example_branch_python_dop_operator_3.py for tasks to queue
[2026-02-06T09:11:40.773+0200] {logging_mixin.py:188} INFO - [2026-02-06T09:11:40.773+0200] {dagbag.py:538} INFO - Filling up the DagBag from /home/pazzoti/de-upskilling/airflow-flight-price-analysis/venv/lib/python3.10/site-packages/airflow/example_dags/example_branch_python_dop_operator_3.py
[2026-02-06T09:11:40.787+0200] {processor.py:840} INFO - DAG(s) 'example_branch_dop_operator_v3' retrieved from /home/pazzoti/de-upskilling/airflow-flight-price-analysis/venv/lib/python3.10/site-packages/airflow/example_dags/example_branch_python_dop_operator_3.py
[2026-02-06T09:11:40.812+0200] {logging_mixin.py:188} INFO - [2026-02-06T09:11:40.812+0200] {dag.py:3036} INFO - Sync 1 DAGs
[2026-02-06T09:11:40.835+0200] {logging_mixin.py:188} INFO - [2026-02-06T09:11:40.835+0200] {dag.py:3823} INFO - Setting next_dagrun for example_branch_dop_operator_v3 to 2026-02-06 07:10:00+00:00, run_after=2026-02-06 07:11:00+00:00
[2026-02-06T09:11:40.868+0200] {processor.py:183} INFO - Processing /home/pazzoti/de-upskilling/airflow-flight-price-analysis/venv/lib/python3.10/site-packages/airflow/example_dags/example_branch_python_dop_operator_3.py took 0.101 seconds
[2026-02-06T09:12:30.712+0200] {processor.py:161} INFO - Started process (PID=8314) to work on /home/pazzoti/de-upskilling/airflow-flight-price-analysis/venv/lib/python3.10/site-packages/airflow/example_dags/example_branch_python_dop_operator_3.py
[2026-02-06T09:12:30.713+0200] {processor.py:830} INFO - Processing file /home/pazzoti/de-upskilling/airflow-flight-price-analysis/venv/lib/python3.10/site-packages/airflow/example_dags/example_branch_python_dop_operator_3.py for tasks to queue
[2026-02-06T09:12:30.714+0200] {logging_mixin.py:188} INFO - [2026-02-06T09:12:30.714+0200] {dagbag.py:538} INFO - Filling up the DagBag from /home/pazzoti/de-upskilling/airflow-flight-price-analysis/venv/lib/python3.10/site-packages/airflow/example_dags/example_branch_python_dop_operator_3.py
[2026-02-06T09:12:30.721+0200] {processor.py:840} INFO - DAG(s) 'example_branch_dop_operator_v3' retrieved from /home/pazzoti/de-upskilling/airflow-flight-price-analysis/venv/lib/python3.10/site-packages/airflow/example_dags/example_branch_python_dop_operator_3.py
[2026-02-06T09:12:30.733+0200] {logging_mixin.py:188} INFO - [2026-02-06T09:12:30.733+0200] {dag.py:3036} INFO - Sync 1 DAGs
[2026-02-06T09:12:30.750+0200] {logging_mixin.py:188} INFO - [2026-02-06T09:12:30.749+0200] {dag.py:3823} INFO - Setting next_dagrun for example_branch_dop_operator_v3 to 2026-02-06 07:11:00+00:00, run_after=2026-02-06 07:12:00+00:00
[2026-02-06T09:12:30.765+0200] {processor.py:183} INFO - Processing /home/pazzoti/de-upskilling/airflow-flight-price-analysis/venv/lib/python3.10/site-packages/airflow/example_dags/example_branch_python_dop_operator_3.py took 0.057 seconds
[2026-02-06T09:13:18.097+0200] {processor.py:161} INFO - Started process (PID=8530) to work on /home/pazzoti/de-upskilling/airflow-flight-price-analysis/venv/lib/python3.10/site-packages/airflow/example_dags/example_branch_python_dop_operator_3.py
[2026-02-06T09:13:18.099+0200] {processor.py:830} INFO - Processing file /home/pazzoti/de-upskilling/airflow-flight-price-analysis/venv/lib/python3.10/site-packages/airflow/example_dags/example_branch_python_dop_operator_3.py for tasks to queue
[2026-02-06T09:13:18.099+0200] {logging_mixin.py:188} INFO - [2026-02-06T09:13:18.099+0200] {dagbag.py:538} INFO - Filling up the DagBag from /home/pazzoti/de-upskilling/airflow-flight-price-analysis/venv/lib/python3.10/site-packages/airflow/example_dags/example_branch_python_dop_operator_3.py
[2026-02-06T09:13:18.109+0200] {processor.py:840} INFO - DAG(s) 'example_branch_dop_operator_v3' retrieved from /home/pazzoti/de-upskilling/airflow-flight-price-analysis/venv/lib/python3.10/site-packages/airflow/example_dags/example_branch_python_dop_operator_3.py
[2026-02-06T09:13:18.120+0200] {logging_mixin.py:188} INFO - [2026-02-06T09:13:18.120+0200] {dag.py:3036} INFO - Sync 1 DAGs
[2026-02-06T09:13:18.134+0200] {logging_mixin.py:188} INFO - [2026-02-06T09:13:18.134+0200] {dag.py:3823} INFO - Setting next_dagrun for example_branch_dop_operator_v3 to 2026-02-06 07:12:00+00:00, run_after=2026-02-06 07:13:00+00:00
[2026-02-06T09:13:18.150+0200] {processor.py:183} INFO - Processing /home/pazzoti/de-upskilling/airflow-flight-price-analysis/venv/lib/python3.10/site-packages/airflow/example_dags/example_branch_python_dop_operator_3.py took 0.059 seconds
[2026-02-06T09:14:12.575+0200] {processor.py:161} INFO - Started process (PID=8792) to work on /home/pazzoti/de-upskilling/airflow-flight-price-analysis/venv/lib/python3.10/site-packages/airflow/example_dags/example_branch_python_dop_operator_3.py
[2026-02-06T09:14:12.582+0200] {processor.py:830} INFO - Processing file /home/pazzoti/de-upskilling/airflow-flight-price-analysis/venv/lib/python3.10/site-packages/airflow/example_dags/example_branch_python_dop_operator_3.py for tasks to queue
[2026-02-06T09:14:12.583+0200] {logging_mixin.py:188} INFO - [2026-02-06T09:14:12.582+0200] {dagbag.py:538} INFO - Filling up the DagBag from /home/pazzoti/de-upskilling/airflow-flight-price-analysis/venv/lib/python3.10/site-packages/airflow/example_dags/example_branch_python_dop_operator_3.py
[2026-02-06T09:14:12.592+0200] {processor.py:840} INFO - DAG(s) 'example_branch_dop_operator_v3' retrieved from /home/pazzoti/de-upskilling/airflow-flight-price-analysis/venv/lib/python3.10/site-packages/airflow/example_dags/example_branch_python_dop_operator_3.py
[2026-02-06T09:14:12.608+0200] {logging_mixin.py:188} INFO - [2026-02-06T09:14:12.607+0200] {dag.py:3036} INFO - Sync 1 DAGs
[2026-02-06T09:14:12.643+0200] {logging_mixin.py:188} INFO - [2026-02-06T09:14:12.643+0200] {dag.py:3823} INFO - Setting next_dagrun for example_branch_dop_operator_v3 to 2026-02-06 07:13:00+00:00, run_after=2026-02-06 07:14:00+00:00
[2026-02-06T09:14:12.684+0200] {processor.py:183} INFO - Processing /home/pazzoti/de-upskilling/airflow-flight-price-analysis/venv/lib/python3.10/site-packages/airflow/example_dags/example_branch_python_dop_operator_3.py took 0.112 seconds
[2026-02-06T09:15:08.838+0200] {processor.py:161} INFO - Started process (PID=9041) to work on /home/pazzoti/de-upskilling/airflow-flight-price-analysis/venv/lib/python3.10/site-packages/airflow/example_dags/example_branch_python_dop_operator_3.py
[2026-02-06T09:15:08.840+0200] {processor.py:830} INFO - Processing file /home/pazzoti/de-upskilling/airflow-flight-price-analysis/venv/lib/python3.10/site-packages/airflow/example_dags/example_branch_python_dop_operator_3.py for tasks to queue
[2026-02-06T09:15:08.841+0200] {logging_mixin.py:188} INFO - [2026-02-06T09:15:08.840+0200] {dagbag.py:538} INFO - Filling up the DagBag from /home/pazzoti/de-upskilling/airflow-flight-price-analysis/venv/lib/python3.10/site-packages/airflow/example_dags/example_branch_python_dop_operator_3.py
[2026-02-06T09:15:08.850+0200] {processor.py:840} INFO - DAG(s) 'example_branch_dop_operator_v3' retrieved from /home/pazzoti/de-upskilling/airflow-flight-price-analysis/venv/lib/python3.10/site-packages/airflow/example_dags/example_branch_python_dop_operator_3.py
[2026-02-06T09:15:08.866+0200] {logging_mixin.py:188} INFO - [2026-02-06T09:15:08.866+0200] {dag.py:3036} INFO - Sync 1 DAGs
[2026-02-06T09:15:08.898+0200] {logging_mixin.py:188} INFO - [2026-02-06T09:15:08.898+0200] {dag.py:3823} INFO - Setting next_dagrun for example_branch_dop_operator_v3 to 2026-02-06 07:14:00+00:00, run_after=2026-02-06 07:15:00+00:00
[2026-02-06T09:15:08.925+0200] {processor.py:183} INFO - Processing /home/pazzoti/de-upskilling/airflow-flight-price-analysis/venv/lib/python3.10/site-packages/airflow/example_dags/example_branch_python_dop_operator_3.py took 0.089 seconds
[2026-02-06T09:16:00.179+0200] {processor.py:161} INFO - Started process (PID=9311) to work on /home/pazzoti/de-upskilling/airflow-flight-price-analysis/venv/lib/python3.10/site-packages/airflow/example_dags/example_branch_python_dop_operator_3.py
[2026-02-06T09:16:00.181+0200] {processor.py:830} INFO - Processing file /home/pazzoti/de-upskilling/airflow-flight-price-analysis/venv/lib/python3.10/site-packages/airflow/example_dags/example_branch_python_dop_operator_3.py for tasks to queue
[2026-02-06T09:16:00.182+0200] {logging_mixin.py:188} INFO - [2026-02-06T09:16:00.182+0200] {dagbag.py:538} INFO - Filling up the DagBag from /home/pazzoti/de-upskilling/airflow-flight-price-analysis/venv/lib/python3.10/site-packages/airflow/example_dags/example_branch_python_dop_operator_3.py
[2026-02-06T09:16:00.188+0200] {processor.py:840} INFO - DAG(s) 'example_branch_dop_operator_v3' retrieved from /home/pazzoti/de-upskilling/airflow-flight-price-analysis/venv/lib/python3.10/site-packages/airflow/example_dags/example_branch_python_dop_operator_3.py
[2026-02-06T09:16:00.199+0200] {logging_mixin.py:188} INFO - [2026-02-06T09:16:00.199+0200] {dag.py:3036} INFO - Sync 1 DAGs
[2026-02-06T09:16:00.212+0200] {logging_mixin.py:188} INFO - [2026-02-06T09:16:00.212+0200] {dag.py:3823} INFO - Setting next_dagrun for example_branch_dop_operator_v3 to 2026-02-06 07:15:00+00:00, run_after=2026-02-06 07:16:00+00:00
[2026-02-06T09:16:00.229+0200] {processor.py:183} INFO - Processing /home/pazzoti/de-upskilling/airflow-flight-price-analysis/venv/lib/python3.10/site-packages/airflow/example_dags/example_branch_python_dop_operator_3.py took 0.052 seconds
[2026-02-06T09:16:49.824+0200] {processor.py:161} INFO - Started process (PID=9534) to work on /home/pazzoti/de-upskilling/airflow-flight-price-analysis/venv/lib/python3.10/site-packages/airflow/example_dags/example_branch_python_dop_operator_3.py
[2026-02-06T09:16:49.829+0200] {processor.py:830} INFO - Processing file /home/pazzoti/de-upskilling/airflow-flight-price-analysis/venv/lib/python3.10/site-packages/airflow/example_dags/example_branch_python_dop_operator_3.py for tasks to queue
[2026-02-06T09:16:49.830+0200] {logging_mixin.py:188} INFO - [2026-02-06T09:16:49.829+0200] {dagbag.py:538} INFO - Filling up the DagBag from /home/pazzoti/de-upskilling/airflow-flight-price-analysis/venv/lib/python3.10/site-packages/airflow/example_dags/example_branch_python_dop_operator_3.py
[2026-02-06T09:16:49.839+0200] {processor.py:840} INFO - DAG(s) 'example_branch_dop_operator_v3' retrieved from /home/pazzoti/de-upskilling/airflow-flight-price-analysis/venv/lib/python3.10/site-packages/airflow/example_dags/example_branch_python_dop_operator_3.py
[2026-02-06T09:16:49.848+0200] {logging_mixin.py:188} INFO - [2026-02-06T09:16:49.848+0200] {dag.py:3036} INFO - Sync 1 DAGs
[2026-02-06T09:16:49.860+0200] {logging_mixin.py:188} INFO - [2026-02-06T09:16:49.860+0200] {dag.py:3823} INFO - Setting next_dagrun for example_branch_dop_operator_v3 to 2026-02-06 07:15:00+00:00, run_after=2026-02-06 07:16:00+00:00
[2026-02-06T09:16:49.874+0200] {processor.py:183} INFO - Processing /home/pazzoti/de-upskilling/airflow-flight-price-analysis/venv/lib/python3.10/site-packages/airflow/example_dags/example_branch_python_dop_operator_3.py took 0.053 seconds
[2026-02-06T09:29:34.603+0200] {processor.py:161} INFO - Started process (PID=9900) to work on /home/pazzoti/de-upskilling/airflow-flight-price-analysis/venv/lib/python3.10/site-packages/airflow/example_dags/example_branch_python_dop_operator_3.py
[2026-02-06T09:29:34.604+0200] {processor.py:830} INFO - Processing file /home/pazzoti/de-upskilling/airflow-flight-price-analysis/venv/lib/python3.10/site-packages/airflow/example_dags/example_branch_python_dop_operator_3.py for tasks to queue
[2026-02-06T09:29:34.605+0200] {logging_mixin.py:188} INFO - [2026-02-06T09:29:34.605+0200] {dagbag.py:538} INFO - Filling up the DagBag from /home/pazzoti/de-upskilling/airflow-flight-price-analysis/venv/lib/python3.10/site-packages/airflow/example_dags/example_branch_python_dop_operator_3.py
[2026-02-06T09:29:34.613+0200] {processor.py:840} INFO - DAG(s) 'example_branch_dop_operator_v3' retrieved from /home/pazzoti/de-upskilling/airflow-flight-price-analysis/venv/lib/python3.10/site-packages/airflow/example_dags/example_branch_python_dop_operator_3.py
[2026-02-06T09:29:34.626+0200] {logging_mixin.py:188} INFO - [2026-02-06T09:29:34.626+0200] {dag.py:3036} INFO - Sync 1 DAGs
[2026-02-06T09:29:34.641+0200] {logging_mixin.py:188} INFO - [2026-02-06T09:29:34.641+0200] {dag.py:3823} INFO - Setting next_dagrun for example_branch_dop_operator_v3 to 2026-02-06 07:28:00+00:00, run_after=2026-02-06 07:29:00+00:00
[2026-02-06T09:29:34.657+0200] {processor.py:183} INFO - Processing /home/pazzoti/de-upskilling/airflow-flight-price-analysis/venv/lib/python3.10/site-packages/airflow/example_dags/example_branch_python_dop_operator_3.py took 0.058 seconds
[2026-02-06T09:30:26.219+0200] {processor.py:161} INFO - Started process (PID=9987) to work on /home/pazzoti/de-upskilling/airflow-flight-price-analysis/venv/lib/python3.10/site-packages/airflow/example_dags/example_branch_python_dop_operator_3.py
[2026-02-06T09:30:26.221+0200] {processor.py:830} INFO - Processing file /home/pazzoti/de-upskilling/airflow-flight-price-analysis/venv/lib/python3.10/site-packages/airflow/example_dags/example_branch_python_dop_operator_3.py for tasks to queue
[2026-02-06T09:30:26.222+0200] {logging_mixin.py:188} INFO - [2026-02-06T09:30:26.222+0200] {dagbag.py:538} INFO - Filling up the DagBag from /home/pazzoti/de-upskilling/airflow-flight-price-analysis/venv/lib/python3.10/site-packages/airflow/example_dags/example_branch_python_dop_operator_3.py
[2026-02-06T09:30:26.234+0200] {processor.py:840} INFO - DAG(s) 'example_branch_dop_operator_v3' retrieved from /home/pazzoti/de-upskilling/airflow-flight-price-analysis/venv/lib/python3.10/site-packages/airflow/example_dags/example_branch_python_dop_operator_3.py
[2026-02-06T09:30:26.255+0200] {logging_mixin.py:188} INFO - [2026-02-06T09:30:26.255+0200] {dag.py:3036} INFO - Sync 1 DAGs
[2026-02-06T09:30:26.287+0200] {logging_mixin.py:188} INFO - [2026-02-06T09:30:26.286+0200] {dag.py:3823} INFO - Setting next_dagrun for example_branch_dop_operator_v3 to 2026-02-06 07:29:00+00:00, run_after=2026-02-06 07:30:00+00:00
[2026-02-06T09:30:26.324+0200] {processor.py:183} INFO - Processing /home/pazzoti/de-upskilling/airflow-flight-price-analysis/venv/lib/python3.10/site-packages/airflow/example_dags/example_branch_python_dop_operator_3.py took 0.110 seconds
[2026-02-06T09:31:28.235+0200] {processor.py:161} INFO - Started process (PID=10103) to work on /home/pazzoti/de-upskilling/airflow-flight-price-analysis/venv/lib/python3.10/site-packages/airflow/example_dags/example_branch_python_dop_operator_3.py
[2026-02-06T09:31:28.237+0200] {processor.py:830} INFO - Processing file /home/pazzoti/de-upskilling/airflow-flight-price-analysis/venv/lib/python3.10/site-packages/airflow/example_dags/example_branch_python_dop_operator_3.py for tasks to queue
[2026-02-06T09:31:28.238+0200] {logging_mixin.py:188} INFO - [2026-02-06T09:31:28.238+0200] {dagbag.py:538} INFO - Filling up the DagBag from /home/pazzoti/de-upskilling/airflow-flight-price-analysis/venv/lib/python3.10/site-packages/airflow/example_dags/example_branch_python_dop_operator_3.py
[2026-02-06T09:31:28.244+0200] {processor.py:840} INFO - DAG(s) 'example_branch_dop_operator_v3' retrieved from /home/pazzoti/de-upskilling/airflow-flight-price-analysis/venv/lib/python3.10/site-packages/airflow/example_dags/example_branch_python_dop_operator_3.py
[2026-02-06T09:31:28.255+0200] {logging_mixin.py:188} INFO - [2026-02-06T09:31:28.254+0200] {dag.py:3036} INFO - Sync 1 DAGs
[2026-02-06T09:31:28.269+0200] {logging_mixin.py:188} INFO - [2026-02-06T09:31:28.269+0200] {dag.py:3823} INFO - Setting next_dagrun for example_branch_dop_operator_v3 to 2026-02-06 07:30:00+00:00, run_after=2026-02-06 07:31:00+00:00
[2026-02-06T09:31:28.286+0200] {processor.py:183} INFO - Processing /home/pazzoti/de-upskilling/airflow-flight-price-analysis/venv/lib/python3.10/site-packages/airflow/example_dags/example_branch_python_dop_operator_3.py took 0.053 seconds
[2026-02-06T09:32:22.827+0200] {processor.py:161} INFO - Started process (PID=10226) to work on /home/pazzoti/de-upskilling/airflow-flight-price-analysis/venv/lib/python3.10/site-packages/airflow/example_dags/example_branch_python_dop_operator_3.py
[2026-02-06T09:32:22.835+0200] {processor.py:830} INFO - Processing file /home/pazzoti/de-upskilling/airflow-flight-price-analysis/venv/lib/python3.10/site-packages/airflow/example_dags/example_branch_python_dop_operator_3.py for tasks to queue
[2026-02-06T09:32:22.836+0200] {logging_mixin.py:188} INFO - [2026-02-06T09:32:22.835+0200] {dagbag.py:538} INFO - Filling up the DagBag from /home/pazzoti/de-upskilling/airflow-flight-price-analysis/venv/lib/python3.10/site-packages/airflow/example_dags/example_branch_python_dop_operator_3.py
[2026-02-06T09:32:22.842+0200] {processor.py:840} INFO - DAG(s) 'example_branch_dop_operator_v3' retrieved from /home/pazzoti/de-upskilling/airflow-flight-price-analysis/venv/lib/python3.10/site-packages/airflow/example_dags/example_branch_python_dop_operator_3.py
[2026-02-06T09:32:22.852+0200] {logging_mixin.py:188} INFO - [2026-02-06T09:32:22.852+0200] {dag.py:3036} INFO - Sync 1 DAGs
[2026-02-06T09:32:22.864+0200] {logging_mixin.py:188} INFO - [2026-02-06T09:32:22.864+0200] {dag.py:3823} INFO - Setting next_dagrun for example_branch_dop_operator_v3 to 2026-02-06 07:31:00+00:00, run_after=2026-02-06 07:32:00+00:00
[2026-02-06T09:32:22.880+0200] {processor.py:183} INFO - Processing /home/pazzoti/de-upskilling/airflow-flight-price-analysis/venv/lib/python3.10/site-packages/airflow/example_dags/example_branch_python_dop_operator_3.py took 0.056 seconds
[2026-02-06T09:33:24.219+0200] {processor.py:161} INFO - Started process (PID=10329) to work on /home/pazzoti/de-upskilling/airflow-flight-price-analysis/venv/lib/python3.10/site-packages/airflow/example_dags/example_branch_python_dop_operator_3.py
[2026-02-06T09:33:24.225+0200] {processor.py:830} INFO - Processing file /home/pazzoti/de-upskilling/airflow-flight-price-analysis/venv/lib/python3.10/site-packages/airflow/example_dags/example_branch_python_dop_operator_3.py for tasks to queue
[2026-02-06T09:33:24.227+0200] {logging_mixin.py:188} INFO - [2026-02-06T09:33:24.226+0200] {dagbag.py:538} INFO - Filling up the DagBag from /home/pazzoti/de-upskilling/airflow-flight-price-analysis/venv/lib/python3.10/site-packages/airflow/example_dags/example_branch_python_dop_operator_3.py
[2026-02-06T09:33:24.253+0200] {processor.py:840} INFO - DAG(s) 'example_branch_dop_operator_v3' retrieved from /home/pazzoti/de-upskilling/airflow-flight-price-analysis/venv/lib/python3.10/site-packages/airflow/example_dags/example_branch_python_dop_operator_3.py
[2026-02-06T09:33:24.280+0200] {logging_mixin.py:188} INFO - [2026-02-06T09:33:24.280+0200] {dag.py:3036} INFO - Sync 1 DAGs
[2026-02-06T09:33:24.319+0200] {logging_mixin.py:188} INFO - [2026-02-06T09:33:24.319+0200] {dag.py:3823} INFO - Setting next_dagrun for example_branch_dop_operator_v3 to 2026-02-06 07:32:00+00:00, run_after=2026-02-06 07:33:00+00:00
[2026-02-06T09:33:24.371+0200] {processor.py:183} INFO - Processing /home/pazzoti/de-upskilling/airflow-flight-price-analysis/venv/lib/python3.10/site-packages/airflow/example_dags/example_branch_python_dop_operator_3.py took 0.160 seconds
[2026-02-06T09:34:17.476+0200] {processor.py:161} INFO - Started process (PID=10416) to work on /home/pazzoti/de-upskilling/airflow-flight-price-analysis/venv/lib/python3.10/site-packages/airflow/example_dags/example_branch_python_dop_operator_3.py
[2026-02-06T09:34:17.479+0200] {processor.py:830} INFO - Processing file /home/pazzoti/de-upskilling/airflow-flight-price-analysis/venv/lib/python3.10/site-packages/airflow/example_dags/example_branch_python_dop_operator_3.py for tasks to queue
[2026-02-06T09:34:17.480+0200] {logging_mixin.py:188} INFO - [2026-02-06T09:34:17.479+0200] {dagbag.py:538} INFO - Filling up the DagBag from /home/pazzoti/de-upskilling/airflow-flight-price-analysis/venv/lib/python3.10/site-packages/airflow/example_dags/example_branch_python_dop_operator_3.py
[2026-02-06T09:34:17.486+0200] {processor.py:840} INFO - DAG(s) 'example_branch_dop_operator_v3' retrieved from /home/pazzoti/de-upskilling/airflow-flight-price-analysis/venv/lib/python3.10/site-packages/airflow/example_dags/example_branch_python_dop_operator_3.py
[2026-02-06T09:34:17.496+0200] {logging_mixin.py:188} INFO - [2026-02-06T09:34:17.495+0200] {dag.py:3036} INFO - Sync 1 DAGs
[2026-02-06T09:34:17.509+0200] {logging_mixin.py:188} INFO - [2026-02-06T09:34:17.508+0200] {dag.py:3823} INFO - Setting next_dagrun for example_branch_dop_operator_v3 to 2026-02-06 07:33:00+00:00, run_after=2026-02-06 07:34:00+00:00
[2026-02-06T09:34:17.528+0200] {processor.py:183} INFO - Processing /home/pazzoti/de-upskilling/airflow-flight-price-analysis/venv/lib/python3.10/site-packages/airflow/example_dags/example_branch_python_dop_operator_3.py took 0.055 seconds
