[2026-02-06T09:01:18.386+0200] {processor.py:161} INFO - Started process (PID=4184) to work on /home/pazzoti/de-upskilling/airflow-flight-price-analysis/venv/lib/python3.10/site-packages/airflow/example_dags/example_setup_teardown.py
[2026-02-06T09:01:18.387+0200] {processor.py:830} INFO - Processing file /home/pazzoti/de-upskilling/airflow-flight-price-analysis/venv/lib/python3.10/site-packages/airflow/example_dags/example_setup_teardown.py for tasks to queue
[2026-02-06T09:01:18.388+0200] {logging_mixin.py:188} INFO - [2026-02-06T09:01:18.387+0200] {dagbag.py:538} INFO - Filling up the DagBag from /home/pazzoti/de-upskilling/airflow-flight-price-analysis/venv/lib/python3.10/site-packages/airflow/example_dags/example_setup_teardown.py
[2026-02-06T09:01:18.470+0200] {processor.py:840} INFO - DAG(s) 'example_setup_teardown' retrieved from /home/pazzoti/de-upskilling/airflow-flight-price-analysis/venv/lib/python3.10/site-packages/airflow/example_dags/example_setup_teardown.py
[2026-02-06T09:01:18.483+0200] {logging_mixin.py:188} INFO - [2026-02-06T09:01:18.483+0200] {dag.py:3036} INFO - Sync 1 DAGs
[2026-02-06T09:01:18.495+0200] {logging_mixin.py:188} INFO - [2026-02-06T09:01:18.494+0200] {dag.py:3823} INFO - Setting next_dagrun for example_setup_teardown to 2026-02-05 00:00:00+00:00, run_after=2026-02-06 00:00:00+00:00
[2026-02-06T09:01:18.514+0200] {processor.py:183} INFO - Processing /home/pazzoti/de-upskilling/airflow-flight-price-analysis/venv/lib/python3.10/site-packages/airflow/example_dags/example_setup_teardown.py took 0.129 seconds
[2026-02-06T09:02:10.237+0200] {processor.py:161} INFO - Started process (PID=4750) to work on /home/pazzoti/de-upskilling/airflow-flight-price-analysis/venv/lib/python3.10/site-packages/airflow/example_dags/example_setup_teardown.py
[2026-02-06T09:02:10.238+0200] {processor.py:830} INFO - Processing file /home/pazzoti/de-upskilling/airflow-flight-price-analysis/venv/lib/python3.10/site-packages/airflow/example_dags/example_setup_teardown.py for tasks to queue
[2026-02-06T09:02:10.239+0200] {logging_mixin.py:188} INFO - [2026-02-06T09:02:10.239+0200] {dagbag.py:538} INFO - Filling up the DagBag from /home/pazzoti/de-upskilling/airflow-flight-price-analysis/venv/lib/python3.10/site-packages/airflow/example_dags/example_setup_teardown.py
[2026-02-06T09:02:10.244+0200] {processor.py:840} INFO - DAG(s) 'example_setup_teardown' retrieved from /home/pazzoti/de-upskilling/airflow-flight-price-analysis/venv/lib/python3.10/site-packages/airflow/example_dags/example_setup_teardown.py
[2026-02-06T09:02:10.254+0200] {logging_mixin.py:188} INFO - [2026-02-06T09:02:10.254+0200] {dag.py:3036} INFO - Sync 1 DAGs
[2026-02-06T09:02:10.267+0200] {logging_mixin.py:188} INFO - [2026-02-06T09:02:10.267+0200] {dag.py:3823} INFO - Setting next_dagrun for example_setup_teardown to 2026-02-05 00:00:00+00:00, run_after=2026-02-06 00:00:00+00:00
[2026-02-06T09:02:10.289+0200] {processor.py:183} INFO - Processing /home/pazzoti/de-upskilling/airflow-flight-price-analysis/venv/lib/python3.10/site-packages/airflow/example_dags/example_setup_teardown.py took 0.055 seconds
[2026-02-06T09:02:56.516+0200] {processor.py:161} INFO - Started process (PID=5009) to work on /home/pazzoti/de-upskilling/airflow-flight-price-analysis/venv/lib/python3.10/site-packages/airflow/example_dags/example_setup_teardown.py
[2026-02-06T09:02:56.525+0200] {processor.py:830} INFO - Processing file /home/pazzoti/de-upskilling/airflow-flight-price-analysis/venv/lib/python3.10/site-packages/airflow/example_dags/example_setup_teardown.py for tasks to queue
[2026-02-06T09:02:56.525+0200] {logging_mixin.py:188} INFO - [2026-02-06T09:02:56.525+0200] {dagbag.py:538} INFO - Filling up the DagBag from /home/pazzoti/de-upskilling/airflow-flight-price-analysis/venv/lib/python3.10/site-packages/airflow/example_dags/example_setup_teardown.py
[2026-02-06T09:02:56.531+0200] {processor.py:840} INFO - DAG(s) 'example_setup_teardown' retrieved from /home/pazzoti/de-upskilling/airflow-flight-price-analysis/venv/lib/python3.10/site-packages/airflow/example_dags/example_setup_teardown.py
[2026-02-06T09:02:56.542+0200] {logging_mixin.py:188} INFO - [2026-02-06T09:02:56.542+0200] {dag.py:3036} INFO - Sync 1 DAGs
[2026-02-06T09:02:56.556+0200] {logging_mixin.py:188} INFO - [2026-02-06T09:02:56.555+0200] {dag.py:3823} INFO - Setting next_dagrun for example_setup_teardown to 2026-02-05 00:00:00+00:00, run_after=2026-02-06 00:00:00+00:00
[2026-02-06T09:02:56.573+0200] {processor.py:183} INFO - Processing /home/pazzoti/de-upskilling/airflow-flight-price-analysis/venv/lib/python3.10/site-packages/airflow/example_dags/example_setup_teardown.py took 0.059 seconds
[2026-02-06T09:03:45.983+0200] {processor.py:161} INFO - Started process (PID=5245) to work on /home/pazzoti/de-upskilling/airflow-flight-price-analysis/venv/lib/python3.10/site-packages/airflow/example_dags/example_setup_teardown.py
[2026-02-06T09:03:45.985+0200] {processor.py:830} INFO - Processing file /home/pazzoti/de-upskilling/airflow-flight-price-analysis/venv/lib/python3.10/site-packages/airflow/example_dags/example_setup_teardown.py for tasks to queue
[2026-02-06T09:03:45.988+0200] {logging_mixin.py:188} INFO - [2026-02-06T09:03:45.986+0200] {dagbag.py:538} INFO - Filling up the DagBag from /home/pazzoti/de-upskilling/airflow-flight-price-analysis/venv/lib/python3.10/site-packages/airflow/example_dags/example_setup_teardown.py
[2026-02-06T09:03:46.003+0200] {processor.py:840} INFO - DAG(s) 'example_setup_teardown' retrieved from /home/pazzoti/de-upskilling/airflow-flight-price-analysis/venv/lib/python3.10/site-packages/airflow/example_dags/example_setup_teardown.py
[2026-02-06T09:03:46.030+0200] {logging_mixin.py:188} INFO - [2026-02-06T09:03:46.030+0200] {dag.py:3036} INFO - Sync 1 DAGs
[2026-02-06T09:03:46.051+0200] {logging_mixin.py:188} INFO - [2026-02-06T09:03:46.050+0200] {dag.py:3823} INFO - Setting next_dagrun for example_setup_teardown to 2026-02-05 00:00:00+00:00, run_after=2026-02-06 00:00:00+00:00
[2026-02-06T09:03:46.074+0200] {processor.py:183} INFO - Processing /home/pazzoti/de-upskilling/airflow-flight-price-analysis/venv/lib/python3.10/site-packages/airflow/example_dags/example_setup_teardown.py took 0.095 seconds
[2026-02-06T09:04:40.791+0200] {processor.py:161} INFO - Started process (PID=5490) to work on /home/pazzoti/de-upskilling/airflow-flight-price-analysis/venv/lib/python3.10/site-packages/airflow/example_dags/example_setup_teardown.py
[2026-02-06T09:04:40.792+0200] {processor.py:830} INFO - Processing file /home/pazzoti/de-upskilling/airflow-flight-price-analysis/venv/lib/python3.10/site-packages/airflow/example_dags/example_setup_teardown.py for tasks to queue
[2026-02-06T09:04:40.793+0200] {logging_mixin.py:188} INFO - [2026-02-06T09:04:40.793+0200] {dagbag.py:538} INFO - Filling up the DagBag from /home/pazzoti/de-upskilling/airflow-flight-price-analysis/venv/lib/python3.10/site-packages/airflow/example_dags/example_setup_teardown.py
[2026-02-06T09:04:40.799+0200] {processor.py:840} INFO - DAG(s) 'example_setup_teardown' retrieved from /home/pazzoti/de-upskilling/airflow-flight-price-analysis/venv/lib/python3.10/site-packages/airflow/example_dags/example_setup_teardown.py
[2026-02-06T09:04:40.810+0200] {logging_mixin.py:188} INFO - [2026-02-06T09:04:40.809+0200] {dag.py:3036} INFO - Sync 1 DAGs
[2026-02-06T09:04:40.822+0200] {logging_mixin.py:188} INFO - [2026-02-06T09:04:40.822+0200] {dag.py:3823} INFO - Setting next_dagrun for example_setup_teardown to 2026-02-05 00:00:00+00:00, run_after=2026-02-06 00:00:00+00:00
[2026-02-06T09:04:40.837+0200] {processor.py:183} INFO - Processing /home/pazzoti/de-upskilling/airflow-flight-price-analysis/venv/lib/python3.10/site-packages/airflow/example_dags/example_setup_teardown.py took 0.048 seconds
[2026-02-06T09:05:21.064+0200] {processor.py:161} INFO - Started process (PID=5695) to work on /home/pazzoti/de-upskilling/airflow-flight-price-analysis/venv/lib/python3.10/site-packages/airflow/example_dags/example_setup_teardown.py
[2026-02-06T09:05:21.066+0200] {processor.py:830} INFO - Processing file /home/pazzoti/de-upskilling/airflow-flight-price-analysis/venv/lib/python3.10/site-packages/airflow/example_dags/example_setup_teardown.py for tasks to queue
[2026-02-06T09:05:21.067+0200] {logging_mixin.py:188} INFO - [2026-02-06T09:05:21.067+0200] {dagbag.py:538} INFO - Filling up the DagBag from /home/pazzoti/de-upskilling/airflow-flight-price-analysis/venv/lib/python3.10/site-packages/airflow/example_dags/example_setup_teardown.py
[2026-02-06T09:05:21.073+0200] {processor.py:840} INFO - DAG(s) 'example_setup_teardown' retrieved from /home/pazzoti/de-upskilling/airflow-flight-price-analysis/venv/lib/python3.10/site-packages/airflow/example_dags/example_setup_teardown.py
[2026-02-06T09:05:21.084+0200] {logging_mixin.py:188} INFO - [2026-02-06T09:05:21.084+0200] {dag.py:3036} INFO - Sync 1 DAGs
[2026-02-06T09:05:21.096+0200] {logging_mixin.py:188} INFO - [2026-02-06T09:05:21.096+0200] {dag.py:3823} INFO - Setting next_dagrun for example_setup_teardown to 2026-02-05 00:00:00+00:00, run_after=2026-02-06 00:00:00+00:00
[2026-02-06T09:05:21.124+0200] {processor.py:183} INFO - Processing /home/pazzoti/de-upskilling/airflow-flight-price-analysis/venv/lib/python3.10/site-packages/airflow/example_dags/example_setup_teardown.py took 0.065 seconds
[2026-02-06T09:06:15.931+0200] {processor.py:161} INFO - Started process (PID=5984) to work on /home/pazzoti/de-upskilling/airflow-flight-price-analysis/venv/lib/python3.10/site-packages/airflow/example_dags/example_setup_teardown.py
[2026-02-06T09:06:15.933+0200] {processor.py:830} INFO - Processing file /home/pazzoti/de-upskilling/airflow-flight-price-analysis/venv/lib/python3.10/site-packages/airflow/example_dags/example_setup_teardown.py for tasks to queue
[2026-02-06T09:06:15.934+0200] {logging_mixin.py:188} INFO - [2026-02-06T09:06:15.934+0200] {dagbag.py:538} INFO - Filling up the DagBag from /home/pazzoti/de-upskilling/airflow-flight-price-analysis/venv/lib/python3.10/site-packages/airflow/example_dags/example_setup_teardown.py
[2026-02-06T09:06:15.940+0200] {processor.py:840} INFO - DAG(s) 'example_setup_teardown' retrieved from /home/pazzoti/de-upskilling/airflow-flight-price-analysis/venv/lib/python3.10/site-packages/airflow/example_dags/example_setup_teardown.py
[2026-02-06T09:06:15.950+0200] {logging_mixin.py:188} INFO - [2026-02-06T09:06:15.950+0200] {dag.py:3036} INFO - Sync 1 DAGs
[2026-02-06T09:06:15.962+0200] {logging_mixin.py:188} INFO - [2026-02-06T09:06:15.962+0200] {dag.py:3823} INFO - Setting next_dagrun for example_setup_teardown to 2026-02-05 00:00:00+00:00, run_after=2026-02-06 00:00:00+00:00
[2026-02-06T09:06:15.982+0200] {processor.py:183} INFO - Processing /home/pazzoti/de-upskilling/airflow-flight-price-analysis/venv/lib/python3.10/site-packages/airflow/example_dags/example_setup_teardown.py took 0.055 seconds
[2026-02-06T09:07:11.570+0200] {processor.py:161} INFO - Started process (PID=6297) to work on /home/pazzoti/de-upskilling/airflow-flight-price-analysis/venv/lib/python3.10/site-packages/airflow/example_dags/example_setup_teardown.py
[2026-02-06T09:07:11.572+0200] {processor.py:830} INFO - Processing file /home/pazzoti/de-upskilling/airflow-flight-price-analysis/venv/lib/python3.10/site-packages/airflow/example_dags/example_setup_teardown.py for tasks to queue
[2026-02-06T09:07:11.572+0200] {logging_mixin.py:188} INFO - [2026-02-06T09:07:11.572+0200] {dagbag.py:538} INFO - Filling up the DagBag from /home/pazzoti/de-upskilling/airflow-flight-price-analysis/venv/lib/python3.10/site-packages/airflow/example_dags/example_setup_teardown.py
[2026-02-06T09:07:11.578+0200] {processor.py:840} INFO - DAG(s) 'example_setup_teardown' retrieved from /home/pazzoti/de-upskilling/airflow-flight-price-analysis/venv/lib/python3.10/site-packages/airflow/example_dags/example_setup_teardown.py
[2026-02-06T09:07:11.589+0200] {logging_mixin.py:188} INFO - [2026-02-06T09:07:11.589+0200] {dag.py:3036} INFO - Sync 1 DAGs
[2026-02-06T09:07:11.602+0200] {logging_mixin.py:188} INFO - [2026-02-06T09:07:11.601+0200] {dag.py:3823} INFO - Setting next_dagrun for example_setup_teardown to 2026-02-05 00:00:00+00:00, run_after=2026-02-06 00:00:00+00:00
[2026-02-06T09:07:11.633+0200] {processor.py:183} INFO - Processing /home/pazzoti/de-upskilling/airflow-flight-price-analysis/venv/lib/python3.10/site-packages/airflow/example_dags/example_setup_teardown.py took 0.065 seconds
[2026-02-06T09:08:04.945+0200] {processor.py:161} INFO - Started process (PID=6548) to work on /home/pazzoti/de-upskilling/airflow-flight-price-analysis/venv/lib/python3.10/site-packages/airflow/example_dags/example_setup_teardown.py
[2026-02-06T09:08:04.946+0200] {processor.py:830} INFO - Processing file /home/pazzoti/de-upskilling/airflow-flight-price-analysis/venv/lib/python3.10/site-packages/airflow/example_dags/example_setup_teardown.py for tasks to queue
[2026-02-06T09:08:04.947+0200] {logging_mixin.py:188} INFO - [2026-02-06T09:08:04.947+0200] {dagbag.py:538} INFO - Filling up the DagBag from /home/pazzoti/de-upskilling/airflow-flight-price-analysis/venv/lib/python3.10/site-packages/airflow/example_dags/example_setup_teardown.py
[2026-02-06T09:08:04.952+0200] {processor.py:840} INFO - DAG(s) 'example_setup_teardown' retrieved from /home/pazzoti/de-upskilling/airflow-flight-price-analysis/venv/lib/python3.10/site-packages/airflow/example_dags/example_setup_teardown.py
[2026-02-06T09:08:04.962+0200] {logging_mixin.py:188} INFO - [2026-02-06T09:08:04.962+0200] {dag.py:3036} INFO - Sync 1 DAGs
[2026-02-06T09:08:04.974+0200] {logging_mixin.py:188} INFO - [2026-02-06T09:08:04.974+0200] {dag.py:3823} INFO - Setting next_dagrun for example_setup_teardown to 2026-02-05 00:00:00+00:00, run_after=2026-02-06 00:00:00+00:00
[2026-02-06T09:08:04.990+0200] {processor.py:183} INFO - Processing /home/pazzoti/de-upskilling/airflow-flight-price-analysis/venv/lib/python3.10/site-packages/airflow/example_dags/example_setup_teardown.py took 0.048 seconds
[2026-02-06T09:09:01.252+0200] {processor.py:161} INFO - Started process (PID=6794) to work on /home/pazzoti/de-upskilling/airflow-flight-price-analysis/venv/lib/python3.10/site-packages/airflow/example_dags/example_setup_teardown.py
[2026-02-06T09:09:01.254+0200] {processor.py:830} INFO - Processing file /home/pazzoti/de-upskilling/airflow-flight-price-analysis/venv/lib/python3.10/site-packages/airflow/example_dags/example_setup_teardown.py for tasks to queue
[2026-02-06T09:09:01.255+0200] {logging_mixin.py:188} INFO - [2026-02-06T09:09:01.255+0200] {dagbag.py:538} INFO - Filling up the DagBag from /home/pazzoti/de-upskilling/airflow-flight-price-analysis/venv/lib/python3.10/site-packages/airflow/example_dags/example_setup_teardown.py
[2026-02-06T09:09:01.261+0200] {processor.py:840} INFO - DAG(s) 'example_setup_teardown' retrieved from /home/pazzoti/de-upskilling/airflow-flight-price-analysis/venv/lib/python3.10/site-packages/airflow/example_dags/example_setup_teardown.py
[2026-02-06T09:09:01.277+0200] {logging_mixin.py:188} INFO - [2026-02-06T09:09:01.277+0200] {dag.py:3036} INFO - Sync 1 DAGs
[2026-02-06T09:09:01.295+0200] {logging_mixin.py:188} INFO - [2026-02-06T09:09:01.295+0200] {dag.py:3823} INFO - Setting next_dagrun for example_setup_teardown to 2026-02-05 00:00:00+00:00, run_after=2026-02-06 00:00:00+00:00
[2026-02-06T09:09:01.315+0200] {processor.py:183} INFO - Processing /home/pazzoti/de-upskilling/airflow-flight-price-analysis/venv/lib/python3.10/site-packages/airflow/example_dags/example_setup_teardown.py took 0.066 seconds
[2026-02-06T09:11:14.031+0200] {processor.py:161} INFO - Started process (PID=7684) to work on /home/pazzoti/de-upskilling/airflow-flight-price-analysis/venv/lib/python3.10/site-packages/airflow/example_dags/example_setup_teardown.py
[2026-02-06T09:11:14.033+0200] {processor.py:830} INFO - Processing file /home/pazzoti/de-upskilling/airflow-flight-price-analysis/venv/lib/python3.10/site-packages/airflow/example_dags/example_setup_teardown.py for tasks to queue
[2026-02-06T09:11:14.034+0200] {logging_mixin.py:188} INFO - [2026-02-06T09:11:14.034+0200] {dagbag.py:538} INFO - Filling up the DagBag from /home/pazzoti/de-upskilling/airflow-flight-price-analysis/venv/lib/python3.10/site-packages/airflow/example_dags/example_setup_teardown.py
[2026-02-06T09:11:14.251+0200] {processor.py:840} INFO - DAG(s) 'example_setup_teardown' retrieved from /home/pazzoti/de-upskilling/airflow-flight-price-analysis/venv/lib/python3.10/site-packages/airflow/example_dags/example_setup_teardown.py
[2026-02-06T09:11:14.287+0200] {logging_mixin.py:188} INFO - [2026-02-06T09:11:14.286+0200] {dag.py:3036} INFO - Sync 1 DAGs
[2026-02-06T09:11:14.314+0200] {logging_mixin.py:188} INFO - [2026-02-06T09:11:14.314+0200] {dag.py:3823} INFO - Setting next_dagrun for example_setup_teardown to 2026-02-05 00:00:00+00:00, run_after=2026-02-06 00:00:00+00:00
[2026-02-06T09:11:14.352+0200] {processor.py:183} INFO - Processing /home/pazzoti/de-upskilling/airflow-flight-price-analysis/venv/lib/python3.10/site-packages/airflow/example_dags/example_setup_teardown.py took 0.327 seconds
[2026-02-06T09:12:15.172+0200] {processor.py:161} INFO - Started process (PID=8247) to work on /home/pazzoti/de-upskilling/airflow-flight-price-analysis/venv/lib/python3.10/site-packages/airflow/example_dags/example_setup_teardown.py
[2026-02-06T09:12:15.175+0200] {processor.py:830} INFO - Processing file /home/pazzoti/de-upskilling/airflow-flight-price-analysis/venv/lib/python3.10/site-packages/airflow/example_dags/example_setup_teardown.py for tasks to queue
[2026-02-06T09:12:15.176+0200] {logging_mixin.py:188} INFO - [2026-02-06T09:12:15.175+0200] {dagbag.py:538} INFO - Filling up the DagBag from /home/pazzoti/de-upskilling/airflow-flight-price-analysis/venv/lib/python3.10/site-packages/airflow/example_dags/example_setup_teardown.py
[2026-02-06T09:12:15.182+0200] {processor.py:840} INFO - DAG(s) 'example_setup_teardown' retrieved from /home/pazzoti/de-upskilling/airflow-flight-price-analysis/venv/lib/python3.10/site-packages/airflow/example_dags/example_setup_teardown.py
[2026-02-06T09:12:15.191+0200] {logging_mixin.py:188} INFO - [2026-02-06T09:12:15.191+0200] {dag.py:3036} INFO - Sync 1 DAGs
[2026-02-06T09:12:15.202+0200] {logging_mixin.py:188} INFO - [2026-02-06T09:12:15.202+0200] {dag.py:3823} INFO - Setting next_dagrun for example_setup_teardown to 2026-02-05 00:00:00+00:00, run_after=2026-02-06 00:00:00+00:00
[2026-02-06T09:12:15.220+0200] {processor.py:183} INFO - Processing /home/pazzoti/de-upskilling/airflow-flight-price-analysis/venv/lib/python3.10/site-packages/airflow/example_dags/example_setup_teardown.py took 0.050 seconds
[2026-02-06T09:13:02.642+0200] {processor.py:161} INFO - Started process (PID=8462) to work on /home/pazzoti/de-upskilling/airflow-flight-price-analysis/venv/lib/python3.10/site-packages/airflow/example_dags/example_setup_teardown.py
[2026-02-06T09:13:02.643+0200] {processor.py:830} INFO - Processing file /home/pazzoti/de-upskilling/airflow-flight-price-analysis/venv/lib/python3.10/site-packages/airflow/example_dags/example_setup_teardown.py for tasks to queue
[2026-02-06T09:13:02.644+0200] {logging_mixin.py:188} INFO - [2026-02-06T09:13:02.644+0200] {dagbag.py:538} INFO - Filling up the DagBag from /home/pazzoti/de-upskilling/airflow-flight-price-analysis/venv/lib/python3.10/site-packages/airflow/example_dags/example_setup_teardown.py
[2026-02-06T09:13:02.649+0200] {processor.py:840} INFO - DAG(s) 'example_setup_teardown' retrieved from /home/pazzoti/de-upskilling/airflow-flight-price-analysis/venv/lib/python3.10/site-packages/airflow/example_dags/example_setup_teardown.py
[2026-02-06T09:13:02.659+0200] {logging_mixin.py:188} INFO - [2026-02-06T09:13:02.659+0200] {dag.py:3036} INFO - Sync 1 DAGs
[2026-02-06T09:13:02.671+0200] {logging_mixin.py:188} INFO - [2026-02-06T09:13:02.671+0200] {dag.py:3823} INFO - Setting next_dagrun for example_setup_teardown to 2026-02-05 00:00:00+00:00, run_after=2026-02-06 00:00:00+00:00
[2026-02-06T09:13:02.686+0200] {processor.py:183} INFO - Processing /home/pazzoti/de-upskilling/airflow-flight-price-analysis/venv/lib/python3.10/site-packages/airflow/example_dags/example_setup_teardown.py took 0.047 seconds
[2026-02-06T09:13:51.794+0200] {processor.py:161} INFO - Started process (PID=8687) to work on /home/pazzoti/de-upskilling/airflow-flight-price-analysis/venv/lib/python3.10/site-packages/airflow/example_dags/example_setup_teardown.py
[2026-02-06T09:13:51.802+0200] {processor.py:830} INFO - Processing file /home/pazzoti/de-upskilling/airflow-flight-price-analysis/venv/lib/python3.10/site-packages/airflow/example_dags/example_setup_teardown.py for tasks to queue
[2026-02-06T09:13:51.803+0200] {logging_mixin.py:188} INFO - [2026-02-06T09:13:51.802+0200] {dagbag.py:538} INFO - Filling up the DagBag from /home/pazzoti/de-upskilling/airflow-flight-price-analysis/venv/lib/python3.10/site-packages/airflow/example_dags/example_setup_teardown.py
[2026-02-06T09:13:51.808+0200] {processor.py:840} INFO - DAG(s) 'example_setup_teardown' retrieved from /home/pazzoti/de-upskilling/airflow-flight-price-analysis/venv/lib/python3.10/site-packages/airflow/example_dags/example_setup_teardown.py
[2026-02-06T09:13:51.820+0200] {logging_mixin.py:188} INFO - [2026-02-06T09:13:51.820+0200] {dag.py:3036} INFO - Sync 1 DAGs
[2026-02-06T09:13:51.833+0200] {logging_mixin.py:188} INFO - [2026-02-06T09:13:51.833+0200] {dag.py:3823} INFO - Setting next_dagrun for example_setup_teardown to 2026-02-05 00:00:00+00:00, run_after=2026-02-06 00:00:00+00:00
[2026-02-06T09:13:51.853+0200] {processor.py:183} INFO - Processing /home/pazzoti/de-upskilling/airflow-flight-price-analysis/venv/lib/python3.10/site-packages/airflow/example_dags/example_setup_teardown.py took 0.061 seconds
[2026-02-06T09:14:43.702+0200] {processor.py:161} INFO - Started process (PID=8937) to work on /home/pazzoti/de-upskilling/airflow-flight-price-analysis/venv/lib/python3.10/site-packages/airflow/example_dags/example_setup_teardown.py
[2026-02-06T09:14:43.704+0200] {processor.py:830} INFO - Processing file /home/pazzoti/de-upskilling/airflow-flight-price-analysis/venv/lib/python3.10/site-packages/airflow/example_dags/example_setup_teardown.py for tasks to queue
[2026-02-06T09:14:43.704+0200] {logging_mixin.py:188} INFO - [2026-02-06T09:14:43.704+0200] {dagbag.py:538} INFO - Filling up the DagBag from /home/pazzoti/de-upskilling/airflow-flight-price-analysis/venv/lib/python3.10/site-packages/airflow/example_dags/example_setup_teardown.py
[2026-02-06T09:14:43.710+0200] {processor.py:840} INFO - DAG(s) 'example_setup_teardown' retrieved from /home/pazzoti/de-upskilling/airflow-flight-price-analysis/venv/lib/python3.10/site-packages/airflow/example_dags/example_setup_teardown.py
[2026-02-06T09:14:43.724+0200] {logging_mixin.py:188} INFO - [2026-02-06T09:14:43.723+0200] {dag.py:3036} INFO - Sync 1 DAGs
[2026-02-06T09:14:43.741+0200] {logging_mixin.py:188} INFO - [2026-02-06T09:14:43.741+0200] {dag.py:3823} INFO - Setting next_dagrun for example_setup_teardown to 2026-02-05 00:00:00+00:00, run_after=2026-02-06 00:00:00+00:00
[2026-02-06T09:14:43.765+0200] {processor.py:183} INFO - Processing /home/pazzoti/de-upskilling/airflow-flight-price-analysis/venv/lib/python3.10/site-packages/airflow/example_dags/example_setup_teardown.py took 0.067 seconds
[2026-02-06T09:15:40.072+0200] {processor.py:161} INFO - Started process (PID=9188) to work on /home/pazzoti/de-upskilling/airflow-flight-price-analysis/venv/lib/python3.10/site-packages/airflow/example_dags/example_setup_teardown.py
[2026-02-06T09:15:40.074+0200] {processor.py:830} INFO - Processing file /home/pazzoti/de-upskilling/airflow-flight-price-analysis/venv/lib/python3.10/site-packages/airflow/example_dags/example_setup_teardown.py for tasks to queue
[2026-02-06T09:15:40.075+0200] {logging_mixin.py:188} INFO - [2026-02-06T09:15:40.074+0200] {dagbag.py:538} INFO - Filling up the DagBag from /home/pazzoti/de-upskilling/airflow-flight-price-analysis/venv/lib/python3.10/site-packages/airflow/example_dags/example_setup_teardown.py
[2026-02-06T09:15:40.081+0200] {processor.py:840} INFO - DAG(s) 'example_setup_teardown' retrieved from /home/pazzoti/de-upskilling/airflow-flight-price-analysis/venv/lib/python3.10/site-packages/airflow/example_dags/example_setup_teardown.py
[2026-02-06T09:15:40.093+0200] {logging_mixin.py:188} INFO - [2026-02-06T09:15:40.093+0200] {dag.py:3036} INFO - Sync 1 DAGs
[2026-02-06T09:15:40.107+0200] {logging_mixin.py:188} INFO - [2026-02-06T09:15:40.107+0200] {dag.py:3823} INFO - Setting next_dagrun for example_setup_teardown to 2026-02-05 00:00:00+00:00, run_after=2026-02-06 00:00:00+00:00
[2026-02-06T09:15:40.123+0200] {processor.py:183} INFO - Processing /home/pazzoti/de-upskilling/airflow-flight-price-analysis/venv/lib/python3.10/site-packages/airflow/example_dags/example_setup_teardown.py took 0.053 seconds
[2026-02-06T09:16:29.219+0200] {processor.py:161} INFO - Started process (PID=9449) to work on /home/pazzoti/de-upskilling/airflow-flight-price-analysis/venv/lib/python3.10/site-packages/airflow/example_dags/example_setup_teardown.py
[2026-02-06T09:16:29.226+0200] {processor.py:830} INFO - Processing file /home/pazzoti/de-upskilling/airflow-flight-price-analysis/venv/lib/python3.10/site-packages/airflow/example_dags/example_setup_teardown.py for tasks to queue
[2026-02-06T09:16:29.227+0200] {logging_mixin.py:188} INFO - [2026-02-06T09:16:29.227+0200] {dagbag.py:538} INFO - Filling up the DagBag from /home/pazzoti/de-upskilling/airflow-flight-price-analysis/venv/lib/python3.10/site-packages/airflow/example_dags/example_setup_teardown.py
[2026-02-06T09:16:29.235+0200] {processor.py:840} INFO - DAG(s) 'example_setup_teardown' retrieved from /home/pazzoti/de-upskilling/airflow-flight-price-analysis/venv/lib/python3.10/site-packages/airflow/example_dags/example_setup_teardown.py
[2026-02-06T09:16:29.244+0200] {logging_mixin.py:188} INFO - [2026-02-06T09:16:29.244+0200] {dag.py:3036} INFO - Sync 1 DAGs
[2026-02-06T09:16:29.256+0200] {logging_mixin.py:188} INFO - [2026-02-06T09:16:29.256+0200] {dag.py:3823} INFO - Setting next_dagrun for example_setup_teardown to 2026-02-05 00:00:00+00:00, run_after=2026-02-06 00:00:00+00:00
[2026-02-06T09:16:29.271+0200] {processor.py:183} INFO - Processing /home/pazzoti/de-upskilling/airflow-flight-price-analysis/venv/lib/python3.10/site-packages/airflow/example_dags/example_setup_teardown.py took 0.053 seconds
[2026-02-06T09:17:22.920+0200] {processor.py:161} INFO - Started process (PID=9715) to work on /home/pazzoti/de-upskilling/airflow-flight-price-analysis/venv/lib/python3.10/site-packages/airflow/example_dags/example_setup_teardown.py
[2026-02-06T09:17:22.922+0200] {processor.py:830} INFO - Processing file /home/pazzoti/de-upskilling/airflow-flight-price-analysis/venv/lib/python3.10/site-packages/airflow/example_dags/example_setup_teardown.py for tasks to queue
[2026-02-06T09:17:22.924+0200] {logging_mixin.py:188} INFO - [2026-02-06T09:17:22.923+0200] {dagbag.py:538} INFO - Filling up the DagBag from /home/pazzoti/de-upskilling/airflow-flight-price-analysis/venv/lib/python3.10/site-packages/airflow/example_dags/example_setup_teardown.py
[2026-02-06T09:17:22.936+0200] {processor.py:840} INFO - DAG(s) 'example_setup_teardown' retrieved from /home/pazzoti/de-upskilling/airflow-flight-price-analysis/venv/lib/python3.10/site-packages/airflow/example_dags/example_setup_teardown.py
[2026-02-06T09:17:22.952+0200] {logging_mixin.py:188} INFO - [2026-02-06T09:17:22.952+0200] {dag.py:3036} INFO - Sync 1 DAGs
[2026-02-06T09:17:22.967+0200] {logging_mixin.py:188} INFO - [2026-02-06T09:17:22.967+0200] {dag.py:3823} INFO - Setting next_dagrun for example_setup_teardown to 2026-02-05 00:00:00+00:00, run_after=2026-02-06 00:00:00+00:00
[2026-02-06T09:17:22.988+0200] {processor.py:183} INFO - Processing /home/pazzoti/de-upskilling/airflow-flight-price-analysis/venv/lib/python3.10/site-packages/airflow/example_dags/example_setup_teardown.py took 0.072 seconds
[2026-02-06T09:29:26.603+0200] {processor.py:161} INFO - Started process (PID=9891) to work on /home/pazzoti/de-upskilling/airflow-flight-price-analysis/venv/lib/python3.10/site-packages/airflow/example_dags/example_setup_teardown.py
[2026-02-06T09:29:26.610+0200] {processor.py:830} INFO - Processing file /home/pazzoti/de-upskilling/airflow-flight-price-analysis/venv/lib/python3.10/site-packages/airflow/example_dags/example_setup_teardown.py for tasks to queue
[2026-02-06T09:29:26.611+0200] {logging_mixin.py:188} INFO - [2026-02-06T09:29:26.611+0200] {dagbag.py:538} INFO - Filling up the DagBag from /home/pazzoti/de-upskilling/airflow-flight-price-analysis/venv/lib/python3.10/site-packages/airflow/example_dags/example_setup_teardown.py
[2026-02-06T09:29:26.617+0200] {processor.py:840} INFO - DAG(s) 'example_setup_teardown' retrieved from /home/pazzoti/de-upskilling/airflow-flight-price-analysis/venv/lib/python3.10/site-packages/airflow/example_dags/example_setup_teardown.py
[2026-02-06T09:29:26.628+0200] {logging_mixin.py:188} INFO - [2026-02-06T09:29:26.627+0200] {dag.py:3036} INFO - Sync 1 DAGs
[2026-02-06T09:29:26.641+0200] {logging_mixin.py:188} INFO - [2026-02-06T09:29:26.641+0200] {dag.py:3823} INFO - Setting next_dagrun for example_setup_teardown to 2026-02-05 00:00:00+00:00, run_after=2026-02-06 00:00:00+00:00
[2026-02-06T09:29:26.659+0200] {processor.py:183} INFO - Processing /home/pazzoti/de-upskilling/airflow-flight-price-analysis/venv/lib/python3.10/site-packages/airflow/example_dags/example_setup_teardown.py took 0.058 seconds
[2026-02-06T09:30:17.696+0200] {processor.py:161} INFO - Started process (PID=9979) to work on /home/pazzoti/de-upskilling/airflow-flight-price-analysis/venv/lib/python3.10/site-packages/airflow/example_dags/example_setup_teardown.py
[2026-02-06T09:30:17.699+0200] {processor.py:830} INFO - Processing file /home/pazzoti/de-upskilling/airflow-flight-price-analysis/venv/lib/python3.10/site-packages/airflow/example_dags/example_setup_teardown.py for tasks to queue
[2026-02-06T09:30:17.700+0200] {logging_mixin.py:188} INFO - [2026-02-06T09:30:17.700+0200] {dagbag.py:538} INFO - Filling up the DagBag from /home/pazzoti/de-upskilling/airflow-flight-price-analysis/venv/lib/python3.10/site-packages/airflow/example_dags/example_setup_teardown.py
[2026-02-06T09:30:17.709+0200] {processor.py:840} INFO - DAG(s) 'example_setup_teardown' retrieved from /home/pazzoti/de-upskilling/airflow-flight-price-analysis/venv/lib/python3.10/site-packages/airflow/example_dags/example_setup_teardown.py
[2026-02-06T09:30:17.722+0200] {logging_mixin.py:188} INFO - [2026-02-06T09:30:17.722+0200] {dag.py:3036} INFO - Sync 1 DAGs
[2026-02-06T09:30:17.739+0200] {logging_mixin.py:188} INFO - [2026-02-06T09:30:17.739+0200] {dag.py:3823} INFO - Setting next_dagrun for example_setup_teardown to 2026-02-05 00:00:00+00:00, run_after=2026-02-06 00:00:00+00:00
[2026-02-06T09:30:17.759+0200] {processor.py:183} INFO - Processing /home/pazzoti/de-upskilling/airflow-flight-price-analysis/venv/lib/python3.10/site-packages/airflow/example_dags/example_setup_teardown.py took 0.067 seconds
[2026-02-06T09:31:00.570+0200] {processor.py:161} INFO - Started process (PID=10051) to work on /home/pazzoti/de-upskilling/airflow-flight-price-analysis/venv/lib/python3.10/site-packages/airflow/example_dags/example_setup_teardown.py
[2026-02-06T09:31:00.577+0200] {processor.py:830} INFO - Processing file /home/pazzoti/de-upskilling/airflow-flight-price-analysis/venv/lib/python3.10/site-packages/airflow/example_dags/example_setup_teardown.py for tasks to queue
[2026-02-06T09:31:00.578+0200] {logging_mixin.py:188} INFO - [2026-02-06T09:31:00.577+0200] {dagbag.py:538} INFO - Filling up the DagBag from /home/pazzoti/de-upskilling/airflow-flight-price-analysis/venv/lib/python3.10/site-packages/airflow/example_dags/example_setup_teardown.py
[2026-02-06T09:31:00.583+0200] {processor.py:840} INFO - DAG(s) 'example_setup_teardown' retrieved from /home/pazzoti/de-upskilling/airflow-flight-price-analysis/venv/lib/python3.10/site-packages/airflow/example_dags/example_setup_teardown.py
[2026-02-06T09:31:00.593+0200] {logging_mixin.py:188} INFO - [2026-02-06T09:31:00.592+0200] {dag.py:3036} INFO - Sync 1 DAGs
[2026-02-06T09:31:00.604+0200] {logging_mixin.py:188} INFO - [2026-02-06T09:31:00.603+0200] {dag.py:3823} INFO - Setting next_dagrun for example_setup_teardown to 2026-02-05 00:00:00+00:00, run_after=2026-02-06 00:00:00+00:00
[2026-02-06T09:31:00.621+0200] {processor.py:183} INFO - Processing /home/pazzoti/de-upskilling/airflow-flight-price-analysis/venv/lib/python3.10/site-packages/airflow/example_dags/example_setup_teardown.py took 0.054 seconds
[2026-02-06T09:31:39.976+0200] {processor.py:161} INFO - Started process (PID=10117) to work on /home/pazzoti/de-upskilling/airflow-flight-price-analysis/venv/lib/python3.10/site-packages/airflow/example_dags/example_setup_teardown.py
[2026-02-06T09:31:39.983+0200] {processor.py:830} INFO - Processing file /home/pazzoti/de-upskilling/airflow-flight-price-analysis/venv/lib/python3.10/site-packages/airflow/example_dags/example_setup_teardown.py for tasks to queue
[2026-02-06T09:31:39.984+0200] {logging_mixin.py:188} INFO - [2026-02-06T09:31:39.983+0200] {dagbag.py:538} INFO - Filling up the DagBag from /home/pazzoti/de-upskilling/airflow-flight-price-analysis/venv/lib/python3.10/site-packages/airflow/example_dags/example_setup_teardown.py
[2026-02-06T09:31:39.989+0200] {processor.py:840} INFO - DAG(s) 'example_setup_teardown' retrieved from /home/pazzoti/de-upskilling/airflow-flight-price-analysis/venv/lib/python3.10/site-packages/airflow/example_dags/example_setup_teardown.py
[2026-02-06T09:31:39.998+0200] {logging_mixin.py:188} INFO - [2026-02-06T09:31:39.998+0200] {dag.py:3036} INFO - Sync 1 DAGs
[2026-02-06T09:31:40.010+0200] {logging_mixin.py:188} INFO - [2026-02-06T09:31:40.010+0200] {dag.py:3823} INFO - Setting next_dagrun for example_setup_teardown to 2026-02-05 00:00:00+00:00, run_after=2026-02-06 00:00:00+00:00
[2026-02-06T09:31:40.025+0200] {processor.py:183} INFO - Processing /home/pazzoti/de-upskilling/airflow-flight-price-analysis/venv/lib/python3.10/site-packages/airflow/example_dags/example_setup_teardown.py took 0.051 seconds
[2026-02-06T09:32:20.548+0200] {processor.py:161} INFO - Started process (PID=10194) to work on /home/pazzoti/de-upskilling/airflow-flight-price-analysis/venv/lib/python3.10/site-packages/airflow/example_dags/example_setup_teardown.py
[2026-02-06T09:32:20.552+0200] {processor.py:830} INFO - Processing file /home/pazzoti/de-upskilling/airflow-flight-price-analysis/venv/lib/python3.10/site-packages/airflow/example_dags/example_setup_teardown.py for tasks to queue
[2026-02-06T09:32:20.553+0200] {logging_mixin.py:188} INFO - [2026-02-06T09:32:20.553+0200] {dagbag.py:538} INFO - Filling up the DagBag from /home/pazzoti/de-upskilling/airflow-flight-price-analysis/venv/lib/python3.10/site-packages/airflow/example_dags/example_setup_teardown.py
[2026-02-06T09:32:20.558+0200] {processor.py:840} INFO - DAG(s) 'example_setup_teardown' retrieved from /home/pazzoti/de-upskilling/airflow-flight-price-analysis/venv/lib/python3.10/site-packages/airflow/example_dags/example_setup_teardown.py
[2026-02-06T09:32:20.568+0200] {logging_mixin.py:188} INFO - [2026-02-06T09:32:20.568+0200] {dag.py:3036} INFO - Sync 1 DAGs
[2026-02-06T09:32:20.578+0200] {logging_mixin.py:188} INFO - [2026-02-06T09:32:20.578+0200] {dag.py:3823} INFO - Setting next_dagrun for example_setup_teardown to 2026-02-05 00:00:00+00:00, run_after=2026-02-06 00:00:00+00:00
[2026-02-06T09:32:20.593+0200] {processor.py:183} INFO - Processing /home/pazzoti/de-upskilling/airflow-flight-price-analysis/venv/lib/python3.10/site-packages/airflow/example_dags/example_setup_teardown.py took 0.048 seconds
[2026-02-06T09:33:21.447+0200] {processor.py:161} INFO - Started process (PID=10326) to work on /home/pazzoti/de-upskilling/airflow-flight-price-analysis/venv/lib/python3.10/site-packages/airflow/example_dags/example_setup_teardown.py
[2026-02-06T09:33:21.450+0200] {processor.py:830} INFO - Processing file /home/pazzoti/de-upskilling/airflow-flight-price-analysis/venv/lib/python3.10/site-packages/airflow/example_dags/example_setup_teardown.py for tasks to queue
[2026-02-06T09:33:21.454+0200] {logging_mixin.py:188} INFO - [2026-02-06T09:33:21.451+0200] {dagbag.py:538} INFO - Filling up the DagBag from /home/pazzoti/de-upskilling/airflow-flight-price-analysis/venv/lib/python3.10/site-packages/airflow/example_dags/example_setup_teardown.py
[2026-02-06T09:33:21.464+0200] {processor.py:840} INFO - DAG(s) 'example_setup_teardown' retrieved from /home/pazzoti/de-upskilling/airflow-flight-price-analysis/venv/lib/python3.10/site-packages/airflow/example_dags/example_setup_teardown.py
[2026-02-06T09:33:21.476+0200] {logging_mixin.py:188} INFO - [2026-02-06T09:33:21.475+0200] {dag.py:3036} INFO - Sync 1 DAGs
[2026-02-06T09:33:21.500+0200] {logging_mixin.py:188} INFO - [2026-02-06T09:33:21.499+0200] {dag.py:3823} INFO - Setting next_dagrun for example_setup_teardown to 2026-02-05 00:00:00+00:00, run_after=2026-02-06 00:00:00+00:00
[2026-02-06T09:33:21.549+0200] {processor.py:183} INFO - Processing /home/pazzoti/de-upskilling/airflow-flight-price-analysis/venv/lib/python3.10/site-packages/airflow/example_dags/example_setup_teardown.py took 0.106 seconds
[2026-02-06T09:34:13.265+0200] {processor.py:161} INFO - Started process (PID=10412) to work on /home/pazzoti/de-upskilling/airflow-flight-price-analysis/venv/lib/python3.10/site-packages/airflow/example_dags/example_setup_teardown.py
[2026-02-06T09:34:13.267+0200] {processor.py:830} INFO - Processing file /home/pazzoti/de-upskilling/airflow-flight-price-analysis/venv/lib/python3.10/site-packages/airflow/example_dags/example_setup_teardown.py for tasks to queue
[2026-02-06T09:34:13.267+0200] {logging_mixin.py:188} INFO - [2026-02-06T09:34:13.267+0200] {dagbag.py:538} INFO - Filling up the DagBag from /home/pazzoti/de-upskilling/airflow-flight-price-analysis/venv/lib/python3.10/site-packages/airflow/example_dags/example_setup_teardown.py
[2026-02-06T09:34:13.273+0200] {processor.py:840} INFO - DAG(s) 'example_setup_teardown' retrieved from /home/pazzoti/de-upskilling/airflow-flight-price-analysis/venv/lib/python3.10/site-packages/airflow/example_dags/example_setup_teardown.py
[2026-02-06T09:34:13.288+0200] {logging_mixin.py:188} INFO - [2026-02-06T09:34:13.288+0200] {dag.py:3036} INFO - Sync 1 DAGs
[2026-02-06T09:34:13.302+0200] {logging_mixin.py:188} INFO - [2026-02-06T09:34:13.301+0200] {dag.py:3823} INFO - Setting next_dagrun for example_setup_teardown to 2026-02-05 00:00:00+00:00, run_after=2026-02-06 00:00:00+00:00
[2026-02-06T09:34:13.319+0200] {processor.py:183} INFO - Processing /home/pazzoti/de-upskilling/airflow-flight-price-analysis/venv/lib/python3.10/site-packages/airflow/example_dags/example_setup_teardown.py took 0.056 seconds
[2026-02-06T09:34:52.679+0200] {processor.py:161} INFO - Started process (PID=10478) to work on /home/pazzoti/de-upskilling/airflow-flight-price-analysis/venv/lib/python3.10/site-packages/airflow/example_dags/example_setup_teardown.py
[2026-02-06T09:34:52.687+0200] {processor.py:830} INFO - Processing file /home/pazzoti/de-upskilling/airflow-flight-price-analysis/venv/lib/python3.10/site-packages/airflow/example_dags/example_setup_teardown.py for tasks to queue
[2026-02-06T09:34:52.688+0200] {logging_mixin.py:188} INFO - [2026-02-06T09:34:52.687+0200] {dagbag.py:538} INFO - Filling up the DagBag from /home/pazzoti/de-upskilling/airflow-flight-price-analysis/venv/lib/python3.10/site-packages/airflow/example_dags/example_setup_teardown.py
[2026-02-06T09:34:52.694+0200] {processor.py:840} INFO - DAG(s) 'example_setup_teardown' retrieved from /home/pazzoti/de-upskilling/airflow-flight-price-analysis/venv/lib/python3.10/site-packages/airflow/example_dags/example_setup_teardown.py
[2026-02-06T09:34:52.707+0200] {logging_mixin.py:188} INFO - [2026-02-06T09:34:52.706+0200] {dag.py:3036} INFO - Sync 1 DAGs
[2026-02-06T09:34:52.720+0200] {logging_mixin.py:188} INFO - [2026-02-06T09:34:52.720+0200] {dag.py:3823} INFO - Setting next_dagrun for example_setup_teardown to 2026-02-05 00:00:00+00:00, run_after=2026-02-06 00:00:00+00:00
[2026-02-06T09:34:52.742+0200] {processor.py:183} INFO - Processing /home/pazzoti/de-upskilling/airflow-flight-price-analysis/venv/lib/python3.10/site-packages/airflow/example_dags/example_setup_teardown.py took 0.067 seconds
