[2026-02-06T09:01:09.552+0200] {processor.py:161} INFO - Started process (PID=4137) to work on /home/pazzoti/de-upskilling/airflow-flight-price-analysis/venv/lib/python3.10/site-packages/airflow/example_dags/example_latest_only_with_trigger.py
[2026-02-06T09:01:09.552+0200] {processor.py:830} INFO - Processing file /home/pazzoti/de-upskilling/airflow-flight-price-analysis/venv/lib/python3.10/site-packages/airflow/example_dags/example_latest_only_with_trigger.py for tasks to queue
[2026-02-06T09:01:09.553+0200] {logging_mixin.py:188} INFO - [2026-02-06T09:01:09.553+0200] {dagbag.py:538} INFO - Filling up the DagBag from /home/pazzoti/de-upskilling/airflow-flight-price-analysis/venv/lib/python3.10/site-packages/airflow/example_dags/example_latest_only_with_trigger.py
[2026-02-06T09:01:09.561+0200] {processor.py:840} INFO - DAG(s) 'latest_only_with_trigger' retrieved from /home/pazzoti/de-upskilling/airflow-flight-price-analysis/venv/lib/python3.10/site-packages/airflow/example_dags/example_latest_only_with_trigger.py
[2026-02-06T09:01:09.649+0200] {logging_mixin.py:188} INFO - [2026-02-06T09:01:09.649+0200] {dag.py:3036} INFO - Sync 1 DAGs
[2026-02-06T09:01:09.660+0200] {logging_mixin.py:188} INFO - [2026-02-06T09:01:09.660+0200] {dag.py:3823} INFO - Setting next_dagrun for latest_only_with_trigger to 2026-02-06 00:00:00+00:00, run_after=2026-02-06 04:00:00+00:00
[2026-02-06T09:01:09.674+0200] {processor.py:183} INFO - Processing /home/pazzoti/de-upskilling/airflow-flight-price-analysis/venv/lib/python3.10/site-packages/airflow/example_dags/example_latest_only_with_trigger.py took 0.125 seconds
[2026-02-06T09:02:02.314+0200] {processor.py:161} INFO - Started process (PID=4685) to work on /home/pazzoti/de-upskilling/airflow-flight-price-analysis/venv/lib/python3.10/site-packages/airflow/example_dags/example_latest_only_with_trigger.py
[2026-02-06T09:02:02.317+0200] {processor.py:830} INFO - Processing file /home/pazzoti/de-upskilling/airflow-flight-price-analysis/venv/lib/python3.10/site-packages/airflow/example_dags/example_latest_only_with_trigger.py for tasks to queue
[2026-02-06T09:02:02.318+0200] {logging_mixin.py:188} INFO - [2026-02-06T09:02:02.318+0200] {dagbag.py:538} INFO - Filling up the DagBag from /home/pazzoti/de-upskilling/airflow-flight-price-analysis/venv/lib/python3.10/site-packages/airflow/example_dags/example_latest_only_with_trigger.py
[2026-02-06T09:02:02.327+0200] {processor.py:840} INFO - DAG(s) 'latest_only_with_trigger' retrieved from /home/pazzoti/de-upskilling/airflow-flight-price-analysis/venv/lib/python3.10/site-packages/airflow/example_dags/example_latest_only_with_trigger.py
[2026-02-06T09:02:02.343+0200] {logging_mixin.py:188} INFO - [2026-02-06T09:02:02.342+0200] {dag.py:3036} INFO - Sync 1 DAGs
[2026-02-06T09:02:02.359+0200] {logging_mixin.py:188} INFO - [2026-02-06T09:02:02.359+0200] {dag.py:3823} INFO - Setting next_dagrun for latest_only_with_trigger to 2026-02-06 00:00:00+00:00, run_after=2026-02-06 04:00:00+00:00
[2026-02-06T09:02:02.379+0200] {processor.py:183} INFO - Processing /home/pazzoti/de-upskilling/airflow-flight-price-analysis/venv/lib/python3.10/site-packages/airflow/example_dags/example_latest_only_with_trigger.py took 0.067 seconds
[2026-02-06T09:02:48.502+0200] {processor.py:161} INFO - Started process (PID=4974) to work on /home/pazzoti/de-upskilling/airflow-flight-price-analysis/venv/lib/python3.10/site-packages/airflow/example_dags/example_latest_only_with_trigger.py
[2026-02-06T09:02:48.509+0200] {processor.py:830} INFO - Processing file /home/pazzoti/de-upskilling/airflow-flight-price-analysis/venv/lib/python3.10/site-packages/airflow/example_dags/example_latest_only_with_trigger.py for tasks to queue
[2026-02-06T09:02:48.510+0200] {logging_mixin.py:188} INFO - [2026-02-06T09:02:48.510+0200] {dagbag.py:538} INFO - Filling up the DagBag from /home/pazzoti/de-upskilling/airflow-flight-price-analysis/venv/lib/python3.10/site-packages/airflow/example_dags/example_latest_only_with_trigger.py
[2026-02-06T09:02:48.515+0200] {processor.py:840} INFO - DAG(s) 'latest_only_with_trigger' retrieved from /home/pazzoti/de-upskilling/airflow-flight-price-analysis/venv/lib/python3.10/site-packages/airflow/example_dags/example_latest_only_with_trigger.py
[2026-02-06T09:02:48.525+0200] {logging_mixin.py:188} INFO - [2026-02-06T09:02:48.525+0200] {dag.py:3036} INFO - Sync 1 DAGs
[2026-02-06T09:02:48.539+0200] {logging_mixin.py:188} INFO - [2026-02-06T09:02:48.538+0200] {dag.py:3823} INFO - Setting next_dagrun for latest_only_with_trigger to 2026-02-06 00:00:00+00:00, run_after=2026-02-06 04:00:00+00:00
[2026-02-06T09:02:48.556+0200] {processor.py:183} INFO - Processing /home/pazzoti/de-upskilling/airflow-flight-price-analysis/venv/lib/python3.10/site-packages/airflow/example_dags/example_latest_only_with_trigger.py took 0.056 seconds
[2026-02-06T09:03:29.698+0200] {processor.py:161} INFO - Started process (PID=5154) to work on /home/pazzoti/de-upskilling/airflow-flight-price-analysis/venv/lib/python3.10/site-packages/airflow/example_dags/example_latest_only_with_trigger.py
[2026-02-06T09:03:29.699+0200] {processor.py:830} INFO - Processing file /home/pazzoti/de-upskilling/airflow-flight-price-analysis/venv/lib/python3.10/site-packages/airflow/example_dags/example_latest_only_with_trigger.py for tasks to queue
[2026-02-06T09:03:29.700+0200] {logging_mixin.py:188} INFO - [2026-02-06T09:03:29.700+0200] {dagbag.py:538} INFO - Filling up the DagBag from /home/pazzoti/de-upskilling/airflow-flight-price-analysis/venv/lib/python3.10/site-packages/airflow/example_dags/example_latest_only_with_trigger.py
[2026-02-06T09:03:29.705+0200] {processor.py:840} INFO - DAG(s) 'latest_only_with_trigger' retrieved from /home/pazzoti/de-upskilling/airflow-flight-price-analysis/venv/lib/python3.10/site-packages/airflow/example_dags/example_latest_only_with_trigger.py
[2026-02-06T09:03:29.717+0200] {logging_mixin.py:188} INFO - [2026-02-06T09:03:29.716+0200] {dag.py:3036} INFO - Sync 1 DAGs
[2026-02-06T09:03:29.729+0200] {logging_mixin.py:188} INFO - [2026-02-06T09:03:29.729+0200] {dag.py:3823} INFO - Setting next_dagrun for latest_only_with_trigger to 2026-02-06 00:00:00+00:00, run_after=2026-02-06 04:00:00+00:00
[2026-02-06T09:03:29.747+0200] {processor.py:183} INFO - Processing /home/pazzoti/de-upskilling/airflow-flight-price-analysis/venv/lib/python3.10/site-packages/airflow/example_dags/example_latest_only_with_trigger.py took 0.052 seconds
[2026-02-06T09:04:18.884+0200] {processor.py:161} INFO - Started process (PID=5390) to work on /home/pazzoti/de-upskilling/airflow-flight-price-analysis/venv/lib/python3.10/site-packages/airflow/example_dags/example_latest_only_with_trigger.py
[2026-02-06T09:04:18.888+0200] {processor.py:830} INFO - Processing file /home/pazzoti/de-upskilling/airflow-flight-price-analysis/venv/lib/python3.10/site-packages/airflow/example_dags/example_latest_only_with_trigger.py for tasks to queue
[2026-02-06T09:04:18.889+0200] {logging_mixin.py:188} INFO - [2026-02-06T09:04:18.889+0200] {dagbag.py:538} INFO - Filling up the DagBag from /home/pazzoti/de-upskilling/airflow-flight-price-analysis/venv/lib/python3.10/site-packages/airflow/example_dags/example_latest_only_with_trigger.py
[2026-02-06T09:04:18.894+0200] {processor.py:840} INFO - DAG(s) 'latest_only_with_trigger' retrieved from /home/pazzoti/de-upskilling/airflow-flight-price-analysis/venv/lib/python3.10/site-packages/airflow/example_dags/example_latest_only_with_trigger.py
[2026-02-06T09:04:18.904+0200] {logging_mixin.py:188} INFO - [2026-02-06T09:04:18.904+0200] {dag.py:3036} INFO - Sync 1 DAGs
[2026-02-06T09:04:18.915+0200] {logging_mixin.py:188} INFO - [2026-02-06T09:04:18.915+0200] {dag.py:3823} INFO - Setting next_dagrun for latest_only_with_trigger to 2026-02-06 00:00:00+00:00, run_after=2026-02-06 04:00:00+00:00
[2026-02-06T09:04:18.932+0200] {processor.py:183} INFO - Processing /home/pazzoti/de-upskilling/airflow-flight-price-analysis/venv/lib/python3.10/site-packages/airflow/example_dags/example_latest_only_with_trigger.py took 0.051 seconds
[2026-02-06T09:04:57.373+0200] {processor.py:161} INFO - Started process (PID=5599) to work on /home/pazzoti/de-upskilling/airflow-flight-price-analysis/venv/lib/python3.10/site-packages/airflow/example_dags/example_latest_only_with_trigger.py
[2026-02-06T09:04:57.377+0200] {processor.py:830} INFO - Processing file /home/pazzoti/de-upskilling/airflow-flight-price-analysis/venv/lib/python3.10/site-packages/airflow/example_dags/example_latest_only_with_trigger.py for tasks to queue
[2026-02-06T09:04:57.377+0200] {logging_mixin.py:188} INFO - [2026-02-06T09:04:57.377+0200] {dagbag.py:538} INFO - Filling up the DagBag from /home/pazzoti/de-upskilling/airflow-flight-price-analysis/venv/lib/python3.10/site-packages/airflow/example_dags/example_latest_only_with_trigger.py
[2026-02-06T09:04:57.382+0200] {processor.py:840} INFO - DAG(s) 'latest_only_with_trigger' retrieved from /home/pazzoti/de-upskilling/airflow-flight-price-analysis/venv/lib/python3.10/site-packages/airflow/example_dags/example_latest_only_with_trigger.py
[2026-02-06T09:04:57.392+0200] {logging_mixin.py:188} INFO - [2026-02-06T09:04:57.392+0200] {dag.py:3036} INFO - Sync 1 DAGs
[2026-02-06T09:04:57.404+0200] {logging_mixin.py:188} INFO - [2026-02-06T09:04:57.404+0200] {dag.py:3823} INFO - Setting next_dagrun for latest_only_with_trigger to 2026-02-06 00:00:00+00:00, run_after=2026-02-06 04:00:00+00:00
[2026-02-06T09:04:57.421+0200] {processor.py:183} INFO - Processing /home/pazzoti/de-upskilling/airflow-flight-price-analysis/venv/lib/python3.10/site-packages/airflow/example_dags/example_latest_only_with_trigger.py took 0.051 seconds
[2026-02-06T09:05:33.147+0200] {processor.py:161} INFO - Started process (PID=5771) to work on /home/pazzoti/de-upskilling/airflow-flight-price-analysis/venv/lib/python3.10/site-packages/airflow/example_dags/example_latest_only_with_trigger.py
[2026-02-06T09:05:33.149+0200] {processor.py:830} INFO - Processing file /home/pazzoti/de-upskilling/airflow-flight-price-analysis/venv/lib/python3.10/site-packages/airflow/example_dags/example_latest_only_with_trigger.py for tasks to queue
[2026-02-06T09:05:33.150+0200] {logging_mixin.py:188} INFO - [2026-02-06T09:05:33.150+0200] {dagbag.py:538} INFO - Filling up the DagBag from /home/pazzoti/de-upskilling/airflow-flight-price-analysis/venv/lib/python3.10/site-packages/airflow/example_dags/example_latest_only_with_trigger.py
[2026-02-06T09:05:33.156+0200] {processor.py:840} INFO - DAG(s) 'latest_only_with_trigger' retrieved from /home/pazzoti/de-upskilling/airflow-flight-price-analysis/venv/lib/python3.10/site-packages/airflow/example_dags/example_latest_only_with_trigger.py
[2026-02-06T09:05:33.168+0200] {logging_mixin.py:188} INFO - [2026-02-06T09:05:33.168+0200] {dag.py:3036} INFO - Sync 1 DAGs
[2026-02-06T09:05:33.181+0200] {logging_mixin.py:188} INFO - [2026-02-06T09:05:33.181+0200] {dag.py:3823} INFO - Setting next_dagrun for latest_only_with_trigger to 2026-02-06 00:00:00+00:00, run_after=2026-02-06 04:00:00+00:00
[2026-02-06T09:05:33.197+0200] {processor.py:183} INFO - Processing /home/pazzoti/de-upskilling/airflow-flight-price-analysis/venv/lib/python3.10/site-packages/airflow/example_dags/example_latest_only_with_trigger.py took 0.054 seconds
[2026-02-06T09:06:10.786+0200] {processor.py:161} INFO - Started process (PID=5961) to work on /home/pazzoti/de-upskilling/airflow-flight-price-analysis/venv/lib/python3.10/site-packages/airflow/example_dags/example_latest_only_with_trigger.py
[2026-02-06T09:06:10.787+0200] {processor.py:830} INFO - Processing file /home/pazzoti/de-upskilling/airflow-flight-price-analysis/venv/lib/python3.10/site-packages/airflow/example_dags/example_latest_only_with_trigger.py for tasks to queue
[2026-02-06T09:06:10.788+0200] {logging_mixin.py:188} INFO - [2026-02-06T09:06:10.788+0200] {dagbag.py:538} INFO - Filling up the DagBag from /home/pazzoti/de-upskilling/airflow-flight-price-analysis/venv/lib/python3.10/site-packages/airflow/example_dags/example_latest_only_with_trigger.py
[2026-02-06T09:06:10.793+0200] {processor.py:840} INFO - DAG(s) 'latest_only_with_trigger' retrieved from /home/pazzoti/de-upskilling/airflow-flight-price-analysis/venv/lib/python3.10/site-packages/airflow/example_dags/example_latest_only_with_trigger.py
[2026-02-06T09:06:10.803+0200] {logging_mixin.py:188} INFO - [2026-02-06T09:06:10.803+0200] {dag.py:3036} INFO - Sync 1 DAGs
[2026-02-06T09:06:10.814+0200] {logging_mixin.py:188} INFO - [2026-02-06T09:06:10.814+0200] {dag.py:3823} INFO - Setting next_dagrun for latest_only_with_trigger to 2026-02-06 00:00:00+00:00, run_after=2026-02-06 04:00:00+00:00
[2026-02-06T09:06:10.830+0200] {processor.py:183} INFO - Processing /home/pazzoti/de-upskilling/airflow-flight-price-analysis/venv/lib/python3.10/site-packages/airflow/example_dags/example_latest_only_with_trigger.py took 0.048 seconds
[2026-02-06T09:06:46.755+0200] {processor.py:161} INFO - Started process (PID=6132) to work on /home/pazzoti/de-upskilling/airflow-flight-price-analysis/venv/lib/python3.10/site-packages/airflow/example_dags/example_latest_only_with_trigger.py
[2026-02-06T09:06:46.756+0200] {processor.py:830} INFO - Processing file /home/pazzoti/de-upskilling/airflow-flight-price-analysis/venv/lib/python3.10/site-packages/airflow/example_dags/example_latest_only_with_trigger.py for tasks to queue
[2026-02-06T09:06:46.757+0200] {logging_mixin.py:188} INFO - [2026-02-06T09:06:46.757+0200] {dagbag.py:538} INFO - Filling up the DagBag from /home/pazzoti/de-upskilling/airflow-flight-price-analysis/venv/lib/python3.10/site-packages/airflow/example_dags/example_latest_only_with_trigger.py
[2026-02-06T09:06:46.761+0200] {processor.py:840} INFO - DAG(s) 'latest_only_with_trigger' retrieved from /home/pazzoti/de-upskilling/airflow-flight-price-analysis/venv/lib/python3.10/site-packages/airflow/example_dags/example_latest_only_with_trigger.py
[2026-02-06T09:06:46.771+0200] {logging_mixin.py:188} INFO - [2026-02-06T09:06:46.771+0200] {dag.py:3036} INFO - Sync 1 DAGs
[2026-02-06T09:06:46.783+0200] {logging_mixin.py:188} INFO - [2026-02-06T09:06:46.783+0200] {dag.py:3823} INFO - Setting next_dagrun for latest_only_with_trigger to 2026-02-06 00:00:00+00:00, run_after=2026-02-06 04:00:00+00:00
[2026-02-06T09:06:46.799+0200] {processor.py:183} INFO - Processing /home/pazzoti/de-upskilling/airflow-flight-price-analysis/venv/lib/python3.10/site-packages/airflow/example_dags/example_latest_only_with_trigger.py took 0.048 seconds
[2026-02-06T09:07:24.414+0200] {processor.py:161} INFO - Started process (PID=6368) to work on /home/pazzoti/de-upskilling/airflow-flight-price-analysis/venv/lib/python3.10/site-packages/airflow/example_dags/example_latest_only_with_trigger.py
[2026-02-06T09:07:24.416+0200] {processor.py:830} INFO - Processing file /home/pazzoti/de-upskilling/airflow-flight-price-analysis/venv/lib/python3.10/site-packages/airflow/example_dags/example_latest_only_with_trigger.py for tasks to queue
[2026-02-06T09:07:24.416+0200] {logging_mixin.py:188} INFO - [2026-02-06T09:07:24.416+0200] {dagbag.py:538} INFO - Filling up the DagBag from /home/pazzoti/de-upskilling/airflow-flight-price-analysis/venv/lib/python3.10/site-packages/airflow/example_dags/example_latest_only_with_trigger.py
[2026-02-06T09:07:24.420+0200] {processor.py:840} INFO - DAG(s) 'latest_only_with_trigger' retrieved from /home/pazzoti/de-upskilling/airflow-flight-price-analysis/venv/lib/python3.10/site-packages/airflow/example_dags/example_latest_only_with_trigger.py
[2026-02-06T09:07:24.430+0200] {logging_mixin.py:188} INFO - [2026-02-06T09:07:24.430+0200] {dag.py:3036} INFO - Sync 1 DAGs
[2026-02-06T09:07:24.441+0200] {logging_mixin.py:188} INFO - [2026-02-06T09:07:24.441+0200] {dag.py:3823} INFO - Setting next_dagrun for latest_only_with_trigger to 2026-02-06 00:00:00+00:00, run_after=2026-02-06 04:00:00+00:00
[2026-02-06T09:07:24.459+0200] {processor.py:183} INFO - Processing /home/pazzoti/de-upskilling/airflow-flight-price-analysis/venv/lib/python3.10/site-packages/airflow/example_dags/example_latest_only_with_trigger.py took 0.047 seconds
[2026-02-06T09:07:59.987+0200] {processor.py:161} INFO - Started process (PID=6528) to work on /home/pazzoti/de-upskilling/airflow-flight-price-analysis/venv/lib/python3.10/site-packages/airflow/example_dags/example_latest_only_with_trigger.py
[2026-02-06T09:07:59.988+0200] {processor.py:830} INFO - Processing file /home/pazzoti/de-upskilling/airflow-flight-price-analysis/venv/lib/python3.10/site-packages/airflow/example_dags/example_latest_only_with_trigger.py for tasks to queue
[2026-02-06T09:07:59.989+0200] {logging_mixin.py:188} INFO - [2026-02-06T09:07:59.988+0200] {dagbag.py:538} INFO - Filling up the DagBag from /home/pazzoti/de-upskilling/airflow-flight-price-analysis/venv/lib/python3.10/site-packages/airflow/example_dags/example_latest_only_with_trigger.py
[2026-02-06T09:07:59.993+0200] {processor.py:840} INFO - DAG(s) 'latest_only_with_trigger' retrieved from /home/pazzoti/de-upskilling/airflow-flight-price-analysis/venv/lib/python3.10/site-packages/airflow/example_dags/example_latest_only_with_trigger.py
[2026-02-06T09:08:00.003+0200] {logging_mixin.py:188} INFO - [2026-02-06T09:08:00.003+0200] {dag.py:3036} INFO - Sync 1 DAGs
[2026-02-06T09:08:00.019+0200] {logging_mixin.py:188} INFO - [2026-02-06T09:08:00.018+0200] {dag.py:3823} INFO - Setting next_dagrun for latest_only_with_trigger to 2026-02-06 00:00:00+00:00, run_after=2026-02-06 04:00:00+00:00
[2026-02-06T09:08:00.036+0200] {processor.py:183} INFO - Processing /home/pazzoti/de-upskilling/airflow-flight-price-analysis/venv/lib/python3.10/site-packages/airflow/example_dags/example_latest_only_with_trigger.py took 0.051 seconds
[2026-02-06T09:08:36.373+0200] {processor.py:161} INFO - Started process (PID=6694) to work on /home/pazzoti/de-upskilling/airflow-flight-price-analysis/venv/lib/python3.10/site-packages/airflow/example_dags/example_latest_only_with_trigger.py
[2026-02-06T09:08:36.374+0200] {processor.py:830} INFO - Processing file /home/pazzoti/de-upskilling/airflow-flight-price-analysis/venv/lib/python3.10/site-packages/airflow/example_dags/example_latest_only_with_trigger.py for tasks to queue
[2026-02-06T09:08:36.374+0200] {logging_mixin.py:188} INFO - [2026-02-06T09:08:36.374+0200] {dagbag.py:538} INFO - Filling up the DagBag from /home/pazzoti/de-upskilling/airflow-flight-price-analysis/venv/lib/python3.10/site-packages/airflow/example_dags/example_latest_only_with_trigger.py
[2026-02-06T09:08:36.378+0200] {processor.py:840} INFO - DAG(s) 'latest_only_with_trigger' retrieved from /home/pazzoti/de-upskilling/airflow-flight-price-analysis/venv/lib/python3.10/site-packages/airflow/example_dags/example_latest_only_with_trigger.py
[2026-02-06T09:08:36.389+0200] {logging_mixin.py:188} INFO - [2026-02-06T09:08:36.388+0200] {dag.py:3036} INFO - Sync 1 DAGs
[2026-02-06T09:08:36.400+0200] {logging_mixin.py:188} INFO - [2026-02-06T09:08:36.400+0200] {dag.py:3823} INFO - Setting next_dagrun for latest_only_with_trigger to 2026-02-06 00:00:00+00:00, run_after=2026-02-06 04:00:00+00:00
[2026-02-06T09:08:36.414+0200] {processor.py:183} INFO - Processing /home/pazzoti/de-upskilling/airflow-flight-price-analysis/venv/lib/python3.10/site-packages/airflow/example_dags/example_latest_only_with_trigger.py took 0.043 seconds
[2026-02-06T09:09:13.900+0200] {processor.py:161} INFO - Started process (PID=6877) to work on /home/pazzoti/de-upskilling/airflow-flight-price-analysis/venv/lib/python3.10/site-packages/airflow/example_dags/example_latest_only_with_trigger.py
[2026-02-06T09:09:13.903+0200] {processor.py:830} INFO - Processing file /home/pazzoti/de-upskilling/airflow-flight-price-analysis/venv/lib/python3.10/site-packages/airflow/example_dags/example_latest_only_with_trigger.py for tasks to queue
[2026-02-06T09:09:13.905+0200] {logging_mixin.py:188} INFO - [2026-02-06T09:09:13.904+0200] {dagbag.py:538} INFO - Filling up the DagBag from /home/pazzoti/de-upskilling/airflow-flight-price-analysis/venv/lib/python3.10/site-packages/airflow/example_dags/example_latest_only_with_trigger.py
[2026-02-06T09:09:13.916+0200] {processor.py:840} INFO - DAG(s) 'latest_only_with_trigger' retrieved from /home/pazzoti/de-upskilling/airflow-flight-price-analysis/venv/lib/python3.10/site-packages/airflow/example_dags/example_latest_only_with_trigger.py
[2026-02-06T09:09:13.934+0200] {logging_mixin.py:188} INFO - [2026-02-06T09:09:13.934+0200] {dag.py:3036} INFO - Sync 1 DAGs
[2026-02-06T09:09:13.954+0200] {logging_mixin.py:188} INFO - [2026-02-06T09:09:13.954+0200] {dag.py:3823} INFO - Setting next_dagrun for latest_only_with_trigger to 2026-02-06 00:00:00+00:00, run_after=2026-02-06 04:00:00+00:00
[2026-02-06T09:09:13.977+0200] {processor.py:183} INFO - Processing /home/pazzoti/de-upskilling/airflow-flight-price-analysis/venv/lib/python3.10/site-packages/airflow/example_dags/example_latest_only_with_trigger.py took 0.080 seconds
[2026-02-06T09:09:52.814+0200] {processor.py:161} INFO - Started process (PID=7042) to work on /home/pazzoti/de-upskilling/airflow-flight-price-analysis/venv/lib/python3.10/site-packages/airflow/example_dags/example_latest_only_with_trigger.py
[2026-02-06T09:09:52.816+0200] {processor.py:830} INFO - Processing file /home/pazzoti/de-upskilling/airflow-flight-price-analysis/venv/lib/python3.10/site-packages/airflow/example_dags/example_latest_only_with_trigger.py for tasks to queue
[2026-02-06T09:09:52.817+0200] {logging_mixin.py:188} INFO - [2026-02-06T09:09:52.817+0200] {dagbag.py:538} INFO - Filling up the DagBag from /home/pazzoti/de-upskilling/airflow-flight-price-analysis/venv/lib/python3.10/site-packages/airflow/example_dags/example_latest_only_with_trigger.py
[2026-02-06T09:09:52.823+0200] {processor.py:840} INFO - DAG(s) 'latest_only_with_trigger' retrieved from /home/pazzoti/de-upskilling/airflow-flight-price-analysis/venv/lib/python3.10/site-packages/airflow/example_dags/example_latest_only_with_trigger.py
[2026-02-06T09:09:52.835+0200] {logging_mixin.py:188} INFO - [2026-02-06T09:09:52.835+0200] {dag.py:3036} INFO - Sync 1 DAGs
[2026-02-06T09:09:52.850+0200] {logging_mixin.py:188} INFO - [2026-02-06T09:09:52.850+0200] {dag.py:3823} INFO - Setting next_dagrun for latest_only_with_trigger to 2026-02-06 00:00:00+00:00, run_after=2026-02-06 04:00:00+00:00
[2026-02-06T09:09:52.869+0200] {processor.py:183} INFO - Processing /home/pazzoti/de-upskilling/airflow-flight-price-analysis/venv/lib/python3.10/site-packages/airflow/example_dags/example_latest_only_with_trigger.py took 0.059 seconds
[2026-02-06T09:11:00.747+0200] {processor.py:161} INFO - Started process (PID=7546) to work on /home/pazzoti/de-upskilling/airflow-flight-price-analysis/venv/lib/python3.10/site-packages/airflow/example_dags/example_latest_only_with_trigger.py
[2026-02-06T09:11:00.749+0200] {processor.py:830} INFO - Processing file /home/pazzoti/de-upskilling/airflow-flight-price-analysis/venv/lib/python3.10/site-packages/airflow/example_dags/example_latest_only_with_trigger.py for tasks to queue
[2026-02-06T09:11:00.754+0200] {logging_mixin.py:188} INFO - [2026-02-06T09:11:00.750+0200] {dagbag.py:538} INFO - Filling up the DagBag from /home/pazzoti/de-upskilling/airflow-flight-price-analysis/venv/lib/python3.10/site-packages/airflow/example_dags/example_latest_only_with_trigger.py
[2026-02-06T09:11:00.782+0200] {processor.py:840} INFO - DAG(s) 'latest_only_with_trigger' retrieved from /home/pazzoti/de-upskilling/airflow-flight-price-analysis/venv/lib/python3.10/site-packages/airflow/example_dags/example_latest_only_with_trigger.py
[2026-02-06T09:11:01.273+0200] {logging_mixin.py:188} INFO - [2026-02-06T09:11:01.273+0200] {dag.py:3036} INFO - Sync 1 DAGs
[2026-02-06T09:11:01.317+0200] {logging_mixin.py:188} INFO - [2026-02-06T09:11:01.316+0200] {dag.py:3823} INFO - Setting next_dagrun for latest_only_with_trigger to 2026-02-06 00:00:00+00:00, run_after=2026-02-06 04:00:00+00:00
[2026-02-06T09:11:01.371+0200] {processor.py:183} INFO - Processing /home/pazzoti/de-upskilling/airflow-flight-price-analysis/venv/lib/python3.10/site-packages/airflow/example_dags/example_latest_only_with_trigger.py took 0.628 seconds
[2026-02-06T09:12:07.257+0200] {processor.py:161} INFO - Started process (PID=8215) to work on /home/pazzoti/de-upskilling/airflow-flight-price-analysis/venv/lib/python3.10/site-packages/airflow/example_dags/example_latest_only_with_trigger.py
[2026-02-06T09:12:07.267+0200] {processor.py:830} INFO - Processing file /home/pazzoti/de-upskilling/airflow-flight-price-analysis/venv/lib/python3.10/site-packages/airflow/example_dags/example_latest_only_with_trigger.py for tasks to queue
[2026-02-06T09:12:07.268+0200] {logging_mixin.py:188} INFO - [2026-02-06T09:12:07.267+0200] {dagbag.py:538} INFO - Filling up the DagBag from /home/pazzoti/de-upskilling/airflow-flight-price-analysis/venv/lib/python3.10/site-packages/airflow/example_dags/example_latest_only_with_trigger.py
[2026-02-06T09:12:07.272+0200] {processor.py:840} INFO - DAG(s) 'latest_only_with_trigger' retrieved from /home/pazzoti/de-upskilling/airflow-flight-price-analysis/venv/lib/python3.10/site-packages/airflow/example_dags/example_latest_only_with_trigger.py
[2026-02-06T09:12:07.282+0200] {logging_mixin.py:188} INFO - [2026-02-06T09:12:07.282+0200] {dag.py:3036} INFO - Sync 1 DAGs
[2026-02-06T09:12:07.294+0200] {logging_mixin.py:188} INFO - [2026-02-06T09:12:07.293+0200] {dag.py:3823} INFO - Setting next_dagrun for latest_only_with_trigger to 2026-02-06 00:00:00+00:00, run_after=2026-02-06 04:00:00+00:00
[2026-02-06T09:12:07.313+0200] {processor.py:183} INFO - Processing /home/pazzoti/de-upskilling/airflow-flight-price-analysis/venv/lib/python3.10/site-packages/airflow/example_dags/example_latest_only_with_trigger.py took 0.058 seconds
[2026-02-06T09:12:55.209+0200] {processor.py:161} INFO - Started process (PID=8436) to work on /home/pazzoti/de-upskilling/airflow-flight-price-analysis/venv/lib/python3.10/site-packages/airflow/example_dags/example_latest_only_with_trigger.py
[2026-02-06T09:12:55.212+0200] {processor.py:830} INFO - Processing file /home/pazzoti/de-upskilling/airflow-flight-price-analysis/venv/lib/python3.10/site-packages/airflow/example_dags/example_latest_only_with_trigger.py for tasks to queue
[2026-02-06T09:12:55.214+0200] {logging_mixin.py:188} INFO - [2026-02-06T09:12:55.213+0200] {dagbag.py:538} INFO - Filling up the DagBag from /home/pazzoti/de-upskilling/airflow-flight-price-analysis/venv/lib/python3.10/site-packages/airflow/example_dags/example_latest_only_with_trigger.py
[2026-02-06T09:12:55.218+0200] {processor.py:840} INFO - DAG(s) 'latest_only_with_trigger' retrieved from /home/pazzoti/de-upskilling/airflow-flight-price-analysis/venv/lib/python3.10/site-packages/airflow/example_dags/example_latest_only_with_trigger.py
[2026-02-06T09:12:55.229+0200] {logging_mixin.py:188} INFO - [2026-02-06T09:12:55.229+0200] {dag.py:3036} INFO - Sync 1 DAGs
[2026-02-06T09:12:55.241+0200] {logging_mixin.py:188} INFO - [2026-02-06T09:12:55.241+0200] {dag.py:3823} INFO - Setting next_dagrun for latest_only_with_trigger to 2026-02-06 00:00:00+00:00, run_after=2026-02-06 04:00:00+00:00
[2026-02-06T09:12:55.257+0200] {processor.py:183} INFO - Processing /home/pazzoti/de-upskilling/airflow-flight-price-analysis/venv/lib/python3.10/site-packages/airflow/example_dags/example_latest_only_with_trigger.py took 0.052 seconds
[2026-02-06T09:13:43.839+0200] {processor.py:161} INFO - Started process (PID=8661) to work on /home/pazzoti/de-upskilling/airflow-flight-price-analysis/venv/lib/python3.10/site-packages/airflow/example_dags/example_latest_only_with_trigger.py
[2026-02-06T09:13:43.843+0200] {processor.py:830} INFO - Processing file /home/pazzoti/de-upskilling/airflow-flight-price-analysis/venv/lib/python3.10/site-packages/airflow/example_dags/example_latest_only_with_trigger.py for tasks to queue
[2026-02-06T09:13:43.844+0200] {logging_mixin.py:188} INFO - [2026-02-06T09:13:43.844+0200] {dagbag.py:538} INFO - Filling up the DagBag from /home/pazzoti/de-upskilling/airflow-flight-price-analysis/venv/lib/python3.10/site-packages/airflow/example_dags/example_latest_only_with_trigger.py
[2026-02-06T09:13:43.849+0200] {processor.py:840} INFO - DAG(s) 'latest_only_with_trigger' retrieved from /home/pazzoti/de-upskilling/airflow-flight-price-analysis/venv/lib/python3.10/site-packages/airflow/example_dags/example_latest_only_with_trigger.py
[2026-02-06T09:13:43.860+0200] {logging_mixin.py:188} INFO - [2026-02-06T09:13:43.860+0200] {dag.py:3036} INFO - Sync 1 DAGs
[2026-02-06T09:13:43.871+0200] {logging_mixin.py:188} INFO - [2026-02-06T09:13:43.871+0200] {dag.py:3823} INFO - Setting next_dagrun for latest_only_with_trigger to 2026-02-06 00:00:00+00:00, run_after=2026-02-06 04:00:00+00:00
[2026-02-06T09:13:43.887+0200] {processor.py:183} INFO - Processing /home/pazzoti/de-upskilling/airflow-flight-price-analysis/venv/lib/python3.10/site-packages/airflow/example_dags/example_latest_only_with_trigger.py took 0.051 seconds
[2026-02-06T09:14:20.006+0200] {processor.py:161} INFO - Started process (PID=8817) to work on /home/pazzoti/de-upskilling/airflow-flight-price-analysis/venv/lib/python3.10/site-packages/airflow/example_dags/example_latest_only_with_trigger.py
[2026-02-06T09:14:20.009+0200] {processor.py:830} INFO - Processing file /home/pazzoti/de-upskilling/airflow-flight-price-analysis/venv/lib/python3.10/site-packages/airflow/example_dags/example_latest_only_with_trigger.py for tasks to queue
[2026-02-06T09:14:20.010+0200] {logging_mixin.py:188} INFO - [2026-02-06T09:14:20.009+0200] {dagbag.py:538} INFO - Filling up the DagBag from /home/pazzoti/de-upskilling/airflow-flight-price-analysis/venv/lib/python3.10/site-packages/airflow/example_dags/example_latest_only_with_trigger.py
[2026-02-06T09:14:20.020+0200] {processor.py:840} INFO - DAG(s) 'latest_only_with_trigger' retrieved from /home/pazzoti/de-upskilling/airflow-flight-price-analysis/venv/lib/python3.10/site-packages/airflow/example_dags/example_latest_only_with_trigger.py
[2026-02-06T09:14:20.036+0200] {logging_mixin.py:188} INFO - [2026-02-06T09:14:20.036+0200] {dag.py:3036} INFO - Sync 1 DAGs
[2026-02-06T09:14:20.047+0200] {logging_mixin.py:188} INFO - [2026-02-06T09:14:20.047+0200] {dag.py:3823} INFO - Setting next_dagrun for latest_only_with_trigger to 2026-02-06 00:00:00+00:00, run_after=2026-02-06 04:00:00+00:00
[2026-02-06T09:14:20.067+0200] {processor.py:183} INFO - Processing /home/pazzoti/de-upskilling/airflow-flight-price-analysis/venv/lib/python3.10/site-packages/airflow/example_dags/example_latest_only_with_trigger.py took 0.063 seconds
[2026-02-06T09:14:58.599+0200] {processor.py:161} INFO - Started process (PID=8996) to work on /home/pazzoti/de-upskilling/airflow-flight-price-analysis/venv/lib/python3.10/site-packages/airflow/example_dags/example_latest_only_with_trigger.py
[2026-02-06T09:14:58.612+0200] {processor.py:830} INFO - Processing file /home/pazzoti/de-upskilling/airflow-flight-price-analysis/venv/lib/python3.10/site-packages/airflow/example_dags/example_latest_only_with_trigger.py for tasks to queue
[2026-02-06T09:14:58.613+0200] {logging_mixin.py:188} INFO - [2026-02-06T09:14:58.613+0200] {dagbag.py:538} INFO - Filling up the DagBag from /home/pazzoti/de-upskilling/airflow-flight-price-analysis/venv/lib/python3.10/site-packages/airflow/example_dags/example_latest_only_with_trigger.py
[2026-02-06T09:14:58.617+0200] {processor.py:840} INFO - DAG(s) 'latest_only_with_trigger' retrieved from /home/pazzoti/de-upskilling/airflow-flight-price-analysis/venv/lib/python3.10/site-packages/airflow/example_dags/example_latest_only_with_trigger.py
[2026-02-06T09:14:58.630+0200] {logging_mixin.py:188} INFO - [2026-02-06T09:14:58.630+0200] {dag.py:3036} INFO - Sync 1 DAGs
[2026-02-06T09:14:58.650+0200] {logging_mixin.py:188} INFO - [2026-02-06T09:14:58.650+0200] {dag.py:3823} INFO - Setting next_dagrun for latest_only_with_trigger to 2026-02-06 00:00:00+00:00, run_after=2026-02-06 04:00:00+00:00
[2026-02-06T09:14:58.667+0200] {processor.py:183} INFO - Processing /home/pazzoti/de-upskilling/airflow-flight-price-analysis/venv/lib/python3.10/site-packages/airflow/example_dags/example_latest_only_with_trigger.py took 0.071 seconds
[2026-02-06T09:15:36.226+0200] {processor.py:161} INFO - Started process (PID=9172) to work on /home/pazzoti/de-upskilling/airflow-flight-price-analysis/venv/lib/python3.10/site-packages/airflow/example_dags/example_latest_only_with_trigger.py
[2026-02-06T09:15:36.227+0200] {processor.py:830} INFO - Processing file /home/pazzoti/de-upskilling/airflow-flight-price-analysis/venv/lib/python3.10/site-packages/airflow/example_dags/example_latest_only_with_trigger.py for tasks to queue
[2026-02-06T09:15:36.229+0200] {logging_mixin.py:188} INFO - [2026-02-06T09:15:36.228+0200] {dagbag.py:538} INFO - Filling up the DagBag from /home/pazzoti/de-upskilling/airflow-flight-price-analysis/venv/lib/python3.10/site-packages/airflow/example_dags/example_latest_only_with_trigger.py
[2026-02-06T09:15:36.238+0200] {processor.py:840} INFO - DAG(s) 'latest_only_with_trigger' retrieved from /home/pazzoti/de-upskilling/airflow-flight-price-analysis/venv/lib/python3.10/site-packages/airflow/example_dags/example_latest_only_with_trigger.py
[2026-02-06T09:15:36.249+0200] {logging_mixin.py:188} INFO - [2026-02-06T09:15:36.249+0200] {dag.py:3036} INFO - Sync 1 DAGs
[2026-02-06T09:15:36.267+0200] {logging_mixin.py:188} INFO - [2026-02-06T09:15:36.267+0200] {dag.py:3823} INFO - Setting next_dagrun for latest_only_with_trigger to 2026-02-06 00:00:00+00:00, run_after=2026-02-06 04:00:00+00:00
[2026-02-06T09:15:36.285+0200] {processor.py:183} INFO - Processing /home/pazzoti/de-upskilling/airflow-flight-price-analysis/venv/lib/python3.10/site-packages/airflow/example_dags/example_latest_only_with_trigger.py took 0.063 seconds
[2026-02-06T09:16:24.768+0200] {processor.py:161} INFO - Started process (PID=9433) to work on /home/pazzoti/de-upskilling/airflow-flight-price-analysis/venv/lib/python3.10/site-packages/airflow/example_dags/example_latest_only_with_trigger.py
[2026-02-06T09:16:24.772+0200] {processor.py:830} INFO - Processing file /home/pazzoti/de-upskilling/airflow-flight-price-analysis/venv/lib/python3.10/site-packages/airflow/example_dags/example_latest_only_with_trigger.py for tasks to queue
[2026-02-06T09:16:24.773+0200] {logging_mixin.py:188} INFO - [2026-02-06T09:16:24.773+0200] {dagbag.py:538} INFO - Filling up the DagBag from /home/pazzoti/de-upskilling/airflow-flight-price-analysis/venv/lib/python3.10/site-packages/airflow/example_dags/example_latest_only_with_trigger.py
[2026-02-06T09:16:24.780+0200] {processor.py:840} INFO - DAG(s) 'latest_only_with_trigger' retrieved from /home/pazzoti/de-upskilling/airflow-flight-price-analysis/venv/lib/python3.10/site-packages/airflow/example_dags/example_latest_only_with_trigger.py
[2026-02-06T09:16:24.793+0200] {logging_mixin.py:188} INFO - [2026-02-06T09:16:24.793+0200] {dag.py:3036} INFO - Sync 1 DAGs
[2026-02-06T09:16:24.805+0200] {logging_mixin.py:188} INFO - [2026-02-06T09:16:24.804+0200] {dag.py:3823} INFO - Setting next_dagrun for latest_only_with_trigger to 2026-02-06 00:00:00+00:00, run_after=2026-02-06 04:00:00+00:00
[2026-02-06T09:16:24.821+0200] {processor.py:183} INFO - Processing /home/pazzoti/de-upskilling/airflow-flight-price-analysis/venv/lib/python3.10/site-packages/airflow/example_dags/example_latest_only_with_trigger.py took 0.055 seconds
[2026-02-06T09:16:58.990+0200] {processor.py:161} INFO - Started process (PID=9587) to work on /home/pazzoti/de-upskilling/airflow-flight-price-analysis/venv/lib/python3.10/site-packages/airflow/example_dags/example_latest_only_with_trigger.py
[2026-02-06T09:16:58.992+0200] {processor.py:830} INFO - Processing file /home/pazzoti/de-upskilling/airflow-flight-price-analysis/venv/lib/python3.10/site-packages/airflow/example_dags/example_latest_only_with_trigger.py for tasks to queue
[2026-02-06T09:16:58.992+0200] {logging_mixin.py:188} INFO - [2026-02-06T09:16:58.992+0200] {dagbag.py:538} INFO - Filling up the DagBag from /home/pazzoti/de-upskilling/airflow-flight-price-analysis/venv/lib/python3.10/site-packages/airflow/example_dags/example_latest_only_with_trigger.py
[2026-02-06T09:16:58.996+0200] {processor.py:840} INFO - DAG(s) 'latest_only_with_trigger' retrieved from /home/pazzoti/de-upskilling/airflow-flight-price-analysis/venv/lib/python3.10/site-packages/airflow/example_dags/example_latest_only_with_trigger.py
[2026-02-06T09:16:59.008+0200] {logging_mixin.py:188} INFO - [2026-02-06T09:16:59.008+0200] {dag.py:3036} INFO - Sync 1 DAGs
[2026-02-06T09:16:59.018+0200] {logging_mixin.py:188} INFO - [2026-02-06T09:16:59.018+0200] {dag.py:3823} INFO - Setting next_dagrun for latest_only_with_trigger to 2026-02-06 00:00:00+00:00, run_after=2026-02-06 04:00:00+00:00
[2026-02-06T09:16:59.034+0200] {processor.py:183} INFO - Processing /home/pazzoti/de-upskilling/airflow-flight-price-analysis/venv/lib/python3.10/site-packages/airflow/example_dags/example_latest_only_with_trigger.py took 0.046 seconds
[2026-02-06T09:29:18.876+0200] {processor.py:161} INFO - Started process (PID=9875) to work on /home/pazzoti/de-upskilling/airflow-flight-price-analysis/venv/lib/python3.10/site-packages/airflow/example_dags/example_latest_only_with_trigger.py
[2026-02-06T09:29:18.879+0200] {processor.py:830} INFO - Processing file /home/pazzoti/de-upskilling/airflow-flight-price-analysis/venv/lib/python3.10/site-packages/airflow/example_dags/example_latest_only_with_trigger.py for tasks to queue
[2026-02-06T09:29:18.881+0200] {logging_mixin.py:188} INFO - [2026-02-06T09:29:18.880+0200] {dagbag.py:538} INFO - Filling up the DagBag from /home/pazzoti/de-upskilling/airflow-flight-price-analysis/venv/lib/python3.10/site-packages/airflow/example_dags/example_latest_only_with_trigger.py
[2026-02-06T09:29:18.886+0200] {processor.py:840} INFO - DAG(s) 'latest_only_with_trigger' retrieved from /home/pazzoti/de-upskilling/airflow-flight-price-analysis/venv/lib/python3.10/site-packages/airflow/example_dags/example_latest_only_with_trigger.py
[2026-02-06T09:29:18.898+0200] {logging_mixin.py:188} INFO - [2026-02-06T09:29:18.898+0200] {dag.py:3036} INFO - Sync 1 DAGs
[2026-02-06T09:29:18.913+0200] {logging_mixin.py:188} INFO - [2026-02-06T09:29:18.913+0200] {dag.py:3823} INFO - Setting next_dagrun for latest_only_with_trigger to 2026-02-06 00:00:00+00:00, run_after=2026-02-06 04:00:00+00:00
[2026-02-06T09:29:18.936+0200] {processor.py:183} INFO - Processing /home/pazzoti/de-upskilling/airflow-flight-price-analysis/venv/lib/python3.10/site-packages/airflow/example_dags/example_latest_only_with_trigger.py took 0.063 seconds
[2026-02-06T09:30:00.715+0200] {processor.py:161} INFO - Started process (PID=9955) to work on /home/pazzoti/de-upskilling/airflow-flight-price-analysis/venv/lib/python3.10/site-packages/airflow/example_dags/example_latest_only_with_trigger.py
[2026-02-06T09:30:00.720+0200] {processor.py:830} INFO - Processing file /home/pazzoti/de-upskilling/airflow-flight-price-analysis/venv/lib/python3.10/site-packages/airflow/example_dags/example_latest_only_with_trigger.py for tasks to queue
[2026-02-06T09:30:00.721+0200] {logging_mixin.py:188} INFO - [2026-02-06T09:30:00.720+0200] {dagbag.py:538} INFO - Filling up the DagBag from /home/pazzoti/de-upskilling/airflow-flight-price-analysis/venv/lib/python3.10/site-packages/airflow/example_dags/example_latest_only_with_trigger.py
[2026-02-06T09:30:00.729+0200] {processor.py:840} INFO - DAG(s) 'latest_only_with_trigger' retrieved from /home/pazzoti/de-upskilling/airflow-flight-price-analysis/venv/lib/python3.10/site-packages/airflow/example_dags/example_latest_only_with_trigger.py
[2026-02-06T09:30:00.747+0200] {logging_mixin.py:188} INFO - [2026-02-06T09:30:00.746+0200] {dag.py:3036} INFO - Sync 1 DAGs
[2026-02-06T09:30:00.769+0200] {logging_mixin.py:188} INFO - [2026-02-06T09:30:00.768+0200] {dag.py:3823} INFO - Setting next_dagrun for latest_only_with_trigger to 2026-02-06 00:00:00+00:00, run_after=2026-02-06 04:00:00+00:00
[2026-02-06T09:30:00.791+0200] {processor.py:183} INFO - Processing /home/pazzoti/de-upskilling/airflow-flight-price-analysis/venv/lib/python3.10/site-packages/airflow/example_dags/example_latest_only_with_trigger.py took 0.080 seconds
[2026-02-06T09:30:44.252+0200] {processor.py:161} INFO - Started process (PID=10022) to work on /home/pazzoti/de-upskilling/airflow-flight-price-analysis/venv/lib/python3.10/site-packages/airflow/example_dags/example_latest_only_with_trigger.py
[2026-02-06T09:30:44.259+0200] {processor.py:830} INFO - Processing file /home/pazzoti/de-upskilling/airflow-flight-price-analysis/venv/lib/python3.10/site-packages/airflow/example_dags/example_latest_only_with_trigger.py for tasks to queue
[2026-02-06T09:30:44.260+0200] {logging_mixin.py:188} INFO - [2026-02-06T09:30:44.260+0200] {dagbag.py:538} INFO - Filling up the DagBag from /home/pazzoti/de-upskilling/airflow-flight-price-analysis/venv/lib/python3.10/site-packages/airflow/example_dags/example_latest_only_with_trigger.py
[2026-02-06T09:30:44.265+0200] {processor.py:840} INFO - DAG(s) 'latest_only_with_trigger' retrieved from /home/pazzoti/de-upskilling/airflow-flight-price-analysis/venv/lib/python3.10/site-packages/airflow/example_dags/example_latest_only_with_trigger.py
[2026-02-06T09:30:44.278+0200] {logging_mixin.py:188} INFO - [2026-02-06T09:30:44.278+0200] {dag.py:3036} INFO - Sync 1 DAGs
[2026-02-06T09:30:44.292+0200] {logging_mixin.py:188} INFO - [2026-02-06T09:30:44.291+0200] {dag.py:3823} INFO - Setting next_dagrun for latest_only_with_trigger to 2026-02-06 00:00:00+00:00, run_after=2026-02-06 04:00:00+00:00
[2026-02-06T09:30:44.312+0200] {processor.py:183} INFO - Processing /home/pazzoti/de-upskilling/airflow-flight-price-analysis/venv/lib/python3.10/site-packages/airflow/example_dags/example_latest_only_with_trigger.py took 0.062 seconds
[2026-02-06T09:31:25.363+0200] {processor.py:161} INFO - Started process (PID=10093) to work on /home/pazzoti/de-upskilling/airflow-flight-price-analysis/venv/lib/python3.10/site-packages/airflow/example_dags/example_latest_only_with_trigger.py
[2026-02-06T09:31:25.364+0200] {processor.py:830} INFO - Processing file /home/pazzoti/de-upskilling/airflow-flight-price-analysis/venv/lib/python3.10/site-packages/airflow/example_dags/example_latest_only_with_trigger.py for tasks to queue
[2026-02-06T09:31:25.365+0200] {logging_mixin.py:188} INFO - [2026-02-06T09:31:25.365+0200] {dagbag.py:538} INFO - Filling up the DagBag from /home/pazzoti/de-upskilling/airflow-flight-price-analysis/venv/lib/python3.10/site-packages/airflow/example_dags/example_latest_only_with_trigger.py
[2026-02-06T09:31:25.369+0200] {processor.py:840} INFO - DAG(s) 'latest_only_with_trigger' retrieved from /home/pazzoti/de-upskilling/airflow-flight-price-analysis/venv/lib/python3.10/site-packages/airflow/example_dags/example_latest_only_with_trigger.py
[2026-02-06T09:31:25.379+0200] {logging_mixin.py:188} INFO - [2026-02-06T09:31:25.379+0200] {dag.py:3036} INFO - Sync 1 DAGs
[2026-02-06T09:31:25.389+0200] {logging_mixin.py:188} INFO - [2026-02-06T09:31:25.389+0200] {dag.py:3823} INFO - Setting next_dagrun for latest_only_with_trigger to 2026-02-06 00:00:00+00:00, run_after=2026-02-06 04:00:00+00:00
[2026-02-06T09:31:25.407+0200] {processor.py:183} INFO - Processing /home/pazzoti/de-upskilling/airflow-flight-price-analysis/venv/lib/python3.10/site-packages/airflow/example_dags/example_latest_only_with_trigger.py took 0.046 seconds
[2026-02-06T09:32:13.973+0200] {processor.py:161} INFO - Started process (PID=10180) to work on /home/pazzoti/de-upskilling/airflow-flight-price-analysis/venv/lib/python3.10/site-packages/airflow/example_dags/example_latest_only_with_trigger.py
[2026-02-06T09:32:13.979+0200] {processor.py:830} INFO - Processing file /home/pazzoti/de-upskilling/airflow-flight-price-analysis/venv/lib/python3.10/site-packages/airflow/example_dags/example_latest_only_with_trigger.py for tasks to queue
[2026-02-06T09:32:13.980+0200] {logging_mixin.py:188} INFO - [2026-02-06T09:32:13.980+0200] {dagbag.py:538} INFO - Filling up the DagBag from /home/pazzoti/de-upskilling/airflow-flight-price-analysis/venv/lib/python3.10/site-packages/airflow/example_dags/example_latest_only_with_trigger.py
[2026-02-06T09:32:13.986+0200] {processor.py:840} INFO - DAG(s) 'latest_only_with_trigger' retrieved from /home/pazzoti/de-upskilling/airflow-flight-price-analysis/venv/lib/python3.10/site-packages/airflow/example_dags/example_latest_only_with_trigger.py
[2026-02-06T09:32:13.998+0200] {logging_mixin.py:188} INFO - [2026-02-06T09:32:13.998+0200] {dag.py:3036} INFO - Sync 1 DAGs
[2026-02-06T09:32:14.012+0200] {logging_mixin.py:188} INFO - [2026-02-06T09:32:14.011+0200] {dag.py:3823} INFO - Setting next_dagrun for latest_only_with_trigger to 2026-02-06 00:00:00+00:00, run_after=2026-02-06 04:00:00+00:00
[2026-02-06T09:32:14.029+0200] {processor.py:183} INFO - Processing /home/pazzoti/de-upskilling/airflow-flight-price-analysis/venv/lib/python3.10/site-packages/airflow/example_dags/example_latest_only_with_trigger.py took 0.058 seconds
[2026-02-06T09:32:49.920+0200] {processor.py:161} INFO - Started process (PID=10282) to work on /home/pazzoti/de-upskilling/airflow-flight-price-analysis/venv/lib/python3.10/site-packages/airflow/example_dags/example_latest_only_with_trigger.py
[2026-02-06T09:32:49.927+0200] {processor.py:830} INFO - Processing file /home/pazzoti/de-upskilling/airflow-flight-price-analysis/venv/lib/python3.10/site-packages/airflow/example_dags/example_latest_only_with_trigger.py for tasks to queue
[2026-02-06T09:32:49.929+0200] {logging_mixin.py:188} INFO - [2026-02-06T09:32:49.928+0200] {dagbag.py:538} INFO - Filling up the DagBag from /home/pazzoti/de-upskilling/airflow-flight-price-analysis/venv/lib/python3.10/site-packages/airflow/example_dags/example_latest_only_with_trigger.py
[2026-02-06T09:32:49.933+0200] {processor.py:840} INFO - DAG(s) 'latest_only_with_trigger' retrieved from /home/pazzoti/de-upskilling/airflow-flight-price-analysis/venv/lib/python3.10/site-packages/airflow/example_dags/example_latest_only_with_trigger.py
[2026-02-06T09:32:49.943+0200] {logging_mixin.py:188} INFO - [2026-02-06T09:32:49.943+0200] {dag.py:3036} INFO - Sync 1 DAGs
[2026-02-06T09:32:49.954+0200] {logging_mixin.py:188} INFO - [2026-02-06T09:32:49.954+0200] {dag.py:3823} INFO - Setting next_dagrun for latest_only_with_trigger to 2026-02-06 00:00:00+00:00, run_after=2026-02-06 04:00:00+00:00
[2026-02-06T09:32:49.973+0200] {processor.py:183} INFO - Processing /home/pazzoti/de-upskilling/airflow-flight-price-analysis/venv/lib/python3.10/site-packages/airflow/example_dags/example_latest_only_with_trigger.py took 0.056 seconds
[2026-02-06T09:33:36.880+0200] {processor.py:161} INFO - Started process (PID=10347) to work on /home/pazzoti/de-upskilling/airflow-flight-price-analysis/venv/lib/python3.10/site-packages/airflow/example_dags/example_latest_only_with_trigger.py
[2026-02-06T09:33:36.882+0200] {processor.py:830} INFO - Processing file /home/pazzoti/de-upskilling/airflow-flight-price-analysis/venv/lib/python3.10/site-packages/airflow/example_dags/example_latest_only_with_trigger.py for tasks to queue
[2026-02-06T09:33:36.884+0200] {logging_mixin.py:188} INFO - [2026-02-06T09:33:36.883+0200] {dagbag.py:538} INFO - Filling up the DagBag from /home/pazzoti/de-upskilling/airflow-flight-price-analysis/venv/lib/python3.10/site-packages/airflow/example_dags/example_latest_only_with_trigger.py
[2026-02-06T09:33:36.895+0200] {processor.py:840} INFO - DAG(s) 'latest_only_with_trigger' retrieved from /home/pazzoti/de-upskilling/airflow-flight-price-analysis/venv/lib/python3.10/site-packages/airflow/example_dags/example_latest_only_with_trigger.py
[2026-02-06T09:33:36.914+0200] {logging_mixin.py:188} INFO - [2026-02-06T09:33:36.913+0200] {dag.py:3036} INFO - Sync 1 DAGs
[2026-02-06T09:33:36.941+0200] {logging_mixin.py:188} INFO - [2026-02-06T09:33:36.940+0200] {dag.py:3823} INFO - Setting next_dagrun for latest_only_with_trigger to 2026-02-06 00:00:00+00:00, run_after=2026-02-06 04:00:00+00:00
[2026-02-06T09:33:37.003+0200] {processor.py:183} INFO - Processing /home/pazzoti/de-upskilling/airflow-flight-price-analysis/venv/lib/python3.10/site-packages/airflow/example_dags/example_latest_only_with_trigger.py took 0.134 seconds
[2026-02-06T09:34:27.771+0200] {processor.py:161} INFO - Started process (PID=10435) to work on /home/pazzoti/de-upskilling/airflow-flight-price-analysis/venv/lib/python3.10/site-packages/airflow/example_dags/example_latest_only_with_trigger.py
[2026-02-06T09:34:27.774+0200] {processor.py:830} INFO - Processing file /home/pazzoti/de-upskilling/airflow-flight-price-analysis/venv/lib/python3.10/site-packages/airflow/example_dags/example_latest_only_with_trigger.py for tasks to queue
[2026-02-06T09:34:27.776+0200] {logging_mixin.py:188} INFO - [2026-02-06T09:34:27.776+0200] {dagbag.py:538} INFO - Filling up the DagBag from /home/pazzoti/de-upskilling/airflow-flight-price-analysis/venv/lib/python3.10/site-packages/airflow/example_dags/example_latest_only_with_trigger.py
[2026-02-06T09:34:27.781+0200] {processor.py:840} INFO - DAG(s) 'latest_only_with_trigger' retrieved from /home/pazzoti/de-upskilling/airflow-flight-price-analysis/venv/lib/python3.10/site-packages/airflow/example_dags/example_latest_only_with_trigger.py
[2026-02-06T09:34:27.795+0200] {logging_mixin.py:188} INFO - [2026-02-06T09:34:27.795+0200] {dag.py:3036} INFO - Sync 1 DAGs
[2026-02-06T09:34:27.808+0200] {logging_mixin.py:188} INFO - [2026-02-06T09:34:27.808+0200] {dag.py:3823} INFO - Setting next_dagrun for latest_only_with_trigger to 2026-02-06 00:00:00+00:00, run_after=2026-02-06 04:00:00+00:00
[2026-02-06T09:34:27.826+0200] {processor.py:183} INFO - Processing /home/pazzoti/de-upskilling/airflow-flight-price-analysis/venv/lib/python3.10/site-packages/airflow/example_dags/example_latest_only_with_trigger.py took 0.059 seconds
