[2026-02-06T09:01:35.493+0200] {processor.py:161} INFO - Started process (PID=4353) to work on /home/pazzoti/de-upskilling/airflow-flight-price-analysis/venv/lib/python3.10/site-packages/airflow/example_dags/example_sensor_decorator.py
[2026-02-06T09:01:35.493+0200] {processor.py:830} INFO - Processing file /home/pazzoti/de-upskilling/airflow-flight-price-analysis/venv/lib/python3.10/site-packages/airflow/example_dags/example_sensor_decorator.py for tasks to queue
[2026-02-06T09:01:35.494+0200] {logging_mixin.py:188} INFO - [2026-02-06T09:01:35.494+0200] {dagbag.py:538} INFO - Filling up the DagBag from /home/pazzoti/de-upskilling/airflow-flight-price-analysis/venv/lib/python3.10/site-packages/airflow/example_dags/example_sensor_decorator.py
[2026-02-06T09:01:35.500+0200] {processor.py:840} INFO - DAG(s) 'example_sensor_decorator' retrieved from /home/pazzoti/de-upskilling/airflow-flight-price-analysis/venv/lib/python3.10/site-packages/airflow/example_dags/example_sensor_decorator.py
[2026-02-06T09:01:35.515+0200] {logging_mixin.py:188} INFO - [2026-02-06T09:01:35.515+0200] {dag.py:3036} INFO - Sync 1 DAGs
[2026-02-06T09:01:35.523+0200] {logging_mixin.py:188} INFO - [2026-02-06T09:01:35.522+0200] {dag.py:3823} INFO - Setting next_dagrun for example_sensor_decorator to None, run_after=None
[2026-02-06T09:01:35.548+0200] {processor.py:183} INFO - Processing /home/pazzoti/de-upskilling/airflow-flight-price-analysis/venv/lib/python3.10/site-packages/airflow/example_dags/example_sensor_decorator.py took 0.057 seconds
[2026-02-06T09:02:25.661+0200] {processor.py:161} INFO - Started process (PID=4860) to work on /home/pazzoti/de-upskilling/airflow-flight-price-analysis/venv/lib/python3.10/site-packages/airflow/example_dags/example_sensor_decorator.py
[2026-02-06T09:02:25.668+0200] {processor.py:830} INFO - Processing file /home/pazzoti/de-upskilling/airflow-flight-price-analysis/venv/lib/python3.10/site-packages/airflow/example_dags/example_sensor_decorator.py for tasks to queue
[2026-02-06T09:02:25.669+0200] {logging_mixin.py:188} INFO - [2026-02-06T09:02:25.669+0200] {dagbag.py:538} INFO - Filling up the DagBag from /home/pazzoti/de-upskilling/airflow-flight-price-analysis/venv/lib/python3.10/site-packages/airflow/example_dags/example_sensor_decorator.py
[2026-02-06T09:02:25.673+0200] {processor.py:840} INFO - DAG(s) 'example_sensor_decorator' retrieved from /home/pazzoti/de-upskilling/airflow-flight-price-analysis/venv/lib/python3.10/site-packages/airflow/example_dags/example_sensor_decorator.py
[2026-02-06T09:02:25.682+0200] {logging_mixin.py:188} INFO - [2026-02-06T09:02:25.682+0200] {dag.py:3036} INFO - Sync 1 DAGs
[2026-02-06T09:02:25.689+0200] {logging_mixin.py:188} INFO - [2026-02-06T09:02:25.689+0200] {dag.py:3823} INFO - Setting next_dagrun for example_sensor_decorator to None, run_after=None
[2026-02-06T09:02:25.705+0200] {processor.py:183} INFO - Processing /home/pazzoti/de-upskilling/airflow-flight-price-analysis/venv/lib/python3.10/site-packages/airflow/example_dags/example_sensor_decorator.py took 0.046 seconds
[2026-02-06T09:03:14.553+0200] {processor.py:161} INFO - Started process (PID=5092) to work on /home/pazzoti/de-upskilling/airflow-flight-price-analysis/venv/lib/python3.10/site-packages/airflow/example_dags/example_sensor_decorator.py
[2026-02-06T09:03:14.556+0200] {processor.py:830} INFO - Processing file /home/pazzoti/de-upskilling/airflow-flight-price-analysis/venv/lib/python3.10/site-packages/airflow/example_dags/example_sensor_decorator.py for tasks to queue
[2026-02-06T09:03:14.557+0200] {logging_mixin.py:188} INFO - [2026-02-06T09:03:14.556+0200] {dagbag.py:538} INFO - Filling up the DagBag from /home/pazzoti/de-upskilling/airflow-flight-price-analysis/venv/lib/python3.10/site-packages/airflow/example_dags/example_sensor_decorator.py
[2026-02-06T09:03:14.561+0200] {processor.py:840} INFO - DAG(s) 'example_sensor_decorator' retrieved from /home/pazzoti/de-upskilling/airflow-flight-price-analysis/venv/lib/python3.10/site-packages/airflow/example_dags/example_sensor_decorator.py
[2026-02-06T09:03:14.573+0200] {logging_mixin.py:188} INFO - [2026-02-06T09:03:14.573+0200] {dag.py:3036} INFO - Sync 1 DAGs
[2026-02-06T09:03:14.581+0200] {logging_mixin.py:188} INFO - [2026-02-06T09:03:14.581+0200] {dag.py:3823} INFO - Setting next_dagrun for example_sensor_decorator to None, run_after=None
[2026-02-06T09:03:14.599+0200] {processor.py:183} INFO - Processing /home/pazzoti/de-upskilling/airflow-flight-price-analysis/venv/lib/python3.10/site-packages/airflow/example_dags/example_sensor_decorator.py took 0.048 seconds
[2026-02-06T09:04:07.990+0200] {processor.py:161} INFO - Started process (PID=5332) to work on /home/pazzoti/de-upskilling/airflow-flight-price-analysis/venv/lib/python3.10/site-packages/airflow/example_dags/example_sensor_decorator.py
[2026-02-06T09:04:07.994+0200] {processor.py:830} INFO - Processing file /home/pazzoti/de-upskilling/airflow-flight-price-analysis/venv/lib/python3.10/site-packages/airflow/example_dags/example_sensor_decorator.py for tasks to queue
[2026-02-06T09:04:07.995+0200] {logging_mixin.py:188} INFO - [2026-02-06T09:04:07.995+0200] {dagbag.py:538} INFO - Filling up the DagBag from /home/pazzoti/de-upskilling/airflow-flight-price-analysis/venv/lib/python3.10/site-packages/airflow/example_dags/example_sensor_decorator.py
[2026-02-06T09:04:08.000+0200] {processor.py:840} INFO - DAG(s) 'example_sensor_decorator' retrieved from /home/pazzoti/de-upskilling/airflow-flight-price-analysis/venv/lib/python3.10/site-packages/airflow/example_dags/example_sensor_decorator.py
[2026-02-06T09:04:08.017+0200] {logging_mixin.py:188} INFO - [2026-02-06T09:04:08.017+0200] {dag.py:3036} INFO - Sync 1 DAGs
[2026-02-06T09:04:08.027+0200] {logging_mixin.py:188} INFO - [2026-02-06T09:04:08.027+0200] {dag.py:3823} INFO - Setting next_dagrun for example_sensor_decorator to None, run_after=None
[2026-02-06T09:04:08.053+0200] {processor.py:183} INFO - Processing /home/pazzoti/de-upskilling/airflow-flight-price-analysis/venv/lib/python3.10/site-packages/airflow/example_dags/example_sensor_decorator.py took 0.066 seconds
[2026-02-06T09:05:03.744+0200] {processor.py:161} INFO - Started process (PID=5628) to work on /home/pazzoti/de-upskilling/airflow-flight-price-analysis/venv/lib/python3.10/site-packages/airflow/example_dags/example_sensor_decorator.py
[2026-02-06T09:05:03.748+0200] {processor.py:830} INFO - Processing file /home/pazzoti/de-upskilling/airflow-flight-price-analysis/venv/lib/python3.10/site-packages/airflow/example_dags/example_sensor_decorator.py for tasks to queue
[2026-02-06T09:05:03.750+0200] {logging_mixin.py:188} INFO - [2026-02-06T09:05:03.749+0200] {dagbag.py:538} INFO - Filling up the DagBag from /home/pazzoti/de-upskilling/airflow-flight-price-analysis/venv/lib/python3.10/site-packages/airflow/example_dags/example_sensor_decorator.py
[2026-02-06T09:05:03.754+0200] {processor.py:840} INFO - DAG(s) 'example_sensor_decorator' retrieved from /home/pazzoti/de-upskilling/airflow-flight-price-analysis/venv/lib/python3.10/site-packages/airflow/example_dags/example_sensor_decorator.py
[2026-02-06T09:05:03.764+0200] {logging_mixin.py:188} INFO - [2026-02-06T09:05:03.764+0200] {dag.py:3036} INFO - Sync 1 DAGs
[2026-02-06T09:05:03.771+0200] {logging_mixin.py:188} INFO - [2026-02-06T09:05:03.771+0200] {dag.py:3823} INFO - Setting next_dagrun for example_sensor_decorator to None, run_after=None
[2026-02-06T09:05:03.787+0200] {processor.py:183} INFO - Processing /home/pazzoti/de-upskilling/airflow-flight-price-analysis/venv/lib/python3.10/site-packages/airflow/example_dags/example_sensor_decorator.py took 0.046 seconds
[2026-02-06T09:05:59.727+0200] {processor.py:161} INFO - Started process (PID=5894) to work on /home/pazzoti/de-upskilling/airflow-flight-price-analysis/venv/lib/python3.10/site-packages/airflow/example_dags/example_sensor_decorator.py
[2026-02-06T09:05:59.729+0200] {processor.py:830} INFO - Processing file /home/pazzoti/de-upskilling/airflow-flight-price-analysis/venv/lib/python3.10/site-packages/airflow/example_dags/example_sensor_decorator.py for tasks to queue
[2026-02-06T09:05:59.730+0200] {logging_mixin.py:188} INFO - [2026-02-06T09:05:59.730+0200] {dagbag.py:538} INFO - Filling up the DagBag from /home/pazzoti/de-upskilling/airflow-flight-price-analysis/venv/lib/python3.10/site-packages/airflow/example_dags/example_sensor_decorator.py
[2026-02-06T09:05:59.735+0200] {processor.py:840} INFO - DAG(s) 'example_sensor_decorator' retrieved from /home/pazzoti/de-upskilling/airflow-flight-price-analysis/venv/lib/python3.10/site-packages/airflow/example_dags/example_sensor_decorator.py
[2026-02-06T09:05:59.748+0200] {logging_mixin.py:188} INFO - [2026-02-06T09:05:59.748+0200] {dag.py:3036} INFO - Sync 1 DAGs
[2026-02-06T09:05:59.754+0200] {logging_mixin.py:188} INFO - [2026-02-06T09:05:59.754+0200] {dag.py:3823} INFO - Setting next_dagrun for example_sensor_decorator to None, run_after=None
[2026-02-06T09:05:59.771+0200] {processor.py:183} INFO - Processing /home/pazzoti/de-upskilling/airflow-flight-price-analysis/venv/lib/python3.10/site-packages/airflow/example_dags/example_sensor_decorator.py took 0.046 seconds
[2026-02-06T09:06:55.141+0200] {processor.py:161} INFO - Started process (PID=6167) to work on /home/pazzoti/de-upskilling/airflow-flight-price-analysis/venv/lib/python3.10/site-packages/airflow/example_dags/example_sensor_decorator.py
[2026-02-06T09:06:55.143+0200] {processor.py:830} INFO - Processing file /home/pazzoti/de-upskilling/airflow-flight-price-analysis/venv/lib/python3.10/site-packages/airflow/example_dags/example_sensor_decorator.py for tasks to queue
[2026-02-06T09:06:55.143+0200] {logging_mixin.py:188} INFO - [2026-02-06T09:06:55.143+0200] {dagbag.py:538} INFO - Filling up the DagBag from /home/pazzoti/de-upskilling/airflow-flight-price-analysis/venv/lib/python3.10/site-packages/airflow/example_dags/example_sensor_decorator.py
[2026-02-06T09:06:55.150+0200] {processor.py:840} INFO - DAG(s) 'example_sensor_decorator' retrieved from /home/pazzoti/de-upskilling/airflow-flight-price-analysis/venv/lib/python3.10/site-packages/airflow/example_dags/example_sensor_decorator.py
[2026-02-06T09:06:55.164+0200] {logging_mixin.py:188} INFO - [2026-02-06T09:06:55.163+0200] {dag.py:3036} INFO - Sync 1 DAGs
[2026-02-06T09:06:55.173+0200] {logging_mixin.py:188} INFO - [2026-02-06T09:06:55.173+0200] {dag.py:3823} INFO - Setting next_dagrun for example_sensor_decorator to None, run_after=None
[2026-02-06T09:06:55.200+0200] {processor.py:183} INFO - Processing /home/pazzoti/de-upskilling/airflow-flight-price-analysis/venv/lib/python3.10/site-packages/airflow/example_dags/example_sensor_decorator.py took 0.061 seconds
[2026-02-06T09:07:48.410+0200] {processor.py:161} INFO - Started process (PID=6469) to work on /home/pazzoti/de-upskilling/airflow-flight-price-analysis/venv/lib/python3.10/site-packages/airflow/example_dags/example_sensor_decorator.py
[2026-02-06T09:07:48.412+0200] {processor.py:830} INFO - Processing file /home/pazzoti/de-upskilling/airflow-flight-price-analysis/venv/lib/python3.10/site-packages/airflow/example_dags/example_sensor_decorator.py for tasks to queue
[2026-02-06T09:07:48.413+0200] {logging_mixin.py:188} INFO - [2026-02-06T09:07:48.412+0200] {dagbag.py:538} INFO - Filling up the DagBag from /home/pazzoti/de-upskilling/airflow-flight-price-analysis/venv/lib/python3.10/site-packages/airflow/example_dags/example_sensor_decorator.py
[2026-02-06T09:07:48.417+0200] {processor.py:840} INFO - DAG(s) 'example_sensor_decorator' retrieved from /home/pazzoti/de-upskilling/airflow-flight-price-analysis/venv/lib/python3.10/site-packages/airflow/example_dags/example_sensor_decorator.py
[2026-02-06T09:07:48.429+0200] {logging_mixin.py:188} INFO - [2026-02-06T09:07:48.429+0200] {dag.py:3036} INFO - Sync 1 DAGs
[2026-02-06T09:07:48.436+0200] {logging_mixin.py:188} INFO - [2026-02-06T09:07:48.436+0200] {dag.py:3823} INFO - Setting next_dagrun for example_sensor_decorator to None, run_after=None
[2026-02-06T09:07:48.453+0200] {processor.py:183} INFO - Processing /home/pazzoti/de-upskilling/airflow-flight-price-analysis/venv/lib/python3.10/site-packages/airflow/example_dags/example_sensor_decorator.py took 0.045 seconds
[2026-02-06T09:08:43.105+0200] {processor.py:161} INFO - Started process (PID=6725) to work on /home/pazzoti/de-upskilling/airflow-flight-price-analysis/venv/lib/python3.10/site-packages/airflow/example_dags/example_sensor_decorator.py
[2026-02-06T09:08:43.107+0200] {processor.py:830} INFO - Processing file /home/pazzoti/de-upskilling/airflow-flight-price-analysis/venv/lib/python3.10/site-packages/airflow/example_dags/example_sensor_decorator.py for tasks to queue
[2026-02-06T09:08:43.108+0200] {logging_mixin.py:188} INFO - [2026-02-06T09:08:43.108+0200] {dagbag.py:538} INFO - Filling up the DagBag from /home/pazzoti/de-upskilling/airflow-flight-price-analysis/venv/lib/python3.10/site-packages/airflow/example_dags/example_sensor_decorator.py
[2026-02-06T09:08:43.112+0200] {processor.py:840} INFO - DAG(s) 'example_sensor_decorator' retrieved from /home/pazzoti/de-upskilling/airflow-flight-price-analysis/venv/lib/python3.10/site-packages/airflow/example_dags/example_sensor_decorator.py
[2026-02-06T09:08:43.122+0200] {logging_mixin.py:188} INFO - [2026-02-06T09:08:43.121+0200] {dag.py:3036} INFO - Sync 1 DAGs
[2026-02-06T09:08:43.128+0200] {logging_mixin.py:188} INFO - [2026-02-06T09:08:43.128+0200] {dag.py:3823} INFO - Setting next_dagrun for example_sensor_decorator to None, run_after=None
[2026-02-06T09:08:43.144+0200] {processor.py:183} INFO - Processing /home/pazzoti/de-upskilling/airflow-flight-price-analysis/venv/lib/python3.10/site-packages/airflow/example_dags/example_sensor_decorator.py took 0.043 seconds
[2026-02-06T09:09:42.088+0200] {processor.py:161} INFO - Started process (PID=6989) to work on /home/pazzoti/de-upskilling/airflow-flight-price-analysis/venv/lib/python3.10/site-packages/airflow/example_dags/example_sensor_decorator.py
[2026-02-06T09:09:42.092+0200] {processor.py:830} INFO - Processing file /home/pazzoti/de-upskilling/airflow-flight-price-analysis/venv/lib/python3.10/site-packages/airflow/example_dags/example_sensor_decorator.py for tasks to queue
[2026-02-06T09:09:42.094+0200] {logging_mixin.py:188} INFO - [2026-02-06T09:09:42.093+0200] {dagbag.py:538} INFO - Filling up the DagBag from /home/pazzoti/de-upskilling/airflow-flight-price-analysis/venv/lib/python3.10/site-packages/airflow/example_dags/example_sensor_decorator.py
[2026-02-06T09:09:42.101+0200] {processor.py:840} INFO - DAG(s) 'example_sensor_decorator' retrieved from /home/pazzoti/de-upskilling/airflow-flight-price-analysis/venv/lib/python3.10/site-packages/airflow/example_dags/example_sensor_decorator.py
[2026-02-06T09:09:42.120+0200] {logging_mixin.py:188} INFO - [2026-02-06T09:09:42.120+0200] {dag.py:3036} INFO - Sync 1 DAGs
[2026-02-06T09:09:42.130+0200] {logging_mixin.py:188} INFO - [2026-02-06T09:09:42.129+0200] {dag.py:3823} INFO - Setting next_dagrun for example_sensor_decorator to None, run_after=None
[2026-02-06T09:09:42.154+0200] {processor.py:183} INFO - Processing /home/pazzoti/de-upskilling/airflow-flight-price-analysis/venv/lib/python3.10/site-packages/airflow/example_dags/example_sensor_decorator.py took 0.069 seconds
[2026-02-06T09:11:43.041+0200] {processor.py:161} INFO - Started process (PID=8038) to work on /home/pazzoti/de-upskilling/airflow-flight-price-analysis/venv/lib/python3.10/site-packages/airflow/example_dags/example_sensor_decorator.py
[2026-02-06T09:11:43.043+0200] {processor.py:830} INFO - Processing file /home/pazzoti/de-upskilling/airflow-flight-price-analysis/venv/lib/python3.10/site-packages/airflow/example_dags/example_sensor_decorator.py for tasks to queue
[2026-02-06T09:11:43.044+0200] {logging_mixin.py:188} INFO - [2026-02-06T09:11:43.043+0200] {dagbag.py:538} INFO - Filling up the DagBag from /home/pazzoti/de-upskilling/airflow-flight-price-analysis/venv/lib/python3.10/site-packages/airflow/example_dags/example_sensor_decorator.py
[2026-02-06T09:11:43.054+0200] {processor.py:840} INFO - DAG(s) 'example_sensor_decorator' retrieved from /home/pazzoti/de-upskilling/airflow-flight-price-analysis/venv/lib/python3.10/site-packages/airflow/example_dags/example_sensor_decorator.py
[2026-02-06T09:11:43.075+0200] {logging_mixin.py:188} INFO - [2026-02-06T09:11:43.074+0200] {dag.py:3036} INFO - Sync 1 DAGs
[2026-02-06T09:11:43.084+0200] {logging_mixin.py:188} INFO - [2026-02-06T09:11:43.084+0200] {dag.py:3823} INFO - Setting next_dagrun for example_sensor_decorator to None, run_after=None
[2026-02-06T09:11:43.129+0200] {processor.py:183} INFO - Processing /home/pazzoti/de-upskilling/airflow-flight-price-analysis/venv/lib/python3.10/site-packages/airflow/example_dags/example_sensor_decorator.py took 0.092 seconds
[2026-02-06T09:12:32.988+0200] {processor.py:161} INFO - Started process (PID=8322) to work on /home/pazzoti/de-upskilling/airflow-flight-price-analysis/venv/lib/python3.10/site-packages/airflow/example_dags/example_sensor_decorator.py
[2026-02-06T09:12:32.990+0200] {processor.py:830} INFO - Processing file /home/pazzoti/de-upskilling/airflow-flight-price-analysis/venv/lib/python3.10/site-packages/airflow/example_dags/example_sensor_decorator.py for tasks to queue
[2026-02-06T09:12:32.990+0200] {logging_mixin.py:188} INFO - [2026-02-06T09:12:32.990+0200] {dagbag.py:538} INFO - Filling up the DagBag from /home/pazzoti/de-upskilling/airflow-flight-price-analysis/venv/lib/python3.10/site-packages/airflow/example_dags/example_sensor_decorator.py
[2026-02-06T09:12:32.995+0200] {processor.py:840} INFO - DAG(s) 'example_sensor_decorator' retrieved from /home/pazzoti/de-upskilling/airflow-flight-price-analysis/venv/lib/python3.10/site-packages/airflow/example_dags/example_sensor_decorator.py
[2026-02-06T09:12:33.006+0200] {logging_mixin.py:188} INFO - [2026-02-06T09:12:33.006+0200] {dag.py:3036} INFO - Sync 1 DAGs
[2026-02-06T09:12:33.014+0200] {logging_mixin.py:188} INFO - [2026-02-06T09:12:33.013+0200] {dag.py:3823} INFO - Setting next_dagrun for example_sensor_decorator to None, run_after=None
[2026-02-06T09:12:33.032+0200] {processor.py:183} INFO - Processing /home/pazzoti/de-upskilling/airflow-flight-price-analysis/venv/lib/python3.10/site-packages/airflow/example_dags/example_sensor_decorator.py took 0.046 seconds
[2026-02-06T09:13:20.385+0200] {processor.py:161} INFO - Started process (PID=8538) to work on /home/pazzoti/de-upskilling/airflow-flight-price-analysis/venv/lib/python3.10/site-packages/airflow/example_dags/example_sensor_decorator.py
[2026-02-06T09:13:20.402+0200] {processor.py:830} INFO - Processing file /home/pazzoti/de-upskilling/airflow-flight-price-analysis/venv/lib/python3.10/site-packages/airflow/example_dags/example_sensor_decorator.py for tasks to queue
[2026-02-06T09:13:20.403+0200] {logging_mixin.py:188} INFO - [2026-02-06T09:13:20.402+0200] {dagbag.py:538} INFO - Filling up the DagBag from /home/pazzoti/de-upskilling/airflow-flight-price-analysis/venv/lib/python3.10/site-packages/airflow/example_dags/example_sensor_decorator.py
[2026-02-06T09:13:20.409+0200] {processor.py:840} INFO - DAG(s) 'example_sensor_decorator' retrieved from /home/pazzoti/de-upskilling/airflow-flight-price-analysis/venv/lib/python3.10/site-packages/airflow/example_dags/example_sensor_decorator.py
[2026-02-06T09:13:20.420+0200] {logging_mixin.py:188} INFO - [2026-02-06T09:13:20.419+0200] {dag.py:3036} INFO - Sync 1 DAGs
[2026-02-06T09:13:20.426+0200] {logging_mixin.py:188} INFO - [2026-02-06T09:13:20.426+0200] {dag.py:3823} INFO - Setting next_dagrun for example_sensor_decorator to None, run_after=None
[2026-02-06T09:13:20.443+0200] {processor.py:183} INFO - Processing /home/pazzoti/de-upskilling/airflow-flight-price-analysis/venv/lib/python3.10/site-packages/airflow/example_dags/example_sensor_decorator.py took 0.060 seconds
[2026-02-06T09:14:14.959+0200] {processor.py:161} INFO - Started process (PID=8800) to work on /home/pazzoti/de-upskilling/airflow-flight-price-analysis/venv/lib/python3.10/site-packages/airflow/example_dags/example_sensor_decorator.py
[2026-02-06T09:14:14.965+0200] {processor.py:830} INFO - Processing file /home/pazzoti/de-upskilling/airflow-flight-price-analysis/venv/lib/python3.10/site-packages/airflow/example_dags/example_sensor_decorator.py for tasks to queue
[2026-02-06T09:14:14.966+0200] {logging_mixin.py:188} INFO - [2026-02-06T09:14:14.966+0200] {dagbag.py:538} INFO - Filling up the DagBag from /home/pazzoti/de-upskilling/airflow-flight-price-analysis/venv/lib/python3.10/site-packages/airflow/example_dags/example_sensor_decorator.py
[2026-02-06T09:14:14.972+0200] {processor.py:840} INFO - DAG(s) 'example_sensor_decorator' retrieved from /home/pazzoti/de-upskilling/airflow-flight-price-analysis/venv/lib/python3.10/site-packages/airflow/example_dags/example_sensor_decorator.py
[2026-02-06T09:14:14.983+0200] {logging_mixin.py:188} INFO - [2026-02-06T09:14:14.982+0200] {dag.py:3036} INFO - Sync 1 DAGs
[2026-02-06T09:14:14.990+0200] {logging_mixin.py:188} INFO - [2026-02-06T09:14:14.989+0200] {dag.py:3823} INFO - Setting next_dagrun for example_sensor_decorator to None, run_after=None
[2026-02-06T09:14:15.010+0200] {processor.py:183} INFO - Processing /home/pazzoti/de-upskilling/airflow-flight-price-analysis/venv/lib/python3.10/site-packages/airflow/example_dags/example_sensor_decorator.py took 0.054 seconds
[2026-02-06T09:15:09.334+0200] {processor.py:161} INFO - Started process (PID=9043) to work on /home/pazzoti/de-upskilling/airflow-flight-price-analysis/venv/lib/python3.10/site-packages/airflow/example_dags/example_sensor_decorator.py
[2026-02-06T09:15:09.335+0200] {processor.py:830} INFO - Processing file /home/pazzoti/de-upskilling/airflow-flight-price-analysis/venv/lib/python3.10/site-packages/airflow/example_dags/example_sensor_decorator.py for tasks to queue
[2026-02-06T09:15:09.336+0200] {logging_mixin.py:188} INFO - [2026-02-06T09:15:09.335+0200] {dagbag.py:538} INFO - Filling up the DagBag from /home/pazzoti/de-upskilling/airflow-flight-price-analysis/venv/lib/python3.10/site-packages/airflow/example_dags/example_sensor_decorator.py
[2026-02-06T09:15:09.341+0200] {processor.py:840} INFO - DAG(s) 'example_sensor_decorator' retrieved from /home/pazzoti/de-upskilling/airflow-flight-price-analysis/venv/lib/python3.10/site-packages/airflow/example_dags/example_sensor_decorator.py
[2026-02-06T09:15:09.352+0200] {logging_mixin.py:188} INFO - [2026-02-06T09:15:09.351+0200] {dag.py:3036} INFO - Sync 1 DAGs
[2026-02-06T09:15:09.358+0200] {logging_mixin.py:188} INFO - [2026-02-06T09:15:09.358+0200] {dag.py:3823} INFO - Setting next_dagrun for example_sensor_decorator to None, run_after=None
[2026-02-06T09:15:09.374+0200] {processor.py:183} INFO - Processing /home/pazzoti/de-upskilling/airflow-flight-price-analysis/venv/lib/python3.10/site-packages/airflow/example_dags/example_sensor_decorator.py took 0.042 seconds
[2026-02-06T09:16:00.787+0200] {processor.py:161} INFO - Started process (PID=9313) to work on /home/pazzoti/de-upskilling/airflow-flight-price-analysis/venv/lib/python3.10/site-packages/airflow/example_dags/example_sensor_decorator.py
[2026-02-06T09:16:00.789+0200] {processor.py:830} INFO - Processing file /home/pazzoti/de-upskilling/airflow-flight-price-analysis/venv/lib/python3.10/site-packages/airflow/example_dags/example_sensor_decorator.py for tasks to queue
[2026-02-06T09:16:00.790+0200] {logging_mixin.py:188} INFO - [2026-02-06T09:16:00.789+0200] {dagbag.py:538} INFO - Filling up the DagBag from /home/pazzoti/de-upskilling/airflow-flight-price-analysis/venv/lib/python3.10/site-packages/airflow/example_dags/example_sensor_decorator.py
[2026-02-06T09:16:00.794+0200] {processor.py:840} INFO - DAG(s) 'example_sensor_decorator' retrieved from /home/pazzoti/de-upskilling/airflow-flight-price-analysis/venv/lib/python3.10/site-packages/airflow/example_dags/example_sensor_decorator.py
[2026-02-06T09:16:00.804+0200] {logging_mixin.py:188} INFO - [2026-02-06T09:16:00.804+0200] {dag.py:3036} INFO - Sync 1 DAGs
[2026-02-06T09:16:00.811+0200] {logging_mixin.py:188} INFO - [2026-02-06T09:16:00.811+0200] {dag.py:3823} INFO - Setting next_dagrun for example_sensor_decorator to None, run_after=None
[2026-02-06T09:16:00.829+0200] {processor.py:183} INFO - Processing /home/pazzoti/de-upskilling/airflow-flight-price-analysis/venv/lib/python3.10/site-packages/airflow/example_dags/example_sensor_decorator.py took 0.046 seconds
[2026-02-06T09:16:52.097+0200] {processor.py:161} INFO - Started process (PID=9542) to work on /home/pazzoti/de-upskilling/airflow-flight-price-analysis/venv/lib/python3.10/site-packages/airflow/example_dags/example_sensor_decorator.py
[2026-02-06T09:16:52.104+0200] {processor.py:830} INFO - Processing file /home/pazzoti/de-upskilling/airflow-flight-price-analysis/venv/lib/python3.10/site-packages/airflow/example_dags/example_sensor_decorator.py for tasks to queue
[2026-02-06T09:16:52.105+0200] {logging_mixin.py:188} INFO - [2026-02-06T09:16:52.105+0200] {dagbag.py:538} INFO - Filling up the DagBag from /home/pazzoti/de-upskilling/airflow-flight-price-analysis/venv/lib/python3.10/site-packages/airflow/example_dags/example_sensor_decorator.py
[2026-02-06T09:16:52.111+0200] {processor.py:840} INFO - DAG(s) 'example_sensor_decorator' retrieved from /home/pazzoti/de-upskilling/airflow-flight-price-analysis/venv/lib/python3.10/site-packages/airflow/example_dags/example_sensor_decorator.py
[2026-02-06T09:16:52.121+0200] {logging_mixin.py:188} INFO - [2026-02-06T09:16:52.121+0200] {dag.py:3036} INFO - Sync 1 DAGs
[2026-02-06T09:16:52.127+0200] {logging_mixin.py:188} INFO - [2026-02-06T09:16:52.127+0200] {dag.py:3823} INFO - Setting next_dagrun for example_sensor_decorator to None, run_after=None
[2026-02-06T09:16:52.143+0200] {processor.py:183} INFO - Processing /home/pazzoti/de-upskilling/airflow-flight-price-analysis/venv/lib/python3.10/site-packages/airflow/example_dags/example_sensor_decorator.py took 0.050 seconds
[2026-02-06T09:29:36.743+0200] {processor.py:161} INFO - Started process (PID=9902) to work on /home/pazzoti/de-upskilling/airflow-flight-price-analysis/venv/lib/python3.10/site-packages/airflow/example_dags/example_sensor_decorator.py
[2026-02-06T09:29:36.750+0200] {processor.py:830} INFO - Processing file /home/pazzoti/de-upskilling/airflow-flight-price-analysis/venv/lib/python3.10/site-packages/airflow/example_dags/example_sensor_decorator.py for tasks to queue
[2026-02-06T09:29:36.751+0200] {logging_mixin.py:188} INFO - [2026-02-06T09:29:36.750+0200] {dagbag.py:538} INFO - Filling up the DagBag from /home/pazzoti/de-upskilling/airflow-flight-price-analysis/venv/lib/python3.10/site-packages/airflow/example_dags/example_sensor_decorator.py
[2026-02-06T09:29:36.755+0200] {processor.py:840} INFO - DAG(s) 'example_sensor_decorator' retrieved from /home/pazzoti/de-upskilling/airflow-flight-price-analysis/venv/lib/python3.10/site-packages/airflow/example_dags/example_sensor_decorator.py
[2026-02-06T09:29:36.769+0200] {logging_mixin.py:188} INFO - [2026-02-06T09:29:36.769+0200] {dag.py:3036} INFO - Sync 1 DAGs
[2026-02-06T09:29:36.777+0200] {logging_mixin.py:188} INFO - [2026-02-06T09:29:36.776+0200] {dag.py:3823} INFO - Setting next_dagrun for example_sensor_decorator to None, run_after=None
[2026-02-06T09:29:36.796+0200] {processor.py:183} INFO - Processing /home/pazzoti/de-upskilling/airflow-flight-price-analysis/venv/lib/python3.10/site-packages/airflow/example_dags/example_sensor_decorator.py took 0.056 seconds
[2026-02-06T09:30:27.849+0200] {processor.py:161} INFO - Started process (PID=9990) to work on /home/pazzoti/de-upskilling/airflow-flight-price-analysis/venv/lib/python3.10/site-packages/airflow/example_dags/example_sensor_decorator.py
[2026-02-06T09:30:27.851+0200] {processor.py:830} INFO - Processing file /home/pazzoti/de-upskilling/airflow-flight-price-analysis/venv/lib/python3.10/site-packages/airflow/example_dags/example_sensor_decorator.py for tasks to queue
[2026-02-06T09:30:27.853+0200] {logging_mixin.py:188} INFO - [2026-02-06T09:30:27.852+0200] {dagbag.py:538} INFO - Filling up the DagBag from /home/pazzoti/de-upskilling/airflow-flight-price-analysis/venv/lib/python3.10/site-packages/airflow/example_dags/example_sensor_decorator.py
[2026-02-06T09:30:27.862+0200] {processor.py:840} INFO - DAG(s) 'example_sensor_decorator' retrieved from /home/pazzoti/de-upskilling/airflow-flight-price-analysis/venv/lib/python3.10/site-packages/airflow/example_dags/example_sensor_decorator.py
[2026-02-06T09:30:27.884+0200] {logging_mixin.py:188} INFO - [2026-02-06T09:30:27.884+0200] {dag.py:3036} INFO - Sync 1 DAGs
[2026-02-06T09:30:27.901+0200] {logging_mixin.py:188} INFO - [2026-02-06T09:30:27.900+0200] {dag.py:3823} INFO - Setting next_dagrun for example_sensor_decorator to None, run_after=None
[2026-02-06T09:30:27.938+0200] {processor.py:183} INFO - Processing /home/pazzoti/de-upskilling/airflow-flight-price-analysis/venv/lib/python3.10/site-packages/airflow/example_dags/example_sensor_decorator.py took 0.095 seconds
[2026-02-06T09:31:29.838+0200] {processor.py:161} INFO - Started process (PID=10105) to work on /home/pazzoti/de-upskilling/airflow-flight-price-analysis/venv/lib/python3.10/site-packages/airflow/example_dags/example_sensor_decorator.py
[2026-02-06T09:31:29.840+0200] {processor.py:830} INFO - Processing file /home/pazzoti/de-upskilling/airflow-flight-price-analysis/venv/lib/python3.10/site-packages/airflow/example_dags/example_sensor_decorator.py for tasks to queue
[2026-02-06T09:31:29.840+0200] {logging_mixin.py:188} INFO - [2026-02-06T09:31:29.840+0200] {dagbag.py:538} INFO - Filling up the DagBag from /home/pazzoti/de-upskilling/airflow-flight-price-analysis/venv/lib/python3.10/site-packages/airflow/example_dags/example_sensor_decorator.py
[2026-02-06T09:31:29.845+0200] {processor.py:840} INFO - DAG(s) 'example_sensor_decorator' retrieved from /home/pazzoti/de-upskilling/airflow-flight-price-analysis/venv/lib/python3.10/site-packages/airflow/example_dags/example_sensor_decorator.py
[2026-02-06T09:31:29.857+0200] {logging_mixin.py:188} INFO - [2026-02-06T09:31:29.857+0200] {dag.py:3036} INFO - Sync 1 DAGs
[2026-02-06T09:31:29.864+0200] {logging_mixin.py:188} INFO - [2026-02-06T09:31:29.863+0200] {dag.py:3823} INFO - Setting next_dagrun for example_sensor_decorator to None, run_after=None
[2026-02-06T09:31:29.879+0200] {processor.py:183} INFO - Processing /home/pazzoti/de-upskilling/airflow-flight-price-analysis/venv/lib/python3.10/site-packages/airflow/example_dags/example_sensor_decorator.py took 0.042 seconds
[2026-02-06T09:32:24.873+0200] {processor.py:161} INFO - Started process (PID=10228) to work on /home/pazzoti/de-upskilling/airflow-flight-price-analysis/venv/lib/python3.10/site-packages/airflow/example_dags/example_sensor_decorator.py
[2026-02-06T09:32:24.880+0200] {processor.py:830} INFO - Processing file /home/pazzoti/de-upskilling/airflow-flight-price-analysis/venv/lib/python3.10/site-packages/airflow/example_dags/example_sensor_decorator.py for tasks to queue
[2026-02-06T09:32:24.881+0200] {logging_mixin.py:188} INFO - [2026-02-06T09:32:24.881+0200] {dagbag.py:538} INFO - Filling up the DagBag from /home/pazzoti/de-upskilling/airflow-flight-price-analysis/venv/lib/python3.10/site-packages/airflow/example_dags/example_sensor_decorator.py
[2026-02-06T09:32:24.886+0200] {processor.py:840} INFO - DAG(s) 'example_sensor_decorator' retrieved from /home/pazzoti/de-upskilling/airflow-flight-price-analysis/venv/lib/python3.10/site-packages/airflow/example_dags/example_sensor_decorator.py
[2026-02-06T09:32:24.896+0200] {logging_mixin.py:188} INFO - [2026-02-06T09:32:24.896+0200] {dag.py:3036} INFO - Sync 1 DAGs
[2026-02-06T09:32:24.904+0200] {logging_mixin.py:188} INFO - [2026-02-06T09:32:24.904+0200] {dag.py:3823} INFO - Setting next_dagrun for example_sensor_decorator to None, run_after=None
[2026-02-06T09:32:24.920+0200] {processor.py:183} INFO - Processing /home/pazzoti/de-upskilling/airflow-flight-price-analysis/venv/lib/python3.10/site-packages/airflow/example_dags/example_sensor_decorator.py took 0.050 seconds
[2026-02-06T09:33:26.690+0200] {processor.py:161} INFO - Started process (PID=10331) to work on /home/pazzoti/de-upskilling/airflow-flight-price-analysis/venv/lib/python3.10/site-packages/airflow/example_dags/example_sensor_decorator.py
[2026-02-06T09:33:26.692+0200] {processor.py:830} INFO - Processing file /home/pazzoti/de-upskilling/airflow-flight-price-analysis/venv/lib/python3.10/site-packages/airflow/example_dags/example_sensor_decorator.py for tasks to queue
[2026-02-06T09:33:26.694+0200] {logging_mixin.py:188} INFO - [2026-02-06T09:33:26.693+0200] {dagbag.py:538} INFO - Filling up the DagBag from /home/pazzoti/de-upskilling/airflow-flight-price-analysis/venv/lib/python3.10/site-packages/airflow/example_dags/example_sensor_decorator.py
[2026-02-06T09:33:26.707+0200] {processor.py:840} INFO - DAG(s) 'example_sensor_decorator' retrieved from /home/pazzoti/de-upskilling/airflow-flight-price-analysis/venv/lib/python3.10/site-packages/airflow/example_dags/example_sensor_decorator.py
[2026-02-06T09:33:26.740+0200] {logging_mixin.py:188} INFO - [2026-02-06T09:33:26.740+0200] {dag.py:3036} INFO - Sync 1 DAGs
[2026-02-06T09:33:26.755+0200] {logging_mixin.py:188} INFO - [2026-02-06T09:33:26.754+0200] {dag.py:3823} INFO - Setting next_dagrun for example_sensor_decorator to None, run_after=None
[2026-02-06T09:33:26.800+0200] {processor.py:183} INFO - Processing /home/pazzoti/de-upskilling/airflow-flight-price-analysis/venv/lib/python3.10/site-packages/airflow/example_dags/example_sensor_decorator.py took 0.114 seconds
[2026-02-06T09:34:18.913+0200] {processor.py:161} INFO - Started process (PID=10424) to work on /home/pazzoti/de-upskilling/airflow-flight-price-analysis/venv/lib/python3.10/site-packages/airflow/example_dags/example_sensor_decorator.py
[2026-02-06T09:34:18.915+0200] {processor.py:830} INFO - Processing file /home/pazzoti/de-upskilling/airflow-flight-price-analysis/venv/lib/python3.10/site-packages/airflow/example_dags/example_sensor_decorator.py for tasks to queue
[2026-02-06T09:34:18.916+0200] {logging_mixin.py:188} INFO - [2026-02-06T09:34:18.916+0200] {dagbag.py:538} INFO - Filling up the DagBag from /home/pazzoti/de-upskilling/airflow-flight-price-analysis/venv/lib/python3.10/site-packages/airflow/example_dags/example_sensor_decorator.py
[2026-02-06T09:34:18.921+0200] {processor.py:840} INFO - DAG(s) 'example_sensor_decorator' retrieved from /home/pazzoti/de-upskilling/airflow-flight-price-analysis/venv/lib/python3.10/site-packages/airflow/example_dags/example_sensor_decorator.py
[2026-02-06T09:34:18.930+0200] {logging_mixin.py:188} INFO - [2026-02-06T09:34:18.930+0200] {dag.py:3036} INFO - Sync 1 DAGs
[2026-02-06T09:34:18.937+0200] {logging_mixin.py:188} INFO - [2026-02-06T09:34:18.936+0200] {dag.py:3823} INFO - Setting next_dagrun for example_sensor_decorator to None, run_after=None
[2026-02-06T09:34:18.953+0200] {processor.py:183} INFO - Processing /home/pazzoti/de-upskilling/airflow-flight-price-analysis/venv/lib/python3.10/site-packages/airflow/example_dags/example_sensor_decorator.py took 0.042 seconds
