[2026-02-06T09:01:34.352+0200] {processor.py:161} INFO - Started process (PID=4335) to work on /home/pazzoti/de-upskilling/airflow-flight-price-analysis/venv/lib/python3.10/site-packages/airflow/example_dags/example_complex.py
[2026-02-06T09:01:34.353+0200] {processor.py:830} INFO - Processing file /home/pazzoti/de-upskilling/airflow-flight-price-analysis/venv/lib/python3.10/site-packages/airflow/example_dags/example_complex.py for tasks to queue
[2026-02-06T09:01:34.354+0200] {logging_mixin.py:188} INFO - [2026-02-06T09:01:34.353+0200] {dagbag.py:538} INFO - Filling up the DagBag from /home/pazzoti/de-upskilling/airflow-flight-price-analysis/venv/lib/python3.10/site-packages/airflow/example_dags/example_complex.py
[2026-02-06T09:01:34.361+0200] {processor.py:840} INFO - DAG(s) 'example_complex' retrieved from /home/pazzoti/de-upskilling/airflow-flight-price-analysis/venv/lib/python3.10/site-packages/airflow/example_dags/example_complex.py
[2026-02-06T09:01:34.378+0200] {logging_mixin.py:188} INFO - [2026-02-06T09:01:34.378+0200] {dag.py:3036} INFO - Sync 1 DAGs
[2026-02-06T09:01:34.385+0200] {logging_mixin.py:188} INFO - [2026-02-06T09:01:34.384+0200] {dag.py:3823} INFO - Setting next_dagrun for example_complex to None, run_after=None
[2026-02-06T09:01:34.402+0200] {processor.py:183} INFO - Processing /home/pazzoti/de-upskilling/airflow-flight-price-analysis/venv/lib/python3.10/site-packages/airflow/example_dags/example_complex.py took 0.051 seconds
[2026-02-06T09:02:25.057+0200] {processor.py:161} INFO - Started process (PID=4853) to work on /home/pazzoti/de-upskilling/airflow-flight-price-analysis/venv/lib/python3.10/site-packages/airflow/example_dags/example_complex.py
[2026-02-06T09:02:25.064+0200] {processor.py:830} INFO - Processing file /home/pazzoti/de-upskilling/airflow-flight-price-analysis/venv/lib/python3.10/site-packages/airflow/example_dags/example_complex.py for tasks to queue
[2026-02-06T09:02:25.065+0200] {logging_mixin.py:188} INFO - [2026-02-06T09:02:25.065+0200] {dagbag.py:538} INFO - Filling up the DagBag from /home/pazzoti/de-upskilling/airflow-flight-price-analysis/venv/lib/python3.10/site-packages/airflow/example_dags/example_complex.py
[2026-02-06T09:02:25.071+0200] {processor.py:840} INFO - DAG(s) 'example_complex' retrieved from /home/pazzoti/de-upskilling/airflow-flight-price-analysis/venv/lib/python3.10/site-packages/airflow/example_dags/example_complex.py
[2026-02-06T09:02:25.085+0200] {logging_mixin.py:188} INFO - [2026-02-06T09:02:25.085+0200] {dag.py:3036} INFO - Sync 1 DAGs
[2026-02-06T09:02:25.091+0200] {logging_mixin.py:188} INFO - [2026-02-06T09:02:25.091+0200] {dag.py:3823} INFO - Setting next_dagrun for example_complex to None, run_after=None
[2026-02-06T09:02:25.108+0200] {processor.py:183} INFO - Processing /home/pazzoti/de-upskilling/airflow-flight-price-analysis/venv/lib/python3.10/site-packages/airflow/example_dags/example_complex.py took 0.053 seconds
[2026-02-06T09:03:14.405+0200] {processor.py:161} INFO - Started process (PID=5088) to work on /home/pazzoti/de-upskilling/airflow-flight-price-analysis/venv/lib/python3.10/site-packages/airflow/example_dags/example_complex.py
[2026-02-06T09:03:14.409+0200] {processor.py:830} INFO - Processing file /home/pazzoti/de-upskilling/airflow-flight-price-analysis/venv/lib/python3.10/site-packages/airflow/example_dags/example_complex.py for tasks to queue
[2026-02-06T09:03:14.410+0200] {logging_mixin.py:188} INFO - [2026-02-06T09:03:14.410+0200] {dagbag.py:538} INFO - Filling up the DagBag from /home/pazzoti/de-upskilling/airflow-flight-price-analysis/venv/lib/python3.10/site-packages/airflow/example_dags/example_complex.py
[2026-02-06T09:03:14.418+0200] {processor.py:840} INFO - DAG(s) 'example_complex' retrieved from /home/pazzoti/de-upskilling/airflow-flight-price-analysis/venv/lib/python3.10/site-packages/airflow/example_dags/example_complex.py
[2026-02-06T09:03:14.431+0200] {logging_mixin.py:188} INFO - [2026-02-06T09:03:14.431+0200] {dag.py:3036} INFO - Sync 1 DAGs
[2026-02-06T09:03:14.437+0200] {logging_mixin.py:188} INFO - [2026-02-06T09:03:14.437+0200] {dag.py:3823} INFO - Setting next_dagrun for example_complex to None, run_after=None
[2026-02-06T09:03:14.452+0200] {processor.py:183} INFO - Processing /home/pazzoti/de-upskilling/airflow-flight-price-analysis/venv/lib/python3.10/site-packages/airflow/example_dags/example_complex.py took 0.051 seconds
[2026-02-06T09:04:06.862+0200] {processor.py:161} INFO - Started process (PID=5330) to work on /home/pazzoti/de-upskilling/airflow-flight-price-analysis/venv/lib/python3.10/site-packages/airflow/example_dags/example_complex.py
[2026-02-06T09:04:06.863+0200] {processor.py:830} INFO - Processing file /home/pazzoti/de-upskilling/airflow-flight-price-analysis/venv/lib/python3.10/site-packages/airflow/example_dags/example_complex.py for tasks to queue
[2026-02-06T09:04:06.864+0200] {logging_mixin.py:188} INFO - [2026-02-06T09:04:06.864+0200] {dagbag.py:538} INFO - Filling up the DagBag from /home/pazzoti/de-upskilling/airflow-flight-price-analysis/venv/lib/python3.10/site-packages/airflow/example_dags/example_complex.py
[2026-02-06T09:04:06.871+0200] {processor.py:840} INFO - DAG(s) 'example_complex' retrieved from /home/pazzoti/de-upskilling/airflow-flight-price-analysis/venv/lib/python3.10/site-packages/airflow/example_dags/example_complex.py
[2026-02-06T09:04:06.888+0200] {logging_mixin.py:188} INFO - [2026-02-06T09:04:06.887+0200] {dag.py:3036} INFO - Sync 1 DAGs
[2026-02-06T09:04:06.896+0200] {logging_mixin.py:188} INFO - [2026-02-06T09:04:06.896+0200] {dag.py:3823} INFO - Setting next_dagrun for example_complex to None, run_after=None
[2026-02-06T09:04:06.916+0200] {processor.py:183} INFO - Processing /home/pazzoti/de-upskilling/airflow-flight-price-analysis/venv/lib/python3.10/site-packages/airflow/example_dags/example_complex.py took 0.056 seconds
[2026-02-06T09:05:02.612+0200] {processor.py:161} INFO - Started process (PID=5621) to work on /home/pazzoti/de-upskilling/airflow-flight-price-analysis/venv/lib/python3.10/site-packages/airflow/example_dags/example_complex.py
[2026-02-06T09:05:02.613+0200] {processor.py:830} INFO - Processing file /home/pazzoti/de-upskilling/airflow-flight-price-analysis/venv/lib/python3.10/site-packages/airflow/example_dags/example_complex.py for tasks to queue
[2026-02-06T09:05:02.614+0200] {logging_mixin.py:188} INFO - [2026-02-06T09:05:02.614+0200] {dagbag.py:538} INFO - Filling up the DagBag from /home/pazzoti/de-upskilling/airflow-flight-price-analysis/venv/lib/python3.10/site-packages/airflow/example_dags/example_complex.py
[2026-02-06T09:05:02.621+0200] {processor.py:840} INFO - DAG(s) 'example_complex' retrieved from /home/pazzoti/de-upskilling/airflow-flight-price-analysis/venv/lib/python3.10/site-packages/airflow/example_dags/example_complex.py
[2026-02-06T09:05:02.637+0200] {logging_mixin.py:188} INFO - [2026-02-06T09:05:02.636+0200] {dag.py:3036} INFO - Sync 1 DAGs
[2026-02-06T09:05:02.644+0200] {logging_mixin.py:188} INFO - [2026-02-06T09:05:02.644+0200] {dag.py:3823} INFO - Setting next_dagrun for example_complex to None, run_after=None
[2026-02-06T09:05:02.663+0200] {processor.py:183} INFO - Processing /home/pazzoti/de-upskilling/airflow-flight-price-analysis/venv/lib/python3.10/site-packages/airflow/example_dags/example_complex.py took 0.053 seconds
[2026-02-06T09:05:58.586+0200] {processor.py:161} INFO - Started process (PID=5873) to work on /home/pazzoti/de-upskilling/airflow-flight-price-analysis/venv/lib/python3.10/site-packages/airflow/example_dags/example_complex.py
[2026-02-06T09:05:58.587+0200] {processor.py:830} INFO - Processing file /home/pazzoti/de-upskilling/airflow-flight-price-analysis/venv/lib/python3.10/site-packages/airflow/example_dags/example_complex.py for tasks to queue
[2026-02-06T09:05:58.588+0200] {logging_mixin.py:188} INFO - [2026-02-06T09:05:58.588+0200] {dagbag.py:538} INFO - Filling up the DagBag from /home/pazzoti/de-upskilling/airflow-flight-price-analysis/venv/lib/python3.10/site-packages/airflow/example_dags/example_complex.py
[2026-02-06T09:05:58.595+0200] {processor.py:840} INFO - DAG(s) 'example_complex' retrieved from /home/pazzoti/de-upskilling/airflow-flight-price-analysis/venv/lib/python3.10/site-packages/airflow/example_dags/example_complex.py
[2026-02-06T09:05:58.608+0200] {logging_mixin.py:188} INFO - [2026-02-06T09:05:58.608+0200] {dag.py:3036} INFO - Sync 1 DAGs
[2026-02-06T09:05:58.614+0200] {logging_mixin.py:188} INFO - [2026-02-06T09:05:58.614+0200] {dag.py:3823} INFO - Setting next_dagrun for example_complex to None, run_after=None
[2026-02-06T09:05:58.631+0200] {processor.py:183} INFO - Processing /home/pazzoti/de-upskilling/airflow-flight-price-analysis/venv/lib/python3.10/site-packages/airflow/example_dags/example_complex.py took 0.048 seconds
[2026-02-06T09:06:53.984+0200] {processor.py:161} INFO - Started process (PID=6160) to work on /home/pazzoti/de-upskilling/airflow-flight-price-analysis/venv/lib/python3.10/site-packages/airflow/example_dags/example_complex.py
[2026-02-06T09:06:53.986+0200] {processor.py:830} INFO - Processing file /home/pazzoti/de-upskilling/airflow-flight-price-analysis/venv/lib/python3.10/site-packages/airflow/example_dags/example_complex.py for tasks to queue
[2026-02-06T09:06:53.987+0200] {logging_mixin.py:188} INFO - [2026-02-06T09:06:53.987+0200] {dagbag.py:538} INFO - Filling up the DagBag from /home/pazzoti/de-upskilling/airflow-flight-price-analysis/venv/lib/python3.10/site-packages/airflow/example_dags/example_complex.py
[2026-02-06T09:06:53.993+0200] {processor.py:840} INFO - DAG(s) 'example_complex' retrieved from /home/pazzoti/de-upskilling/airflow-flight-price-analysis/venv/lib/python3.10/site-packages/airflow/example_dags/example_complex.py
[2026-02-06T09:06:54.009+0200] {logging_mixin.py:188} INFO - [2026-02-06T09:06:54.009+0200] {dag.py:3036} INFO - Sync 1 DAGs
[2026-02-06T09:06:54.020+0200] {logging_mixin.py:188} INFO - [2026-02-06T09:06:54.020+0200] {dag.py:3823} INFO - Setting next_dagrun for example_complex to None, run_after=None
[2026-02-06T09:06:54.066+0200] {processor.py:183} INFO - Processing /home/pazzoti/de-upskilling/airflow-flight-price-analysis/venv/lib/python3.10/site-packages/airflow/example_dags/example_complex.py took 0.084 seconds
[2026-02-06T09:07:47.277+0200] {processor.py:161} INFO - Started process (PID=6462) to work on /home/pazzoti/de-upskilling/airflow-flight-price-analysis/venv/lib/python3.10/site-packages/airflow/example_dags/example_complex.py
[2026-02-06T09:07:47.278+0200] {processor.py:830} INFO - Processing file /home/pazzoti/de-upskilling/airflow-flight-price-analysis/venv/lib/python3.10/site-packages/airflow/example_dags/example_complex.py for tasks to queue
[2026-02-06T09:07:47.279+0200] {logging_mixin.py:188} INFO - [2026-02-06T09:07:47.279+0200] {dagbag.py:538} INFO - Filling up the DagBag from /home/pazzoti/de-upskilling/airflow-flight-price-analysis/venv/lib/python3.10/site-packages/airflow/example_dags/example_complex.py
[2026-02-06T09:07:47.286+0200] {processor.py:840} INFO - DAG(s) 'example_complex' retrieved from /home/pazzoti/de-upskilling/airflow-flight-price-analysis/venv/lib/python3.10/site-packages/airflow/example_dags/example_complex.py
[2026-02-06T09:07:47.300+0200] {logging_mixin.py:188} INFO - [2026-02-06T09:07:47.300+0200] {dag.py:3036} INFO - Sync 1 DAGs
[2026-02-06T09:07:47.306+0200] {logging_mixin.py:188} INFO - [2026-02-06T09:07:47.306+0200] {dag.py:3823} INFO - Setting next_dagrun for example_complex to None, run_after=None
[2026-02-06T09:07:47.323+0200] {processor.py:183} INFO - Processing /home/pazzoti/de-upskilling/airflow-flight-price-analysis/venv/lib/python3.10/site-packages/airflow/example_dags/example_complex.py took 0.049 seconds
[2026-02-06T09:08:41.956+0200] {processor.py:161} INFO - Started process (PID=6718) to work on /home/pazzoti/de-upskilling/airflow-flight-price-analysis/venv/lib/python3.10/site-packages/airflow/example_dags/example_complex.py
[2026-02-06T09:08:41.958+0200] {processor.py:830} INFO - Processing file /home/pazzoti/de-upskilling/airflow-flight-price-analysis/venv/lib/python3.10/site-packages/airflow/example_dags/example_complex.py for tasks to queue
[2026-02-06T09:08:41.959+0200] {logging_mixin.py:188} INFO - [2026-02-06T09:08:41.958+0200] {dagbag.py:538} INFO - Filling up the DagBag from /home/pazzoti/de-upskilling/airflow-flight-price-analysis/venv/lib/python3.10/site-packages/airflow/example_dags/example_complex.py
[2026-02-06T09:08:41.967+0200] {processor.py:840} INFO - DAG(s) 'example_complex' retrieved from /home/pazzoti/de-upskilling/airflow-flight-price-analysis/venv/lib/python3.10/site-packages/airflow/example_dags/example_complex.py
[2026-02-06T09:08:41.980+0200] {logging_mixin.py:188} INFO - [2026-02-06T09:08:41.980+0200] {dag.py:3036} INFO - Sync 1 DAGs
[2026-02-06T09:08:41.986+0200] {logging_mixin.py:188} INFO - [2026-02-06T09:08:41.986+0200] {dag.py:3823} INFO - Setting next_dagrun for example_complex to None, run_after=None
[2026-02-06T09:08:42.001+0200] {processor.py:183} INFO - Processing /home/pazzoti/de-upskilling/airflow-flight-price-analysis/venv/lib/python3.10/site-packages/airflow/example_dags/example_complex.py took 0.049 seconds
[2026-02-06T09:09:40.954+0200] {processor.py:161} INFO - Started process (PID=6988) to work on /home/pazzoti/de-upskilling/airflow-flight-price-analysis/venv/lib/python3.10/site-packages/airflow/example_dags/example_complex.py
[2026-02-06T09:09:40.956+0200] {processor.py:830} INFO - Processing file /home/pazzoti/de-upskilling/airflow-flight-price-analysis/venv/lib/python3.10/site-packages/airflow/example_dags/example_complex.py for tasks to queue
[2026-02-06T09:09:40.957+0200] {logging_mixin.py:188} INFO - [2026-02-06T09:09:40.956+0200] {dagbag.py:538} INFO - Filling up the DagBag from /home/pazzoti/de-upskilling/airflow-flight-price-analysis/venv/lib/python3.10/site-packages/airflow/example_dags/example_complex.py
[2026-02-06T09:09:40.966+0200] {processor.py:840} INFO - DAG(s) 'example_complex' retrieved from /home/pazzoti/de-upskilling/airflow-flight-price-analysis/venv/lib/python3.10/site-packages/airflow/example_dags/example_complex.py
[2026-02-06T09:09:40.987+0200] {logging_mixin.py:188} INFO - [2026-02-06T09:09:40.987+0200] {dag.py:3036} INFO - Sync 1 DAGs
[2026-02-06T09:09:40.997+0200] {logging_mixin.py:188} INFO - [2026-02-06T09:09:40.996+0200] {dag.py:3823} INFO - Setting next_dagrun for example_complex to None, run_after=None
[2026-02-06T09:09:41.023+0200] {processor.py:183} INFO - Processing /home/pazzoti/de-upskilling/airflow-flight-price-analysis/venv/lib/python3.10/site-packages/airflow/example_dags/example_complex.py took 0.072 seconds
[2026-02-06T09:11:41.761+0200] {processor.py:161} INFO - Started process (PID=8031) to work on /home/pazzoti/de-upskilling/airflow-flight-price-analysis/venv/lib/python3.10/site-packages/airflow/example_dags/example_complex.py
[2026-02-06T09:11:41.763+0200] {processor.py:830} INFO - Processing file /home/pazzoti/de-upskilling/airflow-flight-price-analysis/venv/lib/python3.10/site-packages/airflow/example_dags/example_complex.py for tasks to queue
[2026-02-06T09:11:41.765+0200] {logging_mixin.py:188} INFO - [2026-02-06T09:11:41.764+0200] {dagbag.py:538} INFO - Filling up the DagBag from /home/pazzoti/de-upskilling/airflow-flight-price-analysis/venv/lib/python3.10/site-packages/airflow/example_dags/example_complex.py
[2026-02-06T09:11:41.786+0200] {processor.py:840} INFO - DAG(s) 'example_complex' retrieved from /home/pazzoti/de-upskilling/airflow-flight-price-analysis/venv/lib/python3.10/site-packages/airflow/example_dags/example_complex.py
[2026-02-06T09:11:41.841+0200] {logging_mixin.py:188} INFO - [2026-02-06T09:11:41.840+0200] {dag.py:3036} INFO - Sync 1 DAGs
[2026-02-06T09:11:41.864+0200] {logging_mixin.py:188} INFO - [2026-02-06T09:11:41.864+0200] {dag.py:3823} INFO - Setting next_dagrun for example_complex to None, run_after=None
[2026-02-06T09:11:41.947+0200] {processor.py:183} INFO - Processing /home/pazzoti/de-upskilling/airflow-flight-price-analysis/venv/lib/python3.10/site-packages/airflow/example_dags/example_complex.py took 0.191 seconds
[2026-02-06T09:12:31.845+0200] {processor.py:161} INFO - Started process (PID=8315) to work on /home/pazzoti/de-upskilling/airflow-flight-price-analysis/venv/lib/python3.10/site-packages/airflow/example_dags/example_complex.py
[2026-02-06T09:12:31.847+0200] {processor.py:830} INFO - Processing file /home/pazzoti/de-upskilling/airflow-flight-price-analysis/venv/lib/python3.10/site-packages/airflow/example_dags/example_complex.py for tasks to queue
[2026-02-06T09:12:31.848+0200] {logging_mixin.py:188} INFO - [2026-02-06T09:12:31.847+0200] {dagbag.py:538} INFO - Filling up the DagBag from /home/pazzoti/de-upskilling/airflow-flight-price-analysis/venv/lib/python3.10/site-packages/airflow/example_dags/example_complex.py
[2026-02-06T09:12:31.854+0200] {processor.py:840} INFO - DAG(s) 'example_complex' retrieved from /home/pazzoti/de-upskilling/airflow-flight-price-analysis/venv/lib/python3.10/site-packages/airflow/example_dags/example_complex.py
[2026-02-06T09:12:31.869+0200] {logging_mixin.py:188} INFO - [2026-02-06T09:12:31.868+0200] {dag.py:3036} INFO - Sync 1 DAGs
[2026-02-06T09:12:31.875+0200] {logging_mixin.py:188} INFO - [2026-02-06T09:12:31.875+0200] {dag.py:3823} INFO - Setting next_dagrun for example_complex to None, run_after=None
[2026-02-06T09:12:31.893+0200] {processor.py:183} INFO - Processing /home/pazzoti/de-upskilling/airflow-flight-price-analysis/venv/lib/python3.10/site-packages/airflow/example_dags/example_complex.py took 0.050 seconds
[2026-02-06T09:13:19.230+0200] {processor.py:161} INFO - Started process (PID=8537) to work on /home/pazzoti/de-upskilling/airflow-flight-price-analysis/venv/lib/python3.10/site-packages/airflow/example_dags/example_complex.py
[2026-02-06T09:13:19.232+0200] {processor.py:830} INFO - Processing file /home/pazzoti/de-upskilling/airflow-flight-price-analysis/venv/lib/python3.10/site-packages/airflow/example_dags/example_complex.py for tasks to queue
[2026-02-06T09:13:19.233+0200] {logging_mixin.py:188} INFO - [2026-02-06T09:13:19.232+0200] {dagbag.py:538} INFO - Filling up the DagBag from /home/pazzoti/de-upskilling/airflow-flight-price-analysis/venv/lib/python3.10/site-packages/airflow/example_dags/example_complex.py
[2026-02-06T09:13:19.239+0200] {processor.py:840} INFO - DAG(s) 'example_complex' retrieved from /home/pazzoti/de-upskilling/airflow-flight-price-analysis/venv/lib/python3.10/site-packages/airflow/example_dags/example_complex.py
[2026-02-06T09:13:19.259+0200] {logging_mixin.py:188} INFO - [2026-02-06T09:13:19.259+0200] {dag.py:3036} INFO - Sync 1 DAGs
[2026-02-06T09:13:19.266+0200] {logging_mixin.py:188} INFO - [2026-02-06T09:13:19.266+0200] {dag.py:3823} INFO - Setting next_dagrun for example_complex to None, run_after=None
[2026-02-06T09:13:19.282+0200] {processor.py:183} INFO - Processing /home/pazzoti/de-upskilling/airflow-flight-price-analysis/venv/lib/python3.10/site-packages/airflow/example_dags/example_complex.py took 0.055 seconds
[2026-02-06T09:14:13.829+0200] {processor.py:161} INFO - Started process (PID=8793) to work on /home/pazzoti/de-upskilling/airflow-flight-price-analysis/venv/lib/python3.10/site-packages/airflow/example_dags/example_complex.py
[2026-02-06T09:14:13.832+0200] {processor.py:830} INFO - Processing file /home/pazzoti/de-upskilling/airflow-flight-price-analysis/venv/lib/python3.10/site-packages/airflow/example_dags/example_complex.py for tasks to queue
[2026-02-06T09:14:13.833+0200] {logging_mixin.py:188} INFO - [2026-02-06T09:14:13.833+0200] {dagbag.py:538} INFO - Filling up the DagBag from /home/pazzoti/de-upskilling/airflow-flight-price-analysis/venv/lib/python3.10/site-packages/airflow/example_dags/example_complex.py
[2026-02-06T09:14:13.846+0200] {processor.py:840} INFO - DAG(s) 'example_complex' retrieved from /home/pazzoti/de-upskilling/airflow-flight-price-analysis/venv/lib/python3.10/site-packages/airflow/example_dags/example_complex.py
[2026-02-06T09:14:13.866+0200] {logging_mixin.py:188} INFO - [2026-02-06T09:14:13.866+0200] {dag.py:3036} INFO - Sync 1 DAGs
[2026-02-06T09:14:13.875+0200] {logging_mixin.py:188} INFO - [2026-02-06T09:14:13.875+0200] {dag.py:3823} INFO - Setting next_dagrun for example_complex to None, run_after=None
[2026-02-06T09:14:13.903+0200] {processor.py:183} INFO - Processing /home/pazzoti/de-upskilling/airflow-flight-price-analysis/venv/lib/python3.10/site-packages/airflow/example_dags/example_complex.py took 0.076 seconds
[2026-02-06T09:15:09.096+0200] {processor.py:161} INFO - Started process (PID=9042) to work on /home/pazzoti/de-upskilling/airflow-flight-price-analysis/venv/lib/python3.10/site-packages/airflow/example_dags/example_complex.py
[2026-02-06T09:15:09.098+0200] {processor.py:830} INFO - Processing file /home/pazzoti/de-upskilling/airflow-flight-price-analysis/venv/lib/python3.10/site-packages/airflow/example_dags/example_complex.py for tasks to queue
[2026-02-06T09:15:09.099+0200] {logging_mixin.py:188} INFO - [2026-02-06T09:15:09.099+0200] {dagbag.py:538} INFO - Filling up the DagBag from /home/pazzoti/de-upskilling/airflow-flight-price-analysis/venv/lib/python3.10/site-packages/airflow/example_dags/example_complex.py
[2026-02-06T09:15:09.107+0200] {processor.py:840} INFO - DAG(s) 'example_complex' retrieved from /home/pazzoti/de-upskilling/airflow-flight-price-analysis/venv/lib/python3.10/site-packages/airflow/example_dags/example_complex.py
[2026-02-06T09:15:09.122+0200] {logging_mixin.py:188} INFO - [2026-02-06T09:15:09.121+0200] {dag.py:3036} INFO - Sync 1 DAGs
[2026-02-06T09:15:09.128+0200] {logging_mixin.py:188} INFO - [2026-02-06T09:15:09.128+0200] {dag.py:3823} INFO - Setting next_dagrun for example_complex to None, run_after=None
[2026-02-06T09:15:09.145+0200] {processor.py:183} INFO - Processing /home/pazzoti/de-upskilling/airflow-flight-price-analysis/venv/lib/python3.10/site-packages/airflow/example_dags/example_complex.py took 0.052 seconds
[2026-02-06T09:16:00.349+0200] {processor.py:161} INFO - Started process (PID=9312) to work on /home/pazzoti/de-upskilling/airflow-flight-price-analysis/venv/lib/python3.10/site-packages/airflow/example_dags/example_complex.py
[2026-02-06T09:16:00.353+0200] {processor.py:830} INFO - Processing file /home/pazzoti/de-upskilling/airflow-flight-price-analysis/venv/lib/python3.10/site-packages/airflow/example_dags/example_complex.py for tasks to queue
[2026-02-06T09:16:00.354+0200] {logging_mixin.py:188} INFO - [2026-02-06T09:16:00.353+0200] {dagbag.py:538} INFO - Filling up the DagBag from /home/pazzoti/de-upskilling/airflow-flight-price-analysis/venv/lib/python3.10/site-packages/airflow/example_dags/example_complex.py
[2026-02-06T09:16:00.361+0200] {processor.py:840} INFO - DAG(s) 'example_complex' retrieved from /home/pazzoti/de-upskilling/airflow-flight-price-analysis/venv/lib/python3.10/site-packages/airflow/example_dags/example_complex.py
[2026-02-06T09:16:00.376+0200] {logging_mixin.py:188} INFO - [2026-02-06T09:16:00.376+0200] {dag.py:3036} INFO - Sync 1 DAGs
[2026-02-06T09:16:00.383+0200] {logging_mixin.py:188} INFO - [2026-02-06T09:16:00.383+0200] {dag.py:3823} INFO - Setting next_dagrun for example_complex to None, run_after=None
[2026-02-06T09:16:00.401+0200] {processor.py:183} INFO - Processing /home/pazzoti/de-upskilling/airflow-flight-price-analysis/venv/lib/python3.10/site-packages/airflow/example_dags/example_complex.py took 0.055 seconds
[2026-02-06T09:16:50.964+0200] {processor.py:161} INFO - Started process (PID=9541) to work on /home/pazzoti/de-upskilling/airflow-flight-price-analysis/venv/lib/python3.10/site-packages/airflow/example_dags/example_complex.py
[2026-02-06T09:16:50.965+0200] {processor.py:830} INFO - Processing file /home/pazzoti/de-upskilling/airflow-flight-price-analysis/venv/lib/python3.10/site-packages/airflow/example_dags/example_complex.py for tasks to queue
[2026-02-06T09:16:50.966+0200] {logging_mixin.py:188} INFO - [2026-02-06T09:16:50.966+0200] {dagbag.py:538} INFO - Filling up the DagBag from /home/pazzoti/de-upskilling/airflow-flight-price-analysis/venv/lib/python3.10/site-packages/airflow/example_dags/example_complex.py
[2026-02-06T09:16:50.974+0200] {processor.py:840} INFO - DAG(s) 'example_complex' retrieved from /home/pazzoti/de-upskilling/airflow-flight-price-analysis/venv/lib/python3.10/site-packages/airflow/example_dags/example_complex.py
[2026-02-06T09:16:50.988+0200] {logging_mixin.py:188} INFO - [2026-02-06T09:16:50.988+0200] {dag.py:3036} INFO - Sync 1 DAGs
[2026-02-06T09:16:50.994+0200] {logging_mixin.py:188} INFO - [2026-02-06T09:16:50.994+0200] {dag.py:3823} INFO - Setting next_dagrun for example_complex to None, run_after=None
[2026-02-06T09:16:51.010+0200] {processor.py:183} INFO - Processing /home/pazzoti/de-upskilling/airflow-flight-price-analysis/venv/lib/python3.10/site-packages/airflow/example_dags/example_complex.py took 0.050 seconds
[2026-02-06T09:29:35.736+0200] {processor.py:161} INFO - Started process (PID=9901) to work on /home/pazzoti/de-upskilling/airflow-flight-price-analysis/venv/lib/python3.10/site-packages/airflow/example_dags/example_complex.py
[2026-02-06T09:29:35.740+0200] {processor.py:830} INFO - Processing file /home/pazzoti/de-upskilling/airflow-flight-price-analysis/venv/lib/python3.10/site-packages/airflow/example_dags/example_complex.py for tasks to queue
[2026-02-06T09:29:35.741+0200] {logging_mixin.py:188} INFO - [2026-02-06T09:29:35.741+0200] {dagbag.py:538} INFO - Filling up the DagBag from /home/pazzoti/de-upskilling/airflow-flight-price-analysis/venv/lib/python3.10/site-packages/airflow/example_dags/example_complex.py
[2026-02-06T09:29:35.747+0200] {processor.py:840} INFO - DAG(s) 'example_complex' retrieved from /home/pazzoti/de-upskilling/airflow-flight-price-analysis/venv/lib/python3.10/site-packages/airflow/example_dags/example_complex.py
[2026-02-06T09:29:35.762+0200] {logging_mixin.py:188} INFO - [2026-02-06T09:29:35.762+0200] {dag.py:3036} INFO - Sync 1 DAGs
[2026-02-06T09:29:35.768+0200] {logging_mixin.py:188} INFO - [2026-02-06T09:29:35.768+0200] {dag.py:3823} INFO - Setting next_dagrun for example_complex to None, run_after=None
[2026-02-06T09:29:35.787+0200] {processor.py:183} INFO - Processing /home/pazzoti/de-upskilling/airflow-flight-price-analysis/venv/lib/python3.10/site-packages/airflow/example_dags/example_complex.py took 0.053 seconds
[2026-02-06T09:30:27.489+0200] {processor.py:161} INFO - Started process (PID=9989) to work on /home/pazzoti/de-upskilling/airflow-flight-price-analysis/venv/lib/python3.10/site-packages/airflow/example_dags/example_complex.py
[2026-02-06T09:30:27.491+0200] {processor.py:830} INFO - Processing file /home/pazzoti/de-upskilling/airflow-flight-price-analysis/venv/lib/python3.10/site-packages/airflow/example_dags/example_complex.py for tasks to queue
[2026-02-06T09:30:27.492+0200] {logging_mixin.py:188} INFO - [2026-02-06T09:30:27.492+0200] {dagbag.py:538} INFO - Filling up the DagBag from /home/pazzoti/de-upskilling/airflow-flight-price-analysis/venv/lib/python3.10/site-packages/airflow/example_dags/example_complex.py
[2026-02-06T09:30:27.505+0200] {processor.py:840} INFO - DAG(s) 'example_complex' retrieved from /home/pazzoti/de-upskilling/airflow-flight-price-analysis/venv/lib/python3.10/site-packages/airflow/example_dags/example_complex.py
[2026-02-06T09:30:27.531+0200] {logging_mixin.py:188} INFO - [2026-02-06T09:30:27.530+0200] {dag.py:3036} INFO - Sync 1 DAGs
[2026-02-06T09:30:27.543+0200] {logging_mixin.py:188} INFO - [2026-02-06T09:30:27.542+0200] {dag.py:3823} INFO - Setting next_dagrun for example_complex to None, run_after=None
[2026-02-06T09:30:27.570+0200] {processor.py:183} INFO - Processing /home/pazzoti/de-upskilling/airflow-flight-price-analysis/venv/lib/python3.10/site-packages/airflow/example_dags/example_complex.py took 0.085 seconds
[2026-02-06T09:31:28.708+0200] {processor.py:161} INFO - Started process (PID=10104) to work on /home/pazzoti/de-upskilling/airflow-flight-price-analysis/venv/lib/python3.10/site-packages/airflow/example_dags/example_complex.py
[2026-02-06T09:31:28.713+0200] {processor.py:830} INFO - Processing file /home/pazzoti/de-upskilling/airflow-flight-price-analysis/venv/lib/python3.10/site-packages/airflow/example_dags/example_complex.py for tasks to queue
[2026-02-06T09:31:28.714+0200] {logging_mixin.py:188} INFO - [2026-02-06T09:31:28.714+0200] {dagbag.py:538} INFO - Filling up the DagBag from /home/pazzoti/de-upskilling/airflow-flight-price-analysis/venv/lib/python3.10/site-packages/airflow/example_dags/example_complex.py
[2026-02-06T09:31:28.721+0200] {processor.py:840} INFO - DAG(s) 'example_complex' retrieved from /home/pazzoti/de-upskilling/airflow-flight-price-analysis/venv/lib/python3.10/site-packages/airflow/example_dags/example_complex.py
[2026-02-06T09:31:28.736+0200] {logging_mixin.py:188} INFO - [2026-02-06T09:31:28.736+0200] {dag.py:3036} INFO - Sync 1 DAGs
[2026-02-06T09:31:28.744+0200] {logging_mixin.py:188} INFO - [2026-02-06T09:31:28.744+0200] {dag.py:3823} INFO - Setting next_dagrun for example_complex to None, run_after=None
[2026-02-06T09:31:28.763+0200] {processor.py:183} INFO - Processing /home/pazzoti/de-upskilling/airflow-flight-price-analysis/venv/lib/python3.10/site-packages/airflow/example_dags/example_complex.py took 0.057 seconds
[2026-02-06T09:32:23.960+0200] {processor.py:161} INFO - Started process (PID=10227) to work on /home/pazzoti/de-upskilling/airflow-flight-price-analysis/venv/lib/python3.10/site-packages/airflow/example_dags/example_complex.py
[2026-02-06T09:32:23.964+0200] {processor.py:830} INFO - Processing file /home/pazzoti/de-upskilling/airflow-flight-price-analysis/venv/lib/python3.10/site-packages/airflow/example_dags/example_complex.py for tasks to queue
[2026-02-06T09:32:23.965+0200] {logging_mixin.py:188} INFO - [2026-02-06T09:32:23.965+0200] {dagbag.py:538} INFO - Filling up the DagBag from /home/pazzoti/de-upskilling/airflow-flight-price-analysis/venv/lib/python3.10/site-packages/airflow/example_dags/example_complex.py
[2026-02-06T09:32:23.972+0200] {processor.py:840} INFO - DAG(s) 'example_complex' retrieved from /home/pazzoti/de-upskilling/airflow-flight-price-analysis/venv/lib/python3.10/site-packages/airflow/example_dags/example_complex.py
[2026-02-06T09:32:23.986+0200] {logging_mixin.py:188} INFO - [2026-02-06T09:32:23.986+0200] {dag.py:3036} INFO - Sync 1 DAGs
[2026-02-06T09:32:23.993+0200] {logging_mixin.py:188} INFO - [2026-02-06T09:32:23.993+0200] {dag.py:3823} INFO - Setting next_dagrun for example_complex to None, run_after=None
[2026-02-06T09:32:24.008+0200] {processor.py:183} INFO - Processing /home/pazzoti/de-upskilling/airflow-flight-price-analysis/venv/lib/python3.10/site-packages/airflow/example_dags/example_complex.py took 0.050 seconds
[2026-02-06T09:33:25.467+0200] {processor.py:161} INFO - Started process (PID=10330) to work on /home/pazzoti/de-upskilling/airflow-flight-price-analysis/venv/lib/python3.10/site-packages/airflow/example_dags/example_complex.py
[2026-02-06T09:33:25.469+0200] {processor.py:830} INFO - Processing file /home/pazzoti/de-upskilling/airflow-flight-price-analysis/venv/lib/python3.10/site-packages/airflow/example_dags/example_complex.py for tasks to queue
[2026-02-06T09:33:25.471+0200] {logging_mixin.py:188} INFO - [2026-02-06T09:33:25.470+0200] {dagbag.py:538} INFO - Filling up the DagBag from /home/pazzoti/de-upskilling/airflow-flight-price-analysis/venv/lib/python3.10/site-packages/airflow/example_dags/example_complex.py
[2026-02-06T09:33:25.483+0200] {processor.py:840} INFO - DAG(s) 'example_complex' retrieved from /home/pazzoti/de-upskilling/airflow-flight-price-analysis/venv/lib/python3.10/site-packages/airflow/example_dags/example_complex.py
[2026-02-06T09:33:25.509+0200] {logging_mixin.py:188} INFO - [2026-02-06T09:33:25.508+0200] {dag.py:3036} INFO - Sync 1 DAGs
[2026-02-06T09:33:25.532+0200] {logging_mixin.py:188} INFO - [2026-02-06T09:33:25.531+0200] {dag.py:3823} INFO - Setting next_dagrun for example_complex to None, run_after=None
[2026-02-06T09:33:25.586+0200] {processor.py:183} INFO - Processing /home/pazzoti/de-upskilling/airflow-flight-price-analysis/venv/lib/python3.10/site-packages/airflow/example_dags/example_complex.py took 0.121 seconds
[2026-02-06T09:34:18.615+0200] {processor.py:161} INFO - Started process (PID=10423) to work on /home/pazzoti/de-upskilling/airflow-flight-price-analysis/venv/lib/python3.10/site-packages/airflow/example_dags/example_complex.py
[2026-02-06T09:34:18.620+0200] {processor.py:830} INFO - Processing file /home/pazzoti/de-upskilling/airflow-flight-price-analysis/venv/lib/python3.10/site-packages/airflow/example_dags/example_complex.py for tasks to queue
[2026-02-06T09:34:18.621+0200] {logging_mixin.py:188} INFO - [2026-02-06T09:34:18.620+0200] {dagbag.py:538} INFO - Filling up the DagBag from /home/pazzoti/de-upskilling/airflow-flight-price-analysis/venv/lib/python3.10/site-packages/airflow/example_dags/example_complex.py
[2026-02-06T09:34:18.628+0200] {processor.py:840} INFO - DAG(s) 'example_complex' retrieved from /home/pazzoti/de-upskilling/airflow-flight-price-analysis/venv/lib/python3.10/site-packages/airflow/example_dags/example_complex.py
[2026-02-06T09:34:18.642+0200] {logging_mixin.py:188} INFO - [2026-02-06T09:34:18.641+0200] {dag.py:3036} INFO - Sync 1 DAGs
[2026-02-06T09:34:18.648+0200] {logging_mixin.py:188} INFO - [2026-02-06T09:34:18.647+0200] {dag.py:3823} INFO - Setting next_dagrun for example_complex to None, run_after=None
[2026-02-06T09:34:18.666+0200] {processor.py:183} INFO - Processing /home/pazzoti/de-upskilling/airflow-flight-price-analysis/venv/lib/python3.10/site-packages/airflow/example_dags/example_complex.py took 0.053 seconds
