[2026-02-06T09:01:30.368+0200] {processor.py:161} INFO - Started process (PID=4304) to work on /home/pazzoti/de-upskilling/airflow-flight-price-analysis/venv/lib/python3.10/site-packages/airflow/example_dags/example_python_decorator.py
[2026-02-06T09:01:30.369+0200] {processor.py:830} INFO - Processing file /home/pazzoti/de-upskilling/airflow-flight-price-analysis/venv/lib/python3.10/site-packages/airflow/example_dags/example_python_decorator.py for tasks to queue
[2026-02-06T09:01:30.370+0200] {logging_mixin.py:188} INFO - [2026-02-06T09:01:30.369+0200] {dagbag.py:538} INFO - Filling up the DagBag from /home/pazzoti/de-upskilling/airflow-flight-price-analysis/venv/lib/python3.10/site-packages/airflow/example_dags/example_python_decorator.py
[2026-02-06T09:01:30.395+0200] {processor.py:840} INFO - DAG(s) 'example_python_decorator' retrieved from /home/pazzoti/de-upskilling/airflow-flight-price-analysis/venv/lib/python3.10/site-packages/airflow/example_dags/example_python_decorator.py
[2026-02-06T09:01:30.473+0200] {logging_mixin.py:188} INFO - [2026-02-06T09:01:30.473+0200] {dag.py:3036} INFO - Sync 1 DAGs
[2026-02-06T09:01:30.479+0200] {logging_mixin.py:188} INFO - [2026-02-06T09:01:30.479+0200] {dag.py:3823} INFO - Setting next_dagrun for example_python_decorator to None, run_after=None
[2026-02-06T09:01:30.498+0200] {processor.py:183} INFO - Processing /home/pazzoti/de-upskilling/airflow-flight-price-analysis/venv/lib/python3.10/site-packages/airflow/example_dags/example_python_decorator.py took 0.132 seconds
[2026-02-06T09:02:20.519+0200] {processor.py:161} INFO - Started process (PID=4837) to work on /home/pazzoti/de-upskilling/airflow-flight-price-analysis/venv/lib/python3.10/site-packages/airflow/example_dags/example_python_decorator.py
[2026-02-06T09:02:20.524+0200] {processor.py:830} INFO - Processing file /home/pazzoti/de-upskilling/airflow-flight-price-analysis/venv/lib/python3.10/site-packages/airflow/example_dags/example_python_decorator.py for tasks to queue
[2026-02-06T09:02:20.524+0200] {logging_mixin.py:188} INFO - [2026-02-06T09:02:20.524+0200] {dagbag.py:538} INFO - Filling up the DagBag from /home/pazzoti/de-upskilling/airflow-flight-price-analysis/venv/lib/python3.10/site-packages/airflow/example_dags/example_python_decorator.py
[2026-02-06T09:02:20.533+0200] {processor.py:840} INFO - DAG(s) 'example_python_decorator' retrieved from /home/pazzoti/de-upskilling/airflow-flight-price-analysis/venv/lib/python3.10/site-packages/airflow/example_dags/example_python_decorator.py
[2026-02-06T09:02:20.543+0200] {logging_mixin.py:188} INFO - [2026-02-06T09:02:20.543+0200] {dag.py:3036} INFO - Sync 1 DAGs
[2026-02-06T09:02:20.549+0200] {logging_mixin.py:188} INFO - [2026-02-06T09:02:20.549+0200] {dag.py:3823} INFO - Setting next_dagrun for example_python_decorator to None, run_after=None
[2026-02-06T09:02:20.565+0200] {processor.py:183} INFO - Processing /home/pazzoti/de-upskilling/airflow-flight-price-analysis/venv/lib/python3.10/site-packages/airflow/example_dags/example_python_decorator.py took 0.048 seconds
[2026-02-06T09:03:09.835+0200] {processor.py:161} INFO - Started process (PID=5072) to work on /home/pazzoti/de-upskilling/airflow-flight-price-analysis/venv/lib/python3.10/site-packages/airflow/example_dags/example_python_decorator.py
[2026-02-06T09:03:09.837+0200] {processor.py:830} INFO - Processing file /home/pazzoti/de-upskilling/airflow-flight-price-analysis/venv/lib/python3.10/site-packages/airflow/example_dags/example_python_decorator.py for tasks to queue
[2026-02-06T09:03:09.838+0200] {logging_mixin.py:188} INFO - [2026-02-06T09:03:09.838+0200] {dagbag.py:538} INFO - Filling up the DagBag from /home/pazzoti/de-upskilling/airflow-flight-price-analysis/venv/lib/python3.10/site-packages/airflow/example_dags/example_python_decorator.py
[2026-02-06T09:03:09.853+0200] {processor.py:840} INFO - DAG(s) 'example_python_decorator' retrieved from /home/pazzoti/de-upskilling/airflow-flight-price-analysis/venv/lib/python3.10/site-packages/airflow/example_dags/example_python_decorator.py
[2026-02-06T09:03:09.873+0200] {logging_mixin.py:188} INFO - [2026-02-06T09:03:09.873+0200] {dag.py:3036} INFO - Sync 1 DAGs
[2026-02-06T09:03:09.894+0200] {logging_mixin.py:188} INFO - [2026-02-06T09:03:09.892+0200] {dag.py:3823} INFO - Setting next_dagrun for example_python_decorator to None, run_after=None
[2026-02-06T09:03:09.927+0200] {processor.py:183} INFO - Processing /home/pazzoti/de-upskilling/airflow-flight-price-analysis/venv/lib/python3.10/site-packages/airflow/example_dags/example_python_decorator.py took 0.095 seconds
[2026-02-06T09:03:57.716+0200] {processor.py:161} INFO - Started process (PID=5288) to work on /home/pazzoti/de-upskilling/airflow-flight-price-analysis/venv/lib/python3.10/site-packages/airflow/example_dags/example_python_decorator.py
[2026-02-06T09:03:57.724+0200] {processor.py:830} INFO - Processing file /home/pazzoti/de-upskilling/airflow-flight-price-analysis/venv/lib/python3.10/site-packages/airflow/example_dags/example_python_decorator.py for tasks to queue
[2026-02-06T09:03:57.725+0200] {logging_mixin.py:188} INFO - [2026-02-06T09:03:57.725+0200] {dagbag.py:538} INFO - Filling up the DagBag from /home/pazzoti/de-upskilling/airflow-flight-price-analysis/venv/lib/python3.10/site-packages/airflow/example_dags/example_python_decorator.py
[2026-02-06T09:03:57.734+0200] {processor.py:840} INFO - DAG(s) 'example_python_decorator' retrieved from /home/pazzoti/de-upskilling/airflow-flight-price-analysis/venv/lib/python3.10/site-packages/airflow/example_dags/example_python_decorator.py
[2026-02-06T09:03:57.749+0200] {logging_mixin.py:188} INFO - [2026-02-06T09:03:57.749+0200] {dag.py:3036} INFO - Sync 1 DAGs
[2026-02-06T09:03:57.756+0200] {logging_mixin.py:188} INFO - [2026-02-06T09:03:57.756+0200] {dag.py:3823} INFO - Setting next_dagrun for example_python_decorator to None, run_after=None
[2026-02-06T09:03:57.775+0200] {processor.py:183} INFO - Processing /home/pazzoti/de-upskilling/airflow-flight-price-analysis/venv/lib/python3.10/site-packages/airflow/example_dags/example_python_decorator.py took 0.061 seconds
[2026-02-06T09:04:51.351+0200] {processor.py:161} INFO - Started process (PID=5532) to work on /home/pazzoti/de-upskilling/airflow-flight-price-analysis/venv/lib/python3.10/site-packages/airflow/example_dags/example_python_decorator.py
[2026-02-06T09:04:51.356+0200] {processor.py:830} INFO - Processing file /home/pazzoti/de-upskilling/airflow-flight-price-analysis/venv/lib/python3.10/site-packages/airflow/example_dags/example_python_decorator.py for tasks to queue
[2026-02-06T09:04:51.357+0200] {logging_mixin.py:188} INFO - [2026-02-06T09:04:51.356+0200] {dagbag.py:538} INFO - Filling up the DagBag from /home/pazzoti/de-upskilling/airflow-flight-price-analysis/venv/lib/python3.10/site-packages/airflow/example_dags/example_python_decorator.py
[2026-02-06T09:04:51.366+0200] {processor.py:840} INFO - DAG(s) 'example_python_decorator' retrieved from /home/pazzoti/de-upskilling/airflow-flight-price-analysis/venv/lib/python3.10/site-packages/airflow/example_dags/example_python_decorator.py
[2026-02-06T09:04:51.376+0200] {logging_mixin.py:188} INFO - [2026-02-06T09:04:51.375+0200] {dag.py:3036} INFO - Sync 1 DAGs
[2026-02-06T09:04:51.382+0200] {logging_mixin.py:188} INFO - [2026-02-06T09:04:51.382+0200] {dag.py:3823} INFO - Setting next_dagrun for example_python_decorator to None, run_after=None
[2026-02-06T09:04:51.398+0200] {processor.py:183} INFO - Processing /home/pazzoti/de-upskilling/airflow-flight-price-analysis/venv/lib/python3.10/site-packages/airflow/example_dags/example_python_decorator.py took 0.049 seconds
[2026-02-06T09:05:47.959+0200] {processor.py:161} INFO - Started process (PID=5830) to work on /home/pazzoti/de-upskilling/airflow-flight-price-analysis/venv/lib/python3.10/site-packages/airflow/example_dags/example_python_decorator.py
[2026-02-06T09:05:47.960+0200] {processor.py:830} INFO - Processing file /home/pazzoti/de-upskilling/airflow-flight-price-analysis/venv/lib/python3.10/site-packages/airflow/example_dags/example_python_decorator.py for tasks to queue
[2026-02-06T09:05:47.961+0200] {logging_mixin.py:188} INFO - [2026-02-06T09:05:47.961+0200] {dagbag.py:538} INFO - Filling up the DagBag from /home/pazzoti/de-upskilling/airflow-flight-price-analysis/venv/lib/python3.10/site-packages/airflow/example_dags/example_python_decorator.py
[2026-02-06T09:05:47.970+0200] {processor.py:840} INFO - DAG(s) 'example_python_decorator' retrieved from /home/pazzoti/de-upskilling/airflow-flight-price-analysis/venv/lib/python3.10/site-packages/airflow/example_dags/example_python_decorator.py
[2026-02-06T09:05:47.981+0200] {logging_mixin.py:188} INFO - [2026-02-06T09:05:47.981+0200] {dag.py:3036} INFO - Sync 1 DAGs
[2026-02-06T09:05:47.989+0200] {logging_mixin.py:188} INFO - [2026-02-06T09:05:47.989+0200] {dag.py:3823} INFO - Setting next_dagrun for example_python_decorator to None, run_after=None
[2026-02-06T09:05:48.005+0200] {processor.py:183} INFO - Processing /home/pazzoti/de-upskilling/airflow-flight-price-analysis/venv/lib/python3.10/site-packages/airflow/example_dags/example_python_decorator.py took 0.049 seconds
[2026-02-06T09:06:41.567+0200] {processor.py:161} INFO - Started process (PID=6098) to work on /home/pazzoti/de-upskilling/airflow-flight-price-analysis/venv/lib/python3.10/site-packages/airflow/example_dags/example_python_decorator.py
[2026-02-06T09:06:41.569+0200] {processor.py:830} INFO - Processing file /home/pazzoti/de-upskilling/airflow-flight-price-analysis/venv/lib/python3.10/site-packages/airflow/example_dags/example_python_decorator.py for tasks to queue
[2026-02-06T09:06:41.570+0200] {logging_mixin.py:188} INFO - [2026-02-06T09:06:41.569+0200] {dagbag.py:538} INFO - Filling up the DagBag from /home/pazzoti/de-upskilling/airflow-flight-price-analysis/venv/lib/python3.10/site-packages/airflow/example_dags/example_python_decorator.py
[2026-02-06T09:06:41.578+0200] {processor.py:840} INFO - DAG(s) 'example_python_decorator' retrieved from /home/pazzoti/de-upskilling/airflow-flight-price-analysis/venv/lib/python3.10/site-packages/airflow/example_dags/example_python_decorator.py
[2026-02-06T09:06:41.589+0200] {logging_mixin.py:188} INFO - [2026-02-06T09:06:41.589+0200] {dag.py:3036} INFO - Sync 1 DAGs
[2026-02-06T09:06:41.596+0200] {logging_mixin.py:188} INFO - [2026-02-06T09:06:41.596+0200] {dag.py:3823} INFO - Setting next_dagrun for example_python_decorator to None, run_after=None
[2026-02-06T09:06:41.616+0200] {processor.py:183} INFO - Processing /home/pazzoti/de-upskilling/airflow-flight-price-analysis/venv/lib/python3.10/site-packages/airflow/example_dags/example_python_decorator.py took 0.051 seconds
[2026-02-06T09:07:36.144+0200] {processor.py:161} INFO - Started process (PID=6421) to work on /home/pazzoti/de-upskilling/airflow-flight-price-analysis/venv/lib/python3.10/site-packages/airflow/example_dags/example_python_decorator.py
[2026-02-06T09:07:36.146+0200] {processor.py:830} INFO - Processing file /home/pazzoti/de-upskilling/airflow-flight-price-analysis/venv/lib/python3.10/site-packages/airflow/example_dags/example_python_decorator.py for tasks to queue
[2026-02-06T09:07:36.148+0200] {logging_mixin.py:188} INFO - [2026-02-06T09:07:36.147+0200] {dagbag.py:538} INFO - Filling up the DagBag from /home/pazzoti/de-upskilling/airflow-flight-price-analysis/venv/lib/python3.10/site-packages/airflow/example_dags/example_python_decorator.py
[2026-02-06T09:07:36.158+0200] {processor.py:840} INFO - DAG(s) 'example_python_decorator' retrieved from /home/pazzoti/de-upskilling/airflow-flight-price-analysis/venv/lib/python3.10/site-packages/airflow/example_dags/example_python_decorator.py
[2026-02-06T09:07:36.170+0200] {logging_mixin.py:188} INFO - [2026-02-06T09:07:36.170+0200] {dag.py:3036} INFO - Sync 1 DAGs
[2026-02-06T09:07:36.177+0200] {logging_mixin.py:188} INFO - [2026-02-06T09:07:36.177+0200] {dag.py:3823} INFO - Setting next_dagrun for example_python_decorator to None, run_after=None
[2026-02-06T09:07:36.194+0200] {processor.py:183} INFO - Processing /home/pazzoti/de-upskilling/airflow-flight-price-analysis/venv/lib/python3.10/site-packages/airflow/example_dags/example_python_decorator.py took 0.054 seconds
[2026-02-06T09:08:31.052+0200] {processor.py:161} INFO - Started process (PID=6666) to work on /home/pazzoti/de-upskilling/airflow-flight-price-analysis/venv/lib/python3.10/site-packages/airflow/example_dags/example_python_decorator.py
[2026-02-06T09:08:31.059+0200] {processor.py:830} INFO - Processing file /home/pazzoti/de-upskilling/airflow-flight-price-analysis/venv/lib/python3.10/site-packages/airflow/example_dags/example_python_decorator.py for tasks to queue
[2026-02-06T09:08:31.060+0200] {logging_mixin.py:188} INFO - [2026-02-06T09:08:31.060+0200] {dagbag.py:538} INFO - Filling up the DagBag from /home/pazzoti/de-upskilling/airflow-flight-price-analysis/venv/lib/python3.10/site-packages/airflow/example_dags/example_python_decorator.py
[2026-02-06T09:08:31.069+0200] {processor.py:840} INFO - DAG(s) 'example_python_decorator' retrieved from /home/pazzoti/de-upskilling/airflow-flight-price-analysis/venv/lib/python3.10/site-packages/airflow/example_dags/example_python_decorator.py
[2026-02-06T09:08:31.079+0200] {logging_mixin.py:188} INFO - [2026-02-06T09:08:31.079+0200] {dag.py:3036} INFO - Sync 1 DAGs
[2026-02-06T09:08:31.086+0200] {logging_mixin.py:188} INFO - [2026-02-06T09:08:31.086+0200] {dag.py:3823} INFO - Setting next_dagrun for example_python_decorator to None, run_after=None
[2026-02-06T09:08:31.104+0200] {processor.py:183} INFO - Processing /home/pazzoti/de-upskilling/airflow-flight-price-analysis/venv/lib/python3.10/site-packages/airflow/example_dags/example_python_decorator.py took 0.055 seconds
[2026-02-06T09:09:27.401+0200] {processor.py:161} INFO - Started process (PID=6930) to work on /home/pazzoti/de-upskilling/airflow-flight-price-analysis/venv/lib/python3.10/site-packages/airflow/example_dags/example_python_decorator.py
[2026-02-06T09:09:27.404+0200] {processor.py:830} INFO - Processing file /home/pazzoti/de-upskilling/airflow-flight-price-analysis/venv/lib/python3.10/site-packages/airflow/example_dags/example_python_decorator.py for tasks to queue
[2026-02-06T09:09:27.407+0200] {logging_mixin.py:188} INFO - [2026-02-06T09:09:27.406+0200] {dagbag.py:538} INFO - Filling up the DagBag from /home/pazzoti/de-upskilling/airflow-flight-price-analysis/venv/lib/python3.10/site-packages/airflow/example_dags/example_python_decorator.py
[2026-02-06T09:09:27.434+0200] {processor.py:840} INFO - DAG(s) 'example_python_decorator' retrieved from /home/pazzoti/de-upskilling/airflow-flight-price-analysis/venv/lib/python3.10/site-packages/airflow/example_dags/example_python_decorator.py
[2026-02-06T09:09:27.468+0200] {logging_mixin.py:188} INFO - [2026-02-06T09:09:27.468+0200] {dag.py:3036} INFO - Sync 1 DAGs
[2026-02-06T09:09:27.486+0200] {logging_mixin.py:188} INFO - [2026-02-06T09:09:27.486+0200] {dag.py:3823} INFO - Setting next_dagrun for example_python_decorator to None, run_after=None
[2026-02-06T09:09:27.550+0200] {processor.py:183} INFO - Processing /home/pazzoti/de-upskilling/airflow-flight-price-analysis/venv/lib/python3.10/site-packages/airflow/example_dags/example_python_decorator.py took 0.152 seconds
[2026-02-06T09:11:36.773+0200] {processor.py:161} INFO - Started process (PID=7958) to work on /home/pazzoti/de-upskilling/airflow-flight-price-analysis/venv/lib/python3.10/site-packages/airflow/example_dags/example_python_decorator.py
[2026-02-06T09:11:36.775+0200] {processor.py:830} INFO - Processing file /home/pazzoti/de-upskilling/airflow-flight-price-analysis/venv/lib/python3.10/site-packages/airflow/example_dags/example_python_decorator.py for tasks to queue
[2026-02-06T09:11:36.776+0200] {logging_mixin.py:188} INFO - [2026-02-06T09:11:36.776+0200] {dagbag.py:538} INFO - Filling up the DagBag from /home/pazzoti/de-upskilling/airflow-flight-price-analysis/venv/lib/python3.10/site-packages/airflow/example_dags/example_python_decorator.py
[2026-02-06T09:11:36.804+0200] {processor.py:840} INFO - DAG(s) 'example_python_decorator' retrieved from /home/pazzoti/de-upskilling/airflow-flight-price-analysis/venv/lib/python3.10/site-packages/airflow/example_dags/example_python_decorator.py
[2026-02-06T09:11:36.934+0200] {logging_mixin.py:188} INFO - [2026-02-06T09:11:36.934+0200] {dag.py:3036} INFO - Sync 1 DAGs
[2026-02-06T09:11:36.945+0200] {logging_mixin.py:188} INFO - [2026-02-06T09:11:36.945+0200] {dag.py:3823} INFO - Setting next_dagrun for example_python_decorator to None, run_after=None
[2026-02-06T09:11:36.982+0200] {processor.py:183} INFO - Processing /home/pazzoti/de-upskilling/airflow-flight-price-analysis/venv/lib/python3.10/site-packages/airflow/example_dags/example_python_decorator.py took 0.214 seconds
[2026-02-06T09:12:27.522+0200] {processor.py:161} INFO - Started process (PID=8299) to work on /home/pazzoti/de-upskilling/airflow-flight-price-analysis/venv/lib/python3.10/site-packages/airflow/example_dags/example_python_decorator.py
[2026-02-06T09:12:27.523+0200] {processor.py:830} INFO - Processing file /home/pazzoti/de-upskilling/airflow-flight-price-analysis/venv/lib/python3.10/site-packages/airflow/example_dags/example_python_decorator.py for tasks to queue
[2026-02-06T09:12:27.524+0200] {logging_mixin.py:188} INFO - [2026-02-06T09:12:27.524+0200] {dagbag.py:538} INFO - Filling up the DagBag from /home/pazzoti/de-upskilling/airflow-flight-price-analysis/venv/lib/python3.10/site-packages/airflow/example_dags/example_python_decorator.py
[2026-02-06T09:12:27.533+0200] {processor.py:840} INFO - DAG(s) 'example_python_decorator' retrieved from /home/pazzoti/de-upskilling/airflow-flight-price-analysis/venv/lib/python3.10/site-packages/airflow/example_dags/example_python_decorator.py
[2026-02-06T09:12:27.543+0200] {logging_mixin.py:188} INFO - [2026-02-06T09:12:27.543+0200] {dag.py:3036} INFO - Sync 1 DAGs
[2026-02-06T09:12:27.552+0200] {logging_mixin.py:188} INFO - [2026-02-06T09:12:27.552+0200] {dag.py:3823} INFO - Setting next_dagrun for example_python_decorator to None, run_after=None
[2026-02-06T09:12:27.570+0200] {processor.py:183} INFO - Processing /home/pazzoti/de-upskilling/airflow-flight-price-analysis/venv/lib/python3.10/site-packages/airflow/example_dags/example_python_decorator.py took 0.050 seconds
[2026-02-06T09:13:15.217+0200] {processor.py:161} INFO - Started process (PID=8521) to work on /home/pazzoti/de-upskilling/airflow-flight-price-analysis/venv/lib/python3.10/site-packages/airflow/example_dags/example_python_decorator.py
[2026-02-06T09:13:15.224+0200] {processor.py:830} INFO - Processing file /home/pazzoti/de-upskilling/airflow-flight-price-analysis/venv/lib/python3.10/site-packages/airflow/example_dags/example_python_decorator.py for tasks to queue
[2026-02-06T09:13:15.225+0200] {logging_mixin.py:188} INFO - [2026-02-06T09:13:15.224+0200] {dagbag.py:538} INFO - Filling up the DagBag from /home/pazzoti/de-upskilling/airflow-flight-price-analysis/venv/lib/python3.10/site-packages/airflow/example_dags/example_python_decorator.py
[2026-02-06T09:13:15.234+0200] {processor.py:840} INFO - DAG(s) 'example_python_decorator' retrieved from /home/pazzoti/de-upskilling/airflow-flight-price-analysis/venv/lib/python3.10/site-packages/airflow/example_dags/example_python_decorator.py
[2026-02-06T09:13:15.243+0200] {logging_mixin.py:188} INFO - [2026-02-06T09:13:15.243+0200] {dag.py:3036} INFO - Sync 1 DAGs
[2026-02-06T09:13:15.250+0200] {logging_mixin.py:188} INFO - [2026-02-06T09:13:15.250+0200] {dag.py:3823} INFO - Setting next_dagrun for example_python_decorator to None, run_after=None
[2026-02-06T09:13:15.266+0200] {processor.py:183} INFO - Processing /home/pazzoti/de-upskilling/airflow-flight-price-analysis/venv/lib/python3.10/site-packages/airflow/example_dags/example_python_decorator.py took 0.053 seconds
[2026-02-06T09:14:09.856+0200] {processor.py:161} INFO - Started process (PID=8777) to work on /home/pazzoti/de-upskilling/airflow-flight-price-analysis/venv/lib/python3.10/site-packages/airflow/example_dags/example_python_decorator.py
[2026-02-06T09:14:09.863+0200] {processor.py:830} INFO - Processing file /home/pazzoti/de-upskilling/airflow-flight-price-analysis/venv/lib/python3.10/site-packages/airflow/example_dags/example_python_decorator.py for tasks to queue
[2026-02-06T09:14:09.864+0200] {logging_mixin.py:188} INFO - [2026-02-06T09:14:09.863+0200] {dagbag.py:538} INFO - Filling up the DagBag from /home/pazzoti/de-upskilling/airflow-flight-price-analysis/venv/lib/python3.10/site-packages/airflow/example_dags/example_python_decorator.py
[2026-02-06T09:14:09.872+0200] {processor.py:840} INFO - DAG(s) 'example_python_decorator' retrieved from /home/pazzoti/de-upskilling/airflow-flight-price-analysis/venv/lib/python3.10/site-packages/airflow/example_dags/example_python_decorator.py
[2026-02-06T09:14:09.882+0200] {logging_mixin.py:188} INFO - [2026-02-06T09:14:09.882+0200] {dag.py:3036} INFO - Sync 1 DAGs
[2026-02-06T09:14:09.890+0200] {logging_mixin.py:188} INFO - [2026-02-06T09:14:09.890+0200] {dag.py:3823} INFO - Setting next_dagrun for example_python_decorator to None, run_after=None
[2026-02-06T09:14:09.907+0200] {processor.py:183} INFO - Processing /home/pazzoti/de-upskilling/airflow-flight-price-analysis/venv/lib/python3.10/site-packages/airflow/example_dags/example_python_decorator.py took 0.053 seconds
[2026-02-06T09:15:05.337+0200] {processor.py:161} INFO - Started process (PID=9024) to work on /home/pazzoti/de-upskilling/airflow-flight-price-analysis/venv/lib/python3.10/site-packages/airflow/example_dags/example_python_decorator.py
[2026-02-06T09:15:05.338+0200] {processor.py:830} INFO - Processing file /home/pazzoti/de-upskilling/airflow-flight-price-analysis/venv/lib/python3.10/site-packages/airflow/example_dags/example_python_decorator.py for tasks to queue
[2026-02-06T09:15:05.339+0200] {logging_mixin.py:188} INFO - [2026-02-06T09:15:05.338+0200] {dagbag.py:538} INFO - Filling up the DagBag from /home/pazzoti/de-upskilling/airflow-flight-price-analysis/venv/lib/python3.10/site-packages/airflow/example_dags/example_python_decorator.py
[2026-02-06T09:15:05.347+0200] {processor.py:840} INFO - DAG(s) 'example_python_decorator' retrieved from /home/pazzoti/de-upskilling/airflow-flight-price-analysis/venv/lib/python3.10/site-packages/airflow/example_dags/example_python_decorator.py
[2026-02-06T09:15:05.358+0200] {logging_mixin.py:188} INFO - [2026-02-06T09:15:05.357+0200] {dag.py:3036} INFO - Sync 1 DAGs
[2026-02-06T09:15:05.365+0200] {logging_mixin.py:188} INFO - [2026-02-06T09:15:05.364+0200] {dag.py:3823} INFO - Setting next_dagrun for example_python_decorator to None, run_after=None
[2026-02-06T09:15:05.381+0200] {processor.py:183} INFO - Processing /home/pazzoti/de-upskilling/airflow-flight-price-analysis/venv/lib/python3.10/site-packages/airflow/example_dags/example_python_decorator.py took 0.046 seconds
[2026-02-06T09:15:56.785+0200] {processor.py:161} INFO - Started process (PID=9296) to work on /home/pazzoti/de-upskilling/airflow-flight-price-analysis/venv/lib/python3.10/site-packages/airflow/example_dags/example_python_decorator.py
[2026-02-06T09:15:56.786+0200] {processor.py:830} INFO - Processing file /home/pazzoti/de-upskilling/airflow-flight-price-analysis/venv/lib/python3.10/site-packages/airflow/example_dags/example_python_decorator.py for tasks to queue
[2026-02-06T09:15:56.787+0200] {logging_mixin.py:188} INFO - [2026-02-06T09:15:56.787+0200] {dagbag.py:538} INFO - Filling up the DagBag from /home/pazzoti/de-upskilling/airflow-flight-price-analysis/venv/lib/python3.10/site-packages/airflow/example_dags/example_python_decorator.py
[2026-02-06T09:15:56.799+0200] {processor.py:840} INFO - DAG(s) 'example_python_decorator' retrieved from /home/pazzoti/de-upskilling/airflow-flight-price-analysis/venv/lib/python3.10/site-packages/airflow/example_dags/example_python_decorator.py
[2026-02-06T09:15:56.809+0200] {logging_mixin.py:188} INFO - [2026-02-06T09:15:56.809+0200] {dag.py:3036} INFO - Sync 1 DAGs
[2026-02-06T09:15:56.816+0200] {logging_mixin.py:188} INFO - [2026-02-06T09:15:56.816+0200] {dag.py:3823} INFO - Setting next_dagrun for example_python_decorator to None, run_after=None
[2026-02-06T09:15:56.833+0200] {processor.py:183} INFO - Processing /home/pazzoti/de-upskilling/airflow-flight-price-analysis/venv/lib/python3.10/site-packages/airflow/example_dags/example_python_decorator.py took 0.051 seconds
[2026-02-06T09:16:46.448+0200] {processor.py:161} INFO - Started process (PID=9525) to work on /home/pazzoti/de-upskilling/airflow-flight-price-analysis/venv/lib/python3.10/site-packages/airflow/example_dags/example_python_decorator.py
[2026-02-06T09:16:46.453+0200] {processor.py:830} INFO - Processing file /home/pazzoti/de-upskilling/airflow-flight-price-analysis/venv/lib/python3.10/site-packages/airflow/example_dags/example_python_decorator.py for tasks to queue
[2026-02-06T09:16:46.454+0200] {logging_mixin.py:188} INFO - [2026-02-06T09:16:46.454+0200] {dagbag.py:538} INFO - Filling up the DagBag from /home/pazzoti/de-upskilling/airflow-flight-price-analysis/venv/lib/python3.10/site-packages/airflow/example_dags/example_python_decorator.py
[2026-02-06T09:16:46.467+0200] {processor.py:840} INFO - DAG(s) 'example_python_decorator' retrieved from /home/pazzoti/de-upskilling/airflow-flight-price-analysis/venv/lib/python3.10/site-packages/airflow/example_dags/example_python_decorator.py
[2026-02-06T09:16:46.480+0200] {logging_mixin.py:188} INFO - [2026-02-06T09:16:46.480+0200] {dag.py:3036} INFO - Sync 1 DAGs
[2026-02-06T09:16:46.488+0200] {logging_mixin.py:188} INFO - [2026-02-06T09:16:46.488+0200] {dag.py:3823} INFO - Setting next_dagrun for example_python_decorator to None, run_after=None
[2026-02-06T09:16:46.506+0200] {processor.py:183} INFO - Processing /home/pazzoti/de-upskilling/airflow-flight-price-analysis/venv/lib/python3.10/site-packages/airflow/example_dags/example_python_decorator.py took 0.061 seconds
[2026-02-06T09:29:31.574+0200] {processor.py:161} INFO - Started process (PID=9897) to work on /home/pazzoti/de-upskilling/airflow-flight-price-analysis/venv/lib/python3.10/site-packages/airflow/example_dags/example_python_decorator.py
[2026-02-06T09:29:31.576+0200] {processor.py:830} INFO - Processing file /home/pazzoti/de-upskilling/airflow-flight-price-analysis/venv/lib/python3.10/site-packages/airflow/example_dags/example_python_decorator.py for tasks to queue
[2026-02-06T09:29:31.577+0200] {logging_mixin.py:188} INFO - [2026-02-06T09:29:31.576+0200] {dagbag.py:538} INFO - Filling up the DagBag from /home/pazzoti/de-upskilling/airflow-flight-price-analysis/venv/lib/python3.10/site-packages/airflow/example_dags/example_python_decorator.py
[2026-02-06T09:29:31.585+0200] {processor.py:840} INFO - DAG(s) 'example_python_decorator' retrieved from /home/pazzoti/de-upskilling/airflow-flight-price-analysis/venv/lib/python3.10/site-packages/airflow/example_dags/example_python_decorator.py
[2026-02-06T09:29:31.596+0200] {logging_mixin.py:188} INFO - [2026-02-06T09:29:31.596+0200] {dag.py:3036} INFO - Sync 1 DAGs
[2026-02-06T09:29:31.602+0200] {logging_mixin.py:188} INFO - [2026-02-06T09:29:31.602+0200] {dag.py:3823} INFO - Setting next_dagrun for example_python_decorator to None, run_after=None
[2026-02-06T09:29:31.619+0200] {processor.py:183} INFO - Processing /home/pazzoti/de-upskilling/airflow-flight-price-analysis/venv/lib/python3.10/site-packages/airflow/example_dags/example_python_decorator.py took 0.048 seconds
[2026-02-06T09:30:22.556+0200] {processor.py:161} INFO - Started process (PID=9984) to work on /home/pazzoti/de-upskilling/airflow-flight-price-analysis/venv/lib/python3.10/site-packages/airflow/example_dags/example_python_decorator.py
[2026-02-06T09:30:22.558+0200] {processor.py:830} INFO - Processing file /home/pazzoti/de-upskilling/airflow-flight-price-analysis/venv/lib/python3.10/site-packages/airflow/example_dags/example_python_decorator.py for tasks to queue
[2026-02-06T09:30:22.559+0200] {logging_mixin.py:188} INFO - [2026-02-06T09:30:22.559+0200] {dagbag.py:538} INFO - Filling up the DagBag from /home/pazzoti/de-upskilling/airflow-flight-price-analysis/venv/lib/python3.10/site-packages/airflow/example_dags/example_python_decorator.py
[2026-02-06T09:30:22.578+0200] {processor.py:840} INFO - DAG(s) 'example_python_decorator' retrieved from /home/pazzoti/de-upskilling/airflow-flight-price-analysis/venv/lib/python3.10/site-packages/airflow/example_dags/example_python_decorator.py
[2026-02-06T09:30:22.596+0200] {logging_mixin.py:188} INFO - [2026-02-06T09:30:22.596+0200] {dag.py:3036} INFO - Sync 1 DAGs
[2026-02-06T09:30:22.607+0200] {logging_mixin.py:188} INFO - [2026-02-06T09:30:22.607+0200] {dag.py:3823} INFO - Setting next_dagrun for example_python_decorator to None, run_after=None
[2026-02-06T09:30:22.646+0200] {processor.py:183} INFO - Processing /home/pazzoti/de-upskilling/airflow-flight-price-analysis/venv/lib/python3.10/site-packages/airflow/example_dags/example_python_decorator.py took 0.096 seconds
[2026-02-06T09:31:12.811+0200] {processor.py:161} INFO - Started process (PID=10069) to work on /home/pazzoti/de-upskilling/airflow-flight-price-analysis/venv/lib/python3.10/site-packages/airflow/example_dags/example_python_decorator.py
[2026-02-06T09:31:12.815+0200] {processor.py:830} INFO - Processing file /home/pazzoti/de-upskilling/airflow-flight-price-analysis/venv/lib/python3.10/site-packages/airflow/example_dags/example_python_decorator.py for tasks to queue
[2026-02-06T09:31:12.816+0200] {logging_mixin.py:188} INFO - [2026-02-06T09:31:12.815+0200] {dagbag.py:538} INFO - Filling up the DagBag from /home/pazzoti/de-upskilling/airflow-flight-price-analysis/venv/lib/python3.10/site-packages/airflow/example_dags/example_python_decorator.py
[2026-02-06T09:31:12.829+0200] {processor.py:840} INFO - DAG(s) 'example_python_decorator' retrieved from /home/pazzoti/de-upskilling/airflow-flight-price-analysis/venv/lib/python3.10/site-packages/airflow/example_dags/example_python_decorator.py
[2026-02-06T09:31:12.843+0200] {logging_mixin.py:188} INFO - [2026-02-06T09:31:12.843+0200] {dag.py:3036} INFO - Sync 1 DAGs
[2026-02-06T09:31:12.850+0200] {logging_mixin.py:188} INFO - [2026-02-06T09:31:12.849+0200] {dag.py:3823} INFO - Setting next_dagrun for example_python_decorator to None, run_after=None
[2026-02-06T09:31:12.867+0200] {processor.py:183} INFO - Processing /home/pazzoti/de-upskilling/airflow-flight-price-analysis/venv/lib/python3.10/site-packages/airflow/example_dags/example_python_decorator.py took 0.059 seconds
[2026-02-06T09:32:08.986+0200] {processor.py:161} INFO - Started process (PID=10175) to work on /home/pazzoti/de-upskilling/airflow-flight-price-analysis/venv/lib/python3.10/site-packages/airflow/example_dags/example_python_decorator.py
[2026-02-06T09:32:08.990+0200] {processor.py:830} INFO - Processing file /home/pazzoti/de-upskilling/airflow-flight-price-analysis/venv/lib/python3.10/site-packages/airflow/example_dags/example_python_decorator.py for tasks to queue
[2026-02-06T09:32:08.991+0200] {logging_mixin.py:188} INFO - [2026-02-06T09:32:08.991+0200] {dagbag.py:538} INFO - Filling up the DagBag from /home/pazzoti/de-upskilling/airflow-flight-price-analysis/venv/lib/python3.10/site-packages/airflow/example_dags/example_python_decorator.py
[2026-02-06T09:32:09.002+0200] {processor.py:840} INFO - DAG(s) 'example_python_decorator' retrieved from /home/pazzoti/de-upskilling/airflow-flight-price-analysis/venv/lib/python3.10/site-packages/airflow/example_dags/example_python_decorator.py
[2026-02-06T09:32:09.013+0200] {logging_mixin.py:188} INFO - [2026-02-06T09:32:09.013+0200] {dag.py:3036} INFO - Sync 1 DAGs
[2026-02-06T09:32:09.019+0200] {logging_mixin.py:188} INFO - [2026-02-06T09:32:09.019+0200] {dag.py:3823} INFO - Setting next_dagrun for example_python_decorator to None, run_after=None
[2026-02-06T09:32:09.034+0200] {processor.py:183} INFO - Processing /home/pazzoti/de-upskilling/airflow-flight-price-analysis/venv/lib/python3.10/site-packages/airflow/example_dags/example_python_decorator.py took 0.052 seconds
[2026-02-06T09:33:02.334+0200] {processor.py:161} INFO - Started process (PID=10296) to work on /home/pazzoti/de-upskilling/airflow-flight-price-analysis/venv/lib/python3.10/site-packages/airflow/example_dags/example_python_decorator.py
[2026-02-06T09:33:02.342+0200] {processor.py:830} INFO - Processing file /home/pazzoti/de-upskilling/airflow-flight-price-analysis/venv/lib/python3.10/site-packages/airflow/example_dags/example_python_decorator.py for tasks to queue
[2026-02-06T09:33:02.343+0200] {logging_mixin.py:188} INFO - [2026-02-06T09:33:02.342+0200] {dagbag.py:538} INFO - Filling up the DagBag from /home/pazzoti/de-upskilling/airflow-flight-price-analysis/venv/lib/python3.10/site-packages/airflow/example_dags/example_python_decorator.py
[2026-02-06T09:33:02.353+0200] {processor.py:840} INFO - DAG(s) 'example_python_decorator' retrieved from /home/pazzoti/de-upskilling/airflow-flight-price-analysis/venv/lib/python3.10/site-packages/airflow/example_dags/example_python_decorator.py
[2026-02-06T09:33:02.364+0200] {logging_mixin.py:188} INFO - [2026-02-06T09:33:02.364+0200] {dag.py:3036} INFO - Sync 1 DAGs
[2026-02-06T09:33:02.371+0200] {logging_mixin.py:188} INFO - [2026-02-06T09:33:02.371+0200] {dag.py:3823} INFO - Setting next_dagrun for example_python_decorator to None, run_after=None
[2026-02-06T09:33:02.387+0200] {processor.py:183} INFO - Processing /home/pazzoti/de-upskilling/airflow-flight-price-analysis/venv/lib/python3.10/site-packages/airflow/example_dags/example_python_decorator.py took 0.056 seconds
[2026-02-06T09:33:51.939+0200] {processor.py:161} INFO - Started process (PID=10361) to work on /home/pazzoti/de-upskilling/airflow-flight-price-analysis/venv/lib/python3.10/site-packages/airflow/example_dags/example_python_decorator.py
[2026-02-06T09:33:51.943+0200] {processor.py:830} INFO - Processing file /home/pazzoti/de-upskilling/airflow-flight-price-analysis/venv/lib/python3.10/site-packages/airflow/example_dags/example_python_decorator.py for tasks to queue
[2026-02-06T09:33:51.944+0200] {logging_mixin.py:188} INFO - [2026-02-06T09:33:51.944+0200] {dagbag.py:538} INFO - Filling up the DagBag from /home/pazzoti/de-upskilling/airflow-flight-price-analysis/venv/lib/python3.10/site-packages/airflow/example_dags/example_python_decorator.py
[2026-02-06T09:33:51.956+0200] {processor.py:840} INFO - DAG(s) 'example_python_decorator' retrieved from /home/pazzoti/de-upskilling/airflow-flight-price-analysis/venv/lib/python3.10/site-packages/airflow/example_dags/example_python_decorator.py
[2026-02-06T09:33:51.970+0200] {logging_mixin.py:188} INFO - [2026-02-06T09:33:51.970+0200] {dag.py:3036} INFO - Sync 1 DAGs
[2026-02-06T09:33:51.979+0200] {logging_mixin.py:188} INFO - [2026-02-06T09:33:51.979+0200] {dag.py:3823} INFO - Setting next_dagrun for example_python_decorator to None, run_after=None
[2026-02-06T09:33:52.007+0200] {processor.py:183} INFO - Processing /home/pazzoti/de-upskilling/airflow-flight-price-analysis/venv/lib/python3.10/site-packages/airflow/example_dags/example_python_decorator.py took 0.070 seconds
[2026-02-06T09:34:40.957+0200] {processor.py:161} INFO - Started process (PID=10449) to work on /home/pazzoti/de-upskilling/airflow-flight-price-analysis/venv/lib/python3.10/site-packages/airflow/example_dags/example_python_decorator.py
[2026-02-06T09:34:40.958+0200] {processor.py:830} INFO - Processing file /home/pazzoti/de-upskilling/airflow-flight-price-analysis/venv/lib/python3.10/site-packages/airflow/example_dags/example_python_decorator.py for tasks to queue
[2026-02-06T09:34:40.959+0200] {logging_mixin.py:188} INFO - [2026-02-06T09:34:40.959+0200] {dagbag.py:538} INFO - Filling up the DagBag from /home/pazzoti/de-upskilling/airflow-flight-price-analysis/venv/lib/python3.10/site-packages/airflow/example_dags/example_python_decorator.py
[2026-02-06T09:34:40.968+0200] {processor.py:840} INFO - DAG(s) 'example_python_decorator' retrieved from /home/pazzoti/de-upskilling/airflow-flight-price-analysis/venv/lib/python3.10/site-packages/airflow/example_dags/example_python_decorator.py
[2026-02-06T09:34:40.980+0200] {logging_mixin.py:188} INFO - [2026-02-06T09:34:40.980+0200] {dag.py:3036} INFO - Sync 1 DAGs
[2026-02-06T09:34:40.988+0200] {logging_mixin.py:188} INFO - [2026-02-06T09:34:40.988+0200] {dag.py:3823} INFO - Setting next_dagrun for example_python_decorator to None, run_after=None
[2026-02-06T09:34:41.003+0200] {processor.py:183} INFO - Processing /home/pazzoti/de-upskilling/airflow-flight-price-analysis/venv/lib/python3.10/site-packages/airflow/example_dags/example_python_decorator.py took 0.049 seconds
