[2026-02-06T09:01:43.051+0200] {processor.py:161} INFO - Started process (PID=4416) to work on /home/pazzoti/de-upskilling/airflow-flight-price-analysis/venv/lib/python3.10/site-packages/airflow/example_dags/example_subdag_operator.py
[2026-02-06T09:01:43.052+0200] {processor.py:830} INFO - Processing file /home/pazzoti/de-upskilling/airflow-flight-price-analysis/venv/lib/python3.10/site-packages/airflow/example_dags/example_subdag_operator.py for tasks to queue
[2026-02-06T09:01:43.052+0200] {logging_mixin.py:188} INFO - [2026-02-06T09:01:43.052+0200] {dagbag.py:538} INFO - Filling up the DagBag from /home/pazzoti/de-upskilling/airflow-flight-price-analysis/venv/lib/python3.10/site-packages/airflow/example_dags/example_subdag_operator.py
[2026-02-06T09:01:43.065+0200] {processor.py:840} INFO - DAG(s) 'example_subdag_operator.section-1', 'example_subdag_operator.section-2', 'example_subdag_operator' retrieved from /home/pazzoti/de-upskilling/airflow-flight-price-analysis/venv/lib/python3.10/site-packages/airflow/example_dags/example_subdag_operator.py
[2026-02-06T09:01:43.073+0200] {logging_mixin.py:188} INFO - [2026-02-06T09:01:43.073+0200] {dag.py:3036} INFO - Sync 3 DAGs
[2026-02-06T09:01:43.083+0200] {logging_mixin.py:188} INFO - [2026-02-06T09:01:43.083+0200] {dag.py:3823} INFO - Setting next_dagrun for example_subdag_operator to 2022-01-01 00:00:00+00:00, run_after=2022-01-01 00:00:00+00:00
[2026-02-06T09:01:43.086+0200] {logging_mixin.py:188} INFO - [2026-02-06T09:01:43.085+0200] {dag.py:3823} INFO - Setting next_dagrun for example_subdag_operator.section-1 to None, run_after=None
[2026-02-06T09:01:43.086+0200] {logging_mixin.py:188} INFO - [2026-02-06T09:01:43.086+0200] {dag.py:3823} INFO - Setting next_dagrun for example_subdag_operator.section-2 to None, run_after=None
[2026-02-06T09:01:43.090+0200] {logging_mixin.py:188} INFO - [2026-02-06T09:01:43.089+0200] {dag.py:3036} INFO - Sync 2 DAGs
[2026-02-06T09:01:43.092+0200] {logging_mixin.py:188} INFO - [2026-02-06T09:01:43.092+0200] {dag.py:3823} INFO - Setting next_dagrun for example_subdag_operator.section-1 to None, run_after=None
[2026-02-06T09:01:43.092+0200] {logging_mixin.py:188} INFO - [2026-02-06T09:01:43.092+0200] {dag.py:3823} INFO - Setting next_dagrun for example_subdag_operator.section-2 to None, run_after=None
[2026-02-06T09:01:43.115+0200] {processor.py:183} INFO - Processing /home/pazzoti/de-upskilling/airflow-flight-price-analysis/venv/lib/python3.10/site-packages/airflow/example_dags/example_subdag_operator.py took 0.066 seconds
[2026-02-06T09:02:30.803+0200] {processor.py:161} INFO - Started process (PID=4879) to work on /home/pazzoti/de-upskilling/airflow-flight-price-analysis/venv/lib/python3.10/site-packages/airflow/example_dags/example_subdag_operator.py
[2026-02-06T09:02:30.807+0200] {processor.py:830} INFO - Processing file /home/pazzoti/de-upskilling/airflow-flight-price-analysis/venv/lib/python3.10/site-packages/airflow/example_dags/example_subdag_operator.py for tasks to queue
[2026-02-06T09:02:30.808+0200] {logging_mixin.py:188} INFO - [2026-02-06T09:02:30.807+0200] {dagbag.py:538} INFO - Filling up the DagBag from /home/pazzoti/de-upskilling/airflow-flight-price-analysis/venv/lib/python3.10/site-packages/airflow/example_dags/example_subdag_operator.py
[2026-02-06T09:02:30.824+0200] {processor.py:840} INFO - DAG(s) 'example_subdag_operator.section-1', 'example_subdag_operator.section-2', 'example_subdag_operator' retrieved from /home/pazzoti/de-upskilling/airflow-flight-price-analysis/venv/lib/python3.10/site-packages/airflow/example_dags/example_subdag_operator.py
[2026-02-06T09:02:30.833+0200] {logging_mixin.py:188} INFO - [2026-02-06T09:02:30.833+0200] {dag.py:3036} INFO - Sync 3 DAGs
[2026-02-06T09:02:30.844+0200] {logging_mixin.py:188} INFO - [2026-02-06T09:02:30.844+0200] {dag.py:3823} INFO - Setting next_dagrun for example_subdag_operator to 2022-01-01 00:00:00+00:00, run_after=2022-01-01 00:00:00+00:00
[2026-02-06T09:02:30.846+0200] {logging_mixin.py:188} INFO - [2026-02-06T09:02:30.846+0200] {dag.py:3823} INFO - Setting next_dagrun for example_subdag_operator.section-1 to None, run_after=None
[2026-02-06T09:02:30.846+0200] {logging_mixin.py:188} INFO - [2026-02-06T09:02:30.846+0200] {dag.py:3823} INFO - Setting next_dagrun for example_subdag_operator.section-2 to None, run_after=None
[2026-02-06T09:02:30.850+0200] {logging_mixin.py:188} INFO - [2026-02-06T09:02:30.849+0200] {dag.py:3036} INFO - Sync 2 DAGs
[2026-02-06T09:02:30.852+0200] {logging_mixin.py:188} INFO - [2026-02-06T09:02:30.852+0200] {dag.py:3823} INFO - Setting next_dagrun for example_subdag_operator.section-1 to None, run_after=None
[2026-02-06T09:02:30.852+0200] {logging_mixin.py:188} INFO - [2026-02-06T09:02:30.852+0200] {dag.py:3823} INFO - Setting next_dagrun for example_subdag_operator.section-2 to None, run_after=None
[2026-02-06T09:02:30.864+0200] {processor.py:183} INFO - Processing /home/pazzoti/de-upskilling/airflow-flight-price-analysis/venv/lib/python3.10/site-packages/airflow/example_dags/example_subdag_operator.py took 0.063 seconds
[2026-02-06T09:03:21.105+0200] {processor.py:161} INFO - Started process (PID=5120) to work on /home/pazzoti/de-upskilling/airflow-flight-price-analysis/venv/lib/python3.10/site-packages/airflow/example_dags/example_subdag_operator.py
[2026-02-06T09:03:21.107+0200] {processor.py:830} INFO - Processing file /home/pazzoti/de-upskilling/airflow-flight-price-analysis/venv/lib/python3.10/site-packages/airflow/example_dags/example_subdag_operator.py for tasks to queue
[2026-02-06T09:03:21.108+0200] {logging_mixin.py:188} INFO - [2026-02-06T09:03:21.108+0200] {dagbag.py:538} INFO - Filling up the DagBag from /home/pazzoti/de-upskilling/airflow-flight-price-analysis/venv/lib/python3.10/site-packages/airflow/example_dags/example_subdag_operator.py
[2026-02-06T09:03:21.125+0200] {processor.py:840} INFO - DAG(s) 'example_subdag_operator.section-1', 'example_subdag_operator.section-2', 'example_subdag_operator' retrieved from /home/pazzoti/de-upskilling/airflow-flight-price-analysis/venv/lib/python3.10/site-packages/airflow/example_dags/example_subdag_operator.py
[2026-02-06T09:03:21.136+0200] {logging_mixin.py:188} INFO - [2026-02-06T09:03:21.136+0200] {dag.py:3036} INFO - Sync 3 DAGs
[2026-02-06T09:03:21.171+0200] {logging_mixin.py:188} INFO - [2026-02-06T09:03:21.171+0200] {dag.py:3823} INFO - Setting next_dagrun for example_subdag_operator to 2022-01-01 00:00:00+00:00, run_after=2022-01-01 00:00:00+00:00
[2026-02-06T09:03:21.176+0200] {logging_mixin.py:188} INFO - [2026-02-06T09:03:21.176+0200] {dag.py:3823} INFO - Setting next_dagrun for example_subdag_operator.section-1 to None, run_after=None
[2026-02-06T09:03:21.178+0200] {logging_mixin.py:188} INFO - [2026-02-06T09:03:21.178+0200] {dag.py:3823} INFO - Setting next_dagrun for example_subdag_operator.section-2 to None, run_after=None
[2026-02-06T09:03:21.195+0200] {logging_mixin.py:188} INFO - [2026-02-06T09:03:21.195+0200] {dag.py:3036} INFO - Sync 2 DAGs
[2026-02-06T09:03:21.201+0200] {logging_mixin.py:188} INFO - [2026-02-06T09:03:21.201+0200] {dag.py:3823} INFO - Setting next_dagrun for example_subdag_operator.section-1 to None, run_after=None
[2026-02-06T09:03:21.203+0200] {logging_mixin.py:188} INFO - [2026-02-06T09:03:21.202+0200] {dag.py:3823} INFO - Setting next_dagrun for example_subdag_operator.section-2 to None, run_after=None
[2026-02-06T09:03:21.230+0200] {processor.py:183} INFO - Processing /home/pazzoti/de-upskilling/airflow-flight-price-analysis/venv/lib/python3.10/site-packages/airflow/example_dags/example_subdag_operator.py took 0.127 seconds
[2026-02-06T09:04:14.895+0200] {processor.py:161} INFO - Started process (PID=5363) to work on /home/pazzoti/de-upskilling/airflow-flight-price-analysis/venv/lib/python3.10/site-packages/airflow/example_dags/example_subdag_operator.py
[2026-02-06T09:04:14.897+0200] {processor.py:830} INFO - Processing file /home/pazzoti/de-upskilling/airflow-flight-price-analysis/venv/lib/python3.10/site-packages/airflow/example_dags/example_subdag_operator.py for tasks to queue
[2026-02-06T09:04:14.897+0200] {logging_mixin.py:188} INFO - [2026-02-06T09:04:14.897+0200] {dagbag.py:538} INFO - Filling up the DagBag from /home/pazzoti/de-upskilling/airflow-flight-price-analysis/venv/lib/python3.10/site-packages/airflow/example_dags/example_subdag_operator.py
[2026-02-06T09:04:14.916+0200] {processor.py:840} INFO - DAG(s) 'example_subdag_operator.section-1', 'example_subdag_operator.section-2', 'example_subdag_operator' retrieved from /home/pazzoti/de-upskilling/airflow-flight-price-analysis/venv/lib/python3.10/site-packages/airflow/example_dags/example_subdag_operator.py
[2026-02-06T09:04:14.932+0200] {logging_mixin.py:188} INFO - [2026-02-06T09:04:14.932+0200] {dag.py:3036} INFO - Sync 3 DAGs
[2026-02-06T09:04:14.945+0200] {logging_mixin.py:188} INFO - [2026-02-06T09:04:14.945+0200] {dag.py:3823} INFO - Setting next_dagrun for example_subdag_operator to 2022-01-01 00:00:00+00:00, run_after=2022-01-01 00:00:00+00:00
[2026-02-06T09:04:14.948+0200] {logging_mixin.py:188} INFO - [2026-02-06T09:04:14.947+0200] {dag.py:3823} INFO - Setting next_dagrun for example_subdag_operator.section-1 to None, run_after=None
[2026-02-06T09:04:14.949+0200] {logging_mixin.py:188} INFO - [2026-02-06T09:04:14.949+0200] {dag.py:3823} INFO - Setting next_dagrun for example_subdag_operator.section-2 to None, run_after=None
[2026-02-06T09:04:14.956+0200] {logging_mixin.py:188} INFO - [2026-02-06T09:04:14.956+0200] {dag.py:3036} INFO - Sync 2 DAGs
[2026-02-06T09:04:14.959+0200] {logging_mixin.py:188} INFO - [2026-02-06T09:04:14.958+0200] {dag.py:3823} INFO - Setting next_dagrun for example_subdag_operator.section-1 to None, run_after=None
[2026-02-06T09:04:14.959+0200] {logging_mixin.py:188} INFO - [2026-02-06T09:04:14.959+0200] {dag.py:3823} INFO - Setting next_dagrun for example_subdag_operator.section-2 to None, run_after=None
[2026-02-06T09:04:14.977+0200] {processor.py:183} INFO - Processing /home/pazzoti/de-upskilling/airflow-flight-price-analysis/venv/lib/python3.10/site-packages/airflow/example_dags/example_subdag_operator.py took 0.086 seconds
[2026-02-06T09:05:10.561+0200] {processor.py:161} INFO - Started process (PID=5655) to work on /home/pazzoti/de-upskilling/airflow-flight-price-analysis/venv/lib/python3.10/site-packages/airflow/example_dags/example_subdag_operator.py
[2026-02-06T09:05:10.565+0200] {processor.py:830} INFO - Processing file /home/pazzoti/de-upskilling/airflow-flight-price-analysis/venv/lib/python3.10/site-packages/airflow/example_dags/example_subdag_operator.py for tasks to queue
[2026-02-06T09:05:10.568+0200] {logging_mixin.py:188} INFO - [2026-02-06T09:05:10.567+0200] {dagbag.py:538} INFO - Filling up the DagBag from /home/pazzoti/de-upskilling/airflow-flight-price-analysis/venv/lib/python3.10/site-packages/airflow/example_dags/example_subdag_operator.py
[2026-02-06T09:05:10.609+0200] {processor.py:840} INFO - DAG(s) 'example_subdag_operator.section-1', 'example_subdag_operator.section-2', 'example_subdag_operator' retrieved from /home/pazzoti/de-upskilling/airflow-flight-price-analysis/venv/lib/python3.10/site-packages/airflow/example_dags/example_subdag_operator.py
[2026-02-06T09:05:10.653+0200] {logging_mixin.py:188} INFO - [2026-02-06T09:05:10.652+0200] {dag.py:3036} INFO - Sync 3 DAGs
[2026-02-06T09:05:10.671+0200] {logging_mixin.py:188} INFO - [2026-02-06T09:05:10.671+0200] {dag.py:3823} INFO - Setting next_dagrun for example_subdag_operator to 2022-01-01 00:00:00+00:00, run_after=2022-01-01 00:00:00+00:00
[2026-02-06T09:05:10.673+0200] {logging_mixin.py:188} INFO - [2026-02-06T09:05:10.673+0200] {dag.py:3823} INFO - Setting next_dagrun for example_subdag_operator.section-1 to None, run_after=None
[2026-02-06T09:05:10.674+0200] {logging_mixin.py:188} INFO - [2026-02-06T09:05:10.673+0200] {dag.py:3823} INFO - Setting next_dagrun for example_subdag_operator.section-2 to None, run_after=None
[2026-02-06T09:05:10.678+0200] {logging_mixin.py:188} INFO - [2026-02-06T09:05:10.678+0200] {dag.py:3036} INFO - Sync 2 DAGs
[2026-02-06T09:05:10.684+0200] {logging_mixin.py:188} INFO - [2026-02-06T09:05:10.684+0200] {dag.py:3823} INFO - Setting next_dagrun for example_subdag_operator.section-1 to None, run_after=None
[2026-02-06T09:05:10.685+0200] {logging_mixin.py:188} INFO - [2026-02-06T09:05:10.685+0200] {dag.py:3823} INFO - Setting next_dagrun for example_subdag_operator.section-2 to None, run_after=None
[2026-02-06T09:05:10.704+0200] {processor.py:183} INFO - Processing /home/pazzoti/de-upskilling/airflow-flight-price-analysis/venv/lib/python3.10/site-packages/airflow/example_dags/example_subdag_operator.py took 0.153 seconds
[2026-02-06T09:06:05.829+0200] {processor.py:161} INFO - Started process (PID=5932) to work on /home/pazzoti/de-upskilling/airflow-flight-price-analysis/venv/lib/python3.10/site-packages/airflow/example_dags/example_subdag_operator.py
[2026-02-06T09:06:05.833+0200] {processor.py:830} INFO - Processing file /home/pazzoti/de-upskilling/airflow-flight-price-analysis/venv/lib/python3.10/site-packages/airflow/example_dags/example_subdag_operator.py for tasks to queue
[2026-02-06T09:06:05.834+0200] {logging_mixin.py:188} INFO - [2026-02-06T09:06:05.834+0200] {dagbag.py:538} INFO - Filling up the DagBag from /home/pazzoti/de-upskilling/airflow-flight-price-analysis/venv/lib/python3.10/site-packages/airflow/example_dags/example_subdag_operator.py
[2026-02-06T09:06:05.848+0200] {processor.py:840} INFO - DAG(s) 'example_subdag_operator.section-1', 'example_subdag_operator.section-2', 'example_subdag_operator' retrieved from /home/pazzoti/de-upskilling/airflow-flight-price-analysis/venv/lib/python3.10/site-packages/airflow/example_dags/example_subdag_operator.py
[2026-02-06T09:06:05.860+0200] {logging_mixin.py:188} INFO - [2026-02-06T09:06:05.860+0200] {dag.py:3036} INFO - Sync 3 DAGs
[2026-02-06T09:06:05.870+0200] {logging_mixin.py:188} INFO - [2026-02-06T09:06:05.870+0200] {dag.py:3823} INFO - Setting next_dagrun for example_subdag_operator to 2022-01-01 00:00:00+00:00, run_after=2022-01-01 00:00:00+00:00
[2026-02-06T09:06:05.872+0200] {logging_mixin.py:188} INFO - [2026-02-06T09:06:05.872+0200] {dag.py:3823} INFO - Setting next_dagrun for example_subdag_operator.section-1 to None, run_after=None
[2026-02-06T09:06:05.872+0200] {logging_mixin.py:188} INFO - [2026-02-06T09:06:05.872+0200] {dag.py:3823} INFO - Setting next_dagrun for example_subdag_operator.section-2 to None, run_after=None
[2026-02-06T09:06:05.875+0200] {logging_mixin.py:188} INFO - [2026-02-06T09:06:05.875+0200] {dag.py:3036} INFO - Sync 2 DAGs
[2026-02-06T09:06:05.877+0200] {logging_mixin.py:188} INFO - [2026-02-06T09:06:05.877+0200] {dag.py:3823} INFO - Setting next_dagrun for example_subdag_operator.section-1 to None, run_after=None
[2026-02-06T09:06:05.878+0200] {logging_mixin.py:188} INFO - [2026-02-06T09:06:05.877+0200] {dag.py:3823} INFO - Setting next_dagrun for example_subdag_operator.section-2 to None, run_after=None
[2026-02-06T09:06:05.891+0200] {processor.py:183} INFO - Processing /home/pazzoti/de-upskilling/airflow-flight-price-analysis/venv/lib/python3.10/site-packages/airflow/example_dags/example_subdag_operator.py took 0.064 seconds
[2026-02-06T09:07:01.408+0200] {processor.py:161} INFO - Started process (PID=6225) to work on /home/pazzoti/de-upskilling/airflow-flight-price-analysis/venv/lib/python3.10/site-packages/airflow/example_dags/example_subdag_operator.py
[2026-02-06T09:07:01.410+0200] {processor.py:830} INFO - Processing file /home/pazzoti/de-upskilling/airflow-flight-price-analysis/venv/lib/python3.10/site-packages/airflow/example_dags/example_subdag_operator.py for tasks to queue
[2026-02-06T09:07:01.411+0200] {logging_mixin.py:188} INFO - [2026-02-06T09:07:01.411+0200] {dagbag.py:538} INFO - Filling up the DagBag from /home/pazzoti/de-upskilling/airflow-flight-price-analysis/venv/lib/python3.10/site-packages/airflow/example_dags/example_subdag_operator.py
[2026-02-06T09:07:01.427+0200] {processor.py:840} INFO - DAG(s) 'example_subdag_operator.section-1', 'example_subdag_operator.section-2', 'example_subdag_operator' retrieved from /home/pazzoti/de-upskilling/airflow-flight-price-analysis/venv/lib/python3.10/site-packages/airflow/example_dags/example_subdag_operator.py
[2026-02-06T09:07:01.438+0200] {logging_mixin.py:188} INFO - [2026-02-06T09:07:01.438+0200] {dag.py:3036} INFO - Sync 3 DAGs
[2026-02-06T09:07:01.452+0200] {logging_mixin.py:188} INFO - [2026-02-06T09:07:01.452+0200] {dag.py:3823} INFO - Setting next_dagrun for example_subdag_operator to 2022-01-01 00:00:00+00:00, run_after=2022-01-01 00:00:00+00:00
[2026-02-06T09:07:01.454+0200] {logging_mixin.py:188} INFO - [2026-02-06T09:07:01.454+0200] {dag.py:3823} INFO - Setting next_dagrun for example_subdag_operator.section-1 to None, run_after=None
[2026-02-06T09:07:01.455+0200] {logging_mixin.py:188} INFO - [2026-02-06T09:07:01.454+0200] {dag.py:3823} INFO - Setting next_dagrun for example_subdag_operator.section-2 to None, run_after=None
[2026-02-06T09:07:01.458+0200] {logging_mixin.py:188} INFO - [2026-02-06T09:07:01.458+0200] {dag.py:3036} INFO - Sync 2 DAGs
[2026-02-06T09:07:01.462+0200] {logging_mixin.py:188} INFO - [2026-02-06T09:07:01.461+0200] {dag.py:3823} INFO - Setting next_dagrun for example_subdag_operator.section-1 to None, run_after=None
[2026-02-06T09:07:01.462+0200] {logging_mixin.py:188} INFO - [2026-02-06T09:07:01.462+0200] {dag.py:3823} INFO - Setting next_dagrun for example_subdag_operator.section-2 to None, run_after=None
[2026-02-06T09:07:01.475+0200] {processor.py:183} INFO - Processing /home/pazzoti/de-upskilling/airflow-flight-price-analysis/venv/lib/python3.10/site-packages/airflow/example_dags/example_subdag_operator.py took 0.070 seconds
[2026-02-06T09:07:55.567+0200] {processor.py:161} INFO - Started process (PID=6495) to work on /home/pazzoti/de-upskilling/airflow-flight-price-analysis/venv/lib/python3.10/site-packages/airflow/example_dags/example_subdag_operator.py
[2026-02-06T09:07:55.568+0200] {processor.py:830} INFO - Processing file /home/pazzoti/de-upskilling/airflow-flight-price-analysis/venv/lib/python3.10/site-packages/airflow/example_dags/example_subdag_operator.py for tasks to queue
[2026-02-06T09:07:55.569+0200] {logging_mixin.py:188} INFO - [2026-02-06T09:07:55.569+0200] {dagbag.py:538} INFO - Filling up the DagBag from /home/pazzoti/de-upskilling/airflow-flight-price-analysis/venv/lib/python3.10/site-packages/airflow/example_dags/example_subdag_operator.py
[2026-02-06T09:07:55.588+0200] {processor.py:840} INFO - DAG(s) 'example_subdag_operator.section-1', 'example_subdag_operator.section-2', 'example_subdag_operator' retrieved from /home/pazzoti/de-upskilling/airflow-flight-price-analysis/venv/lib/python3.10/site-packages/airflow/example_dags/example_subdag_operator.py
[2026-02-06T09:07:55.602+0200] {logging_mixin.py:188} INFO - [2026-02-06T09:07:55.602+0200] {dag.py:3036} INFO - Sync 3 DAGs
[2026-02-06T09:07:55.614+0200] {logging_mixin.py:188} INFO - [2026-02-06T09:07:55.613+0200] {dag.py:3823} INFO - Setting next_dagrun for example_subdag_operator to 2022-01-01 00:00:00+00:00, run_after=2022-01-01 00:00:00+00:00
[2026-02-06T09:07:55.616+0200] {logging_mixin.py:188} INFO - [2026-02-06T09:07:55.615+0200] {dag.py:3823} INFO - Setting next_dagrun for example_subdag_operator.section-1 to None, run_after=None
[2026-02-06T09:07:55.616+0200] {logging_mixin.py:188} INFO - [2026-02-06T09:07:55.616+0200] {dag.py:3823} INFO - Setting next_dagrun for example_subdag_operator.section-2 to None, run_after=None
[2026-02-06T09:07:55.622+0200] {logging_mixin.py:188} INFO - [2026-02-06T09:07:55.621+0200] {dag.py:3036} INFO - Sync 2 DAGs
[2026-02-06T09:07:55.624+0200] {logging_mixin.py:188} INFO - [2026-02-06T09:07:55.624+0200] {dag.py:3823} INFO - Setting next_dagrun for example_subdag_operator.section-1 to None, run_after=None
[2026-02-06T09:07:55.625+0200] {logging_mixin.py:188} INFO - [2026-02-06T09:07:55.625+0200] {dag.py:3823} INFO - Setting next_dagrun for example_subdag_operator.section-2 to None, run_after=None
[2026-02-06T09:07:55.640+0200] {processor.py:183} INFO - Processing /home/pazzoti/de-upskilling/airflow-flight-price-analysis/venv/lib/python3.10/site-packages/airflow/example_dags/example_subdag_operator.py took 0.077 seconds
[2026-02-06T09:08:50.388+0200] {processor.py:161} INFO - Started process (PID=6750) to work on /home/pazzoti/de-upskilling/airflow-flight-price-analysis/venv/lib/python3.10/site-packages/airflow/example_dags/example_subdag_operator.py
[2026-02-06T09:08:50.390+0200] {processor.py:830} INFO - Processing file /home/pazzoti/de-upskilling/airflow-flight-price-analysis/venv/lib/python3.10/site-packages/airflow/example_dags/example_subdag_operator.py for tasks to queue
[2026-02-06T09:08:50.391+0200] {logging_mixin.py:188} INFO - [2026-02-06T09:08:50.391+0200] {dagbag.py:538} INFO - Filling up the DagBag from /home/pazzoti/de-upskilling/airflow-flight-price-analysis/venv/lib/python3.10/site-packages/airflow/example_dags/example_subdag_operator.py
[2026-02-06T09:08:50.407+0200] {processor.py:840} INFO - DAG(s) 'example_subdag_operator.section-1', 'example_subdag_operator.section-2', 'example_subdag_operator' retrieved from /home/pazzoti/de-upskilling/airflow-flight-price-analysis/venv/lib/python3.10/site-packages/airflow/example_dags/example_subdag_operator.py
[2026-02-06T09:08:50.417+0200] {logging_mixin.py:188} INFO - [2026-02-06T09:08:50.417+0200] {dag.py:3036} INFO - Sync 3 DAGs
[2026-02-06T09:08:50.429+0200] {logging_mixin.py:188} INFO - [2026-02-06T09:08:50.429+0200] {dag.py:3823} INFO - Setting next_dagrun for example_subdag_operator to 2022-01-01 00:00:00+00:00, run_after=2022-01-01 00:00:00+00:00
[2026-02-06T09:08:50.431+0200] {logging_mixin.py:188} INFO - [2026-02-06T09:08:50.431+0200] {dag.py:3823} INFO - Setting next_dagrun for example_subdag_operator.section-1 to None, run_after=None
[2026-02-06T09:08:50.431+0200] {logging_mixin.py:188} INFO - [2026-02-06T09:08:50.431+0200] {dag.py:3823} INFO - Setting next_dagrun for example_subdag_operator.section-2 to None, run_after=None
[2026-02-06T09:08:50.435+0200] {logging_mixin.py:188} INFO - [2026-02-06T09:08:50.435+0200] {dag.py:3036} INFO - Sync 2 DAGs
[2026-02-06T09:08:50.437+0200] {logging_mixin.py:188} INFO - [2026-02-06T09:08:50.437+0200] {dag.py:3823} INFO - Setting next_dagrun for example_subdag_operator.section-1 to None, run_after=None
[2026-02-06T09:08:50.437+0200] {logging_mixin.py:188} INFO - [2026-02-06T09:08:50.437+0200] {dag.py:3823} INFO - Setting next_dagrun for example_subdag_operator.section-2 to None, run_after=None
[2026-02-06T09:08:50.450+0200] {processor.py:183} INFO - Processing /home/pazzoti/de-upskilling/airflow-flight-price-analysis/venv/lib/python3.10/site-packages/airflow/example_dags/example_subdag_operator.py took 0.066 seconds
[2026-02-06T09:09:48.809+0200] {processor.py:161} INFO - Started process (PID=7014) to work on /home/pazzoti/de-upskilling/airflow-flight-price-analysis/venv/lib/python3.10/site-packages/airflow/example_dags/example_subdag_operator.py
[2026-02-06T09:09:48.811+0200] {processor.py:830} INFO - Processing file /home/pazzoti/de-upskilling/airflow-flight-price-analysis/venv/lib/python3.10/site-packages/airflow/example_dags/example_subdag_operator.py for tasks to queue
[2026-02-06T09:09:48.813+0200] {logging_mixin.py:188} INFO - [2026-02-06T09:09:48.812+0200] {dagbag.py:538} INFO - Filling up the DagBag from /home/pazzoti/de-upskilling/airflow-flight-price-analysis/venv/lib/python3.10/site-packages/airflow/example_dags/example_subdag_operator.py
[2026-02-06T09:09:48.829+0200] {processor.py:840} INFO - DAG(s) 'example_subdag_operator.section-1', 'example_subdag_operator.section-2', 'example_subdag_operator' retrieved from /home/pazzoti/de-upskilling/airflow-flight-price-analysis/venv/lib/python3.10/site-packages/airflow/example_dags/example_subdag_operator.py
[2026-02-06T09:09:48.839+0200] {logging_mixin.py:188} INFO - [2026-02-06T09:09:48.839+0200] {dag.py:3036} INFO - Sync 3 DAGs
[2026-02-06T09:09:48.854+0200] {logging_mixin.py:188} INFO - [2026-02-06T09:09:48.853+0200] {dag.py:3823} INFO - Setting next_dagrun for example_subdag_operator to 2022-01-01 00:00:00+00:00, run_after=2022-01-01 00:00:00+00:00
[2026-02-06T09:09:48.856+0200] {logging_mixin.py:188} INFO - [2026-02-06T09:09:48.856+0200] {dag.py:3823} INFO - Setting next_dagrun for example_subdag_operator.section-1 to None, run_after=None
[2026-02-06T09:09:48.857+0200] {logging_mixin.py:188} INFO - [2026-02-06T09:09:48.857+0200] {dag.py:3823} INFO - Setting next_dagrun for example_subdag_operator.section-2 to None, run_after=None
[2026-02-06T09:09:48.862+0200] {logging_mixin.py:188} INFO - [2026-02-06T09:09:48.862+0200] {dag.py:3036} INFO - Sync 2 DAGs
[2026-02-06T09:09:48.868+0200] {logging_mixin.py:188} INFO - [2026-02-06T09:09:48.868+0200] {dag.py:3823} INFO - Setting next_dagrun for example_subdag_operator.section-1 to None, run_after=None
[2026-02-06T09:09:48.868+0200] {logging_mixin.py:188} INFO - [2026-02-06T09:09:48.868+0200] {dag.py:3823} INFO - Setting next_dagrun for example_subdag_operator.section-2 to None, run_after=None
[2026-02-06T09:09:48.885+0200] {processor.py:183} INFO - Processing /home/pazzoti/de-upskilling/airflow-flight-price-analysis/venv/lib/python3.10/site-packages/airflow/example_dags/example_subdag_operator.py took 0.078 seconds
[2026-02-06T09:11:49.537+0200] {processor.py:161} INFO - Started process (PID=8063) to work on /home/pazzoti/de-upskilling/airflow-flight-price-analysis/venv/lib/python3.10/site-packages/airflow/example_dags/example_subdag_operator.py
[2026-02-06T09:11:49.539+0200] {processor.py:830} INFO - Processing file /home/pazzoti/de-upskilling/airflow-flight-price-analysis/venv/lib/python3.10/site-packages/airflow/example_dags/example_subdag_operator.py for tasks to queue
[2026-02-06T09:11:49.540+0200] {logging_mixin.py:188} INFO - [2026-02-06T09:11:49.540+0200] {dagbag.py:538} INFO - Filling up the DagBag from /home/pazzoti/de-upskilling/airflow-flight-price-analysis/venv/lib/python3.10/site-packages/airflow/example_dags/example_subdag_operator.py
[2026-02-06T09:11:49.570+0200] {processor.py:840} INFO - DAG(s) 'example_subdag_operator.section-1', 'example_subdag_operator.section-2', 'example_subdag_operator' retrieved from /home/pazzoti/de-upskilling/airflow-flight-price-analysis/venv/lib/python3.10/site-packages/airflow/example_dags/example_subdag_operator.py
[2026-02-06T09:11:49.584+0200] {logging_mixin.py:188} INFO - [2026-02-06T09:11:49.584+0200] {dag.py:3036} INFO - Sync 3 DAGs
[2026-02-06T09:11:49.600+0200] {logging_mixin.py:188} INFO - [2026-02-06T09:11:49.599+0200] {dag.py:3823} INFO - Setting next_dagrun for example_subdag_operator to 2022-01-01 00:00:00+00:00, run_after=2022-01-01 00:00:00+00:00
[2026-02-06T09:11:49.603+0200] {logging_mixin.py:188} INFO - [2026-02-06T09:11:49.603+0200] {dag.py:3823} INFO - Setting next_dagrun for example_subdag_operator.section-1 to None, run_after=None
[2026-02-06T09:11:49.604+0200] {logging_mixin.py:188} INFO - [2026-02-06T09:11:49.604+0200] {dag.py:3823} INFO - Setting next_dagrun for example_subdag_operator.section-2 to None, run_after=None
[2026-02-06T09:11:49.611+0200] {logging_mixin.py:188} INFO - [2026-02-06T09:11:49.610+0200] {dag.py:3036} INFO - Sync 2 DAGs
[2026-02-06T09:11:49.618+0200] {logging_mixin.py:188} INFO - [2026-02-06T09:11:49.617+0200] {dag.py:3823} INFO - Setting next_dagrun for example_subdag_operator.section-1 to None, run_after=None
[2026-02-06T09:11:49.618+0200] {logging_mixin.py:188} INFO - [2026-02-06T09:11:49.618+0200] {dag.py:3823} INFO - Setting next_dagrun for example_subdag_operator.section-2 to None, run_after=None
[2026-02-06T09:11:49.639+0200] {processor.py:183} INFO - Processing /home/pazzoti/de-upskilling/airflow-flight-price-analysis/venv/lib/python3.10/site-packages/airflow/example_dags/example_subdag_operator.py took 0.106 seconds
[2026-02-06T09:12:38.792+0200] {processor.py:161} INFO - Started process (PID=8347) to work on /home/pazzoti/de-upskilling/airflow-flight-price-analysis/venv/lib/python3.10/site-packages/airflow/example_dags/example_subdag_operator.py
[2026-02-06T09:12:38.796+0200] {processor.py:830} INFO - Processing file /home/pazzoti/de-upskilling/airflow-flight-price-analysis/venv/lib/python3.10/site-packages/airflow/example_dags/example_subdag_operator.py for tasks to queue
[2026-02-06T09:12:38.797+0200] {logging_mixin.py:188} INFO - [2026-02-06T09:12:38.797+0200] {dagbag.py:538} INFO - Filling up the DagBag from /home/pazzoti/de-upskilling/airflow-flight-price-analysis/venv/lib/python3.10/site-packages/airflow/example_dags/example_subdag_operator.py
[2026-02-06T09:12:38.812+0200] {processor.py:840} INFO - DAG(s) 'example_subdag_operator.section-1', 'example_subdag_operator.section-2', 'example_subdag_operator' retrieved from /home/pazzoti/de-upskilling/airflow-flight-price-analysis/venv/lib/python3.10/site-packages/airflow/example_dags/example_subdag_operator.py
[2026-02-06T09:12:38.820+0200] {logging_mixin.py:188} INFO - [2026-02-06T09:12:38.820+0200] {dag.py:3036} INFO - Sync 3 DAGs
[2026-02-06T09:12:38.831+0200] {logging_mixin.py:188} INFO - [2026-02-06T09:12:38.830+0200] {dag.py:3823} INFO - Setting next_dagrun for example_subdag_operator to 2022-01-01 00:00:00+00:00, run_after=2022-01-01 00:00:00+00:00
[2026-02-06T09:12:38.832+0200] {logging_mixin.py:188} INFO - [2026-02-06T09:12:38.832+0200] {dag.py:3823} INFO - Setting next_dagrun for example_subdag_operator.section-1 to None, run_after=None
[2026-02-06T09:12:38.833+0200] {logging_mixin.py:188} INFO - [2026-02-06T09:12:38.832+0200] {dag.py:3823} INFO - Setting next_dagrun for example_subdag_operator.section-2 to None, run_after=None
[2026-02-06T09:12:38.836+0200] {logging_mixin.py:188} INFO - [2026-02-06T09:12:38.836+0200] {dag.py:3036} INFO - Sync 2 DAGs
[2026-02-06T09:12:38.839+0200] {logging_mixin.py:188} INFO - [2026-02-06T09:12:38.839+0200] {dag.py:3823} INFO - Setting next_dagrun for example_subdag_operator.section-1 to None, run_after=None
[2026-02-06T09:12:38.839+0200] {logging_mixin.py:188} INFO - [2026-02-06T09:12:38.839+0200] {dag.py:3823} INFO - Setting next_dagrun for example_subdag_operator.section-2 to None, run_after=None
[2026-02-06T09:12:38.854+0200] {processor.py:183} INFO - Processing /home/pazzoti/de-upskilling/airflow-flight-price-analysis/venv/lib/python3.10/site-packages/airflow/example_dags/example_subdag_operator.py took 0.065 seconds
[2026-02-06T09:13:34.704+0200] {processor.py:161} INFO - Started process (PID=8609) to work on /home/pazzoti/de-upskilling/airflow-flight-price-analysis/venv/lib/python3.10/site-packages/airflow/example_dags/example_subdag_operator.py
[2026-02-06T09:13:34.707+0200] {processor.py:830} INFO - Processing file /home/pazzoti/de-upskilling/airflow-flight-price-analysis/venv/lib/python3.10/site-packages/airflow/example_dags/example_subdag_operator.py for tasks to queue
[2026-02-06T09:13:34.708+0200] {logging_mixin.py:188} INFO - [2026-02-06T09:13:34.708+0200] {dagbag.py:538} INFO - Filling up the DagBag from /home/pazzoti/de-upskilling/airflow-flight-price-analysis/venv/lib/python3.10/site-packages/airflow/example_dags/example_subdag_operator.py
[2026-02-06T09:13:34.722+0200] {processor.py:840} INFO - DAG(s) 'example_subdag_operator.section-1', 'example_subdag_operator.section-2', 'example_subdag_operator' retrieved from /home/pazzoti/de-upskilling/airflow-flight-price-analysis/venv/lib/python3.10/site-packages/airflow/example_dags/example_subdag_operator.py
[2026-02-06T09:13:34.731+0200] {logging_mixin.py:188} INFO - [2026-02-06T09:13:34.731+0200] {dag.py:3036} INFO - Sync 3 DAGs
[2026-02-06T09:13:34.742+0200] {logging_mixin.py:188} INFO - [2026-02-06T09:13:34.742+0200] {dag.py:3823} INFO - Setting next_dagrun for example_subdag_operator to 2022-01-01 00:00:00+00:00, run_after=2022-01-01 00:00:00+00:00
[2026-02-06T09:13:34.744+0200] {logging_mixin.py:188} INFO - [2026-02-06T09:13:34.744+0200] {dag.py:3823} INFO - Setting next_dagrun for example_subdag_operator.section-1 to None, run_after=None
[2026-02-06T09:13:34.744+0200] {logging_mixin.py:188} INFO - [2026-02-06T09:13:34.744+0200] {dag.py:3823} INFO - Setting next_dagrun for example_subdag_operator.section-2 to None, run_after=None
[2026-02-06T09:13:34.748+0200] {logging_mixin.py:188} INFO - [2026-02-06T09:13:34.747+0200] {dag.py:3036} INFO - Sync 2 DAGs
[2026-02-06T09:13:34.750+0200] {logging_mixin.py:188} INFO - [2026-02-06T09:13:34.750+0200] {dag.py:3823} INFO - Setting next_dagrun for example_subdag_operator.section-1 to None, run_after=None
[2026-02-06T09:13:34.750+0200] {logging_mixin.py:188} INFO - [2026-02-06T09:13:34.750+0200] {dag.py:3823} INFO - Setting next_dagrun for example_subdag_operator.section-2 to None, run_after=None
[2026-02-06T09:13:34.761+0200] {processor.py:183} INFO - Processing /home/pazzoti/de-upskilling/airflow-flight-price-analysis/venv/lib/python3.10/site-packages/airflow/example_dags/example_subdag_operator.py took 0.063 seconds
[2026-02-06T09:14:28.143+0200] {processor.py:161} INFO - Started process (PID=8851) to work on /home/pazzoti/de-upskilling/airflow-flight-price-analysis/venv/lib/python3.10/site-packages/airflow/example_dags/example_subdag_operator.py
[2026-02-06T09:14:28.146+0200] {processor.py:830} INFO - Processing file /home/pazzoti/de-upskilling/airflow-flight-price-analysis/venv/lib/python3.10/site-packages/airflow/example_dags/example_subdag_operator.py for tasks to queue
[2026-02-06T09:14:28.148+0200] {logging_mixin.py:188} INFO - [2026-02-06T09:14:28.147+0200] {dagbag.py:538} INFO - Filling up the DagBag from /home/pazzoti/de-upskilling/airflow-flight-price-analysis/venv/lib/python3.10/site-packages/airflow/example_dags/example_subdag_operator.py
[2026-02-06T09:14:28.174+0200] {processor.py:840} INFO - DAG(s) 'example_subdag_operator.section-1', 'example_subdag_operator.section-2', 'example_subdag_operator' retrieved from /home/pazzoti/de-upskilling/airflow-flight-price-analysis/venv/lib/python3.10/site-packages/airflow/example_dags/example_subdag_operator.py
[2026-02-06T09:14:28.196+0200] {logging_mixin.py:188} INFO - [2026-02-06T09:14:28.195+0200] {dag.py:3036} INFO - Sync 3 DAGs
[2026-02-06T09:14:28.217+0200] {logging_mixin.py:188} INFO - [2026-02-06T09:14:28.217+0200] {dag.py:3823} INFO - Setting next_dagrun for example_subdag_operator to 2022-01-01 00:00:00+00:00, run_after=2022-01-01 00:00:00+00:00
[2026-02-06T09:14:28.220+0200] {logging_mixin.py:188} INFO - [2026-02-06T09:14:28.220+0200] {dag.py:3823} INFO - Setting next_dagrun for example_subdag_operator.section-1 to None, run_after=None
[2026-02-06T09:14:28.221+0200] {logging_mixin.py:188} INFO - [2026-02-06T09:14:28.221+0200] {dag.py:3823} INFO - Setting next_dagrun for example_subdag_operator.section-2 to None, run_after=None
[2026-02-06T09:14:28.227+0200] {logging_mixin.py:188} INFO - [2026-02-06T09:14:28.227+0200] {dag.py:3036} INFO - Sync 2 DAGs
[2026-02-06T09:14:28.233+0200] {logging_mixin.py:188} INFO - [2026-02-06T09:14:28.232+0200] {dag.py:3823} INFO - Setting next_dagrun for example_subdag_operator.section-1 to None, run_after=None
[2026-02-06T09:14:28.233+0200] {logging_mixin.py:188} INFO - [2026-02-06T09:14:28.233+0200] {dag.py:3823} INFO - Setting next_dagrun for example_subdag_operator.section-2 to None, run_after=None
[2026-02-06T09:14:28.262+0200] {processor.py:183} INFO - Processing /home/pazzoti/de-upskilling/airflow-flight-price-analysis/venv/lib/python3.10/site-packages/airflow/example_dags/example_subdag_operator.py took 0.125 seconds
[2026-02-06T09:15:24.775+0200] {processor.py:161} INFO - Started process (PID=9118) to work on /home/pazzoti/de-upskilling/airflow-flight-price-analysis/venv/lib/python3.10/site-packages/airflow/example_dags/example_subdag_operator.py
[2026-02-06T09:15:24.778+0200] {processor.py:830} INFO - Processing file /home/pazzoti/de-upskilling/airflow-flight-price-analysis/venv/lib/python3.10/site-packages/airflow/example_dags/example_subdag_operator.py for tasks to queue
[2026-02-06T09:15:24.779+0200] {logging_mixin.py:188} INFO - [2026-02-06T09:15:24.779+0200] {dagbag.py:538} INFO - Filling up the DagBag from /home/pazzoti/de-upskilling/airflow-flight-price-analysis/venv/lib/python3.10/site-packages/airflow/example_dags/example_subdag_operator.py
[2026-02-06T09:15:24.791+0200] {processor.py:840} INFO - DAG(s) 'example_subdag_operator.section-1', 'example_subdag_operator.section-2', 'example_subdag_operator' retrieved from /home/pazzoti/de-upskilling/airflow-flight-price-analysis/venv/lib/python3.10/site-packages/airflow/example_dags/example_subdag_operator.py
[2026-02-06T09:15:24.800+0200] {logging_mixin.py:188} INFO - [2026-02-06T09:15:24.799+0200] {dag.py:3036} INFO - Sync 3 DAGs
[2026-02-06T09:15:24.811+0200] {logging_mixin.py:188} INFO - [2026-02-06T09:15:24.811+0200] {dag.py:3823} INFO - Setting next_dagrun for example_subdag_operator to 2022-01-01 00:00:00+00:00, run_after=2022-01-01 00:00:00+00:00
[2026-02-06T09:15:24.813+0200] {logging_mixin.py:188} INFO - [2026-02-06T09:15:24.813+0200] {dag.py:3823} INFO - Setting next_dagrun for example_subdag_operator.section-1 to None, run_after=None
[2026-02-06T09:15:24.813+0200] {logging_mixin.py:188} INFO - [2026-02-06T09:15:24.813+0200] {dag.py:3823} INFO - Setting next_dagrun for example_subdag_operator.section-2 to None, run_after=None
[2026-02-06T09:15:24.816+0200] {logging_mixin.py:188} INFO - [2026-02-06T09:15:24.816+0200] {dag.py:3036} INFO - Sync 2 DAGs
[2026-02-06T09:15:24.818+0200] {logging_mixin.py:188} INFO - [2026-02-06T09:15:24.818+0200] {dag.py:3823} INFO - Setting next_dagrun for example_subdag_operator.section-1 to None, run_after=None
[2026-02-06T09:15:24.819+0200] {logging_mixin.py:188} INFO - [2026-02-06T09:15:24.819+0200] {dag.py:3823} INFO - Setting next_dagrun for example_subdag_operator.section-2 to None, run_after=None
[2026-02-06T09:15:24.830+0200] {processor.py:183} INFO - Processing /home/pazzoti/de-upskilling/airflow-flight-price-analysis/venv/lib/python3.10/site-packages/airflow/example_dags/example_subdag_operator.py took 0.057 seconds
[2026-02-06T09:16:14.593+0200] {processor.py:161} INFO - Started process (PID=9371) to work on /home/pazzoti/de-upskilling/airflow-flight-price-analysis/venv/lib/python3.10/site-packages/airflow/example_dags/example_subdag_operator.py
[2026-02-06T09:16:14.596+0200] {processor.py:830} INFO - Processing file /home/pazzoti/de-upskilling/airflow-flight-price-analysis/venv/lib/python3.10/site-packages/airflow/example_dags/example_subdag_operator.py for tasks to queue
[2026-02-06T09:16:14.597+0200] {logging_mixin.py:188} INFO - [2026-02-06T09:16:14.597+0200] {dagbag.py:538} INFO - Filling up the DagBag from /home/pazzoti/de-upskilling/airflow-flight-price-analysis/venv/lib/python3.10/site-packages/airflow/example_dags/example_subdag_operator.py
[2026-02-06T09:16:14.609+0200] {processor.py:840} INFO - DAG(s) 'example_subdag_operator.section-1', 'example_subdag_operator.section-2', 'example_subdag_operator' retrieved from /home/pazzoti/de-upskilling/airflow-flight-price-analysis/venv/lib/python3.10/site-packages/airflow/example_dags/example_subdag_operator.py
[2026-02-06T09:16:14.620+0200] {logging_mixin.py:188} INFO - [2026-02-06T09:16:14.620+0200] {dag.py:3036} INFO - Sync 3 DAGs
[2026-02-06T09:16:14.632+0200] {logging_mixin.py:188} INFO - [2026-02-06T09:16:14.631+0200] {dag.py:3823} INFO - Setting next_dagrun for example_subdag_operator to 2022-01-01 00:00:00+00:00, run_after=2022-01-01 00:00:00+00:00
[2026-02-06T09:16:14.633+0200] {logging_mixin.py:188} INFO - [2026-02-06T09:16:14.633+0200] {dag.py:3823} INFO - Setting next_dagrun for example_subdag_operator.section-1 to None, run_after=None
[2026-02-06T09:16:14.634+0200] {logging_mixin.py:188} INFO - [2026-02-06T09:16:14.634+0200] {dag.py:3823} INFO - Setting next_dagrun for example_subdag_operator.section-2 to None, run_after=None
[2026-02-06T09:16:14.637+0200] {logging_mixin.py:188} INFO - [2026-02-06T09:16:14.637+0200] {dag.py:3036} INFO - Sync 2 DAGs
[2026-02-06T09:16:14.640+0200] {logging_mixin.py:188} INFO - [2026-02-06T09:16:14.639+0200] {dag.py:3823} INFO - Setting next_dagrun for example_subdag_operator.section-1 to None, run_after=None
[2026-02-06T09:16:14.640+0200] {logging_mixin.py:188} INFO - [2026-02-06T09:16:14.640+0200] {dag.py:3823} INFO - Setting next_dagrun for example_subdag_operator.section-2 to None, run_after=None
[2026-02-06T09:16:14.653+0200] {processor.py:183} INFO - Processing /home/pazzoti/de-upskilling/airflow-flight-price-analysis/venv/lib/python3.10/site-packages/airflow/example_dags/example_subdag_operator.py took 0.062 seconds
[2026-02-06T09:17:07.527+0200] {processor.py:161} INFO - Started process (PID=9624) to work on /home/pazzoti/de-upskilling/airflow-flight-price-analysis/venv/lib/python3.10/site-packages/airflow/example_dags/example_subdag_operator.py
[2026-02-06T09:17:07.528+0200] {processor.py:830} INFO - Processing file /home/pazzoti/de-upskilling/airflow-flight-price-analysis/venv/lib/python3.10/site-packages/airflow/example_dags/example_subdag_operator.py for tasks to queue
[2026-02-06T09:17:07.529+0200] {logging_mixin.py:188} INFO - [2026-02-06T09:17:07.529+0200] {dagbag.py:538} INFO - Filling up the DagBag from /home/pazzoti/de-upskilling/airflow-flight-price-analysis/venv/lib/python3.10/site-packages/airflow/example_dags/example_subdag_operator.py
[2026-02-06T09:17:07.543+0200] {processor.py:840} INFO - DAG(s) 'example_subdag_operator.section-1', 'example_subdag_operator.section-2', 'example_subdag_operator' retrieved from /home/pazzoti/de-upskilling/airflow-flight-price-analysis/venv/lib/python3.10/site-packages/airflow/example_dags/example_subdag_operator.py
[2026-02-06T09:17:07.551+0200] {logging_mixin.py:188} INFO - [2026-02-06T09:17:07.551+0200] {dag.py:3036} INFO - Sync 3 DAGs
[2026-02-06T09:17:07.562+0200] {logging_mixin.py:188} INFO - [2026-02-06T09:17:07.562+0200] {dag.py:3823} INFO - Setting next_dagrun for example_subdag_operator to 2022-01-01 00:00:00+00:00, run_after=2022-01-01 00:00:00+00:00
[2026-02-06T09:17:07.563+0200] {logging_mixin.py:188} INFO - [2026-02-06T09:17:07.563+0200] {dag.py:3823} INFO - Setting next_dagrun for example_subdag_operator.section-1 to None, run_after=None
[2026-02-06T09:17:07.564+0200] {logging_mixin.py:188} INFO - [2026-02-06T09:17:07.564+0200] {dag.py:3823} INFO - Setting next_dagrun for example_subdag_operator.section-2 to None, run_after=None
[2026-02-06T09:17:07.567+0200] {logging_mixin.py:188} INFO - [2026-02-06T09:17:07.567+0200] {dag.py:3036} INFO - Sync 2 DAGs
[2026-02-06T09:17:07.570+0200] {logging_mixin.py:188} INFO - [2026-02-06T09:17:07.569+0200] {dag.py:3823} INFO - Setting next_dagrun for example_subdag_operator.section-1 to None, run_after=None
[2026-02-06T09:17:07.570+0200] {logging_mixin.py:188} INFO - [2026-02-06T09:17:07.570+0200] {dag.py:3823} INFO - Setting next_dagrun for example_subdag_operator.section-2 to None, run_after=None
[2026-02-06T09:17:07.585+0200] {processor.py:183} INFO - Processing /home/pazzoti/de-upskilling/airflow-flight-price-analysis/venv/lib/python3.10/site-packages/airflow/example_dags/example_subdag_operator.py took 0.061 seconds
[2026-02-06T09:29:44.379+0200] {processor.py:161} INFO - Started process (PID=9909) to work on /home/pazzoti/de-upskilling/airflow-flight-price-analysis/venv/lib/python3.10/site-packages/airflow/example_dags/example_subdag_operator.py
[2026-02-06T09:29:44.381+0200] {processor.py:830} INFO - Processing file /home/pazzoti/de-upskilling/airflow-flight-price-analysis/venv/lib/python3.10/site-packages/airflow/example_dags/example_subdag_operator.py for tasks to queue
[2026-02-06T09:29:44.382+0200] {logging_mixin.py:188} INFO - [2026-02-06T09:29:44.382+0200] {dagbag.py:538} INFO - Filling up the DagBag from /home/pazzoti/de-upskilling/airflow-flight-price-analysis/venv/lib/python3.10/site-packages/airflow/example_dags/example_subdag_operator.py
[2026-02-06T09:29:44.401+0200] {processor.py:840} INFO - DAG(s) 'example_subdag_operator.section-1', 'example_subdag_operator.section-2', 'example_subdag_operator' retrieved from /home/pazzoti/de-upskilling/airflow-flight-price-analysis/venv/lib/python3.10/site-packages/airflow/example_dags/example_subdag_operator.py
[2026-02-06T09:29:44.414+0200] {logging_mixin.py:188} INFO - [2026-02-06T09:29:44.413+0200] {dag.py:3036} INFO - Sync 3 DAGs
[2026-02-06T09:29:44.434+0200] {logging_mixin.py:188} INFO - [2026-02-06T09:29:44.433+0200] {dag.py:3823} INFO - Setting next_dagrun for example_subdag_operator to 2022-01-01 00:00:00+00:00, run_after=2022-01-01 00:00:00+00:00
[2026-02-06T09:29:44.437+0200] {logging_mixin.py:188} INFO - [2026-02-06T09:29:44.437+0200] {dag.py:3823} INFO - Setting next_dagrun for example_subdag_operator.section-1 to None, run_after=None
[2026-02-06T09:29:44.438+0200] {logging_mixin.py:188} INFO - [2026-02-06T09:29:44.438+0200] {dag.py:3823} INFO - Setting next_dagrun for example_subdag_operator.section-2 to None, run_after=None
[2026-02-06T09:29:44.443+0200] {logging_mixin.py:188} INFO - [2026-02-06T09:29:44.443+0200] {dag.py:3036} INFO - Sync 2 DAGs
[2026-02-06T09:29:44.447+0200] {logging_mixin.py:188} INFO - [2026-02-06T09:29:44.447+0200] {dag.py:3823} INFO - Setting next_dagrun for example_subdag_operator.section-1 to None, run_after=None
[2026-02-06T09:29:44.447+0200] {logging_mixin.py:188} INFO - [2026-02-06T09:29:44.447+0200] {dag.py:3823} INFO - Setting next_dagrun for example_subdag_operator.section-2 to None, run_after=None
[2026-02-06T09:29:44.464+0200] {processor.py:183} INFO - Processing /home/pazzoti/de-upskilling/airflow-flight-price-analysis/venv/lib/python3.10/site-packages/airflow/example_dags/example_subdag_operator.py took 0.087 seconds
[2026-02-06T09:30:48.129+0200] {processor.py:161} INFO - Started process (PID=10026) to work on /home/pazzoti/de-upskilling/airflow-flight-price-analysis/venv/lib/python3.10/site-packages/airflow/example_dags/example_subdag_operator.py
[2026-02-06T09:30:48.130+0200] {processor.py:830} INFO - Processing file /home/pazzoti/de-upskilling/airflow-flight-price-analysis/venv/lib/python3.10/site-packages/airflow/example_dags/example_subdag_operator.py for tasks to queue
[2026-02-06T09:30:48.131+0200] {logging_mixin.py:188} INFO - [2026-02-06T09:30:48.130+0200] {dagbag.py:538} INFO - Filling up the DagBag from /home/pazzoti/de-upskilling/airflow-flight-price-analysis/venv/lib/python3.10/site-packages/airflow/example_dags/example_subdag_operator.py
[2026-02-06T09:30:48.144+0200] {processor.py:840} INFO - DAG(s) 'example_subdag_operator.section-1', 'example_subdag_operator.section-2', 'example_subdag_operator' retrieved from /home/pazzoti/de-upskilling/airflow-flight-price-analysis/venv/lib/python3.10/site-packages/airflow/example_dags/example_subdag_operator.py
[2026-02-06T09:30:48.154+0200] {logging_mixin.py:188} INFO - [2026-02-06T09:30:48.154+0200] {dag.py:3036} INFO - Sync 3 DAGs
[2026-02-06T09:30:48.166+0200] {logging_mixin.py:188} INFO - [2026-02-06T09:30:48.166+0200] {dag.py:3823} INFO - Setting next_dagrun for example_subdag_operator to 2022-01-01 00:00:00+00:00, run_after=2022-01-01 00:00:00+00:00
[2026-02-06T09:30:48.167+0200] {logging_mixin.py:188} INFO - [2026-02-06T09:30:48.167+0200] {dag.py:3823} INFO - Setting next_dagrun for example_subdag_operator.section-1 to None, run_after=None
[2026-02-06T09:30:48.169+0200] {logging_mixin.py:188} INFO - [2026-02-06T09:30:48.169+0200] {dag.py:3823} INFO - Setting next_dagrun for example_subdag_operator.section-2 to None, run_after=None
[2026-02-06T09:30:48.175+0200] {logging_mixin.py:188} INFO - [2026-02-06T09:30:48.175+0200] {dag.py:3036} INFO - Sync 2 DAGs
[2026-02-06T09:30:48.178+0200] {logging_mixin.py:188} INFO - [2026-02-06T09:30:48.178+0200] {dag.py:3823} INFO - Setting next_dagrun for example_subdag_operator.section-1 to None, run_after=None
[2026-02-06T09:30:48.178+0200] {logging_mixin.py:188} INFO - [2026-02-06T09:30:48.178+0200] {dag.py:3823} INFO - Setting next_dagrun for example_subdag_operator.section-2 to None, run_after=None
[2026-02-06T09:30:48.191+0200] {processor.py:183} INFO - Processing /home/pazzoti/de-upskilling/airflow-flight-price-analysis/venv/lib/python3.10/site-packages/airflow/example_dags/example_subdag_operator.py took 0.065 seconds
[2026-02-06T09:31:45.973+0200] {processor.py:161} INFO - Started process (PID=10123) to work on /home/pazzoti/de-upskilling/airflow-flight-price-analysis/venv/lib/python3.10/site-packages/airflow/example_dags/example_subdag_operator.py
[2026-02-06T09:31:45.980+0200] {processor.py:830} INFO - Processing file /home/pazzoti/de-upskilling/airflow-flight-price-analysis/venv/lib/python3.10/site-packages/airflow/example_dags/example_subdag_operator.py for tasks to queue
[2026-02-06T09:31:45.981+0200] {logging_mixin.py:188} INFO - [2026-02-06T09:31:45.980+0200] {dagbag.py:538} INFO - Filling up the DagBag from /home/pazzoti/de-upskilling/airflow-flight-price-analysis/venv/lib/python3.10/site-packages/airflow/example_dags/example_subdag_operator.py
[2026-02-06T09:31:45.993+0200] {processor.py:840} INFO - DAG(s) 'example_subdag_operator.section-1', 'example_subdag_operator.section-2', 'example_subdag_operator' retrieved from /home/pazzoti/de-upskilling/airflow-flight-price-analysis/venv/lib/python3.10/site-packages/airflow/example_dags/example_subdag_operator.py
[2026-02-06T09:31:46.001+0200] {logging_mixin.py:188} INFO - [2026-02-06T09:31:46.001+0200] {dag.py:3036} INFO - Sync 3 DAGs
[2026-02-06T09:31:46.012+0200] {logging_mixin.py:188} INFO - [2026-02-06T09:31:46.012+0200] {dag.py:3823} INFO - Setting next_dagrun for example_subdag_operator to 2022-01-01 00:00:00+00:00, run_after=2022-01-01 00:00:00+00:00
[2026-02-06T09:31:46.014+0200] {logging_mixin.py:188} INFO - [2026-02-06T09:31:46.014+0200] {dag.py:3823} INFO - Setting next_dagrun for example_subdag_operator.section-1 to None, run_after=None
[2026-02-06T09:31:46.015+0200] {logging_mixin.py:188} INFO - [2026-02-06T09:31:46.014+0200] {dag.py:3823} INFO - Setting next_dagrun for example_subdag_operator.section-2 to None, run_after=None
[2026-02-06T09:31:46.018+0200] {logging_mixin.py:188} INFO - [2026-02-06T09:31:46.018+0200] {dag.py:3036} INFO - Sync 2 DAGs
[2026-02-06T09:31:46.020+0200] {logging_mixin.py:188} INFO - [2026-02-06T09:31:46.020+0200] {dag.py:3823} INFO - Setting next_dagrun for example_subdag_operator.section-1 to None, run_after=None
[2026-02-06T09:31:46.020+0200] {logging_mixin.py:188} INFO - [2026-02-06T09:31:46.020+0200] {dag.py:3823} INFO - Setting next_dagrun for example_subdag_operator.section-2 to None, run_after=None
[2026-02-06T09:31:46.031+0200] {processor.py:183} INFO - Processing /home/pazzoti/de-upskilling/airflow-flight-price-analysis/venv/lib/python3.10/site-packages/airflow/example_dags/example_subdag_operator.py took 0.061 seconds
[2026-02-06T09:32:40.615+0200] {processor.py:161} INFO - Started process (PID=10256) to work on /home/pazzoti/de-upskilling/airflow-flight-price-analysis/venv/lib/python3.10/site-packages/airflow/example_dags/example_subdag_operator.py
[2026-02-06T09:32:40.620+0200] {processor.py:830} INFO - Processing file /home/pazzoti/de-upskilling/airflow-flight-price-analysis/venv/lib/python3.10/site-packages/airflow/example_dags/example_subdag_operator.py for tasks to queue
[2026-02-06T09:32:40.621+0200] {logging_mixin.py:188} INFO - [2026-02-06T09:32:40.621+0200] {dagbag.py:538} INFO - Filling up the DagBag from /home/pazzoti/de-upskilling/airflow-flight-price-analysis/venv/lib/python3.10/site-packages/airflow/example_dags/example_subdag_operator.py
[2026-02-06T09:32:40.639+0200] {processor.py:840} INFO - DAG(s) 'example_subdag_operator.section-1', 'example_subdag_operator.section-2', 'example_subdag_operator' retrieved from /home/pazzoti/de-upskilling/airflow-flight-price-analysis/venv/lib/python3.10/site-packages/airflow/example_dags/example_subdag_operator.py
[2026-02-06T09:32:40.648+0200] {logging_mixin.py:188} INFO - [2026-02-06T09:32:40.647+0200] {dag.py:3036} INFO - Sync 3 DAGs
[2026-02-06T09:32:40.659+0200] {logging_mixin.py:188} INFO - [2026-02-06T09:32:40.659+0200] {dag.py:3823} INFO - Setting next_dagrun for example_subdag_operator to 2022-01-01 00:00:00+00:00, run_after=2022-01-01 00:00:00+00:00
[2026-02-06T09:32:40.661+0200] {logging_mixin.py:188} INFO - [2026-02-06T09:32:40.661+0200] {dag.py:3823} INFO - Setting next_dagrun for example_subdag_operator.section-1 to None, run_after=None
[2026-02-06T09:32:40.662+0200] {logging_mixin.py:188} INFO - [2026-02-06T09:32:40.661+0200] {dag.py:3823} INFO - Setting next_dagrun for example_subdag_operator.section-2 to None, run_after=None
[2026-02-06T09:32:40.666+0200] {logging_mixin.py:188} INFO - [2026-02-06T09:32:40.665+0200] {dag.py:3036} INFO - Sync 2 DAGs
[2026-02-06T09:32:40.668+0200] {logging_mixin.py:188} INFO - [2026-02-06T09:32:40.668+0200] {dag.py:3823} INFO - Setting next_dagrun for example_subdag_operator.section-1 to None, run_after=None
[2026-02-06T09:32:40.668+0200] {logging_mixin.py:188} INFO - [2026-02-06T09:32:40.668+0200] {dag.py:3823} INFO - Setting next_dagrun for example_subdag_operator.section-2 to None, run_after=None
[2026-02-06T09:32:40.682+0200] {processor.py:183} INFO - Processing /home/pazzoti/de-upskilling/airflow-flight-price-analysis/venv/lib/python3.10/site-packages/airflow/example_dags/example_subdag_operator.py took 0.070 seconds
[2026-02-06T09:33:55.045+0200] {processor.py:161} INFO - Started process (PID=10372) to work on /home/pazzoti/de-upskilling/airflow-flight-price-analysis/venv/lib/python3.10/site-packages/airflow/example_dags/example_subdag_operator.py
[2026-02-06T09:33:55.050+0200] {processor.py:830} INFO - Processing file /home/pazzoti/de-upskilling/airflow-flight-price-analysis/venv/lib/python3.10/site-packages/airflow/example_dags/example_subdag_operator.py for tasks to queue
[2026-02-06T09:33:55.051+0200] {logging_mixin.py:188} INFO - [2026-02-06T09:33:55.050+0200] {dagbag.py:538} INFO - Filling up the DagBag from /home/pazzoti/de-upskilling/airflow-flight-price-analysis/venv/lib/python3.10/site-packages/airflow/example_dags/example_subdag_operator.py
[2026-02-06T09:33:55.074+0200] {processor.py:840} INFO - DAG(s) 'example_subdag_operator.section-1', 'example_subdag_operator.section-2', 'example_subdag_operator' retrieved from /home/pazzoti/de-upskilling/airflow-flight-price-analysis/venv/lib/python3.10/site-packages/airflow/example_dags/example_subdag_operator.py
[2026-02-06T09:33:55.091+0200] {logging_mixin.py:188} INFO - [2026-02-06T09:33:55.091+0200] {dag.py:3036} INFO - Sync 3 DAGs
[2026-02-06T09:33:55.115+0200] {logging_mixin.py:188} INFO - [2026-02-06T09:33:55.115+0200] {dag.py:3823} INFO - Setting next_dagrun for example_subdag_operator to 2022-01-01 00:00:00+00:00, run_after=2022-01-01 00:00:00+00:00
[2026-02-06T09:33:55.119+0200] {logging_mixin.py:188} INFO - [2026-02-06T09:33:55.119+0200] {dag.py:3823} INFO - Setting next_dagrun for example_subdag_operator.section-1 to None, run_after=None
[2026-02-06T09:33:55.122+0200] {logging_mixin.py:188} INFO - [2026-02-06T09:33:55.121+0200] {dag.py:3823} INFO - Setting next_dagrun for example_subdag_operator.section-2 to None, run_after=None
[2026-02-06T09:33:55.130+0200] {logging_mixin.py:188} INFO - [2026-02-06T09:33:55.130+0200] {dag.py:3036} INFO - Sync 2 DAGs
[2026-02-06T09:33:55.135+0200] {logging_mixin.py:188} INFO - [2026-02-06T09:33:55.135+0200] {dag.py:3823} INFO - Setting next_dagrun for example_subdag_operator.section-1 to None, run_after=None
[2026-02-06T09:33:55.136+0200] {logging_mixin.py:188} INFO - [2026-02-06T09:33:55.136+0200] {dag.py:3823} INFO - Setting next_dagrun for example_subdag_operator.section-2 to None, run_after=None
[2026-02-06T09:33:55.155+0200] {processor.py:183} INFO - Processing /home/pazzoti/de-upskilling/airflow-flight-price-analysis/venv/lib/python3.10/site-packages/airflow/example_dags/example_subdag_operator.py took 0.113 seconds
[2026-02-06T09:34:53.808+0200] {processor.py:161} INFO - Started process (PID=10479) to work on /home/pazzoti/de-upskilling/airflow-flight-price-analysis/venv/lib/python3.10/site-packages/airflow/example_dags/example_subdag_operator.py
[2026-02-06T09:34:53.812+0200] {processor.py:830} INFO - Processing file /home/pazzoti/de-upskilling/airflow-flight-price-analysis/venv/lib/python3.10/site-packages/airflow/example_dags/example_subdag_operator.py for tasks to queue
[2026-02-06T09:34:53.812+0200] {logging_mixin.py:188} INFO - [2026-02-06T09:34:53.812+0200] {dagbag.py:538} INFO - Filling up the DagBag from /home/pazzoti/de-upskilling/airflow-flight-price-analysis/venv/lib/python3.10/site-packages/airflow/example_dags/example_subdag_operator.py
[2026-02-06T09:34:53.827+0200] {processor.py:840} INFO - DAG(s) 'example_subdag_operator.section-1', 'example_subdag_operator.section-2', 'example_subdag_operator' retrieved from /home/pazzoti/de-upskilling/airflow-flight-price-analysis/venv/lib/python3.10/site-packages/airflow/example_dags/example_subdag_operator.py
[2026-02-06T09:34:53.838+0200] {logging_mixin.py:188} INFO - [2026-02-06T09:34:53.838+0200] {dag.py:3036} INFO - Sync 3 DAGs
[2026-02-06T09:34:53.851+0200] {logging_mixin.py:188} INFO - [2026-02-06T09:34:53.851+0200] {dag.py:3823} INFO - Setting next_dagrun for example_subdag_operator to 2022-01-01 00:00:00+00:00, run_after=2022-01-01 00:00:00+00:00
[2026-02-06T09:34:53.853+0200] {logging_mixin.py:188} INFO - [2026-02-06T09:34:53.853+0200] {dag.py:3823} INFO - Setting next_dagrun for example_subdag_operator.section-1 to None, run_after=None
[2026-02-06T09:34:53.854+0200] {logging_mixin.py:188} INFO - [2026-02-06T09:34:53.854+0200] {dag.py:3823} INFO - Setting next_dagrun for example_subdag_operator.section-2 to None, run_after=None
[2026-02-06T09:34:53.857+0200] {logging_mixin.py:188} INFO - [2026-02-06T09:34:53.857+0200] {dag.py:3036} INFO - Sync 2 DAGs
[2026-02-06T09:34:53.860+0200] {logging_mixin.py:188} INFO - [2026-02-06T09:34:53.859+0200] {dag.py:3823} INFO - Setting next_dagrun for example_subdag_operator.section-1 to None, run_after=None
[2026-02-06T09:34:53.860+0200] {logging_mixin.py:188} INFO - [2026-02-06T09:34:53.860+0200] {dag.py:3823} INFO - Setting next_dagrun for example_subdag_operator.section-2 to None, run_after=None
[2026-02-06T09:34:53.874+0200] {processor.py:183} INFO - Processing /home/pazzoti/de-upskilling/airflow-flight-price-analysis/venv/lib/python3.10/site-packages/airflow/example_dags/example_subdag_operator.py took 0.068 seconds
