[2026-02-06T09:01:15.945+0200] {processor.py:161} INFO - Started process (PID=4176) to work on /home/pazzoti/de-upskilling/airflow-flight-price-analysis/venv/lib/python3.10/site-packages/airflow/example_dags/example_datasets.py
[2026-02-06T09:01:15.946+0200] {processor.py:830} INFO - Processing file /home/pazzoti/de-upskilling/airflow-flight-price-analysis/venv/lib/python3.10/site-packages/airflow/example_dags/example_datasets.py for tasks to queue
[2026-02-06T09:01:15.946+0200] {logging_mixin.py:188} INFO - [2026-02-06T09:01:15.946+0200] {dagbag.py:538} INFO - Filling up the DagBag from /home/pazzoti/de-upskilling/airflow-flight-price-analysis/venv/lib/python3.10/site-packages/airflow/example_dags/example_datasets.py
[2026-02-06T09:01:16.020+0200] {processor.py:840} INFO - DAG(s) 'dataset_consumes_unknown_never_scheduled', 'dataset_consumes_1', 'dataset_consumes_1_and_2', 'dataset_consumes_1_never_scheduled', 'dataset_produces_2', 'dataset_produces_1' retrieved from /home/pazzoti/de-upskilling/airflow-flight-price-analysis/venv/lib/python3.10/site-packages/airflow/example_dags/example_datasets.py
[2026-02-06T09:01:16.036+0200] {logging_mixin.py:188} INFO - [2026-02-06T09:01:16.036+0200] {dag.py:3036} INFO - Sync 6 DAGs
[2026-02-06T09:01:16.046+0200] {logging_mixin.py:188} INFO - [2026-02-06T09:01:16.046+0200] {dag.py:3823} INFO - Setting next_dagrun for dataset_consumes_1 to None, run_after=None
[2026-02-06T09:01:16.049+0200] {logging_mixin.py:188} INFO - [2026-02-06T09:01:16.048+0200] {dag.py:3823} INFO - Setting next_dagrun for dataset_consumes_1_and_2 to None, run_after=None
[2026-02-06T09:01:16.049+0200] {logging_mixin.py:188} INFO - [2026-02-06T09:01:16.049+0200] {dag.py:3823} INFO - Setting next_dagrun for dataset_consumes_1_never_scheduled to None, run_after=None
[2026-02-06T09:01:16.050+0200] {logging_mixin.py:188} INFO - [2026-02-06T09:01:16.050+0200] {dag.py:3823} INFO - Setting next_dagrun for dataset_consumes_unknown_never_scheduled to None, run_after=None
[2026-02-06T09:01:16.052+0200] {logging_mixin.py:188} INFO - [2026-02-06T09:01:16.052+0200] {dag.py:3823} INFO - Setting next_dagrun for dataset_produces_1 to 2026-02-05 00:00:00+00:00, run_after=2026-02-06 00:00:00+00:00
[2026-02-06T09:01:16.053+0200] {logging_mixin.py:188} INFO - [2026-02-06T09:01:16.053+0200] {dag.py:3823} INFO - Setting next_dagrun for dataset_produces_2 to None, run_after=None
[2026-02-06T09:01:16.079+0200] {processor.py:183} INFO - Processing /home/pazzoti/de-upskilling/airflow-flight-price-analysis/venv/lib/python3.10/site-packages/airflow/example_dags/example_datasets.py took 0.136 seconds
[2026-02-06T09:02:08.582+0200] {processor.py:161} INFO - Started process (PID=4724) to work on /home/pazzoti/de-upskilling/airflow-flight-price-analysis/venv/lib/python3.10/site-packages/airflow/example_dags/example_datasets.py
[2026-02-06T09:02:08.587+0200] {processor.py:830} INFO - Processing file /home/pazzoti/de-upskilling/airflow-flight-price-analysis/venv/lib/python3.10/site-packages/airflow/example_dags/example_datasets.py for tasks to queue
[2026-02-06T09:02:08.590+0200] {logging_mixin.py:188} INFO - [2026-02-06T09:02:08.589+0200] {dagbag.py:538} INFO - Filling up the DagBag from /home/pazzoti/de-upskilling/airflow-flight-price-analysis/venv/lib/python3.10/site-packages/airflow/example_dags/example_datasets.py
[2026-02-06T09:02:08.602+0200] {processor.py:840} INFO - DAG(s) 'dataset_consumes_unknown_never_scheduled', 'dataset_consumes_1_and_2', 'dataset_produces_2', 'dataset_consumes_1_never_scheduled', 'dataset_produces_1', 'dataset_consumes_1' retrieved from /home/pazzoti/de-upskilling/airflow-flight-price-analysis/venv/lib/python3.10/site-packages/airflow/example_dags/example_datasets.py
[2026-02-06T09:02:08.634+0200] {logging_mixin.py:188} INFO - [2026-02-06T09:02:08.634+0200] {dag.py:3036} INFO - Sync 6 DAGs
[2026-02-06T09:02:08.659+0200] {logging_mixin.py:188} INFO - [2026-02-06T09:02:08.658+0200] {dag.py:3823} INFO - Setting next_dagrun for dataset_consumes_1 to None, run_after=None
[2026-02-06T09:02:08.661+0200] {logging_mixin.py:188} INFO - [2026-02-06T09:02:08.661+0200] {dag.py:3823} INFO - Setting next_dagrun for dataset_consumes_1_and_2 to None, run_after=None
[2026-02-06T09:02:08.662+0200] {logging_mixin.py:188} INFO - [2026-02-06T09:02:08.662+0200] {dag.py:3823} INFO - Setting next_dagrun for dataset_consumes_1_never_scheduled to None, run_after=None
[2026-02-06T09:02:08.662+0200] {logging_mixin.py:188} INFO - [2026-02-06T09:02:08.662+0200] {dag.py:3823} INFO - Setting next_dagrun for dataset_consumes_unknown_never_scheduled to None, run_after=None
[2026-02-06T09:02:08.664+0200] {logging_mixin.py:188} INFO - [2026-02-06T09:02:08.664+0200] {dag.py:3823} INFO - Setting next_dagrun for dataset_produces_1 to 2026-02-05 00:00:00+00:00, run_after=2026-02-06 00:00:00+00:00
[2026-02-06T09:02:08.665+0200] {logging_mixin.py:188} INFO - [2026-02-06T09:02:08.665+0200] {dag.py:3823} INFO - Setting next_dagrun for dataset_produces_2 to None, run_after=None
[2026-02-06T09:02:08.693+0200] {processor.py:183} INFO - Processing /home/pazzoti/de-upskilling/airflow-flight-price-analysis/venv/lib/python3.10/site-packages/airflow/example_dags/example_datasets.py took 0.114 seconds
[2026-02-06T09:02:54.782+0200] {processor.py:161} INFO - Started process (PID=5001) to work on /home/pazzoti/de-upskilling/airflow-flight-price-analysis/venv/lib/python3.10/site-packages/airflow/example_dags/example_datasets.py
[2026-02-06T09:02:54.784+0200] {processor.py:830} INFO - Processing file /home/pazzoti/de-upskilling/airflow-flight-price-analysis/venv/lib/python3.10/site-packages/airflow/example_dags/example_datasets.py for tasks to queue
[2026-02-06T09:02:54.785+0200] {logging_mixin.py:188} INFO - [2026-02-06T09:02:54.784+0200] {dagbag.py:538} INFO - Filling up the DagBag from /home/pazzoti/de-upskilling/airflow-flight-price-analysis/venv/lib/python3.10/site-packages/airflow/example_dags/example_datasets.py
[2026-02-06T09:02:54.801+0200] {processor.py:840} INFO - DAG(s) 'dataset_consumes_1_never_scheduled', 'dataset_consumes_unknown_never_scheduled', 'dataset_produces_2', 'dataset_consumes_1_and_2', 'dataset_consumes_1', 'dataset_produces_1' retrieved from /home/pazzoti/de-upskilling/airflow-flight-price-analysis/venv/lib/python3.10/site-packages/airflow/example_dags/example_datasets.py
[2026-02-06T09:02:54.815+0200] {logging_mixin.py:188} INFO - [2026-02-06T09:02:54.815+0200] {dag.py:3036} INFO - Sync 6 DAGs
[2026-02-06T09:02:54.826+0200] {logging_mixin.py:188} INFO - [2026-02-06T09:02:54.826+0200] {dag.py:3823} INFO - Setting next_dagrun for dataset_consumes_1 to None, run_after=None
[2026-02-06T09:02:54.828+0200] {logging_mixin.py:188} INFO - [2026-02-06T09:02:54.828+0200] {dag.py:3823} INFO - Setting next_dagrun for dataset_consumes_1_and_2 to None, run_after=None
[2026-02-06T09:02:54.828+0200] {logging_mixin.py:188} INFO - [2026-02-06T09:02:54.828+0200] {dag.py:3823} INFO - Setting next_dagrun for dataset_consumes_1_never_scheduled to None, run_after=None
[2026-02-06T09:02:54.828+0200] {logging_mixin.py:188} INFO - [2026-02-06T09:02:54.828+0200] {dag.py:3823} INFO - Setting next_dagrun for dataset_consumes_unknown_never_scheduled to None, run_after=None
[2026-02-06T09:02:54.830+0200] {logging_mixin.py:188} INFO - [2026-02-06T09:02:54.830+0200] {dag.py:3823} INFO - Setting next_dagrun for dataset_produces_1 to 2026-02-05 00:00:00+00:00, run_after=2026-02-06 00:00:00+00:00
[2026-02-06T09:02:54.830+0200] {logging_mixin.py:188} INFO - [2026-02-06T09:02:54.830+0200] {dag.py:3823} INFO - Setting next_dagrun for dataset_produces_2 to None, run_after=None
[2026-02-06T09:02:54.848+0200] {processor.py:183} INFO - Processing /home/pazzoti/de-upskilling/airflow-flight-price-analysis/venv/lib/python3.10/site-packages/airflow/example_dags/example_datasets.py took 0.068 seconds
[2026-02-06T09:03:44.031+0200] {processor.py:161} INFO - Started process (PID=5237) to work on /home/pazzoti/de-upskilling/airflow-flight-price-analysis/venv/lib/python3.10/site-packages/airflow/example_dags/example_datasets.py
[2026-02-06T09:03:44.037+0200] {processor.py:830} INFO - Processing file /home/pazzoti/de-upskilling/airflow-flight-price-analysis/venv/lib/python3.10/site-packages/airflow/example_dags/example_datasets.py for tasks to queue
[2026-02-06T09:03:44.038+0200] {logging_mixin.py:188} INFO - [2026-02-06T09:03:44.038+0200] {dagbag.py:538} INFO - Filling up the DagBag from /home/pazzoti/de-upskilling/airflow-flight-price-analysis/venv/lib/python3.10/site-packages/airflow/example_dags/example_datasets.py
[2026-02-06T09:03:44.044+0200] {processor.py:840} INFO - DAG(s) 'dataset_consumes_1_never_scheduled', 'dataset_produces_2', 'dataset_produces_1', 'dataset_consumes_unknown_never_scheduled', 'dataset_consumes_1_and_2', 'dataset_consumes_1' retrieved from /home/pazzoti/de-upskilling/airflow-flight-price-analysis/venv/lib/python3.10/site-packages/airflow/example_dags/example_datasets.py
[2026-02-06T09:03:44.065+0200] {logging_mixin.py:188} INFO - [2026-02-06T09:03:44.064+0200] {dag.py:3036} INFO - Sync 6 DAGs
[2026-02-06T09:03:44.082+0200] {logging_mixin.py:188} INFO - [2026-02-06T09:03:44.082+0200] {dag.py:3823} INFO - Setting next_dagrun for dataset_consumes_1 to None, run_after=None
[2026-02-06T09:03:44.084+0200] {logging_mixin.py:188} INFO - [2026-02-06T09:03:44.084+0200] {dag.py:3823} INFO - Setting next_dagrun for dataset_consumes_1_and_2 to None, run_after=None
[2026-02-06T09:03:44.084+0200] {logging_mixin.py:188} INFO - [2026-02-06T09:03:44.084+0200] {dag.py:3823} INFO - Setting next_dagrun for dataset_consumes_1_never_scheduled to None, run_after=None
[2026-02-06T09:03:44.085+0200] {logging_mixin.py:188} INFO - [2026-02-06T09:03:44.085+0200] {dag.py:3823} INFO - Setting next_dagrun for dataset_consumes_unknown_never_scheduled to None, run_after=None
[2026-02-06T09:03:44.087+0200] {logging_mixin.py:188} INFO - [2026-02-06T09:03:44.086+0200] {dag.py:3823} INFO - Setting next_dagrun for dataset_produces_1 to 2026-02-05 00:00:00+00:00, run_after=2026-02-06 00:00:00+00:00
[2026-02-06T09:03:44.089+0200] {logging_mixin.py:188} INFO - [2026-02-06T09:03:44.089+0200] {dag.py:3823} INFO - Setting next_dagrun for dataset_produces_2 to None, run_after=None
[2026-02-06T09:03:44.116+0200] {processor.py:183} INFO - Processing /home/pazzoti/de-upskilling/airflow-flight-price-analysis/venv/lib/python3.10/site-packages/airflow/example_dags/example_datasets.py took 0.087 seconds
[2026-02-06T09:04:25.182+0200] {processor.py:161} INFO - Started process (PID=5416) to work on /home/pazzoti/de-upskilling/airflow-flight-price-analysis/venv/lib/python3.10/site-packages/airflow/example_dags/example_datasets.py
[2026-02-06T09:04:25.188+0200] {processor.py:830} INFO - Processing file /home/pazzoti/de-upskilling/airflow-flight-price-analysis/venv/lib/python3.10/site-packages/airflow/example_dags/example_datasets.py for tasks to queue
[2026-02-06T09:04:25.189+0200] {logging_mixin.py:188} INFO - [2026-02-06T09:04:25.189+0200] {dagbag.py:538} INFO - Filling up the DagBag from /home/pazzoti/de-upskilling/airflow-flight-price-analysis/venv/lib/python3.10/site-packages/airflow/example_dags/example_datasets.py
[2026-02-06T09:04:25.199+0200] {processor.py:840} INFO - DAG(s) 'dataset_produces_2', 'dataset_consumes_1_and_2', 'dataset_consumes_unknown_never_scheduled', 'dataset_consumes_1', 'dataset_produces_1', 'dataset_consumes_1_never_scheduled' retrieved from /home/pazzoti/de-upskilling/airflow-flight-price-analysis/venv/lib/python3.10/site-packages/airflow/example_dags/example_datasets.py
[2026-02-06T09:04:25.223+0200] {logging_mixin.py:188} INFO - [2026-02-06T09:04:25.223+0200] {dag.py:3036} INFO - Sync 6 DAGs
[2026-02-06T09:04:25.236+0200] {logging_mixin.py:188} INFO - [2026-02-06T09:04:25.236+0200] {dag.py:3823} INFO - Setting next_dagrun for dataset_consumes_1 to None, run_after=None
[2026-02-06T09:04:25.240+0200] {logging_mixin.py:188} INFO - [2026-02-06T09:04:25.240+0200] {dag.py:3823} INFO - Setting next_dagrun for dataset_consumes_1_and_2 to None, run_after=None
[2026-02-06T09:04:25.241+0200] {logging_mixin.py:188} INFO - [2026-02-06T09:04:25.241+0200] {dag.py:3823} INFO - Setting next_dagrun for dataset_consumes_1_never_scheduled to None, run_after=None
[2026-02-06T09:04:25.242+0200] {logging_mixin.py:188} INFO - [2026-02-06T09:04:25.241+0200] {dag.py:3823} INFO - Setting next_dagrun for dataset_consumes_unknown_never_scheduled to None, run_after=None
[2026-02-06T09:04:25.244+0200] {logging_mixin.py:188} INFO - [2026-02-06T09:04:25.244+0200] {dag.py:3823} INFO - Setting next_dagrun for dataset_produces_1 to 2026-02-05 00:00:00+00:00, run_after=2026-02-06 00:00:00+00:00
[2026-02-06T09:04:25.244+0200] {logging_mixin.py:188} INFO - [2026-02-06T09:04:25.244+0200] {dag.py:3823} INFO - Setting next_dagrun for dataset_produces_2 to None, run_after=None
[2026-02-06T09:04:25.271+0200] {processor.py:183} INFO - Processing /home/pazzoti/de-upskilling/airflow-flight-price-analysis/venv/lib/python3.10/site-packages/airflow/example_dags/example_datasets.py took 0.091 seconds
[2026-02-06T09:05:19.330+0200] {processor.py:161} INFO - Started process (PID=5687) to work on /home/pazzoti/de-upskilling/airflow-flight-price-analysis/venv/lib/python3.10/site-packages/airflow/example_dags/example_datasets.py
[2026-02-06T09:05:19.334+0200] {processor.py:830} INFO - Processing file /home/pazzoti/de-upskilling/airflow-flight-price-analysis/venv/lib/python3.10/site-packages/airflow/example_dags/example_datasets.py for tasks to queue
[2026-02-06T09:05:19.335+0200] {logging_mixin.py:188} INFO - [2026-02-06T09:05:19.334+0200] {dagbag.py:538} INFO - Filling up the DagBag from /home/pazzoti/de-upskilling/airflow-flight-price-analysis/venv/lib/python3.10/site-packages/airflow/example_dags/example_datasets.py
[2026-02-06T09:05:19.343+0200] {processor.py:840} INFO - DAG(s) 'dataset_produces_1', 'dataset_consumes_1_never_scheduled', 'dataset_consumes_unknown_never_scheduled', 'dataset_produces_2', 'dataset_consumes_1_and_2', 'dataset_consumes_1' retrieved from /home/pazzoti/de-upskilling/airflow-flight-price-analysis/venv/lib/python3.10/site-packages/airflow/example_dags/example_datasets.py
[2026-02-06T09:05:19.359+0200] {logging_mixin.py:188} INFO - [2026-02-06T09:05:19.359+0200] {dag.py:3036} INFO - Sync 6 DAGs
[2026-02-06T09:05:19.372+0200] {logging_mixin.py:188} INFO - [2026-02-06T09:05:19.372+0200] {dag.py:3823} INFO - Setting next_dagrun for dataset_consumes_1 to None, run_after=None
[2026-02-06T09:05:19.374+0200] {logging_mixin.py:188} INFO - [2026-02-06T09:05:19.374+0200] {dag.py:3823} INFO - Setting next_dagrun for dataset_consumes_1_and_2 to None, run_after=None
[2026-02-06T09:05:19.374+0200] {logging_mixin.py:188} INFO - [2026-02-06T09:05:19.374+0200] {dag.py:3823} INFO - Setting next_dagrun for dataset_consumes_1_never_scheduled to None, run_after=None
[2026-02-06T09:05:19.375+0200] {logging_mixin.py:188} INFO - [2026-02-06T09:05:19.375+0200] {dag.py:3823} INFO - Setting next_dagrun for dataset_consumes_unknown_never_scheduled to None, run_after=None
[2026-02-06T09:05:19.376+0200] {logging_mixin.py:188} INFO - [2026-02-06T09:05:19.376+0200] {dag.py:3823} INFO - Setting next_dagrun for dataset_produces_1 to 2026-02-05 00:00:00+00:00, run_after=2026-02-06 00:00:00+00:00
[2026-02-06T09:05:19.376+0200] {logging_mixin.py:188} INFO - [2026-02-06T09:05:19.376+0200] {dag.py:3823} INFO - Setting next_dagrun for dataset_produces_2 to None, run_after=None
[2026-02-06T09:05:19.397+0200] {processor.py:183} INFO - Processing /home/pazzoti/de-upskilling/airflow-flight-price-analysis/venv/lib/python3.10/site-packages/airflow/example_dags/example_datasets.py took 0.070 seconds
[2026-02-06T09:05:56.919+0200] {processor.py:161} INFO - Started process (PID=5870) to work on /home/pazzoti/de-upskilling/airflow-flight-price-analysis/venv/lib/python3.10/site-packages/airflow/example_dags/example_datasets.py
[2026-02-06T09:05:56.920+0200] {processor.py:830} INFO - Processing file /home/pazzoti/de-upskilling/airflow-flight-price-analysis/venv/lib/python3.10/site-packages/airflow/example_dags/example_datasets.py for tasks to queue
[2026-02-06T09:05:56.921+0200] {logging_mixin.py:188} INFO - [2026-02-06T09:05:56.921+0200] {dagbag.py:538} INFO - Filling up the DagBag from /home/pazzoti/de-upskilling/airflow-flight-price-analysis/venv/lib/python3.10/site-packages/airflow/example_dags/example_datasets.py
[2026-02-06T09:05:56.929+0200] {processor.py:840} INFO - DAG(s) 'dataset_produces_2', 'dataset_consumes_1_never_scheduled', 'dataset_produces_1', 'dataset_consumes_unknown_never_scheduled', 'dataset_consumes_1_and_2', 'dataset_consumes_1' retrieved from /home/pazzoti/de-upskilling/airflow-flight-price-analysis/venv/lib/python3.10/site-packages/airflow/example_dags/example_datasets.py
[2026-02-06T09:05:56.944+0200] {logging_mixin.py:188} INFO - [2026-02-06T09:05:56.944+0200] {dag.py:3036} INFO - Sync 6 DAGs
[2026-02-06T09:05:56.955+0200] {logging_mixin.py:188} INFO - [2026-02-06T09:05:56.955+0200] {dag.py:3823} INFO - Setting next_dagrun for dataset_consumes_1 to None, run_after=None
[2026-02-06T09:05:56.957+0200] {logging_mixin.py:188} INFO - [2026-02-06T09:05:56.957+0200] {dag.py:3823} INFO - Setting next_dagrun for dataset_consumes_1_and_2 to None, run_after=None
[2026-02-06T09:05:56.957+0200] {logging_mixin.py:188} INFO - [2026-02-06T09:05:56.957+0200] {dag.py:3823} INFO - Setting next_dagrun for dataset_consumes_1_never_scheduled to None, run_after=None
[2026-02-06T09:05:56.958+0200] {logging_mixin.py:188} INFO - [2026-02-06T09:05:56.957+0200] {dag.py:3823} INFO - Setting next_dagrun for dataset_consumes_unknown_never_scheduled to None, run_after=None
[2026-02-06T09:05:56.959+0200] {logging_mixin.py:188} INFO - [2026-02-06T09:05:56.959+0200] {dag.py:3823} INFO - Setting next_dagrun for dataset_produces_1 to 2026-02-05 00:00:00+00:00, run_after=2026-02-06 00:00:00+00:00
[2026-02-06T09:05:56.959+0200] {logging_mixin.py:188} INFO - [2026-02-06T09:05:56.959+0200] {dag.py:3823} INFO - Setting next_dagrun for dataset_produces_2 to None, run_after=None
[2026-02-06T09:05:56.979+0200] {processor.py:183} INFO - Processing /home/pazzoti/de-upskilling/airflow-flight-price-analysis/venv/lib/python3.10/site-packages/airflow/example_dags/example_datasets.py took 0.063 seconds
[2026-02-06T09:06:51.113+0200] {processor.py:161} INFO - Started process (PID=6148) to work on /home/pazzoti/de-upskilling/airflow-flight-price-analysis/venv/lib/python3.10/site-packages/airflow/example_dags/example_datasets.py
[2026-02-06T09:06:51.114+0200] {processor.py:830} INFO - Processing file /home/pazzoti/de-upskilling/airflow-flight-price-analysis/venv/lib/python3.10/site-packages/airflow/example_dags/example_datasets.py for tasks to queue
[2026-02-06T09:06:51.114+0200] {logging_mixin.py:188} INFO - [2026-02-06T09:06:51.114+0200] {dagbag.py:538} INFO - Filling up the DagBag from /home/pazzoti/de-upskilling/airflow-flight-price-analysis/venv/lib/python3.10/site-packages/airflow/example_dags/example_datasets.py
[2026-02-06T09:06:51.121+0200] {processor.py:840} INFO - DAG(s) 'dataset_produces_2', 'dataset_consumes_unknown_never_scheduled', 'dataset_produces_1', 'dataset_consumes_1', 'dataset_consumes_1_and_2', 'dataset_consumes_1_never_scheduled' retrieved from /home/pazzoti/de-upskilling/airflow-flight-price-analysis/venv/lib/python3.10/site-packages/airflow/example_dags/example_datasets.py
[2026-02-06T09:06:51.136+0200] {logging_mixin.py:188} INFO - [2026-02-06T09:06:51.135+0200] {dag.py:3036} INFO - Sync 6 DAGs
[2026-02-06T09:06:51.147+0200] {logging_mixin.py:188} INFO - [2026-02-06T09:06:51.146+0200] {dag.py:3823} INFO - Setting next_dagrun for dataset_consumes_1 to None, run_after=None
[2026-02-06T09:06:51.149+0200] {logging_mixin.py:188} INFO - [2026-02-06T09:06:51.149+0200] {dag.py:3823} INFO - Setting next_dagrun for dataset_consumes_1_and_2 to None, run_after=None
[2026-02-06T09:06:51.149+0200] {logging_mixin.py:188} INFO - [2026-02-06T09:06:51.149+0200] {dag.py:3823} INFO - Setting next_dagrun for dataset_consumes_1_never_scheduled to None, run_after=None
[2026-02-06T09:06:51.150+0200] {logging_mixin.py:188} INFO - [2026-02-06T09:06:51.150+0200] {dag.py:3823} INFO - Setting next_dagrun for dataset_consumes_unknown_never_scheduled to None, run_after=None
[2026-02-06T09:06:51.151+0200] {logging_mixin.py:188} INFO - [2026-02-06T09:06:51.151+0200] {dag.py:3823} INFO - Setting next_dagrun for dataset_produces_1 to 2026-02-05 00:00:00+00:00, run_after=2026-02-06 00:00:00+00:00
[2026-02-06T09:06:51.151+0200] {logging_mixin.py:188} INFO - [2026-02-06T09:06:51.151+0200] {dag.py:3823} INFO - Setting next_dagrun for dataset_produces_2 to None, run_after=None
[2026-02-06T09:06:51.170+0200] {processor.py:183} INFO - Processing /home/pazzoti/de-upskilling/airflow-flight-price-analysis/venv/lib/python3.10/site-packages/airflow/example_dags/example_datasets.py took 0.060 seconds
[2026-02-06T09:07:44.674+0200] {processor.py:161} INFO - Started process (PID=6453) to work on /home/pazzoti/de-upskilling/airflow-flight-price-analysis/venv/lib/python3.10/site-packages/airflow/example_dags/example_datasets.py
[2026-02-06T09:07:44.675+0200] {processor.py:830} INFO - Processing file /home/pazzoti/de-upskilling/airflow-flight-price-analysis/venv/lib/python3.10/site-packages/airflow/example_dags/example_datasets.py for tasks to queue
[2026-02-06T09:07:44.676+0200] {logging_mixin.py:188} INFO - [2026-02-06T09:07:44.676+0200] {dagbag.py:538} INFO - Filling up the DagBag from /home/pazzoti/de-upskilling/airflow-flight-price-analysis/venv/lib/python3.10/site-packages/airflow/example_dags/example_datasets.py
[2026-02-06T09:07:44.683+0200] {processor.py:840} INFO - DAG(s) 'dataset_consumes_1_never_scheduled', 'dataset_consumes_unknown_never_scheduled', 'dataset_produces_1', 'dataset_consumes_1', 'dataset_produces_2', 'dataset_consumes_1_and_2' retrieved from /home/pazzoti/de-upskilling/airflow-flight-price-analysis/venv/lib/python3.10/site-packages/airflow/example_dags/example_datasets.py
[2026-02-06T09:07:44.699+0200] {logging_mixin.py:188} INFO - [2026-02-06T09:07:44.699+0200] {dag.py:3036} INFO - Sync 6 DAGs
[2026-02-06T09:07:44.710+0200] {logging_mixin.py:188} INFO - [2026-02-06T09:07:44.709+0200] {dag.py:3823} INFO - Setting next_dagrun for dataset_consumes_1 to None, run_after=None
[2026-02-06T09:07:44.711+0200] {logging_mixin.py:188} INFO - [2026-02-06T09:07:44.711+0200] {dag.py:3823} INFO - Setting next_dagrun for dataset_consumes_1_and_2 to None, run_after=None
[2026-02-06T09:07:44.712+0200] {logging_mixin.py:188} INFO - [2026-02-06T09:07:44.712+0200] {dag.py:3823} INFO - Setting next_dagrun for dataset_consumes_1_never_scheduled to None, run_after=None
[2026-02-06T09:07:44.712+0200] {logging_mixin.py:188} INFO - [2026-02-06T09:07:44.712+0200] {dag.py:3823} INFO - Setting next_dagrun for dataset_consumes_unknown_never_scheduled to None, run_after=None
[2026-02-06T09:07:44.713+0200] {logging_mixin.py:188} INFO - [2026-02-06T09:07:44.713+0200] {dag.py:3823} INFO - Setting next_dagrun for dataset_produces_1 to 2026-02-05 00:00:00+00:00, run_after=2026-02-06 00:00:00+00:00
[2026-02-06T09:07:44.714+0200] {logging_mixin.py:188} INFO - [2026-02-06T09:07:44.714+0200] {dag.py:3823} INFO - Setting next_dagrun for dataset_produces_2 to None, run_after=None
[2026-02-06T09:07:44.733+0200] {processor.py:183} INFO - Processing /home/pazzoti/de-upskilling/airflow-flight-price-analysis/venv/lib/python3.10/site-packages/airflow/example_dags/example_datasets.py took 0.062 seconds
[2026-02-06T09:08:21.281+0200] {processor.py:161} INFO - Started process (PID=6626) to work on /home/pazzoti/de-upskilling/airflow-flight-price-analysis/venv/lib/python3.10/site-packages/airflow/example_dags/example_datasets.py
[2026-02-06T09:08:21.284+0200] {processor.py:830} INFO - Processing file /home/pazzoti/de-upskilling/airflow-flight-price-analysis/venv/lib/python3.10/site-packages/airflow/example_dags/example_datasets.py for tasks to queue
[2026-02-06T09:08:21.286+0200] {logging_mixin.py:188} INFO - [2026-02-06T09:08:21.285+0200] {dagbag.py:538} INFO - Filling up the DagBag from /home/pazzoti/de-upskilling/airflow-flight-price-analysis/venv/lib/python3.10/site-packages/airflow/example_dags/example_datasets.py
[2026-02-06T09:08:21.299+0200] {processor.py:840} INFO - DAG(s) 'dataset_consumes_1_never_scheduled', 'dataset_produces_2', 'dataset_consumes_unknown_never_scheduled', 'dataset_consumes_1_and_2', 'dataset_consumes_1', 'dataset_produces_1' retrieved from /home/pazzoti/de-upskilling/airflow-flight-price-analysis/venv/lib/python3.10/site-packages/airflow/example_dags/example_datasets.py
[2026-02-06T09:08:21.326+0200] {logging_mixin.py:188} INFO - [2026-02-06T09:08:21.325+0200] {dag.py:3036} INFO - Sync 6 DAGs
[2026-02-06T09:08:21.353+0200] {logging_mixin.py:188} INFO - [2026-02-06T09:08:21.353+0200] {dag.py:3823} INFO - Setting next_dagrun for dataset_consumes_1 to None, run_after=None
[2026-02-06T09:08:21.357+0200] {logging_mixin.py:188} INFO - [2026-02-06T09:08:21.356+0200] {dag.py:3823} INFO - Setting next_dagrun for dataset_consumes_1_and_2 to None, run_after=None
[2026-02-06T09:08:21.358+0200] {logging_mixin.py:188} INFO - [2026-02-06T09:08:21.357+0200] {dag.py:3823} INFO - Setting next_dagrun for dataset_consumes_1_never_scheduled to None, run_after=None
[2026-02-06T09:08:21.359+0200] {logging_mixin.py:188} INFO - [2026-02-06T09:08:21.358+0200] {dag.py:3823} INFO - Setting next_dagrun for dataset_consumes_unknown_never_scheduled to None, run_after=None
[2026-02-06T09:08:21.360+0200] {logging_mixin.py:188} INFO - [2026-02-06T09:08:21.360+0200] {dag.py:3823} INFO - Setting next_dagrun for dataset_produces_1 to 2026-02-05 00:00:00+00:00, run_after=2026-02-06 00:00:00+00:00
[2026-02-06T09:08:21.361+0200] {logging_mixin.py:188} INFO - [2026-02-06T09:08:21.361+0200] {dag.py:3823} INFO - Setting next_dagrun for dataset_produces_2 to None, run_after=None
[2026-02-06T09:08:21.398+0200] {processor.py:183} INFO - Processing /home/pazzoti/de-upskilling/airflow-flight-price-analysis/venv/lib/python3.10/site-packages/airflow/example_dags/example_datasets.py took 0.121 seconds
[2026-02-06T09:08:58.984+0200] {processor.py:161} INFO - Started process (PID=6786) to work on /home/pazzoti/de-upskilling/airflow-flight-price-analysis/venv/lib/python3.10/site-packages/airflow/example_dags/example_datasets.py
[2026-02-06T09:08:58.985+0200] {processor.py:830} INFO - Processing file /home/pazzoti/de-upskilling/airflow-flight-price-analysis/venv/lib/python3.10/site-packages/airflow/example_dags/example_datasets.py for tasks to queue
[2026-02-06T09:08:58.986+0200] {logging_mixin.py:188} INFO - [2026-02-06T09:08:58.986+0200] {dagbag.py:538} INFO - Filling up the DagBag from /home/pazzoti/de-upskilling/airflow-flight-price-analysis/venv/lib/python3.10/site-packages/airflow/example_dags/example_datasets.py
[2026-02-06T09:08:58.993+0200] {processor.py:840} INFO - DAG(s) 'dataset_consumes_1_and_2', 'dataset_produces_1', 'dataset_produces_2', 'dataset_consumes_unknown_never_scheduled', 'dataset_consumes_1_never_scheduled', 'dataset_consumes_1' retrieved from /home/pazzoti/de-upskilling/airflow-flight-price-analysis/venv/lib/python3.10/site-packages/airflow/example_dags/example_datasets.py
[2026-02-06T09:08:59.010+0200] {logging_mixin.py:188} INFO - [2026-02-06T09:08:59.009+0200] {dag.py:3036} INFO - Sync 6 DAGs
[2026-02-06T09:08:59.021+0200] {logging_mixin.py:188} INFO - [2026-02-06T09:08:59.020+0200] {dag.py:3823} INFO - Setting next_dagrun for dataset_consumes_1 to None, run_after=None
[2026-02-06T09:08:59.024+0200] {logging_mixin.py:188} INFO - [2026-02-06T09:08:59.024+0200] {dag.py:3823} INFO - Setting next_dagrun for dataset_consumes_1_and_2 to None, run_after=None
[2026-02-06T09:08:59.025+0200] {logging_mixin.py:188} INFO - [2026-02-06T09:08:59.025+0200] {dag.py:3823} INFO - Setting next_dagrun for dataset_consumes_1_never_scheduled to None, run_after=None
[2026-02-06T09:08:59.026+0200] {logging_mixin.py:188} INFO - [2026-02-06T09:08:59.025+0200] {dag.py:3823} INFO - Setting next_dagrun for dataset_consumes_unknown_never_scheduled to None, run_after=None
[2026-02-06T09:08:59.027+0200] {logging_mixin.py:188} INFO - [2026-02-06T09:08:59.027+0200] {dag.py:3823} INFO - Setting next_dagrun for dataset_produces_1 to 2026-02-05 00:00:00+00:00, run_after=2026-02-06 00:00:00+00:00
[2026-02-06T09:08:59.027+0200] {logging_mixin.py:188} INFO - [2026-02-06T09:08:59.027+0200] {dag.py:3823} INFO - Setting next_dagrun for dataset_produces_2 to None, run_after=None
[2026-02-06T09:08:59.049+0200] {processor.py:183} INFO - Processing /home/pazzoti/de-upskilling/airflow-flight-price-analysis/venv/lib/python3.10/site-packages/airflow/example_dags/example_datasets.py took 0.067 seconds
[2026-02-06T09:09:37.527+0200] {processor.py:161} INFO - Started process (PID=6973) to work on /home/pazzoti/de-upskilling/airflow-flight-price-analysis/venv/lib/python3.10/site-packages/airflow/example_dags/example_datasets.py
[2026-02-06T09:09:37.529+0200] {processor.py:830} INFO - Processing file /home/pazzoti/de-upskilling/airflow-flight-price-analysis/venv/lib/python3.10/site-packages/airflow/example_dags/example_datasets.py for tasks to queue
[2026-02-06T09:09:37.530+0200] {logging_mixin.py:188} INFO - [2026-02-06T09:09:37.529+0200] {dagbag.py:538} INFO - Filling up the DagBag from /home/pazzoti/de-upskilling/airflow-flight-price-analysis/venv/lib/python3.10/site-packages/airflow/example_dags/example_datasets.py
[2026-02-06T09:09:37.538+0200] {processor.py:840} INFO - DAG(s) 'dataset_consumes_1', 'dataset_produces_1', 'dataset_consumes_1_and_2', 'dataset_consumes_1_never_scheduled', 'dataset_consumes_unknown_never_scheduled', 'dataset_produces_2' retrieved from /home/pazzoti/de-upskilling/airflow-flight-price-analysis/venv/lib/python3.10/site-packages/airflow/example_dags/example_datasets.py
[2026-02-06T09:09:37.566+0200] {logging_mixin.py:188} INFO - [2026-02-06T09:09:37.566+0200] {dag.py:3036} INFO - Sync 6 DAGs
[2026-02-06T09:09:37.584+0200] {logging_mixin.py:188} INFO - [2026-02-06T09:09:37.584+0200] {dag.py:3823} INFO - Setting next_dagrun for dataset_consumes_1 to None, run_after=None
[2026-02-06T09:09:37.588+0200] {logging_mixin.py:188} INFO - [2026-02-06T09:09:37.587+0200] {dag.py:3823} INFO - Setting next_dagrun for dataset_consumes_1_and_2 to None, run_after=None
[2026-02-06T09:09:37.588+0200] {logging_mixin.py:188} INFO - [2026-02-06T09:09:37.588+0200] {dag.py:3823} INFO - Setting next_dagrun for dataset_consumes_1_never_scheduled to None, run_after=None
[2026-02-06T09:09:37.589+0200] {logging_mixin.py:188} INFO - [2026-02-06T09:09:37.589+0200] {dag.py:3823} INFO - Setting next_dagrun for dataset_consumes_unknown_never_scheduled to None, run_after=None
[2026-02-06T09:09:37.590+0200] {logging_mixin.py:188} INFO - [2026-02-06T09:09:37.590+0200] {dag.py:3823} INFO - Setting next_dagrun for dataset_produces_1 to 2026-02-05 00:00:00+00:00, run_after=2026-02-06 00:00:00+00:00
[2026-02-06T09:09:37.591+0200] {logging_mixin.py:188} INFO - [2026-02-06T09:09:37.591+0200] {dag.py:3823} INFO - Setting next_dagrun for dataset_produces_2 to None, run_after=None
[2026-02-06T09:09:37.621+0200] {processor.py:183} INFO - Processing /home/pazzoti/de-upskilling/airflow-flight-price-analysis/venv/lib/python3.10/site-packages/airflow/example_dags/example_datasets.py took 0.096 seconds
[2026-02-06T09:11:11.376+0200] {processor.py:161} INFO - Started process (PID=7646) to work on /home/pazzoti/de-upskilling/airflow-flight-price-analysis/venv/lib/python3.10/site-packages/airflow/example_dags/example_datasets.py
[2026-02-06T09:11:11.379+0200] {processor.py:830} INFO - Processing file /home/pazzoti/de-upskilling/airflow-flight-price-analysis/venv/lib/python3.10/site-packages/airflow/example_dags/example_datasets.py for tasks to queue
[2026-02-06T09:11:11.391+0200] {logging_mixin.py:188} INFO - [2026-02-06T09:11:11.390+0200] {dagbag.py:538} INFO - Filling up the DagBag from /home/pazzoti/de-upskilling/airflow-flight-price-analysis/venv/lib/python3.10/site-packages/airflow/example_dags/example_datasets.py
[2026-02-06T09:11:11.820+0200] {processor.py:840} INFO - DAG(s) 'dataset_consumes_unknown_never_scheduled', 'dataset_produces_1', 'dataset_consumes_1_never_scheduled', 'dataset_consumes_1', 'dataset_consumes_1_and_2', 'dataset_produces_2' retrieved from /home/pazzoti/de-upskilling/airflow-flight-price-analysis/venv/lib/python3.10/site-packages/airflow/example_dags/example_datasets.py
[2026-02-06T09:11:11.885+0200] {logging_mixin.py:188} INFO - [2026-02-06T09:11:11.885+0200] {dag.py:3036} INFO - Sync 6 DAGs
[2026-02-06T09:11:11.930+0200] {logging_mixin.py:188} INFO - [2026-02-06T09:11:11.930+0200] {dag.py:3823} INFO - Setting next_dagrun for dataset_consumes_1 to None, run_after=None
[2026-02-06T09:11:11.942+0200] {logging_mixin.py:188} INFO - [2026-02-06T09:11:11.941+0200] {dag.py:3823} INFO - Setting next_dagrun for dataset_consumes_1_and_2 to None, run_after=None
[2026-02-06T09:11:11.944+0200] {logging_mixin.py:188} INFO - [2026-02-06T09:11:11.943+0200] {dag.py:3823} INFO - Setting next_dagrun for dataset_consumes_1_never_scheduled to None, run_after=None
[2026-02-06T09:11:11.946+0200] {logging_mixin.py:188} INFO - [2026-02-06T09:11:11.945+0200] {dag.py:3823} INFO - Setting next_dagrun for dataset_consumes_unknown_never_scheduled to None, run_after=None
[2026-02-06T09:11:11.954+0200] {logging_mixin.py:188} INFO - [2026-02-06T09:11:11.951+0200] {dag.py:3823} INFO - Setting next_dagrun for dataset_produces_1 to 2026-02-05 00:00:00+00:00, run_after=2026-02-06 00:00:00+00:00
[2026-02-06T09:11:11.956+0200] {logging_mixin.py:188} INFO - [2026-02-06T09:11:11.956+0200] {dag.py:3823} INFO - Setting next_dagrun for dataset_produces_2 to None, run_after=None
[2026-02-06T09:11:12.015+0200] {processor.py:183} INFO - Processing /home/pazzoti/de-upskilling/airflow-flight-price-analysis/venv/lib/python3.10/site-packages/airflow/example_dags/example_datasets.py took 0.655 seconds
[2026-02-06T09:12:13.438+0200] {processor.py:161} INFO - Started process (PID=8239) to work on /home/pazzoti/de-upskilling/airflow-flight-price-analysis/venv/lib/python3.10/site-packages/airflow/example_dags/example_datasets.py
[2026-02-06T09:12:13.440+0200] {processor.py:830} INFO - Processing file /home/pazzoti/de-upskilling/airflow-flight-price-analysis/venv/lib/python3.10/site-packages/airflow/example_dags/example_datasets.py for tasks to queue
[2026-02-06T09:12:13.441+0200] {logging_mixin.py:188} INFO - [2026-02-06T09:12:13.441+0200] {dagbag.py:538} INFO - Filling up the DagBag from /home/pazzoti/de-upskilling/airflow-flight-price-analysis/venv/lib/python3.10/site-packages/airflow/example_dags/example_datasets.py
[2026-02-06T09:12:13.451+0200] {processor.py:840} INFO - DAG(s) 'dataset_consumes_1', 'dataset_consumes_1_and_2', 'dataset_produces_2', 'dataset_produces_1', 'dataset_consumes_unknown_never_scheduled', 'dataset_consumes_1_never_scheduled' retrieved from /home/pazzoti/de-upskilling/airflow-flight-price-analysis/venv/lib/python3.10/site-packages/airflow/example_dags/example_datasets.py
[2026-02-06T09:12:13.478+0200] {logging_mixin.py:188} INFO - [2026-02-06T09:12:13.477+0200] {dag.py:3036} INFO - Sync 6 DAGs
[2026-02-06T09:12:13.489+0200] {logging_mixin.py:188} INFO - [2026-02-06T09:12:13.488+0200] {dag.py:3823} INFO - Setting next_dagrun for dataset_consumes_1 to None, run_after=None
[2026-02-06T09:12:13.491+0200] {logging_mixin.py:188} INFO - [2026-02-06T09:12:13.491+0200] {dag.py:3823} INFO - Setting next_dagrun for dataset_consumes_1_and_2 to None, run_after=None
[2026-02-06T09:12:13.491+0200] {logging_mixin.py:188} INFO - [2026-02-06T09:12:13.491+0200] {dag.py:3823} INFO - Setting next_dagrun for dataset_consumes_1_never_scheduled to None, run_after=None
[2026-02-06T09:12:13.492+0200] {logging_mixin.py:188} INFO - [2026-02-06T09:12:13.492+0200] {dag.py:3823} INFO - Setting next_dagrun for dataset_consumes_unknown_never_scheduled to None, run_after=None
[2026-02-06T09:12:13.493+0200] {logging_mixin.py:188} INFO - [2026-02-06T09:12:13.493+0200] {dag.py:3823} INFO - Setting next_dagrun for dataset_produces_1 to 2026-02-05 00:00:00+00:00, run_after=2026-02-06 00:00:00+00:00
[2026-02-06T09:12:13.493+0200] {logging_mixin.py:188} INFO - [2026-02-06T09:12:13.493+0200] {dag.py:3823} INFO - Setting next_dagrun for dataset_produces_2 to None, run_after=None
[2026-02-06T09:12:13.511+0200] {processor.py:183} INFO - Processing /home/pazzoti/de-upskilling/airflow-flight-price-analysis/venv/lib/python3.10/site-packages/airflow/example_dags/example_datasets.py took 0.078 seconds
[2026-02-06T09:13:00.356+0200] {processor.py:161} INFO - Started process (PID=8454) to work on /home/pazzoti/de-upskilling/airflow-flight-price-analysis/venv/lib/python3.10/site-packages/airflow/example_dags/example_datasets.py
[2026-02-06T09:13:00.362+0200] {processor.py:830} INFO - Processing file /home/pazzoti/de-upskilling/airflow-flight-price-analysis/venv/lib/python3.10/site-packages/airflow/example_dags/example_datasets.py for tasks to queue
[2026-02-06T09:13:00.363+0200] {logging_mixin.py:188} INFO - [2026-02-06T09:13:00.362+0200] {dagbag.py:538} INFO - Filling up the DagBag from /home/pazzoti/de-upskilling/airflow-flight-price-analysis/venv/lib/python3.10/site-packages/airflow/example_dags/example_datasets.py
[2026-02-06T09:13:00.369+0200] {processor.py:840} INFO - DAG(s) 'dataset_consumes_1', 'dataset_produces_1', 'dataset_consumes_1_and_2', 'dataset_consumes_1_never_scheduled', 'dataset_consumes_unknown_never_scheduled', 'dataset_produces_2' retrieved from /home/pazzoti/de-upskilling/airflow-flight-price-analysis/venv/lib/python3.10/site-packages/airflow/example_dags/example_datasets.py
[2026-02-06T09:13:00.384+0200] {logging_mixin.py:188} INFO - [2026-02-06T09:13:00.384+0200] {dag.py:3036} INFO - Sync 6 DAGs
[2026-02-06T09:13:00.395+0200] {logging_mixin.py:188} INFO - [2026-02-06T09:13:00.394+0200] {dag.py:3823} INFO - Setting next_dagrun for dataset_consumes_1 to None, run_after=None
[2026-02-06T09:13:00.396+0200] {logging_mixin.py:188} INFO - [2026-02-06T09:13:00.396+0200] {dag.py:3823} INFO - Setting next_dagrun for dataset_consumes_1_and_2 to None, run_after=None
[2026-02-06T09:13:00.397+0200] {logging_mixin.py:188} INFO - [2026-02-06T09:13:00.397+0200] {dag.py:3823} INFO - Setting next_dagrun for dataset_consumes_1_never_scheduled to None, run_after=None
[2026-02-06T09:13:00.398+0200] {logging_mixin.py:188} INFO - [2026-02-06T09:13:00.398+0200] {dag.py:3823} INFO - Setting next_dagrun for dataset_consumes_unknown_never_scheduled to None, run_after=None
[2026-02-06T09:13:00.399+0200] {logging_mixin.py:188} INFO - [2026-02-06T09:13:00.399+0200] {dag.py:3823} INFO - Setting next_dagrun for dataset_produces_1 to 2026-02-05 00:00:00+00:00, run_after=2026-02-06 00:00:00+00:00
[2026-02-06T09:13:00.399+0200] {logging_mixin.py:188} INFO - [2026-02-06T09:13:00.399+0200] {dag.py:3823} INFO - Setting next_dagrun for dataset_produces_2 to None, run_after=None
[2026-02-06T09:13:00.418+0200] {processor.py:183} INFO - Processing /home/pazzoti/de-upskilling/airflow-flight-price-analysis/venv/lib/python3.10/site-packages/airflow/example_dags/example_datasets.py took 0.064 seconds
[2026-02-06T09:13:49.537+0200] {processor.py:161} INFO - Started process (PID=8679) to work on /home/pazzoti/de-upskilling/airflow-flight-price-analysis/venv/lib/python3.10/site-packages/airflow/example_dags/example_datasets.py
[2026-02-06T09:13:49.544+0200] {processor.py:830} INFO - Processing file /home/pazzoti/de-upskilling/airflow-flight-price-analysis/venv/lib/python3.10/site-packages/airflow/example_dags/example_datasets.py for tasks to queue
[2026-02-06T09:13:49.546+0200] {logging_mixin.py:188} INFO - [2026-02-06T09:13:49.545+0200] {dagbag.py:538} INFO - Filling up the DagBag from /home/pazzoti/de-upskilling/airflow-flight-price-analysis/venv/lib/python3.10/site-packages/airflow/example_dags/example_datasets.py
[2026-02-06T09:13:49.554+0200] {processor.py:840} INFO - DAG(s) 'dataset_consumes_1', 'dataset_produces_2', 'dataset_consumes_1_and_2', 'dataset_produces_1', 'dataset_consumes_unknown_never_scheduled', 'dataset_consumes_1_never_scheduled' retrieved from /home/pazzoti/de-upskilling/airflow-flight-price-analysis/venv/lib/python3.10/site-packages/airflow/example_dags/example_datasets.py
[2026-02-06T09:13:49.569+0200] {logging_mixin.py:188} INFO - [2026-02-06T09:13:49.569+0200] {dag.py:3036} INFO - Sync 6 DAGs
[2026-02-06T09:13:49.581+0200] {logging_mixin.py:188} INFO - [2026-02-06T09:13:49.580+0200] {dag.py:3823} INFO - Setting next_dagrun for dataset_consumes_1 to None, run_after=None
[2026-02-06T09:13:49.582+0200] {logging_mixin.py:188} INFO - [2026-02-06T09:13:49.582+0200] {dag.py:3823} INFO - Setting next_dagrun for dataset_consumes_1_and_2 to None, run_after=None
[2026-02-06T09:13:49.583+0200] {logging_mixin.py:188} INFO - [2026-02-06T09:13:49.583+0200] {dag.py:3823} INFO - Setting next_dagrun for dataset_consumes_1_never_scheduled to None, run_after=None
[2026-02-06T09:13:49.583+0200] {logging_mixin.py:188} INFO - [2026-02-06T09:13:49.583+0200] {dag.py:3823} INFO - Setting next_dagrun for dataset_consumes_unknown_never_scheduled to None, run_after=None
[2026-02-06T09:13:49.584+0200] {logging_mixin.py:188} INFO - [2026-02-06T09:13:49.584+0200] {dag.py:3823} INFO - Setting next_dagrun for dataset_produces_1 to 2026-02-05 00:00:00+00:00, run_after=2026-02-06 00:00:00+00:00
[2026-02-06T09:13:49.585+0200] {logging_mixin.py:188} INFO - [2026-02-06T09:13:49.585+0200] {dag.py:3823} INFO - Setting next_dagrun for dataset_produces_2 to None, run_after=None
[2026-02-06T09:13:49.603+0200] {processor.py:183} INFO - Processing /home/pazzoti/de-upskilling/airflow-flight-price-analysis/venv/lib/python3.10/site-packages/airflow/example_dags/example_datasets.py took 0.071 seconds
[2026-02-06T09:14:41.543+0200] {processor.py:161} INFO - Started process (PID=8929) to work on /home/pazzoti/de-upskilling/airflow-flight-price-analysis/venv/lib/python3.10/site-packages/airflow/example_dags/example_datasets.py
[2026-02-06T09:14:41.547+0200] {processor.py:830} INFO - Processing file /home/pazzoti/de-upskilling/airflow-flight-price-analysis/venv/lib/python3.10/site-packages/airflow/example_dags/example_datasets.py for tasks to queue
[2026-02-06T09:14:41.549+0200] {logging_mixin.py:188} INFO - [2026-02-06T09:14:41.548+0200] {dagbag.py:538} INFO - Filling up the DagBag from /home/pazzoti/de-upskilling/airflow-flight-price-analysis/venv/lib/python3.10/site-packages/airflow/example_dags/example_datasets.py
[2026-02-06T09:14:41.559+0200] {processor.py:840} INFO - DAG(s) 'dataset_consumes_1', 'dataset_consumes_1_and_2', 'dataset_consumes_1_never_scheduled', 'dataset_produces_1', 'dataset_produces_2', 'dataset_consumes_unknown_never_scheduled' retrieved from /home/pazzoti/de-upskilling/airflow-flight-price-analysis/venv/lib/python3.10/site-packages/airflow/example_dags/example_datasets.py
[2026-02-06T09:14:41.599+0200] {logging_mixin.py:188} INFO - [2026-02-06T09:14:41.599+0200] {dag.py:3036} INFO - Sync 6 DAGs
[2026-02-06T09:14:41.618+0200] {logging_mixin.py:188} INFO - [2026-02-06T09:14:41.618+0200] {dag.py:3823} INFO - Setting next_dagrun for dataset_consumes_1 to None, run_after=None
[2026-02-06T09:14:41.622+0200] {logging_mixin.py:188} INFO - [2026-02-06T09:14:41.622+0200] {dag.py:3823} INFO - Setting next_dagrun for dataset_consumes_1_and_2 to None, run_after=None
[2026-02-06T09:14:41.622+0200] {logging_mixin.py:188} INFO - [2026-02-06T09:14:41.622+0200] {dag.py:3823} INFO - Setting next_dagrun for dataset_consumes_1_never_scheduled to None, run_after=None
[2026-02-06T09:14:41.623+0200] {logging_mixin.py:188} INFO - [2026-02-06T09:14:41.623+0200] {dag.py:3823} INFO - Setting next_dagrun for dataset_consumes_unknown_never_scheduled to None, run_after=None
[2026-02-06T09:14:41.624+0200] {logging_mixin.py:188} INFO - [2026-02-06T09:14:41.624+0200] {dag.py:3823} INFO - Setting next_dagrun for dataset_produces_1 to 2026-02-05 00:00:00+00:00, run_after=2026-02-06 00:00:00+00:00
[2026-02-06T09:14:41.625+0200] {logging_mixin.py:188} INFO - [2026-02-06T09:14:41.624+0200] {dag.py:3823} INFO - Setting next_dagrun for dataset_produces_2 to None, run_after=None
[2026-02-06T09:14:41.645+0200] {processor.py:183} INFO - Processing /home/pazzoti/de-upskilling/airflow-flight-price-analysis/venv/lib/python3.10/site-packages/airflow/example_dags/example_datasets.py took 0.108 seconds
[2026-02-06T09:15:19.808+0200] {processor.py:161} INFO - Started process (PID=9095) to work on /home/pazzoti/de-upskilling/airflow-flight-price-analysis/venv/lib/python3.10/site-packages/airflow/example_dags/example_datasets.py
[2026-02-06T09:15:19.809+0200] {processor.py:830} INFO - Processing file /home/pazzoti/de-upskilling/airflow-flight-price-analysis/venv/lib/python3.10/site-packages/airflow/example_dags/example_datasets.py for tasks to queue
[2026-02-06T09:15:19.810+0200] {logging_mixin.py:188} INFO - [2026-02-06T09:15:19.810+0200] {dagbag.py:538} INFO - Filling up the DagBag from /home/pazzoti/de-upskilling/airflow-flight-price-analysis/venv/lib/python3.10/site-packages/airflow/example_dags/example_datasets.py
[2026-02-06T09:15:19.817+0200] {processor.py:840} INFO - DAG(s) 'dataset_produces_1', 'dataset_consumes_1', 'dataset_consumes_1_never_scheduled', 'dataset_produces_2', 'dataset_consumes_1_and_2', 'dataset_consumes_unknown_never_scheduled' retrieved from /home/pazzoti/de-upskilling/airflow-flight-price-analysis/venv/lib/python3.10/site-packages/airflow/example_dags/example_datasets.py
[2026-02-06T09:15:19.840+0200] {logging_mixin.py:188} INFO - [2026-02-06T09:15:19.840+0200] {dag.py:3036} INFO - Sync 6 DAGs
[2026-02-06T09:15:19.851+0200] {logging_mixin.py:188} INFO - [2026-02-06T09:15:19.851+0200] {dag.py:3823} INFO - Setting next_dagrun for dataset_consumes_1 to None, run_after=None
[2026-02-06T09:15:19.853+0200] {logging_mixin.py:188} INFO - [2026-02-06T09:15:19.853+0200] {dag.py:3823} INFO - Setting next_dagrun for dataset_consumes_1_and_2 to None, run_after=None
[2026-02-06T09:15:19.854+0200] {logging_mixin.py:188} INFO - [2026-02-06T09:15:19.854+0200] {dag.py:3823} INFO - Setting next_dagrun for dataset_consumes_1_never_scheduled to None, run_after=None
[2026-02-06T09:15:19.854+0200] {logging_mixin.py:188} INFO - [2026-02-06T09:15:19.854+0200] {dag.py:3823} INFO - Setting next_dagrun for dataset_consumes_unknown_never_scheduled to None, run_after=None
[2026-02-06T09:15:19.855+0200] {logging_mixin.py:188} INFO - [2026-02-06T09:15:19.855+0200] {dag.py:3823} INFO - Setting next_dagrun for dataset_produces_1 to 2026-02-05 00:00:00+00:00, run_after=2026-02-06 00:00:00+00:00
[2026-02-06T09:15:19.856+0200] {logging_mixin.py:188} INFO - [2026-02-06T09:15:19.856+0200] {dag.py:3823} INFO - Setting next_dagrun for dataset_produces_2 to None, run_after=None
[2026-02-06T09:15:19.875+0200] {processor.py:183} INFO - Processing /home/pazzoti/de-upskilling/airflow-flight-price-analysis/venv/lib/python3.10/site-packages/airflow/example_dags/example_datasets.py took 0.069 seconds
[2026-02-06T09:16:09.639+0200] {processor.py:161} INFO - Started process (PID=9354) to work on /home/pazzoti/de-upskilling/airflow-flight-price-analysis/venv/lib/python3.10/site-packages/airflow/example_dags/example_datasets.py
[2026-02-06T09:16:09.643+0200] {processor.py:830} INFO - Processing file /home/pazzoti/de-upskilling/airflow-flight-price-analysis/venv/lib/python3.10/site-packages/airflow/example_dags/example_datasets.py for tasks to queue
[2026-02-06T09:16:09.644+0200] {logging_mixin.py:188} INFO - [2026-02-06T09:16:09.644+0200] {dagbag.py:538} INFO - Filling up the DagBag from /home/pazzoti/de-upskilling/airflow-flight-price-analysis/venv/lib/python3.10/site-packages/airflow/example_dags/example_datasets.py
[2026-02-06T09:16:09.652+0200] {processor.py:840} INFO - DAG(s) 'dataset_consumes_1_and_2', 'dataset_consumes_1_never_scheduled', 'dataset_consumes_unknown_never_scheduled', 'dataset_produces_2', 'dataset_consumes_1', 'dataset_produces_1' retrieved from /home/pazzoti/de-upskilling/airflow-flight-price-analysis/venv/lib/python3.10/site-packages/airflow/example_dags/example_datasets.py
[2026-02-06T09:16:09.669+0200] {logging_mixin.py:188} INFO - [2026-02-06T09:16:09.669+0200] {dag.py:3036} INFO - Sync 6 DAGs
[2026-02-06T09:16:09.680+0200] {logging_mixin.py:188} INFO - [2026-02-06T09:16:09.680+0200] {dag.py:3823} INFO - Setting next_dagrun for dataset_consumes_1 to None, run_after=None
[2026-02-06T09:16:09.681+0200] {logging_mixin.py:188} INFO - [2026-02-06T09:16:09.681+0200] {dag.py:3823} INFO - Setting next_dagrun for dataset_consumes_1_and_2 to None, run_after=None
[2026-02-06T09:16:09.682+0200] {logging_mixin.py:188} INFO - [2026-02-06T09:16:09.682+0200] {dag.py:3823} INFO - Setting next_dagrun for dataset_consumes_1_never_scheduled to None, run_after=None
[2026-02-06T09:16:09.682+0200] {logging_mixin.py:188} INFO - [2026-02-06T09:16:09.682+0200] {dag.py:3823} INFO - Setting next_dagrun for dataset_consumes_unknown_never_scheduled to None, run_after=None
[2026-02-06T09:16:09.683+0200] {logging_mixin.py:188} INFO - [2026-02-06T09:16:09.683+0200] {dag.py:3823} INFO - Setting next_dagrun for dataset_produces_1 to 2026-02-05 00:00:00+00:00, run_after=2026-02-06 00:00:00+00:00
[2026-02-06T09:16:09.684+0200] {logging_mixin.py:188} INFO - [2026-02-06T09:16:09.684+0200] {dag.py:3823} INFO - Setting next_dagrun for dataset_produces_2 to None, run_after=None
[2026-02-06T09:16:09.706+0200] {processor.py:183} INFO - Processing /home/pazzoti/de-upskilling/airflow-flight-price-analysis/venv/lib/python3.10/site-packages/airflow/example_dags/example_datasets.py took 0.070 seconds
[2026-02-06T09:17:02.228+0200] {processor.py:161} INFO - Started process (PID=9599) to work on /home/pazzoti/de-upskilling/airflow-flight-price-analysis/venv/lib/python3.10/site-packages/airflow/example_dags/example_datasets.py
[2026-02-06T09:17:02.230+0200] {processor.py:830} INFO - Processing file /home/pazzoti/de-upskilling/airflow-flight-price-analysis/venv/lib/python3.10/site-packages/airflow/example_dags/example_datasets.py for tasks to queue
[2026-02-06T09:17:02.230+0200] {logging_mixin.py:188} INFO - [2026-02-06T09:17:02.230+0200] {dagbag.py:538} INFO - Filling up the DagBag from /home/pazzoti/de-upskilling/airflow-flight-price-analysis/venv/lib/python3.10/site-packages/airflow/example_dags/example_datasets.py
[2026-02-06T09:17:02.239+0200] {processor.py:840} INFO - DAG(s) 'dataset_consumes_1_and_2', 'dataset_produces_1', 'dataset_consumes_1', 'dataset_consumes_1_never_scheduled', 'dataset_consumes_unknown_never_scheduled', 'dataset_produces_2' retrieved from /home/pazzoti/de-upskilling/airflow-flight-price-analysis/venv/lib/python3.10/site-packages/airflow/example_dags/example_datasets.py
[2026-02-06T09:17:02.258+0200] {logging_mixin.py:188} INFO - [2026-02-06T09:17:02.258+0200] {dag.py:3036} INFO - Sync 6 DAGs
[2026-02-06T09:17:02.271+0200] {logging_mixin.py:188} INFO - [2026-02-06T09:17:02.271+0200] {dag.py:3823} INFO - Setting next_dagrun for dataset_consumes_1 to None, run_after=None
[2026-02-06T09:17:02.273+0200] {logging_mixin.py:188} INFO - [2026-02-06T09:17:02.272+0200] {dag.py:3823} INFO - Setting next_dagrun for dataset_consumes_1_and_2 to None, run_after=None
[2026-02-06T09:17:02.273+0200] {logging_mixin.py:188} INFO - [2026-02-06T09:17:02.273+0200] {dag.py:3823} INFO - Setting next_dagrun for dataset_consumes_1_never_scheduled to None, run_after=None
[2026-02-06T09:17:02.273+0200] {logging_mixin.py:188} INFO - [2026-02-06T09:17:02.273+0200] {dag.py:3823} INFO - Setting next_dagrun for dataset_consumes_unknown_never_scheduled to None, run_after=None
[2026-02-06T09:17:02.275+0200] {logging_mixin.py:188} INFO - [2026-02-06T09:17:02.274+0200] {dag.py:3823} INFO - Setting next_dagrun for dataset_produces_1 to 2026-02-05 00:00:00+00:00, run_after=2026-02-06 00:00:00+00:00
[2026-02-06T09:17:02.275+0200] {logging_mixin.py:188} INFO - [2026-02-06T09:17:02.275+0200] {dag.py:3823} INFO - Setting next_dagrun for dataset_produces_2 to None, run_after=None
[2026-02-06T09:17:02.294+0200] {processor.py:183} INFO - Processing /home/pazzoti/de-upskilling/airflow-flight-price-analysis/venv/lib/python3.10/site-packages/airflow/example_dags/example_datasets.py took 0.069 seconds
[2026-02-06T09:29:24.332+0200] {processor.py:161} INFO - Started process (PID=9881) to work on /home/pazzoti/de-upskilling/airflow-flight-price-analysis/venv/lib/python3.10/site-packages/airflow/example_dags/example_datasets.py
[2026-02-06T09:29:24.334+0200] {processor.py:830} INFO - Processing file /home/pazzoti/de-upskilling/airflow-flight-price-analysis/venv/lib/python3.10/site-packages/airflow/example_dags/example_datasets.py for tasks to queue
[2026-02-06T09:29:24.335+0200] {logging_mixin.py:188} INFO - [2026-02-06T09:29:24.334+0200] {dagbag.py:538} INFO - Filling up the DagBag from /home/pazzoti/de-upskilling/airflow-flight-price-analysis/venv/lib/python3.10/site-packages/airflow/example_dags/example_datasets.py
[2026-02-06T09:29:24.343+0200] {processor.py:840} INFO - DAG(s) 'dataset_consumes_1', 'dataset_consumes_1_and_2', 'dataset_consumes_1_never_scheduled', 'dataset_produces_2', 'dataset_consumes_unknown_never_scheduled', 'dataset_produces_1' retrieved from /home/pazzoti/de-upskilling/airflow-flight-price-analysis/venv/lib/python3.10/site-packages/airflow/example_dags/example_datasets.py
[2026-02-06T09:29:24.361+0200] {logging_mixin.py:188} INFO - [2026-02-06T09:29:24.361+0200] {dag.py:3036} INFO - Sync 6 DAGs
[2026-02-06T09:29:24.375+0200] {logging_mixin.py:188} INFO - [2026-02-06T09:29:24.374+0200] {dag.py:3823} INFO - Setting next_dagrun for dataset_consumes_1 to None, run_after=None
[2026-02-06T09:29:24.376+0200] {logging_mixin.py:188} INFO - [2026-02-06T09:29:24.376+0200] {dag.py:3823} INFO - Setting next_dagrun for dataset_consumes_1_and_2 to None, run_after=None
[2026-02-06T09:29:24.377+0200] {logging_mixin.py:188} INFO - [2026-02-06T09:29:24.377+0200] {dag.py:3823} INFO - Setting next_dagrun for dataset_consumes_1_never_scheduled to None, run_after=None
[2026-02-06T09:29:24.377+0200] {logging_mixin.py:188} INFO - [2026-02-06T09:29:24.377+0200] {dag.py:3823} INFO - Setting next_dagrun for dataset_consumes_unknown_never_scheduled to None, run_after=None
[2026-02-06T09:29:24.379+0200] {logging_mixin.py:188} INFO - [2026-02-06T09:29:24.379+0200] {dag.py:3823} INFO - Setting next_dagrun for dataset_produces_1 to 2026-02-05 00:00:00+00:00, run_after=2026-02-06 00:00:00+00:00
[2026-02-06T09:29:24.379+0200] {logging_mixin.py:188} INFO - [2026-02-06T09:29:24.379+0200] {dag.py:3823} INFO - Setting next_dagrun for dataset_produces_2 to None, run_after=None
[2026-02-06T09:29:24.401+0200] {processor.py:183} INFO - Processing /home/pazzoti/de-upskilling/airflow-flight-price-analysis/venv/lib/python3.10/site-packages/airflow/example_dags/example_datasets.py took 0.071 seconds
[2026-02-06T09:30:15.855+0200] {processor.py:161} INFO - Started process (PID=9977) to work on /home/pazzoti/de-upskilling/airflow-flight-price-analysis/venv/lib/python3.10/site-packages/airflow/example_dags/example_datasets.py
[2026-02-06T09:30:15.857+0200] {processor.py:830} INFO - Processing file /home/pazzoti/de-upskilling/airflow-flight-price-analysis/venv/lib/python3.10/site-packages/airflow/example_dags/example_datasets.py for tasks to queue
[2026-02-06T09:30:15.857+0200] {logging_mixin.py:188} INFO - [2026-02-06T09:30:15.857+0200] {dagbag.py:538} INFO - Filling up the DagBag from /home/pazzoti/de-upskilling/airflow-flight-price-analysis/venv/lib/python3.10/site-packages/airflow/example_dags/example_datasets.py
[2026-02-06T09:30:15.865+0200] {processor.py:840} INFO - DAG(s) 'dataset_consumes_unknown_never_scheduled', 'dataset_consumes_1_never_scheduled', 'dataset_produces_2', 'dataset_consumes_1_and_2', 'dataset_produces_1', 'dataset_consumes_1' retrieved from /home/pazzoti/de-upskilling/airflow-flight-price-analysis/venv/lib/python3.10/site-packages/airflow/example_dags/example_datasets.py
[2026-02-06T09:30:15.886+0200] {logging_mixin.py:188} INFO - [2026-02-06T09:30:15.885+0200] {dag.py:3036} INFO - Sync 6 DAGs
[2026-02-06T09:30:15.905+0200] {logging_mixin.py:188} INFO - [2026-02-06T09:30:15.905+0200] {dag.py:3823} INFO - Setting next_dagrun for dataset_consumes_1 to None, run_after=None
[2026-02-06T09:30:15.908+0200] {logging_mixin.py:188} INFO - [2026-02-06T09:30:15.908+0200] {dag.py:3823} INFO - Setting next_dagrun for dataset_consumes_1_and_2 to None, run_after=None
[2026-02-06T09:30:15.909+0200] {logging_mixin.py:188} INFO - [2026-02-06T09:30:15.909+0200] {dag.py:3823} INFO - Setting next_dagrun for dataset_consumes_1_never_scheduled to None, run_after=None
[2026-02-06T09:30:15.910+0200] {logging_mixin.py:188} INFO - [2026-02-06T09:30:15.910+0200] {dag.py:3823} INFO - Setting next_dagrun for dataset_consumes_unknown_never_scheduled to None, run_after=None
[2026-02-06T09:30:15.911+0200] {logging_mixin.py:188} INFO - [2026-02-06T09:30:15.911+0200] {dag.py:3823} INFO - Setting next_dagrun for dataset_produces_1 to 2026-02-05 00:00:00+00:00, run_after=2026-02-06 00:00:00+00:00
[2026-02-06T09:30:15.911+0200] {logging_mixin.py:188} INFO - [2026-02-06T09:30:15.911+0200] {dag.py:3823} INFO - Setting next_dagrun for dataset_produces_2 to None, run_after=None
[2026-02-06T09:30:15.939+0200] {processor.py:183} INFO - Processing /home/pazzoti/de-upskilling/airflow-flight-price-analysis/venv/lib/python3.10/site-packages/airflow/example_dags/example_datasets.py took 0.086 seconds
[2026-02-06T09:30:58.258+0200] {processor.py:161} INFO - Started process (PID=10049) to work on /home/pazzoti/de-upskilling/airflow-flight-price-analysis/venv/lib/python3.10/site-packages/airflow/example_dags/example_datasets.py
[2026-02-06T09:30:58.265+0200] {processor.py:830} INFO - Processing file /home/pazzoti/de-upskilling/airflow-flight-price-analysis/venv/lib/python3.10/site-packages/airflow/example_dags/example_datasets.py for tasks to queue
[2026-02-06T09:30:58.266+0200] {logging_mixin.py:188} INFO - [2026-02-06T09:30:58.265+0200] {dagbag.py:538} INFO - Filling up the DagBag from /home/pazzoti/de-upskilling/airflow-flight-price-analysis/venv/lib/python3.10/site-packages/airflow/example_dags/example_datasets.py
[2026-02-06T09:30:58.272+0200] {processor.py:840} INFO - DAG(s) 'dataset_consumes_1_never_scheduled', 'dataset_consumes_unknown_never_scheduled', 'dataset_consumes_1', 'dataset_produces_1', 'dataset_produces_2', 'dataset_consumes_1_and_2' retrieved from /home/pazzoti/de-upskilling/airflow-flight-price-analysis/venv/lib/python3.10/site-packages/airflow/example_dags/example_datasets.py
[2026-02-06T09:30:58.290+0200] {logging_mixin.py:188} INFO - [2026-02-06T09:30:58.290+0200] {dag.py:3036} INFO - Sync 6 DAGs
[2026-02-06T09:30:58.303+0200] {logging_mixin.py:188} INFO - [2026-02-06T09:30:58.303+0200] {dag.py:3823} INFO - Setting next_dagrun for dataset_consumes_1 to None, run_after=None
[2026-02-06T09:30:58.305+0200] {logging_mixin.py:188} INFO - [2026-02-06T09:30:58.305+0200] {dag.py:3823} INFO - Setting next_dagrun for dataset_consumes_1_and_2 to None, run_after=None
[2026-02-06T09:30:58.306+0200] {logging_mixin.py:188} INFO - [2026-02-06T09:30:58.306+0200] {dag.py:3823} INFO - Setting next_dagrun for dataset_consumes_1_never_scheduled to None, run_after=None
[2026-02-06T09:30:58.307+0200] {logging_mixin.py:188} INFO - [2026-02-06T09:30:58.306+0200] {dag.py:3823} INFO - Setting next_dagrun for dataset_consumes_unknown_never_scheduled to None, run_after=None
[2026-02-06T09:30:58.308+0200] {logging_mixin.py:188} INFO - [2026-02-06T09:30:58.308+0200] {dag.py:3823} INFO - Setting next_dagrun for dataset_produces_1 to 2026-02-05 00:00:00+00:00, run_after=2026-02-06 00:00:00+00:00
[2026-02-06T09:30:58.308+0200] {logging_mixin.py:188} INFO - [2026-02-06T09:30:58.308+0200] {dag.py:3823} INFO - Setting next_dagrun for dataset_produces_2 to None, run_after=None
[2026-02-06T09:30:58.338+0200] {processor.py:183} INFO - Processing /home/pazzoti/de-upskilling/airflow-flight-price-analysis/venv/lib/python3.10/site-packages/airflow/example_dags/example_datasets.py took 0.082 seconds
[2026-02-06T09:31:38.530+0200] {processor.py:161} INFO - Started process (PID=10115) to work on /home/pazzoti/de-upskilling/airflow-flight-price-analysis/venv/lib/python3.10/site-packages/airflow/example_dags/example_datasets.py
[2026-02-06T09:31:38.532+0200] {processor.py:830} INFO - Processing file /home/pazzoti/de-upskilling/airflow-flight-price-analysis/venv/lib/python3.10/site-packages/airflow/example_dags/example_datasets.py for tasks to queue
[2026-02-06T09:31:38.533+0200] {logging_mixin.py:188} INFO - [2026-02-06T09:31:38.532+0200] {dagbag.py:538} INFO - Filling up the DagBag from /home/pazzoti/de-upskilling/airflow-flight-price-analysis/venv/lib/python3.10/site-packages/airflow/example_dags/example_datasets.py
[2026-02-06T09:31:38.539+0200] {processor.py:840} INFO - DAG(s) 'dataset_consumes_1', 'dataset_consumes_1_never_scheduled', 'dataset_produces_2', 'dataset_consumes_unknown_never_scheduled', 'dataset_produces_1', 'dataset_consumes_1_and_2' retrieved from /home/pazzoti/de-upskilling/airflow-flight-price-analysis/venv/lib/python3.10/site-packages/airflow/example_dags/example_datasets.py
[2026-02-06T09:31:38.554+0200] {logging_mixin.py:188} INFO - [2026-02-06T09:31:38.554+0200] {dag.py:3036} INFO - Sync 6 DAGs
[2026-02-06T09:31:38.565+0200] {logging_mixin.py:188} INFO - [2026-02-06T09:31:38.565+0200] {dag.py:3823} INFO - Setting next_dagrun for dataset_consumes_1 to None, run_after=None
[2026-02-06T09:31:38.566+0200] {logging_mixin.py:188} INFO - [2026-02-06T09:31:38.566+0200] {dag.py:3823} INFO - Setting next_dagrun for dataset_consumes_1_and_2 to None, run_after=None
[2026-02-06T09:31:38.567+0200] {logging_mixin.py:188} INFO - [2026-02-06T09:31:38.567+0200] {dag.py:3823} INFO - Setting next_dagrun for dataset_consumes_1_never_scheduled to None, run_after=None
[2026-02-06T09:31:38.567+0200] {logging_mixin.py:188} INFO - [2026-02-06T09:31:38.567+0200] {dag.py:3823} INFO - Setting next_dagrun for dataset_consumes_unknown_never_scheduled to None, run_after=None
[2026-02-06T09:31:38.569+0200] {logging_mixin.py:188} INFO - [2026-02-06T09:31:38.568+0200] {dag.py:3823} INFO - Setting next_dagrun for dataset_produces_1 to 2026-02-05 00:00:00+00:00, run_after=2026-02-06 00:00:00+00:00
[2026-02-06T09:31:38.569+0200] {logging_mixin.py:188} INFO - [2026-02-06T09:31:38.569+0200] {dag.py:3823} INFO - Setting next_dagrun for dataset_produces_2 to None, run_after=None
[2026-02-06T09:31:38.588+0200] {processor.py:183} INFO - Processing /home/pazzoti/de-upskilling/airflow-flight-price-analysis/venv/lib/python3.10/site-packages/airflow/example_dags/example_datasets.py took 0.060 seconds
[2026-02-06T09:32:19.583+0200] {processor.py:161} INFO - Started process (PID=10192) to work on /home/pazzoti/de-upskilling/airflow-flight-price-analysis/venv/lib/python3.10/site-packages/airflow/example_dags/example_datasets.py
[2026-02-06T09:32:19.588+0200] {processor.py:830} INFO - Processing file /home/pazzoti/de-upskilling/airflow-flight-price-analysis/venv/lib/python3.10/site-packages/airflow/example_dags/example_datasets.py for tasks to queue
[2026-02-06T09:32:19.589+0200] {logging_mixin.py:188} INFO - [2026-02-06T09:32:19.589+0200] {dagbag.py:538} INFO - Filling up the DagBag from /home/pazzoti/de-upskilling/airflow-flight-price-analysis/venv/lib/python3.10/site-packages/airflow/example_dags/example_datasets.py
[2026-02-06T09:32:19.597+0200] {processor.py:840} INFO - DAG(s) 'dataset_consumes_unknown_never_scheduled', 'dataset_produces_1', 'dataset_consumes_1', 'dataset_produces_2', 'dataset_consumes_1_and_2', 'dataset_consumes_1_never_scheduled' retrieved from /home/pazzoti/de-upskilling/airflow-flight-price-analysis/venv/lib/python3.10/site-packages/airflow/example_dags/example_datasets.py
[2026-02-06T09:32:19.613+0200] {logging_mixin.py:188} INFO - [2026-02-06T09:32:19.613+0200] {dag.py:3036} INFO - Sync 6 DAGs
[2026-02-06T09:32:19.624+0200] {logging_mixin.py:188} INFO - [2026-02-06T09:32:19.624+0200] {dag.py:3823} INFO - Setting next_dagrun for dataset_consumes_1 to None, run_after=None
[2026-02-06T09:32:19.626+0200] {logging_mixin.py:188} INFO - [2026-02-06T09:32:19.625+0200] {dag.py:3823} INFO - Setting next_dagrun for dataset_consumes_1_and_2 to None, run_after=None
[2026-02-06T09:32:19.626+0200] {logging_mixin.py:188} INFO - [2026-02-06T09:32:19.626+0200] {dag.py:3823} INFO - Setting next_dagrun for dataset_consumes_1_never_scheduled to None, run_after=None
[2026-02-06T09:32:19.627+0200] {logging_mixin.py:188} INFO - [2026-02-06T09:32:19.626+0200] {dag.py:3823} INFO - Setting next_dagrun for dataset_consumes_unknown_never_scheduled to None, run_after=None
[2026-02-06T09:32:19.628+0200] {logging_mixin.py:188} INFO - [2026-02-06T09:32:19.628+0200] {dag.py:3823} INFO - Setting next_dagrun for dataset_produces_1 to 2026-02-05 00:00:00+00:00, run_after=2026-02-06 00:00:00+00:00
[2026-02-06T09:32:19.628+0200] {logging_mixin.py:188} INFO - [2026-02-06T09:32:19.628+0200] {dag.py:3823} INFO - Setting next_dagrun for dataset_produces_2 to None, run_after=None
[2026-02-06T09:32:19.647+0200] {processor.py:183} INFO - Processing /home/pazzoti/de-upskilling/airflow-flight-price-analysis/venv/lib/python3.10/site-packages/airflow/example_dags/example_datasets.py took 0.068 seconds
[2026-02-06T09:33:19.117+0200] {processor.py:161} INFO - Started process (PID=10324) to work on /home/pazzoti/de-upskilling/airflow-flight-price-analysis/venv/lib/python3.10/site-packages/airflow/example_dags/example_datasets.py
[2026-02-06T09:33:19.119+0200] {processor.py:830} INFO - Processing file /home/pazzoti/de-upskilling/airflow-flight-price-analysis/venv/lib/python3.10/site-packages/airflow/example_dags/example_datasets.py for tasks to queue
[2026-02-06T09:33:19.122+0200] {logging_mixin.py:188} INFO - [2026-02-06T09:33:19.121+0200] {dagbag.py:538} INFO - Filling up the DagBag from /home/pazzoti/de-upskilling/airflow-flight-price-analysis/venv/lib/python3.10/site-packages/airflow/example_dags/example_datasets.py
[2026-02-06T09:33:19.136+0200] {processor.py:840} INFO - DAG(s) 'dataset_consumes_1', 'dataset_produces_2', 'dataset_consumes_1_never_scheduled', 'dataset_produces_1', 'dataset_consumes_unknown_never_scheduled', 'dataset_consumes_1_and_2' retrieved from /home/pazzoti/de-upskilling/airflow-flight-price-analysis/venv/lib/python3.10/site-packages/airflow/example_dags/example_datasets.py
[2026-02-06T09:33:19.190+0200] {logging_mixin.py:188} INFO - [2026-02-06T09:33:19.189+0200] {dag.py:3036} INFO - Sync 6 DAGs
[2026-02-06T09:33:19.252+0200] {logging_mixin.py:188} INFO - [2026-02-06T09:33:19.252+0200] {dag.py:3823} INFO - Setting next_dagrun for dataset_consumes_1 to None, run_after=None
[2026-02-06T09:33:19.259+0200] {logging_mixin.py:188} INFO - [2026-02-06T09:33:19.258+0200] {dag.py:3823} INFO - Setting next_dagrun for dataset_consumes_1_and_2 to None, run_after=None
[2026-02-06T09:33:19.263+0200] {logging_mixin.py:188} INFO - [2026-02-06T09:33:19.262+0200] {dag.py:3823} INFO - Setting next_dagrun for dataset_consumes_1_never_scheduled to None, run_after=None
[2026-02-06T09:33:19.264+0200] {logging_mixin.py:188} INFO - [2026-02-06T09:33:19.264+0200] {dag.py:3823} INFO - Setting next_dagrun for dataset_consumes_unknown_never_scheduled to None, run_after=None
[2026-02-06T09:33:19.266+0200] {logging_mixin.py:188} INFO - [2026-02-06T09:33:19.266+0200] {dag.py:3823} INFO - Setting next_dagrun for dataset_produces_1 to 2026-02-05 00:00:00+00:00, run_after=2026-02-06 00:00:00+00:00
[2026-02-06T09:33:19.268+0200] {logging_mixin.py:188} INFO - [2026-02-06T09:33:19.268+0200] {dag.py:3823} INFO - Setting next_dagrun for dataset_produces_2 to None, run_after=None
[2026-02-06T09:33:19.326+0200] {processor.py:183} INFO - Processing /home/pazzoti/de-upskilling/airflow-flight-price-analysis/venv/lib/python3.10/site-packages/airflow/example_dags/example_datasets.py took 0.213 seconds
[2026-02-06T09:34:10.992+0200] {processor.py:161} INFO - Started process (PID=10410) to work on /home/pazzoti/de-upskilling/airflow-flight-price-analysis/venv/lib/python3.10/site-packages/airflow/example_dags/example_datasets.py
[2026-02-06T09:34:11.000+0200] {processor.py:830} INFO - Processing file /home/pazzoti/de-upskilling/airflow-flight-price-analysis/venv/lib/python3.10/site-packages/airflow/example_dags/example_datasets.py for tasks to queue
[2026-02-06T09:34:11.001+0200] {logging_mixin.py:188} INFO - [2026-02-06T09:34:11.000+0200] {dagbag.py:538} INFO - Filling up the DagBag from /home/pazzoti/de-upskilling/airflow-flight-price-analysis/venv/lib/python3.10/site-packages/airflow/example_dags/example_datasets.py
[2026-02-06T09:34:11.009+0200] {processor.py:840} INFO - DAG(s) 'dataset_consumes_unknown_never_scheduled', 'dataset_consumes_1', 'dataset_consumes_1_never_scheduled', 'dataset_produces_1', 'dataset_consumes_1_and_2', 'dataset_produces_2' retrieved from /home/pazzoti/de-upskilling/airflow-flight-price-analysis/venv/lib/python3.10/site-packages/airflow/example_dags/example_datasets.py
[2026-02-06T09:34:11.026+0200] {logging_mixin.py:188} INFO - [2026-02-06T09:34:11.026+0200] {dag.py:3036} INFO - Sync 6 DAGs
[2026-02-06T09:34:11.038+0200] {logging_mixin.py:188} INFO - [2026-02-06T09:34:11.038+0200] {dag.py:3823} INFO - Setting next_dagrun for dataset_consumes_1 to None, run_after=None
[2026-02-06T09:34:11.040+0200] {logging_mixin.py:188} INFO - [2026-02-06T09:34:11.040+0200] {dag.py:3823} INFO - Setting next_dagrun for dataset_consumes_1_and_2 to None, run_after=None
[2026-02-06T09:34:11.040+0200] {logging_mixin.py:188} INFO - [2026-02-06T09:34:11.040+0200] {dag.py:3823} INFO - Setting next_dagrun for dataset_consumes_1_never_scheduled to None, run_after=None
[2026-02-06T09:34:11.041+0200] {logging_mixin.py:188} INFO - [2026-02-06T09:34:11.041+0200] {dag.py:3823} INFO - Setting next_dagrun for dataset_consumes_unknown_never_scheduled to None, run_after=None
[2026-02-06T09:34:11.042+0200] {logging_mixin.py:188} INFO - [2026-02-06T09:34:11.042+0200] {dag.py:3823} INFO - Setting next_dagrun for dataset_produces_1 to 2026-02-05 00:00:00+00:00, run_after=2026-02-06 00:00:00+00:00
[2026-02-06T09:34:11.042+0200] {logging_mixin.py:188} INFO - [2026-02-06T09:34:11.042+0200] {dag.py:3823} INFO - Setting next_dagrun for dataset_produces_2 to None, run_after=None
[2026-02-06T09:34:11.065+0200] {processor.py:183} INFO - Processing /home/pazzoti/de-upskilling/airflow-flight-price-analysis/venv/lib/python3.10/site-packages/airflow/example_dags/example_datasets.py took 0.075 seconds
[2026-02-06T09:34:51.245+0200] {processor.py:161} INFO - Started process (PID=10476) to work on /home/pazzoti/de-upskilling/airflow-flight-price-analysis/venv/lib/python3.10/site-packages/airflow/example_dags/example_datasets.py
[2026-02-06T09:34:51.250+0200] {processor.py:830} INFO - Processing file /home/pazzoti/de-upskilling/airflow-flight-price-analysis/venv/lib/python3.10/site-packages/airflow/example_dags/example_datasets.py for tasks to queue
[2026-02-06T09:34:51.251+0200] {logging_mixin.py:188} INFO - [2026-02-06T09:34:51.251+0200] {dagbag.py:538} INFO - Filling up the DagBag from /home/pazzoti/de-upskilling/airflow-flight-price-analysis/venv/lib/python3.10/site-packages/airflow/example_dags/example_datasets.py
[2026-02-06T09:34:51.260+0200] {processor.py:840} INFO - DAG(s) 'dataset_consumes_1_and_2', 'dataset_consumes_unknown_never_scheduled', 'dataset_consumes_1_never_scheduled', 'dataset_consumes_1', 'dataset_produces_1', 'dataset_produces_2' retrieved from /home/pazzoti/de-upskilling/airflow-flight-price-analysis/venv/lib/python3.10/site-packages/airflow/example_dags/example_datasets.py
[2026-02-06T09:34:51.277+0200] {logging_mixin.py:188} INFO - [2026-02-06T09:34:51.277+0200] {dag.py:3036} INFO - Sync 6 DAGs
[2026-02-06T09:34:51.288+0200] {logging_mixin.py:188} INFO - [2026-02-06T09:34:51.287+0200] {dag.py:3823} INFO - Setting next_dagrun for dataset_consumes_1 to None, run_after=None
[2026-02-06T09:34:51.289+0200] {logging_mixin.py:188} INFO - [2026-02-06T09:34:51.289+0200] {dag.py:3823} INFO - Setting next_dagrun for dataset_consumes_1_and_2 to None, run_after=None
[2026-02-06T09:34:51.290+0200] {logging_mixin.py:188} INFO - [2026-02-06T09:34:51.290+0200] {dag.py:3823} INFO - Setting next_dagrun for dataset_consumes_1_never_scheduled to None, run_after=None
[2026-02-06T09:34:51.290+0200] {logging_mixin.py:188} INFO - [2026-02-06T09:34:51.290+0200] {dag.py:3823} INFO - Setting next_dagrun for dataset_consumes_unknown_never_scheduled to None, run_after=None
[2026-02-06T09:34:51.292+0200] {logging_mixin.py:188} INFO - [2026-02-06T09:34:51.291+0200] {dag.py:3823} INFO - Setting next_dagrun for dataset_produces_1 to 2026-02-05 00:00:00+00:00, run_after=2026-02-06 00:00:00+00:00
[2026-02-06T09:34:51.292+0200] {logging_mixin.py:188} INFO - [2026-02-06T09:34:51.292+0200] {dag.py:3823} INFO - Setting next_dagrun for dataset_produces_2 to None, run_after=None
[2026-02-06T09:34:51.312+0200] {processor.py:183} INFO - Processing /home/pazzoti/de-upskilling/airflow-flight-price-analysis/venv/lib/python3.10/site-packages/airflow/example_dags/example_datasets.py took 0.069 seconds
