[2026-02-06T09:01:05.652+0200] {processor.py:161} INFO - Started process (PID=4097) to work on /home/pazzoti/de-upskilling/airflow-flight-price-analysis/venv/lib/python3.10/site-packages/airflow/example_dags/example_short_circuit_operator.py
[2026-02-06T09:01:05.653+0200] {processor.py:830} INFO - Processing file /home/pazzoti/de-upskilling/airflow-flight-price-analysis/venv/lib/python3.10/site-packages/airflow/example_dags/example_short_circuit_operator.py for tasks to queue
[2026-02-06T09:01:05.654+0200] {logging_mixin.py:188} INFO - [2026-02-06T09:01:05.653+0200] {dagbag.py:538} INFO - Filling up the DagBag from /home/pazzoti/de-upskilling/airflow-flight-price-analysis/venv/lib/python3.10/site-packages/airflow/example_dags/example_short_circuit_operator.py
[2026-02-06T09:01:05.661+0200] {processor.py:840} INFO - DAG(s) 'example_short_circuit_operator' retrieved from /home/pazzoti/de-upskilling/airflow-flight-price-analysis/venv/lib/python3.10/site-packages/airflow/example_dags/example_short_circuit_operator.py
[2026-02-06T09:01:05.746+0200] {logging_mixin.py:188} INFO - [2026-02-06T09:01:05.746+0200] {dag.py:3036} INFO - Sync 1 DAGs
[2026-02-06T09:01:05.755+0200] {logging_mixin.py:188} INFO - [2026-02-06T09:01:05.755+0200] {dag.py:3823} INFO - Setting next_dagrun for example_short_circuit_operator to 2026-02-05 00:00:00+00:00, run_after=2026-02-06 00:00:00+00:00
[2026-02-06T09:01:05.770+0200] {processor.py:183} INFO - Processing /home/pazzoti/de-upskilling/airflow-flight-price-analysis/venv/lib/python3.10/site-packages/airflow/example_dags/example_short_circuit_operator.py took 0.119 seconds
[2026-02-06T09:01:58.155+0200] {processor.py:161} INFO - Started process (PID=4641) to work on /home/pazzoti/de-upskilling/airflow-flight-price-analysis/venv/lib/python3.10/site-packages/airflow/example_dags/example_short_circuit_operator.py
[2026-02-06T09:01:58.158+0200] {processor.py:830} INFO - Processing file /home/pazzoti/de-upskilling/airflow-flight-price-analysis/venv/lib/python3.10/site-packages/airflow/example_dags/example_short_circuit_operator.py for tasks to queue
[2026-02-06T09:01:58.159+0200] {logging_mixin.py:188} INFO - [2026-02-06T09:01:58.159+0200] {dagbag.py:538} INFO - Filling up the DagBag from /home/pazzoti/de-upskilling/airflow-flight-price-analysis/venv/lib/python3.10/site-packages/airflow/example_dags/example_short_circuit_operator.py
[2026-02-06T09:01:58.164+0200] {processor.py:840} INFO - DAG(s) 'example_short_circuit_operator' retrieved from /home/pazzoti/de-upskilling/airflow-flight-price-analysis/venv/lib/python3.10/site-packages/airflow/example_dags/example_short_circuit_operator.py
[2026-02-06T09:01:58.175+0200] {logging_mixin.py:188} INFO - [2026-02-06T09:01:58.174+0200] {dag.py:3036} INFO - Sync 1 DAGs
[2026-02-06T09:01:58.185+0200] {logging_mixin.py:188} INFO - [2026-02-06T09:01:58.185+0200] {dag.py:3823} INFO - Setting next_dagrun for example_short_circuit_operator to 2026-02-05 00:00:00+00:00, run_after=2026-02-06 00:00:00+00:00
[2026-02-06T09:01:58.200+0200] {processor.py:183} INFO - Processing /home/pazzoti/de-upskilling/airflow-flight-price-analysis/venv/lib/python3.10/site-packages/airflow/example_dags/example_short_circuit_operator.py took 0.048 seconds
[2026-02-06T09:02:37.079+0200] {processor.py:161} INFO - Started process (PID=4916) to work on /home/pazzoti/de-upskilling/airflow-flight-price-analysis/venv/lib/python3.10/site-packages/airflow/example_dags/example_short_circuit_operator.py
[2026-02-06T09:02:37.081+0200] {processor.py:830} INFO - Processing file /home/pazzoti/de-upskilling/airflow-flight-price-analysis/venv/lib/python3.10/site-packages/airflow/example_dags/example_short_circuit_operator.py for tasks to queue
[2026-02-06T09:02:37.082+0200] {logging_mixin.py:188} INFO - [2026-02-06T09:02:37.081+0200] {dagbag.py:538} INFO - Filling up the DagBag from /home/pazzoti/de-upskilling/airflow-flight-price-analysis/venv/lib/python3.10/site-packages/airflow/example_dags/example_short_circuit_operator.py
[2026-02-06T09:02:37.087+0200] {processor.py:840} INFO - DAG(s) 'example_short_circuit_operator' retrieved from /home/pazzoti/de-upskilling/airflow-flight-price-analysis/venv/lib/python3.10/site-packages/airflow/example_dags/example_short_circuit_operator.py
[2026-02-06T09:02:37.098+0200] {logging_mixin.py:188} INFO - [2026-02-06T09:02:37.098+0200] {dag.py:3036} INFO - Sync 1 DAGs
[2026-02-06T09:02:37.109+0200] {logging_mixin.py:188} INFO - [2026-02-06T09:02:37.109+0200] {dag.py:3823} INFO - Setting next_dagrun for example_short_circuit_operator to 2026-02-05 00:00:00+00:00, run_after=2026-02-06 00:00:00+00:00
[2026-02-06T09:02:37.125+0200] {processor.py:183} INFO - Processing /home/pazzoti/de-upskilling/airflow-flight-price-analysis/venv/lib/python3.10/site-packages/airflow/example_dags/example_short_circuit_operator.py took 0.047 seconds
[2026-02-06T09:03:25.745+0200] {processor.py:161} INFO - Started process (PID=5136) to work on /home/pazzoti/de-upskilling/airflow-flight-price-analysis/venv/lib/python3.10/site-packages/airflow/example_dags/example_short_circuit_operator.py
[2026-02-06T09:03:25.747+0200] {processor.py:830} INFO - Processing file /home/pazzoti/de-upskilling/airflow-flight-price-analysis/venv/lib/python3.10/site-packages/airflow/example_dags/example_short_circuit_operator.py for tasks to queue
[2026-02-06T09:03:25.748+0200] {logging_mixin.py:188} INFO - [2026-02-06T09:03:25.747+0200] {dagbag.py:538} INFO - Filling up the DagBag from /home/pazzoti/de-upskilling/airflow-flight-price-analysis/venv/lib/python3.10/site-packages/airflow/example_dags/example_short_circuit_operator.py
[2026-02-06T09:03:25.753+0200] {processor.py:840} INFO - DAG(s) 'example_short_circuit_operator' retrieved from /home/pazzoti/de-upskilling/airflow-flight-price-analysis/venv/lib/python3.10/site-packages/airflow/example_dags/example_short_circuit_operator.py
[2026-02-06T09:03:25.765+0200] {logging_mixin.py:188} INFO - [2026-02-06T09:03:25.765+0200] {dag.py:3036} INFO - Sync 1 DAGs
[2026-02-06T09:03:25.776+0200] {logging_mixin.py:188} INFO - [2026-02-06T09:03:25.776+0200] {dag.py:3823} INFO - Setting next_dagrun for example_short_circuit_operator to 2026-02-05 00:00:00+00:00, run_after=2026-02-06 00:00:00+00:00
[2026-02-06T09:03:25.793+0200] {processor.py:183} INFO - Processing /home/pazzoti/de-upskilling/airflow-flight-price-analysis/venv/lib/python3.10/site-packages/airflow/example_dags/example_short_circuit_operator.py took 0.051 seconds
[2026-02-06T09:04:00.681+0200] {processor.py:161} INFO - Started process (PID=5304) to work on /home/pazzoti/de-upskilling/airflow-flight-price-analysis/venv/lib/python3.10/site-packages/airflow/example_dags/example_short_circuit_operator.py
[2026-02-06T09:04:00.683+0200] {processor.py:830} INFO - Processing file /home/pazzoti/de-upskilling/airflow-flight-price-analysis/venv/lib/python3.10/site-packages/airflow/example_dags/example_short_circuit_operator.py for tasks to queue
[2026-02-06T09:04:00.684+0200] {logging_mixin.py:188} INFO - [2026-02-06T09:04:00.683+0200] {dagbag.py:538} INFO - Filling up the DagBag from /home/pazzoti/de-upskilling/airflow-flight-price-analysis/venv/lib/python3.10/site-packages/airflow/example_dags/example_short_circuit_operator.py
[2026-02-06T09:04:00.689+0200] {processor.py:840} INFO - DAG(s) 'example_short_circuit_operator' retrieved from /home/pazzoti/de-upskilling/airflow-flight-price-analysis/venv/lib/python3.10/site-packages/airflow/example_dags/example_short_circuit_operator.py
[2026-02-06T09:04:00.701+0200] {logging_mixin.py:188} INFO - [2026-02-06T09:04:00.701+0200] {dag.py:3036} INFO - Sync 1 DAGs
[2026-02-06T09:04:00.712+0200] {logging_mixin.py:188} INFO - [2026-02-06T09:04:00.712+0200] {dag.py:3823} INFO - Setting next_dagrun for example_short_circuit_operator to 2026-02-05 00:00:00+00:00, run_after=2026-02-06 00:00:00+00:00
[2026-02-06T09:04:00.728+0200] {processor.py:183} INFO - Processing /home/pazzoti/de-upskilling/airflow-flight-price-analysis/venv/lib/python3.10/site-packages/airflow/example_dags/example_short_circuit_operator.py took 0.049 seconds
[2026-02-06T09:04:37.910+0200] {processor.py:161} INFO - Started process (PID=5475) to work on /home/pazzoti/de-upskilling/airflow-flight-price-analysis/venv/lib/python3.10/site-packages/airflow/example_dags/example_short_circuit_operator.py
[2026-02-06T09:04:37.912+0200] {processor.py:830} INFO - Processing file /home/pazzoti/de-upskilling/airflow-flight-price-analysis/venv/lib/python3.10/site-packages/airflow/example_dags/example_short_circuit_operator.py for tasks to queue
[2026-02-06T09:04:37.912+0200] {logging_mixin.py:188} INFO - [2026-02-06T09:04:37.912+0200] {dagbag.py:538} INFO - Filling up the DagBag from /home/pazzoti/de-upskilling/airflow-flight-price-analysis/venv/lib/python3.10/site-packages/airflow/example_dags/example_short_circuit_operator.py
[2026-02-06T09:04:37.920+0200] {processor.py:840} INFO - DAG(s) 'example_short_circuit_operator' retrieved from /home/pazzoti/de-upskilling/airflow-flight-price-analysis/venv/lib/python3.10/site-packages/airflow/example_dags/example_short_circuit_operator.py
[2026-02-06T09:04:37.930+0200] {logging_mixin.py:188} INFO - [2026-02-06T09:04:37.930+0200] {dag.py:3036} INFO - Sync 1 DAGs
[2026-02-06T09:04:37.941+0200] {logging_mixin.py:188} INFO - [2026-02-06T09:04:37.941+0200] {dag.py:3823} INFO - Setting next_dagrun for example_short_circuit_operator to 2026-02-05 00:00:00+00:00, run_after=2026-02-06 00:00:00+00:00
[2026-02-06T09:04:37.959+0200] {processor.py:183} INFO - Processing /home/pazzoti/de-upskilling/airflow-flight-price-analysis/venv/lib/python3.10/site-packages/airflow/example_dags/example_short_circuit_operator.py took 0.051 seconds
[2026-02-06T09:05:15.126+0200] {processor.py:161} INFO - Started process (PID=5671) to work on /home/pazzoti/de-upskilling/airflow-flight-price-analysis/venv/lib/python3.10/site-packages/airflow/example_dags/example_short_circuit_operator.py
[2026-02-06T09:05:15.127+0200] {processor.py:830} INFO - Processing file /home/pazzoti/de-upskilling/airflow-flight-price-analysis/venv/lib/python3.10/site-packages/airflow/example_dags/example_short_circuit_operator.py for tasks to queue
[2026-02-06T09:05:15.128+0200] {logging_mixin.py:188} INFO - [2026-02-06T09:05:15.128+0200] {dagbag.py:538} INFO - Filling up the DagBag from /home/pazzoti/de-upskilling/airflow-flight-price-analysis/venv/lib/python3.10/site-packages/airflow/example_dags/example_short_circuit_operator.py
[2026-02-06T09:05:15.136+0200] {processor.py:840} INFO - DAG(s) 'example_short_circuit_operator' retrieved from /home/pazzoti/de-upskilling/airflow-flight-price-analysis/venv/lib/python3.10/site-packages/airflow/example_dags/example_short_circuit_operator.py
[2026-02-06T09:05:15.147+0200] {logging_mixin.py:188} INFO - [2026-02-06T09:05:15.147+0200] {dag.py:3036} INFO - Sync 1 DAGs
[2026-02-06T09:05:15.159+0200] {logging_mixin.py:188} INFO - [2026-02-06T09:05:15.158+0200] {dag.py:3823} INFO - Setting next_dagrun for example_short_circuit_operator to 2026-02-05 00:00:00+00:00, run_after=2026-02-06 00:00:00+00:00
[2026-02-06T09:05:15.177+0200] {processor.py:183} INFO - Processing /home/pazzoti/de-upskilling/airflow-flight-price-analysis/venv/lib/python3.10/site-packages/airflow/example_dags/example_short_circuit_operator.py took 0.054 seconds
[2026-02-06T09:05:52.288+0200] {processor.py:161} INFO - Started process (PID=5848) to work on /home/pazzoti/de-upskilling/airflow-flight-price-analysis/venv/lib/python3.10/site-packages/airflow/example_dags/example_short_circuit_operator.py
[2026-02-06T09:05:52.291+0200] {processor.py:830} INFO - Processing file /home/pazzoti/de-upskilling/airflow-flight-price-analysis/venv/lib/python3.10/site-packages/airflow/example_dags/example_short_circuit_operator.py for tasks to queue
[2026-02-06T09:05:52.291+0200] {logging_mixin.py:188} INFO - [2026-02-06T09:05:52.291+0200] {dagbag.py:538} INFO - Filling up the DagBag from /home/pazzoti/de-upskilling/airflow-flight-price-analysis/venv/lib/python3.10/site-packages/airflow/example_dags/example_short_circuit_operator.py
[2026-02-06T09:05:52.297+0200] {processor.py:840} INFO - DAG(s) 'example_short_circuit_operator' retrieved from /home/pazzoti/de-upskilling/airflow-flight-price-analysis/venv/lib/python3.10/site-packages/airflow/example_dags/example_short_circuit_operator.py
[2026-02-06T09:05:52.308+0200] {logging_mixin.py:188} INFO - [2026-02-06T09:05:52.308+0200] {dag.py:3036} INFO - Sync 1 DAGs
[2026-02-06T09:05:52.324+0200] {logging_mixin.py:188} INFO - [2026-02-06T09:05:52.324+0200] {dag.py:3823} INFO - Setting next_dagrun for example_short_circuit_operator to 2026-02-05 00:00:00+00:00, run_after=2026-02-06 00:00:00+00:00
[2026-02-06T09:05:52.341+0200] {processor.py:183} INFO - Processing /home/pazzoti/de-upskilling/airflow-flight-price-analysis/venv/lib/python3.10/site-packages/airflow/example_dags/example_short_circuit_operator.py took 0.055 seconds
[2026-02-06T09:06:27.813+0200] {processor.py:161} INFO - Started process (PID=6043) to work on /home/pazzoti/de-upskilling/airflow-flight-price-analysis/venv/lib/python3.10/site-packages/airflow/example_dags/example_short_circuit_operator.py
[2026-02-06T09:06:27.814+0200] {processor.py:830} INFO - Processing file /home/pazzoti/de-upskilling/airflow-flight-price-analysis/venv/lib/python3.10/site-packages/airflow/example_dags/example_short_circuit_operator.py for tasks to queue
[2026-02-06T09:06:27.815+0200] {logging_mixin.py:188} INFO - [2026-02-06T09:06:27.814+0200] {dagbag.py:538} INFO - Filling up the DagBag from /home/pazzoti/de-upskilling/airflow-flight-price-analysis/venv/lib/python3.10/site-packages/airflow/example_dags/example_short_circuit_operator.py
[2026-02-06T09:06:27.821+0200] {processor.py:840} INFO - DAG(s) 'example_short_circuit_operator' retrieved from /home/pazzoti/de-upskilling/airflow-flight-price-analysis/venv/lib/python3.10/site-packages/airflow/example_dags/example_short_circuit_operator.py
[2026-02-06T09:06:27.832+0200] {logging_mixin.py:188} INFO - [2026-02-06T09:06:27.832+0200] {dag.py:3036} INFO - Sync 1 DAGs
[2026-02-06T09:06:27.843+0200] {logging_mixin.py:188} INFO - [2026-02-06T09:06:27.843+0200] {dag.py:3823} INFO - Setting next_dagrun for example_short_circuit_operator to 2026-02-05 00:00:00+00:00, run_after=2026-02-06 00:00:00+00:00
[2026-02-06T09:06:27.858+0200] {processor.py:183} INFO - Processing /home/pazzoti/de-upskilling/airflow-flight-price-analysis/venv/lib/python3.10/site-packages/airflow/example_dags/example_short_circuit_operator.py took 0.048 seconds
[2026-02-06T09:07:05.293+0200] {processor.py:161} INFO - Started process (PID=6271) to work on /home/pazzoti/de-upskilling/airflow-flight-price-analysis/venv/lib/python3.10/site-packages/airflow/example_dags/example_short_circuit_operator.py
[2026-02-06T09:07:05.294+0200] {processor.py:830} INFO - Processing file /home/pazzoti/de-upskilling/airflow-flight-price-analysis/venv/lib/python3.10/site-packages/airflow/example_dags/example_short_circuit_operator.py for tasks to queue
[2026-02-06T09:07:05.295+0200] {logging_mixin.py:188} INFO - [2026-02-06T09:07:05.294+0200] {dagbag.py:538} INFO - Filling up the DagBag from /home/pazzoti/de-upskilling/airflow-flight-price-analysis/venv/lib/python3.10/site-packages/airflow/example_dags/example_short_circuit_operator.py
[2026-02-06T09:07:05.300+0200] {processor.py:840} INFO - DAG(s) 'example_short_circuit_operator' retrieved from /home/pazzoti/de-upskilling/airflow-flight-price-analysis/venv/lib/python3.10/site-packages/airflow/example_dags/example_short_circuit_operator.py
[2026-02-06T09:07:05.312+0200] {logging_mixin.py:188} INFO - [2026-02-06T09:07:05.312+0200] {dag.py:3036} INFO - Sync 1 DAGs
[2026-02-06T09:07:05.324+0200] {logging_mixin.py:188} INFO - [2026-02-06T09:07:05.324+0200] {dag.py:3823} INFO - Setting next_dagrun for example_short_circuit_operator to 2026-02-05 00:00:00+00:00, run_after=2026-02-06 00:00:00+00:00
[2026-02-06T09:07:05.343+0200] {processor.py:183} INFO - Processing /home/pazzoti/de-upskilling/airflow-flight-price-analysis/venv/lib/python3.10/site-packages/airflow/example_dags/example_short_circuit_operator.py took 0.053 seconds
[2026-02-06T09:07:41.284+0200] {processor.py:161} INFO - Started process (PID=6438) to work on /home/pazzoti/de-upskilling/airflow-flight-price-analysis/venv/lib/python3.10/site-packages/airflow/example_dags/example_short_circuit_operator.py
[2026-02-06T09:07:41.286+0200] {processor.py:830} INFO - Processing file /home/pazzoti/de-upskilling/airflow-flight-price-analysis/venv/lib/python3.10/site-packages/airflow/example_dags/example_short_circuit_operator.py for tasks to queue
[2026-02-06T09:07:41.287+0200] {logging_mixin.py:188} INFO - [2026-02-06T09:07:41.286+0200] {dagbag.py:538} INFO - Filling up the DagBag from /home/pazzoti/de-upskilling/airflow-flight-price-analysis/venv/lib/python3.10/site-packages/airflow/example_dags/example_short_circuit_operator.py
[2026-02-06T09:07:41.294+0200] {processor.py:840} INFO - DAG(s) 'example_short_circuit_operator' retrieved from /home/pazzoti/de-upskilling/airflow-flight-price-analysis/venv/lib/python3.10/site-packages/airflow/example_dags/example_short_circuit_operator.py
[2026-02-06T09:07:41.305+0200] {logging_mixin.py:188} INFO - [2026-02-06T09:07:41.305+0200] {dag.py:3036} INFO - Sync 1 DAGs
[2026-02-06T09:07:41.316+0200] {logging_mixin.py:188} INFO - [2026-02-06T09:07:41.316+0200] {dag.py:3823} INFO - Setting next_dagrun for example_short_circuit_operator to 2026-02-05 00:00:00+00:00, run_after=2026-02-06 00:00:00+00:00
[2026-02-06T09:07:41.332+0200] {processor.py:183} INFO - Processing /home/pazzoti/de-upskilling/airflow-flight-price-analysis/venv/lib/python3.10/site-packages/airflow/example_dags/example_short_circuit_operator.py took 0.050 seconds
[2026-02-06T09:08:17.549+0200] {processor.py:161} INFO - Started process (PID=6610) to work on /home/pazzoti/de-upskilling/airflow-flight-price-analysis/venv/lib/python3.10/site-packages/airflow/example_dags/example_short_circuit_operator.py
[2026-02-06T09:08:17.550+0200] {processor.py:830} INFO - Processing file /home/pazzoti/de-upskilling/airflow-flight-price-analysis/venv/lib/python3.10/site-packages/airflow/example_dags/example_short_circuit_operator.py for tasks to queue
[2026-02-06T09:08:17.551+0200] {logging_mixin.py:188} INFO - [2026-02-06T09:08:17.551+0200] {dagbag.py:538} INFO - Filling up the DagBag from /home/pazzoti/de-upskilling/airflow-flight-price-analysis/venv/lib/python3.10/site-packages/airflow/example_dags/example_short_circuit_operator.py
[2026-02-06T09:08:17.557+0200] {processor.py:840} INFO - DAG(s) 'example_short_circuit_operator' retrieved from /home/pazzoti/de-upskilling/airflow-flight-price-analysis/venv/lib/python3.10/site-packages/airflow/example_dags/example_short_circuit_operator.py
[2026-02-06T09:08:17.568+0200] {logging_mixin.py:188} INFO - [2026-02-06T09:08:17.568+0200] {dag.py:3036} INFO - Sync 1 DAGs
[2026-02-06T09:08:17.579+0200] {logging_mixin.py:188} INFO - [2026-02-06T09:08:17.579+0200] {dag.py:3823} INFO - Setting next_dagrun for example_short_circuit_operator to 2026-02-05 00:00:00+00:00, run_after=2026-02-06 00:00:00+00:00
[2026-02-06T09:08:17.595+0200] {processor.py:183} INFO - Processing /home/pazzoti/de-upskilling/airflow-flight-price-analysis/venv/lib/python3.10/site-packages/airflow/example_dags/example_short_circuit_operator.py took 0.048 seconds
[2026-02-06T09:08:54.397+0200] {processor.py:161} INFO - Started process (PID=6769) to work on /home/pazzoti/de-upskilling/airflow-flight-price-analysis/venv/lib/python3.10/site-packages/airflow/example_dags/example_short_circuit_operator.py
[2026-02-06T09:08:54.399+0200] {processor.py:830} INFO - Processing file /home/pazzoti/de-upskilling/airflow-flight-price-analysis/venv/lib/python3.10/site-packages/airflow/example_dags/example_short_circuit_operator.py for tasks to queue
[2026-02-06T09:08:54.400+0200] {logging_mixin.py:188} INFO - [2026-02-06T09:08:54.399+0200] {dagbag.py:538} INFO - Filling up the DagBag from /home/pazzoti/de-upskilling/airflow-flight-price-analysis/venv/lib/python3.10/site-packages/airflow/example_dags/example_short_circuit_operator.py
[2026-02-06T09:08:54.409+0200] {processor.py:840} INFO - DAG(s) 'example_short_circuit_operator' retrieved from /home/pazzoti/de-upskilling/airflow-flight-price-analysis/venv/lib/python3.10/site-packages/airflow/example_dags/example_short_circuit_operator.py
[2026-02-06T09:08:54.422+0200] {logging_mixin.py:188} INFO - [2026-02-06T09:08:54.422+0200] {dag.py:3036} INFO - Sync 1 DAGs
[2026-02-06T09:08:54.434+0200] {logging_mixin.py:188} INFO - [2026-02-06T09:08:54.434+0200] {dag.py:3823} INFO - Setting next_dagrun for example_short_circuit_operator to 2026-02-05 00:00:00+00:00, run_after=2026-02-06 00:00:00+00:00
[2026-02-06T09:08:54.450+0200] {processor.py:183} INFO - Processing /home/pazzoti/de-upskilling/airflow-flight-price-analysis/venv/lib/python3.10/site-packages/airflow/example_dags/example_short_circuit_operator.py took 0.058 seconds
[2026-02-06T09:09:33.105+0200] {processor.py:161} INFO - Started process (PID=6954) to work on /home/pazzoti/de-upskilling/airflow-flight-price-analysis/venv/lib/python3.10/site-packages/airflow/example_dags/example_short_circuit_operator.py
[2026-02-06T09:09:33.107+0200] {processor.py:830} INFO - Processing file /home/pazzoti/de-upskilling/airflow-flight-price-analysis/venv/lib/python3.10/site-packages/airflow/example_dags/example_short_circuit_operator.py for tasks to queue
[2026-02-06T09:09:33.107+0200] {logging_mixin.py:188} INFO - [2026-02-06T09:09:33.107+0200] {dagbag.py:538} INFO - Filling up the DagBag from /home/pazzoti/de-upskilling/airflow-flight-price-analysis/venv/lib/python3.10/site-packages/airflow/example_dags/example_short_circuit_operator.py
[2026-02-06T09:09:33.113+0200] {processor.py:840} INFO - DAG(s) 'example_short_circuit_operator' retrieved from /home/pazzoti/de-upskilling/airflow-flight-price-analysis/venv/lib/python3.10/site-packages/airflow/example_dags/example_short_circuit_operator.py
[2026-02-06T09:09:33.125+0200] {logging_mixin.py:188} INFO - [2026-02-06T09:09:33.125+0200] {dag.py:3036} INFO - Sync 1 DAGs
[2026-02-06T09:09:33.140+0200] {logging_mixin.py:188} INFO - [2026-02-06T09:09:33.140+0200] {dag.py:3823} INFO - Setting next_dagrun for example_short_circuit_operator to 2026-02-05 00:00:00+00:00, run_after=2026-02-06 00:00:00+00:00
[2026-02-06T09:09:33.169+0200] {processor.py:183} INFO - Processing /home/pazzoti/de-upskilling/airflow-flight-price-analysis/venv/lib/python3.10/site-packages/airflow/example_dags/example_short_circuit_operator.py took 0.067 seconds
[2026-02-06T09:10:55.026+0200] {processor.py:161} INFO - Started process (PID=7507) to work on /home/pazzoti/de-upskilling/airflow-flight-price-analysis/venv/lib/python3.10/site-packages/airflow/example_dags/example_short_circuit_operator.py
[2026-02-06T09:10:55.028+0200] {processor.py:830} INFO - Processing file /home/pazzoti/de-upskilling/airflow-flight-price-analysis/venv/lib/python3.10/site-packages/airflow/example_dags/example_short_circuit_operator.py for tasks to queue
[2026-02-06T09:10:55.029+0200] {logging_mixin.py:188} INFO - [2026-02-06T09:10:55.029+0200] {dagbag.py:538} INFO - Filling up the DagBag from /home/pazzoti/de-upskilling/airflow-flight-price-analysis/venv/lib/python3.10/site-packages/airflow/example_dags/example_short_circuit_operator.py
[2026-02-06T09:10:55.042+0200] {processor.py:840} INFO - DAG(s) 'example_short_circuit_operator' retrieved from /home/pazzoti/de-upskilling/airflow-flight-price-analysis/venv/lib/python3.10/site-packages/airflow/example_dags/example_short_circuit_operator.py
[2026-02-06T09:10:55.254+0200] {logging_mixin.py:188} INFO - [2026-02-06T09:10:55.254+0200] {dag.py:3036} INFO - Sync 1 DAGs
[2026-02-06T09:10:55.274+0200] {logging_mixin.py:188} INFO - [2026-02-06T09:10:55.274+0200] {dag.py:3823} INFO - Setting next_dagrun for example_short_circuit_operator to 2026-02-05 00:00:00+00:00, run_after=2026-02-06 00:00:00+00:00
[2026-02-06T09:10:55.301+0200] {processor.py:183} INFO - Processing /home/pazzoti/de-upskilling/airflow-flight-price-analysis/venv/lib/python3.10/site-packages/airflow/example_dags/example_short_circuit_operator.py took 0.279 seconds
[2026-02-06T09:12:03.729+0200] {processor.py:161} INFO - Started process (PID=8203) to work on /home/pazzoti/de-upskilling/airflow-flight-price-analysis/venv/lib/python3.10/site-packages/airflow/example_dags/example_short_circuit_operator.py
[2026-02-06T09:12:03.732+0200] {processor.py:830} INFO - Processing file /home/pazzoti/de-upskilling/airflow-flight-price-analysis/venv/lib/python3.10/site-packages/airflow/example_dags/example_short_circuit_operator.py for tasks to queue
[2026-02-06T09:12:03.732+0200] {logging_mixin.py:188} INFO - [2026-02-06T09:12:03.732+0200] {dagbag.py:538} INFO - Filling up the DagBag from /home/pazzoti/de-upskilling/airflow-flight-price-analysis/venv/lib/python3.10/site-packages/airflow/example_dags/example_short_circuit_operator.py
[2026-02-06T09:12:03.741+0200] {processor.py:840} INFO - DAG(s) 'example_short_circuit_operator' retrieved from /home/pazzoti/de-upskilling/airflow-flight-price-analysis/venv/lib/python3.10/site-packages/airflow/example_dags/example_short_circuit_operator.py
[2026-02-06T09:12:03.756+0200] {logging_mixin.py:188} INFO - [2026-02-06T09:12:03.755+0200] {dag.py:3036} INFO - Sync 1 DAGs
[2026-02-06T09:12:03.771+0200] {logging_mixin.py:188} INFO - [2026-02-06T09:12:03.771+0200] {dag.py:3823} INFO - Setting next_dagrun for example_short_circuit_operator to 2026-02-05 00:00:00+00:00, run_after=2026-02-06 00:00:00+00:00
[2026-02-06T09:12:03.791+0200] {processor.py:183} INFO - Processing /home/pazzoti/de-upskilling/airflow-flight-price-analysis/venv/lib/python3.10/site-packages/airflow/example_dags/example_short_circuit_operator.py took 0.065 seconds
[2026-02-06T09:12:51.208+0200] {processor.py:161} INFO - Started process (PID=8419) to work on /home/pazzoti/de-upskilling/airflow-flight-price-analysis/venv/lib/python3.10/site-packages/airflow/example_dags/example_short_circuit_operator.py
[2026-02-06T09:12:51.211+0200] {processor.py:830} INFO - Processing file /home/pazzoti/de-upskilling/airflow-flight-price-analysis/venv/lib/python3.10/site-packages/airflow/example_dags/example_short_circuit_operator.py for tasks to queue
[2026-02-06T09:12:51.212+0200] {logging_mixin.py:188} INFO - [2026-02-06T09:12:51.211+0200] {dagbag.py:538} INFO - Filling up the DagBag from /home/pazzoti/de-upskilling/airflow-flight-price-analysis/venv/lib/python3.10/site-packages/airflow/example_dags/example_short_circuit_operator.py
[2026-02-06T09:12:51.218+0200] {processor.py:840} INFO - DAG(s) 'example_short_circuit_operator' retrieved from /home/pazzoti/de-upskilling/airflow-flight-price-analysis/venv/lib/python3.10/site-packages/airflow/example_dags/example_short_circuit_operator.py
[2026-02-06T09:12:51.230+0200] {logging_mixin.py:188} INFO - [2026-02-06T09:12:51.230+0200] {dag.py:3036} INFO - Sync 1 DAGs
[2026-02-06T09:12:51.242+0200] {logging_mixin.py:188} INFO - [2026-02-06T09:12:51.242+0200] {dag.py:3823} INFO - Setting next_dagrun for example_short_circuit_operator to 2026-02-05 00:00:00+00:00, run_after=2026-02-06 00:00:00+00:00
[2026-02-06T09:12:51.259+0200] {processor.py:183} INFO - Processing /home/pazzoti/de-upskilling/airflow-flight-price-analysis/venv/lib/python3.10/site-packages/airflow/example_dags/example_short_circuit_operator.py took 0.054 seconds
[2026-02-06T09:13:28.229+0200] {processor.py:161} INFO - Started process (PID=8583) to work on /home/pazzoti/de-upskilling/airflow-flight-price-analysis/venv/lib/python3.10/site-packages/airflow/example_dags/example_short_circuit_operator.py
[2026-02-06T09:13:28.236+0200] {processor.py:830} INFO - Processing file /home/pazzoti/de-upskilling/airflow-flight-price-analysis/venv/lib/python3.10/site-packages/airflow/example_dags/example_short_circuit_operator.py for tasks to queue
[2026-02-06T09:13:28.237+0200] {logging_mixin.py:188} INFO - [2026-02-06T09:13:28.236+0200] {dagbag.py:538} INFO - Filling up the DagBag from /home/pazzoti/de-upskilling/airflow-flight-price-analysis/venv/lib/python3.10/site-packages/airflow/example_dags/example_short_circuit_operator.py
[2026-02-06T09:13:28.242+0200] {processor.py:840} INFO - DAG(s) 'example_short_circuit_operator' retrieved from /home/pazzoti/de-upskilling/airflow-flight-price-analysis/venv/lib/python3.10/site-packages/airflow/example_dags/example_short_circuit_operator.py
[2026-02-06T09:13:28.253+0200] {logging_mixin.py:188} INFO - [2026-02-06T09:13:28.253+0200] {dag.py:3036} INFO - Sync 1 DAGs
[2026-02-06T09:13:28.263+0200] {logging_mixin.py:188} INFO - [2026-02-06T09:13:28.263+0200] {dag.py:3823} INFO - Setting next_dagrun for example_short_circuit_operator to 2026-02-05 00:00:00+00:00, run_after=2026-02-06 00:00:00+00:00
[2026-02-06T09:13:28.281+0200] {processor.py:183} INFO - Processing /home/pazzoti/de-upskilling/airflow-flight-price-analysis/venv/lib/python3.10/site-packages/airflow/example_dags/example_short_circuit_operator.py took 0.056 seconds
[2026-02-06T09:14:05.696+0200] {processor.py:161} INFO - Started process (PID=8758) to work on /home/pazzoti/de-upskilling/airflow-flight-price-analysis/venv/lib/python3.10/site-packages/airflow/example_dags/example_short_circuit_operator.py
[2026-02-06T09:14:05.697+0200] {processor.py:830} INFO - Processing file /home/pazzoti/de-upskilling/airflow-flight-price-analysis/venv/lib/python3.10/site-packages/airflow/example_dags/example_short_circuit_operator.py for tasks to queue
[2026-02-06T09:14:05.698+0200] {logging_mixin.py:188} INFO - [2026-02-06T09:14:05.698+0200] {dagbag.py:538} INFO - Filling up the DagBag from /home/pazzoti/de-upskilling/airflow-flight-price-analysis/venv/lib/python3.10/site-packages/airflow/example_dags/example_short_circuit_operator.py
[2026-02-06T09:14:05.703+0200] {processor.py:840} INFO - DAG(s) 'example_short_circuit_operator' retrieved from /home/pazzoti/de-upskilling/airflow-flight-price-analysis/venv/lib/python3.10/site-packages/airflow/example_dags/example_short_circuit_operator.py
[2026-02-06T09:14:05.715+0200] {logging_mixin.py:188} INFO - [2026-02-06T09:14:05.714+0200] {dag.py:3036} INFO - Sync 1 DAGs
[2026-02-06T09:14:05.728+0200] {logging_mixin.py:188} INFO - [2026-02-06T09:14:05.727+0200] {dag.py:3823} INFO - Setting next_dagrun for example_short_circuit_operator to 2026-02-05 00:00:00+00:00, run_after=2026-02-06 00:00:00+00:00
[2026-02-06T09:14:05.744+0200] {processor.py:183} INFO - Processing /home/pazzoti/de-upskilling/airflow-flight-price-analysis/venv/lib/python3.10/site-packages/airflow/example_dags/example_short_circuit_operator.py took 0.050 seconds
[2026-02-06T09:14:53.946+0200] {processor.py:161} INFO - Started process (PID=8980) to work on /home/pazzoti/de-upskilling/airflow-flight-price-analysis/venv/lib/python3.10/site-packages/airflow/example_dags/example_short_circuit_operator.py
[2026-02-06T09:14:53.948+0200] {processor.py:830} INFO - Processing file /home/pazzoti/de-upskilling/airflow-flight-price-analysis/venv/lib/python3.10/site-packages/airflow/example_dags/example_short_circuit_operator.py for tasks to queue
[2026-02-06T09:14:53.949+0200] {logging_mixin.py:188} INFO - [2026-02-06T09:14:53.949+0200] {dagbag.py:538} INFO - Filling up the DagBag from /home/pazzoti/de-upskilling/airflow-flight-price-analysis/venv/lib/python3.10/site-packages/airflow/example_dags/example_short_circuit_operator.py
[2026-02-06T09:14:53.956+0200] {processor.py:840} INFO - DAG(s) 'example_short_circuit_operator' retrieved from /home/pazzoti/de-upskilling/airflow-flight-price-analysis/venv/lib/python3.10/site-packages/airflow/example_dags/example_short_circuit_operator.py
[2026-02-06T09:14:53.967+0200] {logging_mixin.py:188} INFO - [2026-02-06T09:14:53.967+0200] {dag.py:3036} INFO - Sync 1 DAGs
[2026-02-06T09:14:53.978+0200] {logging_mixin.py:188} INFO - [2026-02-06T09:14:53.978+0200] {dag.py:3823} INFO - Setting next_dagrun for example_short_circuit_operator to 2026-02-05 00:00:00+00:00, run_after=2026-02-06 00:00:00+00:00
[2026-02-06T09:14:53.994+0200] {processor.py:183} INFO - Processing /home/pazzoti/de-upskilling/airflow-flight-price-analysis/venv/lib/python3.10/site-packages/airflow/example_dags/example_short_circuit_operator.py took 0.052 seconds
[2026-02-06T09:15:32.221+0200] {processor.py:161} INFO - Started process (PID=9156) to work on /home/pazzoti/de-upskilling/airflow-flight-price-analysis/venv/lib/python3.10/site-packages/airflow/example_dags/example_short_circuit_operator.py
[2026-02-06T09:15:32.223+0200] {processor.py:830} INFO - Processing file /home/pazzoti/de-upskilling/airflow-flight-price-analysis/venv/lib/python3.10/site-packages/airflow/example_dags/example_short_circuit_operator.py for tasks to queue
[2026-02-06T09:15:32.224+0200] {logging_mixin.py:188} INFO - [2026-02-06T09:15:32.223+0200] {dagbag.py:538} INFO - Filling up the DagBag from /home/pazzoti/de-upskilling/airflow-flight-price-analysis/venv/lib/python3.10/site-packages/airflow/example_dags/example_short_circuit_operator.py
[2026-02-06T09:15:32.231+0200] {processor.py:840} INFO - DAG(s) 'example_short_circuit_operator' retrieved from /home/pazzoti/de-upskilling/airflow-flight-price-analysis/venv/lib/python3.10/site-packages/airflow/example_dags/example_short_circuit_operator.py
[2026-02-06T09:15:32.243+0200] {logging_mixin.py:188} INFO - [2026-02-06T09:15:32.242+0200] {dag.py:3036} INFO - Sync 1 DAGs
[2026-02-06T09:15:32.255+0200] {logging_mixin.py:188} INFO - [2026-02-06T09:15:32.255+0200] {dag.py:3823} INFO - Setting next_dagrun for example_short_circuit_operator to 2026-02-05 00:00:00+00:00, run_after=2026-02-06 00:00:00+00:00
[2026-02-06T09:15:32.272+0200] {processor.py:183} INFO - Processing /home/pazzoti/de-upskilling/airflow-flight-price-analysis/venv/lib/python3.10/site-packages/airflow/example_dags/example_short_circuit_operator.py took 0.055 seconds
[2026-02-06T09:16:05.331+0200] {processor.py:161} INFO - Started process (PID=9329) to work on /home/pazzoti/de-upskilling/airflow-flight-price-analysis/venv/lib/python3.10/site-packages/airflow/example_dags/example_short_circuit_operator.py
[2026-02-06T09:16:05.335+0200] {processor.py:830} INFO - Processing file /home/pazzoti/de-upskilling/airflow-flight-price-analysis/venv/lib/python3.10/site-packages/airflow/example_dags/example_short_circuit_operator.py for tasks to queue
[2026-02-06T09:16:05.336+0200] {logging_mixin.py:188} INFO - [2026-02-06T09:16:05.335+0200] {dagbag.py:538} INFO - Filling up the DagBag from /home/pazzoti/de-upskilling/airflow-flight-price-analysis/venv/lib/python3.10/site-packages/airflow/example_dags/example_short_circuit_operator.py
[2026-02-06T09:16:05.344+0200] {processor.py:840} INFO - DAG(s) 'example_short_circuit_operator' retrieved from /home/pazzoti/de-upskilling/airflow-flight-price-analysis/venv/lib/python3.10/site-packages/airflow/example_dags/example_short_circuit_operator.py
[2026-02-06T09:16:05.354+0200] {logging_mixin.py:188} INFO - [2026-02-06T09:16:05.354+0200] {dag.py:3036} INFO - Sync 1 DAGs
[2026-02-06T09:16:05.365+0200] {logging_mixin.py:188} INFO - [2026-02-06T09:16:05.365+0200] {dag.py:3823} INFO - Setting next_dagrun for example_short_circuit_operator to 2026-02-05 00:00:00+00:00, run_after=2026-02-06 00:00:00+00:00
[2026-02-06T09:16:05.382+0200] {processor.py:183} INFO - Processing /home/pazzoti/de-upskilling/airflow-flight-price-analysis/venv/lib/python3.10/site-packages/airflow/example_dags/example_short_circuit_operator.py took 0.054 seconds
[2026-02-06T09:16:40.892+0200] {processor.py:161} INFO - Started process (PID=9500) to work on /home/pazzoti/de-upskilling/airflow-flight-price-analysis/venv/lib/python3.10/site-packages/airflow/example_dags/example_short_circuit_operator.py
[2026-02-06T09:16:40.897+0200] {processor.py:830} INFO - Processing file /home/pazzoti/de-upskilling/airflow-flight-price-analysis/venv/lib/python3.10/site-packages/airflow/example_dags/example_short_circuit_operator.py for tasks to queue
[2026-02-06T09:16:40.898+0200] {logging_mixin.py:188} INFO - [2026-02-06T09:16:40.897+0200] {dagbag.py:538} INFO - Filling up the DagBag from /home/pazzoti/de-upskilling/airflow-flight-price-analysis/venv/lib/python3.10/site-packages/airflow/example_dags/example_short_circuit_operator.py
[2026-02-06T09:16:40.905+0200] {processor.py:840} INFO - DAG(s) 'example_short_circuit_operator' retrieved from /home/pazzoti/de-upskilling/airflow-flight-price-analysis/venv/lib/python3.10/site-packages/airflow/example_dags/example_short_circuit_operator.py
[2026-02-06T09:16:40.918+0200] {logging_mixin.py:188} INFO - [2026-02-06T09:16:40.917+0200] {dag.py:3036} INFO - Sync 1 DAGs
[2026-02-06T09:16:40.928+0200] {logging_mixin.py:188} INFO - [2026-02-06T09:16:40.928+0200] {dag.py:3823} INFO - Setting next_dagrun for example_short_circuit_operator to 2026-02-05 00:00:00+00:00, run_after=2026-02-06 00:00:00+00:00
[2026-02-06T09:16:40.943+0200] {processor.py:183} INFO - Processing /home/pazzoti/de-upskilling/airflow-flight-price-analysis/venv/lib/python3.10/site-packages/airflow/example_dags/example_short_circuit_operator.py took 0.054 seconds
[2026-02-06T09:17:16.674+0200] {processor.py:161} INFO - Started process (PID=9668) to work on /home/pazzoti/de-upskilling/airflow-flight-price-analysis/venv/lib/python3.10/site-packages/airflow/example_dags/example_short_circuit_operator.py
[2026-02-06T09:17:16.676+0200] {processor.py:830} INFO - Processing file /home/pazzoti/de-upskilling/airflow-flight-price-analysis/venv/lib/python3.10/site-packages/airflow/example_dags/example_short_circuit_operator.py for tasks to queue
[2026-02-06T09:17:16.676+0200] {logging_mixin.py:188} INFO - [2026-02-06T09:17:16.676+0200] {dagbag.py:538} INFO - Filling up the DagBag from /home/pazzoti/de-upskilling/airflow-flight-price-analysis/venv/lib/python3.10/site-packages/airflow/example_dags/example_short_circuit_operator.py
[2026-02-06T09:17:16.681+0200] {processor.py:840} INFO - DAG(s) 'example_short_circuit_operator' retrieved from /home/pazzoti/de-upskilling/airflow-flight-price-analysis/venv/lib/python3.10/site-packages/airflow/example_dags/example_short_circuit_operator.py
[2026-02-06T09:17:16.692+0200] {logging_mixin.py:188} INFO - [2026-02-06T09:17:16.692+0200] {dag.py:3036} INFO - Sync 1 DAGs
[2026-02-06T09:17:16.704+0200] {logging_mixin.py:188} INFO - [2026-02-06T09:17:16.704+0200] {dag.py:3823} INFO - Setting next_dagrun for example_short_circuit_operator to 2026-02-05 00:00:00+00:00, run_after=2026-02-06 00:00:00+00:00
[2026-02-06T09:17:16.721+0200] {processor.py:183} INFO - Processing /home/pazzoti/de-upskilling/airflow-flight-price-analysis/venv/lib/python3.10/site-packages/airflow/example_dags/example_short_circuit_operator.py took 0.049 seconds
[2026-02-06T09:29:14.075+0200] {processor.py:161} INFO - Started process (PID=9871) to work on /home/pazzoti/de-upskilling/airflow-flight-price-analysis/venv/lib/python3.10/site-packages/airflow/example_dags/example_short_circuit_operator.py
[2026-02-06T09:29:14.078+0200] {processor.py:830} INFO - Processing file /home/pazzoti/de-upskilling/airflow-flight-price-analysis/venv/lib/python3.10/site-packages/airflow/example_dags/example_short_circuit_operator.py for tasks to queue
[2026-02-06T09:29:14.080+0200] {logging_mixin.py:188} INFO - [2026-02-06T09:29:14.079+0200] {dagbag.py:538} INFO - Filling up the DagBag from /home/pazzoti/de-upskilling/airflow-flight-price-analysis/venv/lib/python3.10/site-packages/airflow/example_dags/example_short_circuit_operator.py
[2026-02-06T09:29:14.093+0200] {processor.py:840} INFO - DAG(s) 'example_short_circuit_operator' retrieved from /home/pazzoti/de-upskilling/airflow-flight-price-analysis/venv/lib/python3.10/site-packages/airflow/example_dags/example_short_circuit_operator.py
[2026-02-06T09:29:14.114+0200] {logging_mixin.py:188} INFO - [2026-02-06T09:29:14.113+0200] {dag.py:3036} INFO - Sync 1 DAGs
[2026-02-06T09:29:14.127+0200] {logging_mixin.py:188} INFO - [2026-02-06T09:29:14.127+0200] {dag.py:3823} INFO - Setting next_dagrun for example_short_circuit_operator to 2026-02-05 00:00:00+00:00, run_after=2026-02-06 00:00:00+00:00
[2026-02-06T09:29:14.155+0200] {processor.py:183} INFO - Processing /home/pazzoti/de-upskilling/airflow-flight-price-analysis/venv/lib/python3.10/site-packages/airflow/example_dags/example_short_circuit_operator.py took 0.085 seconds
[2026-02-06T09:29:57.281+0200] {processor.py:161} INFO - Started process (PID=9951) to work on /home/pazzoti/de-upskilling/airflow-flight-price-analysis/venv/lib/python3.10/site-packages/airflow/example_dags/example_short_circuit_operator.py
[2026-02-06T09:29:57.282+0200] {processor.py:830} INFO - Processing file /home/pazzoti/de-upskilling/airflow-flight-price-analysis/venv/lib/python3.10/site-packages/airflow/example_dags/example_short_circuit_operator.py for tasks to queue
[2026-02-06T09:29:57.288+0200] {logging_mixin.py:188} INFO - [2026-02-06T09:29:57.287+0200] {dagbag.py:538} INFO - Filling up the DagBag from /home/pazzoti/de-upskilling/airflow-flight-price-analysis/venv/lib/python3.10/site-packages/airflow/example_dags/example_short_circuit_operator.py
[2026-02-06T09:29:57.306+0200] {processor.py:840} INFO - DAG(s) 'example_short_circuit_operator' retrieved from /home/pazzoti/de-upskilling/airflow-flight-price-analysis/venv/lib/python3.10/site-packages/airflow/example_dags/example_short_circuit_operator.py
[2026-02-06T09:29:57.325+0200] {logging_mixin.py:188} INFO - [2026-02-06T09:29:57.325+0200] {dag.py:3036} INFO - Sync 1 DAGs
[2026-02-06T09:29:57.347+0200] {logging_mixin.py:188} INFO - [2026-02-06T09:29:57.346+0200] {dag.py:3823} INFO - Setting next_dagrun for example_short_circuit_operator to 2026-02-05 00:00:00+00:00, run_after=2026-02-06 00:00:00+00:00
[2026-02-06T09:29:57.369+0200] {processor.py:183} INFO - Processing /home/pazzoti/de-upskilling/airflow-flight-price-analysis/venv/lib/python3.10/site-packages/airflow/example_dags/example_short_circuit_operator.py took 0.092 seconds
[2026-02-06T09:30:40.293+0200] {processor.py:161} INFO - Started process (PID=10018) to work on /home/pazzoti/de-upskilling/airflow-flight-price-analysis/venv/lib/python3.10/site-packages/airflow/example_dags/example_short_circuit_operator.py
[2026-02-06T09:30:40.294+0200] {processor.py:830} INFO - Processing file /home/pazzoti/de-upskilling/airflow-flight-price-analysis/venv/lib/python3.10/site-packages/airflow/example_dags/example_short_circuit_operator.py for tasks to queue
[2026-02-06T09:30:40.295+0200] {logging_mixin.py:188} INFO - [2026-02-06T09:30:40.295+0200] {dagbag.py:538} INFO - Filling up the DagBag from /home/pazzoti/de-upskilling/airflow-flight-price-analysis/venv/lib/python3.10/site-packages/airflow/example_dags/example_short_circuit_operator.py
[2026-02-06T09:30:40.302+0200] {processor.py:840} INFO - DAG(s) 'example_short_circuit_operator' retrieved from /home/pazzoti/de-upskilling/airflow-flight-price-analysis/venv/lib/python3.10/site-packages/airflow/example_dags/example_short_circuit_operator.py
[2026-02-06T09:30:40.316+0200] {logging_mixin.py:188} INFO - [2026-02-06T09:30:40.316+0200] {dag.py:3036} INFO - Sync 1 DAGs
[2026-02-06T09:30:40.335+0200] {logging_mixin.py:188} INFO - [2026-02-06T09:30:40.335+0200] {dag.py:3823} INFO - Setting next_dagrun for example_short_circuit_operator to 2026-02-05 00:00:00+00:00, run_after=2026-02-06 00:00:00+00:00
[2026-02-06T09:30:40.360+0200] {processor.py:183} INFO - Processing /home/pazzoti/de-upskilling/airflow-flight-price-analysis/venv/lib/python3.10/site-packages/airflow/example_dags/example_short_circuit_operator.py took 0.070 seconds
[2026-02-06T09:31:21.542+0200] {processor.py:161} INFO - Started process (PID=10089) to work on /home/pazzoti/de-upskilling/airflow-flight-price-analysis/venv/lib/python3.10/site-packages/airflow/example_dags/example_short_circuit_operator.py
[2026-02-06T09:31:21.549+0200] {processor.py:830} INFO - Processing file /home/pazzoti/de-upskilling/airflow-flight-price-analysis/venv/lib/python3.10/site-packages/airflow/example_dags/example_short_circuit_operator.py for tasks to queue
[2026-02-06T09:31:21.550+0200] {logging_mixin.py:188} INFO - [2026-02-06T09:31:21.549+0200] {dagbag.py:538} INFO - Filling up the DagBag from /home/pazzoti/de-upskilling/airflow-flight-price-analysis/venv/lib/python3.10/site-packages/airflow/example_dags/example_short_circuit_operator.py
[2026-02-06T09:31:21.555+0200] {processor.py:840} INFO - DAG(s) 'example_short_circuit_operator' retrieved from /home/pazzoti/de-upskilling/airflow-flight-price-analysis/venv/lib/python3.10/site-packages/airflow/example_dags/example_short_circuit_operator.py
[2026-02-06T09:31:21.566+0200] {logging_mixin.py:188} INFO - [2026-02-06T09:31:21.566+0200] {dag.py:3036} INFO - Sync 1 DAGs
[2026-02-06T09:31:21.579+0200] {logging_mixin.py:188} INFO - [2026-02-06T09:31:21.579+0200] {dag.py:3823} INFO - Setting next_dagrun for example_short_circuit_operator to 2026-02-05 00:00:00+00:00, run_after=2026-02-06 00:00:00+00:00
[2026-02-06T09:31:21.596+0200] {processor.py:183} INFO - Processing /home/pazzoti/de-upskilling/airflow-flight-price-analysis/venv/lib/python3.10/site-packages/airflow/example_dags/example_short_circuit_operator.py took 0.057 seconds
[2026-02-06T09:31:58.717+0200] {processor.py:161} INFO - Started process (PID=10165) to work on /home/pazzoti/de-upskilling/airflow-flight-price-analysis/venv/lib/python3.10/site-packages/airflow/example_dags/example_short_circuit_operator.py
[2026-02-06T09:31:58.722+0200] {processor.py:830} INFO - Processing file /home/pazzoti/de-upskilling/airflow-flight-price-analysis/venv/lib/python3.10/site-packages/airflow/example_dags/example_short_circuit_operator.py for tasks to queue
[2026-02-06T09:31:58.723+0200] {logging_mixin.py:188} INFO - [2026-02-06T09:31:58.722+0200] {dagbag.py:538} INFO - Filling up the DagBag from /home/pazzoti/de-upskilling/airflow-flight-price-analysis/venv/lib/python3.10/site-packages/airflow/example_dags/example_short_circuit_operator.py
[2026-02-06T09:31:58.730+0200] {processor.py:840} INFO - DAG(s) 'example_short_circuit_operator' retrieved from /home/pazzoti/de-upskilling/airflow-flight-price-analysis/venv/lib/python3.10/site-packages/airflow/example_dags/example_short_circuit_operator.py
[2026-02-06T09:31:58.741+0200] {logging_mixin.py:188} INFO - [2026-02-06T09:31:58.741+0200] {dag.py:3036} INFO - Sync 1 DAGs
[2026-02-06T09:31:58.753+0200] {logging_mixin.py:188} INFO - [2026-02-06T09:31:58.753+0200] {dag.py:3823} INFO - Setting next_dagrun for example_short_circuit_operator to 2026-02-05 00:00:00+00:00, run_after=2026-02-06 00:00:00+00:00
[2026-02-06T09:31:58.768+0200] {processor.py:183} INFO - Processing /home/pazzoti/de-upskilling/airflow-flight-price-analysis/venv/lib/python3.10/site-packages/airflow/example_dags/example_short_circuit_operator.py took 0.053 seconds
[2026-02-06T09:32:35.474+0200] {processor.py:161} INFO - Started process (PID=10251) to work on /home/pazzoti/de-upskilling/airflow-flight-price-analysis/venv/lib/python3.10/site-packages/airflow/example_dags/example_short_circuit_operator.py
[2026-02-06T09:32:35.478+0200] {processor.py:830} INFO - Processing file /home/pazzoti/de-upskilling/airflow-flight-price-analysis/venv/lib/python3.10/site-packages/airflow/example_dags/example_short_circuit_operator.py for tasks to queue
[2026-02-06T09:32:35.479+0200] {logging_mixin.py:188} INFO - [2026-02-06T09:32:35.479+0200] {dagbag.py:538} INFO - Filling up the DagBag from /home/pazzoti/de-upskilling/airflow-flight-price-analysis/venv/lib/python3.10/site-packages/airflow/example_dags/example_short_circuit_operator.py
[2026-02-06T09:32:35.486+0200] {processor.py:840} INFO - DAG(s) 'example_short_circuit_operator' retrieved from /home/pazzoti/de-upskilling/airflow-flight-price-analysis/venv/lib/python3.10/site-packages/airflow/example_dags/example_short_circuit_operator.py
[2026-02-06T09:32:35.496+0200] {logging_mixin.py:188} INFO - [2026-02-06T09:32:35.496+0200] {dag.py:3036} INFO - Sync 1 DAGs
[2026-02-06T09:32:35.507+0200] {logging_mixin.py:188} INFO - [2026-02-06T09:32:35.507+0200] {dag.py:3823} INFO - Setting next_dagrun for example_short_circuit_operator to 2026-02-05 00:00:00+00:00, run_after=2026-02-06 00:00:00+00:00
[2026-02-06T09:32:35.522+0200] {processor.py:183} INFO - Processing /home/pazzoti/de-upskilling/airflow-flight-price-analysis/venv/lib/python3.10/site-packages/airflow/example_dags/example_short_circuit_operator.py took 0.051 seconds
[2026-02-06T09:33:17.482+0200] {processor.py:161} INFO - Started process (PID=10322) to work on /home/pazzoti/de-upskilling/airflow-flight-price-analysis/venv/lib/python3.10/site-packages/airflow/example_dags/example_short_circuit_operator.py
[2026-02-06T09:33:17.485+0200] {processor.py:830} INFO - Processing file /home/pazzoti/de-upskilling/airflow-flight-price-analysis/venv/lib/python3.10/site-packages/airflow/example_dags/example_short_circuit_operator.py for tasks to queue
[2026-02-06T09:33:17.488+0200] {logging_mixin.py:188} INFO - [2026-02-06T09:33:17.486+0200] {dagbag.py:538} INFO - Filling up the DagBag from /home/pazzoti/de-upskilling/airflow-flight-price-analysis/venv/lib/python3.10/site-packages/airflow/example_dags/example_short_circuit_operator.py
[2026-02-06T09:33:17.522+0200] {processor.py:840} INFO - DAG(s) 'example_short_circuit_operator' retrieved from /home/pazzoti/de-upskilling/airflow-flight-price-analysis/venv/lib/python3.10/site-packages/airflow/example_dags/example_short_circuit_operator.py
[2026-02-06T09:33:17.575+0200] {logging_mixin.py:188} INFO - [2026-02-06T09:33:17.574+0200] {dag.py:3036} INFO - Sync 1 DAGs
[2026-02-06T09:33:17.670+0200] {logging_mixin.py:188} INFO - [2026-02-06T09:33:17.669+0200] {dag.py:3823} INFO - Setting next_dagrun for example_short_circuit_operator to 2026-02-05 00:00:00+00:00, run_after=2026-02-06 00:00:00+00:00
[2026-02-06T09:33:17.759+0200] {processor.py:183} INFO - Processing /home/pazzoti/de-upskilling/airflow-flight-price-analysis/venv/lib/python3.10/site-packages/airflow/example_dags/example_short_circuit_operator.py took 0.293 seconds
[2026-02-06T09:34:08.916+0200] {processor.py:161} INFO - Started process (PID=10408) to work on /home/pazzoti/de-upskilling/airflow-flight-price-analysis/venv/lib/python3.10/site-packages/airflow/example_dags/example_short_circuit_operator.py
[2026-02-06T09:34:08.917+0200] {processor.py:830} INFO - Processing file /home/pazzoti/de-upskilling/airflow-flight-price-analysis/venv/lib/python3.10/site-packages/airflow/example_dags/example_short_circuit_operator.py for tasks to queue
[2026-02-06T09:34:08.918+0200] {logging_mixin.py:188} INFO - [2026-02-06T09:34:08.918+0200] {dagbag.py:538} INFO - Filling up the DagBag from /home/pazzoti/de-upskilling/airflow-flight-price-analysis/venv/lib/python3.10/site-packages/airflow/example_dags/example_short_circuit_operator.py
[2026-02-06T09:34:08.923+0200] {processor.py:840} INFO - DAG(s) 'example_short_circuit_operator' retrieved from /home/pazzoti/de-upskilling/airflow-flight-price-analysis/venv/lib/python3.10/site-packages/airflow/example_dags/example_short_circuit_operator.py
[2026-02-06T09:34:08.934+0200] {logging_mixin.py:188} INFO - [2026-02-06T09:34:08.934+0200] {dag.py:3036} INFO - Sync 1 DAGs
[2026-02-06T09:34:08.946+0200] {logging_mixin.py:188} INFO - [2026-02-06T09:34:08.946+0200] {dag.py:3823} INFO - Setting next_dagrun for example_short_circuit_operator to 2026-02-05 00:00:00+00:00, run_after=2026-02-06 00:00:00+00:00
[2026-02-06T09:34:08.962+0200] {processor.py:183} INFO - Processing /home/pazzoti/de-upskilling/airflow-flight-price-analysis/venv/lib/python3.10/site-packages/airflow/example_dags/example_short_circuit_operator.py took 0.049 seconds
[2026-02-06T09:34:49.188+0200] {processor.py:161} INFO - Started process (PID=10474) to work on /home/pazzoti/de-upskilling/airflow-flight-price-analysis/venv/lib/python3.10/site-packages/airflow/example_dags/example_short_circuit_operator.py
[2026-02-06T09:34:49.195+0200] {processor.py:830} INFO - Processing file /home/pazzoti/de-upskilling/airflow-flight-price-analysis/venv/lib/python3.10/site-packages/airflow/example_dags/example_short_circuit_operator.py for tasks to queue
[2026-02-06T09:34:49.196+0200] {logging_mixin.py:188} INFO - [2026-02-06T09:34:49.196+0200] {dagbag.py:538} INFO - Filling up the DagBag from /home/pazzoti/de-upskilling/airflow-flight-price-analysis/venv/lib/python3.10/site-packages/airflow/example_dags/example_short_circuit_operator.py
[2026-02-06T09:34:49.202+0200] {processor.py:840} INFO - DAG(s) 'example_short_circuit_operator' retrieved from /home/pazzoti/de-upskilling/airflow-flight-price-analysis/venv/lib/python3.10/site-packages/airflow/example_dags/example_short_circuit_operator.py
[2026-02-06T09:34:49.213+0200] {logging_mixin.py:188} INFO - [2026-02-06T09:34:49.213+0200] {dag.py:3036} INFO - Sync 1 DAGs
[2026-02-06T09:34:49.226+0200] {logging_mixin.py:188} INFO - [2026-02-06T09:34:49.225+0200] {dag.py:3823} INFO - Setting next_dagrun for example_short_circuit_operator to 2026-02-05 00:00:00+00:00, run_after=2026-02-06 00:00:00+00:00
[2026-02-06T09:34:49.242+0200] {processor.py:183} INFO - Processing /home/pazzoti/de-upskilling/airflow-flight-price-analysis/venv/lib/python3.10/site-packages/airflow/example_dags/example_short_circuit_operator.py took 0.056 seconds
