[2026-02-06T09:01:18.814+0200] {processor.py:161} INFO - Started process (PID=4185) to work on /home/pazzoti/de-upskilling/airflow-flight-price-analysis/venv/lib/python3.10/site-packages/airflow/example_dags/example_short_circuit_decorator.py
[2026-02-06T09:01:18.815+0200] {processor.py:830} INFO - Processing file /home/pazzoti/de-upskilling/airflow-flight-price-analysis/venv/lib/python3.10/site-packages/airflow/example_dags/example_short_circuit_decorator.py for tasks to queue
[2026-02-06T09:01:18.816+0200] {logging_mixin.py:188} INFO - [2026-02-06T09:01:18.815+0200] {dagbag.py:538} INFO - Filling up the DagBag from /home/pazzoti/de-upskilling/airflow-flight-price-analysis/venv/lib/python3.10/site-packages/airflow/example_dags/example_short_circuit_decorator.py
[2026-02-06T09:01:18.892+0200] {processor.py:840} INFO - DAG(s) 'example_short_circuit_decorator' retrieved from /home/pazzoti/de-upskilling/airflow-flight-price-analysis/venv/lib/python3.10/site-packages/airflow/example_dags/example_short_circuit_decorator.py
[2026-02-06T09:01:18.904+0200] {logging_mixin.py:188} INFO - [2026-02-06T09:01:18.904+0200] {dag.py:3036} INFO - Sync 1 DAGs
[2026-02-06T09:01:18.913+0200] {logging_mixin.py:188} INFO - [2026-02-06T09:01:18.913+0200] {dag.py:3823} INFO - Setting next_dagrun for example_short_circuit_decorator to 2026-02-05 00:00:00+00:00, run_after=2026-02-06 00:00:00+00:00
[2026-02-06T09:01:18.926+0200] {processor.py:183} INFO - Processing /home/pazzoti/de-upskilling/airflow-flight-price-analysis/venv/lib/python3.10/site-packages/airflow/example_dags/example_short_circuit_decorator.py took 0.116 seconds
[2026-02-06T09:02:11.384+0200] {processor.py:161} INFO - Started process (PID=4772) to work on /home/pazzoti/de-upskilling/airflow-flight-price-analysis/venv/lib/python3.10/site-packages/airflow/example_dags/example_short_circuit_decorator.py
[2026-02-06T09:02:11.385+0200] {processor.py:830} INFO - Processing file /home/pazzoti/de-upskilling/airflow-flight-price-analysis/venv/lib/python3.10/site-packages/airflow/example_dags/example_short_circuit_decorator.py for tasks to queue
[2026-02-06T09:02:11.386+0200] {logging_mixin.py:188} INFO - [2026-02-06T09:02:11.386+0200] {dagbag.py:538} INFO - Filling up the DagBag from /home/pazzoti/de-upskilling/airflow-flight-price-analysis/venv/lib/python3.10/site-packages/airflow/example_dags/example_short_circuit_decorator.py
[2026-02-06T09:02:11.393+0200] {processor.py:840} INFO - DAG(s) 'example_short_circuit_decorator' retrieved from /home/pazzoti/de-upskilling/airflow-flight-price-analysis/venv/lib/python3.10/site-packages/airflow/example_dags/example_short_circuit_decorator.py
[2026-02-06T09:02:11.404+0200] {logging_mixin.py:188} INFO - [2026-02-06T09:02:11.404+0200] {dag.py:3036} INFO - Sync 1 DAGs
[2026-02-06T09:02:11.417+0200] {logging_mixin.py:188} INFO - [2026-02-06T09:02:11.417+0200] {dag.py:3823} INFO - Setting next_dagrun for example_short_circuit_decorator to 2026-02-05 00:00:00+00:00, run_after=2026-02-06 00:00:00+00:00
[2026-02-06T09:02:11.435+0200] {processor.py:183} INFO - Processing /home/pazzoti/de-upskilling/airflow-flight-price-analysis/venv/lib/python3.10/site-packages/airflow/example_dags/example_short_circuit_decorator.py took 0.054 seconds
[2026-02-06T09:02:57.661+0200] {processor.py:161} INFO - Started process (PID=5010) to work on /home/pazzoti/de-upskilling/airflow-flight-price-analysis/venv/lib/python3.10/site-packages/airflow/example_dags/example_short_circuit_decorator.py
[2026-02-06T09:02:57.667+0200] {processor.py:830} INFO - Processing file /home/pazzoti/de-upskilling/airflow-flight-price-analysis/venv/lib/python3.10/site-packages/airflow/example_dags/example_short_circuit_decorator.py for tasks to queue
[2026-02-06T09:02:57.668+0200] {logging_mixin.py:188} INFO - [2026-02-06T09:02:57.668+0200] {dagbag.py:538} INFO - Filling up the DagBag from /home/pazzoti/de-upskilling/airflow-flight-price-analysis/venv/lib/python3.10/site-packages/airflow/example_dags/example_short_circuit_decorator.py
[2026-02-06T09:02:57.674+0200] {processor.py:840} INFO - DAG(s) 'example_short_circuit_decorator' retrieved from /home/pazzoti/de-upskilling/airflow-flight-price-analysis/venv/lib/python3.10/site-packages/airflow/example_dags/example_short_circuit_decorator.py
[2026-02-06T09:02:57.684+0200] {logging_mixin.py:188} INFO - [2026-02-06T09:02:57.684+0200] {dag.py:3036} INFO - Sync 1 DAGs
[2026-02-06T09:02:57.694+0200] {logging_mixin.py:188} INFO - [2026-02-06T09:02:57.694+0200] {dag.py:3823} INFO - Setting next_dagrun for example_short_circuit_decorator to 2026-02-05 00:00:00+00:00, run_after=2026-02-06 00:00:00+00:00
[2026-02-06T09:02:57.710+0200] {processor.py:183} INFO - Processing /home/pazzoti/de-upskilling/airflow-flight-price-analysis/venv/lib/python3.10/site-packages/airflow/example_dags/example_short_circuit_decorator.py took 0.051 seconds
[2026-02-06T09:03:47.122+0200] {processor.py:161} INFO - Started process (PID=5246) to work on /home/pazzoti/de-upskilling/airflow-flight-price-analysis/venv/lib/python3.10/site-packages/airflow/example_dags/example_short_circuit_decorator.py
[2026-02-06T09:03:47.124+0200] {processor.py:830} INFO - Processing file /home/pazzoti/de-upskilling/airflow-flight-price-analysis/venv/lib/python3.10/site-packages/airflow/example_dags/example_short_circuit_decorator.py for tasks to queue
[2026-02-06T09:03:47.125+0200] {logging_mixin.py:188} INFO - [2026-02-06T09:03:47.125+0200] {dagbag.py:538} INFO - Filling up the DagBag from /home/pazzoti/de-upskilling/airflow-flight-price-analysis/venv/lib/python3.10/site-packages/airflow/example_dags/example_short_circuit_decorator.py
[2026-02-06T09:03:47.132+0200] {processor.py:840} INFO - DAG(s) 'example_short_circuit_decorator' retrieved from /home/pazzoti/de-upskilling/airflow-flight-price-analysis/venv/lib/python3.10/site-packages/airflow/example_dags/example_short_circuit_decorator.py
[2026-02-06T09:03:47.151+0200] {logging_mixin.py:188} INFO - [2026-02-06T09:03:47.151+0200] {dag.py:3036} INFO - Sync 1 DAGs
[2026-02-06T09:03:47.171+0200] {logging_mixin.py:188} INFO - [2026-02-06T09:03:47.171+0200] {dag.py:3823} INFO - Setting next_dagrun for example_short_circuit_decorator to 2026-02-05 00:00:00+00:00, run_after=2026-02-06 00:00:00+00:00
[2026-02-06T09:03:47.198+0200] {processor.py:183} INFO - Processing /home/pazzoti/de-upskilling/airflow-flight-price-analysis/venv/lib/python3.10/site-packages/airflow/example_dags/example_short_circuit_decorator.py took 0.079 seconds
[2026-02-06T09:04:41.224+0200] {processor.py:161} INFO - Started process (PID=5491) to work on /home/pazzoti/de-upskilling/airflow-flight-price-analysis/venv/lib/python3.10/site-packages/airflow/example_dags/example_short_circuit_decorator.py
[2026-02-06T09:04:41.228+0200] {processor.py:830} INFO - Processing file /home/pazzoti/de-upskilling/airflow-flight-price-analysis/venv/lib/python3.10/site-packages/airflow/example_dags/example_short_circuit_decorator.py for tasks to queue
[2026-02-06T09:04:41.228+0200] {logging_mixin.py:188} INFO - [2026-02-06T09:04:41.228+0200] {dagbag.py:538} INFO - Filling up the DagBag from /home/pazzoti/de-upskilling/airflow-flight-price-analysis/venv/lib/python3.10/site-packages/airflow/example_dags/example_short_circuit_decorator.py
[2026-02-06T09:04:41.235+0200] {processor.py:840} INFO - DAG(s) 'example_short_circuit_decorator' retrieved from /home/pazzoti/de-upskilling/airflow-flight-price-analysis/venv/lib/python3.10/site-packages/airflow/example_dags/example_short_circuit_decorator.py
[2026-02-06T09:04:41.245+0200] {logging_mixin.py:188} INFO - [2026-02-06T09:04:41.245+0200] {dag.py:3036} INFO - Sync 1 DAGs
[2026-02-06T09:04:41.256+0200] {logging_mixin.py:188} INFO - [2026-02-06T09:04:41.255+0200] {dag.py:3823} INFO - Setting next_dagrun for example_short_circuit_decorator to 2026-02-05 00:00:00+00:00, run_after=2026-02-06 00:00:00+00:00
[2026-02-06T09:04:41.274+0200] {processor.py:183} INFO - Processing /home/pazzoti/de-upskilling/airflow-flight-price-analysis/venv/lib/python3.10/site-packages/airflow/example_dags/example_short_circuit_decorator.py took 0.052 seconds
[2026-02-06T09:05:21.862+0200] {processor.py:161} INFO - Started process (PID=5696) to work on /home/pazzoti/de-upskilling/airflow-flight-price-analysis/venv/lib/python3.10/site-packages/airflow/example_dags/example_short_circuit_decorator.py
[2026-02-06T09:05:21.864+0200] {processor.py:830} INFO - Processing file /home/pazzoti/de-upskilling/airflow-flight-price-analysis/venv/lib/python3.10/site-packages/airflow/example_dags/example_short_circuit_decorator.py for tasks to queue
[2026-02-06T09:05:21.865+0200] {logging_mixin.py:188} INFO - [2026-02-06T09:05:21.864+0200] {dagbag.py:538} INFO - Filling up the DagBag from /home/pazzoti/de-upskilling/airflow-flight-price-analysis/venv/lib/python3.10/site-packages/airflow/example_dags/example_short_circuit_decorator.py
[2026-02-06T09:05:21.872+0200] {processor.py:840} INFO - DAG(s) 'example_short_circuit_decorator' retrieved from /home/pazzoti/de-upskilling/airflow-flight-price-analysis/venv/lib/python3.10/site-packages/airflow/example_dags/example_short_circuit_decorator.py
[2026-02-06T09:05:21.883+0200] {logging_mixin.py:188} INFO - [2026-02-06T09:05:21.883+0200] {dag.py:3036} INFO - Sync 1 DAGs
[2026-02-06T09:05:21.903+0200] {logging_mixin.py:188} INFO - [2026-02-06T09:05:21.903+0200] {dag.py:3823} INFO - Setting next_dagrun for example_short_circuit_decorator to 2026-02-05 00:00:00+00:00, run_after=2026-02-06 00:00:00+00:00
[2026-02-06T09:05:21.920+0200] {processor.py:183} INFO - Processing /home/pazzoti/de-upskilling/airflow-flight-price-analysis/venv/lib/python3.10/site-packages/airflow/example_dags/example_short_circuit_decorator.py took 0.061 seconds
[2026-02-06T09:06:16.479+0200] {processor.py:161} INFO - Started process (PID=5985) to work on /home/pazzoti/de-upskilling/airflow-flight-price-analysis/venv/lib/python3.10/site-packages/airflow/example_dags/example_short_circuit_decorator.py
[2026-02-06T09:06:16.481+0200] {processor.py:830} INFO - Processing file /home/pazzoti/de-upskilling/airflow-flight-price-analysis/venv/lib/python3.10/site-packages/airflow/example_dags/example_short_circuit_decorator.py for tasks to queue
[2026-02-06T09:06:16.482+0200] {logging_mixin.py:188} INFO - [2026-02-06T09:06:16.481+0200] {dagbag.py:538} INFO - Filling up the DagBag from /home/pazzoti/de-upskilling/airflow-flight-price-analysis/venv/lib/python3.10/site-packages/airflow/example_dags/example_short_circuit_decorator.py
[2026-02-06T09:06:16.495+0200] {processor.py:840} INFO - DAG(s) 'example_short_circuit_decorator' retrieved from /home/pazzoti/de-upskilling/airflow-flight-price-analysis/venv/lib/python3.10/site-packages/airflow/example_dags/example_short_circuit_decorator.py
[2026-02-06T09:06:16.507+0200] {logging_mixin.py:188} INFO - [2026-02-06T09:06:16.507+0200] {dag.py:3036} INFO - Sync 1 DAGs
[2026-02-06T09:06:16.518+0200] {logging_mixin.py:188} INFO - [2026-02-06T09:06:16.518+0200] {dag.py:3823} INFO - Setting next_dagrun for example_short_circuit_decorator to 2026-02-05 00:00:00+00:00, run_after=2026-02-06 00:00:00+00:00
[2026-02-06T09:06:16.535+0200] {processor.py:183} INFO - Processing /home/pazzoti/de-upskilling/airflow-flight-price-analysis/venv/lib/python3.10/site-packages/airflow/example_dags/example_short_circuit_decorator.py took 0.060 seconds
[2026-02-06T09:07:12.701+0200] {processor.py:161} INFO - Started process (PID=6298) to work on /home/pazzoti/de-upskilling/airflow-flight-price-analysis/venv/lib/python3.10/site-packages/airflow/example_dags/example_short_circuit_decorator.py
[2026-02-06T09:07:12.702+0200] {processor.py:830} INFO - Processing file /home/pazzoti/de-upskilling/airflow-flight-price-analysis/venv/lib/python3.10/site-packages/airflow/example_dags/example_short_circuit_decorator.py for tasks to queue
[2026-02-06T09:07:12.703+0200] {logging_mixin.py:188} INFO - [2026-02-06T09:07:12.702+0200] {dagbag.py:538} INFO - Filling up the DagBag from /home/pazzoti/de-upskilling/airflow-flight-price-analysis/venv/lib/python3.10/site-packages/airflow/example_dags/example_short_circuit_decorator.py
[2026-02-06T09:07:12.711+0200] {processor.py:840} INFO - DAG(s) 'example_short_circuit_decorator' retrieved from /home/pazzoti/de-upskilling/airflow-flight-price-analysis/venv/lib/python3.10/site-packages/airflow/example_dags/example_short_circuit_decorator.py
[2026-02-06T09:07:12.724+0200] {logging_mixin.py:188} INFO - [2026-02-06T09:07:12.724+0200] {dag.py:3036} INFO - Sync 1 DAGs
[2026-02-06T09:07:12.736+0200] {logging_mixin.py:188} INFO - [2026-02-06T09:07:12.736+0200] {dag.py:3823} INFO - Setting next_dagrun for example_short_circuit_decorator to 2026-02-05 00:00:00+00:00, run_after=2026-02-06 00:00:00+00:00
[2026-02-06T09:07:12.758+0200] {processor.py:183} INFO - Processing /home/pazzoti/de-upskilling/airflow-flight-price-analysis/venv/lib/python3.10/site-packages/airflow/example_dags/example_short_circuit_decorator.py took 0.060 seconds
[2026-02-06T09:08:05.849+0200] {processor.py:161} INFO - Started process (PID=6549) to work on /home/pazzoti/de-upskilling/airflow-flight-price-analysis/venv/lib/python3.10/site-packages/airflow/example_dags/example_short_circuit_decorator.py
[2026-02-06T09:08:05.850+0200] {processor.py:830} INFO - Processing file /home/pazzoti/de-upskilling/airflow-flight-price-analysis/venv/lib/python3.10/site-packages/airflow/example_dags/example_short_circuit_decorator.py for tasks to queue
[2026-02-06T09:08:05.851+0200] {logging_mixin.py:188} INFO - [2026-02-06T09:08:05.851+0200] {dagbag.py:538} INFO - Filling up the DagBag from /home/pazzoti/de-upskilling/airflow-flight-price-analysis/venv/lib/python3.10/site-packages/airflow/example_dags/example_short_circuit_decorator.py
[2026-02-06T09:08:05.858+0200] {processor.py:840} INFO - DAG(s) 'example_short_circuit_decorator' retrieved from /home/pazzoti/de-upskilling/airflow-flight-price-analysis/venv/lib/python3.10/site-packages/airflow/example_dags/example_short_circuit_decorator.py
[2026-02-06T09:08:05.869+0200] {logging_mixin.py:188} INFO - [2026-02-06T09:08:05.869+0200] {dag.py:3036} INFO - Sync 1 DAGs
[2026-02-06T09:08:05.882+0200] {logging_mixin.py:188} INFO - [2026-02-06T09:08:05.882+0200] {dag.py:3823} INFO - Setting next_dagrun for example_short_circuit_decorator to 2026-02-05 00:00:00+00:00, run_after=2026-02-06 00:00:00+00:00
[2026-02-06T09:08:05.898+0200] {processor.py:183} INFO - Processing /home/pazzoti/de-upskilling/airflow-flight-price-analysis/venv/lib/python3.10/site-packages/airflow/example_dags/example_short_circuit_decorator.py took 0.052 seconds
[2026-02-06T09:09:02.384+0200] {processor.py:161} INFO - Started process (PID=6801) to work on /home/pazzoti/de-upskilling/airflow-flight-price-analysis/venv/lib/python3.10/site-packages/airflow/example_dags/example_short_circuit_decorator.py
[2026-02-06T09:09:02.385+0200] {processor.py:830} INFO - Processing file /home/pazzoti/de-upskilling/airflow-flight-price-analysis/venv/lib/python3.10/site-packages/airflow/example_dags/example_short_circuit_decorator.py for tasks to queue
[2026-02-06T09:09:02.387+0200] {logging_mixin.py:188} INFO - [2026-02-06T09:09:02.386+0200] {dagbag.py:538} INFO - Filling up the DagBag from /home/pazzoti/de-upskilling/airflow-flight-price-analysis/venv/lib/python3.10/site-packages/airflow/example_dags/example_short_circuit_decorator.py
[2026-02-06T09:09:02.395+0200] {processor.py:840} INFO - DAG(s) 'example_short_circuit_decorator' retrieved from /home/pazzoti/de-upskilling/airflow-flight-price-analysis/venv/lib/python3.10/site-packages/airflow/example_dags/example_short_circuit_decorator.py
[2026-02-06T09:09:02.407+0200] {logging_mixin.py:188} INFO - [2026-02-06T09:09:02.407+0200] {dag.py:3036} INFO - Sync 1 DAGs
[2026-02-06T09:09:02.418+0200] {logging_mixin.py:188} INFO - [2026-02-06T09:09:02.418+0200] {dag.py:3823} INFO - Setting next_dagrun for example_short_circuit_decorator to 2026-02-05 00:00:00+00:00, run_after=2026-02-06 00:00:00+00:00
[2026-02-06T09:09:02.436+0200] {processor.py:183} INFO - Processing /home/pazzoti/de-upskilling/airflow-flight-price-analysis/venv/lib/python3.10/site-packages/airflow/example_dags/example_short_circuit_decorator.py took 0.055 seconds
[2026-02-06T09:11:15.515+0200] {processor.py:161} INFO - Started process (PID=7693) to work on /home/pazzoti/de-upskilling/airflow-flight-price-analysis/venv/lib/python3.10/site-packages/airflow/example_dags/example_short_circuit_decorator.py
[2026-02-06T09:11:15.524+0200] {processor.py:830} INFO - Processing file /home/pazzoti/de-upskilling/airflow-flight-price-analysis/venv/lib/python3.10/site-packages/airflow/example_dags/example_short_circuit_decorator.py for tasks to queue
[2026-02-06T09:11:15.526+0200] {logging_mixin.py:188} INFO - [2026-02-06T09:11:15.525+0200] {dagbag.py:538} INFO - Filling up the DagBag from /home/pazzoti/de-upskilling/airflow-flight-price-analysis/venv/lib/python3.10/site-packages/airflow/example_dags/example_short_circuit_decorator.py
[2026-02-06T09:11:15.689+0200] {processor.py:840} INFO - DAG(s) 'example_short_circuit_decorator' retrieved from /home/pazzoti/de-upskilling/airflow-flight-price-analysis/venv/lib/python3.10/site-packages/airflow/example_dags/example_short_circuit_decorator.py
[2026-02-06T09:11:15.730+0200] {logging_mixin.py:188} INFO - [2026-02-06T09:11:15.729+0200] {dag.py:3036} INFO - Sync 1 DAGs
[2026-02-06T09:11:15.764+0200] {logging_mixin.py:188} INFO - [2026-02-06T09:11:15.763+0200] {dag.py:3823} INFO - Setting next_dagrun for example_short_circuit_decorator to 2026-02-05 00:00:00+00:00, run_after=2026-02-06 00:00:00+00:00
[2026-02-06T09:11:15.809+0200] {processor.py:183} INFO - Processing /home/pazzoti/de-upskilling/airflow-flight-price-analysis/venv/lib/python3.10/site-packages/airflow/example_dags/example_short_circuit_decorator.py took 0.301 seconds
[2026-02-06T09:12:16.319+0200] {processor.py:161} INFO - Started process (PID=8254) to work on /home/pazzoti/de-upskilling/airflow-flight-price-analysis/venv/lib/python3.10/site-packages/airflow/example_dags/example_short_circuit_decorator.py
[2026-02-06T09:12:16.322+0200] {processor.py:830} INFO - Processing file /home/pazzoti/de-upskilling/airflow-flight-price-analysis/venv/lib/python3.10/site-packages/airflow/example_dags/example_short_circuit_decorator.py for tasks to queue
[2026-02-06T09:12:16.324+0200] {logging_mixin.py:188} INFO - [2026-02-06T09:12:16.323+0200] {dagbag.py:538} INFO - Filling up the DagBag from /home/pazzoti/de-upskilling/airflow-flight-price-analysis/venv/lib/python3.10/site-packages/airflow/example_dags/example_short_circuit_decorator.py
[2026-02-06T09:12:16.341+0200] {processor.py:840} INFO - DAG(s) 'example_short_circuit_decorator' retrieved from /home/pazzoti/de-upskilling/airflow-flight-price-analysis/venv/lib/python3.10/site-packages/airflow/example_dags/example_short_circuit_decorator.py
[2026-02-06T09:12:16.359+0200] {logging_mixin.py:188} INFO - [2026-02-06T09:12:16.358+0200] {dag.py:3036} INFO - Sync 1 DAGs
[2026-02-06T09:12:16.370+0200] {logging_mixin.py:188} INFO - [2026-02-06T09:12:16.369+0200] {dag.py:3823} INFO - Setting next_dagrun for example_short_circuit_decorator to 2026-02-05 00:00:00+00:00, run_after=2026-02-06 00:00:00+00:00
[2026-02-06T09:12:16.387+0200] {processor.py:183} INFO - Processing /home/pazzoti/de-upskilling/airflow-flight-price-analysis/venv/lib/python3.10/site-packages/airflow/example_dags/example_short_circuit_decorator.py took 0.075 seconds
[2026-02-06T09:13:04.918+0200] {processor.py:161} INFO - Started process (PID=8476) to work on /home/pazzoti/de-upskilling/airflow-flight-price-analysis/venv/lib/python3.10/site-packages/airflow/example_dags/example_short_circuit_decorator.py
[2026-02-06T09:13:04.920+0200] {processor.py:830} INFO - Processing file /home/pazzoti/de-upskilling/airflow-flight-price-analysis/venv/lib/python3.10/site-packages/airflow/example_dags/example_short_circuit_decorator.py for tasks to queue
[2026-02-06T09:13:04.920+0200] {logging_mixin.py:188} INFO - [2026-02-06T09:13:04.920+0200] {dagbag.py:538} INFO - Filling up the DagBag from /home/pazzoti/de-upskilling/airflow-flight-price-analysis/venv/lib/python3.10/site-packages/airflow/example_dags/example_short_circuit_decorator.py
[2026-02-06T09:13:04.926+0200] {processor.py:840} INFO - DAG(s) 'example_short_circuit_decorator' retrieved from /home/pazzoti/de-upskilling/airflow-flight-price-analysis/venv/lib/python3.10/site-packages/airflow/example_dags/example_short_circuit_decorator.py
[2026-02-06T09:13:04.936+0200] {logging_mixin.py:188} INFO - [2026-02-06T09:13:04.936+0200] {dag.py:3036} INFO - Sync 1 DAGs
[2026-02-06T09:13:04.946+0200] {logging_mixin.py:188} INFO - [2026-02-06T09:13:04.946+0200] {dag.py:3823} INFO - Setting next_dagrun for example_short_circuit_decorator to 2026-02-05 00:00:00+00:00, run_after=2026-02-06 00:00:00+00:00
[2026-02-06T09:13:04.963+0200] {processor.py:183} INFO - Processing /home/pazzoti/de-upskilling/airflow-flight-price-analysis/venv/lib/python3.10/site-packages/airflow/example_dags/example_short_circuit_decorator.py took 0.047 seconds
[2026-02-06T09:13:51.962+0200] {processor.py:161} INFO - Started process (PID=8689) to work on /home/pazzoti/de-upskilling/airflow-flight-price-analysis/venv/lib/python3.10/site-packages/airflow/example_dags/example_short_circuit_decorator.py
[2026-02-06T09:13:51.964+0200] {processor.py:830} INFO - Processing file /home/pazzoti/de-upskilling/airflow-flight-price-analysis/venv/lib/python3.10/site-packages/airflow/example_dags/example_short_circuit_decorator.py for tasks to queue
[2026-02-06T09:13:51.964+0200] {logging_mixin.py:188} INFO - [2026-02-06T09:13:51.964+0200] {dagbag.py:538} INFO - Filling up the DagBag from /home/pazzoti/de-upskilling/airflow-flight-price-analysis/venv/lib/python3.10/site-packages/airflow/example_dags/example_short_circuit_decorator.py
[2026-02-06T09:13:51.972+0200] {processor.py:840} INFO - DAG(s) 'example_short_circuit_decorator' retrieved from /home/pazzoti/de-upskilling/airflow-flight-price-analysis/venv/lib/python3.10/site-packages/airflow/example_dags/example_short_circuit_decorator.py
[2026-02-06T09:13:51.984+0200] {logging_mixin.py:188} INFO - [2026-02-06T09:13:51.984+0200] {dag.py:3036} INFO - Sync 1 DAGs
[2026-02-06T09:13:51.998+0200] {logging_mixin.py:188} INFO - [2026-02-06T09:13:51.997+0200] {dag.py:3823} INFO - Setting next_dagrun for example_short_circuit_decorator to 2026-02-05 00:00:00+00:00, run_after=2026-02-06 00:00:00+00:00
[2026-02-06T09:13:52.013+0200] {processor.py:183} INFO - Processing /home/pazzoti/de-upskilling/airflow-flight-price-analysis/venv/lib/python3.10/site-packages/airflow/example_dags/example_short_circuit_decorator.py took 0.053 seconds
[2026-02-06T09:14:44.907+0200] {processor.py:161} INFO - Started process (PID=8938) to work on /home/pazzoti/de-upskilling/airflow-flight-price-analysis/venv/lib/python3.10/site-packages/airflow/example_dags/example_short_circuit_decorator.py
[2026-02-06T09:14:44.913+0200] {processor.py:830} INFO - Processing file /home/pazzoti/de-upskilling/airflow-flight-price-analysis/venv/lib/python3.10/site-packages/airflow/example_dags/example_short_circuit_decorator.py for tasks to queue
[2026-02-06T09:14:44.917+0200] {logging_mixin.py:188} INFO - [2026-02-06T09:14:44.914+0200] {dagbag.py:538} INFO - Filling up the DagBag from /home/pazzoti/de-upskilling/airflow-flight-price-analysis/venv/lib/python3.10/site-packages/airflow/example_dags/example_short_circuit_decorator.py
[2026-02-06T09:14:44.937+0200] {processor.py:840} INFO - DAG(s) 'example_short_circuit_decorator' retrieved from /home/pazzoti/de-upskilling/airflow-flight-price-analysis/venv/lib/python3.10/site-packages/airflow/example_dags/example_short_circuit_decorator.py
[2026-02-06T09:14:44.955+0200] {logging_mixin.py:188} INFO - [2026-02-06T09:14:44.954+0200] {dag.py:3036} INFO - Sync 1 DAGs
[2026-02-06T09:14:44.981+0200] {logging_mixin.py:188} INFO - [2026-02-06T09:14:44.981+0200] {dag.py:3823} INFO - Setting next_dagrun for example_short_circuit_decorator to 2026-02-05 00:00:00+00:00, run_after=2026-02-06 00:00:00+00:00
[2026-02-06T09:14:45.028+0200] {processor.py:183} INFO - Processing /home/pazzoti/de-upskilling/airflow-flight-price-analysis/venv/lib/python3.10/site-packages/airflow/example_dags/example_short_circuit_decorator.py took 0.124 seconds
[2026-02-06T09:15:40.224+0200] {processor.py:161} INFO - Started process (PID=9189) to work on /home/pazzoti/de-upskilling/airflow-flight-price-analysis/venv/lib/python3.10/site-packages/airflow/example_dags/example_short_circuit_decorator.py
[2026-02-06T09:15:40.226+0200] {processor.py:830} INFO - Processing file /home/pazzoti/de-upskilling/airflow-flight-price-analysis/venv/lib/python3.10/site-packages/airflow/example_dags/example_short_circuit_decorator.py for tasks to queue
[2026-02-06T09:15:40.227+0200] {logging_mixin.py:188} INFO - [2026-02-06T09:15:40.226+0200] {dagbag.py:538} INFO - Filling up the DagBag from /home/pazzoti/de-upskilling/airflow-flight-price-analysis/venv/lib/python3.10/site-packages/airflow/example_dags/example_short_circuit_decorator.py
[2026-02-06T09:15:40.238+0200] {processor.py:840} INFO - DAG(s) 'example_short_circuit_decorator' retrieved from /home/pazzoti/de-upskilling/airflow-flight-price-analysis/venv/lib/python3.10/site-packages/airflow/example_dags/example_short_circuit_decorator.py
[2026-02-06T09:15:40.255+0200] {logging_mixin.py:188} INFO - [2026-02-06T09:15:40.255+0200] {dag.py:3036} INFO - Sync 1 DAGs
[2026-02-06T09:15:40.270+0200] {logging_mixin.py:188} INFO - [2026-02-06T09:15:40.269+0200] {dag.py:3823} INFO - Setting next_dagrun for example_short_circuit_decorator to 2026-02-05 00:00:00+00:00, run_after=2026-02-06 00:00:00+00:00
[2026-02-06T09:15:40.285+0200] {processor.py:183} INFO - Processing /home/pazzoti/de-upskilling/airflow-flight-price-analysis/venv/lib/python3.10/site-packages/airflow/example_dags/example_short_circuit_decorator.py took 0.064 seconds
[2026-02-06T09:16:30.355+0200] {processor.py:161} INFO - Started process (PID=9456) to work on /home/pazzoti/de-upskilling/airflow-flight-price-analysis/venv/lib/python3.10/site-packages/airflow/example_dags/example_short_circuit_decorator.py
[2026-02-06T09:16:30.362+0200] {processor.py:830} INFO - Processing file /home/pazzoti/de-upskilling/airflow-flight-price-analysis/venv/lib/python3.10/site-packages/airflow/example_dags/example_short_circuit_decorator.py for tasks to queue
[2026-02-06T09:16:30.363+0200] {logging_mixin.py:188} INFO - [2026-02-06T09:16:30.362+0200] {dagbag.py:538} INFO - Filling up the DagBag from /home/pazzoti/de-upskilling/airflow-flight-price-analysis/venv/lib/python3.10/site-packages/airflow/example_dags/example_short_circuit_decorator.py
[2026-02-06T09:16:30.369+0200] {processor.py:840} INFO - DAG(s) 'example_short_circuit_decorator' retrieved from /home/pazzoti/de-upskilling/airflow-flight-price-analysis/venv/lib/python3.10/site-packages/airflow/example_dags/example_short_circuit_decorator.py
[2026-02-06T09:16:30.378+0200] {logging_mixin.py:188} INFO - [2026-02-06T09:16:30.378+0200] {dag.py:3036} INFO - Sync 1 DAGs
[2026-02-06T09:16:30.388+0200] {logging_mixin.py:188} INFO - [2026-02-06T09:16:30.388+0200] {dag.py:3823} INFO - Setting next_dagrun for example_short_circuit_decorator to 2026-02-05 00:00:00+00:00, run_after=2026-02-06 00:00:00+00:00
[2026-02-06T09:16:30.402+0200] {processor.py:183} INFO - Processing /home/pazzoti/de-upskilling/airflow-flight-price-analysis/venv/lib/python3.10/site-packages/airflow/example_dags/example_short_circuit_decorator.py took 0.052 seconds
[2026-02-06T09:17:23.563+0200] {processor.py:161} INFO - Started process (PID=9722) to work on /home/pazzoti/de-upskilling/airflow-flight-price-analysis/venv/lib/python3.10/site-packages/airflow/example_dags/example_short_circuit_decorator.py
[2026-02-06T09:17:23.565+0200] {processor.py:830} INFO - Processing file /home/pazzoti/de-upskilling/airflow-flight-price-analysis/venv/lib/python3.10/site-packages/airflow/example_dags/example_short_circuit_decorator.py for tasks to queue
[2026-02-06T09:17:23.565+0200] {logging_mixin.py:188} INFO - [2026-02-06T09:17:23.565+0200] {dagbag.py:538} INFO - Filling up the DagBag from /home/pazzoti/de-upskilling/airflow-flight-price-analysis/venv/lib/python3.10/site-packages/airflow/example_dags/example_short_circuit_decorator.py
[2026-02-06T09:17:23.576+0200] {processor.py:840} INFO - DAG(s) 'example_short_circuit_decorator' retrieved from /home/pazzoti/de-upskilling/airflow-flight-price-analysis/venv/lib/python3.10/site-packages/airflow/example_dags/example_short_circuit_decorator.py
[2026-02-06T09:17:23.589+0200] {logging_mixin.py:188} INFO - [2026-02-06T09:17:23.589+0200] {dag.py:3036} INFO - Sync 1 DAGs
[2026-02-06T09:17:23.603+0200] {logging_mixin.py:188} INFO - [2026-02-06T09:17:23.603+0200] {dag.py:3823} INFO - Setting next_dagrun for example_short_circuit_decorator to 2026-02-05 00:00:00+00:00, run_after=2026-02-06 00:00:00+00:00
[2026-02-06T09:17:23.622+0200] {processor.py:183} INFO - Processing /home/pazzoti/de-upskilling/airflow-flight-price-analysis/venv/lib/python3.10/site-packages/airflow/example_dags/example_short_circuit_decorator.py took 0.061 seconds
[2026-02-06T09:29:27.748+0200] {processor.py:161} INFO - Started process (PID=9893) to work on /home/pazzoti/de-upskilling/airflow-flight-price-analysis/venv/lib/python3.10/site-packages/airflow/example_dags/example_short_circuit_decorator.py
[2026-02-06T09:29:27.752+0200] {processor.py:830} INFO - Processing file /home/pazzoti/de-upskilling/airflow-flight-price-analysis/venv/lib/python3.10/site-packages/airflow/example_dags/example_short_circuit_decorator.py for tasks to queue
[2026-02-06T09:29:27.753+0200] {logging_mixin.py:188} INFO - [2026-02-06T09:29:27.752+0200] {dagbag.py:538} INFO - Filling up the DagBag from /home/pazzoti/de-upskilling/airflow-flight-price-analysis/venv/lib/python3.10/site-packages/airflow/example_dags/example_short_circuit_decorator.py
[2026-02-06T09:29:27.763+0200] {processor.py:840} INFO - DAG(s) 'example_short_circuit_decorator' retrieved from /home/pazzoti/de-upskilling/airflow-flight-price-analysis/venv/lib/python3.10/site-packages/airflow/example_dags/example_short_circuit_decorator.py
[2026-02-06T09:29:27.777+0200] {logging_mixin.py:188} INFO - [2026-02-06T09:29:27.777+0200] {dag.py:3036} INFO - Sync 1 DAGs
[2026-02-06T09:29:27.788+0200] {logging_mixin.py:188} INFO - [2026-02-06T09:29:27.788+0200] {dag.py:3823} INFO - Setting next_dagrun for example_short_circuit_decorator to 2026-02-05 00:00:00+00:00, run_after=2026-02-06 00:00:00+00:00
[2026-02-06T09:29:27.808+0200] {processor.py:183} INFO - Processing /home/pazzoti/de-upskilling/airflow-flight-price-analysis/venv/lib/python3.10/site-packages/airflow/example_dags/example_short_circuit_decorator.py took 0.063 seconds
[2026-02-06T09:30:18.832+0200] {processor.py:161} INFO - Started process (PID=9980) to work on /home/pazzoti/de-upskilling/airflow-flight-price-analysis/venv/lib/python3.10/site-packages/airflow/example_dags/example_short_circuit_decorator.py
[2026-02-06T09:30:18.834+0200] {processor.py:830} INFO - Processing file /home/pazzoti/de-upskilling/airflow-flight-price-analysis/venv/lib/python3.10/site-packages/airflow/example_dags/example_short_circuit_decorator.py for tasks to queue
[2026-02-06T09:30:18.834+0200] {logging_mixin.py:188} INFO - [2026-02-06T09:30:18.834+0200] {dagbag.py:538} INFO - Filling up the DagBag from /home/pazzoti/de-upskilling/airflow-flight-price-analysis/venv/lib/python3.10/site-packages/airflow/example_dags/example_short_circuit_decorator.py
[2026-02-06T09:30:18.843+0200] {processor.py:840} INFO - DAG(s) 'example_short_circuit_decorator' retrieved from /home/pazzoti/de-upskilling/airflow-flight-price-analysis/venv/lib/python3.10/site-packages/airflow/example_dags/example_short_circuit_decorator.py
[2026-02-06T09:30:18.854+0200] {logging_mixin.py:188} INFO - [2026-02-06T09:30:18.854+0200] {dag.py:3036} INFO - Sync 1 DAGs
[2026-02-06T09:30:18.865+0200] {logging_mixin.py:188} INFO - [2026-02-06T09:30:18.865+0200] {dag.py:3823} INFO - Setting next_dagrun for example_short_circuit_decorator to 2026-02-05 00:00:00+00:00, run_after=2026-02-06 00:00:00+00:00
[2026-02-06T09:30:18.888+0200] {processor.py:183} INFO - Processing /home/pazzoti/de-upskilling/airflow-flight-price-analysis/venv/lib/python3.10/site-packages/airflow/example_dags/example_short_circuit_decorator.py took 0.058 seconds
[2026-02-06T09:31:01.396+0200] {processor.py:161} INFO - Started process (PID=10052) to work on /home/pazzoti/de-upskilling/airflow-flight-price-analysis/venv/lib/python3.10/site-packages/airflow/example_dags/example_short_circuit_decorator.py
[2026-02-06T09:31:01.400+0200] {processor.py:830} INFO - Processing file /home/pazzoti/de-upskilling/airflow-flight-price-analysis/venv/lib/python3.10/site-packages/airflow/example_dags/example_short_circuit_decorator.py for tasks to queue
[2026-02-06T09:31:01.400+0200] {logging_mixin.py:188} INFO - [2026-02-06T09:31:01.400+0200] {dagbag.py:538} INFO - Filling up the DagBag from /home/pazzoti/de-upskilling/airflow-flight-price-analysis/venv/lib/python3.10/site-packages/airflow/example_dags/example_short_circuit_decorator.py
[2026-02-06T09:31:01.407+0200] {processor.py:840} INFO - DAG(s) 'example_short_circuit_decorator' retrieved from /home/pazzoti/de-upskilling/airflow-flight-price-analysis/venv/lib/python3.10/site-packages/airflow/example_dags/example_short_circuit_decorator.py
[2026-02-06T09:31:01.416+0200] {logging_mixin.py:188} INFO - [2026-02-06T09:31:01.416+0200] {dag.py:3036} INFO - Sync 1 DAGs
[2026-02-06T09:31:01.428+0200] {logging_mixin.py:188} INFO - [2026-02-06T09:31:01.428+0200] {dag.py:3823} INFO - Setting next_dagrun for example_short_circuit_decorator to 2026-02-05 00:00:00+00:00, run_after=2026-02-06 00:00:00+00:00
[2026-02-06T09:31:01.444+0200] {processor.py:183} INFO - Processing /home/pazzoti/de-upskilling/airflow-flight-price-analysis/venv/lib/python3.10/site-packages/airflow/example_dags/example_short_circuit_decorator.py took 0.050 seconds
[2026-02-06T09:31:41.116+0200] {processor.py:161} INFO - Started process (PID=10118) to work on /home/pazzoti/de-upskilling/airflow-flight-price-analysis/venv/lib/python3.10/site-packages/airflow/example_dags/example_short_circuit_decorator.py
[2026-02-06T09:31:41.121+0200] {processor.py:830} INFO - Processing file /home/pazzoti/de-upskilling/airflow-flight-price-analysis/venv/lib/python3.10/site-packages/airflow/example_dags/example_short_circuit_decorator.py for tasks to queue
[2026-02-06T09:31:41.122+0200] {logging_mixin.py:188} INFO - [2026-02-06T09:31:41.121+0200] {dagbag.py:538} INFO - Filling up the DagBag from /home/pazzoti/de-upskilling/airflow-flight-price-analysis/venv/lib/python3.10/site-packages/airflow/example_dags/example_short_circuit_decorator.py
[2026-02-06T09:31:41.132+0200] {processor.py:840} INFO - DAG(s) 'example_short_circuit_decorator' retrieved from /home/pazzoti/de-upskilling/airflow-flight-price-analysis/venv/lib/python3.10/site-packages/airflow/example_dags/example_short_circuit_decorator.py
[2026-02-06T09:31:41.142+0200] {logging_mixin.py:188} INFO - [2026-02-06T09:31:41.142+0200] {dag.py:3036} INFO - Sync 1 DAGs
[2026-02-06T09:31:41.153+0200] {logging_mixin.py:188} INFO - [2026-02-06T09:31:41.153+0200] {dag.py:3823} INFO - Setting next_dagrun for example_short_circuit_decorator to 2026-02-05 00:00:00+00:00, run_after=2026-02-06 00:00:00+00:00
[2026-02-06T09:31:41.169+0200] {processor.py:183} INFO - Processing /home/pazzoti/de-upskilling/airflow-flight-price-analysis/venv/lib/python3.10/site-packages/airflow/example_dags/example_short_circuit_decorator.py took 0.057 seconds
[2026-02-06T09:32:21.261+0200] {processor.py:161} INFO - Started process (PID=10195) to work on /home/pazzoti/de-upskilling/airflow-flight-price-analysis/venv/lib/python3.10/site-packages/airflow/example_dags/example_short_circuit_decorator.py
[2026-02-06T09:32:21.266+0200] {processor.py:830} INFO - Processing file /home/pazzoti/de-upskilling/airflow-flight-price-analysis/venv/lib/python3.10/site-packages/airflow/example_dags/example_short_circuit_decorator.py for tasks to queue
[2026-02-06T09:32:21.267+0200] {logging_mixin.py:188} INFO - [2026-02-06T09:32:21.267+0200] {dagbag.py:538} INFO - Filling up the DagBag from /home/pazzoti/de-upskilling/airflow-flight-price-analysis/venv/lib/python3.10/site-packages/airflow/example_dags/example_short_circuit_decorator.py
[2026-02-06T09:32:21.276+0200] {processor.py:840} INFO - DAG(s) 'example_short_circuit_decorator' retrieved from /home/pazzoti/de-upskilling/airflow-flight-price-analysis/venv/lib/python3.10/site-packages/airflow/example_dags/example_short_circuit_decorator.py
[2026-02-06T09:32:21.287+0200] {logging_mixin.py:188} INFO - [2026-02-06T09:32:21.287+0200] {dag.py:3036} INFO - Sync 1 DAGs
[2026-02-06T09:32:21.299+0200] {logging_mixin.py:188} INFO - [2026-02-06T09:32:21.298+0200] {dag.py:3823} INFO - Setting next_dagrun for example_short_circuit_decorator to 2026-02-05 00:00:00+00:00, run_after=2026-02-06 00:00:00+00:00
[2026-02-06T09:32:21.314+0200] {processor.py:183} INFO - Processing /home/pazzoti/de-upskilling/airflow-flight-price-analysis/venv/lib/python3.10/site-packages/airflow/example_dags/example_short_circuit_decorator.py took 0.057 seconds
[2026-02-06T09:33:21.828+0200] {processor.py:161} INFO - Started process (PID=10327) to work on /home/pazzoti/de-upskilling/airflow-flight-price-analysis/venv/lib/python3.10/site-packages/airflow/example_dags/example_short_circuit_decorator.py
[2026-02-06T09:33:21.833+0200] {processor.py:830} INFO - Processing file /home/pazzoti/de-upskilling/airflow-flight-price-analysis/venv/lib/python3.10/site-packages/airflow/example_dags/example_short_circuit_decorator.py for tasks to queue
[2026-02-06T09:33:21.835+0200] {logging_mixin.py:188} INFO - [2026-02-06T09:33:21.835+0200] {dagbag.py:538} INFO - Filling up the DagBag from /home/pazzoti/de-upskilling/airflow-flight-price-analysis/venv/lib/python3.10/site-packages/airflow/example_dags/example_short_circuit_decorator.py
[2026-02-06T09:33:21.847+0200] {processor.py:840} INFO - DAG(s) 'example_short_circuit_decorator' retrieved from /home/pazzoti/de-upskilling/airflow-flight-price-analysis/venv/lib/python3.10/site-packages/airflow/example_dags/example_short_circuit_decorator.py
[2026-02-06T09:33:21.867+0200] {logging_mixin.py:188} INFO - [2026-02-06T09:33:21.867+0200] {dag.py:3036} INFO - Sync 1 DAGs
[2026-02-06T09:33:21.885+0200] {logging_mixin.py:188} INFO - [2026-02-06T09:33:21.884+0200] {dag.py:3823} INFO - Setting next_dagrun for example_short_circuit_decorator to 2026-02-05 00:00:00+00:00, run_after=2026-02-06 00:00:00+00:00
[2026-02-06T09:33:21.910+0200] {processor.py:183} INFO - Processing /home/pazzoti/de-upskilling/airflow-flight-price-analysis/venv/lib/python3.10/site-packages/airflow/example_dags/example_short_circuit_decorator.py took 0.088 seconds
[2026-02-06T09:34:14.060+0200] {processor.py:161} INFO - Started process (PID=10413) to work on /home/pazzoti/de-upskilling/airflow-flight-price-analysis/venv/lib/python3.10/site-packages/airflow/example_dags/example_short_circuit_decorator.py
[2026-02-06T09:34:14.067+0200] {processor.py:830} INFO - Processing file /home/pazzoti/de-upskilling/airflow-flight-price-analysis/venv/lib/python3.10/site-packages/airflow/example_dags/example_short_circuit_decorator.py for tasks to queue
[2026-02-06T09:34:14.068+0200] {logging_mixin.py:188} INFO - [2026-02-06T09:34:14.068+0200] {dagbag.py:538} INFO - Filling up the DagBag from /home/pazzoti/de-upskilling/airflow-flight-price-analysis/venv/lib/python3.10/site-packages/airflow/example_dags/example_short_circuit_decorator.py
[2026-02-06T09:34:14.075+0200] {processor.py:840} INFO - DAG(s) 'example_short_circuit_decorator' retrieved from /home/pazzoti/de-upskilling/airflow-flight-price-analysis/venv/lib/python3.10/site-packages/airflow/example_dags/example_short_circuit_decorator.py
[2026-02-06T09:34:14.095+0200] {logging_mixin.py:188} INFO - [2026-02-06T09:34:14.095+0200] {dag.py:3036} INFO - Sync 1 DAGs
[2026-02-06T09:34:14.108+0200] {logging_mixin.py:188} INFO - [2026-02-06T09:34:14.108+0200] {dag.py:3823} INFO - Setting next_dagrun for example_short_circuit_decorator to 2026-02-05 00:00:00+00:00, run_after=2026-02-06 00:00:00+00:00
[2026-02-06T09:34:14.136+0200] {processor.py:183} INFO - Processing /home/pazzoti/de-upskilling/airflow-flight-price-analysis/venv/lib/python3.10/site-packages/airflow/example_dags/example_short_circuit_decorator.py took 0.080 seconds
