[2026-02-06T09:01:39.509+0200] {processor.py:161} INFO - Started process (PID=4400) to work on /home/pazzoti/de-upskilling/airflow-flight-price-analysis/venv/lib/python3.10/site-packages/airflow/example_dags/example_skip_dag.py
[2026-02-06T09:01:39.512+0200] {processor.py:830} INFO - Processing file /home/pazzoti/de-upskilling/airflow-flight-price-analysis/venv/lib/python3.10/site-packages/airflow/example_dags/example_skip_dag.py for tasks to queue
[2026-02-06T09:01:39.513+0200] {logging_mixin.py:188} INFO - [2026-02-06T09:01:39.513+0200] {dagbag.py:538} INFO - Filling up the DagBag from /home/pazzoti/de-upskilling/airflow-flight-price-analysis/venv/lib/python3.10/site-packages/airflow/example_dags/example_skip_dag.py
[2026-02-06T09:01:39.520+0200] {processor.py:840} INFO - DAG(s) 'example_skip_dag' retrieved from /home/pazzoti/de-upskilling/airflow-flight-price-analysis/venv/lib/python3.10/site-packages/airflow/example_dags/example_skip_dag.py
[2026-02-06T09:01:39.551+0200] {logging_mixin.py:188} INFO - [2026-02-06T09:01:39.551+0200] {dag.py:3036} INFO - Sync 1 DAGs
[2026-02-06T09:01:39.569+0200] {logging_mixin.py:188} INFO - [2026-02-06T09:01:39.569+0200] {dag.py:3823} INFO - Setting next_dagrun for example_skip_dag to 2026-02-05 00:00:00+00:00, run_after=2026-02-06 00:00:00+00:00
[2026-02-06T09:01:39.586+0200] {processor.py:183} INFO - Processing /home/pazzoti/de-upskilling/airflow-flight-price-analysis/venv/lib/python3.10/site-packages/airflow/example_dags/example_skip_dag.py took 0.081 seconds
[2026-02-06T09:02:29.221+0200] {processor.py:161} INFO - Started process (PID=4870) to work on /home/pazzoti/de-upskilling/airflow-flight-price-analysis/venv/lib/python3.10/site-packages/airflow/example_dags/example_skip_dag.py
[2026-02-06T09:02:29.225+0200] {processor.py:830} INFO - Processing file /home/pazzoti/de-upskilling/airflow-flight-price-analysis/venv/lib/python3.10/site-packages/airflow/example_dags/example_skip_dag.py for tasks to queue
[2026-02-06T09:02:29.225+0200] {logging_mixin.py:188} INFO - [2026-02-06T09:02:29.225+0200] {dagbag.py:538} INFO - Filling up the DagBag from /home/pazzoti/de-upskilling/airflow-flight-price-analysis/venv/lib/python3.10/site-packages/airflow/example_dags/example_skip_dag.py
[2026-02-06T09:02:29.230+0200] {processor.py:840} INFO - DAG(s) 'example_skip_dag' retrieved from /home/pazzoti/de-upskilling/airflow-flight-price-analysis/venv/lib/python3.10/site-packages/airflow/example_dags/example_skip_dag.py
[2026-02-06T09:02:29.239+0200] {logging_mixin.py:188} INFO - [2026-02-06T09:02:29.239+0200] {dag.py:3036} INFO - Sync 1 DAGs
[2026-02-06T09:02:29.250+0200] {logging_mixin.py:188} INFO - [2026-02-06T09:02:29.250+0200] {dag.py:3823} INFO - Setting next_dagrun for example_skip_dag to 2026-02-05 00:00:00+00:00, run_after=2026-02-06 00:00:00+00:00
[2026-02-06T09:02:29.267+0200] {processor.py:183} INFO - Processing /home/pazzoti/de-upskilling/airflow-flight-price-analysis/venv/lib/python3.10/site-packages/airflow/example_dags/example_skip_dag.py took 0.049 seconds
[2026-02-06T09:03:18.314+0200] {processor.py:161} INFO - Started process (PID=5105) to work on /home/pazzoti/de-upskilling/airflow-flight-price-analysis/venv/lib/python3.10/site-packages/airflow/example_dags/example_skip_dag.py
[2026-02-06T09:03:18.323+0200] {processor.py:830} INFO - Processing file /home/pazzoti/de-upskilling/airflow-flight-price-analysis/venv/lib/python3.10/site-packages/airflow/example_dags/example_skip_dag.py for tasks to queue
[2026-02-06T09:03:18.324+0200] {logging_mixin.py:188} INFO - [2026-02-06T09:03:18.323+0200] {dagbag.py:538} INFO - Filling up the DagBag from /home/pazzoti/de-upskilling/airflow-flight-price-analysis/venv/lib/python3.10/site-packages/airflow/example_dags/example_skip_dag.py
[2026-02-06T09:03:18.336+0200] {processor.py:840} INFO - DAG(s) 'example_skip_dag' retrieved from /home/pazzoti/de-upskilling/airflow-flight-price-analysis/venv/lib/python3.10/site-packages/airflow/example_dags/example_skip_dag.py
[2026-02-06T09:03:18.354+0200] {logging_mixin.py:188} INFO - [2026-02-06T09:03:18.353+0200] {dag.py:3036} INFO - Sync 1 DAGs
[2026-02-06T09:03:18.370+0200] {logging_mixin.py:188} INFO - [2026-02-06T09:03:18.369+0200] {dag.py:3823} INFO - Setting next_dagrun for example_skip_dag to 2026-02-05 00:00:00+00:00, run_after=2026-02-06 00:00:00+00:00
[2026-02-06T09:03:18.387+0200] {processor.py:183} INFO - Processing /home/pazzoti/de-upskilling/airflow-flight-price-analysis/venv/lib/python3.10/site-packages/airflow/example_dags/example_skip_dag.py took 0.076 seconds
[2026-02-06T09:04:11.949+0200] {processor.py:161} INFO - Started process (PID=5348) to work on /home/pazzoti/de-upskilling/airflow-flight-price-analysis/venv/lib/python3.10/site-packages/airflow/example_dags/example_skip_dag.py
[2026-02-06T09:04:11.950+0200] {processor.py:830} INFO - Processing file /home/pazzoti/de-upskilling/airflow-flight-price-analysis/venv/lib/python3.10/site-packages/airflow/example_dags/example_skip_dag.py for tasks to queue
[2026-02-06T09:04:11.951+0200] {logging_mixin.py:188} INFO - [2026-02-06T09:04:11.951+0200] {dagbag.py:538} INFO - Filling up the DagBag from /home/pazzoti/de-upskilling/airflow-flight-price-analysis/venv/lib/python3.10/site-packages/airflow/example_dags/example_skip_dag.py
[2026-02-06T09:04:11.956+0200] {processor.py:840} INFO - DAG(s) 'example_skip_dag' retrieved from /home/pazzoti/de-upskilling/airflow-flight-price-analysis/venv/lib/python3.10/site-packages/airflow/example_dags/example_skip_dag.py
[2026-02-06T09:04:11.969+0200] {logging_mixin.py:188} INFO - [2026-02-06T09:04:11.969+0200] {dag.py:3036} INFO - Sync 1 DAGs
[2026-02-06T09:04:11.982+0200] {logging_mixin.py:188} INFO - [2026-02-06T09:04:11.982+0200] {dag.py:3823} INFO - Setting next_dagrun for example_skip_dag to 2026-02-05 00:00:00+00:00, run_after=2026-02-06 00:00:00+00:00
[2026-02-06T09:04:12.000+0200] {processor.py:183} INFO - Processing /home/pazzoti/de-upskilling/airflow-flight-price-analysis/venv/lib/python3.10/site-packages/airflow/example_dags/example_skip_dag.py took 0.053 seconds
[2026-02-06T09:05:07.670+0200] {processor.py:161} INFO - Started process (PID=5646) to work on /home/pazzoti/de-upskilling/airflow-flight-price-analysis/venv/lib/python3.10/site-packages/airflow/example_dags/example_skip_dag.py
[2026-02-06T09:05:07.676+0200] {processor.py:830} INFO - Processing file /home/pazzoti/de-upskilling/airflow-flight-price-analysis/venv/lib/python3.10/site-packages/airflow/example_dags/example_skip_dag.py for tasks to queue
[2026-02-06T09:05:07.678+0200] {logging_mixin.py:188} INFO - [2026-02-06T09:05:07.677+0200] {dagbag.py:538} INFO - Filling up the DagBag from /home/pazzoti/de-upskilling/airflow-flight-price-analysis/venv/lib/python3.10/site-packages/airflow/example_dags/example_skip_dag.py
[2026-02-06T09:05:07.688+0200] {processor.py:840} INFO - DAG(s) 'example_skip_dag' retrieved from /home/pazzoti/de-upskilling/airflow-flight-price-analysis/venv/lib/python3.10/site-packages/airflow/example_dags/example_skip_dag.py
[2026-02-06T09:05:07.703+0200] {logging_mixin.py:188} INFO - [2026-02-06T09:05:07.703+0200] {dag.py:3036} INFO - Sync 1 DAGs
[2026-02-06T09:05:07.722+0200] {logging_mixin.py:188} INFO - [2026-02-06T09:05:07.721+0200] {dag.py:3823} INFO - Setting next_dagrun for example_skip_dag to 2026-02-05 00:00:00+00:00, run_after=2026-02-06 00:00:00+00:00
[2026-02-06T09:05:07.743+0200] {processor.py:183} INFO - Processing /home/pazzoti/de-upskilling/airflow-flight-price-analysis/venv/lib/python3.10/site-packages/airflow/example_dags/example_skip_dag.py took 0.075 seconds
[2026-02-06T09:06:02.420+0200] {processor.py:161} INFO - Started process (PID=5917) to work on /home/pazzoti/de-upskilling/airflow-flight-price-analysis/venv/lib/python3.10/site-packages/airflow/example_dags/example_skip_dag.py
[2026-02-06T09:06:02.421+0200] {processor.py:830} INFO - Processing file /home/pazzoti/de-upskilling/airflow-flight-price-analysis/venv/lib/python3.10/site-packages/airflow/example_dags/example_skip_dag.py for tasks to queue
[2026-02-06T09:06:02.422+0200] {logging_mixin.py:188} INFO - [2026-02-06T09:06:02.422+0200] {dagbag.py:538} INFO - Filling up the DagBag from /home/pazzoti/de-upskilling/airflow-flight-price-analysis/venv/lib/python3.10/site-packages/airflow/example_dags/example_skip_dag.py
[2026-02-06T09:06:02.429+0200] {processor.py:840} INFO - DAG(s) 'example_skip_dag' retrieved from /home/pazzoti/de-upskilling/airflow-flight-price-analysis/venv/lib/python3.10/site-packages/airflow/example_dags/example_skip_dag.py
[2026-02-06T09:06:02.443+0200] {logging_mixin.py:188} INFO - [2026-02-06T09:06:02.443+0200] {dag.py:3036} INFO - Sync 1 DAGs
[2026-02-06T09:06:02.454+0200] {logging_mixin.py:188} INFO - [2026-02-06T09:06:02.453+0200] {dag.py:3823} INFO - Setting next_dagrun for example_skip_dag to 2026-02-05 00:00:00+00:00, run_after=2026-02-06 00:00:00+00:00
[2026-02-06T09:06:02.470+0200] {processor.py:183} INFO - Processing /home/pazzoti/de-upskilling/airflow-flight-price-analysis/venv/lib/python3.10/site-packages/airflow/example_dags/example_skip_dag.py took 0.052 seconds
[2026-02-06T09:06:58.719+0200] {processor.py:161} INFO - Started process (PID=6216) to work on /home/pazzoti/de-upskilling/airflow-flight-price-analysis/venv/lib/python3.10/site-packages/airflow/example_dags/example_skip_dag.py
[2026-02-06T09:06:58.720+0200] {processor.py:830} INFO - Processing file /home/pazzoti/de-upskilling/airflow-flight-price-analysis/venv/lib/python3.10/site-packages/airflow/example_dags/example_skip_dag.py for tasks to queue
[2026-02-06T09:06:58.720+0200] {logging_mixin.py:188} INFO - [2026-02-06T09:06:58.720+0200] {dagbag.py:538} INFO - Filling up the DagBag from /home/pazzoti/de-upskilling/airflow-flight-price-analysis/venv/lib/python3.10/site-packages/airflow/example_dags/example_skip_dag.py
[2026-02-06T09:06:58.726+0200] {processor.py:840} INFO - DAG(s) 'example_skip_dag' retrieved from /home/pazzoti/de-upskilling/airflow-flight-price-analysis/venv/lib/python3.10/site-packages/airflow/example_dags/example_skip_dag.py
[2026-02-06T09:06:58.738+0200] {logging_mixin.py:188} INFO - [2026-02-06T09:06:58.737+0200] {dag.py:3036} INFO - Sync 1 DAGs
[2026-02-06T09:06:58.750+0200] {logging_mixin.py:188} INFO - [2026-02-06T09:06:58.750+0200] {dag.py:3823} INFO - Setting next_dagrun for example_skip_dag to 2026-02-05 00:00:00+00:00, run_after=2026-02-06 00:00:00+00:00
[2026-02-06T09:06:58.768+0200] {processor.py:183} INFO - Processing /home/pazzoti/de-upskilling/airflow-flight-price-analysis/venv/lib/python3.10/site-packages/airflow/example_dags/example_skip_dag.py took 0.052 seconds
[2026-02-06T09:07:52.704+0200] {processor.py:161} INFO - Started process (PID=6486) to work on /home/pazzoti/de-upskilling/airflow-flight-price-analysis/venv/lib/python3.10/site-packages/airflow/example_dags/example_skip_dag.py
[2026-02-06T09:07:52.706+0200] {processor.py:830} INFO - Processing file /home/pazzoti/de-upskilling/airflow-flight-price-analysis/venv/lib/python3.10/site-packages/airflow/example_dags/example_skip_dag.py for tasks to queue
[2026-02-06T09:07:52.707+0200] {logging_mixin.py:188} INFO - [2026-02-06T09:07:52.706+0200] {dagbag.py:538} INFO - Filling up the DagBag from /home/pazzoti/de-upskilling/airflow-flight-price-analysis/venv/lib/python3.10/site-packages/airflow/example_dags/example_skip_dag.py
[2026-02-06T09:07:52.713+0200] {processor.py:840} INFO - DAG(s) 'example_skip_dag' retrieved from /home/pazzoti/de-upskilling/airflow-flight-price-analysis/venv/lib/python3.10/site-packages/airflow/example_dags/example_skip_dag.py
[2026-02-06T09:07:52.723+0200] {logging_mixin.py:188} INFO - [2026-02-06T09:07:52.723+0200] {dag.py:3036} INFO - Sync 1 DAGs
[2026-02-06T09:07:52.737+0200] {logging_mixin.py:188} INFO - [2026-02-06T09:07:52.737+0200] {dag.py:3823} INFO - Setting next_dagrun for example_skip_dag to 2026-02-05 00:00:00+00:00, run_after=2026-02-06 00:00:00+00:00
[2026-02-06T09:07:52.753+0200] {processor.py:183} INFO - Processing /home/pazzoti/de-upskilling/airflow-flight-price-analysis/venv/lib/python3.10/site-packages/airflow/example_dags/example_skip_dag.py took 0.052 seconds
[2026-02-06T09:08:47.100+0200] {processor.py:161} INFO - Started process (PID=6741) to work on /home/pazzoti/de-upskilling/airflow-flight-price-analysis/venv/lib/python3.10/site-packages/airflow/example_dags/example_skip_dag.py
[2026-02-06T09:08:47.103+0200] {processor.py:830} INFO - Processing file /home/pazzoti/de-upskilling/airflow-flight-price-analysis/venv/lib/python3.10/site-packages/airflow/example_dags/example_skip_dag.py for tasks to queue
[2026-02-06T09:08:47.104+0200] {logging_mixin.py:188} INFO - [2026-02-06T09:08:47.103+0200] {dagbag.py:538} INFO - Filling up the DagBag from /home/pazzoti/de-upskilling/airflow-flight-price-analysis/venv/lib/python3.10/site-packages/airflow/example_dags/example_skip_dag.py
[2026-02-06T09:08:47.110+0200] {processor.py:840} INFO - DAG(s) 'example_skip_dag' retrieved from /home/pazzoti/de-upskilling/airflow-flight-price-analysis/venv/lib/python3.10/site-packages/airflow/example_dags/example_skip_dag.py
[2026-02-06T09:08:47.121+0200] {logging_mixin.py:188} INFO - [2026-02-06T09:08:47.121+0200] {dag.py:3036} INFO - Sync 1 DAGs
[2026-02-06T09:08:47.136+0200] {logging_mixin.py:188} INFO - [2026-02-06T09:08:47.135+0200] {dag.py:3823} INFO - Setting next_dagrun for example_skip_dag to 2026-02-05 00:00:00+00:00, run_after=2026-02-06 00:00:00+00:00
[2026-02-06T09:08:47.155+0200] {processor.py:183} INFO - Processing /home/pazzoti/de-upskilling/airflow-flight-price-analysis/venv/lib/python3.10/site-packages/airflow/example_dags/example_skip_dag.py took 0.058 seconds
[2026-02-06T09:09:45.391+0200] {processor.py:161} INFO - Started process (PID=7005) to work on /home/pazzoti/de-upskilling/airflow-flight-price-analysis/venv/lib/python3.10/site-packages/airflow/example_dags/example_skip_dag.py
[2026-02-06T09:09:45.394+0200] {processor.py:830} INFO - Processing file /home/pazzoti/de-upskilling/airflow-flight-price-analysis/venv/lib/python3.10/site-packages/airflow/example_dags/example_skip_dag.py for tasks to queue
[2026-02-06T09:09:45.395+0200] {logging_mixin.py:188} INFO - [2026-02-06T09:09:45.395+0200] {dagbag.py:538} INFO - Filling up the DagBag from /home/pazzoti/de-upskilling/airflow-flight-price-analysis/venv/lib/python3.10/site-packages/airflow/example_dags/example_skip_dag.py
[2026-02-06T09:09:45.403+0200] {processor.py:840} INFO - DAG(s) 'example_skip_dag' retrieved from /home/pazzoti/de-upskilling/airflow-flight-price-analysis/venv/lib/python3.10/site-packages/airflow/example_dags/example_skip_dag.py
[2026-02-06T09:09:45.417+0200] {logging_mixin.py:188} INFO - [2026-02-06T09:09:45.416+0200] {dag.py:3036} INFO - Sync 1 DAGs
[2026-02-06T09:09:45.431+0200] {logging_mixin.py:188} INFO - [2026-02-06T09:09:45.431+0200] {dag.py:3823} INFO - Setting next_dagrun for example_skip_dag to 2026-02-05 00:00:00+00:00, run_after=2026-02-06 00:00:00+00:00
[2026-02-06T09:09:45.449+0200] {processor.py:183} INFO - Processing /home/pazzoti/de-upskilling/airflow-flight-price-analysis/venv/lib/python3.10/site-packages/airflow/example_dags/example_skip_dag.py took 0.061 seconds
[2026-02-06T09:11:46.768+0200] {processor.py:161} INFO - Started process (PID=8054) to work on /home/pazzoti/de-upskilling/airflow-flight-price-analysis/venv/lib/python3.10/site-packages/airflow/example_dags/example_skip_dag.py
[2026-02-06T09:11:46.770+0200] {processor.py:830} INFO - Processing file /home/pazzoti/de-upskilling/airflow-flight-price-analysis/venv/lib/python3.10/site-packages/airflow/example_dags/example_skip_dag.py for tasks to queue
[2026-02-06T09:11:46.773+0200] {logging_mixin.py:188} INFO - [2026-02-06T09:11:46.772+0200] {dagbag.py:538} INFO - Filling up the DagBag from /home/pazzoti/de-upskilling/airflow-flight-price-analysis/venv/lib/python3.10/site-packages/airflow/example_dags/example_skip_dag.py
[2026-02-06T09:11:46.785+0200] {processor.py:840} INFO - DAG(s) 'example_skip_dag' retrieved from /home/pazzoti/de-upskilling/airflow-flight-price-analysis/venv/lib/python3.10/site-packages/airflow/example_dags/example_skip_dag.py
[2026-02-06T09:11:46.809+0200] {logging_mixin.py:188} INFO - [2026-02-06T09:11:46.809+0200] {dag.py:3036} INFO - Sync 1 DAGs
[2026-02-06T09:11:46.842+0200] {logging_mixin.py:188} INFO - [2026-02-06T09:11:46.841+0200] {dag.py:3823} INFO - Setting next_dagrun for example_skip_dag to 2026-02-05 00:00:00+00:00, run_after=2026-02-06 00:00:00+00:00
[2026-02-06T09:11:46.883+0200] {processor.py:183} INFO - Processing /home/pazzoti/de-upskilling/airflow-flight-price-analysis/venv/lib/python3.10/site-packages/airflow/example_dags/example_skip_dag.py took 0.119 seconds
[2026-02-06T09:12:36.995+0200] {processor.py:161} INFO - Started process (PID=8338) to work on /home/pazzoti/de-upskilling/airflow-flight-price-analysis/venv/lib/python3.10/site-packages/airflow/example_dags/example_skip_dag.py
[2026-02-06T09:12:36.997+0200] {processor.py:830} INFO - Processing file /home/pazzoti/de-upskilling/airflow-flight-price-analysis/venv/lib/python3.10/site-packages/airflow/example_dags/example_skip_dag.py for tasks to queue
[2026-02-06T09:12:36.998+0200] {logging_mixin.py:188} INFO - [2026-02-06T09:12:36.998+0200] {dagbag.py:538} INFO - Filling up the DagBag from /home/pazzoti/de-upskilling/airflow-flight-price-analysis/venv/lib/python3.10/site-packages/airflow/example_dags/example_skip_dag.py
[2026-02-06T09:12:37.003+0200] {processor.py:840} INFO - DAG(s) 'example_skip_dag' retrieved from /home/pazzoti/de-upskilling/airflow-flight-price-analysis/venv/lib/python3.10/site-packages/airflow/example_dags/example_skip_dag.py
[2026-02-06T09:12:37.013+0200] {logging_mixin.py:188} INFO - [2026-02-06T09:12:37.013+0200] {dag.py:3036} INFO - Sync 1 DAGs
[2026-02-06T09:12:37.026+0200] {logging_mixin.py:188} INFO - [2026-02-06T09:12:37.026+0200] {dag.py:3823} INFO - Setting next_dagrun for example_skip_dag to 2026-02-05 00:00:00+00:00, run_after=2026-02-06 00:00:00+00:00
[2026-02-06T09:12:37.043+0200] {processor.py:183} INFO - Processing /home/pazzoti/de-upskilling/airflow-flight-price-analysis/venv/lib/python3.10/site-packages/airflow/example_dags/example_skip_dag.py took 0.051 seconds
[2026-02-06T09:13:31.289+0200] {processor.py:161} INFO - Started process (PID=8594) to work on /home/pazzoti/de-upskilling/airflow-flight-price-analysis/venv/lib/python3.10/site-packages/airflow/example_dags/example_skip_dag.py
[2026-02-06T09:13:31.294+0200] {processor.py:830} INFO - Processing file /home/pazzoti/de-upskilling/airflow-flight-price-analysis/venv/lib/python3.10/site-packages/airflow/example_dags/example_skip_dag.py for tasks to queue
[2026-02-06T09:13:31.295+0200] {logging_mixin.py:188} INFO - [2026-02-06T09:13:31.295+0200] {dagbag.py:538} INFO - Filling up the DagBag from /home/pazzoti/de-upskilling/airflow-flight-price-analysis/venv/lib/python3.10/site-packages/airflow/example_dags/example_skip_dag.py
[2026-02-06T09:13:31.304+0200] {processor.py:840} INFO - DAG(s) 'example_skip_dag' retrieved from /home/pazzoti/de-upskilling/airflow-flight-price-analysis/venv/lib/python3.10/site-packages/airflow/example_dags/example_skip_dag.py
[2026-02-06T09:13:31.315+0200] {logging_mixin.py:188} INFO - [2026-02-06T09:13:31.315+0200] {dag.py:3036} INFO - Sync 1 DAGs
[2026-02-06T09:13:31.327+0200] {logging_mixin.py:188} INFO - [2026-02-06T09:13:31.327+0200] {dag.py:3823} INFO - Setting next_dagrun for example_skip_dag to 2026-02-05 00:00:00+00:00, run_after=2026-02-06 00:00:00+00:00
[2026-02-06T09:13:31.344+0200] {processor.py:183} INFO - Processing /home/pazzoti/de-upskilling/airflow-flight-price-analysis/venv/lib/python3.10/site-packages/airflow/example_dags/example_skip_dag.py took 0.060 seconds
[2026-02-06T09:14:24.820+0200] {processor.py:161} INFO - Started process (PID=8836) to work on /home/pazzoti/de-upskilling/airflow-flight-price-analysis/venv/lib/python3.10/site-packages/airflow/example_dags/example_skip_dag.py
[2026-02-06T09:14:24.822+0200] {processor.py:830} INFO - Processing file /home/pazzoti/de-upskilling/airflow-flight-price-analysis/venv/lib/python3.10/site-packages/airflow/example_dags/example_skip_dag.py for tasks to queue
[2026-02-06T09:14:24.824+0200] {logging_mixin.py:188} INFO - [2026-02-06T09:14:24.823+0200] {dagbag.py:538} INFO - Filling up the DagBag from /home/pazzoti/de-upskilling/airflow-flight-price-analysis/venv/lib/python3.10/site-packages/airflow/example_dags/example_skip_dag.py
[2026-02-06T09:14:24.837+0200] {processor.py:840} INFO - DAG(s) 'example_skip_dag' retrieved from /home/pazzoti/de-upskilling/airflow-flight-price-analysis/venv/lib/python3.10/site-packages/airflow/example_dags/example_skip_dag.py
[2026-02-06T09:14:24.863+0200] {logging_mixin.py:188} INFO - [2026-02-06T09:14:24.863+0200] {dag.py:3036} INFO - Sync 1 DAGs
[2026-02-06T09:14:24.889+0200] {logging_mixin.py:188} INFO - [2026-02-06T09:14:24.889+0200] {dag.py:3823} INFO - Setting next_dagrun for example_skip_dag to 2026-02-05 00:00:00+00:00, run_after=2026-02-06 00:00:00+00:00
[2026-02-06T09:14:24.919+0200] {processor.py:183} INFO - Processing /home/pazzoti/de-upskilling/airflow-flight-price-analysis/venv/lib/python3.10/site-packages/airflow/example_dags/example_skip_dag.py took 0.104 seconds
[2026-02-06T09:15:22.085+0200] {processor.py:161} INFO - Started process (PID=9103) to work on /home/pazzoti/de-upskilling/airflow-flight-price-analysis/venv/lib/python3.10/site-packages/airflow/example_dags/example_skip_dag.py
[2026-02-06T09:15:22.086+0200] {processor.py:830} INFO - Processing file /home/pazzoti/de-upskilling/airflow-flight-price-analysis/venv/lib/python3.10/site-packages/airflow/example_dags/example_skip_dag.py for tasks to queue
[2026-02-06T09:15:22.087+0200] {logging_mixin.py:188} INFO - [2026-02-06T09:15:22.087+0200] {dagbag.py:538} INFO - Filling up the DagBag from /home/pazzoti/de-upskilling/airflow-flight-price-analysis/venv/lib/python3.10/site-packages/airflow/example_dags/example_skip_dag.py
[2026-02-06T09:15:22.096+0200] {processor.py:840} INFO - DAG(s) 'example_skip_dag' retrieved from /home/pazzoti/de-upskilling/airflow-flight-price-analysis/venv/lib/python3.10/site-packages/airflow/example_dags/example_skip_dag.py
[2026-02-06T09:15:22.109+0200] {logging_mixin.py:188} INFO - [2026-02-06T09:15:22.109+0200] {dag.py:3036} INFO - Sync 1 DAGs
[2026-02-06T09:15:22.121+0200] {logging_mixin.py:188} INFO - [2026-02-06T09:15:22.121+0200] {dag.py:3823} INFO - Setting next_dagrun for example_skip_dag to 2026-02-05 00:00:00+00:00, run_after=2026-02-06 00:00:00+00:00
[2026-02-06T09:15:22.136+0200] {processor.py:183} INFO - Processing /home/pazzoti/de-upskilling/airflow-flight-price-analysis/venv/lib/python3.10/site-packages/airflow/example_dags/example_skip_dag.py took 0.056 seconds
[2026-02-06T09:16:11.177+0200] {processor.py:161} INFO - Started process (PID=9356) to work on /home/pazzoti/de-upskilling/airflow-flight-price-analysis/venv/lib/python3.10/site-packages/airflow/example_dags/example_skip_dag.py
[2026-02-06T09:16:11.181+0200] {processor.py:830} INFO - Processing file /home/pazzoti/de-upskilling/airflow-flight-price-analysis/venv/lib/python3.10/site-packages/airflow/example_dags/example_skip_dag.py for tasks to queue
[2026-02-06T09:16:11.182+0200] {logging_mixin.py:188} INFO - [2026-02-06T09:16:11.182+0200] {dagbag.py:538} INFO - Filling up the DagBag from /home/pazzoti/de-upskilling/airflow-flight-price-analysis/venv/lib/python3.10/site-packages/airflow/example_dags/example_skip_dag.py
[2026-02-06T09:16:11.190+0200] {processor.py:840} INFO - DAG(s) 'example_skip_dag' retrieved from /home/pazzoti/de-upskilling/airflow-flight-price-analysis/venv/lib/python3.10/site-packages/airflow/example_dags/example_skip_dag.py
[2026-02-06T09:16:11.199+0200] {logging_mixin.py:188} INFO - [2026-02-06T09:16:11.199+0200] {dag.py:3036} INFO - Sync 1 DAGs
[2026-02-06T09:16:11.211+0200] {logging_mixin.py:188} INFO - [2026-02-06T09:16:11.211+0200] {dag.py:3823} INFO - Setting next_dagrun for example_skip_dag to 2026-02-05 00:00:00+00:00, run_after=2026-02-06 00:00:00+00:00
[2026-02-06T09:16:11.227+0200] {processor.py:183} INFO - Processing /home/pazzoti/de-upskilling/airflow-flight-price-analysis/venv/lib/python3.10/site-packages/airflow/example_dags/example_skip_dag.py took 0.053 seconds
[2026-02-06T09:17:04.131+0200] {processor.py:161} INFO - Started process (PID=9607) to work on /home/pazzoti/de-upskilling/airflow-flight-price-analysis/venv/lib/python3.10/site-packages/airflow/example_dags/example_skip_dag.py
[2026-02-06T09:17:04.132+0200] {processor.py:830} INFO - Processing file /home/pazzoti/de-upskilling/airflow-flight-price-analysis/venv/lib/python3.10/site-packages/airflow/example_dags/example_skip_dag.py for tasks to queue
[2026-02-06T09:17:04.133+0200] {logging_mixin.py:188} INFO - [2026-02-06T09:17:04.132+0200] {dagbag.py:538} INFO - Filling up the DagBag from /home/pazzoti/de-upskilling/airflow-flight-price-analysis/venv/lib/python3.10/site-packages/airflow/example_dags/example_skip_dag.py
[2026-02-06T09:17:04.138+0200] {processor.py:840} INFO - DAG(s) 'example_skip_dag' retrieved from /home/pazzoti/de-upskilling/airflow-flight-price-analysis/venv/lib/python3.10/site-packages/airflow/example_dags/example_skip_dag.py
[2026-02-06T09:17:04.150+0200] {logging_mixin.py:188} INFO - [2026-02-06T09:17:04.150+0200] {dag.py:3036} INFO - Sync 1 DAGs
[2026-02-06T09:17:04.161+0200] {logging_mixin.py:188} INFO - [2026-02-06T09:17:04.161+0200] {dag.py:3823} INFO - Setting next_dagrun for example_skip_dag to 2026-02-05 00:00:00+00:00, run_after=2026-02-06 00:00:00+00:00
[2026-02-06T09:17:04.177+0200] {processor.py:183} INFO - Processing /home/pazzoti/de-upskilling/airflow-flight-price-analysis/venv/lib/python3.10/site-packages/airflow/example_dags/example_skip_dag.py took 0.048 seconds
[2026-02-06T09:29:40.877+0200] {processor.py:161} INFO - Started process (PID=9906) to work on /home/pazzoti/de-upskilling/airflow-flight-price-analysis/venv/lib/python3.10/site-packages/airflow/example_dags/example_skip_dag.py
[2026-02-06T09:29:40.880+0200] {processor.py:830} INFO - Processing file /home/pazzoti/de-upskilling/airflow-flight-price-analysis/venv/lib/python3.10/site-packages/airflow/example_dags/example_skip_dag.py for tasks to queue
[2026-02-06T09:29:40.881+0200] {logging_mixin.py:188} INFO - [2026-02-06T09:29:40.880+0200] {dagbag.py:538} INFO - Filling up the DagBag from /home/pazzoti/de-upskilling/airflow-flight-price-analysis/venv/lib/python3.10/site-packages/airflow/example_dags/example_skip_dag.py
[2026-02-06T09:29:40.887+0200] {processor.py:840} INFO - DAG(s) 'example_skip_dag' retrieved from /home/pazzoti/de-upskilling/airflow-flight-price-analysis/venv/lib/python3.10/site-packages/airflow/example_dags/example_skip_dag.py
[2026-02-06T09:29:40.897+0200] {logging_mixin.py:188} INFO - [2026-02-06T09:29:40.897+0200] {dag.py:3036} INFO - Sync 1 DAGs
[2026-02-06T09:29:40.910+0200] {logging_mixin.py:188} INFO - [2026-02-06T09:29:40.910+0200] {dag.py:3823} INFO - Setting next_dagrun for example_skip_dag to 2026-02-05 00:00:00+00:00, run_after=2026-02-06 00:00:00+00:00
[2026-02-06T09:29:40.928+0200] {processor.py:183} INFO - Processing /home/pazzoti/de-upskilling/airflow-flight-price-analysis/venv/lib/python3.10/site-packages/airflow/example_dags/example_skip_dag.py took 0.055 seconds
[2026-02-06T09:30:31.484+0200] {processor.py:161} INFO - Started process (PID=9994) to work on /home/pazzoti/de-upskilling/airflow-flight-price-analysis/venv/lib/python3.10/site-packages/airflow/example_dags/example_skip_dag.py
[2026-02-06T09:30:31.487+0200] {processor.py:830} INFO - Processing file /home/pazzoti/de-upskilling/airflow-flight-price-analysis/venv/lib/python3.10/site-packages/airflow/example_dags/example_skip_dag.py for tasks to queue
[2026-02-06T09:30:31.489+0200] {logging_mixin.py:188} INFO - [2026-02-06T09:30:31.488+0200] {dagbag.py:538} INFO - Filling up the DagBag from /home/pazzoti/de-upskilling/airflow-flight-price-analysis/venv/lib/python3.10/site-packages/airflow/example_dags/example_skip_dag.py
[2026-02-06T09:30:31.496+0200] {processor.py:840} INFO - DAG(s) 'example_skip_dag' retrieved from /home/pazzoti/de-upskilling/airflow-flight-price-analysis/venv/lib/python3.10/site-packages/airflow/example_dags/example_skip_dag.py
[2026-02-06T09:30:31.511+0200] {logging_mixin.py:188} INFO - [2026-02-06T09:30:31.511+0200] {dag.py:3036} INFO - Sync 1 DAGs
[2026-02-06T09:30:31.531+0200] {logging_mixin.py:188} INFO - [2026-02-06T09:30:31.531+0200] {dag.py:3823} INFO - Setting next_dagrun for example_skip_dag to 2026-02-05 00:00:00+00:00, run_after=2026-02-06 00:00:00+00:00
[2026-02-06T09:30:31.561+0200] {processor.py:183} INFO - Processing /home/pazzoti/de-upskilling/airflow-flight-price-analysis/venv/lib/python3.10/site-packages/airflow/example_dags/example_skip_dag.py took 0.080 seconds
[2026-02-06T09:31:33.379+0200] {processor.py:161} INFO - Started process (PID=10109) to work on /home/pazzoti/de-upskilling/airflow-flight-price-analysis/venv/lib/python3.10/site-packages/airflow/example_dags/example_skip_dag.py
[2026-02-06T09:31:33.381+0200] {processor.py:830} INFO - Processing file /home/pazzoti/de-upskilling/airflow-flight-price-analysis/venv/lib/python3.10/site-packages/airflow/example_dags/example_skip_dag.py for tasks to queue
[2026-02-06T09:31:33.382+0200] {logging_mixin.py:188} INFO - [2026-02-06T09:31:33.381+0200] {dagbag.py:538} INFO - Filling up the DagBag from /home/pazzoti/de-upskilling/airflow-flight-price-analysis/venv/lib/python3.10/site-packages/airflow/example_dags/example_skip_dag.py
[2026-02-06T09:31:33.388+0200] {processor.py:840} INFO - DAG(s) 'example_skip_dag' retrieved from /home/pazzoti/de-upskilling/airflow-flight-price-analysis/venv/lib/python3.10/site-packages/airflow/example_dags/example_skip_dag.py
[2026-02-06T09:31:33.398+0200] {logging_mixin.py:188} INFO - [2026-02-06T09:31:33.398+0200] {dag.py:3036} INFO - Sync 1 DAGs
[2026-02-06T09:31:33.409+0200] {logging_mixin.py:188} INFO - [2026-02-06T09:31:33.409+0200] {dag.py:3823} INFO - Setting next_dagrun for example_skip_dag to 2026-02-05 00:00:00+00:00, run_after=2026-02-06 00:00:00+00:00
[2026-02-06T09:31:33.424+0200] {processor.py:183} INFO - Processing /home/pazzoti/de-upskilling/airflow-flight-price-analysis/venv/lib/python3.10/site-packages/airflow/example_dags/example_skip_dag.py took 0.048 seconds
[2026-02-06T09:32:29.437+0200] {processor.py:161} INFO - Started process (PID=10233) to work on /home/pazzoti/de-upskilling/airflow-flight-price-analysis/venv/lib/python3.10/site-packages/airflow/example_dags/example_skip_dag.py
[2026-02-06T09:32:29.444+0200] {processor.py:830} INFO - Processing file /home/pazzoti/de-upskilling/airflow-flight-price-analysis/venv/lib/python3.10/site-packages/airflow/example_dags/example_skip_dag.py for tasks to queue
[2026-02-06T09:32:29.445+0200] {logging_mixin.py:188} INFO - [2026-02-06T09:32:29.445+0200] {dagbag.py:538} INFO - Filling up the DagBag from /home/pazzoti/de-upskilling/airflow-flight-price-analysis/venv/lib/python3.10/site-packages/airflow/example_dags/example_skip_dag.py
[2026-02-06T09:32:29.452+0200] {processor.py:840} INFO - DAG(s) 'example_skip_dag' retrieved from /home/pazzoti/de-upskilling/airflow-flight-price-analysis/venv/lib/python3.10/site-packages/airflow/example_dags/example_skip_dag.py
[2026-02-06T09:32:29.462+0200] {logging_mixin.py:188} INFO - [2026-02-06T09:32:29.462+0200] {dag.py:3036} INFO - Sync 1 DAGs
[2026-02-06T09:32:29.473+0200] {logging_mixin.py:188} INFO - [2026-02-06T09:32:29.473+0200] {dag.py:3823} INFO - Setting next_dagrun for example_skip_dag to 2026-02-05 00:00:00+00:00, run_after=2026-02-06 00:00:00+00:00
[2026-02-06T09:32:29.488+0200] {processor.py:183} INFO - Processing /home/pazzoti/de-upskilling/airflow-flight-price-analysis/venv/lib/python3.10/site-packages/airflow/example_dags/example_skip_dag.py took 0.054 seconds
[2026-02-06T09:33:31.613+0200] {processor.py:161} INFO - Started process (PID=10342) to work on /home/pazzoti/de-upskilling/airflow-flight-price-analysis/venv/lib/python3.10/site-packages/airflow/example_dags/example_skip_dag.py
[2026-02-06T09:33:31.615+0200] {processor.py:830} INFO - Processing file /home/pazzoti/de-upskilling/airflow-flight-price-analysis/venv/lib/python3.10/site-packages/airflow/example_dags/example_skip_dag.py for tasks to queue
[2026-02-06T09:33:31.616+0200] {logging_mixin.py:188} INFO - [2026-02-06T09:33:31.616+0200] {dagbag.py:538} INFO - Filling up the DagBag from /home/pazzoti/de-upskilling/airflow-flight-price-analysis/venv/lib/python3.10/site-packages/airflow/example_dags/example_skip_dag.py
[2026-02-06T09:33:31.622+0200] {processor.py:840} INFO - DAG(s) 'example_skip_dag' retrieved from /home/pazzoti/de-upskilling/airflow-flight-price-analysis/venv/lib/python3.10/site-packages/airflow/example_dags/example_skip_dag.py
[2026-02-06T09:33:31.637+0200] {logging_mixin.py:188} INFO - [2026-02-06T09:33:31.637+0200] {dag.py:3036} INFO - Sync 1 DAGs
[2026-02-06T09:33:31.655+0200] {logging_mixin.py:188} INFO - [2026-02-06T09:33:31.655+0200] {dag.py:3823} INFO - Setting next_dagrun for example_skip_dag to 2026-02-05 00:00:00+00:00, run_after=2026-02-06 00:00:00+00:00
[2026-02-06T09:33:31.679+0200] {processor.py:183} INFO - Processing /home/pazzoti/de-upskilling/airflow-flight-price-analysis/venv/lib/python3.10/site-packages/airflow/example_dags/example_skip_dag.py took 0.069 seconds
[2026-02-06T09:34:21.395+0200] {processor.py:161} INFO - Started process (PID=10428) to work on /home/pazzoti/de-upskilling/airflow-flight-price-analysis/venv/lib/python3.10/site-packages/airflow/example_dags/example_skip_dag.py
[2026-02-06T09:34:21.397+0200] {processor.py:830} INFO - Processing file /home/pazzoti/de-upskilling/airflow-flight-price-analysis/venv/lib/python3.10/site-packages/airflow/example_dags/example_skip_dag.py for tasks to queue
[2026-02-06T09:34:21.397+0200] {logging_mixin.py:188} INFO - [2026-02-06T09:34:21.397+0200] {dagbag.py:538} INFO - Filling up the DagBag from /home/pazzoti/de-upskilling/airflow-flight-price-analysis/venv/lib/python3.10/site-packages/airflow/example_dags/example_skip_dag.py
[2026-02-06T09:34:21.404+0200] {processor.py:840} INFO - DAG(s) 'example_skip_dag' retrieved from /home/pazzoti/de-upskilling/airflow-flight-price-analysis/venv/lib/python3.10/site-packages/airflow/example_dags/example_skip_dag.py
[2026-02-06T09:34:21.414+0200] {logging_mixin.py:188} INFO - [2026-02-06T09:34:21.414+0200] {dag.py:3036} INFO - Sync 1 DAGs
[2026-02-06T09:34:21.425+0200] {logging_mixin.py:188} INFO - [2026-02-06T09:34:21.425+0200] {dag.py:3823} INFO - Setting next_dagrun for example_skip_dag to 2026-02-05 00:00:00+00:00, run_after=2026-02-06 00:00:00+00:00
[2026-02-06T09:34:21.444+0200] {processor.py:183} INFO - Processing /home/pazzoti/de-upskilling/airflow-flight-price-analysis/venv/lib/python3.10/site-packages/airflow/example_dags/example_skip_dag.py took 0.052 seconds
