[2026-02-06T09:01:10.777+0200] {processor.py:161} INFO - Started process (PID=4141) to work on /home/pazzoti/de-upskilling/airflow-flight-price-analysis/venv/lib/python3.10/site-packages/airflow/example_dags/example_task_group_decorator.py
[2026-02-06T09:01:10.778+0200] {processor.py:830} INFO - Processing file /home/pazzoti/de-upskilling/airflow-flight-price-analysis/venv/lib/python3.10/site-packages/airflow/example_dags/example_task_group_decorator.py for tasks to queue
[2026-02-06T09:01:10.779+0200] {logging_mixin.py:188} INFO - [2026-02-06T09:01:10.778+0200] {dagbag.py:538} INFO - Filling up the DagBag from /home/pazzoti/de-upskilling/airflow-flight-price-analysis/venv/lib/python3.10/site-packages/airflow/example_dags/example_task_group_decorator.py
[2026-02-06T09:01:10.872+0200] {processor.py:840} INFO - DAG(s) 'example_task_group_decorator' retrieved from /home/pazzoti/de-upskilling/airflow-flight-price-analysis/venv/lib/python3.10/site-packages/airflow/example_dags/example_task_group_decorator.py
[2026-02-06T09:01:10.885+0200] {logging_mixin.py:188} INFO - [2026-02-06T09:01:10.885+0200] {dag.py:3036} INFO - Sync 1 DAGs
[2026-02-06T09:01:10.894+0200] {logging_mixin.py:188} INFO - [2026-02-06T09:01:10.894+0200] {dag.py:3823} INFO - Setting next_dagrun for example_task_group_decorator to 2026-02-05 00:00:00+00:00, run_after=2026-02-06 00:00:00+00:00
[2026-02-06T09:01:10.909+0200] {processor.py:183} INFO - Processing /home/pazzoti/de-upskilling/airflow-flight-price-analysis/venv/lib/python3.10/site-packages/airflow/example_dags/example_task_group_decorator.py took 0.134 seconds
[2026-02-06T09:02:03.446+0200] {processor.py:161} INFO - Started process (PID=4707) to work on /home/pazzoti/de-upskilling/airflow-flight-price-analysis/venv/lib/python3.10/site-packages/airflow/example_dags/example_task_group_decorator.py
[2026-02-06T09:02:03.453+0200] {processor.py:830} INFO - Processing file /home/pazzoti/de-upskilling/airflow-flight-price-analysis/venv/lib/python3.10/site-packages/airflow/example_dags/example_task_group_decorator.py for tasks to queue
[2026-02-06T09:02:03.454+0200] {logging_mixin.py:188} INFO - [2026-02-06T09:02:03.454+0200] {dagbag.py:538} INFO - Filling up the DagBag from /home/pazzoti/de-upskilling/airflow-flight-price-analysis/venv/lib/python3.10/site-packages/airflow/example_dags/example_task_group_decorator.py
[2026-02-06T09:02:03.465+0200] {processor.py:840} INFO - DAG(s) 'example_task_group_decorator' retrieved from /home/pazzoti/de-upskilling/airflow-flight-price-analysis/venv/lib/python3.10/site-packages/airflow/example_dags/example_task_group_decorator.py
[2026-02-06T09:02:03.479+0200] {logging_mixin.py:188} INFO - [2026-02-06T09:02:03.478+0200] {dag.py:3036} INFO - Sync 1 DAGs
[2026-02-06T09:02:03.491+0200] {logging_mixin.py:188} INFO - [2026-02-06T09:02:03.490+0200] {dag.py:3823} INFO - Setting next_dagrun for example_task_group_decorator to 2026-02-05 00:00:00+00:00, run_after=2026-02-06 00:00:00+00:00
[2026-02-06T09:02:03.511+0200] {processor.py:183} INFO - Processing /home/pazzoti/de-upskilling/airflow-flight-price-analysis/venv/lib/python3.10/site-packages/airflow/example_dags/example_task_group_decorator.py took 0.067 seconds
[2026-02-06T09:02:49.566+0200] {processor.py:161} INFO - Started process (PID=4975) to work on /home/pazzoti/de-upskilling/airflow-flight-price-analysis/venv/lib/python3.10/site-packages/airflow/example_dags/example_task_group_decorator.py
[2026-02-06T09:02:49.571+0200] {processor.py:830} INFO - Processing file /home/pazzoti/de-upskilling/airflow-flight-price-analysis/venv/lib/python3.10/site-packages/airflow/example_dags/example_task_group_decorator.py for tasks to queue
[2026-02-06T09:02:49.572+0200] {logging_mixin.py:188} INFO - [2026-02-06T09:02:49.572+0200] {dagbag.py:538} INFO - Filling up the DagBag from /home/pazzoti/de-upskilling/airflow-flight-price-analysis/venv/lib/python3.10/site-packages/airflow/example_dags/example_task_group_decorator.py
[2026-02-06T09:02:49.582+0200] {processor.py:840} INFO - DAG(s) 'example_task_group_decorator' retrieved from /home/pazzoti/de-upskilling/airflow-flight-price-analysis/venv/lib/python3.10/site-packages/airflow/example_dags/example_task_group_decorator.py
[2026-02-06T09:02:49.595+0200] {logging_mixin.py:188} INFO - [2026-02-06T09:02:49.595+0200] {dag.py:3036} INFO - Sync 1 DAGs
[2026-02-06T09:02:49.608+0200] {logging_mixin.py:188} INFO - [2026-02-06T09:02:49.608+0200] {dag.py:3823} INFO - Setting next_dagrun for example_task_group_decorator to 2026-02-05 00:00:00+00:00, run_after=2026-02-06 00:00:00+00:00
[2026-02-06T09:02:49.625+0200] {processor.py:183} INFO - Processing /home/pazzoti/de-upskilling/airflow-flight-price-analysis/venv/lib/python3.10/site-packages/airflow/example_dags/example_task_group_decorator.py took 0.061 seconds
[2026-02-06T09:03:30.105+0200] {processor.py:161} INFO - Started process (PID=5155) to work on /home/pazzoti/de-upskilling/airflow-flight-price-analysis/venv/lib/python3.10/site-packages/airflow/example_dags/example_task_group_decorator.py
[2026-02-06T09:03:30.109+0200] {processor.py:830} INFO - Processing file /home/pazzoti/de-upskilling/airflow-flight-price-analysis/venv/lib/python3.10/site-packages/airflow/example_dags/example_task_group_decorator.py for tasks to queue
[2026-02-06T09:03:30.110+0200] {logging_mixin.py:188} INFO - [2026-02-06T09:03:30.110+0200] {dagbag.py:538} INFO - Filling up the DagBag from /home/pazzoti/de-upskilling/airflow-flight-price-analysis/venv/lib/python3.10/site-packages/airflow/example_dags/example_task_group_decorator.py
[2026-02-06T09:03:30.122+0200] {processor.py:840} INFO - DAG(s) 'example_task_group_decorator' retrieved from /home/pazzoti/de-upskilling/airflow-flight-price-analysis/venv/lib/python3.10/site-packages/airflow/example_dags/example_task_group_decorator.py
[2026-02-06T09:03:30.135+0200] {logging_mixin.py:188} INFO - [2026-02-06T09:03:30.135+0200] {dag.py:3036} INFO - Sync 1 DAGs
[2026-02-06T09:03:30.147+0200] {logging_mixin.py:188} INFO - [2026-02-06T09:03:30.147+0200] {dag.py:3823} INFO - Setting next_dagrun for example_task_group_decorator to 2026-02-05 00:00:00+00:00, run_after=2026-02-06 00:00:00+00:00
[2026-02-06T09:03:30.163+0200] {processor.py:183} INFO - Processing /home/pazzoti/de-upskilling/airflow-flight-price-analysis/venv/lib/python3.10/site-packages/airflow/example_dags/example_task_group_decorator.py took 0.060 seconds
[2026-02-06T09:04:20.032+0200] {processor.py:161} INFO - Started process (PID=5391) to work on /home/pazzoti/de-upskilling/airflow-flight-price-analysis/venv/lib/python3.10/site-packages/airflow/example_dags/example_task_group_decorator.py
[2026-02-06T09:04:20.034+0200] {processor.py:830} INFO - Processing file /home/pazzoti/de-upskilling/airflow-flight-price-analysis/venv/lib/python3.10/site-packages/airflow/example_dags/example_task_group_decorator.py for tasks to queue
[2026-02-06T09:04:20.036+0200] {logging_mixin.py:188} INFO - [2026-02-06T09:04:20.035+0200] {dagbag.py:538} INFO - Filling up the DagBag from /home/pazzoti/de-upskilling/airflow-flight-price-analysis/venv/lib/python3.10/site-packages/airflow/example_dags/example_task_group_decorator.py
[2026-02-06T09:04:20.047+0200] {processor.py:840} INFO - DAG(s) 'example_task_group_decorator' retrieved from /home/pazzoti/de-upskilling/airflow-flight-price-analysis/venv/lib/python3.10/site-packages/airflow/example_dags/example_task_group_decorator.py
[2026-02-06T09:04:20.064+0200] {logging_mixin.py:188} INFO - [2026-02-06T09:04:20.064+0200] {dag.py:3036} INFO - Sync 1 DAGs
[2026-02-06T09:04:20.082+0200] {logging_mixin.py:188} INFO - [2026-02-06T09:04:20.082+0200] {dag.py:3823} INFO - Setting next_dagrun for example_task_group_decorator to 2026-02-05 00:00:00+00:00, run_after=2026-02-06 00:00:00+00:00
[2026-02-06T09:04:20.107+0200] {processor.py:183} INFO - Processing /home/pazzoti/de-upskilling/airflow-flight-price-analysis/venv/lib/python3.10/site-packages/airflow/example_dags/example_task_group_decorator.py took 0.078 seconds
[2026-02-06T09:04:58.286+0200] {processor.py:161} INFO - Started process (PID=5600) to work on /home/pazzoti/de-upskilling/airflow-flight-price-analysis/venv/lib/python3.10/site-packages/airflow/example_dags/example_task_group_decorator.py
[2026-02-06T09:04:58.287+0200] {processor.py:830} INFO - Processing file /home/pazzoti/de-upskilling/airflow-flight-price-analysis/venv/lib/python3.10/site-packages/airflow/example_dags/example_task_group_decorator.py for tasks to queue
[2026-02-06T09:04:58.288+0200] {logging_mixin.py:188} INFO - [2026-02-06T09:04:58.288+0200] {dagbag.py:538} INFO - Filling up the DagBag from /home/pazzoti/de-upskilling/airflow-flight-price-analysis/venv/lib/python3.10/site-packages/airflow/example_dags/example_task_group_decorator.py
[2026-02-06T09:04:58.298+0200] {processor.py:840} INFO - DAG(s) 'example_task_group_decorator' retrieved from /home/pazzoti/de-upskilling/airflow-flight-price-analysis/venv/lib/python3.10/site-packages/airflow/example_dags/example_task_group_decorator.py
[2026-02-06T09:04:58.309+0200] {logging_mixin.py:188} INFO - [2026-02-06T09:04:58.308+0200] {dag.py:3036} INFO - Sync 1 DAGs
[2026-02-06T09:04:58.320+0200] {logging_mixin.py:188} INFO - [2026-02-06T09:04:58.320+0200] {dag.py:3823} INFO - Setting next_dagrun for example_task_group_decorator to 2026-02-05 00:00:00+00:00, run_after=2026-02-06 00:00:00+00:00
[2026-02-06T09:04:58.336+0200] {processor.py:183} INFO - Processing /home/pazzoti/de-upskilling/airflow-flight-price-analysis/venv/lib/python3.10/site-packages/airflow/example_dags/example_task_group_decorator.py took 0.052 seconds
[2026-02-06T09:05:34.276+0200] {processor.py:161} INFO - Started process (PID=5775) to work on /home/pazzoti/de-upskilling/airflow-flight-price-analysis/venv/lib/python3.10/site-packages/airflow/example_dags/example_task_group_decorator.py
[2026-02-06T09:05:34.277+0200] {processor.py:830} INFO - Processing file /home/pazzoti/de-upskilling/airflow-flight-price-analysis/venv/lib/python3.10/site-packages/airflow/example_dags/example_task_group_decorator.py for tasks to queue
[2026-02-06T09:05:34.278+0200] {logging_mixin.py:188} INFO - [2026-02-06T09:05:34.278+0200] {dagbag.py:538} INFO - Filling up the DagBag from /home/pazzoti/de-upskilling/airflow-flight-price-analysis/venv/lib/python3.10/site-packages/airflow/example_dags/example_task_group_decorator.py
[2026-02-06T09:05:34.289+0200] {processor.py:840} INFO - DAG(s) 'example_task_group_decorator' retrieved from /home/pazzoti/de-upskilling/airflow-flight-price-analysis/venv/lib/python3.10/site-packages/airflow/example_dags/example_task_group_decorator.py
[2026-02-06T09:05:34.301+0200] {logging_mixin.py:188} INFO - [2026-02-06T09:05:34.300+0200] {dag.py:3036} INFO - Sync 1 DAGs
[2026-02-06T09:05:34.315+0200] {logging_mixin.py:188} INFO - [2026-02-06T09:05:34.314+0200] {dag.py:3823} INFO - Setting next_dagrun for example_task_group_decorator to 2026-02-05 00:00:00+00:00, run_after=2026-02-06 00:00:00+00:00
[2026-02-06T09:05:34.331+0200] {processor.py:183} INFO - Processing /home/pazzoti/de-upskilling/airflow-flight-price-analysis/venv/lib/python3.10/site-packages/airflow/example_dags/example_task_group_decorator.py took 0.057 seconds
[2026-02-06T09:06:11.918+0200] {processor.py:161} INFO - Started process (PID=5968) to work on /home/pazzoti/de-upskilling/airflow-flight-price-analysis/venv/lib/python3.10/site-packages/airflow/example_dags/example_task_group_decorator.py
[2026-02-06T09:06:11.919+0200] {processor.py:830} INFO - Processing file /home/pazzoti/de-upskilling/airflow-flight-price-analysis/venv/lib/python3.10/site-packages/airflow/example_dags/example_task_group_decorator.py for tasks to queue
[2026-02-06T09:06:11.920+0200] {logging_mixin.py:188} INFO - [2026-02-06T09:06:11.920+0200] {dagbag.py:538} INFO - Filling up the DagBag from /home/pazzoti/de-upskilling/airflow-flight-price-analysis/venv/lib/python3.10/site-packages/airflow/example_dags/example_task_group_decorator.py
[2026-02-06T09:06:11.931+0200] {processor.py:840} INFO - DAG(s) 'example_task_group_decorator' retrieved from /home/pazzoti/de-upskilling/airflow-flight-price-analysis/venv/lib/python3.10/site-packages/airflow/example_dags/example_task_group_decorator.py
[2026-02-06T09:06:11.947+0200] {logging_mixin.py:188} INFO - [2026-02-06T09:06:11.947+0200] {dag.py:3036} INFO - Sync 1 DAGs
[2026-02-06T09:06:11.964+0200] {logging_mixin.py:188} INFO - [2026-02-06T09:06:11.964+0200] {dag.py:3823} INFO - Setting next_dagrun for example_task_group_decorator to 2026-02-05 00:00:00+00:00, run_after=2026-02-06 00:00:00+00:00
[2026-02-06T09:06:11.986+0200] {processor.py:183} INFO - Processing /home/pazzoti/de-upskilling/airflow-flight-price-analysis/venv/lib/python3.10/site-packages/airflow/example_dags/example_task_group_decorator.py took 0.072 seconds
[2026-02-06T09:06:47.892+0200] {processor.py:161} INFO - Started process (PID=6133) to work on /home/pazzoti/de-upskilling/airflow-flight-price-analysis/venv/lib/python3.10/site-packages/airflow/example_dags/example_task_group_decorator.py
[2026-02-06T09:06:47.893+0200] {processor.py:830} INFO - Processing file /home/pazzoti/de-upskilling/airflow-flight-price-analysis/venv/lib/python3.10/site-packages/airflow/example_dags/example_task_group_decorator.py for tasks to queue
[2026-02-06T09:06:47.895+0200] {logging_mixin.py:188} INFO - [2026-02-06T09:06:47.894+0200] {dagbag.py:538} INFO - Filling up the DagBag from /home/pazzoti/de-upskilling/airflow-flight-price-analysis/venv/lib/python3.10/site-packages/airflow/example_dags/example_task_group_decorator.py
[2026-02-06T09:06:47.904+0200] {processor.py:840} INFO - DAG(s) 'example_task_group_decorator' retrieved from /home/pazzoti/de-upskilling/airflow-flight-price-analysis/venv/lib/python3.10/site-packages/airflow/example_dags/example_task_group_decorator.py
[2026-02-06T09:06:47.915+0200] {logging_mixin.py:188} INFO - [2026-02-06T09:06:47.915+0200] {dag.py:3036} INFO - Sync 1 DAGs
[2026-02-06T09:06:47.926+0200] {logging_mixin.py:188} INFO - [2026-02-06T09:06:47.926+0200] {dag.py:3823} INFO - Setting next_dagrun for example_task_group_decorator to 2026-02-05 00:00:00+00:00, run_after=2026-02-06 00:00:00+00:00
[2026-02-06T09:06:47.942+0200] {processor.py:183} INFO - Processing /home/pazzoti/de-upskilling/airflow-flight-price-analysis/venv/lib/python3.10/site-packages/airflow/example_dags/example_task_group_decorator.py took 0.054 seconds
[2026-02-06T09:07:24.720+0200] {processor.py:161} INFO - Started process (PID=6369) to work on /home/pazzoti/de-upskilling/airflow-flight-price-analysis/venv/lib/python3.10/site-packages/airflow/example_dags/example_task_group_decorator.py
[2026-02-06T09:07:24.721+0200] {processor.py:830} INFO - Processing file /home/pazzoti/de-upskilling/airflow-flight-price-analysis/venv/lib/python3.10/site-packages/airflow/example_dags/example_task_group_decorator.py for tasks to queue
[2026-02-06T09:07:24.722+0200] {logging_mixin.py:188} INFO - [2026-02-06T09:07:24.721+0200] {dagbag.py:538} INFO - Filling up the DagBag from /home/pazzoti/de-upskilling/airflow-flight-price-analysis/venv/lib/python3.10/site-packages/airflow/example_dags/example_task_group_decorator.py
[2026-02-06T09:07:24.731+0200] {processor.py:840} INFO - DAG(s) 'example_task_group_decorator' retrieved from /home/pazzoti/de-upskilling/airflow-flight-price-analysis/venv/lib/python3.10/site-packages/airflow/example_dags/example_task_group_decorator.py
[2026-02-06T09:07:24.742+0200] {logging_mixin.py:188} INFO - [2026-02-06T09:07:24.742+0200] {dag.py:3036} INFO - Sync 1 DAGs
[2026-02-06T09:07:24.753+0200] {logging_mixin.py:188} INFO - [2026-02-06T09:07:24.753+0200] {dag.py:3823} INFO - Setting next_dagrun for example_task_group_decorator to 2026-02-05 00:00:00+00:00, run_after=2026-02-06 00:00:00+00:00
[2026-02-06T09:07:24.774+0200] {processor.py:183} INFO - Processing /home/pazzoti/de-upskilling/airflow-flight-price-analysis/venv/lib/python3.10/site-packages/airflow/example_dags/example_task_group_decorator.py took 0.057 seconds
[2026-02-06T09:08:00.708+0200] {processor.py:161} INFO - Started process (PID=6531) to work on /home/pazzoti/de-upskilling/airflow-flight-price-analysis/venv/lib/python3.10/site-packages/airflow/example_dags/example_task_group_decorator.py
[2026-02-06T09:08:00.710+0200] {processor.py:830} INFO - Processing file /home/pazzoti/de-upskilling/airflow-flight-price-analysis/venv/lib/python3.10/site-packages/airflow/example_dags/example_task_group_decorator.py for tasks to queue
[2026-02-06T09:08:00.711+0200] {logging_mixin.py:188} INFO - [2026-02-06T09:08:00.710+0200] {dagbag.py:538} INFO - Filling up the DagBag from /home/pazzoti/de-upskilling/airflow-flight-price-analysis/venv/lib/python3.10/site-packages/airflow/example_dags/example_task_group_decorator.py
[2026-02-06T09:08:00.721+0200] {processor.py:840} INFO - DAG(s) 'example_task_group_decorator' retrieved from /home/pazzoti/de-upskilling/airflow-flight-price-analysis/venv/lib/python3.10/site-packages/airflow/example_dags/example_task_group_decorator.py
[2026-02-06T09:08:00.732+0200] {logging_mixin.py:188} INFO - [2026-02-06T09:08:00.732+0200] {dag.py:3036} INFO - Sync 1 DAGs
[2026-02-06T09:08:00.744+0200] {logging_mixin.py:188} INFO - [2026-02-06T09:08:00.744+0200] {dag.py:3823} INFO - Setting next_dagrun for example_task_group_decorator to 2026-02-05 00:00:00+00:00, run_after=2026-02-06 00:00:00+00:00
[2026-02-06T09:08:00.761+0200] {processor.py:183} INFO - Processing /home/pazzoti/de-upskilling/airflow-flight-price-analysis/venv/lib/python3.10/site-packages/airflow/example_dags/example_task_group_decorator.py took 0.056 seconds
[2026-02-06T09:08:36.815+0200] {processor.py:161} INFO - Started process (PID=6701) to work on /home/pazzoti/de-upskilling/airflow-flight-price-analysis/venv/lib/python3.10/site-packages/airflow/example_dags/example_task_group_decorator.py
[2026-02-06T09:08:36.818+0200] {processor.py:830} INFO - Processing file /home/pazzoti/de-upskilling/airflow-flight-price-analysis/venv/lib/python3.10/site-packages/airflow/example_dags/example_task_group_decorator.py for tasks to queue
[2026-02-06T09:08:36.819+0200] {logging_mixin.py:188} INFO - [2026-02-06T09:08:36.819+0200] {dagbag.py:538} INFO - Filling up the DagBag from /home/pazzoti/de-upskilling/airflow-flight-price-analysis/venv/lib/python3.10/site-packages/airflow/example_dags/example_task_group_decorator.py
[2026-02-06T09:08:36.828+0200] {processor.py:840} INFO - DAG(s) 'example_task_group_decorator' retrieved from /home/pazzoti/de-upskilling/airflow-flight-price-analysis/venv/lib/python3.10/site-packages/airflow/example_dags/example_task_group_decorator.py
[2026-02-06T09:08:36.839+0200] {logging_mixin.py:188} INFO - [2026-02-06T09:08:36.839+0200] {dag.py:3036} INFO - Sync 1 DAGs
[2026-02-06T09:08:36.849+0200] {logging_mixin.py:188} INFO - [2026-02-06T09:08:36.849+0200] {dag.py:3823} INFO - Setting next_dagrun for example_task_group_decorator to 2026-02-05 00:00:00+00:00, run_after=2026-02-06 00:00:00+00:00
[2026-02-06T09:08:36.865+0200] {processor.py:183} INFO - Processing /home/pazzoti/de-upskilling/airflow-flight-price-analysis/venv/lib/python3.10/site-packages/airflow/example_dags/example_task_group_decorator.py took 0.054 seconds
[2026-02-06T09:09:14.759+0200] {processor.py:161} INFO - Started process (PID=6878) to work on /home/pazzoti/de-upskilling/airflow-flight-price-analysis/venv/lib/python3.10/site-packages/airflow/example_dags/example_task_group_decorator.py
[2026-02-06T09:09:14.762+0200] {processor.py:830} INFO - Processing file /home/pazzoti/de-upskilling/airflow-flight-price-analysis/venv/lib/python3.10/site-packages/airflow/example_dags/example_task_group_decorator.py for tasks to queue
[2026-02-06T09:09:14.765+0200] {logging_mixin.py:188} INFO - [2026-02-06T09:09:14.764+0200] {dagbag.py:538} INFO - Filling up the DagBag from /home/pazzoti/de-upskilling/airflow-flight-price-analysis/venv/lib/python3.10/site-packages/airflow/example_dags/example_task_group_decorator.py
[2026-02-06T09:09:14.789+0200] {processor.py:840} INFO - DAG(s) 'example_task_group_decorator' retrieved from /home/pazzoti/de-upskilling/airflow-flight-price-analysis/venv/lib/python3.10/site-packages/airflow/example_dags/example_task_group_decorator.py
[2026-02-06T09:09:14.816+0200] {logging_mixin.py:188} INFO - [2026-02-06T09:09:14.816+0200] {dag.py:3036} INFO - Sync 1 DAGs
[2026-02-06T09:09:14.843+0200] {logging_mixin.py:188} INFO - [2026-02-06T09:09:14.843+0200] {dag.py:3823} INFO - Setting next_dagrun for example_task_group_decorator to 2026-02-05 00:00:00+00:00, run_after=2026-02-06 00:00:00+00:00
[2026-02-06T09:09:14.898+0200] {processor.py:183} INFO - Processing /home/pazzoti/de-upskilling/airflow-flight-price-analysis/venv/lib/python3.10/site-packages/airflow/example_dags/example_task_group_decorator.py took 0.145 seconds
[2026-02-06T09:09:53.947+0200] {processor.py:161} INFO - Started process (PID=7049) to work on /home/pazzoti/de-upskilling/airflow-flight-price-analysis/venv/lib/python3.10/site-packages/airflow/example_dags/example_task_group_decorator.py
[2026-02-06T09:09:53.949+0200] {processor.py:830} INFO - Processing file /home/pazzoti/de-upskilling/airflow-flight-price-analysis/venv/lib/python3.10/site-packages/airflow/example_dags/example_task_group_decorator.py for tasks to queue
[2026-02-06T09:09:53.950+0200] {logging_mixin.py:188} INFO - [2026-02-06T09:09:53.949+0200] {dagbag.py:538} INFO - Filling up the DagBag from /home/pazzoti/de-upskilling/airflow-flight-price-analysis/venv/lib/python3.10/site-packages/airflow/example_dags/example_task_group_decorator.py
[2026-02-06T09:09:53.967+0200] {processor.py:840} INFO - DAG(s) 'example_task_group_decorator' retrieved from /home/pazzoti/de-upskilling/airflow-flight-price-analysis/venv/lib/python3.10/site-packages/airflow/example_dags/example_task_group_decorator.py
[2026-02-06T09:09:53.984+0200] {logging_mixin.py:188} INFO - [2026-02-06T09:09:53.984+0200] {dag.py:3036} INFO - Sync 1 DAGs
[2026-02-06T09:09:54.003+0200] {logging_mixin.py:188} INFO - [2026-02-06T09:09:54.003+0200] {dag.py:3823} INFO - Setting next_dagrun for example_task_group_decorator to 2026-02-05 00:00:00+00:00, run_after=2026-02-06 00:00:00+00:00
[2026-02-06T09:09:54.033+0200] {processor.py:183} INFO - Processing /home/pazzoti/de-upskilling/airflow-flight-price-analysis/venv/lib/python3.10/site-packages/airflow/example_dags/example_task_group_decorator.py took 0.090 seconds
[2026-02-06T09:11:01.631+0200] {processor.py:161} INFO - Started process (PID=7553) to work on /home/pazzoti/de-upskilling/airflow-flight-price-analysis/venv/lib/python3.10/site-packages/airflow/example_dags/example_task_group_decorator.py
[2026-02-06T09:11:01.639+0200] {processor.py:830} INFO - Processing file /home/pazzoti/de-upskilling/airflow-flight-price-analysis/venv/lib/python3.10/site-packages/airflow/example_dags/example_task_group_decorator.py for tasks to queue
[2026-02-06T09:11:01.641+0200] {logging_mixin.py:188} INFO - [2026-02-06T09:11:01.640+0200] {dagbag.py:538} INFO - Filling up the DagBag from /home/pazzoti/de-upskilling/airflow-flight-price-analysis/venv/lib/python3.10/site-packages/airflow/example_dags/example_task_group_decorator.py
[2026-02-06T09:11:01.910+0200] {processor.py:840} INFO - DAG(s) 'example_task_group_decorator' retrieved from /home/pazzoti/de-upskilling/airflow-flight-price-analysis/venv/lib/python3.10/site-packages/airflow/example_dags/example_task_group_decorator.py
[2026-02-06T09:11:01.981+0200] {logging_mixin.py:188} INFO - [2026-02-06T09:11:01.981+0200] {dag.py:3036} INFO - Sync 1 DAGs
[2026-02-06T09:11:02.035+0200] {logging_mixin.py:188} INFO - [2026-02-06T09:11:02.034+0200] {dag.py:3823} INFO - Setting next_dagrun for example_task_group_decorator to 2026-02-05 00:00:00+00:00, run_after=2026-02-06 00:00:00+00:00
[2026-02-06T09:11:02.098+0200] {processor.py:183} INFO - Processing /home/pazzoti/de-upskilling/airflow-flight-price-analysis/venv/lib/python3.10/site-packages/airflow/example_dags/example_task_group_decorator.py took 0.473 seconds
[2026-02-06T09:12:08.389+0200] {processor.py:161} INFO - Started process (PID=8222) to work on /home/pazzoti/de-upskilling/airflow-flight-price-analysis/venv/lib/python3.10/site-packages/airflow/example_dags/example_task_group_decorator.py
[2026-02-06T09:12:08.391+0200] {processor.py:830} INFO - Processing file /home/pazzoti/de-upskilling/airflow-flight-price-analysis/venv/lib/python3.10/site-packages/airflow/example_dags/example_task_group_decorator.py for tasks to queue
[2026-02-06T09:12:08.392+0200] {logging_mixin.py:188} INFO - [2026-02-06T09:12:08.392+0200] {dagbag.py:538} INFO - Filling up the DagBag from /home/pazzoti/de-upskilling/airflow-flight-price-analysis/venv/lib/python3.10/site-packages/airflow/example_dags/example_task_group_decorator.py
[2026-02-06T09:12:08.401+0200] {processor.py:840} INFO - DAG(s) 'example_task_group_decorator' retrieved from /home/pazzoti/de-upskilling/airflow-flight-price-analysis/venv/lib/python3.10/site-packages/airflow/example_dags/example_task_group_decorator.py
[2026-02-06T09:12:08.411+0200] {logging_mixin.py:188} INFO - [2026-02-06T09:12:08.411+0200] {dag.py:3036} INFO - Sync 1 DAGs
[2026-02-06T09:12:08.424+0200] {logging_mixin.py:188} INFO - [2026-02-06T09:12:08.423+0200] {dag.py:3823} INFO - Setting next_dagrun for example_task_group_decorator to 2026-02-05 00:00:00+00:00, run_after=2026-02-06 00:00:00+00:00
[2026-02-06T09:12:08.440+0200] {processor.py:183} INFO - Processing /home/pazzoti/de-upskilling/airflow-flight-price-analysis/venv/lib/python3.10/site-packages/airflow/example_dags/example_task_group_decorator.py took 0.053 seconds
[2026-02-06T09:12:56.363+0200] {processor.py:161} INFO - Started process (PID=8437) to work on /home/pazzoti/de-upskilling/airflow-flight-price-analysis/venv/lib/python3.10/site-packages/airflow/example_dags/example_task_group_decorator.py
[2026-02-06T09:12:56.367+0200] {processor.py:830} INFO - Processing file /home/pazzoti/de-upskilling/airflow-flight-price-analysis/venv/lib/python3.10/site-packages/airflow/example_dags/example_task_group_decorator.py for tasks to queue
[2026-02-06T09:12:56.367+0200] {logging_mixin.py:188} INFO - [2026-02-06T09:12:56.367+0200] {dagbag.py:538} INFO - Filling up the DagBag from /home/pazzoti/de-upskilling/airflow-flight-price-analysis/venv/lib/python3.10/site-packages/airflow/example_dags/example_task_group_decorator.py
[2026-02-06T09:12:56.378+0200] {processor.py:840} INFO - DAG(s) 'example_task_group_decorator' retrieved from /home/pazzoti/de-upskilling/airflow-flight-price-analysis/venv/lib/python3.10/site-packages/airflow/example_dags/example_task_group_decorator.py
[2026-02-06T09:12:56.388+0200] {logging_mixin.py:188} INFO - [2026-02-06T09:12:56.388+0200] {dag.py:3036} INFO - Sync 1 DAGs
[2026-02-06T09:12:56.398+0200] {logging_mixin.py:188} INFO - [2026-02-06T09:12:56.398+0200] {dag.py:3823} INFO - Setting next_dagrun for example_task_group_decorator to 2026-02-05 00:00:00+00:00, run_after=2026-02-06 00:00:00+00:00
[2026-02-06T09:12:56.414+0200] {processor.py:183} INFO - Processing /home/pazzoti/de-upskilling/airflow-flight-price-analysis/venv/lib/python3.10/site-packages/airflow/example_dags/example_task_group_decorator.py took 0.054 seconds
[2026-02-06T09:13:44.977+0200] {processor.py:161} INFO - Started process (PID=8662) to work on /home/pazzoti/de-upskilling/airflow-flight-price-analysis/venv/lib/python3.10/site-packages/airflow/example_dags/example_task_group_decorator.py
[2026-02-06T09:13:44.984+0200] {processor.py:830} INFO - Processing file /home/pazzoti/de-upskilling/airflow-flight-price-analysis/venv/lib/python3.10/site-packages/airflow/example_dags/example_task_group_decorator.py for tasks to queue
[2026-02-06T09:13:44.985+0200] {logging_mixin.py:188} INFO - [2026-02-06T09:13:44.985+0200] {dagbag.py:538} INFO - Filling up the DagBag from /home/pazzoti/de-upskilling/airflow-flight-price-analysis/venv/lib/python3.10/site-packages/airflow/example_dags/example_task_group_decorator.py
[2026-02-06T09:13:44.996+0200] {processor.py:840} INFO - DAG(s) 'example_task_group_decorator' retrieved from /home/pazzoti/de-upskilling/airflow-flight-price-analysis/venv/lib/python3.10/site-packages/airflow/example_dags/example_task_group_decorator.py
[2026-02-06T09:13:45.007+0200] {logging_mixin.py:188} INFO - [2026-02-06T09:13:45.007+0200] {dag.py:3036} INFO - Sync 1 DAGs
[2026-02-06T09:13:45.019+0200] {logging_mixin.py:188} INFO - [2026-02-06T09:13:45.019+0200] {dag.py:3823} INFO - Setting next_dagrun for example_task_group_decorator to 2026-02-05 00:00:00+00:00, run_after=2026-02-06 00:00:00+00:00
[2026-02-06T09:13:45.036+0200] {processor.py:183} INFO - Processing /home/pazzoti/de-upskilling/airflow-flight-price-analysis/venv/lib/python3.10/site-packages/airflow/example_dags/example_task_group_decorator.py took 0.063 seconds
[2026-02-06T09:14:21.148+0200] {processor.py:161} INFO - Started process (PID=8826) to work on /home/pazzoti/de-upskilling/airflow-flight-price-analysis/venv/lib/python3.10/site-packages/airflow/example_dags/example_task_group_decorator.py
[2026-02-06T09:14:21.149+0200] {processor.py:830} INFO - Processing file /home/pazzoti/de-upskilling/airflow-flight-price-analysis/venv/lib/python3.10/site-packages/airflow/example_dags/example_task_group_decorator.py for tasks to queue
[2026-02-06T09:14:21.150+0200] {logging_mixin.py:188} INFO - [2026-02-06T09:14:21.150+0200] {dagbag.py:538} INFO - Filling up the DagBag from /home/pazzoti/de-upskilling/airflow-flight-price-analysis/venv/lib/python3.10/site-packages/airflow/example_dags/example_task_group_decorator.py
[2026-02-06T09:14:21.160+0200] {processor.py:840} INFO - DAG(s) 'example_task_group_decorator' retrieved from /home/pazzoti/de-upskilling/airflow-flight-price-analysis/venv/lib/python3.10/site-packages/airflow/example_dags/example_task_group_decorator.py
[2026-02-06T09:14:21.171+0200] {logging_mixin.py:188} INFO - [2026-02-06T09:14:21.171+0200] {dag.py:3036} INFO - Sync 1 DAGs
[2026-02-06T09:14:21.184+0200] {logging_mixin.py:188} INFO - [2026-02-06T09:14:21.183+0200] {dag.py:3823} INFO - Setting next_dagrun for example_task_group_decorator to 2026-02-05 00:00:00+00:00, run_after=2026-02-06 00:00:00+00:00
[2026-02-06T09:14:21.202+0200] {processor.py:183} INFO - Processing /home/pazzoti/de-upskilling/airflow-flight-price-analysis/venv/lib/python3.10/site-packages/airflow/example_dags/example_task_group_decorator.py took 0.059 seconds
[2026-02-06T09:14:59.098+0200] {processor.py:161} INFO - Started process (PID=8997) to work on /home/pazzoti/de-upskilling/airflow-flight-price-analysis/venv/lib/python3.10/site-packages/airflow/example_dags/example_task_group_decorator.py
[2026-02-06T09:14:59.101+0200] {processor.py:830} INFO - Processing file /home/pazzoti/de-upskilling/airflow-flight-price-analysis/venv/lib/python3.10/site-packages/airflow/example_dags/example_task_group_decorator.py for tasks to queue
[2026-02-06T09:14:59.102+0200] {logging_mixin.py:188} INFO - [2026-02-06T09:14:59.102+0200] {dagbag.py:538} INFO - Filling up the DagBag from /home/pazzoti/de-upskilling/airflow-flight-price-analysis/venv/lib/python3.10/site-packages/airflow/example_dags/example_task_group_decorator.py
[2026-02-06T09:14:59.116+0200] {processor.py:840} INFO - DAG(s) 'example_task_group_decorator' retrieved from /home/pazzoti/de-upskilling/airflow-flight-price-analysis/venv/lib/python3.10/site-packages/airflow/example_dags/example_task_group_decorator.py
[2026-02-06T09:14:59.129+0200] {logging_mixin.py:188} INFO - [2026-02-06T09:14:59.129+0200] {dag.py:3036} INFO - Sync 1 DAGs
[2026-02-06T09:14:59.141+0200] {logging_mixin.py:188} INFO - [2026-02-06T09:14:59.141+0200] {dag.py:3823} INFO - Setting next_dagrun for example_task_group_decorator to 2026-02-05 00:00:00+00:00, run_after=2026-02-06 00:00:00+00:00
[2026-02-06T09:14:59.161+0200] {processor.py:183} INFO - Processing /home/pazzoti/de-upskilling/airflow-flight-price-analysis/venv/lib/python3.10/site-packages/airflow/example_dags/example_task_group_decorator.py took 0.066 seconds
[2026-02-06T09:15:37.375+0200] {processor.py:161} INFO - Started process (PID=9179) to work on /home/pazzoti/de-upskilling/airflow-flight-price-analysis/venv/lib/python3.10/site-packages/airflow/example_dags/example_task_group_decorator.py
[2026-02-06T09:15:37.377+0200] {processor.py:830} INFO - Processing file /home/pazzoti/de-upskilling/airflow-flight-price-analysis/venv/lib/python3.10/site-packages/airflow/example_dags/example_task_group_decorator.py for tasks to queue
[2026-02-06T09:15:37.378+0200] {logging_mixin.py:188} INFO - [2026-02-06T09:15:37.378+0200] {dagbag.py:538} INFO - Filling up the DagBag from /home/pazzoti/de-upskilling/airflow-flight-price-analysis/venv/lib/python3.10/site-packages/airflow/example_dags/example_task_group_decorator.py
[2026-02-06T09:15:37.393+0200] {processor.py:840} INFO - DAG(s) 'example_task_group_decorator' retrieved from /home/pazzoti/de-upskilling/airflow-flight-price-analysis/venv/lib/python3.10/site-packages/airflow/example_dags/example_task_group_decorator.py
[2026-02-06T09:15:37.407+0200] {logging_mixin.py:188} INFO - [2026-02-06T09:15:37.407+0200] {dag.py:3036} INFO - Sync 1 DAGs
[2026-02-06T09:15:37.423+0200] {logging_mixin.py:188} INFO - [2026-02-06T09:15:37.423+0200] {dag.py:3823} INFO - Setting next_dagrun for example_task_group_decorator to 2026-02-05 00:00:00+00:00, run_after=2026-02-06 00:00:00+00:00
[2026-02-06T09:15:37.448+0200] {processor.py:183} INFO - Processing /home/pazzoti/de-upskilling/airflow-flight-price-analysis/venv/lib/python3.10/site-packages/airflow/example_dags/example_task_group_decorator.py took 0.076 seconds
[2026-02-06T09:16:25.899+0200] {processor.py:161} INFO - Started process (PID=9437) to work on /home/pazzoti/de-upskilling/airflow-flight-price-analysis/venv/lib/python3.10/site-packages/airflow/example_dags/example_task_group_decorator.py
[2026-02-06T09:16:25.905+0200] {processor.py:830} INFO - Processing file /home/pazzoti/de-upskilling/airflow-flight-price-analysis/venv/lib/python3.10/site-packages/airflow/example_dags/example_task_group_decorator.py for tasks to queue
[2026-02-06T09:16:25.906+0200] {logging_mixin.py:188} INFO - [2026-02-06T09:16:25.906+0200] {dagbag.py:538} INFO - Filling up the DagBag from /home/pazzoti/de-upskilling/airflow-flight-price-analysis/venv/lib/python3.10/site-packages/airflow/example_dags/example_task_group_decorator.py
[2026-02-06T09:16:25.915+0200] {processor.py:840} INFO - DAG(s) 'example_task_group_decorator' retrieved from /home/pazzoti/de-upskilling/airflow-flight-price-analysis/venv/lib/python3.10/site-packages/airflow/example_dags/example_task_group_decorator.py
[2026-02-06T09:16:25.929+0200] {logging_mixin.py:188} INFO - [2026-02-06T09:16:25.929+0200] {dag.py:3036} INFO - Sync 1 DAGs
[2026-02-06T09:16:25.940+0200] {logging_mixin.py:188} INFO - [2026-02-06T09:16:25.940+0200] {dag.py:3823} INFO - Setting next_dagrun for example_task_group_decorator to 2026-02-05 00:00:00+00:00, run_after=2026-02-06 00:00:00+00:00
[2026-02-06T09:16:25.955+0200] {processor.py:183} INFO - Processing /home/pazzoti/de-upskilling/airflow-flight-price-analysis/venv/lib/python3.10/site-packages/airflow/example_dags/example_task_group_decorator.py took 0.058 seconds
[2026-02-06T09:17:00.124+0200] {processor.py:161} INFO - Started process (PID=9588) to work on /home/pazzoti/de-upskilling/airflow-flight-price-analysis/venv/lib/python3.10/site-packages/airflow/example_dags/example_task_group_decorator.py
[2026-02-06T09:17:00.126+0200] {processor.py:830} INFO - Processing file /home/pazzoti/de-upskilling/airflow-flight-price-analysis/venv/lib/python3.10/site-packages/airflow/example_dags/example_task_group_decorator.py for tasks to queue
[2026-02-06T09:17:00.127+0200] {logging_mixin.py:188} INFO - [2026-02-06T09:17:00.127+0200] {dagbag.py:538} INFO - Filling up the DagBag from /home/pazzoti/de-upskilling/airflow-flight-price-analysis/venv/lib/python3.10/site-packages/airflow/example_dags/example_task_group_decorator.py
[2026-02-06T09:17:00.137+0200] {processor.py:840} INFO - DAG(s) 'example_task_group_decorator' retrieved from /home/pazzoti/de-upskilling/airflow-flight-price-analysis/venv/lib/python3.10/site-packages/airflow/example_dags/example_task_group_decorator.py
[2026-02-06T09:17:00.149+0200] {logging_mixin.py:188} INFO - [2026-02-06T09:17:00.149+0200] {dag.py:3036} INFO - Sync 1 DAGs
[2026-02-06T09:17:00.161+0200] {logging_mixin.py:188} INFO - [2026-02-06T09:17:00.160+0200] {dag.py:3823} INFO - Setting next_dagrun for example_task_group_decorator to 2026-02-05 00:00:00+00:00, run_after=2026-02-06 00:00:00+00:00
[2026-02-06T09:17:00.177+0200] {processor.py:183} INFO - Processing /home/pazzoti/de-upskilling/airflow-flight-price-analysis/venv/lib/python3.10/site-packages/airflow/example_dags/example_task_group_decorator.py took 0.056 seconds
[2026-02-06T09:29:19.198+0200] {processor.py:161} INFO - Started process (PID=9876) to work on /home/pazzoti/de-upskilling/airflow-flight-price-analysis/venv/lib/python3.10/site-packages/airflow/example_dags/example_task_group_decorator.py
[2026-02-06T09:29:19.209+0200] {processor.py:830} INFO - Processing file /home/pazzoti/de-upskilling/airflow-flight-price-analysis/venv/lib/python3.10/site-packages/airflow/example_dags/example_task_group_decorator.py for tasks to queue
[2026-02-06T09:29:19.210+0200] {logging_mixin.py:188} INFO - [2026-02-06T09:29:19.209+0200] {dagbag.py:538} INFO - Filling up the DagBag from /home/pazzoti/de-upskilling/airflow-flight-price-analysis/venv/lib/python3.10/site-packages/airflow/example_dags/example_task_group_decorator.py
[2026-02-06T09:29:19.220+0200] {processor.py:840} INFO - DAG(s) 'example_task_group_decorator' retrieved from /home/pazzoti/de-upskilling/airflow-flight-price-analysis/venv/lib/python3.10/site-packages/airflow/example_dags/example_task_group_decorator.py
[2026-02-06T09:29:19.233+0200] {logging_mixin.py:188} INFO - [2026-02-06T09:29:19.233+0200] {dag.py:3036} INFO - Sync 1 DAGs
[2026-02-06T09:29:19.245+0200] {logging_mixin.py:188} INFO - [2026-02-06T09:29:19.244+0200] {dag.py:3823} INFO - Setting next_dagrun for example_task_group_decorator to 2026-02-05 00:00:00+00:00, run_after=2026-02-06 00:00:00+00:00
[2026-02-06T09:29:19.265+0200] {processor.py:183} INFO - Processing /home/pazzoti/de-upskilling/airflow-flight-price-analysis/venv/lib/python3.10/site-packages/airflow/example_dags/example_task_group_decorator.py took 0.070 seconds
[2026-02-06T09:30:01.861+0200] {processor.py:161} INFO - Started process (PID=9956) to work on /home/pazzoti/de-upskilling/airflow-flight-price-analysis/venv/lib/python3.10/site-packages/airflow/example_dags/example_task_group_decorator.py
[2026-02-06T09:30:01.868+0200] {processor.py:830} INFO - Processing file /home/pazzoti/de-upskilling/airflow-flight-price-analysis/venv/lib/python3.10/site-packages/airflow/example_dags/example_task_group_decorator.py for tasks to queue
[2026-02-06T09:30:01.869+0200] {logging_mixin.py:188} INFO - [2026-02-06T09:30:01.869+0200] {dagbag.py:538} INFO - Filling up the DagBag from /home/pazzoti/de-upskilling/airflow-flight-price-analysis/venv/lib/python3.10/site-packages/airflow/example_dags/example_task_group_decorator.py
[2026-02-06T09:30:01.883+0200] {processor.py:840} INFO - DAG(s) 'example_task_group_decorator' retrieved from /home/pazzoti/de-upskilling/airflow-flight-price-analysis/venv/lib/python3.10/site-packages/airflow/example_dags/example_task_group_decorator.py
[2026-02-06T09:30:01.906+0200] {logging_mixin.py:188} INFO - [2026-02-06T09:30:01.906+0200] {dag.py:3036} INFO - Sync 1 DAGs
[2026-02-06T09:30:01.930+0200] {logging_mixin.py:188} INFO - [2026-02-06T09:30:01.930+0200] {dag.py:3823} INFO - Setting next_dagrun for example_task_group_decorator to 2026-02-05 00:00:00+00:00, run_after=2026-02-06 00:00:00+00:00
[2026-02-06T09:30:01.972+0200] {processor.py:183} INFO - Processing /home/pazzoti/de-upskilling/airflow-flight-price-analysis/venv/lib/python3.10/site-packages/airflow/example_dags/example_task_group_decorator.py took 0.116 seconds
[2026-02-06T09:30:45.383+0200] {processor.py:161} INFO - Started process (PID=10023) to work on /home/pazzoti/de-upskilling/airflow-flight-price-analysis/venv/lib/python3.10/site-packages/airflow/example_dags/example_task_group_decorator.py
[2026-02-06T09:30:45.385+0200] {processor.py:830} INFO - Processing file /home/pazzoti/de-upskilling/airflow-flight-price-analysis/venv/lib/python3.10/site-packages/airflow/example_dags/example_task_group_decorator.py for tasks to queue
[2026-02-06T09:30:45.386+0200] {logging_mixin.py:188} INFO - [2026-02-06T09:30:45.386+0200] {dagbag.py:538} INFO - Filling up the DagBag from /home/pazzoti/de-upskilling/airflow-flight-price-analysis/venv/lib/python3.10/site-packages/airflow/example_dags/example_task_group_decorator.py
[2026-02-06T09:30:45.396+0200] {processor.py:840} INFO - DAG(s) 'example_task_group_decorator' retrieved from /home/pazzoti/de-upskilling/airflow-flight-price-analysis/venv/lib/python3.10/site-packages/airflow/example_dags/example_task_group_decorator.py
[2026-02-06T09:30:45.409+0200] {logging_mixin.py:188} INFO - [2026-02-06T09:30:45.409+0200] {dag.py:3036} INFO - Sync 1 DAGs
[2026-02-06T09:30:45.423+0200] {logging_mixin.py:188} INFO - [2026-02-06T09:30:45.423+0200] {dag.py:3823} INFO - Setting next_dagrun for example_task_group_decorator to 2026-02-05 00:00:00+00:00, run_after=2026-02-06 00:00:00+00:00
[2026-02-06T09:30:45.441+0200] {processor.py:183} INFO - Processing /home/pazzoti/de-upskilling/airflow-flight-price-analysis/venv/lib/python3.10/site-packages/airflow/example_dags/example_task_group_decorator.py took 0.060 seconds
[2026-02-06T09:31:26.505+0200] {processor.py:161} INFO - Started process (PID=10094) to work on /home/pazzoti/de-upskilling/airflow-flight-price-analysis/venv/lib/python3.10/site-packages/airflow/example_dags/example_task_group_decorator.py
[2026-02-06T09:31:26.513+0200] {processor.py:830} INFO - Processing file /home/pazzoti/de-upskilling/airflow-flight-price-analysis/venv/lib/python3.10/site-packages/airflow/example_dags/example_task_group_decorator.py for tasks to queue
[2026-02-06T09:31:26.514+0200] {logging_mixin.py:188} INFO - [2026-02-06T09:31:26.514+0200] {dagbag.py:538} INFO - Filling up the DagBag from /home/pazzoti/de-upskilling/airflow-flight-price-analysis/venv/lib/python3.10/site-packages/airflow/example_dags/example_task_group_decorator.py
[2026-02-06T09:31:26.523+0200] {processor.py:840} INFO - DAG(s) 'example_task_group_decorator' retrieved from /home/pazzoti/de-upskilling/airflow-flight-price-analysis/venv/lib/python3.10/site-packages/airflow/example_dags/example_task_group_decorator.py
[2026-02-06T09:31:26.534+0200] {logging_mixin.py:188} INFO - [2026-02-06T09:31:26.534+0200] {dag.py:3036} INFO - Sync 1 DAGs
[2026-02-06T09:31:26.545+0200] {logging_mixin.py:188} INFO - [2026-02-06T09:31:26.545+0200] {dag.py:3823} INFO - Setting next_dagrun for example_task_group_decorator to 2026-02-05 00:00:00+00:00, run_after=2026-02-06 00:00:00+00:00
[2026-02-06T09:31:26.560+0200] {processor.py:183} INFO - Processing /home/pazzoti/de-upskilling/airflow-flight-price-analysis/venv/lib/python3.10/site-packages/airflow/example_dags/example_task_group_decorator.py took 0.060 seconds
[2026-02-06T09:32:14.579+0200] {processor.py:161} INFO - Started process (PID=10181) to work on /home/pazzoti/de-upskilling/airflow-flight-price-analysis/venv/lib/python3.10/site-packages/airflow/example_dags/example_task_group_decorator.py
[2026-02-06T09:32:14.583+0200] {processor.py:830} INFO - Processing file /home/pazzoti/de-upskilling/airflow-flight-price-analysis/venv/lib/python3.10/site-packages/airflow/example_dags/example_task_group_decorator.py for tasks to queue
[2026-02-06T09:32:14.584+0200] {logging_mixin.py:188} INFO - [2026-02-06T09:32:14.584+0200] {dagbag.py:538} INFO - Filling up the DagBag from /home/pazzoti/de-upskilling/airflow-flight-price-analysis/venv/lib/python3.10/site-packages/airflow/example_dags/example_task_group_decorator.py
[2026-02-06T09:32:14.594+0200] {processor.py:840} INFO - DAG(s) 'example_task_group_decorator' retrieved from /home/pazzoti/de-upskilling/airflow-flight-price-analysis/venv/lib/python3.10/site-packages/airflow/example_dags/example_task_group_decorator.py
[2026-02-06T09:32:14.606+0200] {logging_mixin.py:188} INFO - [2026-02-06T09:32:14.606+0200] {dag.py:3036} INFO - Sync 1 DAGs
[2026-02-06T09:32:14.618+0200] {logging_mixin.py:188} INFO - [2026-02-06T09:32:14.617+0200] {dag.py:3823} INFO - Setting next_dagrun for example_task_group_decorator to 2026-02-05 00:00:00+00:00, run_after=2026-02-06 00:00:00+00:00
[2026-02-06T09:32:14.633+0200] {processor.py:183} INFO - Processing /home/pazzoti/de-upskilling/airflow-flight-price-analysis/venv/lib/python3.10/site-packages/airflow/example_dags/example_task_group_decorator.py took 0.057 seconds
[2026-02-06T09:32:50.892+0200] {processor.py:161} INFO - Started process (PID=10283) to work on /home/pazzoti/de-upskilling/airflow-flight-price-analysis/venv/lib/python3.10/site-packages/airflow/example_dags/example_task_group_decorator.py
[2026-02-06T09:32:50.894+0200] {processor.py:830} INFO - Processing file /home/pazzoti/de-upskilling/airflow-flight-price-analysis/venv/lib/python3.10/site-packages/airflow/example_dags/example_task_group_decorator.py for tasks to queue
[2026-02-06T09:32:50.895+0200] {logging_mixin.py:188} INFO - [2026-02-06T09:32:50.895+0200] {dagbag.py:538} INFO - Filling up the DagBag from /home/pazzoti/de-upskilling/airflow-flight-price-analysis/venv/lib/python3.10/site-packages/airflow/example_dags/example_task_group_decorator.py
[2026-02-06T09:32:50.904+0200] {processor.py:840} INFO - DAG(s) 'example_task_group_decorator' retrieved from /home/pazzoti/de-upskilling/airflow-flight-price-analysis/venv/lib/python3.10/site-packages/airflow/example_dags/example_task_group_decorator.py
[2026-02-06T09:32:50.916+0200] {logging_mixin.py:188} INFO - [2026-02-06T09:32:50.915+0200] {dag.py:3036} INFO - Sync 1 DAGs
[2026-02-06T09:32:50.926+0200] {logging_mixin.py:188} INFO - [2026-02-06T09:32:50.926+0200] {dag.py:3823} INFO - Setting next_dagrun for example_task_group_decorator to 2026-02-05 00:00:00+00:00, run_after=2026-02-06 00:00:00+00:00
[2026-02-06T09:32:50.942+0200] {processor.py:183} INFO - Processing /home/pazzoti/de-upskilling/airflow-flight-price-analysis/venv/lib/python3.10/site-packages/airflow/example_dags/example_task_group_decorator.py took 0.053 seconds
[2026-02-06T09:33:38.143+0200] {processor.py:161} INFO - Started process (PID=10348) to work on /home/pazzoti/de-upskilling/airflow-flight-price-analysis/venv/lib/python3.10/site-packages/airflow/example_dags/example_task_group_decorator.py
[2026-02-06T09:33:38.152+0200] {processor.py:830} INFO - Processing file /home/pazzoti/de-upskilling/airflow-flight-price-analysis/venv/lib/python3.10/site-packages/airflow/example_dags/example_task_group_decorator.py for tasks to queue
[2026-02-06T09:33:38.155+0200] {logging_mixin.py:188} INFO - [2026-02-06T09:33:38.153+0200] {dagbag.py:538} INFO - Filling up the DagBag from /home/pazzoti/de-upskilling/airflow-flight-price-analysis/venv/lib/python3.10/site-packages/airflow/example_dags/example_task_group_decorator.py
[2026-02-06T09:33:38.184+0200] {processor.py:840} INFO - DAG(s) 'example_task_group_decorator' retrieved from /home/pazzoti/de-upskilling/airflow-flight-price-analysis/venv/lib/python3.10/site-packages/airflow/example_dags/example_task_group_decorator.py
[2026-02-06T09:33:38.221+0200] {logging_mixin.py:188} INFO - [2026-02-06T09:33:38.221+0200] {dag.py:3036} INFO - Sync 1 DAGs
[2026-02-06T09:33:38.254+0200] {logging_mixin.py:188} INFO - [2026-02-06T09:33:38.253+0200] {dag.py:3823} INFO - Setting next_dagrun for example_task_group_decorator to 2026-02-05 00:00:00+00:00, run_after=2026-02-06 00:00:00+00:00
[2026-02-06T09:33:38.289+0200] {processor.py:183} INFO - Processing /home/pazzoti/de-upskilling/airflow-flight-price-analysis/venv/lib/python3.10/site-packages/airflow/example_dags/example_task_group_decorator.py took 0.149 seconds
[2026-02-06T09:34:28.892+0200] {processor.py:161} INFO - Started process (PID=10436) to work on /home/pazzoti/de-upskilling/airflow-flight-price-analysis/venv/lib/python3.10/site-packages/airflow/example_dags/example_task_group_decorator.py
[2026-02-06T09:34:28.895+0200] {processor.py:830} INFO - Processing file /home/pazzoti/de-upskilling/airflow-flight-price-analysis/venv/lib/python3.10/site-packages/airflow/example_dags/example_task_group_decorator.py for tasks to queue
[2026-02-06T09:34:28.896+0200] {logging_mixin.py:188} INFO - [2026-02-06T09:34:28.895+0200] {dagbag.py:538} INFO - Filling up the DagBag from /home/pazzoti/de-upskilling/airflow-flight-price-analysis/venv/lib/python3.10/site-packages/airflow/example_dags/example_task_group_decorator.py
[2026-02-06T09:34:28.905+0200] {processor.py:840} INFO - DAG(s) 'example_task_group_decorator' retrieved from /home/pazzoti/de-upskilling/airflow-flight-price-analysis/venv/lib/python3.10/site-packages/airflow/example_dags/example_task_group_decorator.py
[2026-02-06T09:34:28.917+0200] {logging_mixin.py:188} INFO - [2026-02-06T09:34:28.917+0200] {dag.py:3036} INFO - Sync 1 DAGs
[2026-02-06T09:34:28.931+0200] {logging_mixin.py:188} INFO - [2026-02-06T09:34:28.931+0200] {dag.py:3823} INFO - Setting next_dagrun for example_task_group_decorator to 2026-02-05 00:00:00+00:00, run_after=2026-02-06 00:00:00+00:00
[2026-02-06T09:34:28.948+0200] {processor.py:183} INFO - Processing /home/pazzoti/de-upskilling/airflow-flight-price-analysis/venv/lib/python3.10/site-packages/airflow/example_dags/example_task_group_decorator.py took 0.058 seconds
