[2026-02-06T09:01:06.881+0200] {processor.py:161} INFO - Started process (PID=4110) to work on /home/pazzoti/de-upskilling/airflow-flight-price-analysis/venv/lib/python3.10/site-packages/airflow/example_dags/example_dag_decorator.py
[2026-02-06T09:01:06.882+0200] {processor.py:830} INFO - Processing file /home/pazzoti/de-upskilling/airflow-flight-price-analysis/venv/lib/python3.10/site-packages/airflow/example_dags/example_dag_decorator.py for tasks to queue
[2026-02-06T09:01:06.882+0200] {logging_mixin.py:188} INFO - [2026-02-06T09:01:06.882+0200] {dagbag.py:538} INFO - Filling up the DagBag from /home/pazzoti/de-upskilling/airflow-flight-price-analysis/venv/lib/python3.10/site-packages/airflow/example_dags/example_dag_decorator.py
[2026-02-06T09:01:07.010+0200] {processor.py:840} INFO - DAG(s) 'example_dag_decorator' retrieved from /home/pazzoti/de-upskilling/airflow-flight-price-analysis/venv/lib/python3.10/site-packages/airflow/example_dags/example_dag_decorator.py
[2026-02-06T09:01:07.087+0200] {logging_mixin.py:188} INFO - [2026-02-06T09:01:07.087+0200] {dag.py:3036} INFO - Sync 1 DAGs
[2026-02-06T09:01:07.093+0200] {logging_mixin.py:188} INFO - [2026-02-06T09:01:07.093+0200] {dag.py:3823} INFO - Setting next_dagrun for example_dag_decorator to None, run_after=None
[2026-02-06T09:01:07.108+0200] {processor.py:183} INFO - Processing /home/pazzoti/de-upskilling/airflow-flight-price-analysis/venv/lib/python3.10/site-packages/airflow/example_dags/example_dag_decorator.py took 0.229 seconds
[2026-02-06T09:01:58.860+0200] {processor.py:161} INFO - Started process (PID=4661) to work on /home/pazzoti/de-upskilling/airflow-flight-price-analysis/venv/lib/python3.10/site-packages/airflow/example_dags/example_dag_decorator.py
[2026-02-06T09:01:58.862+0200] {processor.py:830} INFO - Processing file /home/pazzoti/de-upskilling/airflow-flight-price-analysis/venv/lib/python3.10/site-packages/airflow/example_dags/example_dag_decorator.py for tasks to queue
[2026-02-06T09:01:58.862+0200] {logging_mixin.py:188} INFO - [2026-02-06T09:01:58.862+0200] {dagbag.py:538} INFO - Filling up the DagBag from /home/pazzoti/de-upskilling/airflow-flight-price-analysis/venv/lib/python3.10/site-packages/airflow/example_dags/example_dag_decorator.py
[2026-02-06T09:01:58.906+0200] {processor.py:840} INFO - DAG(s) 'example_dag_decorator' retrieved from /home/pazzoti/de-upskilling/airflow-flight-price-analysis/venv/lib/python3.10/site-packages/airflow/example_dags/example_dag_decorator.py
[2026-02-06T09:01:58.951+0200] {logging_mixin.py:188} INFO - [2026-02-06T09:01:58.951+0200] {dag.py:3036} INFO - Sync 1 DAGs
[2026-02-06T09:01:58.956+0200] {logging_mixin.py:188} INFO - [2026-02-06T09:01:58.956+0200] {dag.py:3823} INFO - Setting next_dagrun for example_dag_decorator to None, run_after=None
[2026-02-06T09:01:58.975+0200] {processor.py:183} INFO - Processing /home/pazzoti/de-upskilling/airflow-flight-price-analysis/venv/lib/python3.10/site-packages/airflow/example_dags/example_dag_decorator.py took 0.117 seconds
[2026-02-06T09:02:38.210+0200] {processor.py:161} INFO - Started process (PID=4923) to work on /home/pazzoti/de-upskilling/airflow-flight-price-analysis/venv/lib/python3.10/site-packages/airflow/example_dags/example_dag_decorator.py
[2026-02-06T09:02:38.211+0200] {processor.py:830} INFO - Processing file /home/pazzoti/de-upskilling/airflow-flight-price-analysis/venv/lib/python3.10/site-packages/airflow/example_dags/example_dag_decorator.py for tasks to queue
[2026-02-06T09:02:38.212+0200] {logging_mixin.py:188} INFO - [2026-02-06T09:02:38.211+0200] {dagbag.py:538} INFO - Filling up the DagBag from /home/pazzoti/de-upskilling/airflow-flight-price-analysis/venv/lib/python3.10/site-packages/airflow/example_dags/example_dag_decorator.py
[2026-02-06T09:02:38.257+0200] {processor.py:840} INFO - DAG(s) 'example_dag_decorator' retrieved from /home/pazzoti/de-upskilling/airflow-flight-price-analysis/venv/lib/python3.10/site-packages/airflow/example_dags/example_dag_decorator.py
[2026-02-06T09:02:38.304+0200] {logging_mixin.py:188} INFO - [2026-02-06T09:02:38.303+0200] {dag.py:3036} INFO - Sync 1 DAGs
[2026-02-06T09:02:38.309+0200] {logging_mixin.py:188} INFO - [2026-02-06T09:02:38.309+0200] {dag.py:3823} INFO - Setting next_dagrun for example_dag_decorator to None, run_after=None
[2026-02-06T09:02:38.325+0200] {processor.py:183} INFO - Processing /home/pazzoti/de-upskilling/airflow-flight-price-analysis/venv/lib/python3.10/site-packages/airflow/example_dags/example_dag_decorator.py took 0.117 seconds
[2026-02-06T09:03:26.876+0200] {processor.py:161} INFO - Started process (PID=5139) to work on /home/pazzoti/de-upskilling/airflow-flight-price-analysis/venv/lib/python3.10/site-packages/airflow/example_dags/example_dag_decorator.py
[2026-02-06T09:03:26.883+0200] {processor.py:830} INFO - Processing file /home/pazzoti/de-upskilling/airflow-flight-price-analysis/venv/lib/python3.10/site-packages/airflow/example_dags/example_dag_decorator.py for tasks to queue
[2026-02-06T09:03:26.884+0200] {logging_mixin.py:188} INFO - [2026-02-06T09:03:26.883+0200] {dagbag.py:538} INFO - Filling up the DagBag from /home/pazzoti/de-upskilling/airflow-flight-price-analysis/venv/lib/python3.10/site-packages/airflow/example_dags/example_dag_decorator.py
[2026-02-06T09:03:26.931+0200] {processor.py:840} INFO - DAG(s) 'example_dag_decorator' retrieved from /home/pazzoti/de-upskilling/airflow-flight-price-analysis/venv/lib/python3.10/site-packages/airflow/example_dags/example_dag_decorator.py
[2026-02-06T09:03:26.982+0200] {logging_mixin.py:188} INFO - [2026-02-06T09:03:26.982+0200] {dag.py:3036} INFO - Sync 1 DAGs
[2026-02-06T09:03:26.987+0200] {logging_mixin.py:188} INFO - [2026-02-06T09:03:26.986+0200] {dag.py:3823} INFO - Setting next_dagrun for example_dag_decorator to None, run_after=None
[2026-02-06T09:03:27.002+0200] {processor.py:183} INFO - Processing /home/pazzoti/de-upskilling/airflow-flight-price-analysis/venv/lib/python3.10/site-packages/airflow/example_dags/example_dag_decorator.py took 0.129 seconds
[2026-02-06T09:04:01.816+0200] {processor.py:161} INFO - Started process (PID=5305) to work on /home/pazzoti/de-upskilling/airflow-flight-price-analysis/venv/lib/python3.10/site-packages/airflow/example_dags/example_dag_decorator.py
[2026-02-06T09:04:01.823+0200] {processor.py:830} INFO - Processing file /home/pazzoti/de-upskilling/airflow-flight-price-analysis/venv/lib/python3.10/site-packages/airflow/example_dags/example_dag_decorator.py for tasks to queue
[2026-02-06T09:04:01.823+0200] {logging_mixin.py:188} INFO - [2026-02-06T09:04:01.823+0200] {dagbag.py:538} INFO - Filling up the DagBag from /home/pazzoti/de-upskilling/airflow-flight-price-analysis/venv/lib/python3.10/site-packages/airflow/example_dags/example_dag_decorator.py
[2026-02-06T09:04:01.874+0200] {processor.py:840} INFO - DAG(s) 'example_dag_decorator' retrieved from /home/pazzoti/de-upskilling/airflow-flight-price-analysis/venv/lib/python3.10/site-packages/airflow/example_dags/example_dag_decorator.py
[2026-02-06T09:04:01.921+0200] {logging_mixin.py:188} INFO - [2026-02-06T09:04:01.921+0200] {dag.py:3036} INFO - Sync 1 DAGs
[2026-02-06T09:04:01.925+0200] {logging_mixin.py:188} INFO - [2026-02-06T09:04:01.925+0200] {dag.py:3823} INFO - Setting next_dagrun for example_dag_decorator to None, run_after=None
[2026-02-06T09:04:01.943+0200] {processor.py:183} INFO - Processing /home/pazzoti/de-upskilling/airflow-flight-price-analysis/venv/lib/python3.10/site-packages/airflow/example_dags/example_dag_decorator.py took 0.129 seconds
[2026-02-06T09:04:39.050+0200] {processor.py:161} INFO - Started process (PID=5482) to work on /home/pazzoti/de-upskilling/airflow-flight-price-analysis/venv/lib/python3.10/site-packages/airflow/example_dags/example_dag_decorator.py
[2026-02-06T09:04:39.055+0200] {processor.py:830} INFO - Processing file /home/pazzoti/de-upskilling/airflow-flight-price-analysis/venv/lib/python3.10/site-packages/airflow/example_dags/example_dag_decorator.py for tasks to queue
[2026-02-06T09:04:39.055+0200] {logging_mixin.py:188} INFO - [2026-02-06T09:04:39.055+0200] {dagbag.py:538} INFO - Filling up the DagBag from /home/pazzoti/de-upskilling/airflow-flight-price-analysis/venv/lib/python3.10/site-packages/airflow/example_dags/example_dag_decorator.py
[2026-02-06T09:04:39.108+0200] {processor.py:840} INFO - DAG(s) 'example_dag_decorator' retrieved from /home/pazzoti/de-upskilling/airflow-flight-price-analysis/venv/lib/python3.10/site-packages/airflow/example_dags/example_dag_decorator.py
[2026-02-06T09:04:39.159+0200] {logging_mixin.py:188} INFO - [2026-02-06T09:04:39.159+0200] {dag.py:3036} INFO - Sync 1 DAGs
[2026-02-06T09:04:39.164+0200] {logging_mixin.py:188} INFO - [2026-02-06T09:04:39.164+0200] {dag.py:3823} INFO - Setting next_dagrun for example_dag_decorator to None, run_after=None
[2026-02-06T09:04:39.181+0200] {processor.py:183} INFO - Processing /home/pazzoti/de-upskilling/airflow-flight-price-analysis/venv/lib/python3.10/site-packages/airflow/example_dags/example_dag_decorator.py took 0.133 seconds
[2026-02-06T09:05:15.812+0200] {processor.py:161} INFO - Started process (PID=5678) to work on /home/pazzoti/de-upskilling/airflow-flight-price-analysis/venv/lib/python3.10/site-packages/airflow/example_dags/example_dag_decorator.py
[2026-02-06T09:05:15.813+0200] {processor.py:830} INFO - Processing file /home/pazzoti/de-upskilling/airflow-flight-price-analysis/venv/lib/python3.10/site-packages/airflow/example_dags/example_dag_decorator.py for tasks to queue
[2026-02-06T09:05:15.814+0200] {logging_mixin.py:188} INFO - [2026-02-06T09:05:15.814+0200] {dagbag.py:538} INFO - Filling up the DagBag from /home/pazzoti/de-upskilling/airflow-flight-price-analysis/venv/lib/python3.10/site-packages/airflow/example_dags/example_dag_decorator.py
[2026-02-06T09:05:15.861+0200] {processor.py:840} INFO - DAG(s) 'example_dag_decorator' retrieved from /home/pazzoti/de-upskilling/airflow-flight-price-analysis/venv/lib/python3.10/site-packages/airflow/example_dags/example_dag_decorator.py
[2026-02-06T09:05:15.908+0200] {logging_mixin.py:188} INFO - [2026-02-06T09:05:15.908+0200] {dag.py:3036} INFO - Sync 1 DAGs
[2026-02-06T09:05:15.914+0200] {logging_mixin.py:188} INFO - [2026-02-06T09:05:15.914+0200] {dag.py:3823} INFO - Setting next_dagrun for example_dag_decorator to None, run_after=None
[2026-02-06T09:05:15.936+0200] {processor.py:183} INFO - Processing /home/pazzoti/de-upskilling/airflow-flight-price-analysis/venv/lib/python3.10/site-packages/airflow/example_dags/example_dag_decorator.py took 0.127 seconds
[2026-02-06T09:05:53.425+0200] {processor.py:161} INFO - Started process (PID=5855) to work on /home/pazzoti/de-upskilling/airflow-flight-price-analysis/venv/lib/python3.10/site-packages/airflow/example_dags/example_dag_decorator.py
[2026-02-06T09:05:53.426+0200] {processor.py:830} INFO - Processing file /home/pazzoti/de-upskilling/airflow-flight-price-analysis/venv/lib/python3.10/site-packages/airflow/example_dags/example_dag_decorator.py for tasks to queue
[2026-02-06T09:05:53.427+0200] {logging_mixin.py:188} INFO - [2026-02-06T09:05:53.427+0200] {dagbag.py:538} INFO - Filling up the DagBag from /home/pazzoti/de-upskilling/airflow-flight-price-analysis/venv/lib/python3.10/site-packages/airflow/example_dags/example_dag_decorator.py
[2026-02-06T09:05:53.468+0200] {processor.py:840} INFO - DAG(s) 'example_dag_decorator' retrieved from /home/pazzoti/de-upskilling/airflow-flight-price-analysis/venv/lib/python3.10/site-packages/airflow/example_dags/example_dag_decorator.py
[2026-02-06T09:05:53.515+0200] {logging_mixin.py:188} INFO - [2026-02-06T09:05:53.515+0200] {dag.py:3036} INFO - Sync 1 DAGs
[2026-02-06T09:05:53.520+0200] {logging_mixin.py:188} INFO - [2026-02-06T09:05:53.519+0200] {dag.py:3823} INFO - Setting next_dagrun for example_dag_decorator to None, run_after=None
[2026-02-06T09:05:53.538+0200] {processor.py:183} INFO - Processing /home/pazzoti/de-upskilling/airflow-flight-price-analysis/venv/lib/python3.10/site-packages/airflow/example_dags/example_dag_decorator.py took 0.118 seconds
[2026-02-06T09:06:28.964+0200] {processor.py:161} INFO - Started process (PID=6044) to work on /home/pazzoti/de-upskilling/airflow-flight-price-analysis/venv/lib/python3.10/site-packages/airflow/example_dags/example_dag_decorator.py
[2026-02-06T09:06:28.971+0200] {processor.py:830} INFO - Processing file /home/pazzoti/de-upskilling/airflow-flight-price-analysis/venv/lib/python3.10/site-packages/airflow/example_dags/example_dag_decorator.py for tasks to queue
[2026-02-06T09:06:28.972+0200] {logging_mixin.py:188} INFO - [2026-02-06T09:06:28.972+0200] {dagbag.py:538} INFO - Filling up the DagBag from /home/pazzoti/de-upskilling/airflow-flight-price-analysis/venv/lib/python3.10/site-packages/airflow/example_dags/example_dag_decorator.py
[2026-02-06T09:06:29.016+0200] {processor.py:840} INFO - DAG(s) 'example_dag_decorator' retrieved from /home/pazzoti/de-upskilling/airflow-flight-price-analysis/venv/lib/python3.10/site-packages/airflow/example_dags/example_dag_decorator.py
[2026-02-06T09:06:29.062+0200] {logging_mixin.py:188} INFO - [2026-02-06T09:06:29.062+0200] {dag.py:3036} INFO - Sync 1 DAGs
[2026-02-06T09:06:29.068+0200] {logging_mixin.py:188} INFO - [2026-02-06T09:06:29.068+0200] {dag.py:3823} INFO - Setting next_dagrun for example_dag_decorator to None, run_after=None
[2026-02-06T09:06:29.083+0200] {processor.py:183} INFO - Processing /home/pazzoti/de-upskilling/airflow-flight-price-analysis/venv/lib/python3.10/site-packages/airflow/example_dags/example_dag_decorator.py took 0.122 seconds
[2026-02-06T09:07:06.422+0200] {processor.py:161} INFO - Started process (PID=6274) to work on /home/pazzoti/de-upskilling/airflow-flight-price-analysis/venv/lib/python3.10/site-packages/airflow/example_dags/example_dag_decorator.py
[2026-02-06T09:07:06.423+0200] {processor.py:830} INFO - Processing file /home/pazzoti/de-upskilling/airflow-flight-price-analysis/venv/lib/python3.10/site-packages/airflow/example_dags/example_dag_decorator.py for tasks to queue
[2026-02-06T09:07:06.424+0200] {logging_mixin.py:188} INFO - [2026-02-06T09:07:06.424+0200] {dagbag.py:538} INFO - Filling up the DagBag from /home/pazzoti/de-upskilling/airflow-flight-price-analysis/venv/lib/python3.10/site-packages/airflow/example_dags/example_dag_decorator.py
[2026-02-06T09:07:06.470+0200] {processor.py:840} INFO - DAG(s) 'example_dag_decorator' retrieved from /home/pazzoti/de-upskilling/airflow-flight-price-analysis/venv/lib/python3.10/site-packages/airflow/example_dags/example_dag_decorator.py
[2026-02-06T09:07:06.483+0200] {logging_mixin.py:188} INFO - [2026-02-06T09:07:06.483+0200] {dag.py:3036} INFO - Sync 1 DAGs
[2026-02-06T09:07:06.492+0200] {logging_mixin.py:188} INFO - [2026-02-06T09:07:06.492+0200] {dag.py:3823} INFO - Setting next_dagrun for example_dag_decorator to None, run_after=None
[2026-02-06T09:07:06.512+0200] {processor.py:183} INFO - Processing /home/pazzoti/de-upskilling/airflow-flight-price-analysis/venv/lib/python3.10/site-packages/airflow/example_dags/example_dag_decorator.py took 0.092 seconds
[2026-02-06T09:07:42.418+0200] {processor.py:161} INFO - Started process (PID=6445) to work on /home/pazzoti/de-upskilling/airflow-flight-price-analysis/venv/lib/python3.10/site-packages/airflow/example_dags/example_dag_decorator.py
[2026-02-06T09:07:42.419+0200] {processor.py:830} INFO - Processing file /home/pazzoti/de-upskilling/airflow-flight-price-analysis/venv/lib/python3.10/site-packages/airflow/example_dags/example_dag_decorator.py for tasks to queue
[2026-02-06T09:07:42.420+0200] {logging_mixin.py:188} INFO - [2026-02-06T09:07:42.419+0200] {dagbag.py:538} INFO - Filling up the DagBag from /home/pazzoti/de-upskilling/airflow-flight-price-analysis/venv/lib/python3.10/site-packages/airflow/example_dags/example_dag_decorator.py
[2026-02-06T09:07:42.465+0200] {processor.py:840} INFO - DAG(s) 'example_dag_decorator' retrieved from /home/pazzoti/de-upskilling/airflow-flight-price-analysis/venv/lib/python3.10/site-packages/airflow/example_dags/example_dag_decorator.py
[2026-02-06T09:07:42.514+0200] {logging_mixin.py:188} INFO - [2026-02-06T09:07:42.514+0200] {dag.py:3036} INFO - Sync 1 DAGs
[2026-02-06T09:07:42.519+0200] {logging_mixin.py:188} INFO - [2026-02-06T09:07:42.519+0200] {dag.py:3823} INFO - Setting next_dagrun for example_dag_decorator to None, run_after=None
[2026-02-06T09:07:42.535+0200] {processor.py:183} INFO - Processing /home/pazzoti/de-upskilling/airflow-flight-price-analysis/venv/lib/python3.10/site-packages/airflow/example_dags/example_dag_decorator.py took 0.119 seconds
[2026-02-06T09:08:18.691+0200] {processor.py:161} INFO - Started process (PID=6617) to work on /home/pazzoti/de-upskilling/airflow-flight-price-analysis/venv/lib/python3.10/site-packages/airflow/example_dags/example_dag_decorator.py
[2026-02-06T09:08:18.699+0200] {processor.py:830} INFO - Processing file /home/pazzoti/de-upskilling/airflow-flight-price-analysis/venv/lib/python3.10/site-packages/airflow/example_dags/example_dag_decorator.py for tasks to queue
[2026-02-06T09:08:18.700+0200] {logging_mixin.py:188} INFO - [2026-02-06T09:08:18.700+0200] {dagbag.py:538} INFO - Filling up the DagBag from /home/pazzoti/de-upskilling/airflow-flight-price-analysis/venv/lib/python3.10/site-packages/airflow/example_dags/example_dag_decorator.py
[2026-02-06T09:08:18.759+0200] {processor.py:840} INFO - DAG(s) 'example_dag_decorator' retrieved from /home/pazzoti/de-upskilling/airflow-flight-price-analysis/venv/lib/python3.10/site-packages/airflow/example_dags/example_dag_decorator.py
[2026-02-06T09:08:18.833+0200] {logging_mixin.py:188} INFO - [2026-02-06T09:08:18.833+0200] {dag.py:3036} INFO - Sync 1 DAGs
[2026-02-06T09:08:18.839+0200] {logging_mixin.py:188} INFO - [2026-02-06T09:08:18.839+0200] {dag.py:3823} INFO - Setting next_dagrun for example_dag_decorator to None, run_after=None
[2026-02-06T09:08:18.861+0200] {processor.py:183} INFO - Processing /home/pazzoti/de-upskilling/airflow-flight-price-analysis/venv/lib/python3.10/site-packages/airflow/example_dags/example_dag_decorator.py took 0.173 seconds
[2026-02-06T09:08:55.523+0200] {processor.py:161} INFO - Started process (PID=6776) to work on /home/pazzoti/de-upskilling/airflow-flight-price-analysis/venv/lib/python3.10/site-packages/airflow/example_dags/example_dag_decorator.py
[2026-02-06T09:08:55.524+0200] {processor.py:830} INFO - Processing file /home/pazzoti/de-upskilling/airflow-flight-price-analysis/venv/lib/python3.10/site-packages/airflow/example_dags/example_dag_decorator.py for tasks to queue
[2026-02-06T09:08:55.525+0200] {logging_mixin.py:188} INFO - [2026-02-06T09:08:55.525+0200] {dagbag.py:538} INFO - Filling up the DagBag from /home/pazzoti/de-upskilling/airflow-flight-price-analysis/venv/lib/python3.10/site-packages/airflow/example_dags/example_dag_decorator.py
[2026-02-06T09:08:55.577+0200] {processor.py:840} INFO - DAG(s) 'example_dag_decorator' retrieved from /home/pazzoti/de-upskilling/airflow-flight-price-analysis/venv/lib/python3.10/site-packages/airflow/example_dags/example_dag_decorator.py
[2026-02-06T09:08:55.633+0200] {logging_mixin.py:188} INFO - [2026-02-06T09:08:55.633+0200] {dag.py:3036} INFO - Sync 1 DAGs
[2026-02-06T09:08:55.639+0200] {logging_mixin.py:188} INFO - [2026-02-06T09:08:55.639+0200] {dag.py:3823} INFO - Setting next_dagrun for example_dag_decorator to None, run_after=None
[2026-02-06T09:08:55.657+0200] {processor.py:183} INFO - Processing /home/pazzoti/de-upskilling/airflow-flight-price-analysis/venv/lib/python3.10/site-packages/airflow/example_dags/example_dag_decorator.py took 0.136 seconds
[2026-02-06T09:09:33.563+0200] {processor.py:161} INFO - Started process (PID=6955) to work on /home/pazzoti/de-upskilling/airflow-flight-price-analysis/venv/lib/python3.10/site-packages/airflow/example_dags/example_dag_decorator.py
[2026-02-06T09:09:33.564+0200] {processor.py:830} INFO - Processing file /home/pazzoti/de-upskilling/airflow-flight-price-analysis/venv/lib/python3.10/site-packages/airflow/example_dags/example_dag_decorator.py for tasks to queue
[2026-02-06T09:09:33.565+0200] {logging_mixin.py:188} INFO - [2026-02-06T09:09:33.564+0200] {dagbag.py:538} INFO - Filling up the DagBag from /home/pazzoti/de-upskilling/airflow-flight-price-analysis/venv/lib/python3.10/site-packages/airflow/example_dags/example_dag_decorator.py
[2026-02-06T09:09:33.627+0200] {processor.py:840} INFO - DAG(s) 'example_dag_decorator' retrieved from /home/pazzoti/de-upskilling/airflow-flight-price-analysis/venv/lib/python3.10/site-packages/airflow/example_dags/example_dag_decorator.py
[2026-02-06T09:09:33.706+0200] {logging_mixin.py:188} INFO - [2026-02-06T09:09:33.706+0200] {dag.py:3036} INFO - Sync 1 DAGs
[2026-02-06T09:09:33.719+0200] {logging_mixin.py:188} INFO - [2026-02-06T09:09:33.719+0200] {dag.py:3823} INFO - Setting next_dagrun for example_dag_decorator to None, run_after=None
[2026-02-06T09:09:33.748+0200] {processor.py:183} INFO - Processing /home/pazzoti/de-upskilling/airflow-flight-price-analysis/venv/lib/python3.10/site-packages/airflow/example_dags/example_dag_decorator.py took 0.187 seconds
[2026-02-06T09:10:55.716+0200] {processor.py:161} INFO - Started process (PID=7509) to work on /home/pazzoti/de-upskilling/airflow-flight-price-analysis/venv/lib/python3.10/site-packages/airflow/example_dags/example_dag_decorator.py
[2026-02-06T09:10:55.719+0200] {processor.py:830} INFO - Processing file /home/pazzoti/de-upskilling/airflow-flight-price-analysis/venv/lib/python3.10/site-packages/airflow/example_dags/example_dag_decorator.py for tasks to queue
[2026-02-06T09:10:55.721+0200] {logging_mixin.py:188} INFO - [2026-02-06T09:10:55.720+0200] {dagbag.py:538} INFO - Filling up the DagBag from /home/pazzoti/de-upskilling/airflow-flight-price-analysis/venv/lib/python3.10/site-packages/airflow/example_dags/example_dag_decorator.py
[2026-02-06T09:10:56.068+0200] {processor.py:840} INFO - DAG(s) 'example_dag_decorator' retrieved from /home/pazzoti/de-upskilling/airflow-flight-price-analysis/venv/lib/python3.10/site-packages/airflow/example_dags/example_dag_decorator.py
[2026-02-06T09:10:56.293+0200] {logging_mixin.py:188} INFO - [2026-02-06T09:10:56.292+0200] {dag.py:3036} INFO - Sync 1 DAGs
[2026-02-06T09:10:56.304+0200] {logging_mixin.py:188} INFO - [2026-02-06T09:10:56.303+0200] {dag.py:3823} INFO - Setting next_dagrun for example_dag_decorator to None, run_after=None
[2026-02-06T09:10:56.376+0200] {processor.py:183} INFO - Processing /home/pazzoti/de-upskilling/airflow-flight-price-analysis/venv/lib/python3.10/site-packages/airflow/example_dags/example_dag_decorator.py took 0.664 seconds
[2026-02-06T09:12:04.895+0200] {processor.py:161} INFO - Started process (PID=8204) to work on /home/pazzoti/de-upskilling/airflow-flight-price-analysis/venv/lib/python3.10/site-packages/airflow/example_dags/example_dag_decorator.py
[2026-02-06T09:12:04.915+0200] {processor.py:830} INFO - Processing file /home/pazzoti/de-upskilling/airflow-flight-price-analysis/venv/lib/python3.10/site-packages/airflow/example_dags/example_dag_decorator.py for tasks to queue
[2026-02-06T09:12:04.916+0200] {logging_mixin.py:188} INFO - [2026-02-06T09:12:04.915+0200] {dagbag.py:538} INFO - Filling up the DagBag from /home/pazzoti/de-upskilling/airflow-flight-price-analysis/venv/lib/python3.10/site-packages/airflow/example_dags/example_dag_decorator.py
[2026-02-06T09:12:04.974+0200] {processor.py:840} INFO - DAG(s) 'example_dag_decorator' retrieved from /home/pazzoti/de-upskilling/airflow-flight-price-analysis/venv/lib/python3.10/site-packages/airflow/example_dags/example_dag_decorator.py
[2026-02-06T09:12:05.024+0200] {logging_mixin.py:188} INFO - [2026-02-06T09:12:05.023+0200] {dag.py:3036} INFO - Sync 1 DAGs
[2026-02-06T09:12:05.029+0200] {logging_mixin.py:188} INFO - [2026-02-06T09:12:05.029+0200] {dag.py:3823} INFO - Setting next_dagrun for example_dag_decorator to None, run_after=None
[2026-02-06T09:12:05.046+0200] {processor.py:183} INFO - Processing /home/pazzoti/de-upskilling/airflow-flight-price-analysis/venv/lib/python3.10/site-packages/airflow/example_dags/example_dag_decorator.py took 0.159 seconds
[2026-02-06T09:12:52.339+0200] {processor.py:161} INFO - Started process (PID=8420) to work on /home/pazzoti/de-upskilling/airflow-flight-price-analysis/venv/lib/python3.10/site-packages/airflow/example_dags/example_dag_decorator.py
[2026-02-06T09:12:52.347+0200] {processor.py:830} INFO - Processing file /home/pazzoti/de-upskilling/airflow-flight-price-analysis/venv/lib/python3.10/site-packages/airflow/example_dags/example_dag_decorator.py for tasks to queue
[2026-02-06T09:12:52.348+0200] {logging_mixin.py:188} INFO - [2026-02-06T09:12:52.348+0200] {dagbag.py:538} INFO - Filling up the DagBag from /home/pazzoti/de-upskilling/airflow-flight-price-analysis/venv/lib/python3.10/site-packages/airflow/example_dags/example_dag_decorator.py
[2026-02-06T09:12:52.392+0200] {processor.py:840} INFO - DAG(s) 'example_dag_decorator' retrieved from /home/pazzoti/de-upskilling/airflow-flight-price-analysis/venv/lib/python3.10/site-packages/airflow/example_dags/example_dag_decorator.py
[2026-02-06T09:12:52.442+0200] {logging_mixin.py:188} INFO - [2026-02-06T09:12:52.442+0200] {dag.py:3036} INFO - Sync 1 DAGs
[2026-02-06T09:12:52.448+0200] {logging_mixin.py:188} INFO - [2026-02-06T09:12:52.448+0200] {dag.py:3823} INFO - Setting next_dagrun for example_dag_decorator to None, run_after=None
[2026-02-06T09:12:52.472+0200] {processor.py:183} INFO - Processing /home/pazzoti/de-upskilling/airflow-flight-price-analysis/venv/lib/python3.10/site-packages/airflow/example_dags/example_dag_decorator.py took 0.136 seconds
[2026-02-06T09:13:29.365+0200] {processor.py:161} INFO - Started process (PID=8584) to work on /home/pazzoti/de-upskilling/airflow-flight-price-analysis/venv/lib/python3.10/site-packages/airflow/example_dags/example_dag_decorator.py
[2026-02-06T09:13:29.366+0200] {processor.py:830} INFO - Processing file /home/pazzoti/de-upskilling/airflow-flight-price-analysis/venv/lib/python3.10/site-packages/airflow/example_dags/example_dag_decorator.py for tasks to queue
[2026-02-06T09:13:29.367+0200] {logging_mixin.py:188} INFO - [2026-02-06T09:13:29.367+0200] {dagbag.py:538} INFO - Filling up the DagBag from /home/pazzoti/de-upskilling/airflow-flight-price-analysis/venv/lib/python3.10/site-packages/airflow/example_dags/example_dag_decorator.py
[2026-02-06T09:13:29.459+0200] {processor.py:840} INFO - DAG(s) 'example_dag_decorator' retrieved from /home/pazzoti/de-upskilling/airflow-flight-price-analysis/venv/lib/python3.10/site-packages/airflow/example_dags/example_dag_decorator.py
[2026-02-06T09:13:29.536+0200] {logging_mixin.py:188} INFO - [2026-02-06T09:13:29.535+0200] {dag.py:3036} INFO - Sync 1 DAGs
[2026-02-06T09:13:29.541+0200] {logging_mixin.py:188} INFO - [2026-02-06T09:13:29.541+0200] {dag.py:3823} INFO - Setting next_dagrun for example_dag_decorator to None, run_after=None
[2026-02-06T09:13:29.560+0200] {processor.py:183} INFO - Processing /home/pazzoti/de-upskilling/airflow-flight-price-analysis/venv/lib/python3.10/site-packages/airflow/example_dags/example_dag_decorator.py took 0.197 seconds
[2026-02-06T09:14:06.833+0200] {processor.py:161} INFO - Started process (PID=8767) to work on /home/pazzoti/de-upskilling/airflow-flight-price-analysis/venv/lib/python3.10/site-packages/airflow/example_dags/example_dag_decorator.py
[2026-02-06T09:14:06.836+0200] {processor.py:830} INFO - Processing file /home/pazzoti/de-upskilling/airflow-flight-price-analysis/venv/lib/python3.10/site-packages/airflow/example_dags/example_dag_decorator.py for tasks to queue
[2026-02-06T09:14:06.837+0200] {logging_mixin.py:188} INFO - [2026-02-06T09:14:06.836+0200] {dagbag.py:538} INFO - Filling up the DagBag from /home/pazzoti/de-upskilling/airflow-flight-price-analysis/venv/lib/python3.10/site-packages/airflow/example_dags/example_dag_decorator.py
[2026-02-06T09:14:06.888+0200] {processor.py:840} INFO - DAG(s) 'example_dag_decorator' retrieved from /home/pazzoti/de-upskilling/airflow-flight-price-analysis/venv/lib/python3.10/site-packages/airflow/example_dags/example_dag_decorator.py
[2026-02-06T09:14:06.935+0200] {logging_mixin.py:188} INFO - [2026-02-06T09:14:06.935+0200] {dag.py:3036} INFO - Sync 1 DAGs
[2026-02-06T09:14:06.940+0200] {logging_mixin.py:188} INFO - [2026-02-06T09:14:06.940+0200] {dag.py:3823} INFO - Setting next_dagrun for example_dag_decorator to None, run_after=None
[2026-02-06T09:14:06.959+0200] {processor.py:183} INFO - Processing /home/pazzoti/de-upskilling/airflow-flight-price-analysis/venv/lib/python3.10/site-packages/airflow/example_dags/example_dag_decorator.py took 0.128 seconds
[2026-02-06T09:14:55.097+0200] {processor.py:161} INFO - Started process (PID=8981) to work on /home/pazzoti/de-upskilling/airflow-flight-price-analysis/venv/lib/python3.10/site-packages/airflow/example_dags/example_dag_decorator.py
[2026-02-06T09:14:55.098+0200] {processor.py:830} INFO - Processing file /home/pazzoti/de-upskilling/airflow-flight-price-analysis/venv/lib/python3.10/site-packages/airflow/example_dags/example_dag_decorator.py for tasks to queue
[2026-02-06T09:14:55.099+0200] {logging_mixin.py:188} INFO - [2026-02-06T09:14:55.098+0200] {dagbag.py:538} INFO - Filling up the DagBag from /home/pazzoti/de-upskilling/airflow-flight-price-analysis/venv/lib/python3.10/site-packages/airflow/example_dags/example_dag_decorator.py
[2026-02-06T09:14:55.148+0200] {processor.py:840} INFO - DAG(s) 'example_dag_decorator' retrieved from /home/pazzoti/de-upskilling/airflow-flight-price-analysis/venv/lib/python3.10/site-packages/airflow/example_dags/example_dag_decorator.py
[2026-02-06T09:14:55.199+0200] {logging_mixin.py:188} INFO - [2026-02-06T09:14:55.199+0200] {dag.py:3036} INFO - Sync 1 DAGs
[2026-02-06T09:14:55.204+0200] {logging_mixin.py:188} INFO - [2026-02-06T09:14:55.204+0200] {dag.py:3823} INFO - Setting next_dagrun for example_dag_decorator to None, run_after=None
[2026-02-06T09:14:55.224+0200] {processor.py:183} INFO - Processing /home/pazzoti/de-upskilling/airflow-flight-price-analysis/venv/lib/python3.10/site-packages/airflow/example_dags/example_dag_decorator.py took 0.130 seconds
[2026-02-06T09:15:33.361+0200] {processor.py:161} INFO - Started process (PID=9163) to work on /home/pazzoti/de-upskilling/airflow-flight-price-analysis/venv/lib/python3.10/site-packages/airflow/example_dags/example_dag_decorator.py
[2026-02-06T09:15:33.363+0200] {processor.py:830} INFO - Processing file /home/pazzoti/de-upskilling/airflow-flight-price-analysis/venv/lib/python3.10/site-packages/airflow/example_dags/example_dag_decorator.py for tasks to queue
[2026-02-06T09:15:33.364+0200] {logging_mixin.py:188} INFO - [2026-02-06T09:15:33.364+0200] {dagbag.py:538} INFO - Filling up the DagBag from /home/pazzoti/de-upskilling/airflow-flight-price-analysis/venv/lib/python3.10/site-packages/airflow/example_dags/example_dag_decorator.py
[2026-02-06T09:15:33.413+0200] {processor.py:840} INFO - DAG(s) 'example_dag_decorator' retrieved from /home/pazzoti/de-upskilling/airflow-flight-price-analysis/venv/lib/python3.10/site-packages/airflow/example_dags/example_dag_decorator.py
[2026-02-06T09:15:33.461+0200] {logging_mixin.py:188} INFO - [2026-02-06T09:15:33.461+0200] {dag.py:3036} INFO - Sync 1 DAGs
[2026-02-06T09:15:33.466+0200] {logging_mixin.py:188} INFO - [2026-02-06T09:15:33.466+0200] {dag.py:3823} INFO - Setting next_dagrun for example_dag_decorator to None, run_after=None
[2026-02-06T09:15:33.487+0200] {processor.py:183} INFO - Processing /home/pazzoti/de-upskilling/airflow-flight-price-analysis/venv/lib/python3.10/site-packages/airflow/example_dags/example_dag_decorator.py took 0.129 seconds
[2026-02-06T09:16:05.931+0200] {processor.py:161} INFO - Started process (PID=9336) to work on /home/pazzoti/de-upskilling/airflow-flight-price-analysis/venv/lib/python3.10/site-packages/airflow/example_dags/example_dag_decorator.py
[2026-02-06T09:16:05.932+0200] {processor.py:830} INFO - Processing file /home/pazzoti/de-upskilling/airflow-flight-price-analysis/venv/lib/python3.10/site-packages/airflow/example_dags/example_dag_decorator.py for tasks to queue
[2026-02-06T09:16:05.933+0200] {logging_mixin.py:188} INFO - [2026-02-06T09:16:05.933+0200] {dagbag.py:538} INFO - Filling up the DagBag from /home/pazzoti/de-upskilling/airflow-flight-price-analysis/venv/lib/python3.10/site-packages/airflow/example_dags/example_dag_decorator.py
[2026-02-06T09:16:05.977+0200] {processor.py:840} INFO - DAG(s) 'example_dag_decorator' retrieved from /home/pazzoti/de-upskilling/airflow-flight-price-analysis/venv/lib/python3.10/site-packages/airflow/example_dags/example_dag_decorator.py
[2026-02-06T09:16:06.025+0200] {logging_mixin.py:188} INFO - [2026-02-06T09:16:06.025+0200] {dag.py:3036} INFO - Sync 1 DAGs
[2026-02-06T09:16:06.030+0200] {logging_mixin.py:188} INFO - [2026-02-06T09:16:06.030+0200] {dag.py:3823} INFO - Setting next_dagrun for example_dag_decorator to None, run_after=None
[2026-02-06T09:16:06.046+0200] {processor.py:183} INFO - Processing /home/pazzoti/de-upskilling/airflow-flight-price-analysis/venv/lib/python3.10/site-packages/airflow/example_dags/example_dag_decorator.py took 0.117 seconds
[2026-02-06T09:16:42.028+0200] {processor.py:161} INFO - Started process (PID=9501) to work on /home/pazzoti/de-upskilling/airflow-flight-price-analysis/venv/lib/python3.10/site-packages/airflow/example_dags/example_dag_decorator.py
[2026-02-06T09:16:42.030+0200] {processor.py:830} INFO - Processing file /home/pazzoti/de-upskilling/airflow-flight-price-analysis/venv/lib/python3.10/site-packages/airflow/example_dags/example_dag_decorator.py for tasks to queue
[2026-02-06T09:16:42.031+0200] {logging_mixin.py:188} INFO - [2026-02-06T09:16:42.030+0200] {dagbag.py:538} INFO - Filling up the DagBag from /home/pazzoti/de-upskilling/airflow-flight-price-analysis/venv/lib/python3.10/site-packages/airflow/example_dags/example_dag_decorator.py
[2026-02-06T09:16:42.074+0200] {processor.py:840} INFO - DAG(s) 'example_dag_decorator' retrieved from /home/pazzoti/de-upskilling/airflow-flight-price-analysis/venv/lib/python3.10/site-packages/airflow/example_dags/example_dag_decorator.py
[2026-02-06T09:16:42.087+0200] {logging_mixin.py:188} INFO - [2026-02-06T09:16:42.087+0200] {dag.py:3036} INFO - Sync 1 DAGs
[2026-02-06T09:16:42.093+0200] {logging_mixin.py:188} INFO - [2026-02-06T09:16:42.092+0200] {dag.py:3823} INFO - Setting next_dagrun for example_dag_decorator to None, run_after=None
[2026-02-06T09:16:42.131+0200] {processor.py:183} INFO - Processing /home/pazzoti/de-upskilling/airflow-flight-price-analysis/venv/lib/python3.10/site-packages/airflow/example_dags/example_dag_decorator.py took 0.106 seconds
[2026-02-06T09:17:17.813+0200] {processor.py:161} INFO - Started process (PID=9675) to work on /home/pazzoti/de-upskilling/airflow-flight-price-analysis/venv/lib/python3.10/site-packages/airflow/example_dags/example_dag_decorator.py
[2026-02-06T09:17:17.815+0200] {processor.py:830} INFO - Processing file /home/pazzoti/de-upskilling/airflow-flight-price-analysis/venv/lib/python3.10/site-packages/airflow/example_dags/example_dag_decorator.py for tasks to queue
[2026-02-06T09:17:17.816+0200] {logging_mixin.py:188} INFO - [2026-02-06T09:17:17.816+0200] {dagbag.py:538} INFO - Filling up the DagBag from /home/pazzoti/de-upskilling/airflow-flight-price-analysis/venv/lib/python3.10/site-packages/airflow/example_dags/example_dag_decorator.py
[2026-02-06T09:17:17.859+0200] {processor.py:840} INFO - DAG(s) 'example_dag_decorator' retrieved from /home/pazzoti/de-upskilling/airflow-flight-price-analysis/venv/lib/python3.10/site-packages/airflow/example_dags/example_dag_decorator.py
[2026-02-06T09:17:17.871+0200] {logging_mixin.py:188} INFO - [2026-02-06T09:17:17.870+0200] {dag.py:3036} INFO - Sync 1 DAGs
[2026-02-06T09:17:17.877+0200] {logging_mixin.py:188} INFO - [2026-02-06T09:17:17.877+0200] {dag.py:3823} INFO - Setting next_dagrun for example_dag_decorator to None, run_after=None
[2026-02-06T09:17:17.895+0200] {processor.py:183} INFO - Processing /home/pazzoti/de-upskilling/airflow-flight-price-analysis/venv/lib/python3.10/site-packages/airflow/example_dags/example_dag_decorator.py took 0.087 seconds
[2026-02-06T09:29:15.198+0200] {processor.py:161} INFO - Started process (PID=9872) to work on /home/pazzoti/de-upskilling/airflow-flight-price-analysis/venv/lib/python3.10/site-packages/airflow/example_dags/example_dag_decorator.py
[2026-02-06T09:29:15.199+0200] {processor.py:830} INFO - Processing file /home/pazzoti/de-upskilling/airflow-flight-price-analysis/venv/lib/python3.10/site-packages/airflow/example_dags/example_dag_decorator.py for tasks to queue
[2026-02-06T09:29:15.200+0200] {logging_mixin.py:188} INFO - [2026-02-06T09:29:15.200+0200] {dagbag.py:538} INFO - Filling up the DagBag from /home/pazzoti/de-upskilling/airflow-flight-price-analysis/venv/lib/python3.10/site-packages/airflow/example_dags/example_dag_decorator.py
[2026-02-06T09:29:15.245+0200] {processor.py:840} INFO - DAG(s) 'example_dag_decorator' retrieved from /home/pazzoti/de-upskilling/airflow-flight-price-analysis/venv/lib/python3.10/site-packages/airflow/example_dags/example_dag_decorator.py
[2026-02-06T09:29:15.294+0200] {logging_mixin.py:188} INFO - [2026-02-06T09:29:15.294+0200] {dag.py:3036} INFO - Sync 1 DAGs
[2026-02-06T09:29:15.299+0200] {logging_mixin.py:188} INFO - [2026-02-06T09:29:15.299+0200] {dag.py:3823} INFO - Setting next_dagrun for example_dag_decorator to None, run_after=None
[2026-02-06T09:29:15.316+0200] {processor.py:183} INFO - Processing /home/pazzoti/de-upskilling/airflow-flight-price-analysis/venv/lib/python3.10/site-packages/airflow/example_dags/example_dag_decorator.py took 0.120 seconds
[2026-02-06T09:29:58.431+0200] {processor.py:161} INFO - Started process (PID=9952) to work on /home/pazzoti/de-upskilling/airflow-flight-price-analysis/venv/lib/python3.10/site-packages/airflow/example_dags/example_dag_decorator.py
[2026-02-06T09:29:58.433+0200] {processor.py:830} INFO - Processing file /home/pazzoti/de-upskilling/airflow-flight-price-analysis/venv/lib/python3.10/site-packages/airflow/example_dags/example_dag_decorator.py for tasks to queue
[2026-02-06T09:29:58.435+0200] {logging_mixin.py:188} INFO - [2026-02-06T09:29:58.434+0200] {dagbag.py:538} INFO - Filling up the DagBag from /home/pazzoti/de-upskilling/airflow-flight-price-analysis/venv/lib/python3.10/site-packages/airflow/example_dags/example_dag_decorator.py
[2026-02-06T09:29:58.561+0200] {processor.py:840} INFO - DAG(s) 'example_dag_decorator' retrieved from /home/pazzoti/de-upskilling/airflow-flight-price-analysis/venv/lib/python3.10/site-packages/airflow/example_dags/example_dag_decorator.py
[2026-02-06T09:29:58.682+0200] {logging_mixin.py:188} INFO - [2026-02-06T09:29:58.682+0200] {dag.py:3036} INFO - Sync 1 DAGs
[2026-02-06T09:29:58.692+0200] {logging_mixin.py:188} INFO - [2026-02-06T09:29:58.692+0200] {dag.py:3823} INFO - Setting next_dagrun for example_dag_decorator to None, run_after=None
[2026-02-06T09:29:58.729+0200] {processor.py:183} INFO - Processing /home/pazzoti/de-upskilling/airflow-flight-price-analysis/venv/lib/python3.10/site-packages/airflow/example_dags/example_dag_decorator.py took 0.303 seconds
[2026-02-06T09:30:41.432+0200] {processor.py:161} INFO - Started process (PID=10019) to work on /home/pazzoti/de-upskilling/airflow-flight-price-analysis/venv/lib/python3.10/site-packages/airflow/example_dags/example_dag_decorator.py
[2026-02-06T09:30:41.435+0200] {processor.py:830} INFO - Processing file /home/pazzoti/de-upskilling/airflow-flight-price-analysis/venv/lib/python3.10/site-packages/airflow/example_dags/example_dag_decorator.py for tasks to queue
[2026-02-06T09:30:41.438+0200] {logging_mixin.py:188} INFO - [2026-02-06T09:30:41.436+0200] {dagbag.py:538} INFO - Filling up the DagBag from /home/pazzoti/de-upskilling/airflow-flight-price-analysis/venv/lib/python3.10/site-packages/airflow/example_dags/example_dag_decorator.py
[2026-02-06T09:30:41.520+0200] {processor.py:840} INFO - DAG(s) 'example_dag_decorator' retrieved from /home/pazzoti/de-upskilling/airflow-flight-price-analysis/venv/lib/python3.10/site-packages/airflow/example_dags/example_dag_decorator.py
[2026-02-06T09:30:41.601+0200] {logging_mixin.py:188} INFO - [2026-02-06T09:30:41.601+0200] {dag.py:3036} INFO - Sync 1 DAGs
[2026-02-06T09:30:41.611+0200] {logging_mixin.py:188} INFO - [2026-02-06T09:30:41.611+0200] {dag.py:3823} INFO - Setting next_dagrun for example_dag_decorator to None, run_after=None
[2026-02-06T09:30:41.640+0200] {processor.py:183} INFO - Processing /home/pazzoti/de-upskilling/airflow-flight-price-analysis/venv/lib/python3.10/site-packages/airflow/example_dags/example_dag_decorator.py took 0.212 seconds
[2026-02-06T09:31:22.681+0200] {processor.py:161} INFO - Started process (PID=10090) to work on /home/pazzoti/de-upskilling/airflow-flight-price-analysis/venv/lib/python3.10/site-packages/airflow/example_dags/example_dag_decorator.py
[2026-02-06T09:31:22.682+0200] {processor.py:830} INFO - Processing file /home/pazzoti/de-upskilling/airflow-flight-price-analysis/venv/lib/python3.10/site-packages/airflow/example_dags/example_dag_decorator.py for tasks to queue
[2026-02-06T09:31:22.682+0200] {logging_mixin.py:188} INFO - [2026-02-06T09:31:22.682+0200] {dagbag.py:538} INFO - Filling up the DagBag from /home/pazzoti/de-upskilling/airflow-flight-price-analysis/venv/lib/python3.10/site-packages/airflow/example_dags/example_dag_decorator.py
[2026-02-06T09:31:22.725+0200] {processor.py:840} INFO - DAG(s) 'example_dag_decorator' retrieved from /home/pazzoti/de-upskilling/airflow-flight-price-analysis/venv/lib/python3.10/site-packages/airflow/example_dags/example_dag_decorator.py
[2026-02-06T09:31:22.774+0200] {logging_mixin.py:188} INFO - [2026-02-06T09:31:22.774+0200] {dag.py:3036} INFO - Sync 1 DAGs
[2026-02-06T09:31:22.779+0200] {logging_mixin.py:188} INFO - [2026-02-06T09:31:22.779+0200] {dag.py:3823} INFO - Setting next_dagrun for example_dag_decorator to None, run_after=None
[2026-02-06T09:31:22.798+0200] {processor.py:183} INFO - Processing /home/pazzoti/de-upskilling/airflow-flight-price-analysis/venv/lib/python3.10/site-packages/airflow/example_dags/example_dag_decorator.py took 0.119 seconds
[2026-02-06T09:31:59.181+0200] {processor.py:161} INFO - Started process (PID=10166) to work on /home/pazzoti/de-upskilling/airflow-flight-price-analysis/venv/lib/python3.10/site-packages/airflow/example_dags/example_dag_decorator.py
[2026-02-06T09:31:59.185+0200] {processor.py:830} INFO - Processing file /home/pazzoti/de-upskilling/airflow-flight-price-analysis/venv/lib/python3.10/site-packages/airflow/example_dags/example_dag_decorator.py for tasks to queue
[2026-02-06T09:31:59.186+0200] {logging_mixin.py:188} INFO - [2026-02-06T09:31:59.186+0200] {dagbag.py:538} INFO - Filling up the DagBag from /home/pazzoti/de-upskilling/airflow-flight-price-analysis/venv/lib/python3.10/site-packages/airflow/example_dags/example_dag_decorator.py
[2026-02-06T09:31:59.237+0200] {processor.py:840} INFO - DAG(s) 'example_dag_decorator' retrieved from /home/pazzoti/de-upskilling/airflow-flight-price-analysis/venv/lib/python3.10/site-packages/airflow/example_dags/example_dag_decorator.py
[2026-02-06T09:31:59.294+0200] {logging_mixin.py:188} INFO - [2026-02-06T09:31:59.294+0200] {dag.py:3036} INFO - Sync 1 DAGs
[2026-02-06T09:31:59.300+0200] {logging_mixin.py:188} INFO - [2026-02-06T09:31:59.299+0200] {dag.py:3823} INFO - Setting next_dagrun for example_dag_decorator to None, run_after=None
[2026-02-06T09:31:59.317+0200] {processor.py:183} INFO - Processing /home/pazzoti/de-upskilling/airflow-flight-price-analysis/venv/lib/python3.10/site-packages/airflow/example_dags/example_dag_decorator.py took 0.139 seconds
[2026-02-06T09:32:36.620+0200] {processor.py:161} INFO - Started process (PID=10252) to work on /home/pazzoti/de-upskilling/airflow-flight-price-analysis/venv/lib/python3.10/site-packages/airflow/example_dags/example_dag_decorator.py
[2026-02-06T09:32:36.626+0200] {processor.py:830} INFO - Processing file /home/pazzoti/de-upskilling/airflow-flight-price-analysis/venv/lib/python3.10/site-packages/airflow/example_dags/example_dag_decorator.py for tasks to queue
[2026-02-06T09:32:36.627+0200] {logging_mixin.py:188} INFO - [2026-02-06T09:32:36.627+0200] {dagbag.py:538} INFO - Filling up the DagBag from /home/pazzoti/de-upskilling/airflow-flight-price-analysis/venv/lib/python3.10/site-packages/airflow/example_dags/example_dag_decorator.py
[2026-02-06T09:32:36.670+0200] {processor.py:840} INFO - DAG(s) 'example_dag_decorator' retrieved from /home/pazzoti/de-upskilling/airflow-flight-price-analysis/venv/lib/python3.10/site-packages/airflow/example_dags/example_dag_decorator.py
[2026-02-06T09:32:36.680+0200] {logging_mixin.py:188} INFO - [2026-02-06T09:32:36.680+0200] {dag.py:3036} INFO - Sync 1 DAGs
[2026-02-06T09:32:36.688+0200] {logging_mixin.py:188} INFO - [2026-02-06T09:32:36.688+0200] {dag.py:3823} INFO - Setting next_dagrun for example_dag_decorator to None, run_after=None
[2026-02-06T09:32:36.706+0200] {processor.py:183} INFO - Processing /home/pazzoti/de-upskilling/airflow-flight-price-analysis/venv/lib/python3.10/site-packages/airflow/example_dags/example_dag_decorator.py took 0.089 seconds
[2026-02-06T09:33:33.124+0200] {processor.py:161} INFO - Started process (PID=10344) to work on /home/pazzoti/de-upskilling/airflow-flight-price-analysis/venv/lib/python3.10/site-packages/airflow/example_dags/example_dag_decorator.py
[2026-02-06T09:33:33.128+0200] {processor.py:830} INFO - Processing file /home/pazzoti/de-upskilling/airflow-flight-price-analysis/venv/lib/python3.10/site-packages/airflow/example_dags/example_dag_decorator.py for tasks to queue
[2026-02-06T09:33:33.130+0200] {logging_mixin.py:188} INFO - [2026-02-06T09:33:33.129+0200] {dagbag.py:538} INFO - Filling up the DagBag from /home/pazzoti/de-upskilling/airflow-flight-price-analysis/venv/lib/python3.10/site-packages/airflow/example_dags/example_dag_decorator.py
[2026-02-06T09:33:33.231+0200] {processor.py:840} INFO - DAG(s) 'example_dag_decorator' retrieved from /home/pazzoti/de-upskilling/airflow-flight-price-analysis/venv/lib/python3.10/site-packages/airflow/example_dags/example_dag_decorator.py
[2026-02-06T09:33:33.258+0200] {logging_mixin.py:188} INFO - [2026-02-06T09:33:33.258+0200] {dag.py:3036} INFO - Sync 1 DAGs
[2026-02-06T09:33:33.276+0200] {logging_mixin.py:188} INFO - [2026-02-06T09:33:33.275+0200] {dag.py:3823} INFO - Setting next_dagrun for example_dag_decorator to None, run_after=None
[2026-02-06T09:33:33.319+0200] {processor.py:183} INFO - Processing /home/pazzoti/de-upskilling/airflow-flight-price-analysis/venv/lib/python3.10/site-packages/airflow/example_dags/example_dag_decorator.py took 0.202 seconds
[2026-02-06T09:34:24.251+0200] {processor.py:161} INFO - Started process (PID=10431) to work on /home/pazzoti/de-upskilling/airflow-flight-price-analysis/venv/lib/python3.10/site-packages/airflow/example_dags/example_dag_decorator.py
[2026-02-06T09:34:24.252+0200] {processor.py:830} INFO - Processing file /home/pazzoti/de-upskilling/airflow-flight-price-analysis/venv/lib/python3.10/site-packages/airflow/example_dags/example_dag_decorator.py for tasks to queue
[2026-02-06T09:34:24.253+0200] {logging_mixin.py:188} INFO - [2026-02-06T09:34:24.253+0200] {dagbag.py:538} INFO - Filling up the DagBag from /home/pazzoti/de-upskilling/airflow-flight-price-analysis/venv/lib/python3.10/site-packages/airflow/example_dags/example_dag_decorator.py
[2026-02-06T09:34:24.304+0200] {processor.py:840} INFO - DAG(s) 'example_dag_decorator' retrieved from /home/pazzoti/de-upskilling/airflow-flight-price-analysis/venv/lib/python3.10/site-packages/airflow/example_dags/example_dag_decorator.py
[2026-02-06T09:34:24.352+0200] {logging_mixin.py:188} INFO - [2026-02-06T09:34:24.352+0200] {dag.py:3036} INFO - Sync 1 DAGs
[2026-02-06T09:34:24.358+0200] {logging_mixin.py:188} INFO - [2026-02-06T09:34:24.358+0200] {dag.py:3823} INFO - Setting next_dagrun for example_dag_decorator to None, run_after=None
[2026-02-06T09:34:24.373+0200] {processor.py:183} INFO - Processing /home/pazzoti/de-upskilling/airflow-flight-price-analysis/venv/lib/python3.10/site-packages/airflow/example_dags/example_dag_decorator.py took 0.125 seconds
[2026-02-06T09:35:00.386+0200] {processor.py:161} INFO - Started process (PID=10526) to work on /home/pazzoti/de-upskilling/airflow-flight-price-analysis/venv/lib/python3.10/site-packages/airflow/example_dags/example_dag_decorator.py
[2026-02-06T09:35:00.387+0200] {processor.py:830} INFO - Processing file /home/pazzoti/de-upskilling/airflow-flight-price-analysis/venv/lib/python3.10/site-packages/airflow/example_dags/example_dag_decorator.py for tasks to queue
[2026-02-06T09:35:00.388+0200] {logging_mixin.py:188} INFO - [2026-02-06T09:35:00.388+0200] {dagbag.py:538} INFO - Filling up the DagBag from /home/pazzoti/de-upskilling/airflow-flight-price-analysis/venv/lib/python3.10/site-packages/airflow/example_dags/example_dag_decorator.py
[2026-02-06T09:35:00.450+0200] {processor.py:840} INFO - DAG(s) 'example_dag_decorator' retrieved from /home/pazzoti/de-upskilling/airflow-flight-price-analysis/venv/lib/python3.10/site-packages/airflow/example_dags/example_dag_decorator.py
[2026-02-06T09:35:00.462+0200] {logging_mixin.py:188} INFO - [2026-02-06T09:35:00.462+0200] {dag.py:3036} INFO - Sync 1 DAGs
[2026-02-06T09:35:00.470+0200] {logging_mixin.py:188} INFO - [2026-02-06T09:35:00.469+0200] {dag.py:3823} INFO - Setting next_dagrun for example_dag_decorator to None, run_after=None
[2026-02-06T09:35:00.487+0200] {processor.py:183} INFO - Processing /home/pazzoti/de-upskilling/airflow-flight-price-analysis/venv/lib/python3.10/site-packages/airflow/example_dags/example_dag_decorator.py took 0.104 seconds
