[2026-02-06T09:01:13.545+0200] {processor.py:161} INFO - Started process (PID=4153) to work on /home/pazzoti/de-upskilling/airflow-flight-price-analysis/venv/lib/python3.10/site-packages/airflow/example_dags/example_python_operator.py
[2026-02-06T09:01:13.546+0200] {processor.py:830} INFO - Processing file /home/pazzoti/de-upskilling/airflow-flight-price-analysis/venv/lib/python3.10/site-packages/airflow/example_dags/example_python_operator.py for tasks to queue
[2026-02-06T09:01:13.546+0200] {logging_mixin.py:188} INFO - [2026-02-06T09:01:13.546+0200] {dagbag.py:538} INFO - Filling up the DagBag from /home/pazzoti/de-upskilling/airflow-flight-price-analysis/venv/lib/python3.10/site-packages/airflow/example_dags/example_python_operator.py
[2026-02-06T09:01:13.626+0200] {processor.py:840} INFO - DAG(s) 'example_python_operator' retrieved from /home/pazzoti/de-upskilling/airflow-flight-price-analysis/venv/lib/python3.10/site-packages/airflow/example_dags/example_python_operator.py
[2026-02-06T09:01:13.669+0200] {logging_mixin.py:188} INFO - [2026-02-06T09:01:13.668+0200] {dag.py:3036} INFO - Sync 1 DAGs
[2026-02-06T09:01:13.673+0200] {logging_mixin.py:188} INFO - [2026-02-06T09:01:13.673+0200] {dag.py:3823} INFO - Setting next_dagrun for example_python_operator to None, run_after=None
[2026-02-06T09:01:13.689+0200] {processor.py:183} INFO - Processing /home/pazzoti/de-upskilling/airflow-flight-price-analysis/venv/lib/python3.10/site-packages/airflow/example_dags/example_python_operator.py took 0.146 seconds
[2026-02-06T09:02:06.322+0200] {processor.py:161} INFO - Started process (PID=4716) to work on /home/pazzoti/de-upskilling/airflow-flight-price-analysis/venv/lib/python3.10/site-packages/airflow/example_dags/example_python_operator.py
[2026-02-06T09:02:06.325+0200] {processor.py:830} INFO - Processing file /home/pazzoti/de-upskilling/airflow-flight-price-analysis/venv/lib/python3.10/site-packages/airflow/example_dags/example_python_operator.py for tasks to queue
[2026-02-06T09:02:06.325+0200] {logging_mixin.py:188} INFO - [2026-02-06T09:02:06.325+0200] {dagbag.py:538} INFO - Filling up the DagBag from /home/pazzoti/de-upskilling/airflow-flight-price-analysis/venv/lib/python3.10/site-packages/airflow/example_dags/example_python_operator.py
[2026-02-06T09:02:06.333+0200] {processor.py:840} INFO - DAG(s) 'example_python_operator' retrieved from /home/pazzoti/de-upskilling/airflow-flight-price-analysis/venv/lib/python3.10/site-packages/airflow/example_dags/example_python_operator.py
[2026-02-06T09:02:06.345+0200] {logging_mixin.py:188} INFO - [2026-02-06T09:02:06.345+0200] {dag.py:3036} INFO - Sync 1 DAGs
[2026-02-06T09:02:06.352+0200] {logging_mixin.py:188} INFO - [2026-02-06T09:02:06.352+0200] {dag.py:3823} INFO - Setting next_dagrun for example_python_operator to None, run_after=None
[2026-02-06T09:02:06.371+0200] {processor.py:183} INFO - Processing /home/pazzoti/de-upskilling/airflow-flight-price-analysis/venv/lib/python3.10/site-packages/airflow/example_dags/example_python_operator.py took 0.052 seconds
[2026-02-06T09:02:52.513+0200] {processor.py:161} INFO - Started process (PID=4993) to work on /home/pazzoti/de-upskilling/airflow-flight-price-analysis/venv/lib/python3.10/site-packages/airflow/example_dags/example_python_operator.py
[2026-02-06T09:02:52.517+0200] {processor.py:830} INFO - Processing file /home/pazzoti/de-upskilling/airflow-flight-price-analysis/venv/lib/python3.10/site-packages/airflow/example_dags/example_python_operator.py for tasks to queue
[2026-02-06T09:02:52.518+0200] {logging_mixin.py:188} INFO - [2026-02-06T09:02:52.517+0200] {dagbag.py:538} INFO - Filling up the DagBag from /home/pazzoti/de-upskilling/airflow-flight-price-analysis/venv/lib/python3.10/site-packages/airflow/example_dags/example_python_operator.py
[2026-02-06T09:02:52.528+0200] {processor.py:840} INFO - DAG(s) 'example_python_operator' retrieved from /home/pazzoti/de-upskilling/airflow-flight-price-analysis/venv/lib/python3.10/site-packages/airflow/example_dags/example_python_operator.py
[2026-02-06T09:02:52.539+0200] {logging_mixin.py:188} INFO - [2026-02-06T09:02:52.538+0200] {dag.py:3036} INFO - Sync 1 DAGs
[2026-02-06T09:02:52.545+0200] {logging_mixin.py:188} INFO - [2026-02-06T09:02:52.544+0200] {dag.py:3823} INFO - Setting next_dagrun for example_python_operator to None, run_after=None
[2026-02-06T09:02:52.561+0200] {processor.py:183} INFO - Processing /home/pazzoti/de-upskilling/airflow-flight-price-analysis/venv/lib/python3.10/site-packages/airflow/example_dags/example_python_operator.py took 0.051 seconds
[2026-02-06T09:03:42.685+0200] {processor.py:161} INFO - Started process (PID=5229) to work on /home/pazzoti/de-upskilling/airflow-flight-price-analysis/venv/lib/python3.10/site-packages/airflow/example_dags/example_python_operator.py
[2026-02-06T09:03:42.692+0200] {processor.py:830} INFO - Processing file /home/pazzoti/de-upskilling/airflow-flight-price-analysis/venv/lib/python3.10/site-packages/airflow/example_dags/example_python_operator.py for tasks to queue
[2026-02-06T09:03:42.693+0200] {logging_mixin.py:188} INFO - [2026-02-06T09:03:42.692+0200] {dagbag.py:538} INFO - Filling up the DagBag from /home/pazzoti/de-upskilling/airflow-flight-price-analysis/venv/lib/python3.10/site-packages/airflow/example_dags/example_python_operator.py
[2026-02-06T09:03:42.700+0200] {processor.py:840} INFO - DAG(s) 'example_python_operator' retrieved from /home/pazzoti/de-upskilling/airflow-flight-price-analysis/venv/lib/python3.10/site-packages/airflow/example_dags/example_python_operator.py
[2026-02-06T09:03:42.714+0200] {logging_mixin.py:188} INFO - [2026-02-06T09:03:42.713+0200] {dag.py:3036} INFO - Sync 1 DAGs
[2026-02-06T09:03:42.720+0200] {logging_mixin.py:188} INFO - [2026-02-06T09:03:42.720+0200] {dag.py:3823} INFO - Setting next_dagrun for example_python_operator to None, run_after=None
[2026-02-06T09:03:42.740+0200] {processor.py:183} INFO - Processing /home/pazzoti/de-upskilling/airflow-flight-price-analysis/venv/lib/python3.10/site-packages/airflow/example_dags/example_python_operator.py took 0.057 seconds
[2026-02-06T09:04:23.230+0200] {processor.py:161} INFO - Started process (PID=5408) to work on /home/pazzoti/de-upskilling/airflow-flight-price-analysis/venv/lib/python3.10/site-packages/airflow/example_dags/example_python_operator.py
[2026-02-06T09:04:23.232+0200] {processor.py:830} INFO - Processing file /home/pazzoti/de-upskilling/airflow-flight-price-analysis/venv/lib/python3.10/site-packages/airflow/example_dags/example_python_operator.py for tasks to queue
[2026-02-06T09:04:23.233+0200] {logging_mixin.py:188} INFO - [2026-02-06T09:04:23.233+0200] {dagbag.py:538} INFO - Filling up the DagBag from /home/pazzoti/de-upskilling/airflow-flight-price-analysis/venv/lib/python3.10/site-packages/airflow/example_dags/example_python_operator.py
[2026-02-06T09:04:23.244+0200] {processor.py:840} INFO - DAG(s) 'example_python_operator' retrieved from /home/pazzoti/de-upskilling/airflow-flight-price-analysis/venv/lib/python3.10/site-packages/airflow/example_dags/example_python_operator.py
[2026-02-06T09:04:23.258+0200] {logging_mixin.py:188} INFO - [2026-02-06T09:04:23.258+0200] {dag.py:3036} INFO - Sync 1 DAGs
[2026-02-06T09:04:23.265+0200] {logging_mixin.py:188} INFO - [2026-02-06T09:04:23.265+0200] {dag.py:3823} INFO - Setting next_dagrun for example_python_operator to None, run_after=None
[2026-02-06T09:04:23.289+0200] {processor.py:183} INFO - Processing /home/pazzoti/de-upskilling/airflow-flight-price-analysis/venv/lib/python3.10/site-packages/airflow/example_dags/example_python_operator.py took 0.060 seconds
[2026-02-06T09:05:00.239+0200] {processor.py:161} INFO - Started process (PID=5609) to work on /home/pazzoti/de-upskilling/airflow-flight-price-analysis/venv/lib/python3.10/site-packages/airflow/example_dags/example_python_operator.py
[2026-02-06T09:05:00.241+0200] {processor.py:830} INFO - Processing file /home/pazzoti/de-upskilling/airflow-flight-price-analysis/venv/lib/python3.10/site-packages/airflow/example_dags/example_python_operator.py for tasks to queue
[2026-02-06T09:05:00.241+0200] {logging_mixin.py:188} INFO - [2026-02-06T09:05:00.241+0200] {dagbag.py:538} INFO - Filling up the DagBag from /home/pazzoti/de-upskilling/airflow-flight-price-analysis/venv/lib/python3.10/site-packages/airflow/example_dags/example_python_operator.py
[2026-02-06T09:05:00.250+0200] {processor.py:840} INFO - DAG(s) 'example_python_operator' retrieved from /home/pazzoti/de-upskilling/airflow-flight-price-analysis/venv/lib/python3.10/site-packages/airflow/example_dags/example_python_operator.py
[2026-02-06T09:05:00.264+0200] {logging_mixin.py:188} INFO - [2026-02-06T09:05:00.264+0200] {dag.py:3036} INFO - Sync 1 DAGs
[2026-02-06T09:05:00.274+0200] {logging_mixin.py:188} INFO - [2026-02-06T09:05:00.274+0200] {dag.py:3823} INFO - Setting next_dagrun for example_python_operator to None, run_after=None
[2026-02-06T09:05:00.298+0200] {processor.py:183} INFO - Processing /home/pazzoti/de-upskilling/airflow-flight-price-analysis/venv/lib/python3.10/site-packages/airflow/example_dags/example_python_operator.py took 0.061 seconds
[2026-02-06T09:05:37.674+0200] {processor.py:161} INFO - Started process (PID=5789) to work on /home/pazzoti/de-upskilling/airflow-flight-price-analysis/venv/lib/python3.10/site-packages/airflow/example_dags/example_python_operator.py
[2026-02-06T09:05:37.675+0200] {processor.py:830} INFO - Processing file /home/pazzoti/de-upskilling/airflow-flight-price-analysis/venv/lib/python3.10/site-packages/airflow/example_dags/example_python_operator.py for tasks to queue
[2026-02-06T09:05:37.676+0200] {logging_mixin.py:188} INFO - [2026-02-06T09:05:37.675+0200] {dagbag.py:538} INFO - Filling up the DagBag from /home/pazzoti/de-upskilling/airflow-flight-price-analysis/venv/lib/python3.10/site-packages/airflow/example_dags/example_python_operator.py
[2026-02-06T09:05:37.687+0200] {processor.py:840} INFO - DAG(s) 'example_python_operator' retrieved from /home/pazzoti/de-upskilling/airflow-flight-price-analysis/venv/lib/python3.10/site-packages/airflow/example_dags/example_python_operator.py
[2026-02-06T09:05:37.706+0200] {logging_mixin.py:188} INFO - [2026-02-06T09:05:37.706+0200] {dag.py:3036} INFO - Sync 1 DAGs
[2026-02-06T09:05:37.717+0200] {logging_mixin.py:188} INFO - [2026-02-06T09:05:37.717+0200] {dag.py:3823} INFO - Setting next_dagrun for example_python_operator to None, run_after=None
[2026-02-06T09:05:37.739+0200] {processor.py:183} INFO - Processing /home/pazzoti/de-upskilling/airflow-flight-price-analysis/venv/lib/python3.10/site-packages/airflow/example_dags/example_python_operator.py took 0.068 seconds
[2026-02-06T09:06:31.332+0200] {processor.py:161} INFO - Started process (PID=6052) to work on /home/pazzoti/de-upskilling/airflow-flight-price-analysis/venv/lib/python3.10/site-packages/airflow/example_dags/example_python_operator.py
[2026-02-06T09:06:31.334+0200] {processor.py:830} INFO - Processing file /home/pazzoti/de-upskilling/airflow-flight-price-analysis/venv/lib/python3.10/site-packages/airflow/example_dags/example_python_operator.py for tasks to queue
[2026-02-06T09:06:31.335+0200] {logging_mixin.py:188} INFO - [2026-02-06T09:06:31.334+0200] {dagbag.py:538} INFO - Filling up the DagBag from /home/pazzoti/de-upskilling/airflow-flight-price-analysis/venv/lib/python3.10/site-packages/airflow/example_dags/example_python_operator.py
[2026-02-06T09:06:31.341+0200] {processor.py:840} INFO - DAG(s) 'example_python_operator' retrieved from /home/pazzoti/de-upskilling/airflow-flight-price-analysis/venv/lib/python3.10/site-packages/airflow/example_dags/example_python_operator.py
[2026-02-06T09:06:31.352+0200] {logging_mixin.py:188} INFO - [2026-02-06T09:06:31.352+0200] {dag.py:3036} INFO - Sync 1 DAGs
[2026-02-06T09:06:31.359+0200] {logging_mixin.py:188} INFO - [2026-02-06T09:06:31.359+0200] {dag.py:3823} INFO - Setting next_dagrun for example_python_operator to None, run_after=None
[2026-02-06T09:06:31.375+0200] {processor.py:183} INFO - Processing /home/pazzoti/de-upskilling/airflow-flight-price-analysis/venv/lib/python3.10/site-packages/airflow/example_dags/example_python_operator.py took 0.046 seconds
[2026-02-06T09:07:09.296+0200] {processor.py:161} INFO - Started process (PID=6289) to work on /home/pazzoti/de-upskilling/airflow-flight-price-analysis/venv/lib/python3.10/site-packages/airflow/example_dags/example_python_operator.py
[2026-02-06T09:07:09.297+0200] {processor.py:830} INFO - Processing file /home/pazzoti/de-upskilling/airflow-flight-price-analysis/venv/lib/python3.10/site-packages/airflow/example_dags/example_python_operator.py for tasks to queue
[2026-02-06T09:07:09.299+0200] {logging_mixin.py:188} INFO - [2026-02-06T09:07:09.298+0200] {dagbag.py:538} INFO - Filling up the DagBag from /home/pazzoti/de-upskilling/airflow-flight-price-analysis/venv/lib/python3.10/site-packages/airflow/example_dags/example_python_operator.py
[2026-02-06T09:07:09.310+0200] {processor.py:840} INFO - DAG(s) 'example_python_operator' retrieved from /home/pazzoti/de-upskilling/airflow-flight-price-analysis/venv/lib/python3.10/site-packages/airflow/example_dags/example_python_operator.py
[2026-02-06T09:07:09.323+0200] {logging_mixin.py:188} INFO - [2026-02-06T09:07:09.322+0200] {dag.py:3036} INFO - Sync 1 DAGs
[2026-02-06T09:07:09.332+0200] {logging_mixin.py:188} INFO - [2026-02-06T09:07:09.331+0200] {dag.py:3823} INFO - Setting next_dagrun for example_python_operator to None, run_after=None
[2026-02-06T09:07:09.349+0200] {processor.py:183} INFO - Processing /home/pazzoti/de-upskilling/airflow-flight-price-analysis/venv/lib/python3.10/site-packages/airflow/example_dags/example_python_operator.py took 0.055 seconds
[2026-02-06T09:08:03.548+0200] {processor.py:161} INFO - Started process (PID=6540) to work on /home/pazzoti/de-upskilling/airflow-flight-price-analysis/venv/lib/python3.10/site-packages/airflow/example_dags/example_python_operator.py
[2026-02-06T09:08:03.552+0200] {processor.py:830} INFO - Processing file /home/pazzoti/de-upskilling/airflow-flight-price-analysis/venv/lib/python3.10/site-packages/airflow/example_dags/example_python_operator.py for tasks to queue
[2026-02-06T09:08:03.553+0200] {logging_mixin.py:188} INFO - [2026-02-06T09:08:03.552+0200] {dagbag.py:538} INFO - Filling up the DagBag from /home/pazzoti/de-upskilling/airflow-flight-price-analysis/venv/lib/python3.10/site-packages/airflow/example_dags/example_python_operator.py
[2026-02-06T09:08:03.563+0200] {processor.py:840} INFO - DAG(s) 'example_python_operator' retrieved from /home/pazzoti/de-upskilling/airflow-flight-price-analysis/venv/lib/python3.10/site-packages/airflow/example_dags/example_python_operator.py
[2026-02-06T09:08:03.574+0200] {logging_mixin.py:188} INFO - [2026-02-06T09:08:03.574+0200] {dag.py:3036} INFO - Sync 1 DAGs
[2026-02-06T09:08:03.580+0200] {logging_mixin.py:188} INFO - [2026-02-06T09:08:03.580+0200] {dag.py:3823} INFO - Setting next_dagrun for example_python_operator to None, run_after=None
[2026-02-06T09:08:03.596+0200] {processor.py:183} INFO - Processing /home/pazzoti/de-upskilling/airflow-flight-price-analysis/venv/lib/python3.10/site-packages/airflow/example_dags/example_python_operator.py took 0.051 seconds
[2026-02-06T09:08:57.384+0200] {processor.py:161} INFO - Started process (PID=6784) to work on /home/pazzoti/de-upskilling/airflow-flight-price-analysis/venv/lib/python3.10/site-packages/airflow/example_dags/example_python_operator.py
[2026-02-06T09:08:57.386+0200] {processor.py:830} INFO - Processing file /home/pazzoti/de-upskilling/airflow-flight-price-analysis/venv/lib/python3.10/site-packages/airflow/example_dags/example_python_operator.py for tasks to queue
[2026-02-06T09:08:57.387+0200] {logging_mixin.py:188} INFO - [2026-02-06T09:08:57.387+0200] {dagbag.py:538} INFO - Filling up the DagBag from /home/pazzoti/de-upskilling/airflow-flight-price-analysis/venv/lib/python3.10/site-packages/airflow/example_dags/example_python_operator.py
[2026-02-06T09:08:57.397+0200] {processor.py:840} INFO - DAG(s) 'example_python_operator' retrieved from /home/pazzoti/de-upskilling/airflow-flight-price-analysis/venv/lib/python3.10/site-packages/airflow/example_dags/example_python_operator.py
[2026-02-06T09:08:57.411+0200] {logging_mixin.py:188} INFO - [2026-02-06T09:08:57.411+0200] {dag.py:3036} INFO - Sync 1 DAGs
[2026-02-06T09:08:57.420+0200] {logging_mixin.py:188} INFO - [2026-02-06T09:08:57.420+0200] {dag.py:3823} INFO - Setting next_dagrun for example_python_operator to None, run_after=None
[2026-02-06T09:08:57.440+0200] {processor.py:183} INFO - Processing /home/pazzoti/de-upskilling/airflow-flight-price-analysis/venv/lib/python3.10/site-packages/airflow/example_dags/example_python_operator.py took 0.058 seconds
[2026-02-06T09:09:35.258+0200] {processor.py:161} INFO - Started process (PID=6965) to work on /home/pazzoti/de-upskilling/airflow-flight-price-analysis/venv/lib/python3.10/site-packages/airflow/example_dags/example_python_operator.py
[2026-02-06T09:09:35.260+0200] {processor.py:830} INFO - Processing file /home/pazzoti/de-upskilling/airflow-flight-price-analysis/venv/lib/python3.10/site-packages/airflow/example_dags/example_python_operator.py for tasks to queue
[2026-02-06T09:09:35.261+0200] {logging_mixin.py:188} INFO - [2026-02-06T09:09:35.261+0200] {dagbag.py:538} INFO - Filling up the DagBag from /home/pazzoti/de-upskilling/airflow-flight-price-analysis/venv/lib/python3.10/site-packages/airflow/example_dags/example_python_operator.py
[2026-02-06T09:09:35.272+0200] {processor.py:840} INFO - DAG(s) 'example_python_operator' retrieved from /home/pazzoti/de-upskilling/airflow-flight-price-analysis/venv/lib/python3.10/site-packages/airflow/example_dags/example_python_operator.py
[2026-02-06T09:09:35.284+0200] {logging_mixin.py:188} INFO - [2026-02-06T09:09:35.284+0200] {dag.py:3036} INFO - Sync 1 DAGs
[2026-02-06T09:09:35.293+0200] {logging_mixin.py:188} INFO - [2026-02-06T09:09:35.292+0200] {dag.py:3823} INFO - Setting next_dagrun for example_python_operator to None, run_after=None
[2026-02-06T09:09:35.313+0200] {processor.py:183} INFO - Processing /home/pazzoti/de-upskilling/airflow-flight-price-analysis/venv/lib/python3.10/site-packages/airflow/example_dags/example_python_operator.py took 0.057 seconds
[2026-02-06T09:11:06.703+0200] {processor.py:161} INFO - Started process (PID=7602) to work on /home/pazzoti/de-upskilling/airflow-flight-price-analysis/venv/lib/python3.10/site-packages/airflow/example_dags/example_python_operator.py
[2026-02-06T09:11:06.731+0200] {processor.py:830} INFO - Processing file /home/pazzoti/de-upskilling/airflow-flight-price-analysis/venv/lib/python3.10/site-packages/airflow/example_dags/example_python_operator.py for tasks to queue
[2026-02-06T09:11:06.733+0200] {logging_mixin.py:188} INFO - [2026-02-06T09:11:06.732+0200] {dagbag.py:538} INFO - Filling up the DagBag from /home/pazzoti/de-upskilling/airflow-flight-price-analysis/venv/lib/python3.10/site-packages/airflow/example_dags/example_python_operator.py
[2026-02-06T09:11:07.213+0200] {processor.py:840} INFO - DAG(s) 'example_python_operator' retrieved from /home/pazzoti/de-upskilling/airflow-flight-price-analysis/venv/lib/python3.10/site-packages/airflow/example_dags/example_python_operator.py
[2026-02-06T09:11:08.332+0200] {logging_mixin.py:188} INFO - [2026-02-06T09:11:08.322+0200] {dag.py:3036} INFO - Sync 1 DAGs
[2026-02-06T09:11:08.396+0200] {logging_mixin.py:188} INFO - [2026-02-06T09:11:08.395+0200] {dag.py:3823} INFO - Setting next_dagrun for example_python_operator to None, run_after=None
[2026-02-06T09:11:08.558+0200] {processor.py:183} INFO - Processing /home/pazzoti/de-upskilling/airflow-flight-price-analysis/venv/lib/python3.10/site-packages/airflow/example_dags/example_python_operator.py took 1.873 seconds
[2026-02-06T09:12:11.162+0200] {processor.py:161} INFO - Started process (PID=8231) to work on /home/pazzoti/de-upskilling/airflow-flight-price-analysis/venv/lib/python3.10/site-packages/airflow/example_dags/example_python_operator.py
[2026-02-06T09:12:11.165+0200] {processor.py:830} INFO - Processing file /home/pazzoti/de-upskilling/airflow-flight-price-analysis/venv/lib/python3.10/site-packages/airflow/example_dags/example_python_operator.py for tasks to queue
[2026-02-06T09:12:11.165+0200] {logging_mixin.py:188} INFO - [2026-02-06T09:12:11.165+0200] {dagbag.py:538} INFO - Filling up the DagBag from /home/pazzoti/de-upskilling/airflow-flight-price-analysis/venv/lib/python3.10/site-packages/airflow/example_dags/example_python_operator.py
[2026-02-06T09:12:11.175+0200] {processor.py:840} INFO - DAG(s) 'example_python_operator' retrieved from /home/pazzoti/de-upskilling/airflow-flight-price-analysis/venv/lib/python3.10/site-packages/airflow/example_dags/example_python_operator.py
[2026-02-06T09:12:11.187+0200] {logging_mixin.py:188} INFO - [2026-02-06T09:12:11.187+0200] {dag.py:3036} INFO - Sync 1 DAGs
[2026-02-06T09:12:11.193+0200] {logging_mixin.py:188} INFO - [2026-02-06T09:12:11.193+0200] {dag.py:3823} INFO - Setting next_dagrun for example_python_operator to None, run_after=None
[2026-02-06T09:12:11.208+0200] {processor.py:183} INFO - Processing /home/pazzoti/de-upskilling/airflow-flight-price-analysis/venv/lib/python3.10/site-packages/airflow/example_dags/example_python_operator.py took 0.048 seconds
[2026-02-06T09:12:59.072+0200] {processor.py:161} INFO - Started process (PID=8452) to work on /home/pazzoti/de-upskilling/airflow-flight-price-analysis/venv/lib/python3.10/site-packages/airflow/example_dags/example_python_operator.py
[2026-02-06T09:12:59.080+0200] {processor.py:830} INFO - Processing file /home/pazzoti/de-upskilling/airflow-flight-price-analysis/venv/lib/python3.10/site-packages/airflow/example_dags/example_python_operator.py for tasks to queue
[2026-02-06T09:12:59.081+0200] {logging_mixin.py:188} INFO - [2026-02-06T09:12:59.080+0200] {dagbag.py:538} INFO - Filling up the DagBag from /home/pazzoti/de-upskilling/airflow-flight-price-analysis/venv/lib/python3.10/site-packages/airflow/example_dags/example_python_operator.py
[2026-02-06T09:12:59.091+0200] {processor.py:840} INFO - DAG(s) 'example_python_operator' retrieved from /home/pazzoti/de-upskilling/airflow-flight-price-analysis/venv/lib/python3.10/site-packages/airflow/example_dags/example_python_operator.py
[2026-02-06T09:12:59.103+0200] {logging_mixin.py:188} INFO - [2026-02-06T09:12:59.102+0200] {dag.py:3036} INFO - Sync 1 DAGs
[2026-02-06T09:12:59.109+0200] {logging_mixin.py:188} INFO - [2026-02-06T09:12:59.109+0200] {dag.py:3823} INFO - Setting next_dagrun for example_python_operator to None, run_after=None
[2026-02-06T09:12:59.128+0200] {processor.py:183} INFO - Processing /home/pazzoti/de-upskilling/airflow-flight-price-analysis/venv/lib/python3.10/site-packages/airflow/example_dags/example_python_operator.py took 0.060 seconds
[2026-02-06T09:13:47.967+0200] {processor.py:161} INFO - Started process (PID=8677) to work on /home/pazzoti/de-upskilling/airflow-flight-price-analysis/venv/lib/python3.10/site-packages/airflow/example_dags/example_python_operator.py
[2026-02-06T09:13:47.971+0200] {processor.py:830} INFO - Processing file /home/pazzoti/de-upskilling/airflow-flight-price-analysis/venv/lib/python3.10/site-packages/airflow/example_dags/example_python_operator.py for tasks to queue
[2026-02-06T09:13:47.972+0200] {logging_mixin.py:188} INFO - [2026-02-06T09:13:47.971+0200] {dagbag.py:538} INFO - Filling up the DagBag from /home/pazzoti/de-upskilling/airflow-flight-price-analysis/venv/lib/python3.10/site-packages/airflow/example_dags/example_python_operator.py
[2026-02-06T09:13:47.980+0200] {processor.py:840} INFO - DAG(s) 'example_python_operator' retrieved from /home/pazzoti/de-upskilling/airflow-flight-price-analysis/venv/lib/python3.10/site-packages/airflow/example_dags/example_python_operator.py
[2026-02-06T09:13:47.992+0200] {logging_mixin.py:188} INFO - [2026-02-06T09:13:47.992+0200] {dag.py:3036} INFO - Sync 1 DAGs
[2026-02-06T09:13:48.000+0200] {logging_mixin.py:188} INFO - [2026-02-06T09:13:47.999+0200] {dag.py:3823} INFO - Setting next_dagrun for example_python_operator to None, run_after=None
[2026-02-06T09:13:48.021+0200] {processor.py:183} INFO - Processing /home/pazzoti/de-upskilling/airflow-flight-price-analysis/venv/lib/python3.10/site-packages/airflow/example_dags/example_python_operator.py took 0.058 seconds
[2026-02-06T09:14:39.144+0200] {processor.py:161} INFO - Started process (PID=8915) to work on /home/pazzoti/de-upskilling/airflow-flight-price-analysis/venv/lib/python3.10/site-packages/airflow/example_dags/example_python_operator.py
[2026-02-06T09:14:39.158+0200] {processor.py:830} INFO - Processing file /home/pazzoti/de-upskilling/airflow-flight-price-analysis/venv/lib/python3.10/site-packages/airflow/example_dags/example_python_operator.py for tasks to queue
[2026-02-06T09:14:39.160+0200] {logging_mixin.py:188} INFO - [2026-02-06T09:14:39.160+0200] {dagbag.py:538} INFO - Filling up the DagBag from /home/pazzoti/de-upskilling/airflow-flight-price-analysis/venv/lib/python3.10/site-packages/airflow/example_dags/example_python_operator.py
[2026-02-06T09:14:39.185+0200] {processor.py:840} INFO - DAG(s) 'example_python_operator' retrieved from /home/pazzoti/de-upskilling/airflow-flight-price-analysis/venv/lib/python3.10/site-packages/airflow/example_dags/example_python_operator.py
[2026-02-06T09:14:39.206+0200] {logging_mixin.py:188} INFO - [2026-02-06T09:14:39.205+0200] {dag.py:3036} INFO - Sync 1 DAGs
[2026-02-06T09:14:39.216+0200] {logging_mixin.py:188} INFO - [2026-02-06T09:14:39.215+0200] {dag.py:3823} INFO - Setting next_dagrun for example_python_operator to None, run_after=None
[2026-02-06T09:14:39.241+0200] {processor.py:183} INFO - Processing /home/pazzoti/de-upskilling/airflow-flight-price-analysis/venv/lib/python3.10/site-packages/airflow/example_dags/example_python_operator.py took 0.100 seconds
[2026-02-06T09:15:19.036+0200] {processor.py:161} INFO - Started process (PID=9093) to work on /home/pazzoti/de-upskilling/airflow-flight-price-analysis/venv/lib/python3.10/site-packages/airflow/example_dags/example_python_operator.py
[2026-02-06T09:15:19.037+0200] {processor.py:830} INFO - Processing file /home/pazzoti/de-upskilling/airflow-flight-price-analysis/venv/lib/python3.10/site-packages/airflow/example_dags/example_python_operator.py for tasks to queue
[2026-02-06T09:15:19.038+0200] {logging_mixin.py:188} INFO - [2026-02-06T09:15:19.038+0200] {dagbag.py:538} INFO - Filling up the DagBag from /home/pazzoti/de-upskilling/airflow-flight-price-analysis/venv/lib/python3.10/site-packages/airflow/example_dags/example_python_operator.py
[2026-02-06T09:15:19.047+0200] {processor.py:840} INFO - DAG(s) 'example_python_operator' retrieved from /home/pazzoti/de-upskilling/airflow-flight-price-analysis/venv/lib/python3.10/site-packages/airflow/example_dags/example_python_operator.py
[2026-02-06T09:15:19.056+0200] {logging_mixin.py:188} INFO - [2026-02-06T09:15:19.056+0200] {dag.py:3036} INFO - Sync 1 DAGs
[2026-02-06T09:15:19.063+0200] {logging_mixin.py:188} INFO - [2026-02-06T09:15:19.063+0200] {dag.py:3823} INFO - Setting next_dagrun for example_python_operator to None, run_after=None
[2026-02-06T09:15:19.081+0200] {processor.py:183} INFO - Processing /home/pazzoti/de-upskilling/airflow-flight-price-analysis/venv/lib/python3.10/site-packages/airflow/example_dags/example_python_operator.py took 0.048 seconds
[2026-02-06T09:15:53.940+0200] {processor.py:161} INFO - Started process (PID=9287) to work on /home/pazzoti/de-upskilling/airflow-flight-price-analysis/venv/lib/python3.10/site-packages/airflow/example_dags/example_python_operator.py
[2026-02-06T09:15:53.941+0200] {processor.py:830} INFO - Processing file /home/pazzoti/de-upskilling/airflow-flight-price-analysis/venv/lib/python3.10/site-packages/airflow/example_dags/example_python_operator.py for tasks to queue
[2026-02-06T09:15:53.942+0200] {logging_mixin.py:188} INFO - [2026-02-06T09:15:53.942+0200] {dagbag.py:538} INFO - Filling up the DagBag from /home/pazzoti/de-upskilling/airflow-flight-price-analysis/venv/lib/python3.10/site-packages/airflow/example_dags/example_python_operator.py
[2026-02-06T09:15:53.951+0200] {processor.py:840} INFO - DAG(s) 'example_python_operator' retrieved from /home/pazzoti/de-upskilling/airflow-flight-price-analysis/venv/lib/python3.10/site-packages/airflow/example_dags/example_python_operator.py
[2026-02-06T09:15:53.960+0200] {logging_mixin.py:188} INFO - [2026-02-06T09:15:53.960+0200] {dag.py:3036} INFO - Sync 1 DAGs
[2026-02-06T09:15:53.967+0200] {logging_mixin.py:188} INFO - [2026-02-06T09:15:53.966+0200] {dag.py:3823} INFO - Setting next_dagrun for example_python_operator to None, run_after=None
[2026-02-06T09:15:53.982+0200] {processor.py:183} INFO - Processing /home/pazzoti/de-upskilling/airflow-flight-price-analysis/venv/lib/python3.10/site-packages/airflow/example_dags/example_python_operator.py took 0.045 seconds
[2026-02-06T09:16:44.678+0200] {processor.py:161} INFO - Started process (PID=9516) to work on /home/pazzoti/de-upskilling/airflow-flight-price-analysis/venv/lib/python3.10/site-packages/airflow/example_dags/example_python_operator.py
[2026-02-06T09:16:44.679+0200] {processor.py:830} INFO - Processing file /home/pazzoti/de-upskilling/airflow-flight-price-analysis/venv/lib/python3.10/site-packages/airflow/example_dags/example_python_operator.py for tasks to queue
[2026-02-06T09:16:44.680+0200] {logging_mixin.py:188} INFO - [2026-02-06T09:16:44.680+0200] {dagbag.py:538} INFO - Filling up the DagBag from /home/pazzoti/de-upskilling/airflow-flight-price-analysis/venv/lib/python3.10/site-packages/airflow/example_dags/example_python_operator.py
[2026-02-06T09:16:44.690+0200] {processor.py:840} INFO - DAG(s) 'example_python_operator' retrieved from /home/pazzoti/de-upskilling/airflow-flight-price-analysis/venv/lib/python3.10/site-packages/airflow/example_dags/example_python_operator.py
[2026-02-06T09:16:44.701+0200] {logging_mixin.py:188} INFO - [2026-02-06T09:16:44.700+0200] {dag.py:3036} INFO - Sync 1 DAGs
[2026-02-06T09:16:44.708+0200] {logging_mixin.py:188} INFO - [2026-02-06T09:16:44.707+0200] {dag.py:3823} INFO - Setting next_dagrun for example_python_operator to None, run_after=None
[2026-02-06T09:16:44.727+0200] {processor.py:183} INFO - Processing /home/pazzoti/de-upskilling/airflow-flight-price-analysis/venv/lib/python3.10/site-packages/airflow/example_dags/example_python_operator.py took 0.051 seconds
[2026-02-06T09:29:22.410+0200] {processor.py:161} INFO - Started process (PID=9879) to work on /home/pazzoti/de-upskilling/airflow-flight-price-analysis/venv/lib/python3.10/site-packages/airflow/example_dags/example_python_operator.py
[2026-02-06T09:29:22.417+0200] {processor.py:830} INFO - Processing file /home/pazzoti/de-upskilling/airflow-flight-price-analysis/venv/lib/python3.10/site-packages/airflow/example_dags/example_python_operator.py for tasks to queue
[2026-02-06T09:29:22.417+0200] {logging_mixin.py:188} INFO - [2026-02-06T09:29:22.417+0200] {dagbag.py:538} INFO - Filling up the DagBag from /home/pazzoti/de-upskilling/airflow-flight-price-analysis/venv/lib/python3.10/site-packages/airflow/example_dags/example_python_operator.py
[2026-02-06T09:29:22.425+0200] {processor.py:840} INFO - DAG(s) 'example_python_operator' retrieved from /home/pazzoti/de-upskilling/airflow-flight-price-analysis/venv/lib/python3.10/site-packages/airflow/example_dags/example_python_operator.py
[2026-02-06T09:29:22.435+0200] {logging_mixin.py:188} INFO - [2026-02-06T09:29:22.435+0200] {dag.py:3036} INFO - Sync 1 DAGs
[2026-02-06T09:29:22.442+0200] {logging_mixin.py:188} INFO - [2026-02-06T09:29:22.442+0200] {dag.py:3823} INFO - Setting next_dagrun for example_python_operator to None, run_after=None
[2026-02-06T09:29:22.462+0200] {processor.py:183} INFO - Processing /home/pazzoti/de-upskilling/airflow-flight-price-analysis/venv/lib/python3.10/site-packages/airflow/example_dags/example_python_operator.py took 0.055 seconds
[2026-02-06T09:30:14.207+0200] {processor.py:161} INFO - Started process (PID=9975) to work on /home/pazzoti/de-upskilling/airflow-flight-price-analysis/venv/lib/python3.10/site-packages/airflow/example_dags/example_python_operator.py
[2026-02-06T09:30:14.209+0200] {processor.py:830} INFO - Processing file /home/pazzoti/de-upskilling/airflow-flight-price-analysis/venv/lib/python3.10/site-packages/airflow/example_dags/example_python_operator.py for tasks to queue
[2026-02-06T09:30:14.210+0200] {logging_mixin.py:188} INFO - [2026-02-06T09:30:14.209+0200] {dagbag.py:538} INFO - Filling up the DagBag from /home/pazzoti/de-upskilling/airflow-flight-price-analysis/venv/lib/python3.10/site-packages/airflow/example_dags/example_python_operator.py
[2026-02-06T09:30:14.225+0200] {processor.py:840} INFO - DAG(s) 'example_python_operator' retrieved from /home/pazzoti/de-upskilling/airflow-flight-price-analysis/venv/lib/python3.10/site-packages/airflow/example_dags/example_python_operator.py
[2026-02-06T09:30:14.248+0200] {logging_mixin.py:188} INFO - [2026-02-06T09:30:14.248+0200] {dag.py:3036} INFO - Sync 1 DAGs
[2026-02-06T09:30:14.260+0200] {logging_mixin.py:188} INFO - [2026-02-06T09:30:14.259+0200] {dag.py:3823} INFO - Setting next_dagrun for example_python_operator to None, run_after=None
[2026-02-06T09:30:14.285+0200] {processor.py:183} INFO - Processing /home/pazzoti/de-upskilling/airflow-flight-price-analysis/venv/lib/python3.10/site-packages/airflow/example_dags/example_python_operator.py took 0.082 seconds
[2026-02-06T09:30:56.798+0200] {processor.py:161} INFO - Started process (PID=10047) to work on /home/pazzoti/de-upskilling/airflow-flight-price-analysis/venv/lib/python3.10/site-packages/airflow/example_dags/example_python_operator.py
[2026-02-06T09:30:56.802+0200] {processor.py:830} INFO - Processing file /home/pazzoti/de-upskilling/airflow-flight-price-analysis/venv/lib/python3.10/site-packages/airflow/example_dags/example_python_operator.py for tasks to queue
[2026-02-06T09:30:56.803+0200] {logging_mixin.py:188} INFO - [2026-02-06T09:30:56.802+0200] {dagbag.py:538} INFO - Filling up the DagBag from /home/pazzoti/de-upskilling/airflow-flight-price-analysis/venv/lib/python3.10/site-packages/airflow/example_dags/example_python_operator.py
[2026-02-06T09:30:56.810+0200] {processor.py:840} INFO - DAG(s) 'example_python_operator' retrieved from /home/pazzoti/de-upskilling/airflow-flight-price-analysis/venv/lib/python3.10/site-packages/airflow/example_dags/example_python_operator.py
[2026-02-06T09:30:56.821+0200] {logging_mixin.py:188} INFO - [2026-02-06T09:30:56.821+0200] {dag.py:3036} INFO - Sync 1 DAGs
[2026-02-06T09:30:56.827+0200] {logging_mixin.py:188} INFO - [2026-02-06T09:30:56.827+0200] {dag.py:3823} INFO - Setting next_dagrun for example_python_operator to None, run_after=None
[2026-02-06T09:30:56.844+0200] {processor.py:183} INFO - Processing /home/pazzoti/de-upskilling/airflow-flight-price-analysis/venv/lib/python3.10/site-packages/airflow/example_dags/example_python_operator.py took 0.048 seconds
[2026-02-06T09:31:36.810+0200] {processor.py:161} INFO - Started process (PID=10113) to work on /home/pazzoti/de-upskilling/airflow-flight-price-analysis/venv/lib/python3.10/site-packages/airflow/example_dags/example_python_operator.py
[2026-02-06T09:31:36.817+0200] {processor.py:830} INFO - Processing file /home/pazzoti/de-upskilling/airflow-flight-price-analysis/venv/lib/python3.10/site-packages/airflow/example_dags/example_python_operator.py for tasks to queue
[2026-02-06T09:31:36.818+0200] {logging_mixin.py:188} INFO - [2026-02-06T09:31:36.818+0200] {dagbag.py:538} INFO - Filling up the DagBag from /home/pazzoti/de-upskilling/airflow-flight-price-analysis/venv/lib/python3.10/site-packages/airflow/example_dags/example_python_operator.py
[2026-02-06T09:31:36.826+0200] {processor.py:840} INFO - DAG(s) 'example_python_operator' retrieved from /home/pazzoti/de-upskilling/airflow-flight-price-analysis/venv/lib/python3.10/site-packages/airflow/example_dags/example_python_operator.py
[2026-02-06T09:31:36.837+0200] {logging_mixin.py:188} INFO - [2026-02-06T09:31:36.837+0200] {dag.py:3036} INFO - Sync 1 DAGs
[2026-02-06T09:31:36.844+0200] {logging_mixin.py:188} INFO - [2026-02-06T09:31:36.844+0200] {dag.py:3823} INFO - Setting next_dagrun for example_python_operator to None, run_after=None
[2026-02-06T09:31:36.862+0200] {processor.py:183} INFO - Processing /home/pazzoti/de-upskilling/airflow-flight-price-analysis/venv/lib/python3.10/site-packages/airflow/example_dags/example_python_operator.py took 0.055 seconds
[2026-02-06T09:32:17.373+0200] {processor.py:161} INFO - Started process (PID=10190) to work on /home/pazzoti/de-upskilling/airflow-flight-price-analysis/venv/lib/python3.10/site-packages/airflow/example_dags/example_python_operator.py
[2026-02-06T09:32:17.378+0200] {processor.py:830} INFO - Processing file /home/pazzoti/de-upskilling/airflow-flight-price-analysis/venv/lib/python3.10/site-packages/airflow/example_dags/example_python_operator.py for tasks to queue
[2026-02-06T09:32:17.379+0200] {logging_mixin.py:188} INFO - [2026-02-06T09:32:17.379+0200] {dagbag.py:538} INFO - Filling up the DagBag from /home/pazzoti/de-upskilling/airflow-flight-price-analysis/venv/lib/python3.10/site-packages/airflow/example_dags/example_python_operator.py
[2026-02-06T09:32:17.387+0200] {processor.py:840} INFO - DAG(s) 'example_python_operator' retrieved from /home/pazzoti/de-upskilling/airflow-flight-price-analysis/venv/lib/python3.10/site-packages/airflow/example_dags/example_python_operator.py
[2026-02-06T09:32:17.400+0200] {logging_mixin.py:188} INFO - [2026-02-06T09:32:17.399+0200] {dag.py:3036} INFO - Sync 1 DAGs
[2026-02-06T09:32:17.409+0200] {logging_mixin.py:188} INFO - [2026-02-06T09:32:17.409+0200] {dag.py:3823} INFO - Setting next_dagrun for example_python_operator to None, run_after=None
[2026-02-06T09:32:17.426+0200] {processor.py:183} INFO - Processing /home/pazzoti/de-upskilling/airflow-flight-price-analysis/venv/lib/python3.10/site-packages/airflow/example_dags/example_python_operator.py took 0.056 seconds
[2026-02-06T09:32:54.318+0200] {processor.py:161} INFO - Started process (PID=10286) to work on /home/pazzoti/de-upskilling/airflow-flight-price-analysis/venv/lib/python3.10/site-packages/airflow/example_dags/example_python_operator.py
[2026-02-06T09:32:54.324+0200] {processor.py:830} INFO - Processing file /home/pazzoti/de-upskilling/airflow-flight-price-analysis/venv/lib/python3.10/site-packages/airflow/example_dags/example_python_operator.py for tasks to queue
[2026-02-06T09:32:54.325+0200] {logging_mixin.py:188} INFO - [2026-02-06T09:32:54.325+0200] {dagbag.py:538} INFO - Filling up the DagBag from /home/pazzoti/de-upskilling/airflow-flight-price-analysis/venv/lib/python3.10/site-packages/airflow/example_dags/example_python_operator.py
[2026-02-06T09:32:54.333+0200] {processor.py:840} INFO - DAG(s) 'example_python_operator' retrieved from /home/pazzoti/de-upskilling/airflow-flight-price-analysis/venv/lib/python3.10/site-packages/airflow/example_dags/example_python_operator.py
[2026-02-06T09:32:54.343+0200] {logging_mixin.py:188} INFO - [2026-02-06T09:32:54.343+0200] {dag.py:3036} INFO - Sync 1 DAGs
[2026-02-06T09:32:54.350+0200] {logging_mixin.py:188} INFO - [2026-02-06T09:32:54.350+0200] {dag.py:3823} INFO - Setting next_dagrun for example_python_operator to None, run_after=None
[2026-02-06T09:32:54.369+0200] {processor.py:183} INFO - Processing /home/pazzoti/de-upskilling/airflow-flight-price-analysis/venv/lib/python3.10/site-packages/airflow/example_dags/example_python_operator.py took 0.054 seconds
[2026-02-06T09:33:41.805+0200] {processor.py:161} INFO - Started process (PID=10351) to work on /home/pazzoti/de-upskilling/airflow-flight-price-analysis/venv/lib/python3.10/site-packages/airflow/example_dags/example_python_operator.py
[2026-02-06T09:33:41.807+0200] {processor.py:830} INFO - Processing file /home/pazzoti/de-upskilling/airflow-flight-price-analysis/venv/lib/python3.10/site-packages/airflow/example_dags/example_python_operator.py for tasks to queue
[2026-02-06T09:33:41.809+0200] {logging_mixin.py:188} INFO - [2026-02-06T09:33:41.808+0200] {dagbag.py:538} INFO - Filling up the DagBag from /home/pazzoti/de-upskilling/airflow-flight-price-analysis/venv/lib/python3.10/site-packages/airflow/example_dags/example_python_operator.py
[2026-02-06T09:33:41.830+0200] {processor.py:840} INFO - DAG(s) 'example_python_operator' retrieved from /home/pazzoti/de-upskilling/airflow-flight-price-analysis/venv/lib/python3.10/site-packages/airflow/example_dags/example_python_operator.py
[2026-02-06T09:33:41.851+0200] {logging_mixin.py:188} INFO - [2026-02-06T09:33:41.850+0200] {dag.py:3036} INFO - Sync 1 DAGs
[2026-02-06T09:33:41.863+0200] {logging_mixin.py:188} INFO - [2026-02-06T09:33:41.862+0200] {dag.py:3823} INFO - Setting next_dagrun for example_python_operator to None, run_after=None
[2026-02-06T09:33:41.892+0200] {processor.py:183} INFO - Processing /home/pazzoti/de-upskilling/airflow-flight-price-analysis/venv/lib/python3.10/site-packages/airflow/example_dags/example_python_operator.py took 0.090 seconds
[2026-02-06T09:34:31.266+0200] {processor.py:161} INFO - Started process (PID=10439) to work on /home/pazzoti/de-upskilling/airflow-flight-price-analysis/venv/lib/python3.10/site-packages/airflow/example_dags/example_python_operator.py
[2026-02-06T09:34:31.267+0200] {processor.py:830} INFO - Processing file /home/pazzoti/de-upskilling/airflow-flight-price-analysis/venv/lib/python3.10/site-packages/airflow/example_dags/example_python_operator.py for tasks to queue
[2026-02-06T09:34:31.268+0200] {logging_mixin.py:188} INFO - [2026-02-06T09:34:31.267+0200] {dagbag.py:538} INFO - Filling up the DagBag from /home/pazzoti/de-upskilling/airflow-flight-price-analysis/venv/lib/python3.10/site-packages/airflow/example_dags/example_python_operator.py
[2026-02-06T09:34:31.275+0200] {processor.py:840} INFO - DAG(s) 'example_python_operator' retrieved from /home/pazzoti/de-upskilling/airflow-flight-price-analysis/venv/lib/python3.10/site-packages/airflow/example_dags/example_python_operator.py
[2026-02-06T09:34:31.287+0200] {logging_mixin.py:188} INFO - [2026-02-06T09:34:31.287+0200] {dag.py:3036} INFO - Sync 1 DAGs
[2026-02-06T09:34:31.294+0200] {logging_mixin.py:188} INFO - [2026-02-06T09:34:31.293+0200] {dag.py:3823} INFO - Setting next_dagrun for example_python_operator to None, run_after=None
[2026-02-06T09:34:31.310+0200] {processor.py:183} INFO - Processing /home/pazzoti/de-upskilling/airflow-flight-price-analysis/venv/lib/python3.10/site-packages/airflow/example_dags/example_python_operator.py took 0.047 seconds
