[2026-02-06T09:01:01.124+0200] {processor.py:161} INFO - Started process (PID=4037) to work on /home/pazzoti/de-upskilling/airflow-flight-price-analysis/venv/lib/python3.10/site-packages/airflow/example_dags/example_trigger_target_dag.py
[2026-02-06T09:01:01.125+0200] {processor.py:830} INFO - Processing file /home/pazzoti/de-upskilling/airflow-flight-price-analysis/venv/lib/python3.10/site-packages/airflow/example_dags/example_trigger_target_dag.py for tasks to queue
[2026-02-06T09:01:01.125+0200] {logging_mixin.py:188} INFO - [2026-02-06T09:01:01.125+0200] {dagbag.py:538} INFO - Filling up the DagBag from /home/pazzoti/de-upskilling/airflow-flight-price-analysis/venv/lib/python3.10/site-packages/airflow/example_dags/example_trigger_target_dag.py
[2026-02-06T09:01:01.132+0200] {processor.py:840} INFO - DAG(s) 'example_trigger_target_dag' retrieved from /home/pazzoti/de-upskilling/airflow-flight-price-analysis/venv/lib/python3.10/site-packages/airflow/example_dags/example_trigger_target_dag.py
[2026-02-06T09:01:01.153+0200] {logging_mixin.py:188} INFO - [2026-02-06T09:01:01.153+0200] {dag.py:3036} INFO - Sync 1 DAGs
[2026-02-06T09:01:01.229+0200] {logging_mixin.py:188} INFO - [2026-02-06T09:01:01.228+0200] {dag.py:3823} INFO - Setting next_dagrun for example_trigger_target_dag to None, run_after=None
[2026-02-06T09:01:01.246+0200] {processor.py:183} INFO - Processing /home/pazzoti/de-upskilling/airflow-flight-price-analysis/venv/lib/python3.10/site-packages/airflow/example_dags/example_trigger_target_dag.py took 0.124 seconds
[2026-02-06T09:01:53.745+0200] {processor.py:161} INFO - Started process (PID=4581) to work on /home/pazzoti/de-upskilling/airflow-flight-price-analysis/venv/lib/python3.10/site-packages/airflow/example_dags/example_trigger_target_dag.py
[2026-02-06T09:01:53.746+0200] {processor.py:830} INFO - Processing file /home/pazzoti/de-upskilling/airflow-flight-price-analysis/venv/lib/python3.10/site-packages/airflow/example_dags/example_trigger_target_dag.py for tasks to queue
[2026-02-06T09:01:53.746+0200] {logging_mixin.py:188} INFO - [2026-02-06T09:01:53.746+0200] {dagbag.py:538} INFO - Filling up the DagBag from /home/pazzoti/de-upskilling/airflow-flight-price-analysis/venv/lib/python3.10/site-packages/airflow/example_dags/example_trigger_target_dag.py
[2026-02-06T09:01:53.751+0200] {processor.py:840} INFO - DAG(s) 'example_trigger_target_dag' retrieved from /home/pazzoti/de-upskilling/airflow-flight-price-analysis/venv/lib/python3.10/site-packages/airflow/example_dags/example_trigger_target_dag.py
[2026-02-06T09:01:53.761+0200] {logging_mixin.py:188} INFO - [2026-02-06T09:01:53.761+0200] {dag.py:3036} INFO - Sync 1 DAGs
[2026-02-06T09:01:53.767+0200] {logging_mixin.py:188} INFO - [2026-02-06T09:01:53.767+0200] {dag.py:3823} INFO - Setting next_dagrun for example_trigger_target_dag to None, run_after=None
[2026-02-06T09:01:53.783+0200] {processor.py:183} INFO - Processing /home/pazzoti/de-upskilling/airflow-flight-price-analysis/venv/lib/python3.10/site-packages/airflow/example_dags/example_trigger_target_dag.py took 0.041 seconds
[2026-02-06T09:02:33.483+0200] {processor.py:161} INFO - Started process (PID=4898) to work on /home/pazzoti/de-upskilling/airflow-flight-price-analysis/venv/lib/python3.10/site-packages/airflow/example_dags/example_trigger_target_dag.py
[2026-02-06T09:02:33.490+0200] {processor.py:830} INFO - Processing file /home/pazzoti/de-upskilling/airflow-flight-price-analysis/venv/lib/python3.10/site-packages/airflow/example_dags/example_trigger_target_dag.py for tasks to queue
[2026-02-06T09:02:33.491+0200] {logging_mixin.py:188} INFO - [2026-02-06T09:02:33.490+0200] {dagbag.py:538} INFO - Filling up the DagBag from /home/pazzoti/de-upskilling/airflow-flight-price-analysis/venv/lib/python3.10/site-packages/airflow/example_dags/example_trigger_target_dag.py
[2026-02-06T09:02:33.495+0200] {processor.py:840} INFO - DAG(s) 'example_trigger_target_dag' retrieved from /home/pazzoti/de-upskilling/airflow-flight-price-analysis/venv/lib/python3.10/site-packages/airflow/example_dags/example_trigger_target_dag.py
[2026-02-06T09:02:33.504+0200] {logging_mixin.py:188} INFO - [2026-02-06T09:02:33.504+0200] {dag.py:3036} INFO - Sync 1 DAGs
[2026-02-06T09:02:33.510+0200] {logging_mixin.py:188} INFO - [2026-02-06T09:02:33.510+0200] {dag.py:3823} INFO - Setting next_dagrun for example_trigger_target_dag to None, run_after=None
[2026-02-06T09:02:33.526+0200] {processor.py:183} INFO - Processing /home/pazzoti/de-upskilling/airflow-flight-price-analysis/venv/lib/python3.10/site-packages/airflow/example_dags/example_trigger_target_dag.py took 0.045 seconds
[2026-02-06T09:03:05.468+0200] {processor.py:161} INFO - Started process (PID=5054) to work on /home/pazzoti/de-upskilling/airflow-flight-price-analysis/venv/lib/python3.10/site-packages/airflow/example_dags/example_trigger_target_dag.py
[2026-02-06T09:03:05.470+0200] {processor.py:830} INFO - Processing file /home/pazzoti/de-upskilling/airflow-flight-price-analysis/venv/lib/python3.10/site-packages/airflow/example_dags/example_trigger_target_dag.py for tasks to queue
[2026-02-06T09:03:05.470+0200] {logging_mixin.py:188} INFO - [2026-02-06T09:03:05.470+0200] {dagbag.py:538} INFO - Filling up the DagBag from /home/pazzoti/de-upskilling/airflow-flight-price-analysis/venv/lib/python3.10/site-packages/airflow/example_dags/example_trigger_target_dag.py
[2026-02-06T09:03:05.479+0200] {processor.py:840} INFO - DAG(s) 'example_trigger_target_dag' retrieved from /home/pazzoti/de-upskilling/airflow-flight-price-analysis/venv/lib/python3.10/site-packages/airflow/example_dags/example_trigger_target_dag.py
[2026-02-06T09:03:05.495+0200] {logging_mixin.py:188} INFO - [2026-02-06T09:03:05.495+0200] {dag.py:3036} INFO - Sync 1 DAGs
[2026-02-06T09:03:05.503+0200] {logging_mixin.py:188} INFO - [2026-02-06T09:03:05.503+0200] {dag.py:3823} INFO - Setting next_dagrun for example_trigger_target_dag to None, run_after=None
[2026-02-06T09:03:05.529+0200] {processor.py:183} INFO - Processing /home/pazzoti/de-upskilling/airflow-flight-price-analysis/venv/lib/python3.10/site-packages/airflow/example_dags/example_trigger_target_dag.py took 0.063 seconds
[2026-02-06T09:03:41.553+0200] {processor.py:161} INFO - Started process (PID=5228) to work on /home/pazzoti/de-upskilling/airflow-flight-price-analysis/venv/lib/python3.10/site-packages/airflow/example_dags/example_trigger_target_dag.py
[2026-02-06T09:03:41.558+0200] {processor.py:830} INFO - Processing file /home/pazzoti/de-upskilling/airflow-flight-price-analysis/venv/lib/python3.10/site-packages/airflow/example_dags/example_trigger_target_dag.py for tasks to queue
[2026-02-06T09:03:41.560+0200] {logging_mixin.py:188} INFO - [2026-02-06T09:03:41.559+0200] {dagbag.py:538} INFO - Filling up the DagBag from /home/pazzoti/de-upskilling/airflow-flight-price-analysis/venv/lib/python3.10/site-packages/airflow/example_dags/example_trigger_target_dag.py
[2026-02-06T09:03:41.565+0200] {processor.py:840} INFO - DAG(s) 'example_trigger_target_dag' retrieved from /home/pazzoti/de-upskilling/airflow-flight-price-analysis/venv/lib/python3.10/site-packages/airflow/example_dags/example_trigger_target_dag.py
[2026-02-06T09:03:41.580+0200] {logging_mixin.py:188} INFO - [2026-02-06T09:03:41.580+0200] {dag.py:3036} INFO - Sync 1 DAGs
[2026-02-06T09:03:41.589+0200] {logging_mixin.py:188} INFO - [2026-02-06T09:03:41.589+0200] {dag.py:3823} INFO - Setting next_dagrun for example_trigger_target_dag to None, run_after=None
[2026-02-06T09:03:41.612+0200] {processor.py:183} INFO - Processing /home/pazzoti/de-upskilling/airflow-flight-price-analysis/venv/lib/python3.10/site-packages/airflow/example_dags/example_trigger_target_dag.py took 0.061 seconds
[2026-02-06T09:04:16.638+0200] {processor.py:161} INFO - Started process (PID=5382) to work on /home/pazzoti/de-upskilling/airflow-flight-price-analysis/venv/lib/python3.10/site-packages/airflow/example_dags/example_trigger_target_dag.py
[2026-02-06T09:04:16.643+0200] {processor.py:830} INFO - Processing file /home/pazzoti/de-upskilling/airflow-flight-price-analysis/venv/lib/python3.10/site-packages/airflow/example_dags/example_trigger_target_dag.py for tasks to queue
[2026-02-06T09:04:16.643+0200] {logging_mixin.py:188} INFO - [2026-02-06T09:04:16.643+0200] {dagbag.py:538} INFO - Filling up the DagBag from /home/pazzoti/de-upskilling/airflow-flight-price-analysis/venv/lib/python3.10/site-packages/airflow/example_dags/example_trigger_target_dag.py
[2026-02-06T09:04:16.648+0200] {processor.py:840} INFO - DAG(s) 'example_trigger_target_dag' retrieved from /home/pazzoti/de-upskilling/airflow-flight-price-analysis/venv/lib/python3.10/site-packages/airflow/example_dags/example_trigger_target_dag.py
[2026-02-06T09:04:16.657+0200] {logging_mixin.py:188} INFO - [2026-02-06T09:04:16.657+0200] {dag.py:3036} INFO - Sync 1 DAGs
[2026-02-06T09:04:16.663+0200] {logging_mixin.py:188} INFO - [2026-02-06T09:04:16.663+0200] {dag.py:3823} INFO - Setting next_dagrun for example_trigger_target_dag to None, run_after=None
[2026-02-06T09:04:16.679+0200] {processor.py:183} INFO - Processing /home/pazzoti/de-upskilling/airflow-flight-price-analysis/venv/lib/python3.10/site-packages/airflow/example_dags/example_trigger_target_dag.py took 0.045 seconds
[2026-02-06T09:04:55.088+0200] {processor.py:161} INFO - Started process (PID=5555) to work on /home/pazzoti/de-upskilling/airflow-flight-price-analysis/venv/lib/python3.10/site-packages/airflow/example_dags/example_trigger_target_dag.py
[2026-02-06T09:04:55.090+0200] {processor.py:830} INFO - Processing file /home/pazzoti/de-upskilling/airflow-flight-price-analysis/venv/lib/python3.10/site-packages/airflow/example_dags/example_trigger_target_dag.py for tasks to queue
[2026-02-06T09:04:55.090+0200] {logging_mixin.py:188} INFO - [2026-02-06T09:04:55.090+0200] {dagbag.py:538} INFO - Filling up the DagBag from /home/pazzoti/de-upskilling/airflow-flight-price-analysis/venv/lib/python3.10/site-packages/airflow/example_dags/example_trigger_target_dag.py
[2026-02-06T09:04:55.095+0200] {processor.py:840} INFO - DAG(s) 'example_trigger_target_dag' retrieved from /home/pazzoti/de-upskilling/airflow-flight-price-analysis/venv/lib/python3.10/site-packages/airflow/example_dags/example_trigger_target_dag.py
[2026-02-06T09:04:55.108+0200] {logging_mixin.py:188} INFO - [2026-02-06T09:04:55.108+0200] {dag.py:3036} INFO - Sync 1 DAGs
[2026-02-06T09:04:55.114+0200] {logging_mixin.py:188} INFO - [2026-02-06T09:04:55.114+0200] {dag.py:3823} INFO - Setting next_dagrun for example_trigger_target_dag to None, run_after=None
[2026-02-06T09:04:55.136+0200] {processor.py:183} INFO - Processing /home/pazzoti/de-upskilling/airflow-flight-price-analysis/venv/lib/python3.10/site-packages/airflow/example_dags/example_trigger_target_dag.py took 0.050 seconds
[2026-02-06T09:05:31.380+0200] {processor.py:161} INFO - Started process (PID=5761) to work on /home/pazzoti/de-upskilling/airflow-flight-price-analysis/venv/lib/python3.10/site-packages/airflow/example_dags/example_trigger_target_dag.py
[2026-02-06T09:05:31.381+0200] {processor.py:830} INFO - Processing file /home/pazzoti/de-upskilling/airflow-flight-price-analysis/venv/lib/python3.10/site-packages/airflow/example_dags/example_trigger_target_dag.py for tasks to queue
[2026-02-06T09:05:31.382+0200] {logging_mixin.py:188} INFO - [2026-02-06T09:05:31.382+0200] {dagbag.py:538} INFO - Filling up the DagBag from /home/pazzoti/de-upskilling/airflow-flight-price-analysis/venv/lib/python3.10/site-packages/airflow/example_dags/example_trigger_target_dag.py
[2026-02-06T09:05:31.387+0200] {processor.py:840} INFO - DAG(s) 'example_trigger_target_dag' retrieved from /home/pazzoti/de-upskilling/airflow-flight-price-analysis/venv/lib/python3.10/site-packages/airflow/example_dags/example_trigger_target_dag.py
[2026-02-06T09:05:31.398+0200] {logging_mixin.py:188} INFO - [2026-02-06T09:05:31.397+0200] {dag.py:3036} INFO - Sync 1 DAGs
[2026-02-06T09:05:31.405+0200] {logging_mixin.py:188} INFO - [2026-02-06T09:05:31.405+0200] {dag.py:3823} INFO - Setting next_dagrun for example_trigger_target_dag to None, run_after=None
[2026-02-06T09:05:31.421+0200] {processor.py:183} INFO - Processing /home/pazzoti/de-upskilling/airflow-flight-price-analysis/venv/lib/python3.10/site-packages/airflow/example_dags/example_trigger_target_dag.py took 0.045 seconds
[2026-02-06T09:06:08.520+0200] {processor.py:161} INFO - Started process (PID=5953) to work on /home/pazzoti/de-upskilling/airflow-flight-price-analysis/venv/lib/python3.10/site-packages/airflow/example_dags/example_trigger_target_dag.py
[2026-02-06T09:06:08.521+0200] {processor.py:830} INFO - Processing file /home/pazzoti/de-upskilling/airflow-flight-price-analysis/venv/lib/python3.10/site-packages/airflow/example_dags/example_trigger_target_dag.py for tasks to queue
[2026-02-06T09:06:08.522+0200] {logging_mixin.py:188} INFO - [2026-02-06T09:06:08.522+0200] {dagbag.py:538} INFO - Filling up the DagBag from /home/pazzoti/de-upskilling/airflow-flight-price-analysis/venv/lib/python3.10/site-packages/airflow/example_dags/example_trigger_target_dag.py
[2026-02-06T09:06:08.528+0200] {processor.py:840} INFO - DAG(s) 'example_trigger_target_dag' retrieved from /home/pazzoti/de-upskilling/airflow-flight-price-analysis/venv/lib/python3.10/site-packages/airflow/example_dags/example_trigger_target_dag.py
[2026-02-06T09:06:08.538+0200] {logging_mixin.py:188} INFO - [2026-02-06T09:06:08.538+0200] {dag.py:3036} INFO - Sync 1 DAGs
[2026-02-06T09:06:08.545+0200] {logging_mixin.py:188} INFO - [2026-02-06T09:06:08.545+0200] {dag.py:3823} INFO - Setting next_dagrun for example_trigger_target_dag to None, run_after=None
[2026-02-06T09:06:08.563+0200] {processor.py:183} INFO - Processing /home/pazzoti/de-upskilling/airflow-flight-price-analysis/venv/lib/python3.10/site-packages/airflow/example_dags/example_trigger_target_dag.py took 0.045 seconds
[2026-02-06T09:06:44.844+0200] {processor.py:161} INFO - Started process (PID=6124) to work on /home/pazzoti/de-upskilling/airflow-flight-price-analysis/venv/lib/python3.10/site-packages/airflow/example_dags/example_trigger_target_dag.py
[2026-02-06T09:06:44.845+0200] {processor.py:830} INFO - Processing file /home/pazzoti/de-upskilling/airflow-flight-price-analysis/venv/lib/python3.10/site-packages/airflow/example_dags/example_trigger_target_dag.py for tasks to queue
[2026-02-06T09:06:44.846+0200] {logging_mixin.py:188} INFO - [2026-02-06T09:06:44.845+0200] {dagbag.py:538} INFO - Filling up the DagBag from /home/pazzoti/de-upskilling/airflow-flight-price-analysis/venv/lib/python3.10/site-packages/airflow/example_dags/example_trigger_target_dag.py
[2026-02-06T09:06:44.851+0200] {processor.py:840} INFO - DAG(s) 'example_trigger_target_dag' retrieved from /home/pazzoti/de-upskilling/airflow-flight-price-analysis/venv/lib/python3.10/site-packages/airflow/example_dags/example_trigger_target_dag.py
[2026-02-06T09:06:44.860+0200] {logging_mixin.py:188} INFO - [2026-02-06T09:06:44.859+0200] {dag.py:3036} INFO - Sync 1 DAGs
[2026-02-06T09:06:44.866+0200] {logging_mixin.py:188} INFO - [2026-02-06T09:06:44.866+0200] {dag.py:3823} INFO - Setting next_dagrun for example_trigger_target_dag to None, run_after=None
[2026-02-06T09:06:44.884+0200] {processor.py:183} INFO - Processing /home/pazzoti/de-upskilling/airflow-flight-price-analysis/venv/lib/python3.10/site-packages/airflow/example_dags/example_trigger_target_dag.py took 0.044 seconds
[2026-02-06T09:07:22.262+0200] {processor.py:161} INFO - Started process (PID=6360) to work on /home/pazzoti/de-upskilling/airflow-flight-price-analysis/venv/lib/python3.10/site-packages/airflow/example_dags/example_trigger_target_dag.py
[2026-02-06T09:07:22.264+0200] {processor.py:830} INFO - Processing file /home/pazzoti/de-upskilling/airflow-flight-price-analysis/venv/lib/python3.10/site-packages/airflow/example_dags/example_trigger_target_dag.py for tasks to queue
[2026-02-06T09:07:22.264+0200] {logging_mixin.py:188} INFO - [2026-02-06T09:07:22.264+0200] {dagbag.py:538} INFO - Filling up the DagBag from /home/pazzoti/de-upskilling/airflow-flight-price-analysis/venv/lib/python3.10/site-packages/airflow/example_dags/example_trigger_target_dag.py
[2026-02-06T09:07:22.269+0200] {processor.py:840} INFO - DAG(s) 'example_trigger_target_dag' retrieved from /home/pazzoti/de-upskilling/airflow-flight-price-analysis/venv/lib/python3.10/site-packages/airflow/example_dags/example_trigger_target_dag.py
[2026-02-06T09:07:22.279+0200] {logging_mixin.py:188} INFO - [2026-02-06T09:07:22.279+0200] {dag.py:3036} INFO - Sync 1 DAGs
[2026-02-06T09:07:22.286+0200] {logging_mixin.py:188} INFO - [2026-02-06T09:07:22.286+0200] {dag.py:3823} INFO - Setting next_dagrun for example_trigger_target_dag to None, run_after=None
[2026-02-06T09:07:22.303+0200] {processor.py:183} INFO - Processing /home/pazzoti/de-upskilling/airflow-flight-price-analysis/venv/lib/python3.10/site-packages/airflow/example_dags/example_trigger_target_dag.py took 0.043 seconds
[2026-02-06T09:07:58.137+0200] {processor.py:161} INFO - Started process (PID=6520) to work on /home/pazzoti/de-upskilling/airflow-flight-price-analysis/venv/lib/python3.10/site-packages/airflow/example_dags/example_trigger_target_dag.py
[2026-02-06T09:07:58.139+0200] {processor.py:830} INFO - Processing file /home/pazzoti/de-upskilling/airflow-flight-price-analysis/venv/lib/python3.10/site-packages/airflow/example_dags/example_trigger_target_dag.py for tasks to queue
[2026-02-06T09:07:58.139+0200] {logging_mixin.py:188} INFO - [2026-02-06T09:07:58.139+0200] {dagbag.py:538} INFO - Filling up the DagBag from /home/pazzoti/de-upskilling/airflow-flight-price-analysis/venv/lib/python3.10/site-packages/airflow/example_dags/example_trigger_target_dag.py
[2026-02-06T09:07:58.145+0200] {processor.py:840} INFO - DAG(s) 'example_trigger_target_dag' retrieved from /home/pazzoti/de-upskilling/airflow-flight-price-analysis/venv/lib/python3.10/site-packages/airflow/example_dags/example_trigger_target_dag.py
[2026-02-06T09:07:58.154+0200] {logging_mixin.py:188} INFO - [2026-02-06T09:07:58.154+0200] {dag.py:3036} INFO - Sync 1 DAGs
[2026-02-06T09:07:58.161+0200] {logging_mixin.py:188} INFO - [2026-02-06T09:07:58.161+0200] {dag.py:3823} INFO - Setting next_dagrun for example_trigger_target_dag to None, run_after=None
[2026-02-06T09:07:58.178+0200] {processor.py:183} INFO - Processing /home/pazzoti/de-upskilling/airflow-flight-price-analysis/venv/lib/python3.10/site-packages/airflow/example_dags/example_trigger_target_dag.py took 0.043 seconds
[2026-02-06T09:08:34.110+0200] {processor.py:161} INFO - Started process (PID=6686) to work on /home/pazzoti/de-upskilling/airflow-flight-price-analysis/venv/lib/python3.10/site-packages/airflow/example_dags/example_trigger_target_dag.py
[2026-02-06T09:08:34.116+0200] {processor.py:830} INFO - Processing file /home/pazzoti/de-upskilling/airflow-flight-price-analysis/venv/lib/python3.10/site-packages/airflow/example_dags/example_trigger_target_dag.py for tasks to queue
[2026-02-06T09:08:34.117+0200] {logging_mixin.py:188} INFO - [2026-02-06T09:08:34.117+0200] {dagbag.py:538} INFO - Filling up the DagBag from /home/pazzoti/de-upskilling/airflow-flight-price-analysis/venv/lib/python3.10/site-packages/airflow/example_dags/example_trigger_target_dag.py
[2026-02-06T09:08:34.121+0200] {processor.py:840} INFO - DAG(s) 'example_trigger_target_dag' retrieved from /home/pazzoti/de-upskilling/airflow-flight-price-analysis/venv/lib/python3.10/site-packages/airflow/example_dags/example_trigger_target_dag.py
[2026-02-06T09:08:34.131+0200] {logging_mixin.py:188} INFO - [2026-02-06T09:08:34.131+0200] {dag.py:3036} INFO - Sync 1 DAGs
[2026-02-06T09:08:34.138+0200] {logging_mixin.py:188} INFO - [2026-02-06T09:08:34.137+0200] {dag.py:3823} INFO - Setting next_dagrun for example_trigger_target_dag to None, run_after=None
[2026-02-06T09:08:34.154+0200] {processor.py:183} INFO - Processing /home/pazzoti/de-upskilling/airflow-flight-price-analysis/venv/lib/python3.10/site-packages/airflow/example_dags/example_trigger_target_dag.py took 0.046 seconds
[2026-02-06T09:09:11.600+0200] {processor.py:161} INFO - Started process (PID=6864) to work on /home/pazzoti/de-upskilling/airflow-flight-price-analysis/venv/lib/python3.10/site-packages/airflow/example_dags/example_trigger_target_dag.py
[2026-02-06T09:09:11.602+0200] {processor.py:830} INFO - Processing file /home/pazzoti/de-upskilling/airflow-flight-price-analysis/venv/lib/python3.10/site-packages/airflow/example_dags/example_trigger_target_dag.py for tasks to queue
[2026-02-06T09:09:11.604+0200] {logging_mixin.py:188} INFO - [2026-02-06T09:09:11.603+0200] {dagbag.py:538} INFO - Filling up the DagBag from /home/pazzoti/de-upskilling/airflow-flight-price-analysis/venv/lib/python3.10/site-packages/airflow/example_dags/example_trigger_target_dag.py
[2026-02-06T09:09:11.614+0200] {processor.py:840} INFO - DAG(s) 'example_trigger_target_dag' retrieved from /home/pazzoti/de-upskilling/airflow-flight-price-analysis/venv/lib/python3.10/site-packages/airflow/example_dags/example_trigger_target_dag.py
[2026-02-06T09:09:11.631+0200] {logging_mixin.py:188} INFO - [2026-02-06T09:09:11.631+0200] {dag.py:3036} INFO - Sync 1 DAGs
[2026-02-06T09:09:11.640+0200] {logging_mixin.py:188} INFO - [2026-02-06T09:09:11.639+0200] {dag.py:3823} INFO - Setting next_dagrun for example_trigger_target_dag to None, run_after=None
[2026-02-06T09:09:11.667+0200] {processor.py:183} INFO - Processing /home/pazzoti/de-upskilling/airflow-flight-price-analysis/venv/lib/python3.10/site-packages/airflow/example_dags/example_trigger_target_dag.py took 0.070 seconds
[2026-02-06T09:09:50.527+0200] {processor.py:161} INFO - Started process (PID=7033) to work on /home/pazzoti/de-upskilling/airflow-flight-price-analysis/venv/lib/python3.10/site-packages/airflow/example_dags/example_trigger_target_dag.py
[2026-02-06T09:09:50.529+0200] {processor.py:830} INFO - Processing file /home/pazzoti/de-upskilling/airflow-flight-price-analysis/venv/lib/python3.10/site-packages/airflow/example_dags/example_trigger_target_dag.py for tasks to queue
[2026-02-06T09:09:50.530+0200] {logging_mixin.py:188} INFO - [2026-02-06T09:09:50.530+0200] {dagbag.py:538} INFO - Filling up the DagBag from /home/pazzoti/de-upskilling/airflow-flight-price-analysis/venv/lib/python3.10/site-packages/airflow/example_dags/example_trigger_target_dag.py
[2026-02-06T09:09:50.535+0200] {processor.py:840} INFO - DAG(s) 'example_trigger_target_dag' retrieved from /home/pazzoti/de-upskilling/airflow-flight-price-analysis/venv/lib/python3.10/site-packages/airflow/example_dags/example_trigger_target_dag.py
[2026-02-06T09:09:50.550+0200] {logging_mixin.py:188} INFO - [2026-02-06T09:09:50.550+0200] {dag.py:3036} INFO - Sync 1 DAGs
[2026-02-06T09:09:50.564+0200] {logging_mixin.py:188} INFO - [2026-02-06T09:09:50.563+0200] {dag.py:3823} INFO - Setting next_dagrun for example_trigger_target_dag to None, run_after=None
[2026-02-06T09:09:50.593+0200] {processor.py:183} INFO - Processing /home/pazzoti/de-upskilling/airflow-flight-price-analysis/venv/lib/python3.10/site-packages/airflow/example_dags/example_trigger_target_dag.py took 0.071 seconds
[2026-02-06T09:10:49.215+0200] {processor.py:161} INFO - Started process (PID=7439) to work on /home/pazzoti/de-upskilling/airflow-flight-price-analysis/venv/lib/python3.10/site-packages/airflow/example_dags/example_trigger_target_dag.py
[2026-02-06T09:10:49.225+0200] {processor.py:830} INFO - Processing file /home/pazzoti/de-upskilling/airflow-flight-price-analysis/venv/lib/python3.10/site-packages/airflow/example_dags/example_trigger_target_dag.py for tasks to queue
[2026-02-06T09:10:49.227+0200] {logging_mixin.py:188} INFO - [2026-02-06T09:10:49.226+0200] {dagbag.py:538} INFO - Filling up the DagBag from /home/pazzoti/de-upskilling/airflow-flight-price-analysis/venv/lib/python3.10/site-packages/airflow/example_dags/example_trigger_target_dag.py
[2026-02-06T09:10:49.238+0200] {processor.py:840} INFO - DAG(s) 'example_trigger_target_dag' retrieved from /home/pazzoti/de-upskilling/airflow-flight-price-analysis/venv/lib/python3.10/site-packages/airflow/example_dags/example_trigger_target_dag.py
[2026-02-06T09:10:49.272+0200] {logging_mixin.py:188} INFO - [2026-02-06T09:10:49.272+0200] {dag.py:3036} INFO - Sync 1 DAGs
[2026-02-06T09:10:49.433+0200] {logging_mixin.py:188} INFO - [2026-02-06T09:10:49.433+0200] {dag.py:3823} INFO - Setting next_dagrun for example_trigger_target_dag to None, run_after=None
[2026-02-06T09:10:49.472+0200] {processor.py:183} INFO - Processing /home/pazzoti/de-upskilling/airflow-flight-price-analysis/venv/lib/python3.10/site-packages/airflow/example_dags/example_trigger_target_dag.py took 0.260 seconds
[2026-02-06T09:11:59.733+0200] {processor.py:161} INFO - Started process (PID=8157) to work on /home/pazzoti/de-upskilling/airflow-flight-price-analysis/venv/lib/python3.10/site-packages/airflow/example_dags/example_trigger_target_dag.py
[2026-02-06T09:11:59.734+0200] {processor.py:830} INFO - Processing file /home/pazzoti/de-upskilling/airflow-flight-price-analysis/venv/lib/python3.10/site-packages/airflow/example_dags/example_trigger_target_dag.py for tasks to queue
[2026-02-06T09:11:59.736+0200] {logging_mixin.py:188} INFO - [2026-02-06T09:11:59.735+0200] {dagbag.py:538} INFO - Filling up the DagBag from /home/pazzoti/de-upskilling/airflow-flight-price-analysis/venv/lib/python3.10/site-packages/airflow/example_dags/example_trigger_target_dag.py
[2026-02-06T09:11:59.744+0200] {processor.py:840} INFO - DAG(s) 'example_trigger_target_dag' retrieved from /home/pazzoti/de-upskilling/airflow-flight-price-analysis/venv/lib/python3.10/site-packages/airflow/example_dags/example_trigger_target_dag.py
[2026-02-06T09:11:59.764+0200] {logging_mixin.py:188} INFO - [2026-02-06T09:11:59.763+0200] {dag.py:3036} INFO - Sync 1 DAGs
[2026-02-06T09:11:59.779+0200] {logging_mixin.py:188} INFO - [2026-02-06T09:11:59.779+0200] {dag.py:3823} INFO - Setting next_dagrun for example_trigger_target_dag to None, run_after=None
[2026-02-06T09:11:59.823+0200] {processor.py:183} INFO - Processing /home/pazzoti/de-upskilling/airflow-flight-price-analysis/venv/lib/python3.10/site-packages/airflow/example_dags/example_trigger_target_dag.py took 0.094 seconds
[2026-02-06T09:12:47.252+0200] {processor.py:161} INFO - Started process (PID=8401) to work on /home/pazzoti/de-upskilling/airflow-flight-price-analysis/venv/lib/python3.10/site-packages/airflow/example_dags/example_trigger_target_dag.py
[2026-02-06T09:12:47.254+0200] {processor.py:830} INFO - Processing file /home/pazzoti/de-upskilling/airflow-flight-price-analysis/venv/lib/python3.10/site-packages/airflow/example_dags/example_trigger_target_dag.py for tasks to queue
[2026-02-06T09:12:47.255+0200] {logging_mixin.py:188} INFO - [2026-02-06T09:12:47.255+0200] {dagbag.py:538} INFO - Filling up the DagBag from /home/pazzoti/de-upskilling/airflow-flight-price-analysis/venv/lib/python3.10/site-packages/airflow/example_dags/example_trigger_target_dag.py
[2026-02-06T09:12:47.260+0200] {processor.py:840} INFO - DAG(s) 'example_trigger_target_dag' retrieved from /home/pazzoti/de-upskilling/airflow-flight-price-analysis/venv/lib/python3.10/site-packages/airflow/example_dags/example_trigger_target_dag.py
[2026-02-06T09:12:47.272+0200] {logging_mixin.py:188} INFO - [2026-02-06T09:12:47.272+0200] {dag.py:3036} INFO - Sync 1 DAGs
[2026-02-06T09:12:47.280+0200] {logging_mixin.py:188} INFO - [2026-02-06T09:12:47.279+0200] {dag.py:3823} INFO - Setting next_dagrun for example_trigger_target_dag to None, run_after=None
[2026-02-06T09:12:47.302+0200] {processor.py:183} INFO - Processing /home/pazzoti/de-upskilling/airflow-flight-price-analysis/venv/lib/python3.10/site-packages/airflow/example_dags/example_trigger_target_dag.py took 0.053 seconds
[2026-02-06T09:13:24.262+0200] {processor.py:161} INFO - Started process (PID=8565) to work on /home/pazzoti/de-upskilling/airflow-flight-price-analysis/venv/lib/python3.10/site-packages/airflow/example_dags/example_trigger_target_dag.py
[2026-02-06T09:13:24.270+0200] {processor.py:830} INFO - Processing file /home/pazzoti/de-upskilling/airflow-flight-price-analysis/venv/lib/python3.10/site-packages/airflow/example_dags/example_trigger_target_dag.py for tasks to queue
[2026-02-06T09:13:24.271+0200] {logging_mixin.py:188} INFO - [2026-02-06T09:13:24.270+0200] {dagbag.py:538} INFO - Filling up the DagBag from /home/pazzoti/de-upskilling/airflow-flight-price-analysis/venv/lib/python3.10/site-packages/airflow/example_dags/example_trigger_target_dag.py
[2026-02-06T09:13:24.277+0200] {processor.py:840} INFO - DAG(s) 'example_trigger_target_dag' retrieved from /home/pazzoti/de-upskilling/airflow-flight-price-analysis/venv/lib/python3.10/site-packages/airflow/example_dags/example_trigger_target_dag.py
[2026-02-06T09:13:24.287+0200] {logging_mixin.py:188} INFO - [2026-02-06T09:13:24.286+0200] {dag.py:3036} INFO - Sync 1 DAGs
[2026-02-06T09:13:24.293+0200] {logging_mixin.py:188} INFO - [2026-02-06T09:13:24.293+0200] {dag.py:3823} INFO - Setting next_dagrun for example_trigger_target_dag to None, run_after=None
[2026-02-06T09:13:24.310+0200] {processor.py:183} INFO - Processing /home/pazzoti/de-upskilling/airflow-flight-price-analysis/venv/lib/python3.10/site-packages/airflow/example_dags/example_trigger_target_dag.py took 0.050 seconds
[2026-02-06T09:14:01.343+0200] {processor.py:161} INFO - Started process (PID=8742) to work on /home/pazzoti/de-upskilling/airflow-flight-price-analysis/venv/lib/python3.10/site-packages/airflow/example_dags/example_trigger_target_dag.py
[2026-02-06T09:14:01.347+0200] {processor.py:830} INFO - Processing file /home/pazzoti/de-upskilling/airflow-flight-price-analysis/venv/lib/python3.10/site-packages/airflow/example_dags/example_trigger_target_dag.py for tasks to queue
[2026-02-06T09:14:01.348+0200] {logging_mixin.py:188} INFO - [2026-02-06T09:14:01.348+0200] {dagbag.py:538} INFO - Filling up the DagBag from /home/pazzoti/de-upskilling/airflow-flight-price-analysis/venv/lib/python3.10/site-packages/airflow/example_dags/example_trigger_target_dag.py
[2026-02-06T09:14:01.353+0200] {processor.py:840} INFO - DAG(s) 'example_trigger_target_dag' retrieved from /home/pazzoti/de-upskilling/airflow-flight-price-analysis/venv/lib/python3.10/site-packages/airflow/example_dags/example_trigger_target_dag.py
[2026-02-06T09:14:01.364+0200] {logging_mixin.py:188} INFO - [2026-02-06T09:14:01.364+0200] {dag.py:3036} INFO - Sync 1 DAGs
[2026-02-06T09:14:01.370+0200] {logging_mixin.py:188} INFO - [2026-02-06T09:14:01.370+0200] {dag.py:3823} INFO - Setting next_dagrun for example_trigger_target_dag to None, run_after=None
[2026-02-06T09:14:01.386+0200] {processor.py:183} INFO - Processing /home/pazzoti/de-upskilling/airflow-flight-price-analysis/venv/lib/python3.10/site-packages/airflow/example_dags/example_trigger_target_dag.py took 0.046 seconds
[2026-02-06T09:14:37.201+0200] {processor.py:161} INFO - Started process (PID=8908) to work on /home/pazzoti/de-upskilling/airflow-flight-price-analysis/venv/lib/python3.10/site-packages/airflow/example_dags/example_trigger_target_dag.py
[2026-02-06T09:14:37.202+0200] {processor.py:830} INFO - Processing file /home/pazzoti/de-upskilling/airflow-flight-price-analysis/venv/lib/python3.10/site-packages/airflow/example_dags/example_trigger_target_dag.py for tasks to queue
[2026-02-06T09:14:37.203+0200] {logging_mixin.py:188} INFO - [2026-02-06T09:14:37.203+0200] {dagbag.py:538} INFO - Filling up the DagBag from /home/pazzoti/de-upskilling/airflow-flight-price-analysis/venv/lib/python3.10/site-packages/airflow/example_dags/example_trigger_target_dag.py
[2026-02-06T09:14:37.208+0200] {processor.py:840} INFO - DAG(s) 'example_trigger_target_dag' retrieved from /home/pazzoti/de-upskilling/airflow-flight-price-analysis/venv/lib/python3.10/site-packages/airflow/example_dags/example_trigger_target_dag.py
[2026-02-06T09:14:37.221+0200] {logging_mixin.py:188} INFO - [2026-02-06T09:14:37.221+0200] {dag.py:3036} INFO - Sync 1 DAGs
[2026-02-06T09:14:37.228+0200] {logging_mixin.py:188} INFO - [2026-02-06T09:14:37.228+0200] {dag.py:3823} INFO - Setting next_dagrun for example_trigger_target_dag to None, run_after=None
[2026-02-06T09:14:37.246+0200] {processor.py:183} INFO - Processing /home/pazzoti/de-upskilling/airflow-flight-price-analysis/venv/lib/python3.10/site-packages/airflow/example_dags/example_trigger_target_dag.py took 0.047 seconds
[2026-02-06T09:15:14.487+0200] {processor.py:161} INFO - Started process (PID=9077) to work on /home/pazzoti/de-upskilling/airflow-flight-price-analysis/venv/lib/python3.10/site-packages/airflow/example_dags/example_trigger_target_dag.py
[2026-02-06T09:15:14.499+0200] {processor.py:830} INFO - Processing file /home/pazzoti/de-upskilling/airflow-flight-price-analysis/venv/lib/python3.10/site-packages/airflow/example_dags/example_trigger_target_dag.py for tasks to queue
[2026-02-06T09:15:14.501+0200] {logging_mixin.py:188} INFO - [2026-02-06T09:15:14.500+0200] {dagbag.py:538} INFO - Filling up the DagBag from /home/pazzoti/de-upskilling/airflow-flight-price-analysis/venv/lib/python3.10/site-packages/airflow/example_dags/example_trigger_target_dag.py
[2026-02-06T09:15:14.510+0200] {processor.py:840} INFO - DAG(s) 'example_trigger_target_dag' retrieved from /home/pazzoti/de-upskilling/airflow-flight-price-analysis/venv/lib/python3.10/site-packages/airflow/example_dags/example_trigger_target_dag.py
[2026-02-06T09:15:14.524+0200] {logging_mixin.py:188} INFO - [2026-02-06T09:15:14.524+0200] {dag.py:3036} INFO - Sync 1 DAGs
[2026-02-06T09:15:14.530+0200] {logging_mixin.py:188} INFO - [2026-02-06T09:15:14.530+0200] {dag.py:3823} INFO - Setting next_dagrun for example_trigger_target_dag to None, run_after=None
[2026-02-06T09:15:14.547+0200] {processor.py:183} INFO - Processing /home/pazzoti/de-upskilling/airflow-flight-price-analysis/venv/lib/python3.10/site-packages/airflow/example_dags/example_trigger_target_dag.py took 0.064 seconds
[2026-02-06T09:15:50.211+0200] {processor.py:161} INFO - Started process (PID=9270) to work on /home/pazzoti/de-upskilling/airflow-flight-price-analysis/venv/lib/python3.10/site-packages/airflow/example_dags/example_trigger_target_dag.py
[2026-02-06T09:15:50.213+0200] {processor.py:830} INFO - Processing file /home/pazzoti/de-upskilling/airflow-flight-price-analysis/venv/lib/python3.10/site-packages/airflow/example_dags/example_trigger_target_dag.py for tasks to queue
[2026-02-06T09:15:50.213+0200] {logging_mixin.py:188} INFO - [2026-02-06T09:15:50.213+0200] {dagbag.py:538} INFO - Filling up the DagBag from /home/pazzoti/de-upskilling/airflow-flight-price-analysis/venv/lib/python3.10/site-packages/airflow/example_dags/example_trigger_target_dag.py
[2026-02-06T09:15:50.222+0200] {processor.py:840} INFO - DAG(s) 'example_trigger_target_dag' retrieved from /home/pazzoti/de-upskilling/airflow-flight-price-analysis/venv/lib/python3.10/site-packages/airflow/example_dags/example_trigger_target_dag.py
[2026-02-06T09:15:50.236+0200] {logging_mixin.py:188} INFO - [2026-02-06T09:15:50.235+0200] {dag.py:3036} INFO - Sync 1 DAGs
[2026-02-06T09:15:50.246+0200] {logging_mixin.py:188} INFO - [2026-02-06T09:15:50.246+0200] {dag.py:3823} INFO - Setting next_dagrun for example_trigger_target_dag to None, run_after=None
[2026-02-06T09:15:50.264+0200] {processor.py:183} INFO - Processing /home/pazzoti/de-upskilling/airflow-flight-price-analysis/venv/lib/python3.10/site-packages/airflow/example_dags/example_trigger_target_dag.py took 0.056 seconds
[2026-02-06T09:16:22.933+0200] {processor.py:161} INFO - Started process (PID=9425) to work on /home/pazzoti/de-upskilling/airflow-flight-price-analysis/venv/lib/python3.10/site-packages/airflow/example_dags/example_trigger_target_dag.py
[2026-02-06T09:16:22.938+0200] {processor.py:830} INFO - Processing file /home/pazzoti/de-upskilling/airflow-flight-price-analysis/venv/lib/python3.10/site-packages/airflow/example_dags/example_trigger_target_dag.py for tasks to queue
[2026-02-06T09:16:22.939+0200] {logging_mixin.py:188} INFO - [2026-02-06T09:16:22.938+0200] {dagbag.py:538} INFO - Filling up the DagBag from /home/pazzoti/de-upskilling/airflow-flight-price-analysis/venv/lib/python3.10/site-packages/airflow/example_dags/example_trigger_target_dag.py
[2026-02-06T09:16:22.944+0200] {processor.py:840} INFO - DAG(s) 'example_trigger_target_dag' retrieved from /home/pazzoti/de-upskilling/airflow-flight-price-analysis/venv/lib/python3.10/site-packages/airflow/example_dags/example_trigger_target_dag.py
[2026-02-06T09:16:22.955+0200] {logging_mixin.py:188} INFO - [2026-02-06T09:16:22.955+0200] {dag.py:3036} INFO - Sync 1 DAGs
[2026-02-06T09:16:22.961+0200] {logging_mixin.py:188} INFO - [2026-02-06T09:16:22.961+0200] {dag.py:3823} INFO - Setting next_dagrun for example_trigger_target_dag to None, run_after=None
[2026-02-06T09:16:22.977+0200] {processor.py:183} INFO - Processing /home/pazzoti/de-upskilling/airflow-flight-price-analysis/venv/lib/python3.10/site-packages/airflow/example_dags/example_trigger_target_dag.py took 0.045 seconds
[2026-02-06T09:16:57.550+0200] {processor.py:161} INFO - Started process (PID=9579) to work on /home/pazzoti/de-upskilling/airflow-flight-price-analysis/venv/lib/python3.10/site-packages/airflow/example_dags/example_trigger_target_dag.py
[2026-02-06T09:16:57.555+0200] {processor.py:830} INFO - Processing file /home/pazzoti/de-upskilling/airflow-flight-price-analysis/venv/lib/python3.10/site-packages/airflow/example_dags/example_trigger_target_dag.py for tasks to queue
[2026-02-06T09:16:57.556+0200] {logging_mixin.py:188} INFO - [2026-02-06T09:16:57.555+0200] {dagbag.py:538} INFO - Filling up the DagBag from /home/pazzoti/de-upskilling/airflow-flight-price-analysis/venv/lib/python3.10/site-packages/airflow/example_dags/example_trigger_target_dag.py
[2026-02-06T09:16:57.561+0200] {processor.py:840} INFO - DAG(s) 'example_trigger_target_dag' retrieved from /home/pazzoti/de-upskilling/airflow-flight-price-analysis/venv/lib/python3.10/site-packages/airflow/example_dags/example_trigger_target_dag.py
[2026-02-06T09:16:57.570+0200] {logging_mixin.py:188} INFO - [2026-02-06T09:16:57.570+0200] {dag.py:3036} INFO - Sync 1 DAGs
[2026-02-06T09:16:57.577+0200] {logging_mixin.py:188} INFO - [2026-02-06T09:16:57.577+0200] {dag.py:3823} INFO - Setting next_dagrun for example_trigger_target_dag to None, run_after=None
[2026-02-06T09:16:57.596+0200] {processor.py:183} INFO - Processing /home/pazzoti/de-upskilling/airflow-flight-price-analysis/venv/lib/python3.10/site-packages/airflow/example_dags/example_trigger_target_dag.py took 0.050 seconds
[2026-02-06T09:29:10.064+0200] {processor.py:161} INFO - Started process (PID=9867) to work on /home/pazzoti/de-upskilling/airflow-flight-price-analysis/venv/lib/python3.10/site-packages/airflow/example_dags/example_trigger_target_dag.py
[2026-02-06T09:29:10.066+0200] {processor.py:830} INFO - Processing file /home/pazzoti/de-upskilling/airflow-flight-price-analysis/venv/lib/python3.10/site-packages/airflow/example_dags/example_trigger_target_dag.py for tasks to queue
[2026-02-06T09:29:10.067+0200] {logging_mixin.py:188} INFO - [2026-02-06T09:29:10.066+0200] {dagbag.py:538} INFO - Filling up the DagBag from /home/pazzoti/de-upskilling/airflow-flight-price-analysis/venv/lib/python3.10/site-packages/airflow/example_dags/example_trigger_target_dag.py
[2026-02-06T09:29:10.074+0200] {processor.py:840} INFO - DAG(s) 'example_trigger_target_dag' retrieved from /home/pazzoti/de-upskilling/airflow-flight-price-analysis/venv/lib/python3.10/site-packages/airflow/example_dags/example_trigger_target_dag.py
[2026-02-06T09:29:10.092+0200] {logging_mixin.py:188} INFO - [2026-02-06T09:29:10.092+0200] {dag.py:3036} INFO - Sync 1 DAGs
[2026-02-06T09:29:10.103+0200] {logging_mixin.py:188} INFO - [2026-02-06T09:29:10.103+0200] {dag.py:3823} INFO - Setting next_dagrun for example_trigger_target_dag to None, run_after=None
[2026-02-06T09:29:10.135+0200] {processor.py:183} INFO - Processing /home/pazzoti/de-upskilling/airflow-flight-price-analysis/venv/lib/python3.10/site-packages/airflow/example_dags/example_trigger_target_dag.py took 0.074 seconds
[2026-02-06T09:29:53.352+0200] {processor.py:161} INFO - Started process (PID=9945) to work on /home/pazzoti/de-upskilling/airflow-flight-price-analysis/venv/lib/python3.10/site-packages/airflow/example_dags/example_trigger_target_dag.py
[2026-02-06T09:29:53.355+0200] {processor.py:830} INFO - Processing file /home/pazzoti/de-upskilling/airflow-flight-price-analysis/venv/lib/python3.10/site-packages/airflow/example_dags/example_trigger_target_dag.py for tasks to queue
[2026-02-06T09:29:53.356+0200] {logging_mixin.py:188} INFO - [2026-02-06T09:29:53.356+0200] {dagbag.py:538} INFO - Filling up the DagBag from /home/pazzoti/de-upskilling/airflow-flight-price-analysis/venv/lib/python3.10/site-packages/airflow/example_dags/example_trigger_target_dag.py
[2026-02-06T09:29:53.363+0200] {processor.py:840} INFO - DAG(s) 'example_trigger_target_dag' retrieved from /home/pazzoti/de-upskilling/airflow-flight-price-analysis/venv/lib/python3.10/site-packages/airflow/example_dags/example_trigger_target_dag.py
[2026-02-06T09:29:53.386+0200] {logging_mixin.py:188} INFO - [2026-02-06T09:29:53.385+0200] {dag.py:3036} INFO - Sync 1 DAGs
[2026-02-06T09:29:53.400+0200] {logging_mixin.py:188} INFO - [2026-02-06T09:29:53.398+0200] {dag.py:3823} INFO - Setting next_dagrun for example_trigger_target_dag to None, run_after=None
[2026-02-06T09:29:53.428+0200] {processor.py:183} INFO - Processing /home/pazzoti/de-upskilling/airflow-flight-price-analysis/venv/lib/python3.10/site-packages/airflow/example_dags/example_trigger_target_dag.py took 0.080 seconds
[2026-02-06T09:30:36.063+0200] {processor.py:161} INFO - Started process (PID=10008) to work on /home/pazzoti/de-upskilling/airflow-flight-price-analysis/venv/lib/python3.10/site-packages/airflow/example_dags/example_trigger_target_dag.py
[2026-02-06T09:30:36.065+0200] {processor.py:830} INFO - Processing file /home/pazzoti/de-upskilling/airflow-flight-price-analysis/venv/lib/python3.10/site-packages/airflow/example_dags/example_trigger_target_dag.py for tasks to queue
[2026-02-06T09:30:36.066+0200] {logging_mixin.py:188} INFO - [2026-02-06T09:30:36.066+0200] {dagbag.py:538} INFO - Filling up the DagBag from /home/pazzoti/de-upskilling/airflow-flight-price-analysis/venv/lib/python3.10/site-packages/airflow/example_dags/example_trigger_target_dag.py
[2026-02-06T09:30:36.074+0200] {processor.py:840} INFO - DAG(s) 'example_trigger_target_dag' retrieved from /home/pazzoti/de-upskilling/airflow-flight-price-analysis/venv/lib/python3.10/site-packages/airflow/example_dags/example_trigger_target_dag.py
[2026-02-06T09:30:36.095+0200] {logging_mixin.py:188} INFO - [2026-02-06T09:30:36.095+0200] {dag.py:3036} INFO - Sync 1 DAGs
[2026-02-06T09:30:36.105+0200] {logging_mixin.py:188} INFO - [2026-02-06T09:30:36.105+0200] {dag.py:3823} INFO - Setting next_dagrun for example_trigger_target_dag to None, run_after=None
[2026-02-06T09:30:36.186+0200] {processor.py:183} INFO - Processing /home/pazzoti/de-upskilling/airflow-flight-price-analysis/venv/lib/python3.10/site-packages/airflow/example_dags/example_trigger_target_dag.py took 0.128 seconds
[2026-02-06T09:31:17.953+0200] {processor.py:161} INFO - Started process (PID=10085) to work on /home/pazzoti/de-upskilling/airflow-flight-price-analysis/venv/lib/python3.10/site-packages/airflow/example_dags/example_trigger_target_dag.py
[2026-02-06T09:31:17.958+0200] {processor.py:830} INFO - Processing file /home/pazzoti/de-upskilling/airflow-flight-price-analysis/venv/lib/python3.10/site-packages/airflow/example_dags/example_trigger_target_dag.py for tasks to queue
[2026-02-06T09:31:17.958+0200] {logging_mixin.py:188} INFO - [2026-02-06T09:31:17.958+0200] {dagbag.py:538} INFO - Filling up the DagBag from /home/pazzoti/de-upskilling/airflow-flight-price-analysis/venv/lib/python3.10/site-packages/airflow/example_dags/example_trigger_target_dag.py
[2026-02-06T09:31:17.963+0200] {processor.py:840} INFO - DAG(s) 'example_trigger_target_dag' retrieved from /home/pazzoti/de-upskilling/airflow-flight-price-analysis/venv/lib/python3.10/site-packages/airflow/example_dags/example_trigger_target_dag.py
[2026-02-06T09:31:17.975+0200] {logging_mixin.py:188} INFO - [2026-02-06T09:31:17.974+0200] {dag.py:3036} INFO - Sync 1 DAGs
[2026-02-06T09:31:17.982+0200] {logging_mixin.py:188} INFO - [2026-02-06T09:31:17.982+0200] {dag.py:3823} INFO - Setting next_dagrun for example_trigger_target_dag to None, run_after=None
[2026-02-06T09:31:17.997+0200] {processor.py:183} INFO - Processing /home/pazzoti/de-upskilling/airflow-flight-price-analysis/venv/lib/python3.10/site-packages/airflow/example_dags/example_trigger_target_dag.py took 0.047 seconds
[2026-02-06T09:31:54.183+0200] {processor.py:161} INFO - Started process (PID=10159) to work on /home/pazzoti/de-upskilling/airflow-flight-price-analysis/venv/lib/python3.10/site-packages/airflow/example_dags/example_trigger_target_dag.py
[2026-02-06T09:31:54.189+0200] {processor.py:830} INFO - Processing file /home/pazzoti/de-upskilling/airflow-flight-price-analysis/venv/lib/python3.10/site-packages/airflow/example_dags/example_trigger_target_dag.py for tasks to queue
[2026-02-06T09:31:54.190+0200] {logging_mixin.py:188} INFO - [2026-02-06T09:31:54.190+0200] {dagbag.py:538} INFO - Filling up the DagBag from /home/pazzoti/de-upskilling/airflow-flight-price-analysis/venv/lib/python3.10/site-packages/airflow/example_dags/example_trigger_target_dag.py
[2026-02-06T09:31:54.195+0200] {processor.py:840} INFO - DAG(s) 'example_trigger_target_dag' retrieved from /home/pazzoti/de-upskilling/airflow-flight-price-analysis/venv/lib/python3.10/site-packages/airflow/example_dags/example_trigger_target_dag.py
[2026-02-06T09:31:54.205+0200] {logging_mixin.py:188} INFO - [2026-02-06T09:31:54.205+0200] {dag.py:3036} INFO - Sync 1 DAGs
[2026-02-06T09:31:54.211+0200] {logging_mixin.py:188} INFO - [2026-02-06T09:31:54.211+0200] {dag.py:3823} INFO - Setting next_dagrun for example_trigger_target_dag to None, run_after=None
[2026-02-06T09:31:54.228+0200] {processor.py:183} INFO - Processing /home/pazzoti/de-upskilling/airflow-flight-price-analysis/venv/lib/python3.10/site-packages/airflow/example_dags/example_trigger_target_dag.py took 0.048 seconds
[2026-02-06T09:32:31.476+0200] {processor.py:161} INFO - Started process (PID=10247) to work on /home/pazzoti/de-upskilling/airflow-flight-price-analysis/venv/lib/python3.10/site-packages/airflow/example_dags/example_trigger_target_dag.py
[2026-02-06T09:32:31.478+0200] {processor.py:830} INFO - Processing file /home/pazzoti/de-upskilling/airflow-flight-price-analysis/venv/lib/python3.10/site-packages/airflow/example_dags/example_trigger_target_dag.py for tasks to queue
[2026-02-06T09:32:31.479+0200] {logging_mixin.py:188} INFO - [2026-02-06T09:32:31.478+0200] {dagbag.py:538} INFO - Filling up the DagBag from /home/pazzoti/de-upskilling/airflow-flight-price-analysis/venv/lib/python3.10/site-packages/airflow/example_dags/example_trigger_target_dag.py
[2026-02-06T09:32:31.485+0200] {processor.py:840} INFO - DAG(s) 'example_trigger_target_dag' retrieved from /home/pazzoti/de-upskilling/airflow-flight-price-analysis/venv/lib/python3.10/site-packages/airflow/example_dags/example_trigger_target_dag.py
[2026-02-06T09:32:31.495+0200] {logging_mixin.py:188} INFO - [2026-02-06T09:32:31.494+0200] {dag.py:3036} INFO - Sync 1 DAGs
[2026-02-06T09:32:31.501+0200] {logging_mixin.py:188} INFO - [2026-02-06T09:32:31.500+0200] {dag.py:3823} INFO - Setting next_dagrun for example_trigger_target_dag to None, run_after=None
[2026-02-06T09:32:31.516+0200] {processor.py:183} INFO - Processing /home/pazzoti/de-upskilling/airflow-flight-price-analysis/venv/lib/python3.10/site-packages/airflow/example_dags/example_trigger_target_dag.py took 0.044 seconds
[2026-02-06T09:33:07.727+0200] {processor.py:161} INFO - Started process (PID=10318) to work on /home/pazzoti/de-upskilling/airflow-flight-price-analysis/venv/lib/python3.10/site-packages/airflow/example_dags/example_trigger_target_dag.py
[2026-02-06T09:33:07.731+0200] {processor.py:830} INFO - Processing file /home/pazzoti/de-upskilling/airflow-flight-price-analysis/venv/lib/python3.10/site-packages/airflow/example_dags/example_trigger_target_dag.py for tasks to queue
[2026-02-06T09:33:07.733+0200] {logging_mixin.py:188} INFO - [2026-02-06T09:33:07.732+0200] {dagbag.py:538} INFO - Filling up the DagBag from /home/pazzoti/de-upskilling/airflow-flight-price-analysis/venv/lib/python3.10/site-packages/airflow/example_dags/example_trigger_target_dag.py
[2026-02-06T09:33:07.739+0200] {processor.py:840} INFO - DAG(s) 'example_trigger_target_dag' retrieved from /home/pazzoti/de-upskilling/airflow-flight-price-analysis/venv/lib/python3.10/site-packages/airflow/example_dags/example_trigger_target_dag.py
[2026-02-06T09:33:07.750+0200] {logging_mixin.py:188} INFO - [2026-02-06T09:33:07.750+0200] {dag.py:3036} INFO - Sync 1 DAGs
[2026-02-06T09:33:07.757+0200] {logging_mixin.py:188} INFO - [2026-02-06T09:33:07.757+0200] {dag.py:3823} INFO - Setting next_dagrun for example_trigger_target_dag to None, run_after=None
[2026-02-06T09:33:07.773+0200] {processor.py:183} INFO - Processing /home/pazzoti/de-upskilling/airflow-flight-price-analysis/venv/lib/python3.10/site-packages/airflow/example_dags/example_trigger_target_dag.py took 0.050 seconds
[2026-02-06T09:34:04.928+0200] {processor.py:161} INFO - Started process (PID=10404) to work on /home/pazzoti/de-upskilling/airflow-flight-price-analysis/venv/lib/python3.10/site-packages/airflow/example_dags/example_trigger_target_dag.py
[2026-02-06T09:34:04.931+0200] {processor.py:830} INFO - Processing file /home/pazzoti/de-upskilling/airflow-flight-price-analysis/venv/lib/python3.10/site-packages/airflow/example_dags/example_trigger_target_dag.py for tasks to queue
[2026-02-06T09:34:04.933+0200] {logging_mixin.py:188} INFO - [2026-02-06T09:34:04.931+0200] {dagbag.py:538} INFO - Filling up the DagBag from /home/pazzoti/de-upskilling/airflow-flight-price-analysis/venv/lib/python3.10/site-packages/airflow/example_dags/example_trigger_target_dag.py
[2026-02-06T09:34:04.946+0200] {processor.py:840} INFO - DAG(s) 'example_trigger_target_dag' retrieved from /home/pazzoti/de-upskilling/airflow-flight-price-analysis/venv/lib/python3.10/site-packages/airflow/example_dags/example_trigger_target_dag.py
[2026-02-06T09:34:04.959+0200] {logging_mixin.py:188} INFO - [2026-02-06T09:34:04.959+0200] {dag.py:3036} INFO - Sync 1 DAGs
[2026-02-06T09:34:04.966+0200] {logging_mixin.py:188} INFO - [2026-02-06T09:34:04.966+0200] {dag.py:3823} INFO - Setting next_dagrun for example_trigger_target_dag to None, run_after=None
[2026-02-06T09:34:04.982+0200] {processor.py:183} INFO - Processing /home/pazzoti/de-upskilling/airflow-flight-price-analysis/venv/lib/python3.10/site-packages/airflow/example_dags/example_trigger_target_dag.py took 0.060 seconds
[2026-02-06T09:34:44.961+0200] {processor.py:161} INFO - Started process (PID=10470) to work on /home/pazzoti/de-upskilling/airflow-flight-price-analysis/venv/lib/python3.10/site-packages/airflow/example_dags/example_trigger_target_dag.py
[2026-02-06T09:34:44.965+0200] {processor.py:830} INFO - Processing file /home/pazzoti/de-upskilling/airflow-flight-price-analysis/venv/lib/python3.10/site-packages/airflow/example_dags/example_trigger_target_dag.py for tasks to queue
[2026-02-06T09:34:44.966+0200] {logging_mixin.py:188} INFO - [2026-02-06T09:34:44.966+0200] {dagbag.py:538} INFO - Filling up the DagBag from /home/pazzoti/de-upskilling/airflow-flight-price-analysis/venv/lib/python3.10/site-packages/airflow/example_dags/example_trigger_target_dag.py
[2026-02-06T09:34:44.971+0200] {processor.py:840} INFO - DAG(s) 'example_trigger_target_dag' retrieved from /home/pazzoti/de-upskilling/airflow-flight-price-analysis/venv/lib/python3.10/site-packages/airflow/example_dags/example_trigger_target_dag.py
[2026-02-06T09:34:44.981+0200] {logging_mixin.py:188} INFO - [2026-02-06T09:34:44.981+0200] {dag.py:3036} INFO - Sync 1 DAGs
[2026-02-06T09:34:44.987+0200] {logging_mixin.py:188} INFO - [2026-02-06T09:34:44.987+0200] {dag.py:3823} INFO - Setting next_dagrun for example_trigger_target_dag to None, run_after=None
[2026-02-06T09:34:45.002+0200] {processor.py:183} INFO - Processing /home/pazzoti/de-upskilling/airflow-flight-price-analysis/venv/lib/python3.10/site-packages/airflow/example_dags/example_trigger_target_dag.py took 0.044 seconds
