[2026-02-06T09:01:02.370+0200] {processor.py:161} INFO - Started process (PID=4044) to work on /home/pazzoti/de-upskilling/airflow-flight-price-analysis/venv/lib/python3.10/site-packages/airflow/example_dags/example_params_trigger_ui.py
[2026-02-06T09:01:02.370+0200] {processor.py:830} INFO - Processing file /home/pazzoti/de-upskilling/airflow-flight-price-analysis/venv/lib/python3.10/site-packages/airflow/example_dags/example_params_trigger_ui.py for tasks to queue
[2026-02-06T09:01:02.371+0200] {logging_mixin.py:188} INFO - [2026-02-06T09:01:02.371+0200] {dagbag.py:538} INFO - Filling up the DagBag from /home/pazzoti/de-upskilling/airflow-flight-price-analysis/venv/lib/python3.10/site-packages/airflow/example_dags/example_params_trigger_ui.py
[2026-02-06T09:01:02.381+0200] {processor.py:840} INFO - DAG(s) 'example_params_trigger_ui' retrieved from /home/pazzoti/de-upskilling/airflow-flight-price-analysis/venv/lib/python3.10/site-packages/airflow/example_dags/example_params_trigger_ui.py
[2026-02-06T09:01:02.476+0200] {logging_mixin.py:188} INFO - [2026-02-06T09:01:02.475+0200] {dag.py:3036} INFO - Sync 1 DAGs
[2026-02-06T09:01:02.481+0200] {logging_mixin.py:188} INFO - [2026-02-06T09:01:02.481+0200] {dag.py:3823} INFO - Setting next_dagrun for example_params_trigger_ui to None, run_after=None
[2026-02-06T09:01:02.508+0200] {processor.py:183} INFO - Processing /home/pazzoti/de-upskilling/airflow-flight-price-analysis/venv/lib/python3.10/site-packages/airflow/example_dags/example_params_trigger_ui.py took 0.140 seconds
[2026-02-06T09:01:54.891+0200] {processor.py:161} INFO - Started process (PID=4588) to work on /home/pazzoti/de-upskilling/airflow-flight-price-analysis/venv/lib/python3.10/site-packages/airflow/example_dags/example_params_trigger_ui.py
[2026-02-06T09:01:54.901+0200] {processor.py:830} INFO - Processing file /home/pazzoti/de-upskilling/airflow-flight-price-analysis/venv/lib/python3.10/site-packages/airflow/example_dags/example_params_trigger_ui.py for tasks to queue
[2026-02-06T09:01:54.902+0200] {logging_mixin.py:188} INFO - [2026-02-06T09:01:54.901+0200] {dagbag.py:538} INFO - Filling up the DagBag from /home/pazzoti/de-upskilling/airflow-flight-price-analysis/venv/lib/python3.10/site-packages/airflow/example_dags/example_params_trigger_ui.py
[2026-02-06T09:01:54.912+0200] {processor.py:840} INFO - DAG(s) 'example_params_trigger_ui' retrieved from /home/pazzoti/de-upskilling/airflow-flight-price-analysis/venv/lib/python3.10/site-packages/airflow/example_dags/example_params_trigger_ui.py
[2026-02-06T09:01:54.935+0200] {logging_mixin.py:188} INFO - [2026-02-06T09:01:54.935+0200] {dag.py:3036} INFO - Sync 1 DAGs
[2026-02-06T09:01:54.943+0200] {logging_mixin.py:188} INFO - [2026-02-06T09:01:54.942+0200] {dag.py:3823} INFO - Setting next_dagrun for example_params_trigger_ui to None, run_after=None
[2026-02-06T09:01:54.961+0200] {processor.py:183} INFO - Processing /home/pazzoti/de-upskilling/airflow-flight-price-analysis/venv/lib/python3.10/site-packages/airflow/example_dags/example_params_trigger_ui.py took 0.074 seconds
[2026-02-06T09:02:34.614+0200] {processor.py:161} INFO - Started process (PID=4907) to work on /home/pazzoti/de-upskilling/airflow-flight-price-analysis/venv/lib/python3.10/site-packages/airflow/example_dags/example_params_trigger_ui.py
[2026-02-06T09:02:34.615+0200] {processor.py:830} INFO - Processing file /home/pazzoti/de-upskilling/airflow-flight-price-analysis/venv/lib/python3.10/site-packages/airflow/example_dags/example_params_trigger_ui.py for tasks to queue
[2026-02-06T09:02:34.616+0200] {logging_mixin.py:188} INFO - [2026-02-06T09:02:34.615+0200] {dagbag.py:538} INFO - Filling up the DagBag from /home/pazzoti/de-upskilling/airflow-flight-price-analysis/venv/lib/python3.10/site-packages/airflow/example_dags/example_params_trigger_ui.py
[2026-02-06T09:02:34.624+0200] {processor.py:840} INFO - DAG(s) 'example_params_trigger_ui' retrieved from /home/pazzoti/de-upskilling/airflow-flight-price-analysis/venv/lib/python3.10/site-packages/airflow/example_dags/example_params_trigger_ui.py
[2026-02-06T09:02:34.646+0200] {logging_mixin.py:188} INFO - [2026-02-06T09:02:34.646+0200] {dag.py:3036} INFO - Sync 1 DAGs
[2026-02-06T09:02:34.652+0200] {logging_mixin.py:188} INFO - [2026-02-06T09:02:34.652+0200] {dag.py:3823} INFO - Setting next_dagrun for example_params_trigger_ui to None, run_after=None
[2026-02-06T09:02:34.668+0200] {processor.py:183} INFO - Processing /home/pazzoti/de-upskilling/airflow-flight-price-analysis/venv/lib/python3.10/site-packages/airflow/example_dags/example_params_trigger_ui.py took 0.057 seconds
[2026-02-06T09:03:22.317+0200] {processor.py:161} INFO - Started process (PID=5121) to work on /home/pazzoti/de-upskilling/airflow-flight-price-analysis/venv/lib/python3.10/site-packages/airflow/example_dags/example_params_trigger_ui.py
[2026-02-06T09:03:22.324+0200] {processor.py:830} INFO - Processing file /home/pazzoti/de-upskilling/airflow-flight-price-analysis/venv/lib/python3.10/site-packages/airflow/example_dags/example_params_trigger_ui.py for tasks to queue
[2026-02-06T09:03:22.325+0200] {logging_mixin.py:188} INFO - [2026-02-06T09:03:22.325+0200] {dagbag.py:538} INFO - Filling up the DagBag from /home/pazzoti/de-upskilling/airflow-flight-price-analysis/venv/lib/python3.10/site-packages/airflow/example_dags/example_params_trigger_ui.py
[2026-02-06T09:03:22.336+0200] {processor.py:840} INFO - DAG(s) 'example_params_trigger_ui' retrieved from /home/pazzoti/de-upskilling/airflow-flight-price-analysis/venv/lib/python3.10/site-packages/airflow/example_dags/example_params_trigger_ui.py
[2026-02-06T09:03:22.357+0200] {logging_mixin.py:188} INFO - [2026-02-06T09:03:22.357+0200] {dag.py:3036} INFO - Sync 1 DAGs
[2026-02-06T09:03:22.365+0200] {logging_mixin.py:188} INFO - [2026-02-06T09:03:22.365+0200] {dag.py:3823} INFO - Setting next_dagrun for example_params_trigger_ui to None, run_after=None
[2026-02-06T09:03:22.383+0200] {processor.py:183} INFO - Processing /home/pazzoti/de-upskilling/airflow-flight-price-analysis/venv/lib/python3.10/site-packages/airflow/example_dags/example_params_trigger_ui.py took 0.071 seconds
[2026-02-06T09:03:58.315+0200] {processor.py:161} INFO - Started process (PID=5295) to work on /home/pazzoti/de-upskilling/airflow-flight-price-analysis/venv/lib/python3.10/site-packages/airflow/example_dags/example_params_trigger_ui.py
[2026-02-06T09:03:58.322+0200] {processor.py:830} INFO - Processing file /home/pazzoti/de-upskilling/airflow-flight-price-analysis/venv/lib/python3.10/site-packages/airflow/example_dags/example_params_trigger_ui.py for tasks to queue
[2026-02-06T09:03:58.323+0200] {logging_mixin.py:188} INFO - [2026-02-06T09:03:58.323+0200] {dagbag.py:538} INFO - Filling up the DagBag from /home/pazzoti/de-upskilling/airflow-flight-price-analysis/venv/lib/python3.10/site-packages/airflow/example_dags/example_params_trigger_ui.py
[2026-02-06T09:03:58.334+0200] {processor.py:840} INFO - DAG(s) 'example_params_trigger_ui' retrieved from /home/pazzoti/de-upskilling/airflow-flight-price-analysis/venv/lib/python3.10/site-packages/airflow/example_dags/example_params_trigger_ui.py
[2026-02-06T09:03:58.357+0200] {logging_mixin.py:188} INFO - [2026-02-06T09:03:58.357+0200] {dag.py:3036} INFO - Sync 1 DAGs
[2026-02-06T09:03:58.363+0200] {logging_mixin.py:188} INFO - [2026-02-06T09:03:58.363+0200] {dag.py:3823} INFO - Setting next_dagrun for example_params_trigger_ui to None, run_after=None
[2026-02-06T09:03:58.379+0200] {processor.py:183} INFO - Processing /home/pazzoti/de-upskilling/airflow-flight-price-analysis/venv/lib/python3.10/site-packages/airflow/example_dags/example_params_trigger_ui.py took 0.066 seconds
[2026-02-06T09:04:34.503+0200] {processor.py:161} INFO - Started process (PID=5460) to work on /home/pazzoti/de-upskilling/airflow-flight-price-analysis/venv/lib/python3.10/site-packages/airflow/example_dags/example_params_trigger_ui.py
[2026-02-06T09:04:34.507+0200] {processor.py:830} INFO - Processing file /home/pazzoti/de-upskilling/airflow-flight-price-analysis/venv/lib/python3.10/site-packages/airflow/example_dags/example_params_trigger_ui.py for tasks to queue
[2026-02-06T09:04:34.508+0200] {logging_mixin.py:188} INFO - [2026-02-06T09:04:34.508+0200] {dagbag.py:538} INFO - Filling up the DagBag from /home/pazzoti/de-upskilling/airflow-flight-price-analysis/venv/lib/python3.10/site-packages/airflow/example_dags/example_params_trigger_ui.py
[2026-02-06T09:04:34.519+0200] {processor.py:840} INFO - DAG(s) 'example_params_trigger_ui' retrieved from /home/pazzoti/de-upskilling/airflow-flight-price-analysis/venv/lib/python3.10/site-packages/airflow/example_dags/example_params_trigger_ui.py
[2026-02-06T09:04:34.541+0200] {logging_mixin.py:188} INFO - [2026-02-06T09:04:34.541+0200] {dag.py:3036} INFO - Sync 1 DAGs
[2026-02-06T09:04:34.547+0200] {logging_mixin.py:188} INFO - [2026-02-06T09:04:34.547+0200] {dag.py:3823} INFO - Setting next_dagrun for example_params_trigger_ui to None, run_after=None
[2026-02-06T09:04:34.563+0200] {processor.py:183} INFO - Processing /home/pazzoti/de-upskilling/airflow-flight-price-analysis/venv/lib/python3.10/site-packages/airflow/example_dags/example_params_trigger_ui.py took 0.062 seconds
[2026-02-06T09:05:11.627+0200] {processor.py:161} INFO - Started process (PID=5659) to work on /home/pazzoti/de-upskilling/airflow-flight-price-analysis/venv/lib/python3.10/site-packages/airflow/example_dags/example_params_trigger_ui.py
[2026-02-06T09:05:11.649+0200] {processor.py:830} INFO - Processing file /home/pazzoti/de-upskilling/airflow-flight-price-analysis/venv/lib/python3.10/site-packages/airflow/example_dags/example_params_trigger_ui.py for tasks to queue
[2026-02-06T09:05:11.651+0200] {logging_mixin.py:188} INFO - [2026-02-06T09:05:11.650+0200] {dagbag.py:538} INFO - Filling up the DagBag from /home/pazzoti/de-upskilling/airflow-flight-price-analysis/venv/lib/python3.10/site-packages/airflow/example_dags/example_params_trigger_ui.py
[2026-02-06T09:05:11.673+0200] {processor.py:840} INFO - DAG(s) 'example_params_trigger_ui' retrieved from /home/pazzoti/de-upskilling/airflow-flight-price-analysis/venv/lib/python3.10/site-packages/airflow/example_dags/example_params_trigger_ui.py
[2026-02-06T09:05:11.701+0200] {logging_mixin.py:188} INFO - [2026-02-06T09:05:11.700+0200] {dag.py:3036} INFO - Sync 1 DAGs
[2026-02-06T09:05:11.710+0200] {logging_mixin.py:188} INFO - [2026-02-06T09:05:11.709+0200] {dag.py:3823} INFO - Setting next_dagrun for example_params_trigger_ui to None, run_after=None
[2026-02-06T09:05:11.748+0200] {processor.py:183} INFO - Processing /home/pazzoti/de-upskilling/airflow-flight-price-analysis/venv/lib/python3.10/site-packages/airflow/example_dags/example_params_trigger_ui.py took 0.126 seconds
[2026-02-06T09:05:50.224+0200] {processor.py:161} INFO - Started process (PID=5838) to work on /home/pazzoti/de-upskilling/airflow-flight-price-analysis/venv/lib/python3.10/site-packages/airflow/example_dags/example_params_trigger_ui.py
[2026-02-06T09:05:50.226+0200] {processor.py:830} INFO - Processing file /home/pazzoti/de-upskilling/airflow-flight-price-analysis/venv/lib/python3.10/site-packages/airflow/example_dags/example_params_trigger_ui.py for tasks to queue
[2026-02-06T09:05:50.227+0200] {logging_mixin.py:188} INFO - [2026-02-06T09:05:50.227+0200] {dagbag.py:538} INFO - Filling up the DagBag from /home/pazzoti/de-upskilling/airflow-flight-price-analysis/venv/lib/python3.10/site-packages/airflow/example_dags/example_params_trigger_ui.py
[2026-02-06T09:05:50.238+0200] {processor.py:840} INFO - DAG(s) 'example_params_trigger_ui' retrieved from /home/pazzoti/de-upskilling/airflow-flight-price-analysis/venv/lib/python3.10/site-packages/airflow/example_dags/example_params_trigger_ui.py
[2026-02-06T09:05:50.258+0200] {logging_mixin.py:188} INFO - [2026-02-06T09:05:50.258+0200] {dag.py:3036} INFO - Sync 1 DAGs
[2026-02-06T09:05:50.265+0200] {logging_mixin.py:188} INFO - [2026-02-06T09:05:50.265+0200] {dag.py:3823} INFO - Setting next_dagrun for example_params_trigger_ui to None, run_after=None
[2026-02-06T09:05:50.281+0200] {processor.py:183} INFO - Processing /home/pazzoti/de-upskilling/airflow-flight-price-analysis/venv/lib/python3.10/site-packages/airflow/example_dags/example_params_trigger_ui.py took 0.059 seconds
[2026-02-06T09:06:24.946+0200] {processor.py:161} INFO - Started process (PID=6028) to work on /home/pazzoti/de-upskilling/airflow-flight-price-analysis/venv/lib/python3.10/site-packages/airflow/example_dags/example_params_trigger_ui.py
[2026-02-06T09:06:24.948+0200] {processor.py:830} INFO - Processing file /home/pazzoti/de-upskilling/airflow-flight-price-analysis/venv/lib/python3.10/site-packages/airflow/example_dags/example_params_trigger_ui.py for tasks to queue
[2026-02-06T09:06:24.948+0200] {logging_mixin.py:188} INFO - [2026-02-06T09:06:24.948+0200] {dagbag.py:538} INFO - Filling up the DagBag from /home/pazzoti/de-upskilling/airflow-flight-price-analysis/venv/lib/python3.10/site-packages/airflow/example_dags/example_params_trigger_ui.py
[2026-02-06T09:06:24.957+0200] {processor.py:840} INFO - DAG(s) 'example_params_trigger_ui' retrieved from /home/pazzoti/de-upskilling/airflow-flight-price-analysis/venv/lib/python3.10/site-packages/airflow/example_dags/example_params_trigger_ui.py
[2026-02-06T09:06:24.980+0200] {logging_mixin.py:188} INFO - [2026-02-06T09:06:24.980+0200] {dag.py:3036} INFO - Sync 1 DAGs
[2026-02-06T09:06:24.987+0200] {logging_mixin.py:188} INFO - [2026-02-06T09:06:24.986+0200] {dag.py:3823} INFO - Setting next_dagrun for example_params_trigger_ui to None, run_after=None
[2026-02-06T09:06:25.003+0200] {processor.py:183} INFO - Processing /home/pazzoti/de-upskilling/airflow-flight-price-analysis/venv/lib/python3.10/site-packages/airflow/example_dags/example_params_trigger_ui.py took 0.059 seconds
[2026-02-06T09:07:01.891+0200] {processor.py:161} INFO - Started process (PID=6241) to work on /home/pazzoti/de-upskilling/airflow-flight-price-analysis/venv/lib/python3.10/site-packages/airflow/example_dags/example_params_trigger_ui.py
[2026-02-06T09:07:01.896+0200] {processor.py:830} INFO - Processing file /home/pazzoti/de-upskilling/airflow-flight-price-analysis/venv/lib/python3.10/site-packages/airflow/example_dags/example_params_trigger_ui.py for tasks to queue
[2026-02-06T09:07:01.897+0200] {logging_mixin.py:188} INFO - [2026-02-06T09:07:01.896+0200] {dagbag.py:538} INFO - Filling up the DagBag from /home/pazzoti/de-upskilling/airflow-flight-price-analysis/venv/lib/python3.10/site-packages/airflow/example_dags/example_params_trigger_ui.py
[2026-02-06T09:07:01.909+0200] {processor.py:840} INFO - DAG(s) 'example_params_trigger_ui' retrieved from /home/pazzoti/de-upskilling/airflow-flight-price-analysis/venv/lib/python3.10/site-packages/airflow/example_dags/example_params_trigger_ui.py
[2026-02-06T09:07:01.933+0200] {logging_mixin.py:188} INFO - [2026-02-06T09:07:01.933+0200] {dag.py:3036} INFO - Sync 1 DAGs
[2026-02-06T09:07:01.942+0200] {logging_mixin.py:188} INFO - [2026-02-06T09:07:01.941+0200] {dag.py:3823} INFO - Setting next_dagrun for example_params_trigger_ui to None, run_after=None
[2026-02-06T09:07:01.966+0200] {processor.py:183} INFO - Processing /home/pazzoti/de-upskilling/airflow-flight-price-analysis/venv/lib/python3.10/site-packages/airflow/example_dags/example_params_trigger_ui.py took 0.077 seconds
[2026-02-06T09:07:38.418+0200] {processor.py:161} INFO - Started process (PID=6429) to work on /home/pazzoti/de-upskilling/airflow-flight-price-analysis/venv/lib/python3.10/site-packages/airflow/example_dags/example_params_trigger_ui.py
[2026-02-06T09:07:38.420+0200] {processor.py:830} INFO - Processing file /home/pazzoti/de-upskilling/airflow-flight-price-analysis/venv/lib/python3.10/site-packages/airflow/example_dags/example_params_trigger_ui.py for tasks to queue
[2026-02-06T09:07:38.420+0200] {logging_mixin.py:188} INFO - [2026-02-06T09:07:38.420+0200] {dagbag.py:538} INFO - Filling up the DagBag from /home/pazzoti/de-upskilling/airflow-flight-price-analysis/venv/lib/python3.10/site-packages/airflow/example_dags/example_params_trigger_ui.py
[2026-02-06T09:07:38.432+0200] {processor.py:840} INFO - DAG(s) 'example_params_trigger_ui' retrieved from /home/pazzoti/de-upskilling/airflow-flight-price-analysis/venv/lib/python3.10/site-packages/airflow/example_dags/example_params_trigger_ui.py
[2026-02-06T09:07:38.454+0200] {logging_mixin.py:188} INFO - [2026-02-06T09:07:38.454+0200] {dag.py:3036} INFO - Sync 1 DAGs
[2026-02-06T09:07:38.460+0200] {logging_mixin.py:188} INFO - [2026-02-06T09:07:38.460+0200] {dag.py:3823} INFO - Setting next_dagrun for example_params_trigger_ui to None, run_after=None
[2026-02-06T09:07:38.478+0200] {processor.py:183} INFO - Processing /home/pazzoti/de-upskilling/airflow-flight-price-analysis/venv/lib/python3.10/site-packages/airflow/example_dags/example_params_trigger_ui.py took 0.062 seconds
[2026-02-06T09:08:15.075+0200] {processor.py:161} INFO - Started process (PID=6601) to work on /home/pazzoti/de-upskilling/airflow-flight-price-analysis/venv/lib/python3.10/site-packages/airflow/example_dags/example_params_trigger_ui.py
[2026-02-06T09:08:15.076+0200] {processor.py:830} INFO - Processing file /home/pazzoti/de-upskilling/airflow-flight-price-analysis/venv/lib/python3.10/site-packages/airflow/example_dags/example_params_trigger_ui.py for tasks to queue
[2026-02-06T09:08:15.077+0200] {logging_mixin.py:188} INFO - [2026-02-06T09:08:15.076+0200] {dagbag.py:538} INFO - Filling up the DagBag from /home/pazzoti/de-upskilling/airflow-flight-price-analysis/venv/lib/python3.10/site-packages/airflow/example_dags/example_params_trigger_ui.py
[2026-02-06T09:08:15.087+0200] {processor.py:840} INFO - DAG(s) 'example_params_trigger_ui' retrieved from /home/pazzoti/de-upskilling/airflow-flight-price-analysis/venv/lib/python3.10/site-packages/airflow/example_dags/example_params_trigger_ui.py
[2026-02-06T09:08:15.107+0200] {logging_mixin.py:188} INFO - [2026-02-06T09:08:15.107+0200] {dag.py:3036} INFO - Sync 1 DAGs
[2026-02-06T09:08:15.114+0200] {logging_mixin.py:188} INFO - [2026-02-06T09:08:15.114+0200] {dag.py:3823} INFO - Setting next_dagrun for example_params_trigger_ui to None, run_after=None
[2026-02-06T09:08:15.131+0200] {processor.py:183} INFO - Processing /home/pazzoti/de-upskilling/airflow-flight-price-analysis/venv/lib/python3.10/site-packages/airflow/example_dags/example_params_trigger_ui.py took 0.059 seconds
[2026-02-06T09:08:51.517+0200] {processor.py:161} INFO - Started process (PID=6757) to work on /home/pazzoti/de-upskilling/airflow-flight-price-analysis/venv/lib/python3.10/site-packages/airflow/example_dags/example_params_trigger_ui.py
[2026-02-06T09:08:51.523+0200] {processor.py:830} INFO - Processing file /home/pazzoti/de-upskilling/airflow-flight-price-analysis/venv/lib/python3.10/site-packages/airflow/example_dags/example_params_trigger_ui.py for tasks to queue
[2026-02-06T09:08:51.524+0200] {logging_mixin.py:188} INFO - [2026-02-06T09:08:51.524+0200] {dagbag.py:538} INFO - Filling up the DagBag from /home/pazzoti/de-upskilling/airflow-flight-price-analysis/venv/lib/python3.10/site-packages/airflow/example_dags/example_params_trigger_ui.py
[2026-02-06T09:08:51.533+0200] {processor.py:840} INFO - DAG(s) 'example_params_trigger_ui' retrieved from /home/pazzoti/de-upskilling/airflow-flight-price-analysis/venv/lib/python3.10/site-packages/airflow/example_dags/example_params_trigger_ui.py
[2026-02-06T09:08:51.558+0200] {logging_mixin.py:188} INFO - [2026-02-06T09:08:51.557+0200] {dag.py:3036} INFO - Sync 1 DAGs
[2026-02-06T09:08:51.565+0200] {logging_mixin.py:188} INFO - [2026-02-06T09:08:51.564+0200] {dag.py:3823} INFO - Setting next_dagrun for example_params_trigger_ui to None, run_after=None
[2026-02-06T09:08:51.583+0200] {processor.py:183} INFO - Processing /home/pazzoti/de-upskilling/airflow-flight-price-analysis/venv/lib/python3.10/site-packages/airflow/example_dags/example_params_trigger_ui.py took 0.068 seconds
[2026-02-06T09:09:29.570+0200] {processor.py:161} INFO - Started process (PID=6939) to work on /home/pazzoti/de-upskilling/airflow-flight-price-analysis/venv/lib/python3.10/site-packages/airflow/example_dags/example_params_trigger_ui.py
[2026-02-06T09:09:29.575+0200] {processor.py:830} INFO - Processing file /home/pazzoti/de-upskilling/airflow-flight-price-analysis/venv/lib/python3.10/site-packages/airflow/example_dags/example_params_trigger_ui.py for tasks to queue
[2026-02-06T09:09:29.577+0200] {logging_mixin.py:188} INFO - [2026-02-06T09:09:29.576+0200] {dagbag.py:538} INFO - Filling up the DagBag from /home/pazzoti/de-upskilling/airflow-flight-price-analysis/venv/lib/python3.10/site-packages/airflow/example_dags/example_params_trigger_ui.py
[2026-02-06T09:09:29.605+0200] {processor.py:840} INFO - DAG(s) 'example_params_trigger_ui' retrieved from /home/pazzoti/de-upskilling/airflow-flight-price-analysis/venv/lib/python3.10/site-packages/airflow/example_dags/example_params_trigger_ui.py
[2026-02-06T09:09:29.651+0200] {logging_mixin.py:188} INFO - [2026-02-06T09:09:29.651+0200] {dag.py:3036} INFO - Sync 1 DAGs
[2026-02-06T09:09:29.665+0200] {logging_mixin.py:188} INFO - [2026-02-06T09:09:29.665+0200] {dag.py:3823} INFO - Setting next_dagrun for example_params_trigger_ui to None, run_after=None
[2026-02-06T09:09:29.691+0200] {processor.py:183} INFO - Processing /home/pazzoti/de-upskilling/airflow-flight-price-analysis/venv/lib/python3.10/site-packages/airflow/example_dags/example_params_trigger_ui.py took 0.127 seconds
[2026-02-06T09:10:50.574+0200] {processor.py:161} INFO - Started process (PID=7468) to work on /home/pazzoti/de-upskilling/airflow-flight-price-analysis/venv/lib/python3.10/site-packages/airflow/example_dags/example_params_trigger_ui.py
[2026-02-06T09:10:50.577+0200] {processor.py:830} INFO - Processing file /home/pazzoti/de-upskilling/airflow-flight-price-analysis/venv/lib/python3.10/site-packages/airflow/example_dags/example_params_trigger_ui.py for tasks to queue
[2026-02-06T09:10:50.584+0200] {logging_mixin.py:188} INFO - [2026-02-06T09:10:50.579+0200] {dagbag.py:538} INFO - Filling up the DagBag from /home/pazzoti/de-upskilling/airflow-flight-price-analysis/venv/lib/python3.10/site-packages/airflow/example_dags/example_params_trigger_ui.py
[2026-02-06T09:10:50.609+0200] {processor.py:840} INFO - DAG(s) 'example_params_trigger_ui' retrieved from /home/pazzoti/de-upskilling/airflow-flight-price-analysis/venv/lib/python3.10/site-packages/airflow/example_dags/example_params_trigger_ui.py
[2026-02-06T09:10:50.824+0200] {logging_mixin.py:188} INFO - [2026-02-06T09:10:50.824+0200] {dag.py:3036} INFO - Sync 1 DAGs
[2026-02-06T09:10:50.841+0200] {logging_mixin.py:188} INFO - [2026-02-06T09:10:50.840+0200] {dag.py:3823} INFO - Setting next_dagrun for example_params_trigger_ui to None, run_after=None
[2026-02-06T09:10:50.878+0200] {processor.py:183} INFO - Processing /home/pazzoti/de-upskilling/airflow-flight-price-analysis/venv/lib/python3.10/site-packages/airflow/example_dags/example_params_trigger_ui.py took 0.308 seconds
[2026-02-06T09:12:00.907+0200] {processor.py:161} INFO - Started process (PID=8173) to work on /home/pazzoti/de-upskilling/airflow-flight-price-analysis/venv/lib/python3.10/site-packages/airflow/example_dags/example_params_trigger_ui.py
[2026-02-06T09:12:00.908+0200] {processor.py:830} INFO - Processing file /home/pazzoti/de-upskilling/airflow-flight-price-analysis/venv/lib/python3.10/site-packages/airflow/example_dags/example_params_trigger_ui.py for tasks to queue
[2026-02-06T09:12:00.909+0200] {logging_mixin.py:188} INFO - [2026-02-06T09:12:00.909+0200] {dagbag.py:538} INFO - Filling up the DagBag from /home/pazzoti/de-upskilling/airflow-flight-price-analysis/venv/lib/python3.10/site-packages/airflow/example_dags/example_params_trigger_ui.py
[2026-02-06T09:12:00.920+0200] {processor.py:840} INFO - DAG(s) 'example_params_trigger_ui' retrieved from /home/pazzoti/de-upskilling/airflow-flight-price-analysis/venv/lib/python3.10/site-packages/airflow/example_dags/example_params_trigger_ui.py
[2026-02-06T09:12:00.940+0200] {logging_mixin.py:188} INFO - [2026-02-06T09:12:00.940+0200] {dag.py:3036} INFO - Sync 1 DAGs
[2026-02-06T09:12:00.947+0200] {logging_mixin.py:188} INFO - [2026-02-06T09:12:00.947+0200] {dag.py:3823} INFO - Setting next_dagrun for example_params_trigger_ui to None, run_after=None
[2026-02-06T09:12:00.963+0200] {processor.py:183} INFO - Processing /home/pazzoti/de-upskilling/airflow-flight-price-analysis/venv/lib/python3.10/site-packages/airflow/example_dags/example_params_trigger_ui.py took 0.058 seconds
[2026-02-06T09:12:47.792+0200] {processor.py:161} INFO - Started process (PID=8402) to work on /home/pazzoti/de-upskilling/airflow-flight-price-analysis/venv/lib/python3.10/site-packages/airflow/example_dags/example_params_trigger_ui.py
[2026-02-06T09:12:47.797+0200] {processor.py:830} INFO - Processing file /home/pazzoti/de-upskilling/airflow-flight-price-analysis/venv/lib/python3.10/site-packages/airflow/example_dags/example_params_trigger_ui.py for tasks to queue
[2026-02-06T09:12:47.798+0200] {logging_mixin.py:188} INFO - [2026-02-06T09:12:47.798+0200] {dagbag.py:538} INFO - Filling up the DagBag from /home/pazzoti/de-upskilling/airflow-flight-price-analysis/venv/lib/python3.10/site-packages/airflow/example_dags/example_params_trigger_ui.py
[2026-02-06T09:12:47.813+0200] {processor.py:840} INFO - DAG(s) 'example_params_trigger_ui' retrieved from /home/pazzoti/de-upskilling/airflow-flight-price-analysis/venv/lib/python3.10/site-packages/airflow/example_dags/example_params_trigger_ui.py
[2026-02-06T09:12:47.835+0200] {logging_mixin.py:188} INFO - [2026-02-06T09:12:47.835+0200] {dag.py:3036} INFO - Sync 1 DAGs
[2026-02-06T09:12:47.843+0200] {logging_mixin.py:188} INFO - [2026-02-06T09:12:47.842+0200] {dag.py:3823} INFO - Setting next_dagrun for example_params_trigger_ui to None, run_after=None
[2026-02-06T09:12:47.859+0200] {processor.py:183} INFO - Processing /home/pazzoti/de-upskilling/airflow-flight-price-analysis/venv/lib/python3.10/site-packages/airflow/example_dags/example_params_trigger_ui.py took 0.071 seconds
[2026-02-06T09:13:25.402+0200] {processor.py:161} INFO - Started process (PID=8572) to work on /home/pazzoti/de-upskilling/airflow-flight-price-analysis/venv/lib/python3.10/site-packages/airflow/example_dags/example_params_trigger_ui.py
[2026-02-06T09:13:25.403+0200] {processor.py:830} INFO - Processing file /home/pazzoti/de-upskilling/airflow-flight-price-analysis/venv/lib/python3.10/site-packages/airflow/example_dags/example_params_trigger_ui.py for tasks to queue
[2026-02-06T09:13:25.404+0200] {logging_mixin.py:188} INFO - [2026-02-06T09:13:25.403+0200] {dagbag.py:538} INFO - Filling up the DagBag from /home/pazzoti/de-upskilling/airflow-flight-price-analysis/venv/lib/python3.10/site-packages/airflow/example_dags/example_params_trigger_ui.py
[2026-02-06T09:13:25.415+0200] {processor.py:840} INFO - DAG(s) 'example_params_trigger_ui' retrieved from /home/pazzoti/de-upskilling/airflow-flight-price-analysis/venv/lib/python3.10/site-packages/airflow/example_dags/example_params_trigger_ui.py
[2026-02-06T09:13:25.439+0200] {logging_mixin.py:188} INFO - [2026-02-06T09:13:25.439+0200] {dag.py:3036} INFO - Sync 1 DAGs
[2026-02-06T09:13:25.448+0200] {logging_mixin.py:188} INFO - [2026-02-06T09:13:25.448+0200] {dag.py:3823} INFO - Setting next_dagrun for example_params_trigger_ui to None, run_after=None
[2026-02-06T09:13:25.472+0200] {processor.py:183} INFO - Processing /home/pazzoti/de-upskilling/airflow-flight-price-analysis/venv/lib/python3.10/site-packages/airflow/example_dags/example_params_trigger_ui.py took 0.074 seconds
[2026-02-06T09:14:02.273+0200] {processor.py:161} INFO - Started process (PID=8746) to work on /home/pazzoti/de-upskilling/airflow-flight-price-analysis/venv/lib/python3.10/site-packages/airflow/example_dags/example_params_trigger_ui.py
[2026-02-06T09:14:02.277+0200] {processor.py:830} INFO - Processing file /home/pazzoti/de-upskilling/airflow-flight-price-analysis/venv/lib/python3.10/site-packages/airflow/example_dags/example_params_trigger_ui.py for tasks to queue
[2026-02-06T09:14:02.277+0200] {logging_mixin.py:188} INFO - [2026-02-06T09:14:02.277+0200] {dagbag.py:538} INFO - Filling up the DagBag from /home/pazzoti/de-upskilling/airflow-flight-price-analysis/venv/lib/python3.10/site-packages/airflow/example_dags/example_params_trigger_ui.py
[2026-02-06T09:14:02.290+0200] {processor.py:840} INFO - DAG(s) 'example_params_trigger_ui' retrieved from /home/pazzoti/de-upskilling/airflow-flight-price-analysis/venv/lib/python3.10/site-packages/airflow/example_dags/example_params_trigger_ui.py
[2026-02-06T09:14:02.316+0200] {logging_mixin.py:188} INFO - [2026-02-06T09:14:02.316+0200] {dag.py:3036} INFO - Sync 1 DAGs
[2026-02-06T09:14:02.323+0200] {logging_mixin.py:188} INFO - [2026-02-06T09:14:02.323+0200] {dag.py:3823} INFO - Setting next_dagrun for example_params_trigger_ui to None, run_after=None
[2026-02-06T09:14:02.342+0200] {processor.py:183} INFO - Processing /home/pazzoti/de-upskilling/airflow-flight-price-analysis/venv/lib/python3.10/site-packages/airflow/example_dags/example_params_trigger_ui.py took 0.072 seconds
[2026-02-06T09:14:38.334+0200] {processor.py:161} INFO - Started process (PID=8912) to work on /home/pazzoti/de-upskilling/airflow-flight-price-analysis/venv/lib/python3.10/site-packages/airflow/example_dags/example_params_trigger_ui.py
[2026-02-06T09:14:38.337+0200] {processor.py:830} INFO - Processing file /home/pazzoti/de-upskilling/airflow-flight-price-analysis/venv/lib/python3.10/site-packages/airflow/example_dags/example_params_trigger_ui.py for tasks to queue
[2026-02-06T09:14:38.337+0200] {logging_mixin.py:188} INFO - [2026-02-06T09:14:38.337+0200] {dagbag.py:538} INFO - Filling up the DagBag from /home/pazzoti/de-upskilling/airflow-flight-price-analysis/venv/lib/python3.10/site-packages/airflow/example_dags/example_params_trigger_ui.py
[2026-02-06T09:14:38.348+0200] {processor.py:840} INFO - DAG(s) 'example_params_trigger_ui' retrieved from /home/pazzoti/de-upskilling/airflow-flight-price-analysis/venv/lib/python3.10/site-packages/airflow/example_dags/example_params_trigger_ui.py
[2026-02-06T09:14:38.371+0200] {logging_mixin.py:188} INFO - [2026-02-06T09:14:38.371+0200] {dag.py:3036} INFO - Sync 1 DAGs
[2026-02-06T09:14:38.378+0200] {logging_mixin.py:188} INFO - [2026-02-06T09:14:38.378+0200] {dag.py:3823} INFO - Setting next_dagrun for example_params_trigger_ui to None, run_after=None
[2026-02-06T09:14:38.394+0200] {processor.py:183} INFO - Processing /home/pazzoti/de-upskilling/airflow-flight-price-analysis/venv/lib/python3.10/site-packages/airflow/example_dags/example_params_trigger_ui.py took 0.063 seconds
[2026-02-06T09:15:15.636+0200] {processor.py:161} INFO - Started process (PID=9078) to work on /home/pazzoti/de-upskilling/airflow-flight-price-analysis/venv/lib/python3.10/site-packages/airflow/example_dags/example_params_trigger_ui.py
[2026-02-06T09:15:15.640+0200] {processor.py:830} INFO - Processing file /home/pazzoti/de-upskilling/airflow-flight-price-analysis/venv/lib/python3.10/site-packages/airflow/example_dags/example_params_trigger_ui.py for tasks to queue
[2026-02-06T09:15:15.641+0200] {logging_mixin.py:188} INFO - [2026-02-06T09:15:15.641+0200] {dagbag.py:538} INFO - Filling up the DagBag from /home/pazzoti/de-upskilling/airflow-flight-price-analysis/venv/lib/python3.10/site-packages/airflow/example_dags/example_params_trigger_ui.py
[2026-02-06T09:15:15.654+0200] {processor.py:840} INFO - DAG(s) 'example_params_trigger_ui' retrieved from /home/pazzoti/de-upskilling/airflow-flight-price-analysis/venv/lib/python3.10/site-packages/airflow/example_dags/example_params_trigger_ui.py
[2026-02-06T09:15:15.675+0200] {logging_mixin.py:188} INFO - [2026-02-06T09:15:15.675+0200] {dag.py:3036} INFO - Sync 1 DAGs
[2026-02-06T09:15:15.681+0200] {logging_mixin.py:188} INFO - [2026-02-06T09:15:15.681+0200] {dag.py:3823} INFO - Setting next_dagrun for example_params_trigger_ui to None, run_after=None
[2026-02-06T09:15:15.697+0200] {processor.py:183} INFO - Processing /home/pazzoti/de-upskilling/airflow-flight-price-analysis/venv/lib/python3.10/site-packages/airflow/example_dags/example_params_trigger_ui.py took 0.064 seconds
[2026-02-06T09:15:50.513+0200] {processor.py:161} INFO - Started process (PID=9271) to work on /home/pazzoti/de-upskilling/airflow-flight-price-analysis/venv/lib/python3.10/site-packages/airflow/example_dags/example_params_trigger_ui.py
[2026-02-06T09:15:50.515+0200] {processor.py:830} INFO - Processing file /home/pazzoti/de-upskilling/airflow-flight-price-analysis/venv/lib/python3.10/site-packages/airflow/example_dags/example_params_trigger_ui.py for tasks to queue
[2026-02-06T09:15:50.516+0200] {logging_mixin.py:188} INFO - [2026-02-06T09:15:50.516+0200] {dagbag.py:538} INFO - Filling up the DagBag from /home/pazzoti/de-upskilling/airflow-flight-price-analysis/venv/lib/python3.10/site-packages/airflow/example_dags/example_params_trigger_ui.py
[2026-02-06T09:15:50.527+0200] {processor.py:840} INFO - DAG(s) 'example_params_trigger_ui' retrieved from /home/pazzoti/de-upskilling/airflow-flight-price-analysis/venv/lib/python3.10/site-packages/airflow/example_dags/example_params_trigger_ui.py
[2026-02-06T09:15:50.548+0200] {logging_mixin.py:188} INFO - [2026-02-06T09:15:50.548+0200] {dag.py:3036} INFO - Sync 1 DAGs
[2026-02-06T09:15:50.555+0200] {logging_mixin.py:188} INFO - [2026-02-06T09:15:50.554+0200] {dag.py:3823} INFO - Setting next_dagrun for example_params_trigger_ui to None, run_after=None
[2026-02-06T09:15:50.572+0200] {processor.py:183} INFO - Processing /home/pazzoti/de-upskilling/airflow-flight-price-analysis/venv/lib/python3.10/site-packages/airflow/example_dags/example_params_trigger_ui.py took 0.062 seconds
[2026-02-06T09:16:24.068+0200] {processor.py:161} INFO - Started process (PID=9432) to work on /home/pazzoti/de-upskilling/airflow-flight-price-analysis/venv/lib/python3.10/site-packages/airflow/example_dags/example_params_trigger_ui.py
[2026-02-06T09:16:24.075+0200] {processor.py:830} INFO - Processing file /home/pazzoti/de-upskilling/airflow-flight-price-analysis/venv/lib/python3.10/site-packages/airflow/example_dags/example_params_trigger_ui.py for tasks to queue
[2026-02-06T09:16:24.076+0200] {logging_mixin.py:188} INFO - [2026-02-06T09:16:24.076+0200] {dagbag.py:538} INFO - Filling up the DagBag from /home/pazzoti/de-upskilling/airflow-flight-price-analysis/venv/lib/python3.10/site-packages/airflow/example_dags/example_params_trigger_ui.py
[2026-02-06T09:16:24.090+0200] {processor.py:840} INFO - DAG(s) 'example_params_trigger_ui' retrieved from /home/pazzoti/de-upskilling/airflow-flight-price-analysis/venv/lib/python3.10/site-packages/airflow/example_dags/example_params_trigger_ui.py
[2026-02-06T09:16:24.112+0200] {logging_mixin.py:188} INFO - [2026-02-06T09:16:24.112+0200] {dag.py:3036} INFO - Sync 1 DAGs
[2026-02-06T09:16:24.118+0200] {logging_mixin.py:188} INFO - [2026-02-06T09:16:24.118+0200] {dag.py:3823} INFO - Setting next_dagrun for example_params_trigger_ui to None, run_after=None
[2026-02-06T09:16:24.134+0200] {processor.py:183} INFO - Processing /home/pazzoti/de-upskilling/airflow-flight-price-analysis/venv/lib/python3.10/site-packages/airflow/example_dags/example_params_trigger_ui.py took 0.069 seconds
[2026-02-06T09:16:57.845+0200] {processor.py:161} INFO - Started process (PID=9580) to work on /home/pazzoti/de-upskilling/airflow-flight-price-analysis/venv/lib/python3.10/site-packages/airflow/example_dags/example_params_trigger_ui.py
[2026-02-06T09:16:57.848+0200] {processor.py:830} INFO - Processing file /home/pazzoti/de-upskilling/airflow-flight-price-analysis/venv/lib/python3.10/site-packages/airflow/example_dags/example_params_trigger_ui.py for tasks to queue
[2026-02-06T09:16:57.849+0200] {logging_mixin.py:188} INFO - [2026-02-06T09:16:57.849+0200] {dagbag.py:538} INFO - Filling up the DagBag from /home/pazzoti/de-upskilling/airflow-flight-price-analysis/venv/lib/python3.10/site-packages/airflow/example_dags/example_params_trigger_ui.py
[2026-02-06T09:16:57.861+0200] {processor.py:840} INFO - DAG(s) 'example_params_trigger_ui' retrieved from /home/pazzoti/de-upskilling/airflow-flight-price-analysis/venv/lib/python3.10/site-packages/airflow/example_dags/example_params_trigger_ui.py
[2026-02-06T09:16:57.886+0200] {logging_mixin.py:188} INFO - [2026-02-06T09:16:57.886+0200] {dag.py:3036} INFO - Sync 1 DAGs
[2026-02-06T09:16:57.894+0200] {logging_mixin.py:188} INFO - [2026-02-06T09:16:57.894+0200] {dag.py:3823} INFO - Setting next_dagrun for example_params_trigger_ui to None, run_after=None
[2026-02-06T09:16:57.911+0200] {processor.py:183} INFO - Processing /home/pazzoti/de-upskilling/airflow-flight-price-analysis/venv/lib/python3.10/site-packages/airflow/example_dags/example_params_trigger_ui.py took 0.069 seconds
[2026-02-06T09:29:11.201+0200] {processor.py:161} INFO - Started process (PID=9868) to work on /home/pazzoti/de-upskilling/airflow-flight-price-analysis/venv/lib/python3.10/site-packages/airflow/example_dags/example_params_trigger_ui.py
[2026-02-06T09:29:11.205+0200] {processor.py:830} INFO - Processing file /home/pazzoti/de-upskilling/airflow-flight-price-analysis/venv/lib/python3.10/site-packages/airflow/example_dags/example_params_trigger_ui.py for tasks to queue
[2026-02-06T09:29:11.208+0200] {logging_mixin.py:188} INFO - [2026-02-06T09:29:11.207+0200] {dagbag.py:538} INFO - Filling up the DagBag from /home/pazzoti/de-upskilling/airflow-flight-price-analysis/venv/lib/python3.10/site-packages/airflow/example_dags/example_params_trigger_ui.py
[2026-02-06T09:29:11.225+0200] {processor.py:840} INFO - DAG(s) 'example_params_trigger_ui' retrieved from /home/pazzoti/de-upskilling/airflow-flight-price-analysis/venv/lib/python3.10/site-packages/airflow/example_dags/example_params_trigger_ui.py
[2026-02-06T09:29:11.256+0200] {logging_mixin.py:188} INFO - [2026-02-06T09:29:11.256+0200] {dag.py:3036} INFO - Sync 1 DAGs
[2026-02-06T09:29:11.265+0200] {logging_mixin.py:188} INFO - [2026-02-06T09:29:11.264+0200] {dag.py:3823} INFO - Setting next_dagrun for example_params_trigger_ui to None, run_after=None
[2026-02-06T09:29:11.291+0200] {processor.py:183} INFO - Processing /home/pazzoti/de-upskilling/airflow-flight-price-analysis/venv/lib/python3.10/site-packages/airflow/example_dags/example_params_trigger_ui.py took 0.094 seconds
[2026-02-06T09:29:54.504+0200] {processor.py:161} INFO - Started process (PID=9946) to work on /home/pazzoti/de-upskilling/airflow-flight-price-analysis/venv/lib/python3.10/site-packages/airflow/example_dags/example_params_trigger_ui.py
[2026-02-06T09:29:54.506+0200] {processor.py:830} INFO - Processing file /home/pazzoti/de-upskilling/airflow-flight-price-analysis/venv/lib/python3.10/site-packages/airflow/example_dags/example_params_trigger_ui.py for tasks to queue
[2026-02-06T09:29:54.509+0200] {logging_mixin.py:188} INFO - [2026-02-06T09:29:54.508+0200] {dagbag.py:538} INFO - Filling up the DagBag from /home/pazzoti/de-upskilling/airflow-flight-price-analysis/venv/lib/python3.10/site-packages/airflow/example_dags/example_params_trigger_ui.py
[2026-02-06T09:29:54.534+0200] {processor.py:840} INFO - DAG(s) 'example_params_trigger_ui' retrieved from /home/pazzoti/de-upskilling/airflow-flight-price-analysis/venv/lib/python3.10/site-packages/airflow/example_dags/example_params_trigger_ui.py
[2026-02-06T09:29:54.572+0200] {logging_mixin.py:188} INFO - [2026-02-06T09:29:54.572+0200] {dag.py:3036} INFO - Sync 1 DAGs
[2026-02-06T09:29:54.586+0200] {logging_mixin.py:188} INFO - [2026-02-06T09:29:54.585+0200] {dag.py:3823} INFO - Setting next_dagrun for example_params_trigger_ui to None, run_after=None
[2026-02-06T09:29:54.613+0200] {processor.py:183} INFO - Processing /home/pazzoti/de-upskilling/airflow-flight-price-analysis/venv/lib/python3.10/site-packages/airflow/example_dags/example_params_trigger_ui.py took 0.113 seconds
[2026-02-06T09:30:36.638+0200] {processor.py:161} INFO - Started process (PID=10009) to work on /home/pazzoti/de-upskilling/airflow-flight-price-analysis/venv/lib/python3.10/site-packages/airflow/example_dags/example_params_trigger_ui.py
[2026-02-06T09:30:36.644+0200] {processor.py:830} INFO - Processing file /home/pazzoti/de-upskilling/airflow-flight-price-analysis/venv/lib/python3.10/site-packages/airflow/example_dags/example_params_trigger_ui.py for tasks to queue
[2026-02-06T09:30:36.647+0200] {logging_mixin.py:188} INFO - [2026-02-06T09:30:36.645+0200] {dagbag.py:538} INFO - Filling up the DagBag from /home/pazzoti/de-upskilling/airflow-flight-price-analysis/venv/lib/python3.10/site-packages/airflow/example_dags/example_params_trigger_ui.py
[2026-02-06T09:30:36.665+0200] {processor.py:840} INFO - DAG(s) 'example_params_trigger_ui' retrieved from /home/pazzoti/de-upskilling/airflow-flight-price-analysis/venv/lib/python3.10/site-packages/airflow/example_dags/example_params_trigger_ui.py
[2026-02-06T09:30:36.711+0200] {logging_mixin.py:188} INFO - [2026-02-06T09:30:36.711+0200] {dag.py:3036} INFO - Sync 1 DAGs
[2026-02-06T09:30:36.734+0200] {logging_mixin.py:188} INFO - [2026-02-06T09:30:36.734+0200] {dag.py:3823} INFO - Setting next_dagrun for example_params_trigger_ui to None, run_after=None
[2026-02-06T09:30:36.839+0200] {processor.py:183} INFO - Processing /home/pazzoti/de-upskilling/airflow-flight-price-analysis/venv/lib/python3.10/site-packages/airflow/example_dags/example_params_trigger_ui.py took 0.205 seconds
[2026-02-06T09:31:18.576+0200] {processor.py:161} INFO - Started process (PID=10086) to work on /home/pazzoti/de-upskilling/airflow-flight-price-analysis/venv/lib/python3.10/site-packages/airflow/example_dags/example_params_trigger_ui.py
[2026-02-06T09:31:18.580+0200] {processor.py:830} INFO - Processing file /home/pazzoti/de-upskilling/airflow-flight-price-analysis/venv/lib/python3.10/site-packages/airflow/example_dags/example_params_trigger_ui.py for tasks to queue
[2026-02-06T09:31:18.582+0200] {logging_mixin.py:188} INFO - [2026-02-06T09:31:18.581+0200] {dagbag.py:538} INFO - Filling up the DagBag from /home/pazzoti/de-upskilling/airflow-flight-price-analysis/venv/lib/python3.10/site-packages/airflow/example_dags/example_params_trigger_ui.py
[2026-02-06T09:31:18.592+0200] {processor.py:840} INFO - DAG(s) 'example_params_trigger_ui' retrieved from /home/pazzoti/de-upskilling/airflow-flight-price-analysis/venv/lib/python3.10/site-packages/airflow/example_dags/example_params_trigger_ui.py
[2026-02-06T09:31:18.615+0200] {logging_mixin.py:188} INFO - [2026-02-06T09:31:18.615+0200] {dag.py:3036} INFO - Sync 1 DAGs
[2026-02-06T09:31:18.622+0200] {logging_mixin.py:188} INFO - [2026-02-06T09:31:18.622+0200] {dag.py:3823} INFO - Setting next_dagrun for example_params_trigger_ui to None, run_after=None
[2026-02-06T09:31:18.640+0200] {processor.py:183} INFO - Processing /home/pazzoti/de-upskilling/airflow-flight-price-analysis/venv/lib/python3.10/site-packages/airflow/example_dags/example_params_trigger_ui.py took 0.066 seconds
[2026-02-06T09:31:55.337+0200] {processor.py:161} INFO - Started process (PID=10162) to work on /home/pazzoti/de-upskilling/airflow-flight-price-analysis/venv/lib/python3.10/site-packages/airflow/example_dags/example_params_trigger_ui.py
[2026-02-06T09:31:55.341+0200] {processor.py:830} INFO - Processing file /home/pazzoti/de-upskilling/airflow-flight-price-analysis/venv/lib/python3.10/site-packages/airflow/example_dags/example_params_trigger_ui.py for tasks to queue
[2026-02-06T09:31:55.342+0200] {logging_mixin.py:188} INFO - [2026-02-06T09:31:55.342+0200] {dagbag.py:538} INFO - Filling up the DagBag from /home/pazzoti/de-upskilling/airflow-flight-price-analysis/venv/lib/python3.10/site-packages/airflow/example_dags/example_params_trigger_ui.py
[2026-02-06T09:31:55.351+0200] {processor.py:840} INFO - DAG(s) 'example_params_trigger_ui' retrieved from /home/pazzoti/de-upskilling/airflow-flight-price-analysis/venv/lib/python3.10/site-packages/airflow/example_dags/example_params_trigger_ui.py
[2026-02-06T09:31:55.377+0200] {logging_mixin.py:188} INFO - [2026-02-06T09:31:55.376+0200] {dag.py:3036} INFO - Sync 1 DAGs
[2026-02-06T09:31:55.384+0200] {logging_mixin.py:188} INFO - [2026-02-06T09:31:55.383+0200] {dag.py:3823} INFO - Setting next_dagrun for example_params_trigger_ui to None, run_after=None
[2026-02-06T09:31:55.401+0200] {processor.py:183} INFO - Processing /home/pazzoti/de-upskilling/airflow-flight-price-analysis/venv/lib/python3.10/site-packages/airflow/example_dags/example_params_trigger_ui.py took 0.067 seconds
[2026-02-06T09:32:32.504+0200] {processor.py:161} INFO - Started process (PID=10248) to work on /home/pazzoti/de-upskilling/airflow-flight-price-analysis/venv/lib/python3.10/site-packages/airflow/example_dags/example_params_trigger_ui.py
[2026-02-06T09:32:32.505+0200] {processor.py:830} INFO - Processing file /home/pazzoti/de-upskilling/airflow-flight-price-analysis/venv/lib/python3.10/site-packages/airflow/example_dags/example_params_trigger_ui.py for tasks to queue
[2026-02-06T09:32:32.506+0200] {logging_mixin.py:188} INFO - [2026-02-06T09:32:32.506+0200] {dagbag.py:538} INFO - Filling up the DagBag from /home/pazzoti/de-upskilling/airflow-flight-price-analysis/venv/lib/python3.10/site-packages/airflow/example_dags/example_params_trigger_ui.py
[2026-02-06T09:32:32.515+0200] {processor.py:840} INFO - DAG(s) 'example_params_trigger_ui' retrieved from /home/pazzoti/de-upskilling/airflow-flight-price-analysis/venv/lib/python3.10/site-packages/airflow/example_dags/example_params_trigger_ui.py
[2026-02-06T09:32:32.534+0200] {logging_mixin.py:188} INFO - [2026-02-06T09:32:32.534+0200] {dag.py:3036} INFO - Sync 1 DAGs
[2026-02-06T09:32:32.541+0200] {logging_mixin.py:188} INFO - [2026-02-06T09:32:32.540+0200] {dag.py:3823} INFO - Setting next_dagrun for example_params_trigger_ui to None, run_after=None
[2026-02-06T09:32:32.557+0200] {processor.py:183} INFO - Processing /home/pazzoti/de-upskilling/airflow-flight-price-analysis/venv/lib/python3.10/site-packages/airflow/example_dags/example_params_trigger_ui.py took 0.055 seconds
[2026-02-06T09:33:08.869+0200] {processor.py:161} INFO - Started process (PID=10319) to work on /home/pazzoti/de-upskilling/airflow-flight-price-analysis/venv/lib/python3.10/site-packages/airflow/example_dags/example_params_trigger_ui.py
[2026-02-06T09:33:08.873+0200] {processor.py:830} INFO - Processing file /home/pazzoti/de-upskilling/airflow-flight-price-analysis/venv/lib/python3.10/site-packages/airflow/example_dags/example_params_trigger_ui.py for tasks to queue
[2026-02-06T09:33:08.874+0200] {logging_mixin.py:188} INFO - [2026-02-06T09:33:08.874+0200] {dagbag.py:538} INFO - Filling up the DagBag from /home/pazzoti/de-upskilling/airflow-flight-price-analysis/venv/lib/python3.10/site-packages/airflow/example_dags/example_params_trigger_ui.py
[2026-02-06T09:33:08.892+0200] {processor.py:840} INFO - DAG(s) 'example_params_trigger_ui' retrieved from /home/pazzoti/de-upskilling/airflow-flight-price-analysis/venv/lib/python3.10/site-packages/airflow/example_dags/example_params_trigger_ui.py
[2026-02-06T09:33:08.930+0200] {logging_mixin.py:188} INFO - [2026-02-06T09:33:08.928+0200] {dag.py:3036} INFO - Sync 1 DAGs
[2026-02-06T09:33:08.941+0200] {logging_mixin.py:188} INFO - [2026-02-06T09:33:08.941+0200] {dag.py:3823} INFO - Setting next_dagrun for example_params_trigger_ui to None, run_after=None
[2026-02-06T09:33:08.971+0200] {processor.py:183} INFO - Processing /home/pazzoti/de-upskilling/airflow-flight-price-analysis/venv/lib/python3.10/site-packages/airflow/example_dags/example_params_trigger_ui.py took 0.109 seconds
[2026-02-06T09:34:06.073+0200] {processor.py:161} INFO - Started process (PID=10405) to work on /home/pazzoti/de-upskilling/airflow-flight-price-analysis/venv/lib/python3.10/site-packages/airflow/example_dags/example_params_trigger_ui.py
[2026-02-06T09:34:06.075+0200] {processor.py:830} INFO - Processing file /home/pazzoti/de-upskilling/airflow-flight-price-analysis/venv/lib/python3.10/site-packages/airflow/example_dags/example_params_trigger_ui.py for tasks to queue
[2026-02-06T09:34:06.076+0200] {logging_mixin.py:188} INFO - [2026-02-06T09:34:06.075+0200] {dagbag.py:538} INFO - Filling up the DagBag from /home/pazzoti/de-upskilling/airflow-flight-price-analysis/venv/lib/python3.10/site-packages/airflow/example_dags/example_params_trigger_ui.py
[2026-02-06T09:34:06.091+0200] {processor.py:840} INFO - DAG(s) 'example_params_trigger_ui' retrieved from /home/pazzoti/de-upskilling/airflow-flight-price-analysis/venv/lib/python3.10/site-packages/airflow/example_dags/example_params_trigger_ui.py
[2026-02-06T09:34:06.114+0200] {logging_mixin.py:188} INFO - [2026-02-06T09:34:06.114+0200] {dag.py:3036} INFO - Sync 1 DAGs
[2026-02-06T09:34:06.121+0200] {logging_mixin.py:188} INFO - [2026-02-06T09:34:06.121+0200] {dag.py:3823} INFO - Setting next_dagrun for example_params_trigger_ui to None, run_after=None
[2026-02-06T09:34:06.139+0200] {processor.py:183} INFO - Processing /home/pazzoti/de-upskilling/airflow-flight-price-analysis/venv/lib/python3.10/site-packages/airflow/example_dags/example_params_trigger_ui.py took 0.069 seconds
[2026-02-06T09:34:46.109+0200] {processor.py:161} INFO - Started process (PID=10471) to work on /home/pazzoti/de-upskilling/airflow-flight-price-analysis/venv/lib/python3.10/site-packages/airflow/example_dags/example_params_trigger_ui.py
[2026-02-06T09:34:46.113+0200] {processor.py:830} INFO - Processing file /home/pazzoti/de-upskilling/airflow-flight-price-analysis/venv/lib/python3.10/site-packages/airflow/example_dags/example_params_trigger_ui.py for tasks to queue
[2026-02-06T09:34:46.114+0200] {logging_mixin.py:188} INFO - [2026-02-06T09:34:46.113+0200] {dagbag.py:538} INFO - Filling up the DagBag from /home/pazzoti/de-upskilling/airflow-flight-price-analysis/venv/lib/python3.10/site-packages/airflow/example_dags/example_params_trigger_ui.py
[2026-02-06T09:34:46.124+0200] {processor.py:840} INFO - DAG(s) 'example_params_trigger_ui' retrieved from /home/pazzoti/de-upskilling/airflow-flight-price-analysis/venv/lib/python3.10/site-packages/airflow/example_dags/example_params_trigger_ui.py
[2026-02-06T09:34:46.145+0200] {logging_mixin.py:188} INFO - [2026-02-06T09:34:46.145+0200] {dag.py:3036} INFO - Sync 1 DAGs
[2026-02-06T09:34:46.151+0200] {logging_mixin.py:188} INFO - [2026-02-06T09:34:46.151+0200] {dag.py:3823} INFO - Setting next_dagrun for example_params_trigger_ui to None, run_after=None
[2026-02-06T09:34:46.168+0200] {processor.py:183} INFO - Processing /home/pazzoti/de-upskilling/airflow-flight-price-analysis/venv/lib/python3.10/site-packages/airflow/example_dags/example_params_trigger_ui.py took 0.064 seconds
