[2026-02-06T09:01:21.292+0200] {processor.py:161} INFO - Started process (PID=4205) to work on /home/pazzoti/de-upskilling/airflow-flight-price-analysis/venv/lib/python3.10/site-packages/airflow/example_dags/example_nested_branch_dag.py
[2026-02-06T09:01:21.292+0200] {processor.py:830} INFO - Processing file /home/pazzoti/de-upskilling/airflow-flight-price-analysis/venv/lib/python3.10/site-packages/airflow/example_dags/example_nested_branch_dag.py for tasks to queue
[2026-02-06T09:01:21.293+0200] {logging_mixin.py:188} INFO - [2026-02-06T09:01:21.293+0200] {dagbag.py:538} INFO - Filling up the DagBag from /home/pazzoti/de-upskilling/airflow-flight-price-analysis/venv/lib/python3.10/site-packages/airflow/example_dags/example_nested_branch_dag.py
[2026-02-06T09:01:21.372+0200] {processor.py:840} INFO - DAG(s) 'example_nested_branch_dag' retrieved from /home/pazzoti/de-upskilling/airflow-flight-price-analysis/venv/lib/python3.10/site-packages/airflow/example_dags/example_nested_branch_dag.py
[2026-02-06T09:01:21.382+0200] {logging_mixin.py:188} INFO - [2026-02-06T09:01:21.382+0200] {dag.py:3036} INFO - Sync 1 DAGs
[2026-02-06T09:01:21.391+0200] {logging_mixin.py:188} INFO - [2026-02-06T09:01:21.391+0200] {dag.py:3823} INFO - Setting next_dagrun for example_nested_branch_dag to 2026-02-05 00:00:00+00:00, run_after=2026-02-06 00:00:00+00:00
[2026-02-06T09:01:21.414+0200] {processor.py:183} INFO - Processing /home/pazzoti/de-upskilling/airflow-flight-price-analysis/venv/lib/python3.10/site-packages/airflow/example_dags/example_nested_branch_dag.py took 0.125 seconds
[2026-02-06T09:02:13.643+0200] {processor.py:161} INFO - Started process (PID=4780) to work on /home/pazzoti/de-upskilling/airflow-flight-price-analysis/venv/lib/python3.10/site-packages/airflow/example_dags/example_nested_branch_dag.py
[2026-02-06T09:02:13.644+0200] {processor.py:830} INFO - Processing file /home/pazzoti/de-upskilling/airflow-flight-price-analysis/venv/lib/python3.10/site-packages/airflow/example_dags/example_nested_branch_dag.py for tasks to queue
[2026-02-06T09:02:13.645+0200] {logging_mixin.py:188} INFO - [2026-02-06T09:02:13.644+0200] {dagbag.py:538} INFO - Filling up the DagBag from /home/pazzoti/de-upskilling/airflow-flight-price-analysis/venv/lib/python3.10/site-packages/airflow/example_dags/example_nested_branch_dag.py
[2026-02-06T09:02:13.653+0200] {processor.py:840} INFO - DAG(s) 'example_nested_branch_dag' retrieved from /home/pazzoti/de-upskilling/airflow-flight-price-analysis/venv/lib/python3.10/site-packages/airflow/example_dags/example_nested_branch_dag.py
[2026-02-06T09:02:13.663+0200] {logging_mixin.py:188} INFO - [2026-02-06T09:02:13.663+0200] {dag.py:3036} INFO - Sync 1 DAGs
[2026-02-06T09:02:13.675+0200] {logging_mixin.py:188} INFO - [2026-02-06T09:02:13.675+0200] {dag.py:3823} INFO - Setting next_dagrun for example_nested_branch_dag to 2026-02-05 00:00:00+00:00, run_after=2026-02-06 00:00:00+00:00
[2026-02-06T09:02:13.695+0200] {processor.py:183} INFO - Processing /home/pazzoti/de-upskilling/airflow-flight-price-analysis/venv/lib/python3.10/site-packages/airflow/example_dags/example_nested_branch_dag.py took 0.054 seconds
[2026-02-06T09:02:58.284+0200] {processor.py:161} INFO - Started process (PID=5018) to work on /home/pazzoti/de-upskilling/airflow-flight-price-analysis/venv/lib/python3.10/site-packages/airflow/example_dags/example_nested_branch_dag.py
[2026-02-06T09:02:58.289+0200] {processor.py:830} INFO - Processing file /home/pazzoti/de-upskilling/airflow-flight-price-analysis/venv/lib/python3.10/site-packages/airflow/example_dags/example_nested_branch_dag.py for tasks to queue
[2026-02-06T09:02:58.290+0200] {logging_mixin.py:188} INFO - [2026-02-06T09:02:58.289+0200] {dagbag.py:538} INFO - Filling up the DagBag from /home/pazzoti/de-upskilling/airflow-flight-price-analysis/venv/lib/python3.10/site-packages/airflow/example_dags/example_nested_branch_dag.py
[2026-02-06T09:02:58.296+0200] {processor.py:840} INFO - DAG(s) 'example_nested_branch_dag' retrieved from /home/pazzoti/de-upskilling/airflow-flight-price-analysis/venv/lib/python3.10/site-packages/airflow/example_dags/example_nested_branch_dag.py
[2026-02-06T09:02:58.306+0200] {logging_mixin.py:188} INFO - [2026-02-06T09:02:58.306+0200] {dag.py:3036} INFO - Sync 1 DAGs
[2026-02-06T09:02:58.317+0200] {logging_mixin.py:188} INFO - [2026-02-06T09:02:58.317+0200] {dag.py:3823} INFO - Setting next_dagrun for example_nested_branch_dag to 2026-02-05 00:00:00+00:00, run_after=2026-02-06 00:00:00+00:00
[2026-02-06T09:02:58.333+0200] {processor.py:183} INFO - Processing /home/pazzoti/de-upskilling/airflow-flight-price-analysis/venv/lib/python3.10/site-packages/airflow/example_dags/example_nested_branch_dag.py took 0.051 seconds
[2026-02-06T09:03:49.170+0200] {processor.py:161} INFO - Started process (PID=5254) to work on /home/pazzoti/de-upskilling/airflow-flight-price-analysis/venv/lib/python3.10/site-packages/airflow/example_dags/example_nested_branch_dag.py
[2026-02-06T09:03:49.171+0200] {processor.py:830} INFO - Processing file /home/pazzoti/de-upskilling/airflow-flight-price-analysis/venv/lib/python3.10/site-packages/airflow/example_dags/example_nested_branch_dag.py for tasks to queue
[2026-02-06T09:03:49.172+0200] {logging_mixin.py:188} INFO - [2026-02-06T09:03:49.171+0200] {dagbag.py:538} INFO - Filling up the DagBag from /home/pazzoti/de-upskilling/airflow-flight-price-analysis/venv/lib/python3.10/site-packages/airflow/example_dags/example_nested_branch_dag.py
[2026-02-06T09:03:49.179+0200] {processor.py:840} INFO - DAG(s) 'example_nested_branch_dag' retrieved from /home/pazzoti/de-upskilling/airflow-flight-price-analysis/venv/lib/python3.10/site-packages/airflow/example_dags/example_nested_branch_dag.py
[2026-02-06T09:03:49.192+0200] {logging_mixin.py:188} INFO - [2026-02-06T09:03:49.192+0200] {dag.py:3036} INFO - Sync 1 DAGs
[2026-02-06T09:03:49.205+0200] {logging_mixin.py:188} INFO - [2026-02-06T09:03:49.204+0200] {dag.py:3823} INFO - Setting next_dagrun for example_nested_branch_dag to 2026-02-05 00:00:00+00:00, run_after=2026-02-06 00:00:00+00:00
[2026-02-06T09:03:49.222+0200] {processor.py:183} INFO - Processing /home/pazzoti/de-upskilling/airflow-flight-price-analysis/venv/lib/python3.10/site-packages/airflow/example_dags/example_nested_branch_dag.py took 0.055 seconds
[2026-02-06T09:04:43.487+0200] {processor.py:161} INFO - Started process (PID=5499) to work on /home/pazzoti/de-upskilling/airflow-flight-price-analysis/venv/lib/python3.10/site-packages/airflow/example_dags/example_nested_branch_dag.py
[2026-02-06T09:04:43.489+0200] {processor.py:830} INFO - Processing file /home/pazzoti/de-upskilling/airflow-flight-price-analysis/venv/lib/python3.10/site-packages/airflow/example_dags/example_nested_branch_dag.py for tasks to queue
[2026-02-06T09:04:43.490+0200] {logging_mixin.py:188} INFO - [2026-02-06T09:04:43.489+0200] {dagbag.py:538} INFO - Filling up the DagBag from /home/pazzoti/de-upskilling/airflow-flight-price-analysis/venv/lib/python3.10/site-packages/airflow/example_dags/example_nested_branch_dag.py
[2026-02-06T09:04:43.497+0200] {processor.py:840} INFO - DAG(s) 'example_nested_branch_dag' retrieved from /home/pazzoti/de-upskilling/airflow-flight-price-analysis/venv/lib/python3.10/site-packages/airflow/example_dags/example_nested_branch_dag.py
[2026-02-06T09:04:43.507+0200] {logging_mixin.py:188} INFO - [2026-02-06T09:04:43.507+0200] {dag.py:3036} INFO - Sync 1 DAGs
[2026-02-06T09:04:43.519+0200] {logging_mixin.py:188} INFO - [2026-02-06T09:04:43.519+0200] {dag.py:3823} INFO - Setting next_dagrun for example_nested_branch_dag to 2026-02-05 00:00:00+00:00, run_after=2026-02-06 00:00:00+00:00
[2026-02-06T09:04:43.535+0200] {processor.py:183} INFO - Processing /home/pazzoti/de-upskilling/airflow-flight-price-analysis/venv/lib/python3.10/site-packages/airflow/example_dags/example_nested_branch_dag.py took 0.050 seconds
[2026-02-06T09:05:39.951+0200] {processor.py:161} INFO - Started process (PID=5797) to work on /home/pazzoti/de-upskilling/airflow-flight-price-analysis/venv/lib/python3.10/site-packages/airflow/example_dags/example_nested_branch_dag.py
[2026-02-06T09:05:39.952+0200] {processor.py:830} INFO - Processing file /home/pazzoti/de-upskilling/airflow-flight-price-analysis/venv/lib/python3.10/site-packages/airflow/example_dags/example_nested_branch_dag.py for tasks to queue
[2026-02-06T09:05:39.953+0200] {logging_mixin.py:188} INFO - [2026-02-06T09:05:39.953+0200] {dagbag.py:538} INFO - Filling up the DagBag from /home/pazzoti/de-upskilling/airflow-flight-price-analysis/venv/lib/python3.10/site-packages/airflow/example_dags/example_nested_branch_dag.py
[2026-02-06T09:05:39.960+0200] {processor.py:840} INFO - DAG(s) 'example_nested_branch_dag' retrieved from /home/pazzoti/de-upskilling/airflow-flight-price-analysis/venv/lib/python3.10/site-packages/airflow/example_dags/example_nested_branch_dag.py
[2026-02-06T09:05:39.971+0200] {logging_mixin.py:188} INFO - [2026-02-06T09:05:39.971+0200] {dag.py:3036} INFO - Sync 1 DAGs
[2026-02-06T09:05:39.983+0200] {logging_mixin.py:188} INFO - [2026-02-06T09:05:39.983+0200] {dag.py:3823} INFO - Setting next_dagrun for example_nested_branch_dag to 2026-02-05 00:00:00+00:00, run_after=2026-02-06 00:00:00+00:00
[2026-02-06T09:05:40.002+0200] {processor.py:183} INFO - Processing /home/pazzoti/de-upskilling/airflow-flight-price-analysis/venv/lib/python3.10/site-packages/airflow/example_dags/example_nested_branch_dag.py took 0.053 seconds
[2026-02-06T09:06:32.764+0200] {processor.py:161} INFO - Started process (PID=6063) to work on /home/pazzoti/de-upskilling/airflow-flight-price-analysis/venv/lib/python3.10/site-packages/airflow/example_dags/example_nested_branch_dag.py
[2026-02-06T09:06:32.766+0200] {processor.py:830} INFO - Processing file /home/pazzoti/de-upskilling/airflow-flight-price-analysis/venv/lib/python3.10/site-packages/airflow/example_dags/example_nested_branch_dag.py for tasks to queue
[2026-02-06T09:06:32.767+0200] {logging_mixin.py:188} INFO - [2026-02-06T09:06:32.767+0200] {dagbag.py:538} INFO - Filling up the DagBag from /home/pazzoti/de-upskilling/airflow-flight-price-analysis/venv/lib/python3.10/site-packages/airflow/example_dags/example_nested_branch_dag.py
[2026-02-06T09:06:32.773+0200] {processor.py:840} INFO - DAG(s) 'example_nested_branch_dag' retrieved from /home/pazzoti/de-upskilling/airflow-flight-price-analysis/venv/lib/python3.10/site-packages/airflow/example_dags/example_nested_branch_dag.py
[2026-02-06T09:06:32.783+0200] {logging_mixin.py:188} INFO - [2026-02-06T09:06:32.783+0200] {dag.py:3036} INFO - Sync 1 DAGs
[2026-02-06T09:06:32.794+0200] {logging_mixin.py:188} INFO - [2026-02-06T09:06:32.794+0200] {dag.py:3823} INFO - Setting next_dagrun for example_nested_branch_dag to 2026-02-05 00:00:00+00:00, run_after=2026-02-06 00:00:00+00:00
[2026-02-06T09:06:32.810+0200] {processor.py:183} INFO - Processing /home/pazzoti/de-upskilling/airflow-flight-price-analysis/venv/lib/python3.10/site-packages/airflow/example_dags/example_nested_branch_dag.py took 0.052 seconds
[2026-02-06T09:07:28.127+0200] {processor.py:161} INFO - Started process (PID=6386) to work on /home/pazzoti/de-upskilling/airflow-flight-price-analysis/venv/lib/python3.10/site-packages/airflow/example_dags/example_nested_branch_dag.py
[2026-02-06T09:07:28.129+0200] {processor.py:830} INFO - Processing file /home/pazzoti/de-upskilling/airflow-flight-price-analysis/venv/lib/python3.10/site-packages/airflow/example_dags/example_nested_branch_dag.py for tasks to queue
[2026-02-06T09:07:28.130+0200] {logging_mixin.py:188} INFO - [2026-02-06T09:07:28.129+0200] {dagbag.py:538} INFO - Filling up the DagBag from /home/pazzoti/de-upskilling/airflow-flight-price-analysis/venv/lib/python3.10/site-packages/airflow/example_dags/example_nested_branch_dag.py
[2026-02-06T09:07:28.136+0200] {processor.py:840} INFO - DAG(s) 'example_nested_branch_dag' retrieved from /home/pazzoti/de-upskilling/airflow-flight-price-analysis/venv/lib/python3.10/site-packages/airflow/example_dags/example_nested_branch_dag.py
[2026-02-06T09:07:28.147+0200] {logging_mixin.py:188} INFO - [2026-02-06T09:07:28.147+0200] {dag.py:3036} INFO - Sync 1 DAGs
[2026-02-06T09:07:28.158+0200] {logging_mixin.py:188} INFO - [2026-02-06T09:07:28.158+0200] {dag.py:3823} INFO - Setting next_dagrun for example_nested_branch_dag to 2026-02-05 00:00:00+00:00, run_after=2026-02-06 00:00:00+00:00
[2026-02-06T09:07:28.175+0200] {processor.py:183} INFO - Processing /home/pazzoti/de-upskilling/airflow-flight-price-analysis/venv/lib/python3.10/site-packages/airflow/example_dags/example_nested_branch_dag.py took 0.051 seconds
[2026-02-06T09:08:22.526+0200] {processor.py:161} INFO - Started process (PID=6633) to work on /home/pazzoti/de-upskilling/airflow-flight-price-analysis/venv/lib/python3.10/site-packages/airflow/example_dags/example_nested_branch_dag.py
[2026-02-06T09:08:22.532+0200] {processor.py:830} INFO - Processing file /home/pazzoti/de-upskilling/airflow-flight-price-analysis/venv/lib/python3.10/site-packages/airflow/example_dags/example_nested_branch_dag.py for tasks to queue
[2026-02-06T09:08:22.533+0200] {logging_mixin.py:188} INFO - [2026-02-06T09:08:22.533+0200] {dagbag.py:538} INFO - Filling up the DagBag from /home/pazzoti/de-upskilling/airflow-flight-price-analysis/venv/lib/python3.10/site-packages/airflow/example_dags/example_nested_branch_dag.py
[2026-02-06T09:08:22.540+0200] {processor.py:840} INFO - DAG(s) 'example_nested_branch_dag' retrieved from /home/pazzoti/de-upskilling/airflow-flight-price-analysis/venv/lib/python3.10/site-packages/airflow/example_dags/example_nested_branch_dag.py
[2026-02-06T09:08:22.551+0200] {logging_mixin.py:188} INFO - [2026-02-06T09:08:22.551+0200] {dag.py:3036} INFO - Sync 1 DAGs
[2026-02-06T09:08:22.563+0200] {logging_mixin.py:188} INFO - [2026-02-06T09:08:22.563+0200] {dag.py:3823} INFO - Setting next_dagrun for example_nested_branch_dag to 2026-02-05 00:00:00+00:00, run_after=2026-02-06 00:00:00+00:00
[2026-02-06T09:08:22.588+0200] {processor.py:183} INFO - Processing /home/pazzoti/de-upskilling/airflow-flight-price-analysis/venv/lib/python3.10/site-packages/airflow/example_dags/example_nested_branch_dag.py took 0.064 seconds
[2026-02-06T09:09:17.914+0200] {processor.py:161} INFO - Started process (PID=6893) to work on /home/pazzoti/de-upskilling/airflow-flight-price-analysis/venv/lib/python3.10/site-packages/airflow/example_dags/example_nested_branch_dag.py
[2026-02-06T09:09:17.916+0200] {processor.py:830} INFO - Processing file /home/pazzoti/de-upskilling/airflow-flight-price-analysis/venv/lib/python3.10/site-packages/airflow/example_dags/example_nested_branch_dag.py for tasks to queue
[2026-02-06T09:09:17.917+0200] {logging_mixin.py:188} INFO - [2026-02-06T09:09:17.916+0200] {dagbag.py:538} INFO - Filling up the DagBag from /home/pazzoti/de-upskilling/airflow-flight-price-analysis/venv/lib/python3.10/site-packages/airflow/example_dags/example_nested_branch_dag.py
[2026-02-06T09:09:17.945+0200] {processor.py:840} INFO - DAG(s) 'example_nested_branch_dag' retrieved from /home/pazzoti/de-upskilling/airflow-flight-price-analysis/venv/lib/python3.10/site-packages/airflow/example_dags/example_nested_branch_dag.py
[2026-02-06T09:09:17.969+0200] {logging_mixin.py:188} INFO - [2026-02-06T09:09:17.969+0200] {dag.py:3036} INFO - Sync 1 DAGs
[2026-02-06T09:09:17.992+0200] {logging_mixin.py:188} INFO - [2026-02-06T09:09:17.992+0200] {dag.py:3823} INFO - Setting next_dagrun for example_nested_branch_dag to 2026-02-05 00:00:00+00:00, run_after=2026-02-06 00:00:00+00:00
[2026-02-06T09:09:18.014+0200] {processor.py:183} INFO - Processing /home/pazzoti/de-upskilling/airflow-flight-price-analysis/venv/lib/python3.10/site-packages/airflow/example_dags/example_nested_branch_dag.py took 0.107 seconds
[2026-02-06T09:11:18.042+0200] {processor.py:161} INFO - Started process (PID=7716) to work on /home/pazzoti/de-upskilling/airflow-flight-price-analysis/venv/lib/python3.10/site-packages/airflow/example_dags/example_nested_branch_dag.py
[2026-02-06T09:11:18.045+0200] {processor.py:830} INFO - Processing file /home/pazzoti/de-upskilling/airflow-flight-price-analysis/venv/lib/python3.10/site-packages/airflow/example_dags/example_nested_branch_dag.py for tasks to queue
[2026-02-06T09:11:18.046+0200] {logging_mixin.py:188} INFO - [2026-02-06T09:11:18.046+0200] {dagbag.py:538} INFO - Filling up the DagBag from /home/pazzoti/de-upskilling/airflow-flight-price-analysis/venv/lib/python3.10/site-packages/airflow/example_dags/example_nested_branch_dag.py
[2026-02-06T09:11:18.281+0200] {processor.py:840} INFO - DAG(s) 'example_nested_branch_dag' retrieved from /home/pazzoti/de-upskilling/airflow-flight-price-analysis/venv/lib/python3.10/site-packages/airflow/example_dags/example_nested_branch_dag.py
[2026-02-06T09:11:18.319+0200] {logging_mixin.py:188} INFO - [2026-02-06T09:11:18.318+0200] {dag.py:3036} INFO - Sync 1 DAGs
[2026-02-06T09:11:18.358+0200] {logging_mixin.py:188} INFO - [2026-02-06T09:11:18.358+0200] {dag.py:3823} INFO - Setting next_dagrun for example_nested_branch_dag to 2026-02-05 00:00:00+00:00, run_after=2026-02-06 00:00:00+00:00
[2026-02-06T09:11:18.408+0200] {processor.py:183} INFO - Processing /home/pazzoti/de-upskilling/airflow-flight-price-analysis/venv/lib/python3.10/site-packages/airflow/example_dags/example_nested_branch_dag.py took 0.372 seconds
[2026-02-06T09:12:18.523+0200] {processor.py:161} INFO - Started process (PID=8262) to work on /home/pazzoti/de-upskilling/airflow-flight-price-analysis/venv/lib/python3.10/site-packages/airflow/example_dags/example_nested_branch_dag.py
[2026-02-06T09:12:18.526+0200] {processor.py:830} INFO - Processing file /home/pazzoti/de-upskilling/airflow-flight-price-analysis/venv/lib/python3.10/site-packages/airflow/example_dags/example_nested_branch_dag.py for tasks to queue
[2026-02-06T09:12:18.527+0200] {logging_mixin.py:188} INFO - [2026-02-06T09:12:18.527+0200] {dagbag.py:538} INFO - Filling up the DagBag from /home/pazzoti/de-upskilling/airflow-flight-price-analysis/venv/lib/python3.10/site-packages/airflow/example_dags/example_nested_branch_dag.py
[2026-02-06T09:12:18.544+0200] {processor.py:840} INFO - DAG(s) 'example_nested_branch_dag' retrieved from /home/pazzoti/de-upskilling/airflow-flight-price-analysis/venv/lib/python3.10/site-packages/airflow/example_dags/example_nested_branch_dag.py
[2026-02-06T09:12:18.561+0200] {logging_mixin.py:188} INFO - [2026-02-06T09:12:18.561+0200] {dag.py:3036} INFO - Sync 1 DAGs
[2026-02-06T09:12:18.587+0200] {logging_mixin.py:188} INFO - [2026-02-06T09:12:18.587+0200] {dag.py:3823} INFO - Setting next_dagrun for example_nested_branch_dag to 2026-02-05 00:00:00+00:00, run_after=2026-02-06 00:00:00+00:00
[2026-02-06T09:12:18.617+0200] {processor.py:183} INFO - Processing /home/pazzoti/de-upskilling/airflow-flight-price-analysis/venv/lib/python3.10/site-packages/airflow/example_dags/example_nested_branch_dag.py took 0.096 seconds
[2026-02-06T09:13:06.648+0200] {processor.py:161} INFO - Started process (PID=8480) to work on /home/pazzoti/de-upskilling/airflow-flight-price-analysis/venv/lib/python3.10/site-packages/airflow/example_dags/example_nested_branch_dag.py
[2026-02-06T09:13:06.652+0200] {processor.py:830} INFO - Processing file /home/pazzoti/de-upskilling/airflow-flight-price-analysis/venv/lib/python3.10/site-packages/airflow/example_dags/example_nested_branch_dag.py for tasks to queue
[2026-02-06T09:13:06.653+0200] {logging_mixin.py:188} INFO - [2026-02-06T09:13:06.652+0200] {dagbag.py:538} INFO - Filling up the DagBag from /home/pazzoti/de-upskilling/airflow-flight-price-analysis/venv/lib/python3.10/site-packages/airflow/example_dags/example_nested_branch_dag.py
[2026-02-06T09:13:06.660+0200] {processor.py:840} INFO - DAG(s) 'example_nested_branch_dag' retrieved from /home/pazzoti/de-upskilling/airflow-flight-price-analysis/venv/lib/python3.10/site-packages/airflow/example_dags/example_nested_branch_dag.py
[2026-02-06T09:13:06.670+0200] {logging_mixin.py:188} INFO - [2026-02-06T09:13:06.670+0200] {dag.py:3036} INFO - Sync 1 DAGs
[2026-02-06T09:13:06.681+0200] {logging_mixin.py:188} INFO - [2026-02-06T09:13:06.681+0200] {dag.py:3823} INFO - Setting next_dagrun for example_nested_branch_dag to 2026-02-05 00:00:00+00:00, run_after=2026-02-06 00:00:00+00:00
[2026-02-06T09:13:06.696+0200] {processor.py:183} INFO - Processing /home/pazzoti/de-upskilling/airflow-flight-price-analysis/venv/lib/python3.10/site-packages/airflow/example_dags/example_nested_branch_dag.py took 0.050 seconds
[2026-02-06T09:13:53.402+0200] {processor.py:161} INFO - Started process (PID=8697) to work on /home/pazzoti/de-upskilling/airflow-flight-price-analysis/venv/lib/python3.10/site-packages/airflow/example_dags/example_nested_branch_dag.py
[2026-02-06T09:13:53.404+0200] {processor.py:830} INFO - Processing file /home/pazzoti/de-upskilling/airflow-flight-price-analysis/venv/lib/python3.10/site-packages/airflow/example_dags/example_nested_branch_dag.py for tasks to queue
[2026-02-06T09:13:53.405+0200] {logging_mixin.py:188} INFO - [2026-02-06T09:13:53.404+0200] {dagbag.py:538} INFO - Filling up the DagBag from /home/pazzoti/de-upskilling/airflow-flight-price-analysis/venv/lib/python3.10/site-packages/airflow/example_dags/example_nested_branch_dag.py
[2026-02-06T09:13:53.412+0200] {processor.py:840} INFO - DAG(s) 'example_nested_branch_dag' retrieved from /home/pazzoti/de-upskilling/airflow-flight-price-analysis/venv/lib/python3.10/site-packages/airflow/example_dags/example_nested_branch_dag.py
[2026-02-06T09:13:53.424+0200] {logging_mixin.py:188} INFO - [2026-02-06T09:13:53.424+0200] {dag.py:3036} INFO - Sync 1 DAGs
[2026-02-06T09:13:53.437+0200] {logging_mixin.py:188} INFO - [2026-02-06T09:13:53.437+0200] {dag.py:3823} INFO - Setting next_dagrun for example_nested_branch_dag to 2026-02-05 00:00:00+00:00, run_after=2026-02-06 00:00:00+00:00
[2026-02-06T09:13:53.454+0200] {processor.py:183} INFO - Processing /home/pazzoti/de-upskilling/airflow-flight-price-analysis/venv/lib/python3.10/site-packages/airflow/example_dags/example_nested_branch_dag.py took 0.057 seconds
[2026-02-06T09:14:47.319+0200] {processor.py:161} INFO - Started process (PID=8946) to work on /home/pazzoti/de-upskilling/airflow-flight-price-analysis/venv/lib/python3.10/site-packages/airflow/example_dags/example_nested_branch_dag.py
[2026-02-06T09:14:47.321+0200] {processor.py:830} INFO - Processing file /home/pazzoti/de-upskilling/airflow-flight-price-analysis/venv/lib/python3.10/site-packages/airflow/example_dags/example_nested_branch_dag.py for tasks to queue
[2026-02-06T09:14:47.322+0200] {logging_mixin.py:188} INFO - [2026-02-06T09:14:47.322+0200] {dagbag.py:538} INFO - Filling up the DagBag from /home/pazzoti/de-upskilling/airflow-flight-price-analysis/venv/lib/python3.10/site-packages/airflow/example_dags/example_nested_branch_dag.py
[2026-02-06T09:14:47.341+0200] {processor.py:840} INFO - DAG(s) 'example_nested_branch_dag' retrieved from /home/pazzoti/de-upskilling/airflow-flight-price-analysis/venv/lib/python3.10/site-packages/airflow/example_dags/example_nested_branch_dag.py
[2026-02-06T09:14:47.369+0200] {logging_mixin.py:188} INFO - [2026-02-06T09:14:47.369+0200] {dag.py:3036} INFO - Sync 1 DAGs
[2026-02-06T09:14:47.403+0200] {logging_mixin.py:188} INFO - [2026-02-06T09:14:47.403+0200] {dag.py:3823} INFO - Setting next_dagrun for example_nested_branch_dag to 2026-02-05 00:00:00+00:00, run_after=2026-02-06 00:00:00+00:00
[2026-02-06T09:14:47.445+0200] {processor.py:183} INFO - Processing /home/pazzoti/de-upskilling/airflow-flight-price-analysis/venv/lib/python3.10/site-packages/airflow/example_dags/example_nested_branch_dag.py took 0.134 seconds
[2026-02-06T09:15:42.524+0200] {processor.py:161} INFO - Started process (PID=9199) to work on /home/pazzoti/de-upskilling/airflow-flight-price-analysis/venv/lib/python3.10/site-packages/airflow/example_dags/example_nested_branch_dag.py
[2026-02-06T09:15:42.527+0200] {processor.py:830} INFO - Processing file /home/pazzoti/de-upskilling/airflow-flight-price-analysis/venv/lib/python3.10/site-packages/airflow/example_dags/example_nested_branch_dag.py for tasks to queue
[2026-02-06T09:15:42.528+0200] {logging_mixin.py:188} INFO - [2026-02-06T09:15:42.527+0200] {dagbag.py:538} INFO - Filling up the DagBag from /home/pazzoti/de-upskilling/airflow-flight-price-analysis/venv/lib/python3.10/site-packages/airflow/example_dags/example_nested_branch_dag.py
[2026-02-06T09:15:42.537+0200] {processor.py:840} INFO - DAG(s) 'example_nested_branch_dag' retrieved from /home/pazzoti/de-upskilling/airflow-flight-price-analysis/venv/lib/python3.10/site-packages/airflow/example_dags/example_nested_branch_dag.py
[2026-02-06T09:15:42.552+0200] {logging_mixin.py:188} INFO - [2026-02-06T09:15:42.552+0200] {dag.py:3036} INFO - Sync 1 DAGs
[2026-02-06T09:15:42.565+0200] {logging_mixin.py:188} INFO - [2026-02-06T09:15:42.565+0200] {dag.py:3823} INFO - Setting next_dagrun for example_nested_branch_dag to 2026-02-05 00:00:00+00:00, run_after=2026-02-06 00:00:00+00:00
[2026-02-06T09:15:42.584+0200] {processor.py:183} INFO - Processing /home/pazzoti/de-upskilling/airflow-flight-price-analysis/venv/lib/python3.10/site-packages/airflow/example_dags/example_nested_branch_dag.py took 0.062 seconds
[2026-02-06T09:16:31.897+0200] {processor.py:161} INFO - Started process (PID=9458) to work on /home/pazzoti/de-upskilling/airflow-flight-price-analysis/venv/lib/python3.10/site-packages/airflow/example_dags/example_nested_branch_dag.py
[2026-02-06T09:16:31.901+0200] {processor.py:830} INFO - Processing file /home/pazzoti/de-upskilling/airflow-flight-price-analysis/venv/lib/python3.10/site-packages/airflow/example_dags/example_nested_branch_dag.py for tasks to queue
[2026-02-06T09:16:31.902+0200] {logging_mixin.py:188} INFO - [2026-02-06T09:16:31.902+0200] {dagbag.py:538} INFO - Filling up the DagBag from /home/pazzoti/de-upskilling/airflow-flight-price-analysis/venv/lib/python3.10/site-packages/airflow/example_dags/example_nested_branch_dag.py
[2026-02-06T09:16:31.911+0200] {processor.py:840} INFO - DAG(s) 'example_nested_branch_dag' retrieved from /home/pazzoti/de-upskilling/airflow-flight-price-analysis/venv/lib/python3.10/site-packages/airflow/example_dags/example_nested_branch_dag.py
[2026-02-06T09:16:31.922+0200] {logging_mixin.py:188} INFO - [2026-02-06T09:16:31.922+0200] {dag.py:3036} INFO - Sync 1 DAGs
[2026-02-06T09:16:31.933+0200] {logging_mixin.py:188} INFO - [2026-02-06T09:16:31.933+0200] {dag.py:3823} INFO - Setting next_dagrun for example_nested_branch_dag to 2026-02-05 00:00:00+00:00, run_after=2026-02-06 00:00:00+00:00
[2026-02-06T09:16:31.948+0200] {processor.py:183} INFO - Processing /home/pazzoti/de-upskilling/airflow-flight-price-analysis/venv/lib/python3.10/site-packages/airflow/example_dags/example_nested_branch_dag.py took 0.054 seconds
[2026-02-06T09:29:00.078+0200] {processor.py:161} INFO - Started process (PID=9731) to work on /home/pazzoti/de-upskilling/airflow-flight-price-analysis/venv/lib/python3.10/site-packages/airflow/example_dags/example_nested_branch_dag.py
[2026-02-06T09:29:00.080+0200] {processor.py:830} INFO - Processing file /home/pazzoti/de-upskilling/airflow-flight-price-analysis/venv/lib/python3.10/site-packages/airflow/example_dags/example_nested_branch_dag.py for tasks to queue
[2026-02-06T09:29:00.081+0200] {logging_mixin.py:188} INFO - [2026-02-06T09:29:00.081+0200] {dagbag.py:538} INFO - Filling up the DagBag from /home/pazzoti/de-upskilling/airflow-flight-price-analysis/venv/lib/python3.10/site-packages/airflow/example_dags/example_nested_branch_dag.py
[2026-02-06T09:29:00.088+0200] {processor.py:840} INFO - DAG(s) 'example_nested_branch_dag' retrieved from /home/pazzoti/de-upskilling/airflow-flight-price-analysis/venv/lib/python3.10/site-packages/airflow/example_dags/example_nested_branch_dag.py
[2026-02-06T09:29:00.104+0200] {logging_mixin.py:188} INFO - [2026-02-06T09:29:00.104+0200] {dag.py:3036} INFO - Sync 1 DAGs
[2026-02-06T09:29:00.127+0200] {logging_mixin.py:188} INFO - [2026-02-06T09:29:00.127+0200] {dag.py:3823} INFO - Setting next_dagrun for example_nested_branch_dag to 2026-02-05 00:00:00+00:00, run_after=2026-02-06 00:00:00+00:00
[2026-02-06T09:29:00.146+0200] {processor.py:183} INFO - Processing /home/pazzoti/de-upskilling/airflow-flight-price-analysis/venv/lib/python3.10/site-packages/airflow/example_dags/example_nested_branch_dag.py took 0.072 seconds
[2026-02-06T09:30:04.273+0200] {processor.py:161} INFO - Started process (PID=9960) to work on /home/pazzoti/de-upskilling/airflow-flight-price-analysis/venv/lib/python3.10/site-packages/airflow/example_dags/example_nested_branch_dag.py
[2026-02-06T09:30:04.277+0200] {processor.py:830} INFO - Processing file /home/pazzoti/de-upskilling/airflow-flight-price-analysis/venv/lib/python3.10/site-packages/airflow/example_dags/example_nested_branch_dag.py for tasks to queue
[2026-02-06T09:30:04.281+0200] {logging_mixin.py:188} INFO - [2026-02-06T09:30:04.280+0200] {dagbag.py:538} INFO - Filling up the DagBag from /home/pazzoti/de-upskilling/airflow-flight-price-analysis/venv/lib/python3.10/site-packages/airflow/example_dags/example_nested_branch_dag.py
[2026-02-06T09:30:04.304+0200] {processor.py:840} INFO - DAG(s) 'example_nested_branch_dag' retrieved from /home/pazzoti/de-upskilling/airflow-flight-price-analysis/venv/lib/python3.10/site-packages/airflow/example_dags/example_nested_branch_dag.py
[2026-02-06T09:30:04.330+0200] {logging_mixin.py:188} INFO - [2026-02-06T09:30:04.329+0200] {dag.py:3036} INFO - Sync 1 DAGs
[2026-02-06T09:30:04.371+0200] {logging_mixin.py:188} INFO - [2026-02-06T09:30:04.370+0200] {dag.py:3823} INFO - Setting next_dagrun for example_nested_branch_dag to 2026-02-05 00:00:00+00:00, run_after=2026-02-06 00:00:00+00:00
[2026-02-06T09:30:04.411+0200] {processor.py:183} INFO - Processing /home/pazzoti/de-upskilling/airflow-flight-price-analysis/venv/lib/python3.10/site-packages/airflow/example_dags/example_nested_branch_dag.py took 0.144 seconds
[2026-02-06T09:31:03.672+0200] {processor.py:161} INFO - Started process (PID=10060) to work on /home/pazzoti/de-upskilling/airflow-flight-price-analysis/venv/lib/python3.10/site-packages/airflow/example_dags/example_nested_branch_dag.py
[2026-02-06T09:31:03.673+0200] {processor.py:830} INFO - Processing file /home/pazzoti/de-upskilling/airflow-flight-price-analysis/venv/lib/python3.10/site-packages/airflow/example_dags/example_nested_branch_dag.py for tasks to queue
[2026-02-06T09:31:03.673+0200] {logging_mixin.py:188} INFO - [2026-02-06T09:31:03.673+0200] {dagbag.py:538} INFO - Filling up the DagBag from /home/pazzoti/de-upskilling/airflow-flight-price-analysis/venv/lib/python3.10/site-packages/airflow/example_dags/example_nested_branch_dag.py
[2026-02-06T09:31:03.680+0200] {processor.py:840} INFO - DAG(s) 'example_nested_branch_dag' retrieved from /home/pazzoti/de-upskilling/airflow-flight-price-analysis/venv/lib/python3.10/site-packages/airflow/example_dags/example_nested_branch_dag.py
[2026-02-06T09:31:03.692+0200] {logging_mixin.py:188} INFO - [2026-02-06T09:31:03.692+0200] {dag.py:3036} INFO - Sync 1 DAGs
[2026-02-06T09:31:03.705+0200] {logging_mixin.py:188} INFO - [2026-02-06T09:31:03.705+0200] {dag.py:3823} INFO - Setting next_dagrun for example_nested_branch_dag to 2026-02-05 00:00:00+00:00, run_after=2026-02-06 00:00:00+00:00
[2026-02-06T09:31:03.726+0200] {processor.py:183} INFO - Processing /home/pazzoti/de-upskilling/airflow-flight-price-analysis/venv/lib/python3.10/site-packages/airflow/example_dags/example_nested_branch_dag.py took 0.057 seconds
[2026-02-06T09:31:43.387+0200] {processor.py:161} INFO - Started process (PID=10120) to work on /home/pazzoti/de-upskilling/airflow-flight-price-analysis/venv/lib/python3.10/site-packages/airflow/example_dags/example_nested_branch_dag.py
[2026-02-06T09:31:43.389+0200] {processor.py:830} INFO - Processing file /home/pazzoti/de-upskilling/airflow-flight-price-analysis/venv/lib/python3.10/site-packages/airflow/example_dags/example_nested_branch_dag.py for tasks to queue
[2026-02-06T09:31:43.389+0200] {logging_mixin.py:188} INFO - [2026-02-06T09:31:43.389+0200] {dagbag.py:538} INFO - Filling up the DagBag from /home/pazzoti/de-upskilling/airflow-flight-price-analysis/venv/lib/python3.10/site-packages/airflow/example_dags/example_nested_branch_dag.py
[2026-02-06T09:31:43.396+0200] {processor.py:840} INFO - DAG(s) 'example_nested_branch_dag' retrieved from /home/pazzoti/de-upskilling/airflow-flight-price-analysis/venv/lib/python3.10/site-packages/airflow/example_dags/example_nested_branch_dag.py
[2026-02-06T09:31:43.406+0200] {logging_mixin.py:188} INFO - [2026-02-06T09:31:43.406+0200] {dag.py:3036} INFO - Sync 1 DAGs
[2026-02-06T09:31:43.418+0200] {logging_mixin.py:188} INFO - [2026-02-06T09:31:43.417+0200] {dag.py:3823} INFO - Setting next_dagrun for example_nested_branch_dag to 2026-02-05 00:00:00+00:00, run_after=2026-02-06 00:00:00+00:00
[2026-02-06T09:31:43.433+0200] {processor.py:183} INFO - Processing /home/pazzoti/de-upskilling/airflow-flight-price-analysis/venv/lib/python3.10/site-packages/airflow/example_dags/example_nested_branch_dag.py took 0.049 seconds
[2026-02-06T09:32:37.750+0200] {processor.py:161} INFO - Started process (PID=10253) to work on /home/pazzoti/de-upskilling/airflow-flight-price-analysis/venv/lib/python3.10/site-packages/airflow/example_dags/example_nested_branch_dag.py
[2026-02-06T09:32:37.757+0200] {processor.py:830} INFO - Processing file /home/pazzoti/de-upskilling/airflow-flight-price-analysis/venv/lib/python3.10/site-packages/airflow/example_dags/example_nested_branch_dag.py for tasks to queue
[2026-02-06T09:32:37.758+0200] {logging_mixin.py:188} INFO - [2026-02-06T09:32:37.758+0200] {dagbag.py:538} INFO - Filling up the DagBag from /home/pazzoti/de-upskilling/airflow-flight-price-analysis/venv/lib/python3.10/site-packages/airflow/example_dags/example_nested_branch_dag.py
[2026-02-06T09:32:37.765+0200] {processor.py:840} INFO - DAG(s) 'example_nested_branch_dag' retrieved from /home/pazzoti/de-upskilling/airflow-flight-price-analysis/venv/lib/python3.10/site-packages/airflow/example_dags/example_nested_branch_dag.py
[2026-02-06T09:32:37.776+0200] {logging_mixin.py:188} INFO - [2026-02-06T09:32:37.776+0200] {dag.py:3036} INFO - Sync 1 DAGs
[2026-02-06T09:32:37.787+0200] {logging_mixin.py:188} INFO - [2026-02-06T09:32:37.787+0200] {dag.py:3823} INFO - Setting next_dagrun for example_nested_branch_dag to 2026-02-05 00:00:00+00:00, run_after=2026-02-06 00:00:00+00:00
[2026-02-06T09:32:37.803+0200] {processor.py:183} INFO - Processing /home/pazzoti/de-upskilling/airflow-flight-price-analysis/venv/lib/python3.10/site-packages/airflow/example_dags/example_nested_branch_dag.py took 0.056 seconds
[2026-02-06T09:33:42.142+0200] {processor.py:161} INFO - Started process (PID=10352) to work on /home/pazzoti/de-upskilling/airflow-flight-price-analysis/venv/lib/python3.10/site-packages/airflow/example_dags/example_nested_branch_dag.py
[2026-02-06T09:33:42.144+0200] {processor.py:830} INFO - Processing file /home/pazzoti/de-upskilling/airflow-flight-price-analysis/venv/lib/python3.10/site-packages/airflow/example_dags/example_nested_branch_dag.py for tasks to queue
[2026-02-06T09:33:42.146+0200] {logging_mixin.py:188} INFO - [2026-02-06T09:33:42.145+0200] {dagbag.py:538} INFO - Filling up the DagBag from /home/pazzoti/de-upskilling/airflow-flight-price-analysis/venv/lib/python3.10/site-packages/airflow/example_dags/example_nested_branch_dag.py
[2026-02-06T09:33:42.157+0200] {processor.py:840} INFO - DAG(s) 'example_nested_branch_dag' retrieved from /home/pazzoti/de-upskilling/airflow-flight-price-analysis/venv/lib/python3.10/site-packages/airflow/example_dags/example_nested_branch_dag.py
[2026-02-06T09:33:42.175+0200] {logging_mixin.py:188} INFO - [2026-02-06T09:33:42.175+0200] {dag.py:3036} INFO - Sync 1 DAGs
[2026-02-06T09:33:42.204+0200] {logging_mixin.py:188} INFO - [2026-02-06T09:33:42.204+0200] {dag.py:3823} INFO - Setting next_dagrun for example_nested_branch_dag to 2026-02-05 00:00:00+00:00, run_after=2026-02-06 00:00:00+00:00
[2026-02-06T09:33:42.302+0200] {processor.py:183} INFO - Processing /home/pazzoti/de-upskilling/airflow-flight-price-analysis/venv/lib/python3.10/site-packages/airflow/example_dags/example_nested_branch_dag.py took 0.163 seconds
[2026-02-06T09:34:32.400+0200] {processor.py:161} INFO - Started process (PID=10440) to work on /home/pazzoti/de-upskilling/airflow-flight-price-analysis/venv/lib/python3.10/site-packages/airflow/example_dags/example_nested_branch_dag.py
[2026-02-06T09:34:32.402+0200] {processor.py:830} INFO - Processing file /home/pazzoti/de-upskilling/airflow-flight-price-analysis/venv/lib/python3.10/site-packages/airflow/example_dags/example_nested_branch_dag.py for tasks to queue
[2026-02-06T09:34:32.402+0200] {logging_mixin.py:188} INFO - [2026-02-06T09:34:32.402+0200] {dagbag.py:538} INFO - Filling up the DagBag from /home/pazzoti/de-upskilling/airflow-flight-price-analysis/venv/lib/python3.10/site-packages/airflow/example_dags/example_nested_branch_dag.py
[2026-02-06T09:34:32.415+0200] {processor.py:840} INFO - DAG(s) 'example_nested_branch_dag' retrieved from /home/pazzoti/de-upskilling/airflow-flight-price-analysis/venv/lib/python3.10/site-packages/airflow/example_dags/example_nested_branch_dag.py
[2026-02-06T09:34:32.436+0200] {logging_mixin.py:188} INFO - [2026-02-06T09:34:32.436+0200] {dag.py:3036} INFO - Sync 1 DAGs
[2026-02-06T09:34:32.450+0200] {logging_mixin.py:188} INFO - [2026-02-06T09:34:32.449+0200] {dag.py:3823} INFO - Setting next_dagrun for example_nested_branch_dag to 2026-02-05 00:00:00+00:00, run_after=2026-02-06 00:00:00+00:00
[2026-02-06T09:34:32.467+0200] {processor.py:183} INFO - Processing /home/pazzoti/de-upskilling/airflow-flight-price-analysis/venv/lib/python3.10/site-packages/airflow/example_dags/example_nested_branch_dag.py took 0.070 seconds
