[2026-02-06T09:01:31.630+0200] {processor.py:161} INFO - Started process (PID=4305) to work on /home/pazzoti/de-upskilling/airflow-flight-price-analysis/venv/lib/python3.10/site-packages/airflow/example_dags/example_xcomargs.py
[2026-02-06T09:01:31.632+0200] {processor.py:830} INFO - Processing file /home/pazzoti/de-upskilling/airflow-flight-price-analysis/venv/lib/python3.10/site-packages/airflow/example_dags/example_xcomargs.py for tasks to queue
[2026-02-06T09:01:31.634+0200] {logging_mixin.py:188} INFO - [2026-02-06T09:01:31.633+0200] {dagbag.py:538} INFO - Filling up the DagBag from /home/pazzoti/de-upskilling/airflow-flight-price-analysis/venv/lib/python3.10/site-packages/airflow/example_dags/example_xcomargs.py
[2026-02-06T09:01:31.655+0200] {processor.py:840} INFO - DAG(s) 'example_xcom_args', 'example_xcom_args_with_operators' retrieved from /home/pazzoti/de-upskilling/airflow-flight-price-analysis/venv/lib/python3.10/site-packages/airflow/example_dags/example_xcomargs.py
[2026-02-06T09:01:31.684+0200] {logging_mixin.py:188} INFO - [2026-02-06T09:01:31.684+0200] {dag.py:3036} INFO - Sync 2 DAGs
[2026-02-06T09:01:31.695+0200] {logging_mixin.py:188} INFO - [2026-02-06T09:01:31.695+0200] {dag.py:3823} INFO - Setting next_dagrun for example_xcom_args to None, run_after=None
[2026-02-06T09:01:31.698+0200] {logging_mixin.py:188} INFO - [2026-02-06T09:01:31.698+0200] {dag.py:3823} INFO - Setting next_dagrun for example_xcom_args_with_operators to None, run_after=None
[2026-02-06T09:01:31.719+0200] {processor.py:183} INFO - Processing /home/pazzoti/de-upskilling/airflow-flight-price-analysis/venv/lib/python3.10/site-packages/airflow/example_dags/example_xcomargs.py took 0.093 seconds
[2026-02-06T09:02:21.662+0200] {processor.py:161} INFO - Started process (PID=4844) to work on /home/pazzoti/de-upskilling/airflow-flight-price-analysis/venv/lib/python3.10/site-packages/airflow/example_dags/example_xcomargs.py
[2026-02-06T09:02:21.667+0200] {processor.py:830} INFO - Processing file /home/pazzoti/de-upskilling/airflow-flight-price-analysis/venv/lib/python3.10/site-packages/airflow/example_dags/example_xcomargs.py for tasks to queue
[2026-02-06T09:02:21.668+0200] {logging_mixin.py:188} INFO - [2026-02-06T09:02:21.667+0200] {dagbag.py:538} INFO - Filling up the DagBag from /home/pazzoti/de-upskilling/airflow-flight-price-analysis/venv/lib/python3.10/site-packages/airflow/example_dags/example_xcomargs.py
[2026-02-06T09:02:21.674+0200] {processor.py:840} INFO - DAG(s) 'example_xcom_args_with_operators', 'example_xcom_args' retrieved from /home/pazzoti/de-upskilling/airflow-flight-price-analysis/venv/lib/python3.10/site-packages/airflow/example_dags/example_xcomargs.py
[2026-02-06T09:02:21.687+0200] {logging_mixin.py:188} INFO - [2026-02-06T09:02:21.687+0200] {dag.py:3036} INFO - Sync 2 DAGs
[2026-02-06T09:02:21.695+0200] {logging_mixin.py:188} INFO - [2026-02-06T09:02:21.695+0200] {dag.py:3823} INFO - Setting next_dagrun for example_xcom_args to None, run_after=None
[2026-02-06T09:02:21.697+0200] {logging_mixin.py:188} INFO - [2026-02-06T09:02:21.697+0200] {dag.py:3823} INFO - Setting next_dagrun for example_xcom_args_with_operators to None, run_after=None
[2026-02-06T09:02:21.718+0200] {processor.py:183} INFO - Processing /home/pazzoti/de-upskilling/airflow-flight-price-analysis/venv/lib/python3.10/site-packages/airflow/example_dags/example_xcomargs.py took 0.058 seconds
[2026-02-06T09:03:10.977+0200] {processor.py:161} INFO - Started process (PID=5079) to work on /home/pazzoti/de-upskilling/airflow-flight-price-analysis/venv/lib/python3.10/site-packages/airflow/example_dags/example_xcomargs.py
[2026-02-06T09:03:10.979+0200] {processor.py:830} INFO - Processing file /home/pazzoti/de-upskilling/airflow-flight-price-analysis/venv/lib/python3.10/site-packages/airflow/example_dags/example_xcomargs.py for tasks to queue
[2026-02-06T09:03:10.980+0200] {logging_mixin.py:188} INFO - [2026-02-06T09:03:10.980+0200] {dagbag.py:538} INFO - Filling up the DagBag from /home/pazzoti/de-upskilling/airflow-flight-price-analysis/venv/lib/python3.10/site-packages/airflow/example_dags/example_xcomargs.py
[2026-02-06T09:03:10.992+0200] {processor.py:840} INFO - DAG(s) 'example_xcom_args_with_operators', 'example_xcom_args' retrieved from /home/pazzoti/de-upskilling/airflow-flight-price-analysis/venv/lib/python3.10/site-packages/airflow/example_dags/example_xcomargs.py
[2026-02-06T09:03:11.017+0200] {logging_mixin.py:188} INFO - [2026-02-06T09:03:11.017+0200] {dag.py:3036} INFO - Sync 2 DAGs
[2026-02-06T09:03:11.035+0200] {logging_mixin.py:188} INFO - [2026-02-06T09:03:11.034+0200] {dag.py:3823} INFO - Setting next_dagrun for example_xcom_args to None, run_after=None
[2026-02-06T09:03:11.040+0200] {logging_mixin.py:188} INFO - [2026-02-06T09:03:11.039+0200] {dag.py:3823} INFO - Setting next_dagrun for example_xcom_args_with_operators to None, run_after=None
[2026-02-06T09:03:11.072+0200] {processor.py:183} INFO - Processing /home/pazzoti/de-upskilling/airflow-flight-price-analysis/venv/lib/python3.10/site-packages/airflow/example_dags/example_xcomargs.py took 0.099 seconds
[2026-02-06T09:04:03.451+0200] {processor.py:161} INFO - Started process (PID=5313) to work on /home/pazzoti/de-upskilling/airflow-flight-price-analysis/venv/lib/python3.10/site-packages/airflow/example_dags/example_xcomargs.py
[2026-02-06T09:04:03.456+0200] {processor.py:830} INFO - Processing file /home/pazzoti/de-upskilling/airflow-flight-price-analysis/venv/lib/python3.10/site-packages/airflow/example_dags/example_xcomargs.py for tasks to queue
[2026-02-06T09:04:03.458+0200] {logging_mixin.py:188} INFO - [2026-02-06T09:04:03.458+0200] {dagbag.py:538} INFO - Filling up the DagBag from /home/pazzoti/de-upskilling/airflow-flight-price-analysis/venv/lib/python3.10/site-packages/airflow/example_dags/example_xcomargs.py
[2026-02-06T09:04:03.465+0200] {processor.py:840} INFO - DAG(s) 'example_xcom_args_with_operators', 'example_xcom_args' retrieved from /home/pazzoti/de-upskilling/airflow-flight-price-analysis/venv/lib/python3.10/site-packages/airflow/example_dags/example_xcomargs.py
[2026-02-06T09:04:03.480+0200] {logging_mixin.py:188} INFO - [2026-02-06T09:04:03.480+0200] {dag.py:3036} INFO - Sync 2 DAGs
[2026-02-06T09:04:03.487+0200] {logging_mixin.py:188} INFO - [2026-02-06T09:04:03.487+0200] {dag.py:3823} INFO - Setting next_dagrun for example_xcom_args to None, run_after=None
[2026-02-06T09:04:03.489+0200] {logging_mixin.py:188} INFO - [2026-02-06T09:04:03.489+0200] {dag.py:3823} INFO - Setting next_dagrun for example_xcom_args_with_operators to None, run_after=None
[2026-02-06T09:04:03.507+0200] {processor.py:183} INFO - Processing /home/pazzoti/de-upskilling/airflow-flight-price-analysis/venv/lib/python3.10/site-packages/airflow/example_dags/example_xcomargs.py took 0.058 seconds
[2026-02-06T09:04:52.486+0200] {processor.py:161} INFO - Started process (PID=5536) to work on /home/pazzoti/de-upskilling/airflow-flight-price-analysis/venv/lib/python3.10/site-packages/airflow/example_dags/example_xcomargs.py
[2026-02-06T09:04:52.493+0200] {processor.py:830} INFO - Processing file /home/pazzoti/de-upskilling/airflow-flight-price-analysis/venv/lib/python3.10/site-packages/airflow/example_dags/example_xcomargs.py for tasks to queue
[2026-02-06T09:04:52.494+0200] {logging_mixin.py:188} INFO - [2026-02-06T09:04:52.494+0200] {dagbag.py:538} INFO - Filling up the DagBag from /home/pazzoti/de-upskilling/airflow-flight-price-analysis/venv/lib/python3.10/site-packages/airflow/example_dags/example_xcomargs.py
[2026-02-06T09:04:52.502+0200] {processor.py:840} INFO - DAG(s) 'example_xcom_args_with_operators', 'example_xcom_args' retrieved from /home/pazzoti/de-upskilling/airflow-flight-price-analysis/venv/lib/python3.10/site-packages/airflow/example_dags/example_xcomargs.py
[2026-02-06T09:04:52.513+0200] {logging_mixin.py:188} INFO - [2026-02-06T09:04:52.513+0200] {dag.py:3036} INFO - Sync 2 DAGs
[2026-02-06T09:04:52.521+0200] {logging_mixin.py:188} INFO - [2026-02-06T09:04:52.520+0200] {dag.py:3823} INFO - Setting next_dagrun for example_xcom_args to None, run_after=None
[2026-02-06T09:04:52.523+0200] {logging_mixin.py:188} INFO - [2026-02-06T09:04:52.523+0200] {dag.py:3823} INFO - Setting next_dagrun for example_xcom_args_with_operators to None, run_after=None
[2026-02-06T09:04:52.541+0200] {processor.py:183} INFO - Processing /home/pazzoti/de-upskilling/airflow-flight-price-analysis/venv/lib/python3.10/site-packages/airflow/example_dags/example_xcomargs.py took 0.058 seconds
[2026-02-06T09:05:49.086+0200] {processor.py:161} INFO - Started process (PID=5837) to work on /home/pazzoti/de-upskilling/airflow-flight-price-analysis/venv/lib/python3.10/site-packages/airflow/example_dags/example_xcomargs.py
[2026-02-06T09:05:49.087+0200] {processor.py:830} INFO - Processing file /home/pazzoti/de-upskilling/airflow-flight-price-analysis/venv/lib/python3.10/site-packages/airflow/example_dags/example_xcomargs.py for tasks to queue
[2026-02-06T09:05:49.088+0200] {logging_mixin.py:188} INFO - [2026-02-06T09:05:49.088+0200] {dagbag.py:538} INFO - Filling up the DagBag from /home/pazzoti/de-upskilling/airflow-flight-price-analysis/venv/lib/python3.10/site-packages/airflow/example_dags/example_xcomargs.py
[2026-02-06T09:05:49.093+0200] {processor.py:840} INFO - DAG(s) 'example_xcom_args', 'example_xcom_args_with_operators' retrieved from /home/pazzoti/de-upskilling/airflow-flight-price-analysis/venv/lib/python3.10/site-packages/airflow/example_dags/example_xcomargs.py
[2026-02-06T09:05:49.105+0200] {logging_mixin.py:188} INFO - [2026-02-06T09:05:49.105+0200] {dag.py:3036} INFO - Sync 2 DAGs
[2026-02-06T09:05:49.112+0200] {logging_mixin.py:188} INFO - [2026-02-06T09:05:49.112+0200] {dag.py:3823} INFO - Setting next_dagrun for example_xcom_args to None, run_after=None
[2026-02-06T09:05:49.114+0200] {logging_mixin.py:188} INFO - [2026-02-06T09:05:49.114+0200] {dag.py:3823} INFO - Setting next_dagrun for example_xcom_args_with_operators to None, run_after=None
[2026-02-06T09:05:49.130+0200] {processor.py:183} INFO - Processing /home/pazzoti/de-upskilling/airflow-flight-price-analysis/venv/lib/python3.10/site-packages/airflow/example_dags/example_xcomargs.py took 0.047 seconds
[2026-02-06T09:06:42.724+0200] {processor.py:161} INFO - Started process (PID=6105) to work on /home/pazzoti/de-upskilling/airflow-flight-price-analysis/venv/lib/python3.10/site-packages/airflow/example_dags/example_xcomargs.py
[2026-02-06T09:06:42.727+0200] {processor.py:830} INFO - Processing file /home/pazzoti/de-upskilling/airflow-flight-price-analysis/venv/lib/python3.10/site-packages/airflow/example_dags/example_xcomargs.py for tasks to queue
[2026-02-06T09:06:42.729+0200] {logging_mixin.py:188} INFO - [2026-02-06T09:06:42.728+0200] {dagbag.py:538} INFO - Filling up the DagBag from /home/pazzoti/de-upskilling/airflow-flight-price-analysis/venv/lib/python3.10/site-packages/airflow/example_dags/example_xcomargs.py
[2026-02-06T09:06:42.743+0200] {processor.py:840} INFO - DAG(s) 'example_xcom_args_with_operators', 'example_xcom_args' retrieved from /home/pazzoti/de-upskilling/airflow-flight-price-analysis/venv/lib/python3.10/site-packages/airflow/example_dags/example_xcomargs.py
[2026-02-06T09:06:42.771+0200] {logging_mixin.py:188} INFO - [2026-02-06T09:06:42.771+0200] {dag.py:3036} INFO - Sync 2 DAGs
[2026-02-06T09:06:42.788+0200] {logging_mixin.py:188} INFO - [2026-02-06T09:06:42.788+0200] {dag.py:3823} INFO - Setting next_dagrun for example_xcom_args to None, run_after=None
[2026-02-06T09:06:42.791+0200] {logging_mixin.py:188} INFO - [2026-02-06T09:06:42.791+0200] {dag.py:3823} INFO - Setting next_dagrun for example_xcom_args_with_operators to None, run_after=None
[2026-02-06T09:06:42.825+0200] {processor.py:183} INFO - Processing /home/pazzoti/de-upskilling/airflow-flight-price-analysis/venv/lib/python3.10/site-packages/airflow/example_dags/example_xcomargs.py took 0.104 seconds
[2026-02-06T09:07:37.279+0200] {processor.py:161} INFO - Started process (PID=6422) to work on /home/pazzoti/de-upskilling/airflow-flight-price-analysis/venv/lib/python3.10/site-packages/airflow/example_dags/example_xcomargs.py
[2026-02-06T09:07:37.281+0200] {processor.py:830} INFO - Processing file /home/pazzoti/de-upskilling/airflow-flight-price-analysis/venv/lib/python3.10/site-packages/airflow/example_dags/example_xcomargs.py for tasks to queue
[2026-02-06T09:07:37.282+0200] {logging_mixin.py:188} INFO - [2026-02-06T09:07:37.282+0200] {dagbag.py:538} INFO - Filling up the DagBag from /home/pazzoti/de-upskilling/airflow-flight-price-analysis/venv/lib/python3.10/site-packages/airflow/example_dags/example_xcomargs.py
[2026-02-06T09:07:37.292+0200] {processor.py:840} INFO - DAG(s) 'example_xcom_args_with_operators', 'example_xcom_args' retrieved from /home/pazzoti/de-upskilling/airflow-flight-price-analysis/venv/lib/python3.10/site-packages/airflow/example_dags/example_xcomargs.py
[2026-02-06T09:07:37.306+0200] {logging_mixin.py:188} INFO - [2026-02-06T09:07:37.305+0200] {dag.py:3036} INFO - Sync 2 DAGs
[2026-02-06T09:07:37.313+0200] {logging_mixin.py:188} INFO - [2026-02-06T09:07:37.312+0200] {dag.py:3823} INFO - Setting next_dagrun for example_xcom_args to None, run_after=None
[2026-02-06T09:07:37.315+0200] {logging_mixin.py:188} INFO - [2026-02-06T09:07:37.315+0200] {dag.py:3823} INFO - Setting next_dagrun for example_xcom_args_with_operators to None, run_after=None
[2026-02-06T09:07:37.333+0200] {processor.py:183} INFO - Processing /home/pazzoti/de-upskilling/airflow-flight-price-analysis/venv/lib/python3.10/site-packages/airflow/example_dags/example_xcomargs.py took 0.056 seconds
[2026-02-06T09:08:31.661+0200] {processor.py:161} INFO - Started process (PID=6667) to work on /home/pazzoti/de-upskilling/airflow-flight-price-analysis/venv/lib/python3.10/site-packages/airflow/example_dags/example_xcomargs.py
[2026-02-06T09:08:31.668+0200] {processor.py:830} INFO - Processing file /home/pazzoti/de-upskilling/airflow-flight-price-analysis/venv/lib/python3.10/site-packages/airflow/example_dags/example_xcomargs.py for tasks to queue
[2026-02-06T09:08:31.669+0200] {logging_mixin.py:188} INFO - [2026-02-06T09:08:31.669+0200] {dagbag.py:538} INFO - Filling up the DagBag from /home/pazzoti/de-upskilling/airflow-flight-price-analysis/venv/lib/python3.10/site-packages/airflow/example_dags/example_xcomargs.py
[2026-02-06T09:08:31.675+0200] {processor.py:840} INFO - DAG(s) 'example_xcom_args', 'example_xcom_args_with_operators' retrieved from /home/pazzoti/de-upskilling/airflow-flight-price-analysis/venv/lib/python3.10/site-packages/airflow/example_dags/example_xcomargs.py
[2026-02-06T09:08:31.687+0200] {logging_mixin.py:188} INFO - [2026-02-06T09:08:31.687+0200] {dag.py:3036} INFO - Sync 2 DAGs
[2026-02-06T09:08:31.694+0200] {logging_mixin.py:188} INFO - [2026-02-06T09:08:31.694+0200] {dag.py:3823} INFO - Setting next_dagrun for example_xcom_args to None, run_after=None
[2026-02-06T09:08:31.696+0200] {logging_mixin.py:188} INFO - [2026-02-06T09:08:31.696+0200] {dag.py:3823} INFO - Setting next_dagrun for example_xcom_args_with_operators to None, run_after=None
[2026-02-06T09:08:31.712+0200] {processor.py:183} INFO - Processing /home/pazzoti/de-upskilling/airflow-flight-price-analysis/venv/lib/python3.10/site-packages/airflow/example_dags/example_xcomargs.py took 0.053 seconds
[2026-02-06T09:09:28.415+0200] {processor.py:161} INFO - Started process (PID=6937) to work on /home/pazzoti/de-upskilling/airflow-flight-price-analysis/venv/lib/python3.10/site-packages/airflow/example_dags/example_xcomargs.py
[2026-02-06T09:09:28.417+0200] {processor.py:830} INFO - Processing file /home/pazzoti/de-upskilling/airflow-flight-price-analysis/venv/lib/python3.10/site-packages/airflow/example_dags/example_xcomargs.py for tasks to queue
[2026-02-06T09:09:28.420+0200] {logging_mixin.py:188} INFO - [2026-02-06T09:09:28.418+0200] {dagbag.py:538} INFO - Filling up the DagBag from /home/pazzoti/de-upskilling/airflow-flight-price-analysis/venv/lib/python3.10/site-packages/airflow/example_dags/example_xcomargs.py
[2026-02-06T09:09:28.431+0200] {processor.py:840} INFO - DAG(s) 'example_xcom_args_with_operators', 'example_xcom_args' retrieved from /home/pazzoti/de-upskilling/airflow-flight-price-analysis/venv/lib/python3.10/site-packages/airflow/example_dags/example_xcomargs.py
[2026-02-06T09:09:28.448+0200] {logging_mixin.py:188} INFO - [2026-02-06T09:09:28.448+0200] {dag.py:3036} INFO - Sync 2 DAGs
[2026-02-06T09:09:28.460+0200] {logging_mixin.py:188} INFO - [2026-02-06T09:09:28.459+0200] {dag.py:3823} INFO - Setting next_dagrun for example_xcom_args to None, run_after=None
[2026-02-06T09:09:28.463+0200] {logging_mixin.py:188} INFO - [2026-02-06T09:09:28.462+0200] {dag.py:3823} INFO - Setting next_dagrun for example_xcom_args_with_operators to None, run_after=None
[2026-02-06T09:09:28.485+0200] {processor.py:183} INFO - Processing /home/pazzoti/de-upskilling/airflow-flight-price-analysis/venv/lib/python3.10/site-packages/airflow/example_dags/example_xcomargs.py took 0.074 seconds
[2026-02-06T09:11:38.174+0200] {processor.py:161} INFO - Started process (PID=7959) to work on /home/pazzoti/de-upskilling/airflow-flight-price-analysis/venv/lib/python3.10/site-packages/airflow/example_dags/example_xcomargs.py
[2026-02-06T09:11:38.176+0200] {processor.py:830} INFO - Processing file /home/pazzoti/de-upskilling/airflow-flight-price-analysis/venv/lib/python3.10/site-packages/airflow/example_dags/example_xcomargs.py for tasks to queue
[2026-02-06T09:11:38.177+0200] {logging_mixin.py:188} INFO - [2026-02-06T09:11:38.176+0200] {dagbag.py:538} INFO - Filling up the DagBag from /home/pazzoti/de-upskilling/airflow-flight-price-analysis/venv/lib/python3.10/site-packages/airflow/example_dags/example_xcomargs.py
[2026-02-06T09:11:38.195+0200] {processor.py:840} INFO - DAG(s) 'example_xcom_args_with_operators', 'example_xcom_args' retrieved from /home/pazzoti/de-upskilling/airflow-flight-price-analysis/venv/lib/python3.10/site-packages/airflow/example_dags/example_xcomargs.py
[2026-02-06T09:11:38.233+0200] {logging_mixin.py:188} INFO - [2026-02-06T09:11:38.232+0200] {dag.py:3036} INFO - Sync 2 DAGs
[2026-02-06T09:11:38.252+0200] {logging_mixin.py:188} INFO - [2026-02-06T09:11:38.251+0200] {dag.py:3823} INFO - Setting next_dagrun for example_xcom_args to None, run_after=None
[2026-02-06T09:11:38.255+0200] {logging_mixin.py:188} INFO - [2026-02-06T09:11:38.255+0200] {dag.py:3823} INFO - Setting next_dagrun for example_xcom_args_with_operators to None, run_after=None
[2026-02-06T09:11:38.289+0200] {processor.py:183} INFO - Processing /home/pazzoti/de-upskilling/airflow-flight-price-analysis/venv/lib/python3.10/site-packages/airflow/example_dags/example_xcomargs.py took 0.119 seconds
[2026-02-06T09:12:28.657+0200] {processor.py:161} INFO - Started process (PID=8306) to work on /home/pazzoti/de-upskilling/airflow-flight-price-analysis/venv/lib/python3.10/site-packages/airflow/example_dags/example_xcomargs.py
[2026-02-06T09:12:28.660+0200] {processor.py:830} INFO - Processing file /home/pazzoti/de-upskilling/airflow-flight-price-analysis/venv/lib/python3.10/site-packages/airflow/example_dags/example_xcomargs.py for tasks to queue
[2026-02-06T09:12:28.660+0200] {logging_mixin.py:188} INFO - [2026-02-06T09:12:28.660+0200] {dagbag.py:538} INFO - Filling up the DagBag from /home/pazzoti/de-upskilling/airflow-flight-price-analysis/venv/lib/python3.10/site-packages/airflow/example_dags/example_xcomargs.py
[2026-02-06T09:12:28.674+0200] {processor.py:840} INFO - DAG(s) 'example_xcom_args', 'example_xcom_args_with_operators' retrieved from /home/pazzoti/de-upskilling/airflow-flight-price-analysis/venv/lib/python3.10/site-packages/airflow/example_dags/example_xcomargs.py
[2026-02-06T09:12:28.693+0200] {logging_mixin.py:188} INFO - [2026-02-06T09:12:28.693+0200] {dag.py:3036} INFO - Sync 2 DAGs
[2026-02-06T09:12:28.701+0200] {logging_mixin.py:188} INFO - [2026-02-06T09:12:28.701+0200] {dag.py:3823} INFO - Setting next_dagrun for example_xcom_args to None, run_after=None
[2026-02-06T09:12:28.706+0200] {logging_mixin.py:188} INFO - [2026-02-06T09:12:28.705+0200] {dag.py:3823} INFO - Setting next_dagrun for example_xcom_args_with_operators to None, run_after=None
[2026-02-06T09:12:28.735+0200] {processor.py:183} INFO - Processing /home/pazzoti/de-upskilling/airflow-flight-price-analysis/venv/lib/python3.10/site-packages/airflow/example_dags/example_xcomargs.py took 0.081 seconds
[2026-02-06T09:13:15.810+0200] {processor.py:161} INFO - Started process (PID=8522) to work on /home/pazzoti/de-upskilling/airflow-flight-price-analysis/venv/lib/python3.10/site-packages/airflow/example_dags/example_xcomargs.py
[2026-02-06T09:13:15.822+0200] {processor.py:830} INFO - Processing file /home/pazzoti/de-upskilling/airflow-flight-price-analysis/venv/lib/python3.10/site-packages/airflow/example_dags/example_xcomargs.py for tasks to queue
[2026-02-06T09:13:15.823+0200] {logging_mixin.py:188} INFO - [2026-02-06T09:13:15.823+0200] {dagbag.py:538} INFO - Filling up the DagBag from /home/pazzoti/de-upskilling/airflow-flight-price-analysis/venv/lib/python3.10/site-packages/airflow/example_dags/example_xcomargs.py
[2026-02-06T09:13:15.833+0200] {processor.py:840} INFO - DAG(s) 'example_xcom_args', 'example_xcom_args_with_operators' retrieved from /home/pazzoti/de-upskilling/airflow-flight-price-analysis/venv/lib/python3.10/site-packages/airflow/example_dags/example_xcomargs.py
[2026-02-06T09:13:15.846+0200] {logging_mixin.py:188} INFO - [2026-02-06T09:13:15.846+0200] {dag.py:3036} INFO - Sync 2 DAGs
[2026-02-06T09:13:15.853+0200] {logging_mixin.py:188} INFO - [2026-02-06T09:13:15.852+0200] {dag.py:3823} INFO - Setting next_dagrun for example_xcom_args to None, run_after=None
[2026-02-06T09:13:15.854+0200] {logging_mixin.py:188} INFO - [2026-02-06T09:13:15.854+0200] {dag.py:3823} INFO - Setting next_dagrun for example_xcom_args_with_operators to None, run_after=None
[2026-02-06T09:13:15.870+0200] {processor.py:183} INFO - Processing /home/pazzoti/de-upskilling/airflow-flight-price-analysis/venv/lib/python3.10/site-packages/airflow/example_dags/example_xcomargs.py took 0.063 seconds
[2026-02-06T09:14:10.995+0200] {processor.py:161} INFO - Started process (PID=8784) to work on /home/pazzoti/de-upskilling/airflow-flight-price-analysis/venv/lib/python3.10/site-packages/airflow/example_dags/example_xcomargs.py
[2026-02-06T09:14:10.998+0200] {processor.py:830} INFO - Processing file /home/pazzoti/de-upskilling/airflow-flight-price-analysis/venv/lib/python3.10/site-packages/airflow/example_dags/example_xcomargs.py for tasks to queue
[2026-02-06T09:14:10.999+0200] {logging_mixin.py:188} INFO - [2026-02-06T09:14:10.998+0200] {dagbag.py:538} INFO - Filling up the DagBag from /home/pazzoti/de-upskilling/airflow-flight-price-analysis/venv/lib/python3.10/site-packages/airflow/example_dags/example_xcomargs.py
[2026-02-06T09:14:11.009+0200] {processor.py:840} INFO - DAG(s) 'example_xcom_args', 'example_xcom_args_with_operators' retrieved from /home/pazzoti/de-upskilling/airflow-flight-price-analysis/venv/lib/python3.10/site-packages/airflow/example_dags/example_xcomargs.py
[2026-02-06T09:14:11.026+0200] {logging_mixin.py:188} INFO - [2026-02-06T09:14:11.026+0200] {dag.py:3036} INFO - Sync 2 DAGs
[2026-02-06T09:14:11.037+0200] {logging_mixin.py:188} INFO - [2026-02-06T09:14:11.037+0200] {dag.py:3823} INFO - Setting next_dagrun for example_xcom_args to None, run_after=None
[2026-02-06T09:14:11.042+0200] {logging_mixin.py:188} INFO - [2026-02-06T09:14:11.041+0200] {dag.py:3823} INFO - Setting next_dagrun for example_xcom_args_with_operators to None, run_after=None
[2026-02-06T09:14:11.061+0200] {processor.py:183} INFO - Processing /home/pazzoti/de-upskilling/airflow-flight-price-analysis/venv/lib/python3.10/site-packages/airflow/example_dags/example_xcomargs.py took 0.070 seconds
[2026-02-06T09:15:06.476+0200] {processor.py:161} INFO - Started process (PID=9033) to work on /home/pazzoti/de-upskilling/airflow-flight-price-analysis/venv/lib/python3.10/site-packages/airflow/example_dags/example_xcomargs.py
[2026-02-06T09:15:06.478+0200] {processor.py:830} INFO - Processing file /home/pazzoti/de-upskilling/airflow-flight-price-analysis/venv/lib/python3.10/site-packages/airflow/example_dags/example_xcomargs.py for tasks to queue
[2026-02-06T09:15:06.482+0200] {logging_mixin.py:188} INFO - [2026-02-06T09:15:06.480+0200] {dagbag.py:538} INFO - Filling up the DagBag from /home/pazzoti/de-upskilling/airflow-flight-price-analysis/venv/lib/python3.10/site-packages/airflow/example_dags/example_xcomargs.py
[2026-02-06T09:15:06.496+0200] {processor.py:840} INFO - DAG(s) 'example_xcom_args_with_operators', 'example_xcom_args' retrieved from /home/pazzoti/de-upskilling/airflow-flight-price-analysis/venv/lib/python3.10/site-packages/airflow/example_dags/example_xcomargs.py
[2026-02-06T09:15:06.522+0200] {logging_mixin.py:188} INFO - [2026-02-06T09:15:06.522+0200] {dag.py:3036} INFO - Sync 2 DAGs
[2026-02-06T09:15:06.534+0200] {logging_mixin.py:188} INFO - [2026-02-06T09:15:06.533+0200] {dag.py:3823} INFO - Setting next_dagrun for example_xcom_args to None, run_after=None
[2026-02-06T09:15:06.537+0200] {logging_mixin.py:188} INFO - [2026-02-06T09:15:06.536+0200] {dag.py:3823} INFO - Setting next_dagrun for example_xcom_args_with_operators to None, run_after=None
[2026-02-06T09:15:06.572+0200] {processor.py:183} INFO - Processing /home/pazzoti/de-upskilling/airflow-flight-price-analysis/venv/lib/python3.10/site-packages/airflow/example_dags/example_xcomargs.py took 0.101 seconds
[2026-02-06T09:15:57.915+0200] {processor.py:161} INFO - Started process (PID=9303) to work on /home/pazzoti/de-upskilling/airflow-flight-price-analysis/venv/lib/python3.10/site-packages/airflow/example_dags/example_xcomargs.py
[2026-02-06T09:15:57.926+0200] {processor.py:830} INFO - Processing file /home/pazzoti/de-upskilling/airflow-flight-price-analysis/venv/lib/python3.10/site-packages/airflow/example_dags/example_xcomargs.py for tasks to queue
[2026-02-06T09:15:57.927+0200] {logging_mixin.py:188} INFO - [2026-02-06T09:15:57.927+0200] {dagbag.py:538} INFO - Filling up the DagBag from /home/pazzoti/de-upskilling/airflow-flight-price-analysis/venv/lib/python3.10/site-packages/airflow/example_dags/example_xcomargs.py
[2026-02-06T09:15:57.934+0200] {processor.py:840} INFO - DAG(s) 'example_xcom_args_with_operators', 'example_xcom_args' retrieved from /home/pazzoti/de-upskilling/airflow-flight-price-analysis/venv/lib/python3.10/site-packages/airflow/example_dags/example_xcomargs.py
[2026-02-06T09:15:57.946+0200] {logging_mixin.py:188} INFO - [2026-02-06T09:15:57.946+0200] {dag.py:3036} INFO - Sync 2 DAGs
[2026-02-06T09:15:57.952+0200] {logging_mixin.py:188} INFO - [2026-02-06T09:15:57.952+0200] {dag.py:3823} INFO - Setting next_dagrun for example_xcom_args to None, run_after=None
[2026-02-06T09:15:57.954+0200] {logging_mixin.py:188} INFO - [2026-02-06T09:15:57.954+0200] {dag.py:3823} INFO - Setting next_dagrun for example_xcom_args_with_operators to None, run_after=None
[2026-02-06T09:15:57.970+0200] {processor.py:183} INFO - Processing /home/pazzoti/de-upskilling/airflow-flight-price-analysis/venv/lib/python3.10/site-packages/airflow/example_dags/example_xcomargs.py took 0.057 seconds
[2026-02-06T09:16:47.540+0200] {processor.py:161} INFO - Started process (PID=9526) to work on /home/pazzoti/de-upskilling/airflow-flight-price-analysis/venv/lib/python3.10/site-packages/airflow/example_dags/example_xcomargs.py
[2026-02-06T09:16:47.545+0200] {processor.py:830} INFO - Processing file /home/pazzoti/de-upskilling/airflow-flight-price-analysis/venv/lib/python3.10/site-packages/airflow/example_dags/example_xcomargs.py for tasks to queue
[2026-02-06T09:16:47.546+0200] {logging_mixin.py:188} INFO - [2026-02-06T09:16:47.546+0200] {dagbag.py:538} INFO - Filling up the DagBag from /home/pazzoti/de-upskilling/airflow-flight-price-analysis/venv/lib/python3.10/site-packages/airflow/example_dags/example_xcomargs.py
[2026-02-06T09:16:47.553+0200] {processor.py:840} INFO - DAG(s) 'example_xcom_args_with_operators', 'example_xcom_args' retrieved from /home/pazzoti/de-upskilling/airflow-flight-price-analysis/venv/lib/python3.10/site-packages/airflow/example_dags/example_xcomargs.py
[2026-02-06T09:16:47.565+0200] {logging_mixin.py:188} INFO - [2026-02-06T09:16:47.565+0200] {dag.py:3036} INFO - Sync 2 DAGs
[2026-02-06T09:16:47.572+0200] {logging_mixin.py:188} INFO - [2026-02-06T09:16:47.572+0200] {dag.py:3823} INFO - Setting next_dagrun for example_xcom_args to None, run_after=None
[2026-02-06T09:16:47.574+0200] {logging_mixin.py:188} INFO - [2026-02-06T09:16:47.574+0200] {dag.py:3823} INFO - Setting next_dagrun for example_xcom_args_with_operators to None, run_after=None
[2026-02-06T09:16:47.589+0200] {processor.py:183} INFO - Processing /home/pazzoti/de-upskilling/airflow-flight-price-analysis/venv/lib/python3.10/site-packages/airflow/example_dags/example_xcomargs.py took 0.052 seconds
[2026-02-06T09:29:32.708+0200] {processor.py:161} INFO - Started process (PID=9898) to work on /home/pazzoti/de-upskilling/airflow-flight-price-analysis/venv/lib/python3.10/site-packages/airflow/example_dags/example_xcomargs.py
[2026-02-06T09:29:32.709+0200] {processor.py:830} INFO - Processing file /home/pazzoti/de-upskilling/airflow-flight-price-analysis/venv/lib/python3.10/site-packages/airflow/example_dags/example_xcomargs.py for tasks to queue
[2026-02-06T09:29:32.710+0200] {logging_mixin.py:188} INFO - [2026-02-06T09:29:32.709+0200] {dagbag.py:538} INFO - Filling up the DagBag from /home/pazzoti/de-upskilling/airflow-flight-price-analysis/venv/lib/python3.10/site-packages/airflow/example_dags/example_xcomargs.py
[2026-02-06T09:29:32.716+0200] {processor.py:840} INFO - DAG(s) 'example_xcom_args', 'example_xcom_args_with_operators' retrieved from /home/pazzoti/de-upskilling/airflow-flight-price-analysis/venv/lib/python3.10/site-packages/airflow/example_dags/example_xcomargs.py
[2026-02-06T09:29:32.727+0200] {logging_mixin.py:188} INFO - [2026-02-06T09:29:32.727+0200] {dag.py:3036} INFO - Sync 2 DAGs
[2026-02-06T09:29:32.734+0200] {logging_mixin.py:188} INFO - [2026-02-06T09:29:32.733+0200] {dag.py:3823} INFO - Setting next_dagrun for example_xcom_args to None, run_after=None
[2026-02-06T09:29:32.737+0200] {logging_mixin.py:188} INFO - [2026-02-06T09:29:32.737+0200] {dag.py:3823} INFO - Setting next_dagrun for example_xcom_args_with_operators to None, run_after=None
[2026-02-06T09:29:32.754+0200] {processor.py:183} INFO - Processing /home/pazzoti/de-upskilling/airflow-flight-price-analysis/venv/lib/python3.10/site-packages/airflow/example_dags/example_xcomargs.py took 0.050 seconds
[2026-02-06T09:30:23.710+0200] {processor.py:161} INFO - Started process (PID=9985) to work on /home/pazzoti/de-upskilling/airflow-flight-price-analysis/venv/lib/python3.10/site-packages/airflow/example_dags/example_xcomargs.py
[2026-02-06T09:30:23.712+0200] {processor.py:830} INFO - Processing file /home/pazzoti/de-upskilling/airflow-flight-price-analysis/venv/lib/python3.10/site-packages/airflow/example_dags/example_xcomargs.py for tasks to queue
[2026-02-06T09:30:23.714+0200] {logging_mixin.py:188} INFO - [2026-02-06T09:30:23.713+0200] {dagbag.py:538} INFO - Filling up the DagBag from /home/pazzoti/de-upskilling/airflow-flight-price-analysis/venv/lib/python3.10/site-packages/airflow/example_dags/example_xcomargs.py
[2026-02-06T09:30:23.731+0200] {processor.py:840} INFO - DAG(s) 'example_xcom_args_with_operators', 'example_xcom_args' retrieved from /home/pazzoti/de-upskilling/airflow-flight-price-analysis/venv/lib/python3.10/site-packages/airflow/example_dags/example_xcomargs.py
[2026-02-06T09:30:23.762+0200] {logging_mixin.py:188} INFO - [2026-02-06T09:30:23.762+0200] {dag.py:3036} INFO - Sync 2 DAGs
[2026-02-06T09:30:23.775+0200] {logging_mixin.py:188} INFO - [2026-02-06T09:30:23.774+0200] {dag.py:3823} INFO - Setting next_dagrun for example_xcom_args to None, run_after=None
[2026-02-06T09:30:23.779+0200] {logging_mixin.py:188} INFO - [2026-02-06T09:30:23.779+0200] {dag.py:3823} INFO - Setting next_dagrun for example_xcom_args_with_operators to None, run_after=None
[2026-02-06T09:30:23.826+0200] {processor.py:183} INFO - Processing /home/pazzoti/de-upskilling/airflow-flight-price-analysis/venv/lib/python3.10/site-packages/airflow/example_dags/example_xcomargs.py took 0.120 seconds
[2026-02-06T09:31:13.955+0200] {processor.py:161} INFO - Started process (PID=10070) to work on /home/pazzoti/de-upskilling/airflow-flight-price-analysis/venv/lib/python3.10/site-packages/airflow/example_dags/example_xcomargs.py
[2026-02-06T09:31:13.959+0200] {processor.py:830} INFO - Processing file /home/pazzoti/de-upskilling/airflow-flight-price-analysis/venv/lib/python3.10/site-packages/airflow/example_dags/example_xcomargs.py for tasks to queue
[2026-02-06T09:31:13.961+0200] {logging_mixin.py:188} INFO - [2026-02-06T09:31:13.961+0200] {dagbag.py:538} INFO - Filling up the DagBag from /home/pazzoti/de-upskilling/airflow-flight-price-analysis/venv/lib/python3.10/site-packages/airflow/example_dags/example_xcomargs.py
[2026-02-06T09:31:13.967+0200] {processor.py:840} INFO - DAG(s) 'example_xcom_args', 'example_xcom_args_with_operators' retrieved from /home/pazzoti/de-upskilling/airflow-flight-price-analysis/venv/lib/python3.10/site-packages/airflow/example_dags/example_xcomargs.py
[2026-02-06T09:31:13.979+0200] {logging_mixin.py:188} INFO - [2026-02-06T09:31:13.979+0200] {dag.py:3036} INFO - Sync 2 DAGs
[2026-02-06T09:31:13.985+0200] {logging_mixin.py:188} INFO - [2026-02-06T09:31:13.985+0200] {dag.py:3823} INFO - Setting next_dagrun for example_xcom_args to None, run_after=None
[2026-02-06T09:31:13.987+0200] {logging_mixin.py:188} INFO - [2026-02-06T09:31:13.987+0200] {dag.py:3823} INFO - Setting next_dagrun for example_xcom_args_with_operators to None, run_after=None
[2026-02-06T09:31:14.003+0200] {processor.py:183} INFO - Processing /home/pazzoti/de-upskilling/airflow-flight-price-analysis/venv/lib/python3.10/site-packages/airflow/example_dags/example_xcomargs.py took 0.051 seconds
[2026-02-06T09:32:09.429+0200] {processor.py:161} INFO - Started process (PID=10176) to work on /home/pazzoti/de-upskilling/airflow-flight-price-analysis/venv/lib/python3.10/site-packages/airflow/example_dags/example_xcomargs.py
[2026-02-06T09:32:09.435+0200] {processor.py:830} INFO - Processing file /home/pazzoti/de-upskilling/airflow-flight-price-analysis/venv/lib/python3.10/site-packages/airflow/example_dags/example_xcomargs.py for tasks to queue
[2026-02-06T09:32:09.437+0200] {logging_mixin.py:188} INFO - [2026-02-06T09:32:09.436+0200] {dagbag.py:538} INFO - Filling up the DagBag from /home/pazzoti/de-upskilling/airflow-flight-price-analysis/venv/lib/python3.10/site-packages/airflow/example_dags/example_xcomargs.py
[2026-02-06T09:32:09.445+0200] {processor.py:840} INFO - DAG(s) 'example_xcom_args', 'example_xcom_args_with_operators' retrieved from /home/pazzoti/de-upskilling/airflow-flight-price-analysis/venv/lib/python3.10/site-packages/airflow/example_dags/example_xcomargs.py
[2026-02-06T09:32:09.458+0200] {logging_mixin.py:188} INFO - [2026-02-06T09:32:09.457+0200] {dag.py:3036} INFO - Sync 2 DAGs
[2026-02-06T09:32:09.464+0200] {logging_mixin.py:188} INFO - [2026-02-06T09:32:09.464+0200] {dag.py:3823} INFO - Setting next_dagrun for example_xcom_args to None, run_after=None
[2026-02-06T09:32:09.466+0200] {logging_mixin.py:188} INFO - [2026-02-06T09:32:09.466+0200] {dag.py:3823} INFO - Setting next_dagrun for example_xcom_args_with_operators to None, run_after=None
[2026-02-06T09:32:09.481+0200] {processor.py:183} INFO - Processing /home/pazzoti/de-upskilling/airflow-flight-price-analysis/venv/lib/python3.10/site-packages/airflow/example_dags/example_xcomargs.py took 0.056 seconds
[2026-02-06T09:33:02.772+0200] {processor.py:161} INFO - Started process (PID=10297) to work on /home/pazzoti/de-upskilling/airflow-flight-price-analysis/venv/lib/python3.10/site-packages/airflow/example_dags/example_xcomargs.py
[2026-02-06T09:33:02.779+0200] {processor.py:830} INFO - Processing file /home/pazzoti/de-upskilling/airflow-flight-price-analysis/venv/lib/python3.10/site-packages/airflow/example_dags/example_xcomargs.py for tasks to queue
[2026-02-06T09:33:02.780+0200] {logging_mixin.py:188} INFO - [2026-02-06T09:33:02.780+0200] {dagbag.py:538} INFO - Filling up the DagBag from /home/pazzoti/de-upskilling/airflow-flight-price-analysis/venv/lib/python3.10/site-packages/airflow/example_dags/example_xcomargs.py
[2026-02-06T09:33:02.787+0200] {processor.py:840} INFO - DAG(s) 'example_xcom_args_with_operators', 'example_xcom_args' retrieved from /home/pazzoti/de-upskilling/airflow-flight-price-analysis/venv/lib/python3.10/site-packages/airflow/example_dags/example_xcomargs.py
[2026-02-06T09:33:02.798+0200] {logging_mixin.py:188} INFO - [2026-02-06T09:33:02.798+0200] {dag.py:3036} INFO - Sync 2 DAGs
[2026-02-06T09:33:02.805+0200] {logging_mixin.py:188} INFO - [2026-02-06T09:33:02.804+0200] {dag.py:3823} INFO - Setting next_dagrun for example_xcom_args to None, run_after=None
[2026-02-06T09:33:02.806+0200] {logging_mixin.py:188} INFO - [2026-02-06T09:33:02.806+0200] {dag.py:3823} INFO - Setting next_dagrun for example_xcom_args_with_operators to None, run_after=None
[2026-02-06T09:33:02.823+0200] {processor.py:183} INFO - Processing /home/pazzoti/de-upskilling/airflow-flight-price-analysis/venv/lib/python3.10/site-packages/airflow/example_dags/example_xcomargs.py took 0.053 seconds
[2026-02-06T09:33:52.649+0200] {processor.py:161} INFO - Started process (PID=10362) to work on /home/pazzoti/de-upskilling/airflow-flight-price-analysis/venv/lib/python3.10/site-packages/airflow/example_dags/example_xcomargs.py
[2026-02-06T09:33:52.652+0200] {processor.py:830} INFO - Processing file /home/pazzoti/de-upskilling/airflow-flight-price-analysis/venv/lib/python3.10/site-packages/airflow/example_dags/example_xcomargs.py for tasks to queue
[2026-02-06T09:33:52.655+0200] {logging_mixin.py:188} INFO - [2026-02-06T09:33:52.654+0200] {dagbag.py:538} INFO - Filling up the DagBag from /home/pazzoti/de-upskilling/airflow-flight-price-analysis/venv/lib/python3.10/site-packages/airflow/example_dags/example_xcomargs.py
[2026-02-06T09:33:52.670+0200] {processor.py:840} INFO - DAG(s) 'example_xcom_args', 'example_xcom_args_with_operators' retrieved from /home/pazzoti/de-upskilling/airflow-flight-price-analysis/venv/lib/python3.10/site-packages/airflow/example_dags/example_xcomargs.py
[2026-02-06T09:33:52.693+0200] {logging_mixin.py:188} INFO - [2026-02-06T09:33:52.692+0200] {dag.py:3036} INFO - Sync 2 DAGs
[2026-02-06T09:33:52.705+0200] {logging_mixin.py:188} INFO - [2026-02-06T09:33:52.705+0200] {dag.py:3823} INFO - Setting next_dagrun for example_xcom_args to None, run_after=None
[2026-02-06T09:33:52.708+0200] {logging_mixin.py:188} INFO - [2026-02-06T09:33:52.708+0200] {dag.py:3823} INFO - Setting next_dagrun for example_xcom_args_with_operators to None, run_after=None
[2026-02-06T09:33:52.742+0200] {processor.py:183} INFO - Processing /home/pazzoti/de-upskilling/airflow-flight-price-analysis/venv/lib/python3.10/site-packages/airflow/example_dags/example_xcomargs.py took 0.097 seconds
[2026-02-06T09:34:41.406+0200] {processor.py:161} INFO - Started process (PID=10450) to work on /home/pazzoti/de-upskilling/airflow-flight-price-analysis/venv/lib/python3.10/site-packages/airflow/example_dags/example_xcomargs.py
[2026-02-06T09:34:41.413+0200] {processor.py:830} INFO - Processing file /home/pazzoti/de-upskilling/airflow-flight-price-analysis/venv/lib/python3.10/site-packages/airflow/example_dags/example_xcomargs.py for tasks to queue
[2026-02-06T09:34:41.414+0200] {logging_mixin.py:188} INFO - [2026-02-06T09:34:41.413+0200] {dagbag.py:538} INFO - Filling up the DagBag from /home/pazzoti/de-upskilling/airflow-flight-price-analysis/venv/lib/python3.10/site-packages/airflow/example_dags/example_xcomargs.py
[2026-02-06T09:34:41.420+0200] {processor.py:840} INFO - DAG(s) 'example_xcom_args', 'example_xcom_args_with_operators' retrieved from /home/pazzoti/de-upskilling/airflow-flight-price-analysis/venv/lib/python3.10/site-packages/airflow/example_dags/example_xcomargs.py
[2026-02-06T09:34:41.432+0200] {logging_mixin.py:188} INFO - [2026-02-06T09:34:41.432+0200] {dag.py:3036} INFO - Sync 2 DAGs
[2026-02-06T09:34:41.439+0200] {logging_mixin.py:188} INFO - [2026-02-06T09:34:41.439+0200] {dag.py:3823} INFO - Setting next_dagrun for example_xcom_args to None, run_after=None
[2026-02-06T09:34:41.441+0200] {logging_mixin.py:188} INFO - [2026-02-06T09:34:41.441+0200] {dag.py:3823} INFO - Setting next_dagrun for example_xcom_args_with_operators to None, run_after=None
[2026-02-06T09:34:41.456+0200] {processor.py:183} INFO - Processing /home/pazzoti/de-upskilling/airflow-flight-price-analysis/venv/lib/python3.10/site-packages/airflow/example_dags/example_xcomargs.py took 0.055 seconds
