[2026-02-06T09:01:32.761+0200] {processor.py:161} INFO - Started process (PID=4312) to work on /home/pazzoti/de-upskilling/airflow-flight-price-analysis/venv/lib/python3.10/site-packages/airflow/example_dags/example_branch_operator.py
[2026-02-06T09:01:32.762+0200] {processor.py:830} INFO - Processing file /home/pazzoti/de-upskilling/airflow-flight-price-analysis/venv/lib/python3.10/site-packages/airflow/example_dags/example_branch_operator.py for tasks to queue
[2026-02-06T09:01:32.763+0200] {logging_mixin.py:188} INFO - [2026-02-06T09:01:32.763+0200] {dagbag.py:538} INFO - Filling up the DagBag from /home/pazzoti/de-upskilling/airflow-flight-price-analysis/venv/lib/python3.10/site-packages/airflow/example_dags/example_branch_operator.py
[2026-02-06T09:01:32.776+0200] {processor.py:840} INFO - DAG(s) 'example_branch_operator' retrieved from /home/pazzoti/de-upskilling/airflow-flight-price-analysis/venv/lib/python3.10/site-packages/airflow/example_dags/example_branch_operator.py
[2026-02-06T09:01:32.834+0200] {logging_mixin.py:188} INFO - [2026-02-06T09:01:32.834+0200] {dag.py:3036} INFO - Sync 1 DAGs
[2026-02-06T09:01:32.845+0200] {logging_mixin.py:188} INFO - [2026-02-06T09:01:32.844+0200] {dag.py:3823} INFO - Setting next_dagrun for example_branch_operator to 2026-02-05 00:00:00+00:00, run_after=2026-02-06 00:00:00+00:00
[2026-02-06T09:01:32.864+0200] {processor.py:183} INFO - Processing /home/pazzoti/de-upskilling/airflow-flight-price-analysis/venv/lib/python3.10/site-packages/airflow/example_dags/example_branch_operator.py took 0.106 seconds
[2026-02-06T09:02:22.792+0200] {processor.py:161} INFO - Started process (PID=4845) to work on /home/pazzoti/de-upskilling/airflow-flight-price-analysis/venv/lib/python3.10/site-packages/airflow/example_dags/example_branch_operator.py
[2026-02-06T09:02:22.800+0200] {processor.py:830} INFO - Processing file /home/pazzoti/de-upskilling/airflow-flight-price-analysis/venv/lib/python3.10/site-packages/airflow/example_dags/example_branch_operator.py for tasks to queue
[2026-02-06T09:02:22.801+0200] {logging_mixin.py:188} INFO - [2026-02-06T09:02:22.800+0200] {dagbag.py:538} INFO - Filling up the DagBag from /home/pazzoti/de-upskilling/airflow-flight-price-analysis/venv/lib/python3.10/site-packages/airflow/example_dags/example_branch_operator.py
[2026-02-06T09:02:22.811+0200] {processor.py:840} INFO - DAG(s) 'example_branch_operator' retrieved from /home/pazzoti/de-upskilling/airflow-flight-price-analysis/venv/lib/python3.10/site-packages/airflow/example_dags/example_branch_operator.py
[2026-02-06T09:02:22.822+0200] {logging_mixin.py:188} INFO - [2026-02-06T09:02:22.822+0200] {dag.py:3036} INFO - Sync 1 DAGs
[2026-02-06T09:02:22.833+0200] {logging_mixin.py:188} INFO - [2026-02-06T09:02:22.833+0200] {dag.py:3823} INFO - Setting next_dagrun for example_branch_operator to 2026-02-05 00:00:00+00:00, run_after=2026-02-06 00:00:00+00:00
[2026-02-06T09:02:22.849+0200] {processor.py:183} INFO - Processing /home/pazzoti/de-upskilling/airflow-flight-price-analysis/venv/lib/python3.10/site-packages/airflow/example_dags/example_branch_operator.py took 0.058 seconds
[2026-02-06T09:03:11.975+0200] {processor.py:161} INFO - Started process (PID=5080) to work on /home/pazzoti/de-upskilling/airflow-flight-price-analysis/venv/lib/python3.10/site-packages/airflow/example_dags/example_branch_operator.py
[2026-02-06T09:03:11.976+0200] {processor.py:830} INFO - Processing file /home/pazzoti/de-upskilling/airflow-flight-price-analysis/venv/lib/python3.10/site-packages/airflow/example_dags/example_branch_operator.py for tasks to queue
[2026-02-06T09:03:11.977+0200] {logging_mixin.py:188} INFO - [2026-02-06T09:03:11.977+0200] {dagbag.py:538} INFO - Filling up the DagBag from /home/pazzoti/de-upskilling/airflow-flight-price-analysis/venv/lib/python3.10/site-packages/airflow/example_dags/example_branch_operator.py
[2026-02-06T09:03:11.991+0200] {processor.py:840} INFO - DAG(s) 'example_branch_operator' retrieved from /home/pazzoti/de-upskilling/airflow-flight-price-analysis/venv/lib/python3.10/site-packages/airflow/example_dags/example_branch_operator.py
[2026-02-06T09:03:12.005+0200] {logging_mixin.py:188} INFO - [2026-02-06T09:03:12.005+0200] {dag.py:3036} INFO - Sync 1 DAGs
[2026-02-06T09:03:12.019+0200] {logging_mixin.py:188} INFO - [2026-02-06T09:03:12.019+0200] {dag.py:3823} INFO - Setting next_dagrun for example_branch_operator to 2026-02-05 00:00:00+00:00, run_after=2026-02-06 00:00:00+00:00
[2026-02-06T09:03:12.040+0200] {processor.py:183} INFO - Processing /home/pazzoti/de-upskilling/airflow-flight-price-analysis/venv/lib/python3.10/site-packages/airflow/example_dags/example_branch_operator.py took 0.067 seconds
[2026-02-06T09:04:04.600+0200] {processor.py:161} INFO - Started process (PID=5320) to work on /home/pazzoti/de-upskilling/airflow-flight-price-analysis/venv/lib/python3.10/site-packages/airflow/example_dags/example_branch_operator.py
[2026-02-06T09:04:04.602+0200] {processor.py:830} INFO - Processing file /home/pazzoti/de-upskilling/airflow-flight-price-analysis/venv/lib/python3.10/site-packages/airflow/example_dags/example_branch_operator.py for tasks to queue
[2026-02-06T09:04:04.603+0200] {logging_mixin.py:188} INFO - [2026-02-06T09:04:04.603+0200] {dagbag.py:538} INFO - Filling up the DagBag from /home/pazzoti/de-upskilling/airflow-flight-price-analysis/venv/lib/python3.10/site-packages/airflow/example_dags/example_branch_operator.py
[2026-02-06T09:04:04.621+0200] {processor.py:840} INFO - DAG(s) 'example_branch_operator' retrieved from /home/pazzoti/de-upskilling/airflow-flight-price-analysis/venv/lib/python3.10/site-packages/airflow/example_dags/example_branch_operator.py
[2026-02-06T09:04:04.639+0200] {logging_mixin.py:188} INFO - [2026-02-06T09:04:04.638+0200] {dag.py:3036} INFO - Sync 1 DAGs
[2026-02-06T09:04:04.659+0200] {logging_mixin.py:188} INFO - [2026-02-06T09:04:04.659+0200] {dag.py:3823} INFO - Setting next_dagrun for example_branch_operator to 2026-02-05 00:00:00+00:00, run_after=2026-02-06 00:00:00+00:00
[2026-02-06T09:04:04.679+0200] {processor.py:183} INFO - Processing /home/pazzoti/de-upskilling/airflow-flight-price-analysis/venv/lib/python3.10/site-packages/airflow/example_dags/example_branch_operator.py took 0.081 seconds
[2026-02-06T09:05:00.803+0200] {processor.py:161} INFO - Started process (PID=5610) to work on /home/pazzoti/de-upskilling/airflow-flight-price-analysis/venv/lib/python3.10/site-packages/airflow/example_dags/example_branch_operator.py
[2026-02-06T09:05:00.805+0200] {processor.py:830} INFO - Processing file /home/pazzoti/de-upskilling/airflow-flight-price-analysis/venv/lib/python3.10/site-packages/airflow/example_dags/example_branch_operator.py for tasks to queue
[2026-02-06T09:05:00.807+0200] {logging_mixin.py:188} INFO - [2026-02-06T09:05:00.807+0200] {dagbag.py:538} INFO - Filling up the DagBag from /home/pazzoti/de-upskilling/airflow-flight-price-analysis/venv/lib/python3.10/site-packages/airflow/example_dags/example_branch_operator.py
[2026-02-06T09:05:00.833+0200] {processor.py:840} INFO - DAG(s) 'example_branch_operator' retrieved from /home/pazzoti/de-upskilling/airflow-flight-price-analysis/venv/lib/python3.10/site-packages/airflow/example_dags/example_branch_operator.py
[2026-02-06T09:05:00.849+0200] {logging_mixin.py:188} INFO - [2026-02-06T09:05:00.849+0200] {dag.py:3036} INFO - Sync 1 DAGs
[2026-02-06T09:05:00.864+0200] {logging_mixin.py:188} INFO - [2026-02-06T09:05:00.864+0200] {dag.py:3823} INFO - Setting next_dagrun for example_branch_operator to 2026-02-05 00:00:00+00:00, run_after=2026-02-06 00:00:00+00:00
[2026-02-06T09:05:00.887+0200] {processor.py:183} INFO - Processing /home/pazzoti/de-upskilling/airflow-flight-price-analysis/venv/lib/python3.10/site-packages/airflow/example_dags/example_branch_operator.py took 0.086 seconds
[2026-02-06T09:05:57.100+0200] {processor.py:161} INFO - Started process (PID=5871) to work on /home/pazzoti/de-upskilling/airflow-flight-price-analysis/venv/lib/python3.10/site-packages/airflow/example_dags/example_branch_operator.py
[2026-02-06T09:05:57.102+0200] {processor.py:830} INFO - Processing file /home/pazzoti/de-upskilling/airflow-flight-price-analysis/venv/lib/python3.10/site-packages/airflow/example_dags/example_branch_operator.py for tasks to queue
[2026-02-06T09:05:57.103+0200] {logging_mixin.py:188} INFO - [2026-02-06T09:05:57.102+0200] {dagbag.py:538} INFO - Filling up the DagBag from /home/pazzoti/de-upskilling/airflow-flight-price-analysis/venv/lib/python3.10/site-packages/airflow/example_dags/example_branch_operator.py
[2026-02-06T09:05:57.114+0200] {processor.py:840} INFO - DAG(s) 'example_branch_operator' retrieved from /home/pazzoti/de-upskilling/airflow-flight-price-analysis/venv/lib/python3.10/site-packages/airflow/example_dags/example_branch_operator.py
[2026-02-06T09:05:57.126+0200] {logging_mixin.py:188} INFO - [2026-02-06T09:05:57.126+0200] {dag.py:3036} INFO - Sync 1 DAGs
[2026-02-06T09:05:57.137+0200] {logging_mixin.py:188} INFO - [2026-02-06T09:05:57.137+0200] {dag.py:3823} INFO - Setting next_dagrun for example_branch_operator to 2026-02-05 00:00:00+00:00, run_after=2026-02-06 00:00:00+00:00
[2026-02-06T09:05:57.153+0200] {processor.py:183} INFO - Processing /home/pazzoti/de-upskilling/airflow-flight-price-analysis/venv/lib/python3.10/site-packages/airflow/example_dags/example_branch_operator.py took 0.056 seconds
[2026-02-06T09:06:52.240+0200] {processor.py:161} INFO - Started process (PID=6156) to work on /home/pazzoti/de-upskilling/airflow-flight-price-analysis/venv/lib/python3.10/site-packages/airflow/example_dags/example_branch_operator.py
[2026-02-06T09:06:52.241+0200] {processor.py:830} INFO - Processing file /home/pazzoti/de-upskilling/airflow-flight-price-analysis/venv/lib/python3.10/site-packages/airflow/example_dags/example_branch_operator.py for tasks to queue
[2026-02-06T09:06:52.242+0200] {logging_mixin.py:188} INFO - [2026-02-06T09:06:52.242+0200] {dagbag.py:538} INFO - Filling up the DagBag from /home/pazzoti/de-upskilling/airflow-flight-price-analysis/venv/lib/python3.10/site-packages/airflow/example_dags/example_branch_operator.py
[2026-02-06T09:06:52.253+0200] {processor.py:840} INFO - DAG(s) 'example_branch_operator' retrieved from /home/pazzoti/de-upskilling/airflow-flight-price-analysis/venv/lib/python3.10/site-packages/airflow/example_dags/example_branch_operator.py
[2026-02-06T09:06:52.268+0200] {logging_mixin.py:188} INFO - [2026-02-06T09:06:52.268+0200] {dag.py:3036} INFO - Sync 1 DAGs
[2026-02-06T09:06:52.286+0200] {logging_mixin.py:188} INFO - [2026-02-06T09:06:52.285+0200] {dag.py:3823} INFO - Setting next_dagrun for example_branch_operator to 2026-02-05 00:00:00+00:00, run_after=2026-02-06 00:00:00+00:00
[2026-02-06T09:06:52.305+0200] {processor.py:183} INFO - Processing /home/pazzoti/de-upskilling/airflow-flight-price-analysis/venv/lib/python3.10/site-packages/airflow/example_dags/example_branch_operator.py took 0.068 seconds
[2026-02-06T09:07:45.282+0200] {processor.py:161} INFO - Started process (PID=6454) to work on /home/pazzoti/de-upskilling/airflow-flight-price-analysis/venv/lib/python3.10/site-packages/airflow/example_dags/example_branch_operator.py
[2026-02-06T09:07:45.283+0200] {processor.py:830} INFO - Processing file /home/pazzoti/de-upskilling/airflow-flight-price-analysis/venv/lib/python3.10/site-packages/airflow/example_dags/example_branch_operator.py for tasks to queue
[2026-02-06T09:07:45.284+0200] {logging_mixin.py:188} INFO - [2026-02-06T09:07:45.283+0200] {dagbag.py:538} INFO - Filling up the DagBag from /home/pazzoti/de-upskilling/airflow-flight-price-analysis/venv/lib/python3.10/site-packages/airflow/example_dags/example_branch_operator.py
[2026-02-06T09:07:45.294+0200] {processor.py:840} INFO - DAG(s) 'example_branch_operator' retrieved from /home/pazzoti/de-upskilling/airflow-flight-price-analysis/venv/lib/python3.10/site-packages/airflow/example_dags/example_branch_operator.py
[2026-02-06T09:07:45.307+0200] {logging_mixin.py:188} INFO - [2026-02-06T09:07:45.307+0200] {dag.py:3036} INFO - Sync 1 DAGs
[2026-02-06T09:07:45.317+0200] {logging_mixin.py:188} INFO - [2026-02-06T09:07:45.317+0200] {dag.py:3823} INFO - Setting next_dagrun for example_branch_operator to 2026-02-05 00:00:00+00:00, run_after=2026-02-06 00:00:00+00:00
[2026-02-06T09:07:45.333+0200] {processor.py:183} INFO - Processing /home/pazzoti/de-upskilling/airflow-flight-price-analysis/venv/lib/python3.10/site-packages/airflow/example_dags/example_branch_operator.py took 0.053 seconds
[2026-02-06T09:08:40.225+0200] {processor.py:161} INFO - Started process (PID=6710) to work on /home/pazzoti/de-upskilling/airflow-flight-price-analysis/venv/lib/python3.10/site-packages/airflow/example_dags/example_branch_operator.py
[2026-02-06T09:08:40.235+0200] {processor.py:830} INFO - Processing file /home/pazzoti/de-upskilling/airflow-flight-price-analysis/venv/lib/python3.10/site-packages/airflow/example_dags/example_branch_operator.py for tasks to queue
[2026-02-06T09:08:40.237+0200] {logging_mixin.py:188} INFO - [2026-02-06T09:08:40.236+0200] {dagbag.py:538} INFO - Filling up the DagBag from /home/pazzoti/de-upskilling/airflow-flight-price-analysis/venv/lib/python3.10/site-packages/airflow/example_dags/example_branch_operator.py
[2026-02-06T09:08:40.252+0200] {processor.py:840} INFO - DAG(s) 'example_branch_operator' retrieved from /home/pazzoti/de-upskilling/airflow-flight-price-analysis/venv/lib/python3.10/site-packages/airflow/example_dags/example_branch_operator.py
[2026-02-06T09:08:40.265+0200] {logging_mixin.py:188} INFO - [2026-02-06T09:08:40.265+0200] {dag.py:3036} INFO - Sync 1 DAGs
[2026-02-06T09:08:40.277+0200] {logging_mixin.py:188} INFO - [2026-02-06T09:08:40.277+0200] {dag.py:3823} INFO - Setting next_dagrun for example_branch_operator to 2026-02-05 00:00:00+00:00, run_after=2026-02-06 00:00:00+00:00
[2026-02-06T09:08:40.294+0200] {processor.py:183} INFO - Processing /home/pazzoti/de-upskilling/airflow-flight-price-analysis/venv/lib/python3.10/site-packages/airflow/example_dags/example_branch_operator.py took 0.073 seconds
[2026-02-06T09:09:38.662+0200] {processor.py:161} INFO - Started process (PID=6974) to work on /home/pazzoti/de-upskilling/airflow-flight-price-analysis/venv/lib/python3.10/site-packages/airflow/example_dags/example_branch_operator.py
[2026-02-06T09:09:38.664+0200] {processor.py:830} INFO - Processing file /home/pazzoti/de-upskilling/airflow-flight-price-analysis/venv/lib/python3.10/site-packages/airflow/example_dags/example_branch_operator.py for tasks to queue
[2026-02-06T09:09:38.665+0200] {logging_mixin.py:188} INFO - [2026-02-06T09:09:38.665+0200] {dagbag.py:538} INFO - Filling up the DagBag from /home/pazzoti/de-upskilling/airflow-flight-price-analysis/venv/lib/python3.10/site-packages/airflow/example_dags/example_branch_operator.py
[2026-02-06T09:09:38.682+0200] {processor.py:840} INFO - DAG(s) 'example_branch_operator' retrieved from /home/pazzoti/de-upskilling/airflow-flight-price-analysis/venv/lib/python3.10/site-packages/airflow/example_dags/example_branch_operator.py
[2026-02-06T09:09:38.699+0200] {logging_mixin.py:188} INFO - [2026-02-06T09:09:38.699+0200] {dag.py:3036} INFO - Sync 1 DAGs
[2026-02-06T09:09:38.714+0200] {logging_mixin.py:188} INFO - [2026-02-06T09:09:38.714+0200] {dag.py:3823} INFO - Setting next_dagrun for example_branch_operator to 2026-02-05 00:00:00+00:00, run_after=2026-02-06 00:00:00+00:00
[2026-02-06T09:09:38.751+0200] {processor.py:183} INFO - Processing /home/pazzoti/de-upskilling/airflow-flight-price-analysis/venv/lib/python3.10/site-packages/airflow/example_dags/example_branch_operator.py took 0.092 seconds
[2026-02-06T09:11:39.427+0200] {processor.py:161} INFO - Started process (PID=7981) to work on /home/pazzoti/de-upskilling/airflow-flight-price-analysis/venv/lib/python3.10/site-packages/airflow/example_dags/example_branch_operator.py
[2026-02-06T09:11:39.429+0200] {processor.py:830} INFO - Processing file /home/pazzoti/de-upskilling/airflow-flight-price-analysis/venv/lib/python3.10/site-packages/airflow/example_dags/example_branch_operator.py for tasks to queue
[2026-02-06T09:11:39.430+0200] {logging_mixin.py:188} INFO - [2026-02-06T09:11:39.430+0200] {dagbag.py:538} INFO - Filling up the DagBag from /home/pazzoti/de-upskilling/airflow-flight-price-analysis/venv/lib/python3.10/site-packages/airflow/example_dags/example_branch_operator.py
[2026-02-06T09:11:39.451+0200] {processor.py:840} INFO - DAG(s) 'example_branch_operator' retrieved from /home/pazzoti/de-upskilling/airflow-flight-price-analysis/venv/lib/python3.10/site-packages/airflow/example_dags/example_branch_operator.py
[2026-02-06T09:11:39.557+0200] {logging_mixin.py:188} INFO - [2026-02-06T09:11:39.557+0200] {dag.py:3036} INFO - Sync 1 DAGs
[2026-02-06T09:11:39.583+0200] {logging_mixin.py:188} INFO - [2026-02-06T09:11:39.582+0200] {dag.py:3823} INFO - Setting next_dagrun for example_branch_operator to 2026-02-05 00:00:00+00:00, run_after=2026-02-06 00:00:00+00:00
[2026-02-06T09:11:39.632+0200] {processor.py:183} INFO - Processing /home/pazzoti/de-upskilling/airflow-flight-price-analysis/venv/lib/python3.10/site-packages/airflow/example_dags/example_branch_operator.py took 0.209 seconds
[2026-02-06T09:12:29.557+0200] {processor.py:161} INFO - Started process (PID=8307) to work on /home/pazzoti/de-upskilling/airflow-flight-price-analysis/venv/lib/python3.10/site-packages/airflow/example_dags/example_branch_operator.py
[2026-02-06T09:12:29.558+0200] {processor.py:830} INFO - Processing file /home/pazzoti/de-upskilling/airflow-flight-price-analysis/venv/lib/python3.10/site-packages/airflow/example_dags/example_branch_operator.py for tasks to queue
[2026-02-06T09:12:29.559+0200] {logging_mixin.py:188} INFO - [2026-02-06T09:12:29.559+0200] {dagbag.py:538} INFO - Filling up the DagBag from /home/pazzoti/de-upskilling/airflow-flight-price-analysis/venv/lib/python3.10/site-packages/airflow/example_dags/example_branch_operator.py
[2026-02-06T09:12:29.573+0200] {processor.py:840} INFO - DAG(s) 'example_branch_operator' retrieved from /home/pazzoti/de-upskilling/airflow-flight-price-analysis/venv/lib/python3.10/site-packages/airflow/example_dags/example_branch_operator.py
[2026-02-06T09:12:29.586+0200] {logging_mixin.py:188} INFO - [2026-02-06T09:12:29.586+0200] {dag.py:3036} INFO - Sync 1 DAGs
[2026-02-06T09:12:29.599+0200] {logging_mixin.py:188} INFO - [2026-02-06T09:12:29.599+0200] {dag.py:3823} INFO - Setting next_dagrun for example_branch_operator to 2026-02-05 00:00:00+00:00, run_after=2026-02-06 00:00:00+00:00
[2026-02-06T09:12:29.614+0200] {processor.py:183} INFO - Processing /home/pazzoti/de-upskilling/airflow-flight-price-analysis/venv/lib/python3.10/site-packages/airflow/example_dags/example_branch_operator.py took 0.061 seconds
[2026-02-06T09:13:16.959+0200] {processor.py:161} INFO - Started process (PID=8523) to work on /home/pazzoti/de-upskilling/airflow-flight-price-analysis/venv/lib/python3.10/site-packages/airflow/example_dags/example_branch_operator.py
[2026-02-06T09:13:16.960+0200] {processor.py:830} INFO - Processing file /home/pazzoti/de-upskilling/airflow-flight-price-analysis/venv/lib/python3.10/site-packages/airflow/example_dags/example_branch_operator.py for tasks to queue
[2026-02-06T09:13:16.961+0200] {logging_mixin.py:188} INFO - [2026-02-06T09:13:16.960+0200] {dagbag.py:538} INFO - Filling up the DagBag from /home/pazzoti/de-upskilling/airflow-flight-price-analysis/venv/lib/python3.10/site-packages/airflow/example_dags/example_branch_operator.py
[2026-02-06T09:13:16.973+0200] {processor.py:840} INFO - DAG(s) 'example_branch_operator' retrieved from /home/pazzoti/de-upskilling/airflow-flight-price-analysis/venv/lib/python3.10/site-packages/airflow/example_dags/example_branch_operator.py
[2026-02-06T09:13:16.987+0200] {logging_mixin.py:188} INFO - [2026-02-06T09:13:16.987+0200] {dag.py:3036} INFO - Sync 1 DAGs
[2026-02-06T09:13:17.000+0200] {logging_mixin.py:188} INFO - [2026-02-06T09:13:17.000+0200] {dag.py:3823} INFO - Setting next_dagrun for example_branch_operator to 2026-02-05 00:00:00+00:00, run_after=2026-02-06 00:00:00+00:00
[2026-02-06T09:13:17.023+0200] {processor.py:183} INFO - Processing /home/pazzoti/de-upskilling/airflow-flight-price-analysis/venv/lib/python3.10/site-packages/airflow/example_dags/example_branch_operator.py took 0.066 seconds
[2026-02-06T09:14:12.128+0200] {processor.py:161} INFO - Started process (PID=8785) to work on /home/pazzoti/de-upskilling/airflow-flight-price-analysis/venv/lib/python3.10/site-packages/airflow/example_dags/example_branch_operator.py
[2026-02-06T09:14:12.129+0200] {processor.py:830} INFO - Processing file /home/pazzoti/de-upskilling/airflow-flight-price-analysis/venv/lib/python3.10/site-packages/airflow/example_dags/example_branch_operator.py for tasks to queue
[2026-02-06T09:14:12.130+0200] {logging_mixin.py:188} INFO - [2026-02-06T09:14:12.130+0200] {dagbag.py:538} INFO - Filling up the DagBag from /home/pazzoti/de-upskilling/airflow-flight-price-analysis/venv/lib/python3.10/site-packages/airflow/example_dags/example_branch_operator.py
[2026-02-06T09:14:12.142+0200] {processor.py:840} INFO - DAG(s) 'example_branch_operator' retrieved from /home/pazzoti/de-upskilling/airflow-flight-price-analysis/venv/lib/python3.10/site-packages/airflow/example_dags/example_branch_operator.py
[2026-02-06T09:14:12.156+0200] {logging_mixin.py:188} INFO - [2026-02-06T09:14:12.155+0200] {dag.py:3036} INFO - Sync 1 DAGs
[2026-02-06T09:14:12.168+0200] {logging_mixin.py:188} INFO - [2026-02-06T09:14:12.168+0200] {dag.py:3823} INFO - Setting next_dagrun for example_branch_operator to 2026-02-05 00:00:00+00:00, run_after=2026-02-06 00:00:00+00:00
[2026-02-06T09:14:12.193+0200] {processor.py:183} INFO - Processing /home/pazzoti/de-upskilling/airflow-flight-price-analysis/venv/lib/python3.10/site-packages/airflow/example_dags/example_branch_operator.py took 0.067 seconds
[2026-02-06T09:15:07.708+0200] {processor.py:161} INFO - Started process (PID=9034) to work on /home/pazzoti/de-upskilling/airflow-flight-price-analysis/venv/lib/python3.10/site-packages/airflow/example_dags/example_branch_operator.py
[2026-02-06T09:15:07.718+0200] {processor.py:830} INFO - Processing file /home/pazzoti/de-upskilling/airflow-flight-price-analysis/venv/lib/python3.10/site-packages/airflow/example_dags/example_branch_operator.py for tasks to queue
[2026-02-06T09:15:07.719+0200] {logging_mixin.py:188} INFO - [2026-02-06T09:15:07.719+0200] {dagbag.py:538} INFO - Filling up the DagBag from /home/pazzoti/de-upskilling/airflow-flight-price-analysis/venv/lib/python3.10/site-packages/airflow/example_dags/example_branch_operator.py
[2026-02-06T09:15:07.734+0200] {processor.py:840} INFO - DAG(s) 'example_branch_operator' retrieved from /home/pazzoti/de-upskilling/airflow-flight-price-analysis/venv/lib/python3.10/site-packages/airflow/example_dags/example_branch_operator.py
[2026-02-06T09:15:07.747+0200] {logging_mixin.py:188} INFO - [2026-02-06T09:15:07.747+0200] {dag.py:3036} INFO - Sync 1 DAGs
[2026-02-06T09:15:07.758+0200] {logging_mixin.py:188} INFO - [2026-02-06T09:15:07.758+0200] {dag.py:3823} INFO - Setting next_dagrun for example_branch_operator to 2026-02-05 00:00:00+00:00, run_after=2026-02-06 00:00:00+00:00
[2026-02-06T09:15:07.778+0200] {processor.py:183} INFO - Processing /home/pazzoti/de-upskilling/airflow-flight-price-analysis/venv/lib/python3.10/site-packages/airflow/example_dags/example_branch_operator.py took 0.072 seconds
[2026-02-06T09:15:59.045+0200] {processor.py:161} INFO - Started process (PID=9304) to work on /home/pazzoti/de-upskilling/airflow-flight-price-analysis/venv/lib/python3.10/site-packages/airflow/example_dags/example_branch_operator.py
[2026-02-06T09:15:59.046+0200] {processor.py:830} INFO - Processing file /home/pazzoti/de-upskilling/airflow-flight-price-analysis/venv/lib/python3.10/site-packages/airflow/example_dags/example_branch_operator.py for tasks to queue
[2026-02-06T09:15:59.046+0200] {logging_mixin.py:188} INFO - [2026-02-06T09:15:59.046+0200] {dagbag.py:538} INFO - Filling up the DagBag from /home/pazzoti/de-upskilling/airflow-flight-price-analysis/venv/lib/python3.10/site-packages/airflow/example_dags/example_branch_operator.py
[2026-02-06T09:15:59.060+0200] {processor.py:840} INFO - DAG(s) 'example_branch_operator' retrieved from /home/pazzoti/de-upskilling/airflow-flight-price-analysis/venv/lib/python3.10/site-packages/airflow/example_dags/example_branch_operator.py
[2026-02-06T09:15:59.075+0200] {logging_mixin.py:188} INFO - [2026-02-06T09:15:59.075+0200] {dag.py:3036} INFO - Sync 1 DAGs
[2026-02-06T09:15:59.093+0200] {logging_mixin.py:188} INFO - [2026-02-06T09:15:59.093+0200] {dag.py:3823} INFO - Setting next_dagrun for example_branch_operator to 2026-02-05 00:00:00+00:00, run_after=2026-02-06 00:00:00+00:00
[2026-02-06T09:15:59.115+0200] {processor.py:183} INFO - Processing /home/pazzoti/de-upskilling/airflow-flight-price-analysis/venv/lib/python3.10/site-packages/airflow/example_dags/example_branch_operator.py took 0.072 seconds
[2026-02-06T09:16:48.691+0200] {processor.py:161} INFO - Started process (PID=9533) to work on /home/pazzoti/de-upskilling/airflow-flight-price-analysis/venv/lib/python3.10/site-packages/airflow/example_dags/example_branch_operator.py
[2026-02-06T09:16:48.698+0200] {processor.py:830} INFO - Processing file /home/pazzoti/de-upskilling/airflow-flight-price-analysis/venv/lib/python3.10/site-packages/airflow/example_dags/example_branch_operator.py for tasks to queue
[2026-02-06T09:16:48.699+0200] {logging_mixin.py:188} INFO - [2026-02-06T09:16:48.699+0200] {dagbag.py:538} INFO - Filling up the DagBag from /home/pazzoti/de-upskilling/airflow-flight-price-analysis/venv/lib/python3.10/site-packages/airflow/example_dags/example_branch_operator.py
[2026-02-06T09:16:48.710+0200] {processor.py:840} INFO - DAG(s) 'example_branch_operator' retrieved from /home/pazzoti/de-upskilling/airflow-flight-price-analysis/venv/lib/python3.10/site-packages/airflow/example_dags/example_branch_operator.py
[2026-02-06T09:16:48.722+0200] {logging_mixin.py:188} INFO - [2026-02-06T09:16:48.722+0200] {dag.py:3036} INFO - Sync 1 DAGs
[2026-02-06T09:16:48.733+0200] {logging_mixin.py:188} INFO - [2026-02-06T09:16:48.733+0200] {dag.py:3823} INFO - Setting next_dagrun for example_branch_operator to 2026-02-05 00:00:00+00:00, run_after=2026-02-06 00:00:00+00:00
[2026-02-06T09:16:48.748+0200] {processor.py:183} INFO - Processing /home/pazzoti/de-upskilling/airflow-flight-price-analysis/venv/lib/python3.10/site-packages/airflow/example_dags/example_branch_operator.py took 0.059 seconds
[2026-02-06T09:29:33.842+0200] {processor.py:161} INFO - Started process (PID=9899) to work on /home/pazzoti/de-upskilling/airflow-flight-price-analysis/venv/lib/python3.10/site-packages/airflow/example_dags/example_branch_operator.py
[2026-02-06T09:29:33.847+0200] {processor.py:830} INFO - Processing file /home/pazzoti/de-upskilling/airflow-flight-price-analysis/venv/lib/python3.10/site-packages/airflow/example_dags/example_branch_operator.py for tasks to queue
[2026-02-06T09:29:33.848+0200] {logging_mixin.py:188} INFO - [2026-02-06T09:29:33.848+0200] {dagbag.py:538} INFO - Filling up the DagBag from /home/pazzoti/de-upskilling/airflow-flight-price-analysis/venv/lib/python3.10/site-packages/airflow/example_dags/example_branch_operator.py
[2026-02-06T09:29:33.859+0200] {processor.py:840} INFO - DAG(s) 'example_branch_operator' retrieved from /home/pazzoti/de-upskilling/airflow-flight-price-analysis/venv/lib/python3.10/site-packages/airflow/example_dags/example_branch_operator.py
[2026-02-06T09:29:33.874+0200] {logging_mixin.py:188} INFO - [2026-02-06T09:29:33.873+0200] {dag.py:3036} INFO - Sync 1 DAGs
[2026-02-06T09:29:33.888+0200] {logging_mixin.py:188} INFO - [2026-02-06T09:29:33.888+0200] {dag.py:3823} INFO - Setting next_dagrun for example_branch_operator to 2026-02-05 00:00:00+00:00, run_after=2026-02-06 00:00:00+00:00
[2026-02-06T09:29:33.904+0200] {processor.py:183} INFO - Processing /home/pazzoti/de-upskilling/airflow-flight-price-analysis/venv/lib/python3.10/site-packages/airflow/example_dags/example_branch_operator.py took 0.064 seconds
[2026-02-06T09:30:24.976+0200] {processor.py:161} INFO - Started process (PID=9986) to work on /home/pazzoti/de-upskilling/airflow-flight-price-analysis/venv/lib/python3.10/site-packages/airflow/example_dags/example_branch_operator.py
[2026-02-06T09:30:24.979+0200] {processor.py:830} INFO - Processing file /home/pazzoti/de-upskilling/airflow-flight-price-analysis/venv/lib/python3.10/site-packages/airflow/example_dags/example_branch_operator.py for tasks to queue
[2026-02-06T09:30:24.981+0200] {logging_mixin.py:188} INFO - [2026-02-06T09:30:24.980+0200] {dagbag.py:538} INFO - Filling up the DagBag from /home/pazzoti/de-upskilling/airflow-flight-price-analysis/venv/lib/python3.10/site-packages/airflow/example_dags/example_branch_operator.py
[2026-02-06T09:30:25.009+0200] {processor.py:840} INFO - DAG(s) 'example_branch_operator' retrieved from /home/pazzoti/de-upskilling/airflow-flight-price-analysis/venv/lib/python3.10/site-packages/airflow/example_dags/example_branch_operator.py
[2026-02-06T09:30:25.034+0200] {logging_mixin.py:188} INFO - [2026-02-06T09:30:25.034+0200] {dag.py:3036} INFO - Sync 1 DAGs
[2026-02-06T09:30:25.058+0200] {logging_mixin.py:188} INFO - [2026-02-06T09:30:25.058+0200] {dag.py:3823} INFO - Setting next_dagrun for example_branch_operator to 2026-02-05 00:00:00+00:00, run_after=2026-02-06 00:00:00+00:00
[2026-02-06T09:30:25.088+0200] {processor.py:183} INFO - Processing /home/pazzoti/de-upskilling/airflow-flight-price-analysis/venv/lib/python3.10/site-packages/airflow/example_dags/example_branch_operator.py took 0.122 seconds
[2026-02-06T09:31:15.092+0200] {processor.py:161} INFO - Started process (PID=10071) to work on /home/pazzoti/de-upskilling/airflow-flight-price-analysis/venv/lib/python3.10/site-packages/airflow/example_dags/example_branch_operator.py
[2026-02-06T09:31:15.099+0200] {processor.py:830} INFO - Processing file /home/pazzoti/de-upskilling/airflow-flight-price-analysis/venv/lib/python3.10/site-packages/airflow/example_dags/example_branch_operator.py for tasks to queue
[2026-02-06T09:31:15.099+0200] {logging_mixin.py:188} INFO - [2026-02-06T09:31:15.099+0200] {dagbag.py:538} INFO - Filling up the DagBag from /home/pazzoti/de-upskilling/airflow-flight-price-analysis/venv/lib/python3.10/site-packages/airflow/example_dags/example_branch_operator.py
[2026-02-06T09:31:15.109+0200] {processor.py:840} INFO - DAG(s) 'example_branch_operator' retrieved from /home/pazzoti/de-upskilling/airflow-flight-price-analysis/venv/lib/python3.10/site-packages/airflow/example_dags/example_branch_operator.py
[2026-02-06T09:31:15.121+0200] {logging_mixin.py:188} INFO - [2026-02-06T09:31:15.121+0200] {dag.py:3036} INFO - Sync 1 DAGs
[2026-02-06T09:31:15.135+0200] {logging_mixin.py:188} INFO - [2026-02-06T09:31:15.134+0200] {dag.py:3823} INFO - Setting next_dagrun for example_branch_operator to 2026-02-05 00:00:00+00:00, run_after=2026-02-06 00:00:00+00:00
[2026-02-06T09:31:15.151+0200] {processor.py:183} INFO - Processing /home/pazzoti/de-upskilling/airflow-flight-price-analysis/venv/lib/python3.10/site-packages/airflow/example_dags/example_branch_operator.py took 0.062 seconds
[2026-02-06T09:32:10.583+0200] {processor.py:161} INFO - Started process (PID=10177) to work on /home/pazzoti/de-upskilling/airflow-flight-price-analysis/venv/lib/python3.10/site-packages/airflow/example_dags/example_branch_operator.py
[2026-02-06T09:32:10.590+0200] {processor.py:830} INFO - Processing file /home/pazzoti/de-upskilling/airflow-flight-price-analysis/venv/lib/python3.10/site-packages/airflow/example_dags/example_branch_operator.py for tasks to queue
[2026-02-06T09:32:10.591+0200] {logging_mixin.py:188} INFO - [2026-02-06T09:32:10.591+0200] {dagbag.py:538} INFO - Filling up the DagBag from /home/pazzoti/de-upskilling/airflow-flight-price-analysis/venv/lib/python3.10/site-packages/airflow/example_dags/example_branch_operator.py
[2026-02-06T09:32:10.603+0200] {processor.py:840} INFO - DAG(s) 'example_branch_operator' retrieved from /home/pazzoti/de-upskilling/airflow-flight-price-analysis/venv/lib/python3.10/site-packages/airflow/example_dags/example_branch_operator.py
[2026-02-06T09:32:10.618+0200] {logging_mixin.py:188} INFO - [2026-02-06T09:32:10.618+0200] {dag.py:3036} INFO - Sync 1 DAGs
[2026-02-06T09:32:10.630+0200] {logging_mixin.py:188} INFO - [2026-02-06T09:32:10.630+0200] {dag.py:3823} INFO - Setting next_dagrun for example_branch_operator to 2026-02-05 00:00:00+00:00, run_after=2026-02-06 00:00:00+00:00
[2026-02-06T09:32:10.646+0200] {processor.py:183} INFO - Processing /home/pazzoti/de-upskilling/airflow-flight-price-analysis/venv/lib/python3.10/site-packages/airflow/example_dags/example_branch_operator.py took 0.066 seconds
[2026-02-06T09:33:03.902+0200] {processor.py:161} INFO - Started process (PID=10298) to work on /home/pazzoti/de-upskilling/airflow-flight-price-analysis/venv/lib/python3.10/site-packages/airflow/example_dags/example_branch_operator.py
[2026-02-06T09:33:03.903+0200] {processor.py:830} INFO - Processing file /home/pazzoti/de-upskilling/airflow-flight-price-analysis/venv/lib/python3.10/site-packages/airflow/example_dags/example_branch_operator.py for tasks to queue
[2026-02-06T09:33:03.904+0200] {logging_mixin.py:188} INFO - [2026-02-06T09:33:03.904+0200] {dagbag.py:538} INFO - Filling up the DagBag from /home/pazzoti/de-upskilling/airflow-flight-price-analysis/venv/lib/python3.10/site-packages/airflow/example_dags/example_branch_operator.py
[2026-02-06T09:33:03.915+0200] {processor.py:840} INFO - DAG(s) 'example_branch_operator' retrieved from /home/pazzoti/de-upskilling/airflow-flight-price-analysis/venv/lib/python3.10/site-packages/airflow/example_dags/example_branch_operator.py
[2026-02-06T09:33:03.929+0200] {logging_mixin.py:188} INFO - [2026-02-06T09:33:03.929+0200] {dag.py:3036} INFO - Sync 1 DAGs
[2026-02-06T09:33:03.941+0200] {logging_mixin.py:188} INFO - [2026-02-06T09:33:03.941+0200] {dag.py:3823} INFO - Setting next_dagrun for example_branch_operator to 2026-02-05 00:00:00+00:00, run_after=2026-02-06 00:00:00+00:00
[2026-02-06T09:33:03.957+0200] {processor.py:183} INFO - Processing /home/pazzoti/de-upskilling/airflow-flight-price-analysis/venv/lib/python3.10/site-packages/airflow/example_dags/example_branch_operator.py took 0.057 seconds
[2026-02-06T09:34:16.336+0200] {processor.py:161} INFO - Started process (PID=10415) to work on /home/pazzoti/de-upskilling/airflow-flight-price-analysis/venv/lib/python3.10/site-packages/airflow/example_dags/example_branch_operator.py
[2026-02-06T09:34:16.337+0200] {processor.py:830} INFO - Processing file /home/pazzoti/de-upskilling/airflow-flight-price-analysis/venv/lib/python3.10/site-packages/airflow/example_dags/example_branch_operator.py for tasks to queue
[2026-02-06T09:34:16.338+0200] {logging_mixin.py:188} INFO - [2026-02-06T09:34:16.338+0200] {dagbag.py:538} INFO - Filling up the DagBag from /home/pazzoti/de-upskilling/airflow-flight-price-analysis/venv/lib/python3.10/site-packages/airflow/example_dags/example_branch_operator.py
[2026-02-06T09:34:16.349+0200] {processor.py:840} INFO - DAG(s) 'example_branch_operator' retrieved from /home/pazzoti/de-upskilling/airflow-flight-price-analysis/venv/lib/python3.10/site-packages/airflow/example_dags/example_branch_operator.py
[2026-02-06T09:34:16.362+0200] {logging_mixin.py:188} INFO - [2026-02-06T09:34:16.361+0200] {dag.py:3036} INFO - Sync 1 DAGs
[2026-02-06T09:34:16.374+0200] {logging_mixin.py:188} INFO - [2026-02-06T09:34:16.373+0200] {dag.py:3823} INFO - Setting next_dagrun for example_branch_operator to 2026-02-05 00:00:00+00:00, run_after=2026-02-06 00:00:00+00:00
[2026-02-06T09:34:16.391+0200] {processor.py:183} INFO - Processing /home/pazzoti/de-upskilling/airflow-flight-price-analysis/venv/lib/python3.10/site-packages/airflow/example_dags/example_branch_operator.py took 0.057 seconds
