[2026-02-06T09:01:49.798+0200] {processor.py:161} INFO - Started process (PID=4482) to work on /home/pazzoti/de-upskilling/airflow-flight-price-analysis/venv/lib/python3.10/site-packages/airflow/example_dags/example_branch_day_of_week_operator.py
[2026-02-06T09:01:49.799+0200] {processor.py:830} INFO - Processing file /home/pazzoti/de-upskilling/airflow-flight-price-analysis/venv/lib/python3.10/site-packages/airflow/example_dags/example_branch_day_of_week_operator.py for tasks to queue
[2026-02-06T09:01:49.800+0200] {logging_mixin.py:188} INFO - [2026-02-06T09:01:49.799+0200] {dagbag.py:538} INFO - Filling up the DagBag from /home/pazzoti/de-upskilling/airflow-flight-price-analysis/venv/lib/python3.10/site-packages/airflow/example_dags/example_branch_day_of_week_operator.py
[2026-02-06T09:01:49.806+0200] {processor.py:840} INFO - DAG(s) 'example_weekday_branch_operator' retrieved from /home/pazzoti/de-upskilling/airflow-flight-price-analysis/venv/lib/python3.10/site-packages/airflow/example_dags/example_branch_day_of_week_operator.py
[2026-02-06T09:01:49.817+0200] {logging_mixin.py:188} INFO - [2026-02-06T09:01:49.817+0200] {dag.py:3036} INFO - Sync 1 DAGs
[2026-02-06T09:01:49.830+0200] {logging_mixin.py:188} INFO - [2026-02-06T09:01:49.830+0200] {dag.py:3823} INFO - Setting next_dagrun for example_weekday_branch_operator to 2026-02-05 00:00:00+00:00, run_after=2026-02-06 00:00:00+00:00
[2026-02-06T09:01:49.846+0200] {processor.py:183} INFO - Processing /home/pazzoti/de-upskilling/airflow-flight-price-analysis/venv/lib/python3.10/site-packages/airflow/example_dags/example_branch_day_of_week_operator.py took 0.050 seconds
[2026-02-06T09:02:47.371+0200] {processor.py:161} INFO - Started process (PID=4967) to work on /home/pazzoti/de-upskilling/airflow-flight-price-analysis/venv/lib/python3.10/site-packages/airflow/example_dags/example_branch_day_of_week_operator.py
[2026-02-06T09:02:47.379+0200] {processor.py:830} INFO - Processing file /home/pazzoti/de-upskilling/airflow-flight-price-analysis/venv/lib/python3.10/site-packages/airflow/example_dags/example_branch_day_of_week_operator.py for tasks to queue
[2026-02-06T09:02:47.379+0200] {logging_mixin.py:188} INFO - [2026-02-06T09:02:47.379+0200] {dagbag.py:538} INFO - Filling up the DagBag from /home/pazzoti/de-upskilling/airflow-flight-price-analysis/venv/lib/python3.10/site-packages/airflow/example_dags/example_branch_day_of_week_operator.py
[2026-02-06T09:02:47.384+0200] {processor.py:840} INFO - DAG(s) 'example_weekday_branch_operator' retrieved from /home/pazzoti/de-upskilling/airflow-flight-price-analysis/venv/lib/python3.10/site-packages/airflow/example_dags/example_branch_day_of_week_operator.py
[2026-02-06T09:02:47.394+0200] {logging_mixin.py:188} INFO - [2026-02-06T09:02:47.394+0200] {dag.py:3036} INFO - Sync 1 DAGs
[2026-02-06T09:02:47.407+0200] {logging_mixin.py:188} INFO - [2026-02-06T09:02:47.407+0200] {dag.py:3823} INFO - Setting next_dagrun for example_weekday_branch_operator to 2026-02-05 00:00:00+00:00, run_after=2026-02-06 00:00:00+00:00
[2026-02-06T09:02:47.424+0200] {processor.py:183} INFO - Processing /home/pazzoti/de-upskilling/airflow-flight-price-analysis/venv/lib/python3.10/site-packages/airflow/example_dags/example_branch_day_of_week_operator.py took 0.055 seconds
[2026-02-06T09:03:38.883+0200] {processor.py:161} INFO - Started process (PID=5203) to work on /home/pazzoti/de-upskilling/airflow-flight-price-analysis/venv/lib/python3.10/site-packages/airflow/example_dags/example_branch_day_of_week_operator.py
[2026-02-06T09:03:38.887+0200] {processor.py:830} INFO - Processing file /home/pazzoti/de-upskilling/airflow-flight-price-analysis/venv/lib/python3.10/site-packages/airflow/example_dags/example_branch_day_of_week_operator.py for tasks to queue
[2026-02-06T09:03:38.888+0200] {logging_mixin.py:188} INFO - [2026-02-06T09:03:38.888+0200] {dagbag.py:538} INFO - Filling up the DagBag from /home/pazzoti/de-upskilling/airflow-flight-price-analysis/venv/lib/python3.10/site-packages/airflow/example_dags/example_branch_day_of_week_operator.py
[2026-02-06T09:03:38.893+0200] {processor.py:840} INFO - DAG(s) 'example_weekday_branch_operator' retrieved from /home/pazzoti/de-upskilling/airflow-flight-price-analysis/venv/lib/python3.10/site-packages/airflow/example_dags/example_branch_day_of_week_operator.py
[2026-02-06T09:03:38.906+0200] {logging_mixin.py:188} INFO - [2026-02-06T09:03:38.905+0200] {dag.py:3036} INFO - Sync 1 DAGs
[2026-02-06T09:03:38.921+0200] {logging_mixin.py:188} INFO - [2026-02-06T09:03:38.921+0200] {dag.py:3823} INFO - Setting next_dagrun for example_weekday_branch_operator to 2026-02-05 00:00:00+00:00, run_after=2026-02-06 00:00:00+00:00
[2026-02-06T09:03:38.943+0200] {processor.py:183} INFO - Processing /home/pazzoti/de-upskilling/airflow-flight-price-analysis/venv/lib/python3.10/site-packages/airflow/example_dags/example_branch_day_of_week_operator.py took 0.063 seconds
[2026-02-06T09:04:33.368+0200] {processor.py:161} INFO - Started process (PID=5459) to work on /home/pazzoti/de-upskilling/airflow-flight-price-analysis/venv/lib/python3.10/site-packages/airflow/example_dags/example_branch_day_of_week_operator.py
[2026-02-06T09:04:33.375+0200] {processor.py:830} INFO - Processing file /home/pazzoti/de-upskilling/airflow-flight-price-analysis/venv/lib/python3.10/site-packages/airflow/example_dags/example_branch_day_of_week_operator.py for tasks to queue
[2026-02-06T09:04:33.376+0200] {logging_mixin.py:188} INFO - [2026-02-06T09:04:33.376+0200] {dagbag.py:538} INFO - Filling up the DagBag from /home/pazzoti/de-upskilling/airflow-flight-price-analysis/venv/lib/python3.10/site-packages/airflow/example_dags/example_branch_day_of_week_operator.py
[2026-02-06T09:04:33.382+0200] {processor.py:840} INFO - DAG(s) 'example_weekday_branch_operator' retrieved from /home/pazzoti/de-upskilling/airflow-flight-price-analysis/venv/lib/python3.10/site-packages/airflow/example_dags/example_branch_day_of_week_operator.py
[2026-02-06T09:04:33.393+0200] {logging_mixin.py:188} INFO - [2026-02-06T09:04:33.393+0200] {dag.py:3036} INFO - Sync 1 DAGs
[2026-02-06T09:04:33.405+0200] {logging_mixin.py:188} INFO - [2026-02-06T09:04:33.405+0200] {dag.py:3823} INFO - Setting next_dagrun for example_weekday_branch_operator to 2026-02-05 00:00:00+00:00, run_after=2026-02-06 00:00:00+00:00
[2026-02-06T09:04:33.421+0200] {processor.py:183} INFO - Processing /home/pazzoti/de-upskilling/airflow-flight-price-analysis/venv/lib/python3.10/site-packages/airflow/example_dags/example_branch_day_of_week_operator.py took 0.056 seconds
[2026-02-06T09:05:29.648+0200] {processor.py:161} INFO - Started process (PID=5740) to work on /home/pazzoti/de-upskilling/airflow-flight-price-analysis/venv/lib/python3.10/site-packages/airflow/example_dags/example_branch_day_of_week_operator.py
[2026-02-06T09:05:29.649+0200] {processor.py:830} INFO - Processing file /home/pazzoti/de-upskilling/airflow-flight-price-analysis/venv/lib/python3.10/site-packages/airflow/example_dags/example_branch_day_of_week_operator.py for tasks to queue
[2026-02-06T09:05:29.650+0200] {logging_mixin.py:188} INFO - [2026-02-06T09:05:29.650+0200] {dagbag.py:538} INFO - Filling up the DagBag from /home/pazzoti/de-upskilling/airflow-flight-price-analysis/venv/lib/python3.10/site-packages/airflow/example_dags/example_branch_day_of_week_operator.py
[2026-02-06T09:05:29.655+0200] {processor.py:840} INFO - DAG(s) 'example_weekday_branch_operator' retrieved from /home/pazzoti/de-upskilling/airflow-flight-price-analysis/venv/lib/python3.10/site-packages/airflow/example_dags/example_branch_day_of_week_operator.py
[2026-02-06T09:05:29.666+0200] {logging_mixin.py:188} INFO - [2026-02-06T09:05:29.666+0200] {dag.py:3036} INFO - Sync 1 DAGs
[2026-02-06T09:05:29.677+0200] {logging_mixin.py:188} INFO - [2026-02-06T09:05:29.677+0200] {dag.py:3823} INFO - Setting next_dagrun for example_weekday_branch_operator to 2026-02-05 00:00:00+00:00, run_after=2026-02-06 00:00:00+00:00
[2026-02-06T09:05:29.693+0200] {processor.py:183} INFO - Processing /home/pazzoti/de-upskilling/airflow-flight-price-analysis/venv/lib/python3.10/site-packages/airflow/example_dags/example_branch_day_of_week_operator.py took 0.048 seconds
[2026-02-06T09:06:23.813+0200] {processor.py:161} INFO - Started process (PID=6027) to work on /home/pazzoti/de-upskilling/airflow-flight-price-analysis/venv/lib/python3.10/site-packages/airflow/example_dags/example_branch_day_of_week_operator.py
[2026-02-06T09:06:23.816+0200] {processor.py:830} INFO - Processing file /home/pazzoti/de-upskilling/airflow-flight-price-analysis/venv/lib/python3.10/site-packages/airflow/example_dags/example_branch_day_of_week_operator.py for tasks to queue
[2026-02-06T09:06:23.817+0200] {logging_mixin.py:188} INFO - [2026-02-06T09:06:23.816+0200] {dagbag.py:538} INFO - Filling up the DagBag from /home/pazzoti/de-upskilling/airflow-flight-price-analysis/venv/lib/python3.10/site-packages/airflow/example_dags/example_branch_day_of_week_operator.py
[2026-02-06T09:06:23.823+0200] {processor.py:840} INFO - DAG(s) 'example_weekday_branch_operator' retrieved from /home/pazzoti/de-upskilling/airflow-flight-price-analysis/venv/lib/python3.10/site-packages/airflow/example_dags/example_branch_day_of_week_operator.py
[2026-02-06T09:06:23.833+0200] {logging_mixin.py:188} INFO - [2026-02-06T09:06:23.833+0200] {dag.py:3036} INFO - Sync 1 DAGs
[2026-02-06T09:06:23.847+0200] {logging_mixin.py:188} INFO - [2026-02-06T09:06:23.846+0200] {dag.py:3823} INFO - Setting next_dagrun for example_weekday_branch_operator to 2026-02-05 00:00:00+00:00, run_after=2026-02-06 00:00:00+00:00
[2026-02-06T09:06:23.863+0200] {processor.py:183} INFO - Processing /home/pazzoti/de-upskilling/airflow-flight-price-analysis/venv/lib/python3.10/site-packages/airflow/example_dags/example_branch_day_of_week_operator.py took 0.053 seconds
[2026-02-06T09:07:19.580+0200] {processor.py:161} INFO - Started process (PID=6341) to work on /home/pazzoti/de-upskilling/airflow-flight-price-analysis/venv/lib/python3.10/site-packages/airflow/example_dags/example_branch_day_of_week_operator.py
[2026-02-06T09:07:19.582+0200] {processor.py:830} INFO - Processing file /home/pazzoti/de-upskilling/airflow-flight-price-analysis/venv/lib/python3.10/site-packages/airflow/example_dags/example_branch_day_of_week_operator.py for tasks to queue
[2026-02-06T09:07:19.583+0200] {logging_mixin.py:188} INFO - [2026-02-06T09:07:19.583+0200] {dagbag.py:538} INFO - Filling up the DagBag from /home/pazzoti/de-upskilling/airflow-flight-price-analysis/venv/lib/python3.10/site-packages/airflow/example_dags/example_branch_day_of_week_operator.py
[2026-02-06T09:07:19.590+0200] {processor.py:840} INFO - DAG(s) 'example_weekday_branch_operator' retrieved from /home/pazzoti/de-upskilling/airflow-flight-price-analysis/venv/lib/python3.10/site-packages/airflow/example_dags/example_branch_day_of_week_operator.py
[2026-02-06T09:07:19.602+0200] {logging_mixin.py:188} INFO - [2026-02-06T09:07:19.602+0200] {dag.py:3036} INFO - Sync 1 DAGs
[2026-02-06T09:07:19.616+0200] {logging_mixin.py:188} INFO - [2026-02-06T09:07:19.616+0200] {dag.py:3823} INFO - Setting next_dagrun for example_weekday_branch_operator to 2026-02-05 00:00:00+00:00, run_after=2026-02-06 00:00:00+00:00
[2026-02-06T09:07:19.635+0200] {processor.py:183} INFO - Processing /home/pazzoti/de-upskilling/airflow-flight-price-analysis/venv/lib/python3.10/site-packages/airflow/example_dags/example_branch_day_of_week_operator.py took 0.057 seconds
[2026-02-06T09:08:13.942+0200] {processor.py:161} INFO - Started process (PID=6594) to work on /home/pazzoti/de-upskilling/airflow-flight-price-analysis/venv/lib/python3.10/site-packages/airflow/example_dags/example_branch_day_of_week_operator.py
[2026-02-06T09:08:13.944+0200] {processor.py:830} INFO - Processing file /home/pazzoti/de-upskilling/airflow-flight-price-analysis/venv/lib/python3.10/site-packages/airflow/example_dags/example_branch_day_of_week_operator.py for tasks to queue
[2026-02-06T09:08:13.945+0200] {logging_mixin.py:188} INFO - [2026-02-06T09:08:13.944+0200] {dagbag.py:538} INFO - Filling up the DagBag from /home/pazzoti/de-upskilling/airflow-flight-price-analysis/venv/lib/python3.10/site-packages/airflow/example_dags/example_branch_day_of_week_operator.py
[2026-02-06T09:08:13.951+0200] {processor.py:840} INFO - DAG(s) 'example_weekday_branch_operator' retrieved from /home/pazzoti/de-upskilling/airflow-flight-price-analysis/venv/lib/python3.10/site-packages/airflow/example_dags/example_branch_day_of_week_operator.py
[2026-02-06T09:08:13.963+0200] {logging_mixin.py:188} INFO - [2026-02-06T09:08:13.963+0200] {dag.py:3036} INFO - Sync 1 DAGs
[2026-02-06T09:08:13.974+0200] {logging_mixin.py:188} INFO - [2026-02-06T09:08:13.974+0200] {dag.py:3823} INFO - Setting next_dagrun for example_weekday_branch_operator to 2026-02-05 00:00:00+00:00, run_after=2026-02-06 00:00:00+00:00
[2026-02-06T09:08:13.992+0200] {processor.py:183} INFO - Processing /home/pazzoti/de-upskilling/airflow-flight-price-analysis/venv/lib/python3.10/site-packages/airflow/example_dags/example_branch_day_of_week_operator.py took 0.051 seconds
[2026-02-06T09:09:08.832+0200] {processor.py:161} INFO - Started process (PID=6840) to work on /home/pazzoti/de-upskilling/airflow-flight-price-analysis/venv/lib/python3.10/site-packages/airflow/example_dags/example_branch_day_of_week_operator.py
[2026-02-06T09:09:08.840+0200] {processor.py:830} INFO - Processing file /home/pazzoti/de-upskilling/airflow-flight-price-analysis/venv/lib/python3.10/site-packages/airflow/example_dags/example_branch_day_of_week_operator.py for tasks to queue
[2026-02-06T09:09:08.841+0200] {logging_mixin.py:188} INFO - [2026-02-06T09:09:08.841+0200] {dagbag.py:538} INFO - Filling up the DagBag from /home/pazzoti/de-upskilling/airflow-flight-price-analysis/venv/lib/python3.10/site-packages/airflow/example_dags/example_branch_day_of_week_operator.py
[2026-02-06T09:09:08.856+0200] {processor.py:840} INFO - DAG(s) 'example_weekday_branch_operator' retrieved from /home/pazzoti/de-upskilling/airflow-flight-price-analysis/venv/lib/python3.10/site-packages/airflow/example_dags/example_branch_day_of_week_operator.py
[2026-02-06T09:09:08.887+0200] {logging_mixin.py:188} INFO - [2026-02-06T09:09:08.887+0200] {dag.py:3036} INFO - Sync 1 DAGs
[2026-02-06T09:09:08.914+0200] {logging_mixin.py:188} INFO - [2026-02-06T09:09:08.913+0200] {dag.py:3823} INFO - Setting next_dagrun for example_weekday_branch_operator to 2026-02-05 00:00:00+00:00, run_after=2026-02-06 00:00:00+00:00
[2026-02-06T09:09:08.944+0200] {processor.py:183} INFO - Processing /home/pazzoti/de-upskilling/airflow-flight-price-analysis/venv/lib/python3.10/site-packages/airflow/example_dags/example_branch_day_of_week_operator.py took 0.119 seconds
[2026-02-06T09:11:57.018+0200] {processor.py:161} INFO - Started process (PID=8132) to work on /home/pazzoti/de-upskilling/airflow-flight-price-analysis/venv/lib/python3.10/site-packages/airflow/example_dags/example_branch_day_of_week_operator.py
[2026-02-06T09:11:57.026+0200] {processor.py:830} INFO - Processing file /home/pazzoti/de-upskilling/airflow-flight-price-analysis/venv/lib/python3.10/site-packages/airflow/example_dags/example_branch_day_of_week_operator.py for tasks to queue
[2026-02-06T09:11:57.027+0200] {logging_mixin.py:188} INFO - [2026-02-06T09:11:57.027+0200] {dagbag.py:538} INFO - Filling up the DagBag from /home/pazzoti/de-upskilling/airflow-flight-price-analysis/venv/lib/python3.10/site-packages/airflow/example_dags/example_branch_day_of_week_operator.py
[2026-02-06T09:11:57.038+0200] {processor.py:840} INFO - DAG(s) 'example_weekday_branch_operator' retrieved from /home/pazzoti/de-upskilling/airflow-flight-price-analysis/venv/lib/python3.10/site-packages/airflow/example_dags/example_branch_day_of_week_operator.py
[2026-02-06T09:11:57.055+0200] {logging_mixin.py:188} INFO - [2026-02-06T09:11:57.055+0200] {dag.py:3036} INFO - Sync 1 DAGs
[2026-02-06T09:11:57.078+0200] {logging_mixin.py:188} INFO - [2026-02-06T09:11:57.078+0200] {dag.py:3823} INFO - Setting next_dagrun for example_weekday_branch_operator to 2026-02-05 00:00:00+00:00, run_after=2026-02-06 00:00:00+00:00
[2026-02-06T09:11:57.121+0200] {processor.py:183} INFO - Processing /home/pazzoti/de-upskilling/airflow-flight-price-analysis/venv/lib/python3.10/site-packages/airflow/example_dags/example_branch_day_of_week_operator.py took 0.107 seconds
[2026-02-06T09:13:03.784+0200] {processor.py:161} INFO - Started process (PID=8469) to work on /home/pazzoti/de-upskilling/airflow-flight-price-analysis/venv/lib/python3.10/site-packages/airflow/example_dags/example_branch_day_of_week_operator.py
[2026-02-06T09:13:03.786+0200] {processor.py:830} INFO - Processing file /home/pazzoti/de-upskilling/airflow-flight-price-analysis/venv/lib/python3.10/site-packages/airflow/example_dags/example_branch_day_of_week_operator.py for tasks to queue
[2026-02-06T09:13:03.786+0200] {logging_mixin.py:188} INFO - [2026-02-06T09:13:03.786+0200] {dagbag.py:538} INFO - Filling up the DagBag from /home/pazzoti/de-upskilling/airflow-flight-price-analysis/venv/lib/python3.10/site-packages/airflow/example_dags/example_branch_day_of_week_operator.py
[2026-02-06T09:13:03.793+0200] {processor.py:840} INFO - DAG(s) 'example_weekday_branch_operator' retrieved from /home/pazzoti/de-upskilling/airflow-flight-price-analysis/venv/lib/python3.10/site-packages/airflow/example_dags/example_branch_day_of_week_operator.py
[2026-02-06T09:13:03.806+0200] {logging_mixin.py:188} INFO - [2026-02-06T09:13:03.805+0200] {dag.py:3036} INFO - Sync 1 DAGs
[2026-02-06T09:13:03.819+0200] {logging_mixin.py:188} INFO - [2026-02-06T09:13:03.819+0200] {dag.py:3823} INFO - Setting next_dagrun for example_weekday_branch_operator to 2026-02-05 00:00:00+00:00, run_after=2026-02-06 00:00:00+00:00
[2026-02-06T09:13:03.839+0200] {processor.py:183} INFO - Processing /home/pazzoti/de-upskilling/airflow-flight-price-analysis/venv/lib/python3.10/site-packages/airflow/example_dags/example_branch_day_of_week_operator.py took 0.057 seconds
[2026-02-06T09:13:58.532+0200] {processor.py:161} INFO - Started process (PID=8723) to work on /home/pazzoti/de-upskilling/airflow-flight-price-analysis/venv/lib/python3.10/site-packages/airflow/example_dags/example_branch_day_of_week_operator.py
[2026-02-06T09:13:58.534+0200] {processor.py:830} INFO - Processing file /home/pazzoti/de-upskilling/airflow-flight-price-analysis/venv/lib/python3.10/site-packages/airflow/example_dags/example_branch_day_of_week_operator.py for tasks to queue
[2026-02-06T09:13:58.536+0200] {logging_mixin.py:188} INFO - [2026-02-06T09:13:58.535+0200] {dagbag.py:538} INFO - Filling up the DagBag from /home/pazzoti/de-upskilling/airflow-flight-price-analysis/venv/lib/python3.10/site-packages/airflow/example_dags/example_branch_day_of_week_operator.py
[2026-02-06T09:13:58.547+0200] {processor.py:840} INFO - DAG(s) 'example_weekday_branch_operator' retrieved from /home/pazzoti/de-upskilling/airflow-flight-price-analysis/venv/lib/python3.10/site-packages/airflow/example_dags/example_branch_day_of_week_operator.py
[2026-02-06T09:13:58.565+0200] {logging_mixin.py:188} INFO - [2026-02-06T09:13:58.564+0200] {dag.py:3036} INFO - Sync 1 DAGs
[2026-02-06T09:13:58.585+0200] {logging_mixin.py:188} INFO - [2026-02-06T09:13:58.585+0200] {dag.py:3823} INFO - Setting next_dagrun for example_weekday_branch_operator to 2026-02-05 00:00:00+00:00, run_after=2026-02-06 00:00:00+00:00
[2026-02-06T09:13:58.609+0200] {processor.py:183} INFO - Processing /home/pazzoti/de-upskilling/airflow-flight-price-analysis/venv/lib/python3.10/site-packages/airflow/example_dags/example_branch_day_of_week_operator.py took 0.079 seconds
[2026-02-06T09:14:52.817+0200] {processor.py:161} INFO - Started process (PID=8973) to work on /home/pazzoti/de-upskilling/airflow-flight-price-analysis/venv/lib/python3.10/site-packages/airflow/example_dags/example_branch_day_of_week_operator.py
[2026-02-06T09:14:52.818+0200] {processor.py:830} INFO - Processing file /home/pazzoti/de-upskilling/airflow-flight-price-analysis/venv/lib/python3.10/site-packages/airflow/example_dags/example_branch_day_of_week_operator.py for tasks to queue
[2026-02-06T09:14:52.819+0200] {logging_mixin.py:188} INFO - [2026-02-06T09:14:52.819+0200] {dagbag.py:538} INFO - Filling up the DagBag from /home/pazzoti/de-upskilling/airflow-flight-price-analysis/venv/lib/python3.10/site-packages/airflow/example_dags/example_branch_day_of_week_operator.py
[2026-02-06T09:14:52.832+0200] {processor.py:840} INFO - DAG(s) 'example_weekday_branch_operator' retrieved from /home/pazzoti/de-upskilling/airflow-flight-price-analysis/venv/lib/python3.10/site-packages/airflow/example_dags/example_branch_day_of_week_operator.py
[2026-02-06T09:14:52.853+0200] {logging_mixin.py:188} INFO - [2026-02-06T09:14:52.852+0200] {dag.py:3036} INFO - Sync 1 DAGs
[2026-02-06T09:14:52.879+0200] {logging_mixin.py:188} INFO - [2026-02-06T09:14:52.879+0200] {dag.py:3823} INFO - Setting next_dagrun for example_weekday_branch_operator to 2026-02-05 00:00:00+00:00, run_after=2026-02-06 00:00:00+00:00
[2026-02-06T09:14:52.900+0200] {processor.py:183} INFO - Processing /home/pazzoti/de-upskilling/airflow-flight-price-analysis/venv/lib/python3.10/site-packages/airflow/example_dags/example_branch_day_of_week_operator.py took 0.087 seconds
[2026-02-06T09:15:48.585+0200] {processor.py:161} INFO - Started process (PID=9251) to work on /home/pazzoti/de-upskilling/airflow-flight-price-analysis/venv/lib/python3.10/site-packages/airflow/example_dags/example_branch_day_of_week_operator.py
[2026-02-06T09:15:48.594+0200] {processor.py:830} INFO - Processing file /home/pazzoti/de-upskilling/airflow-flight-price-analysis/venv/lib/python3.10/site-packages/airflow/example_dags/example_branch_day_of_week_operator.py for tasks to queue
[2026-02-06T09:15:48.595+0200] {logging_mixin.py:188} INFO - [2026-02-06T09:15:48.595+0200] {dagbag.py:538} INFO - Filling up the DagBag from /home/pazzoti/de-upskilling/airflow-flight-price-analysis/venv/lib/python3.10/site-packages/airflow/example_dags/example_branch_day_of_week_operator.py
[2026-02-06T09:15:48.603+0200] {processor.py:840} INFO - DAG(s) 'example_weekday_branch_operator' retrieved from /home/pazzoti/de-upskilling/airflow-flight-price-analysis/venv/lib/python3.10/site-packages/airflow/example_dags/example_branch_day_of_week_operator.py
[2026-02-06T09:15:48.614+0200] {logging_mixin.py:188} INFO - [2026-02-06T09:15:48.613+0200] {dag.py:3036} INFO - Sync 1 DAGs
[2026-02-06T09:15:48.625+0200] {logging_mixin.py:188} INFO - [2026-02-06T09:15:48.625+0200] {dag.py:3823} INFO - Setting next_dagrun for example_weekday_branch_operator to 2026-02-05 00:00:00+00:00, run_after=2026-02-06 00:00:00+00:00
[2026-02-06T09:15:48.642+0200] {processor.py:183} INFO - Processing /home/pazzoti/de-upskilling/airflow-flight-price-analysis/venv/lib/python3.10/site-packages/airflow/example_dags/example_branch_day_of_week_operator.py took 0.060 seconds
[2026-02-06T09:16:38.388+0200] {processor.py:161} INFO - Started process (PID=9491) to work on /home/pazzoti/de-upskilling/airflow-flight-price-analysis/venv/lib/python3.10/site-packages/airflow/example_dags/example_branch_day_of_week_operator.py
[2026-02-06T09:16:38.389+0200] {processor.py:830} INFO - Processing file /home/pazzoti/de-upskilling/airflow-flight-price-analysis/venv/lib/python3.10/site-packages/airflow/example_dags/example_branch_day_of_week_operator.py for tasks to queue
[2026-02-06T09:16:38.390+0200] {logging_mixin.py:188} INFO - [2026-02-06T09:16:38.390+0200] {dagbag.py:538} INFO - Filling up the DagBag from /home/pazzoti/de-upskilling/airflow-flight-price-analysis/venv/lib/python3.10/site-packages/airflow/example_dags/example_branch_day_of_week_operator.py
[2026-02-06T09:16:38.397+0200] {processor.py:840} INFO - DAG(s) 'example_weekday_branch_operator' retrieved from /home/pazzoti/de-upskilling/airflow-flight-price-analysis/venv/lib/python3.10/site-packages/airflow/example_dags/example_branch_day_of_week_operator.py
[2026-02-06T09:16:38.408+0200] {logging_mixin.py:188} INFO - [2026-02-06T09:16:38.408+0200] {dag.py:3036} INFO - Sync 1 DAGs
[2026-02-06T09:16:38.420+0200] {logging_mixin.py:188} INFO - [2026-02-06T09:16:38.420+0200] {dag.py:3823} INFO - Setting next_dagrun for example_weekday_branch_operator to 2026-02-05 00:00:00+00:00, run_after=2026-02-06 00:00:00+00:00
[2026-02-06T09:16:38.435+0200] {processor.py:183} INFO - Processing /home/pazzoti/de-upskilling/airflow-flight-price-analysis/venv/lib/python3.10/site-packages/airflow/example_dags/example_branch_day_of_week_operator.py took 0.050 seconds
[2026-02-06T09:29:07.728+0200] {processor.py:161} INFO - Started process (PID=9839) to work on /home/pazzoti/de-upskilling/airflow-flight-price-analysis/venv/lib/python3.10/site-packages/airflow/example_dags/example_branch_day_of_week_operator.py
[2026-02-06T09:29:07.731+0200] {processor.py:830} INFO - Processing file /home/pazzoti/de-upskilling/airflow-flight-price-analysis/venv/lib/python3.10/site-packages/airflow/example_dags/example_branch_day_of_week_operator.py for tasks to queue
[2026-02-06T09:29:07.732+0200] {logging_mixin.py:188} INFO - [2026-02-06T09:29:07.732+0200] {dagbag.py:538} INFO - Filling up the DagBag from /home/pazzoti/de-upskilling/airflow-flight-price-analysis/venv/lib/python3.10/site-packages/airflow/example_dags/example_branch_day_of_week_operator.py
[2026-02-06T09:29:07.739+0200] {processor.py:840} INFO - DAG(s) 'example_weekday_branch_operator' retrieved from /home/pazzoti/de-upskilling/airflow-flight-price-analysis/venv/lib/python3.10/site-packages/airflow/example_dags/example_branch_day_of_week_operator.py
[2026-02-06T09:29:07.750+0200] {logging_mixin.py:188} INFO - [2026-02-06T09:29:07.750+0200] {dag.py:3036} INFO - Sync 1 DAGs
[2026-02-06T09:29:07.763+0200] {logging_mixin.py:188} INFO - [2026-02-06T09:29:07.763+0200] {dag.py:3823} INFO - Setting next_dagrun for example_weekday_branch_operator to 2026-02-05 00:00:00+00:00, run_after=2026-02-06 00:00:00+00:00
[2026-02-06T09:29:07.784+0200] {processor.py:183} INFO - Processing /home/pazzoti/de-upskilling/airflow-flight-price-analysis/venv/lib/python3.10/site-packages/airflow/example_dags/example_branch_day_of_week_operator.py took 0.059 seconds
[2026-02-06T09:30:11.934+0200] {processor.py:161} INFO - Started process (PID=9967) to work on /home/pazzoti/de-upskilling/airflow-flight-price-analysis/venv/lib/python3.10/site-packages/airflow/example_dags/example_branch_day_of_week_operator.py
[2026-02-06T09:30:11.935+0200] {processor.py:830} INFO - Processing file /home/pazzoti/de-upskilling/airflow-flight-price-analysis/venv/lib/python3.10/site-packages/airflow/example_dags/example_branch_day_of_week_operator.py for tasks to queue
[2026-02-06T09:30:11.936+0200] {logging_mixin.py:188} INFO - [2026-02-06T09:30:11.936+0200] {dagbag.py:538} INFO - Filling up the DagBag from /home/pazzoti/de-upskilling/airflow-flight-price-analysis/venv/lib/python3.10/site-packages/airflow/example_dags/example_branch_day_of_week_operator.py
[2026-02-06T09:30:11.944+0200] {processor.py:840} INFO - DAG(s) 'example_weekday_branch_operator' retrieved from /home/pazzoti/de-upskilling/airflow-flight-price-analysis/venv/lib/python3.10/site-packages/airflow/example_dags/example_branch_day_of_week_operator.py
[2026-02-06T09:30:11.960+0200] {logging_mixin.py:188} INFO - [2026-02-06T09:30:11.960+0200] {dag.py:3036} INFO - Sync 1 DAGs
[2026-02-06T09:30:11.979+0200] {logging_mixin.py:188} INFO - [2026-02-06T09:30:11.979+0200] {dag.py:3823} INFO - Setting next_dagrun for example_weekday_branch_operator to 2026-02-05 00:00:00+00:00, run_after=2026-02-06 00:00:00+00:00
[2026-02-06T09:30:12.005+0200] {processor.py:183} INFO - Processing /home/pazzoti/de-upskilling/airflow-flight-price-analysis/venv/lib/python3.10/site-packages/airflow/example_dags/example_branch_day_of_week_operator.py took 0.074 seconds
[2026-02-06T09:31:16.231+0200] {processor.py:161} INFO - Started process (PID=10072) to work on /home/pazzoti/de-upskilling/airflow-flight-price-analysis/venv/lib/python3.10/site-packages/airflow/example_dags/example_branch_day_of_week_operator.py
[2026-02-06T09:31:16.240+0200] {processor.py:830} INFO - Processing file /home/pazzoti/de-upskilling/airflow-flight-price-analysis/venv/lib/python3.10/site-packages/airflow/example_dags/example_branch_day_of_week_operator.py for tasks to queue
[2026-02-06T09:31:16.241+0200] {logging_mixin.py:188} INFO - [2026-02-06T09:31:16.240+0200] {dagbag.py:538} INFO - Filling up the DagBag from /home/pazzoti/de-upskilling/airflow-flight-price-analysis/venv/lib/python3.10/site-packages/airflow/example_dags/example_branch_day_of_week_operator.py
[2026-02-06T09:31:16.247+0200] {processor.py:840} INFO - DAG(s) 'example_weekday_branch_operator' retrieved from /home/pazzoti/de-upskilling/airflow-flight-price-analysis/venv/lib/python3.10/site-packages/airflow/example_dags/example_branch_day_of_week_operator.py
[2026-02-06T09:31:16.264+0200] {logging_mixin.py:188} INFO - [2026-02-06T09:31:16.264+0200] {dag.py:3036} INFO - Sync 1 DAGs
[2026-02-06T09:31:16.282+0200] {logging_mixin.py:188} INFO - [2026-02-06T09:31:16.282+0200] {dag.py:3823} INFO - Setting next_dagrun for example_weekday_branch_operator to 2026-02-05 00:00:00+00:00, run_after=2026-02-06 00:00:00+00:00
[2026-02-06T09:31:16.312+0200] {processor.py:183} INFO - Processing /home/pazzoti/de-upskilling/airflow-flight-price-analysis/venv/lib/python3.10/site-packages/airflow/example_dags/example_branch_day_of_week_operator.py took 0.083 seconds
[2026-02-06T09:32:11.714+0200] {processor.py:161} INFO - Started process (PID=10178) to work on /home/pazzoti/de-upskilling/airflow-flight-price-analysis/venv/lib/python3.10/site-packages/airflow/example_dags/example_branch_day_of_week_operator.py
[2026-02-06T09:32:11.720+0200] {processor.py:830} INFO - Processing file /home/pazzoti/de-upskilling/airflow-flight-price-analysis/venv/lib/python3.10/site-packages/airflow/example_dags/example_branch_day_of_week_operator.py for tasks to queue
[2026-02-06T09:32:11.721+0200] {logging_mixin.py:188} INFO - [2026-02-06T09:32:11.720+0200] {dagbag.py:538} INFO - Filling up the DagBag from /home/pazzoti/de-upskilling/airflow-flight-price-analysis/venv/lib/python3.10/site-packages/airflow/example_dags/example_branch_day_of_week_operator.py
[2026-02-06T09:32:11.726+0200] {processor.py:840} INFO - DAG(s) 'example_weekday_branch_operator' retrieved from /home/pazzoti/de-upskilling/airflow-flight-price-analysis/venv/lib/python3.10/site-packages/airflow/example_dags/example_branch_day_of_week_operator.py
[2026-02-06T09:32:11.737+0200] {logging_mixin.py:188} INFO - [2026-02-06T09:32:11.737+0200] {dag.py:3036} INFO - Sync 1 DAGs
[2026-02-06T09:32:11.748+0200] {logging_mixin.py:188} INFO - [2026-02-06T09:32:11.747+0200] {dag.py:3823} INFO - Setting next_dagrun for example_weekday_branch_operator to 2026-02-05 00:00:00+00:00, run_after=2026-02-06 00:00:00+00:00
[2026-02-06T09:32:11.763+0200] {processor.py:183} INFO - Processing /home/pazzoti/de-upskilling/airflow-flight-price-analysis/venv/lib/python3.10/site-packages/airflow/example_dags/example_branch_day_of_week_operator.py took 0.051 seconds
[2026-02-06T09:33:05.037+0200] {processor.py:161} INFO - Started process (PID=10299) to work on /home/pazzoti/de-upskilling/airflow-flight-price-analysis/venv/lib/python3.10/site-packages/airflow/example_dags/example_branch_day_of_week_operator.py
[2026-02-06T09:33:05.044+0200] {processor.py:830} INFO - Processing file /home/pazzoti/de-upskilling/airflow-flight-price-analysis/venv/lib/python3.10/site-packages/airflow/example_dags/example_branch_day_of_week_operator.py for tasks to queue
[2026-02-06T09:33:05.045+0200] {logging_mixin.py:188} INFO - [2026-02-06T09:33:05.044+0200] {dagbag.py:538} INFO - Filling up the DagBag from /home/pazzoti/de-upskilling/airflow-flight-price-analysis/venv/lib/python3.10/site-packages/airflow/example_dags/example_branch_day_of_week_operator.py
[2026-02-06T09:33:05.050+0200] {processor.py:840} INFO - DAG(s) 'example_weekday_branch_operator' retrieved from /home/pazzoti/de-upskilling/airflow-flight-price-analysis/venv/lib/python3.10/site-packages/airflow/example_dags/example_branch_day_of_week_operator.py
[2026-02-06T09:33:05.061+0200] {logging_mixin.py:188} INFO - [2026-02-06T09:33:05.060+0200] {dag.py:3036} INFO - Sync 1 DAGs
[2026-02-06T09:33:05.074+0200] {logging_mixin.py:188} INFO - [2026-02-06T09:33:05.074+0200] {dag.py:3823} INFO - Setting next_dagrun for example_weekday_branch_operator to 2026-02-05 00:00:00+00:00, run_after=2026-02-06 00:00:00+00:00
[2026-02-06T09:33:05.091+0200] {processor.py:183} INFO - Processing /home/pazzoti/de-upskilling/airflow-flight-price-analysis/venv/lib/python3.10/site-packages/airflow/example_dags/example_branch_day_of_week_operator.py took 0.056 seconds
[2026-02-06T09:34:23.117+0200] {processor.py:161} INFO - Started process (PID=10430) to work on /home/pazzoti/de-upskilling/airflow-flight-price-analysis/venv/lib/python3.10/site-packages/airflow/example_dags/example_branch_day_of_week_operator.py
[2026-02-06T09:34:23.120+0200] {processor.py:830} INFO - Processing file /home/pazzoti/de-upskilling/airflow-flight-price-analysis/venv/lib/python3.10/site-packages/airflow/example_dags/example_branch_day_of_week_operator.py for tasks to queue
[2026-02-06T09:34:23.121+0200] {logging_mixin.py:188} INFO - [2026-02-06T09:34:23.121+0200] {dagbag.py:538} INFO - Filling up the DagBag from /home/pazzoti/de-upskilling/airflow-flight-price-analysis/venv/lib/python3.10/site-packages/airflow/example_dags/example_branch_day_of_week_operator.py
[2026-02-06T09:34:23.126+0200] {processor.py:840} INFO - DAG(s) 'example_weekday_branch_operator' retrieved from /home/pazzoti/de-upskilling/airflow-flight-price-analysis/venv/lib/python3.10/site-packages/airflow/example_dags/example_branch_day_of_week_operator.py
[2026-02-06T09:34:23.137+0200] {logging_mixin.py:188} INFO - [2026-02-06T09:34:23.137+0200] {dag.py:3036} INFO - Sync 1 DAGs
[2026-02-06T09:34:23.149+0200] {logging_mixin.py:188} INFO - [2026-02-06T09:34:23.149+0200] {dag.py:3823} INFO - Setting next_dagrun for example_weekday_branch_operator to 2026-02-05 00:00:00+00:00, run_after=2026-02-06 00:00:00+00:00
[2026-02-06T09:34:23.165+0200] {processor.py:183} INFO - Processing /home/pazzoti/de-upskilling/airflow-flight-price-analysis/venv/lib/python3.10/site-packages/airflow/example_dags/example_branch_day_of_week_operator.py took 0.051 seconds
