[2026-02-06T09:01:22.523+0200] {processor.py:161} INFO - Started process (PID=4212) to work on /home/pazzoti/de-upskilling/airflow-flight-price-analysis/venv/lib/python3.10/site-packages/airflow/example_dags/example_sla_dag.py
[2026-02-06T09:01:22.524+0200] {processor.py:830} INFO - Processing file /home/pazzoti/de-upskilling/airflow-flight-price-analysis/venv/lib/python3.10/site-packages/airflow/example_dags/example_sla_dag.py for tasks to queue
[2026-02-06T09:01:22.526+0200] {logging_mixin.py:188} INFO - [2026-02-06T09:01:22.526+0200] {dagbag.py:538} INFO - Filling up the DagBag from /home/pazzoti/de-upskilling/airflow-flight-price-analysis/venv/lib/python3.10/site-packages/airflow/example_dags/example_sla_dag.py
[2026-02-06T09:01:22.610+0200] {processor.py:840} INFO - DAG(s) 'example_sla_dag' retrieved from /home/pazzoti/de-upskilling/airflow-flight-price-analysis/venv/lib/python3.10/site-packages/airflow/example_dags/example_sla_dag.py
[2026-02-06T09:01:22.626+0200] {logging_mixin.py:188} INFO - [2026-02-06T09:01:22.626+0200] {dag.py:3036} INFO - Sync 1 DAGs
[2026-02-06T09:01:22.643+0200] {logging_mixin.py:188} INFO - [2026-02-06T09:01:22.643+0200] {dag.py:3823} INFO - Setting next_dagrun for example_sla_dag to 2026-02-06 06:58:00+00:00, run_after=2026-02-06 07:00:00+00:00
[2026-02-06T09:01:22.662+0200] {processor.py:183} INFO - Processing /home/pazzoti/de-upskilling/airflow-flight-price-analysis/venv/lib/python3.10/site-packages/airflow/example_dags/example_sla_dag.py took 0.141 seconds
[2026-02-06T09:02:14.088+0200] {processor.py:161} INFO - Started process (PID=4781) to work on /home/pazzoti/de-upskilling/airflow-flight-price-analysis/venv/lib/python3.10/site-packages/airflow/example_dags/example_sla_dag.py
[2026-02-06T09:02:14.095+0200] {processor.py:830} INFO - Processing file /home/pazzoti/de-upskilling/airflow-flight-price-analysis/venv/lib/python3.10/site-packages/airflow/example_dags/example_sla_dag.py for tasks to queue
[2026-02-06T09:02:14.096+0200] {logging_mixin.py:188} INFO - [2026-02-06T09:02:14.095+0200] {dagbag.py:538} INFO - Filling up the DagBag from /home/pazzoti/de-upskilling/airflow-flight-price-analysis/venv/lib/python3.10/site-packages/airflow/example_dags/example_sla_dag.py
[2026-02-06T09:02:14.101+0200] {processor.py:840} INFO - DAG(s) 'example_sla_dag' retrieved from /home/pazzoti/de-upskilling/airflow-flight-price-analysis/venv/lib/python3.10/site-packages/airflow/example_dags/example_sla_dag.py
[2026-02-06T09:02:14.111+0200] {logging_mixin.py:188} INFO - [2026-02-06T09:02:14.110+0200] {dag.py:3036} INFO - Sync 1 DAGs
[2026-02-06T09:02:14.122+0200] {logging_mixin.py:188} INFO - [2026-02-06T09:02:14.121+0200] {dag.py:3823} INFO - Setting next_dagrun for example_sla_dag to 2026-02-06 07:00:00+00:00, run_after=2026-02-06 07:02:00+00:00
[2026-02-06T09:02:14.138+0200] {processor.py:183} INFO - Processing /home/pazzoti/de-upskilling/airflow-flight-price-analysis/venv/lib/python3.10/site-packages/airflow/example_dags/example_sla_dag.py took 0.053 seconds
[2026-02-06T09:02:59.421+0200] {processor.py:161} INFO - Started process (PID=5019) to work on /home/pazzoti/de-upskilling/airflow-flight-price-analysis/venv/lib/python3.10/site-packages/airflow/example_dags/example_sla_dag.py
[2026-02-06T09:02:59.427+0200] {processor.py:830} INFO - Processing file /home/pazzoti/de-upskilling/airflow-flight-price-analysis/venv/lib/python3.10/site-packages/airflow/example_dags/example_sla_dag.py for tasks to queue
[2026-02-06T09:02:59.428+0200] {logging_mixin.py:188} INFO - [2026-02-06T09:02:59.428+0200] {dagbag.py:538} INFO - Filling up the DagBag from /home/pazzoti/de-upskilling/airflow-flight-price-analysis/venv/lib/python3.10/site-packages/airflow/example_dags/example_sla_dag.py
[2026-02-06T09:02:59.434+0200] {processor.py:840} INFO - DAG(s) 'example_sla_dag' retrieved from /home/pazzoti/de-upskilling/airflow-flight-price-analysis/venv/lib/python3.10/site-packages/airflow/example_dags/example_sla_dag.py
[2026-02-06T09:02:59.443+0200] {logging_mixin.py:188} INFO - [2026-02-06T09:02:59.442+0200] {dag.py:3036} INFO - Sync 1 DAGs
[2026-02-06T09:02:59.455+0200] {logging_mixin.py:188} INFO - [2026-02-06T09:02:59.454+0200] {dag.py:3823} INFO - Setting next_dagrun for example_sla_dag to 2026-02-06 07:00:00+00:00, run_after=2026-02-06 07:02:00+00:00
[2026-02-06T09:02:59.470+0200] {processor.py:183} INFO - Processing /home/pazzoti/de-upskilling/airflow-flight-price-analysis/venv/lib/python3.10/site-packages/airflow/example_dags/example_sla_dag.py took 0.052 seconds
[2026-02-06T09:03:50.301+0200] {processor.py:161} INFO - Started process (PID=5261) to work on /home/pazzoti/de-upskilling/airflow-flight-price-analysis/venv/lib/python3.10/site-packages/airflow/example_dags/example_sla_dag.py
[2026-02-06T09:03:50.302+0200] {processor.py:830} INFO - Processing file /home/pazzoti/de-upskilling/airflow-flight-price-analysis/venv/lib/python3.10/site-packages/airflow/example_dags/example_sla_dag.py for tasks to queue
[2026-02-06T09:03:50.303+0200] {logging_mixin.py:188} INFO - [2026-02-06T09:03:50.303+0200] {dagbag.py:538} INFO - Filling up the DagBag from /home/pazzoti/de-upskilling/airflow-flight-price-analysis/venv/lib/python3.10/site-packages/airflow/example_dags/example_sla_dag.py
[2026-02-06T09:03:50.312+0200] {processor.py:840} INFO - DAG(s) 'example_sla_dag' retrieved from /home/pazzoti/de-upskilling/airflow-flight-price-analysis/venv/lib/python3.10/site-packages/airflow/example_dags/example_sla_dag.py
[2026-02-06T09:03:50.325+0200] {logging_mixin.py:188} INFO - [2026-02-06T09:03:50.325+0200] {dag.py:3036} INFO - Sync 1 DAGs
[2026-02-06T09:03:50.345+0200] {logging_mixin.py:188} INFO - [2026-02-06T09:03:50.345+0200] {dag.py:3823} INFO - Setting next_dagrun for example_sla_dag to 2026-02-06 07:00:00+00:00, run_after=2026-02-06 07:02:00+00:00
[2026-02-06T09:03:50.367+0200] {processor.py:183} INFO - Processing /home/pazzoti/de-upskilling/airflow-flight-price-analysis/venv/lib/python3.10/site-packages/airflow/example_dags/example_sla_dag.py took 0.070 seconds
[2026-02-06T09:04:44.623+0200] {processor.py:161} INFO - Started process (PID=5500) to work on /home/pazzoti/de-upskilling/airflow-flight-price-analysis/venv/lib/python3.10/site-packages/airflow/example_dags/example_sla_dag.py
[2026-02-06T09:04:44.624+0200] {processor.py:830} INFO - Processing file /home/pazzoti/de-upskilling/airflow-flight-price-analysis/venv/lib/python3.10/site-packages/airflow/example_dags/example_sla_dag.py for tasks to queue
[2026-02-06T09:04:44.625+0200] {logging_mixin.py:188} INFO - [2026-02-06T09:04:44.625+0200] {dagbag.py:538} INFO - Filling up the DagBag from /home/pazzoti/de-upskilling/airflow-flight-price-analysis/venv/lib/python3.10/site-packages/airflow/example_dags/example_sla_dag.py
[2026-02-06T09:04:44.632+0200] {processor.py:840} INFO - DAG(s) 'example_sla_dag' retrieved from /home/pazzoti/de-upskilling/airflow-flight-price-analysis/venv/lib/python3.10/site-packages/airflow/example_dags/example_sla_dag.py
[2026-02-06T09:04:44.646+0200] {logging_mixin.py:188} INFO - [2026-02-06T09:04:44.646+0200] {dag.py:3036} INFO - Sync 1 DAGs
[2026-02-06T09:04:44.660+0200] {logging_mixin.py:188} INFO - [2026-02-06T09:04:44.660+0200] {dag.py:3823} INFO - Setting next_dagrun for example_sla_dag to 2026-02-06 07:02:00+00:00, run_after=2026-02-06 07:04:00+00:00
[2026-02-06T09:04:44.681+0200] {processor.py:183} INFO - Processing /home/pazzoti/de-upskilling/airflow-flight-price-analysis/venv/lib/python3.10/site-packages/airflow/example_dags/example_sla_dag.py took 0.061 seconds
[2026-02-06T09:05:41.097+0200] {processor.py:161} INFO - Started process (PID=5804) to work on /home/pazzoti/de-upskilling/airflow-flight-price-analysis/venv/lib/python3.10/site-packages/airflow/example_dags/example_sla_dag.py
[2026-02-06T09:05:41.099+0200] {processor.py:830} INFO - Processing file /home/pazzoti/de-upskilling/airflow-flight-price-analysis/venv/lib/python3.10/site-packages/airflow/example_dags/example_sla_dag.py for tasks to queue
[2026-02-06T09:05:41.100+0200] {logging_mixin.py:188} INFO - [2026-02-06T09:05:41.100+0200] {dagbag.py:538} INFO - Filling up the DagBag from /home/pazzoti/de-upskilling/airflow-flight-price-analysis/venv/lib/python3.10/site-packages/airflow/example_dags/example_sla_dag.py
[2026-02-06T09:05:41.107+0200] {processor.py:840} INFO - DAG(s) 'example_sla_dag' retrieved from /home/pazzoti/de-upskilling/airflow-flight-price-analysis/venv/lib/python3.10/site-packages/airflow/example_dags/example_sla_dag.py
[2026-02-06T09:05:41.117+0200] {logging_mixin.py:188} INFO - [2026-02-06T09:05:41.117+0200] {dag.py:3036} INFO - Sync 1 DAGs
[2026-02-06T09:05:41.136+0200] {logging_mixin.py:188} INFO - [2026-02-06T09:05:41.135+0200] {dag.py:3823} INFO - Setting next_dagrun for example_sla_dag to 2026-02-06 07:02:00+00:00, run_after=2026-02-06 07:04:00+00:00
[2026-02-06T09:05:41.168+0200] {processor.py:183} INFO - Processing /home/pazzoti/de-upskilling/airflow-flight-price-analysis/venv/lib/python3.10/site-packages/airflow/example_dags/example_sla_dag.py took 0.077 seconds
[2026-02-06T09:06:32.963+0200] {processor.py:161} INFO - Started process (PID=6064) to work on /home/pazzoti/de-upskilling/airflow-flight-price-analysis/venv/lib/python3.10/site-packages/airflow/example_dags/example_sla_dag.py
[2026-02-06T09:06:32.967+0200] {processor.py:830} INFO - Processing file /home/pazzoti/de-upskilling/airflow-flight-price-analysis/venv/lib/python3.10/site-packages/airflow/example_dags/example_sla_dag.py for tasks to queue
[2026-02-06T09:06:32.968+0200] {logging_mixin.py:188} INFO - [2026-02-06T09:06:32.968+0200] {dagbag.py:538} INFO - Filling up the DagBag from /home/pazzoti/de-upskilling/airflow-flight-price-analysis/venv/lib/python3.10/site-packages/airflow/example_dags/example_sla_dag.py
[2026-02-06T09:06:32.976+0200] {processor.py:840} INFO - DAG(s) 'example_sla_dag' retrieved from /home/pazzoti/de-upskilling/airflow-flight-price-analysis/venv/lib/python3.10/site-packages/airflow/example_dags/example_sla_dag.py
[2026-02-06T09:06:32.986+0200] {logging_mixin.py:188} INFO - [2026-02-06T09:06:32.986+0200] {dag.py:3036} INFO - Sync 1 DAGs
[2026-02-06T09:06:33.000+0200] {logging_mixin.py:188} INFO - [2026-02-06T09:06:33.000+0200] {dag.py:3823} INFO - Setting next_dagrun for example_sla_dag to 2026-02-06 07:04:00+00:00, run_after=2026-02-06 07:06:00+00:00
[2026-02-06T09:06:33.017+0200] {processor.py:183} INFO - Processing /home/pazzoti/de-upskilling/airflow-flight-price-analysis/venv/lib/python3.10/site-packages/airflow/example_dags/example_sla_dag.py took 0.057 seconds
[2026-02-06T09:07:29.259+0200] {processor.py:161} INFO - Started process (PID=6393) to work on /home/pazzoti/de-upskilling/airflow-flight-price-analysis/venv/lib/python3.10/site-packages/airflow/example_dags/example_sla_dag.py
[2026-02-06T09:07:29.260+0200] {processor.py:830} INFO - Processing file /home/pazzoti/de-upskilling/airflow-flight-price-analysis/venv/lib/python3.10/site-packages/airflow/example_dags/example_sla_dag.py for tasks to queue
[2026-02-06T09:07:29.261+0200] {logging_mixin.py:188} INFO - [2026-02-06T09:07:29.260+0200] {dagbag.py:538} INFO - Filling up the DagBag from /home/pazzoti/de-upskilling/airflow-flight-price-analysis/venv/lib/python3.10/site-packages/airflow/example_dags/example_sla_dag.py
[2026-02-06T09:07:29.267+0200] {processor.py:840} INFO - DAG(s) 'example_sla_dag' retrieved from /home/pazzoti/de-upskilling/airflow-flight-price-analysis/venv/lib/python3.10/site-packages/airflow/example_dags/example_sla_dag.py
[2026-02-06T09:07:29.280+0200] {logging_mixin.py:188} INFO - [2026-02-06T09:07:29.279+0200] {dag.py:3036} INFO - Sync 1 DAGs
[2026-02-06T09:07:29.294+0200] {logging_mixin.py:188} INFO - [2026-02-06T09:07:29.293+0200] {dag.py:3823} INFO - Setting next_dagrun for example_sla_dag to 2026-02-06 07:04:00+00:00, run_after=2026-02-06 07:06:00+00:00
[2026-02-06T09:07:29.318+0200] {processor.py:183} INFO - Processing /home/pazzoti/de-upskilling/airflow-flight-price-analysis/venv/lib/python3.10/site-packages/airflow/example_dags/example_sla_dag.py took 0.062 seconds
[2026-02-06T09:08:23.654+0200] {processor.py:161} INFO - Started process (PID=6634) to work on /home/pazzoti/de-upskilling/airflow-flight-price-analysis/venv/lib/python3.10/site-packages/airflow/example_dags/example_sla_dag.py
[2026-02-06T09:08:23.660+0200] {processor.py:830} INFO - Processing file /home/pazzoti/de-upskilling/airflow-flight-price-analysis/venv/lib/python3.10/site-packages/airflow/example_dags/example_sla_dag.py for tasks to queue
[2026-02-06T09:08:23.661+0200] {logging_mixin.py:188} INFO - [2026-02-06T09:08:23.661+0200] {dagbag.py:538} INFO - Filling up the DagBag from /home/pazzoti/de-upskilling/airflow-flight-price-analysis/venv/lib/python3.10/site-packages/airflow/example_dags/example_sla_dag.py
[2026-02-06T09:08:23.668+0200] {processor.py:840} INFO - DAG(s) 'example_sla_dag' retrieved from /home/pazzoti/de-upskilling/airflow-flight-price-analysis/venv/lib/python3.10/site-packages/airflow/example_dags/example_sla_dag.py
[2026-02-06T09:08:23.677+0200] {logging_mixin.py:188} INFO - [2026-02-06T09:08:23.677+0200] {dag.py:3036} INFO - Sync 1 DAGs
[2026-02-06T09:08:23.688+0200] {logging_mixin.py:188} INFO - [2026-02-06T09:08:23.688+0200] {dag.py:3823} INFO - Setting next_dagrun for example_sla_dag to 2026-02-06 07:06:00+00:00, run_after=2026-02-06 07:08:00+00:00
[2026-02-06T09:08:23.708+0200] {processor.py:183} INFO - Processing /home/pazzoti/de-upskilling/airflow-flight-price-analysis/venv/lib/python3.10/site-packages/airflow/example_dags/example_sla_dag.py took 0.057 seconds
[2026-02-06T09:09:18.381+0200] {processor.py:161} INFO - Started process (PID=6894) to work on /home/pazzoti/de-upskilling/airflow-flight-price-analysis/venv/lib/python3.10/site-packages/airflow/example_dags/example_sla_dag.py
[2026-02-06T09:09:18.382+0200] {processor.py:830} INFO - Processing file /home/pazzoti/de-upskilling/airflow-flight-price-analysis/venv/lib/python3.10/site-packages/airflow/example_dags/example_sla_dag.py for tasks to queue
[2026-02-06T09:09:18.383+0200] {logging_mixin.py:188} INFO - [2026-02-06T09:09:18.383+0200] {dagbag.py:538} INFO - Filling up the DagBag from /home/pazzoti/de-upskilling/airflow-flight-price-analysis/venv/lib/python3.10/site-packages/airflow/example_dags/example_sla_dag.py
[2026-02-06T09:09:18.393+0200] {processor.py:840} INFO - DAG(s) 'example_sla_dag' retrieved from /home/pazzoti/de-upskilling/airflow-flight-price-analysis/venv/lib/python3.10/site-packages/airflow/example_dags/example_sla_dag.py
[2026-02-06T09:09:18.423+0200] {logging_mixin.py:188} INFO - [2026-02-06T09:09:18.422+0200] {dag.py:3036} INFO - Sync 1 DAGs
[2026-02-06T09:09:18.463+0200] {logging_mixin.py:188} INFO - [2026-02-06T09:09:18.463+0200] {dag.py:3823} INFO - Setting next_dagrun for example_sla_dag to 2026-02-06 07:06:00+00:00, run_after=2026-02-06 07:08:00+00:00
[2026-02-06T09:09:18.497+0200] {processor.py:183} INFO - Processing /home/pazzoti/de-upskilling/airflow-flight-price-analysis/venv/lib/python3.10/site-packages/airflow/example_dags/example_sla_dag.py took 0.118 seconds
[2026-02-06T09:11:19.049+0200] {processor.py:161} INFO - Started process (PID=7738) to work on /home/pazzoti/de-upskilling/airflow-flight-price-analysis/venv/lib/python3.10/site-packages/airflow/example_dags/example_sla_dag.py
[2026-02-06T09:11:19.052+0200] {processor.py:830} INFO - Processing file /home/pazzoti/de-upskilling/airflow-flight-price-analysis/venv/lib/python3.10/site-packages/airflow/example_dags/example_sla_dag.py for tasks to queue
[2026-02-06T09:11:19.055+0200] {logging_mixin.py:188} INFO - [2026-02-06T09:11:19.054+0200] {dagbag.py:538} INFO - Filling up the DagBag from /home/pazzoti/de-upskilling/airflow-flight-price-analysis/venv/lib/python3.10/site-packages/airflow/example_dags/example_sla_dag.py
[2026-02-06T09:11:19.279+0200] {processor.py:840} INFO - DAG(s) 'example_sla_dag' retrieved from /home/pazzoti/de-upskilling/airflow-flight-price-analysis/venv/lib/python3.10/site-packages/airflow/example_dags/example_sla_dag.py
[2026-02-06T09:11:19.332+0200] {logging_mixin.py:188} INFO - [2026-02-06T09:11:19.332+0200] {dag.py:3036} INFO - Sync 1 DAGs
[2026-02-06T09:11:19.412+0200] {logging_mixin.py:188} INFO - [2026-02-06T09:11:19.412+0200] {dag.py:3823} INFO - Setting next_dagrun for example_sla_dag to 2026-02-06 07:08:00+00:00, run_after=2026-02-06 07:10:00+00:00
[2026-02-06T09:11:19.512+0200] {processor.py:183} INFO - Processing /home/pazzoti/de-upskilling/airflow-flight-price-analysis/venv/lib/python3.10/site-packages/airflow/example_dags/example_sla_dag.py took 0.475 seconds
[2026-02-06T09:12:19.180+0200] {processor.py:161} INFO - Started process (PID=8263) to work on /home/pazzoti/de-upskilling/airflow-flight-price-analysis/venv/lib/python3.10/site-packages/airflow/example_dags/example_sla_dag.py
[2026-02-06T09:12:19.186+0200] {processor.py:830} INFO - Processing file /home/pazzoti/de-upskilling/airflow-flight-price-analysis/venv/lib/python3.10/site-packages/airflow/example_dags/example_sla_dag.py for tasks to queue
[2026-02-06T09:12:19.187+0200] {logging_mixin.py:188} INFO - [2026-02-06T09:12:19.187+0200] {dagbag.py:538} INFO - Filling up the DagBag from /home/pazzoti/de-upskilling/airflow-flight-price-analysis/venv/lib/python3.10/site-packages/airflow/example_dags/example_sla_dag.py
[2026-02-06T09:12:19.200+0200] {processor.py:840} INFO - DAG(s) 'example_sla_dag' retrieved from /home/pazzoti/de-upskilling/airflow-flight-price-analysis/venv/lib/python3.10/site-packages/airflow/example_dags/example_sla_dag.py
[2026-02-06T09:12:19.216+0200] {logging_mixin.py:188} INFO - [2026-02-06T09:12:19.216+0200] {dag.py:3036} INFO - Sync 1 DAGs
[2026-02-06T09:12:19.239+0200] {logging_mixin.py:188} INFO - [2026-02-06T09:12:19.238+0200] {dag.py:3823} INFO - Setting next_dagrun for example_sla_dag to 2026-02-06 07:10:00+00:00, run_after=2026-02-06 07:12:00+00:00
[2026-02-06T09:12:19.291+0200] {processor.py:183} INFO - Processing /home/pazzoti/de-upskilling/airflow-flight-price-analysis/venv/lib/python3.10/site-packages/airflow/example_dags/example_sla_dag.py took 0.117 seconds
[2026-02-06T09:13:07.578+0200] {processor.py:161} INFO - Started process (PID=8487) to work on /home/pazzoti/de-upskilling/airflow-flight-price-analysis/venv/lib/python3.10/site-packages/airflow/example_dags/example_sla_dag.py
[2026-02-06T09:13:07.585+0200] {processor.py:830} INFO - Processing file /home/pazzoti/de-upskilling/airflow-flight-price-analysis/venv/lib/python3.10/site-packages/airflow/example_dags/example_sla_dag.py for tasks to queue
[2026-02-06T09:13:07.585+0200] {logging_mixin.py:188} INFO - [2026-02-06T09:13:07.585+0200] {dagbag.py:538} INFO - Filling up the DagBag from /home/pazzoti/de-upskilling/airflow-flight-price-analysis/venv/lib/python3.10/site-packages/airflow/example_dags/example_sla_dag.py
[2026-02-06T09:13:07.593+0200] {processor.py:840} INFO - DAG(s) 'example_sla_dag' retrieved from /home/pazzoti/de-upskilling/airflow-flight-price-analysis/venv/lib/python3.10/site-packages/airflow/example_dags/example_sla_dag.py
[2026-02-06T09:13:07.603+0200] {logging_mixin.py:188} INFO - [2026-02-06T09:13:07.603+0200] {dag.py:3036} INFO - Sync 1 DAGs
[2026-02-06T09:13:07.615+0200] {logging_mixin.py:188} INFO - [2026-02-06T09:13:07.615+0200] {dag.py:3823} INFO - Setting next_dagrun for example_sla_dag to 2026-02-06 07:10:00+00:00, run_after=2026-02-06 07:12:00+00:00
[2026-02-06T09:13:07.630+0200] {processor.py:183} INFO - Processing /home/pazzoti/de-upskilling/airflow-flight-price-analysis/venv/lib/python3.10/site-packages/airflow/example_dags/example_sla_dag.py took 0.056 seconds
[2026-02-06T09:13:54.537+0200] {processor.py:161} INFO - Started process (PID=8704) to work on /home/pazzoti/de-upskilling/airflow-flight-price-analysis/venv/lib/python3.10/site-packages/airflow/example_dags/example_sla_dag.py
[2026-02-06T09:13:54.542+0200] {processor.py:830} INFO - Processing file /home/pazzoti/de-upskilling/airflow-flight-price-analysis/venv/lib/python3.10/site-packages/airflow/example_dags/example_sla_dag.py for tasks to queue
[2026-02-06T09:13:54.544+0200] {logging_mixin.py:188} INFO - [2026-02-06T09:13:54.543+0200] {dagbag.py:538} INFO - Filling up the DagBag from /home/pazzoti/de-upskilling/airflow-flight-price-analysis/venv/lib/python3.10/site-packages/airflow/example_dags/example_sla_dag.py
[2026-02-06T09:13:54.552+0200] {processor.py:840} INFO - DAG(s) 'example_sla_dag' retrieved from /home/pazzoti/de-upskilling/airflow-flight-price-analysis/venv/lib/python3.10/site-packages/airflow/example_dags/example_sla_dag.py
[2026-02-06T09:13:54.561+0200] {logging_mixin.py:188} INFO - [2026-02-06T09:13:54.561+0200] {dag.py:3036} INFO - Sync 1 DAGs
[2026-02-06T09:13:54.574+0200] {logging_mixin.py:188} INFO - [2026-02-06T09:13:54.574+0200] {dag.py:3823} INFO - Setting next_dagrun for example_sla_dag to 2026-02-06 07:10:00+00:00, run_after=2026-02-06 07:12:00+00:00
[2026-02-06T09:13:54.596+0200] {processor.py:183} INFO - Processing /home/pazzoti/de-upskilling/airflow-flight-price-analysis/venv/lib/python3.10/site-packages/airflow/example_dags/example_sla_dag.py took 0.060 seconds
[2026-02-06T09:14:48.562+0200] {processor.py:161} INFO - Started process (PID=8953) to work on /home/pazzoti/de-upskilling/airflow-flight-price-analysis/venv/lib/python3.10/site-packages/airflow/example_dags/example_sla_dag.py
[2026-02-06T09:14:48.566+0200] {processor.py:830} INFO - Processing file /home/pazzoti/de-upskilling/airflow-flight-price-analysis/venv/lib/python3.10/site-packages/airflow/example_dags/example_sla_dag.py for tasks to queue
[2026-02-06T09:14:48.569+0200] {logging_mixin.py:188} INFO - [2026-02-06T09:14:48.568+0200] {dagbag.py:538} INFO - Filling up the DagBag from /home/pazzoti/de-upskilling/airflow-flight-price-analysis/venv/lib/python3.10/site-packages/airflow/example_dags/example_sla_dag.py
[2026-02-06T09:14:48.588+0200] {processor.py:840} INFO - DAG(s) 'example_sla_dag' retrieved from /home/pazzoti/de-upskilling/airflow-flight-price-analysis/venv/lib/python3.10/site-packages/airflow/example_dags/example_sla_dag.py
[2026-02-06T09:14:48.616+0200] {logging_mixin.py:188} INFO - [2026-02-06T09:14:48.615+0200] {dag.py:3036} INFO - Sync 1 DAGs
[2026-02-06T09:14:48.650+0200] {logging_mixin.py:188} INFO - [2026-02-06T09:14:48.650+0200] {dag.py:3823} INFO - Setting next_dagrun for example_sla_dag to 2026-02-06 07:12:00+00:00, run_after=2026-02-06 07:14:00+00:00
[2026-02-06T09:14:48.676+0200] {processor.py:183} INFO - Processing /home/pazzoti/de-upskilling/airflow-flight-price-analysis/venv/lib/python3.10/site-packages/airflow/example_dags/example_sla_dag.py took 0.118 seconds
[2026-02-06T09:15:43.661+0200] {processor.py:161} INFO - Started process (PID=9206) to work on /home/pazzoti/de-upskilling/airflow-flight-price-analysis/venv/lib/python3.10/site-packages/airflow/example_dags/example_sla_dag.py
[2026-02-06T09:15:43.664+0200] {processor.py:830} INFO - Processing file /home/pazzoti/de-upskilling/airflow-flight-price-analysis/venv/lib/python3.10/site-packages/airflow/example_dags/example_sla_dag.py for tasks to queue
[2026-02-06T09:15:43.665+0200] {logging_mixin.py:188} INFO - [2026-02-06T09:15:43.665+0200] {dagbag.py:538} INFO - Filling up the DagBag from /home/pazzoti/de-upskilling/airflow-flight-price-analysis/venv/lib/python3.10/site-packages/airflow/example_dags/example_sla_dag.py
[2026-02-06T09:15:43.672+0200] {processor.py:840} INFO - DAG(s) 'example_sla_dag' retrieved from /home/pazzoti/de-upskilling/airflow-flight-price-analysis/venv/lib/python3.10/site-packages/airflow/example_dags/example_sla_dag.py
[2026-02-06T09:15:43.680+0200] {logging_mixin.py:188} INFO - [2026-02-06T09:15:43.680+0200] {dag.py:3036} INFO - Sync 1 DAGs
[2026-02-06T09:15:43.693+0200] {logging_mixin.py:188} INFO - [2026-02-06T09:15:43.692+0200] {dag.py:3823} INFO - Setting next_dagrun for example_sla_dag to 2026-02-06 07:12:00+00:00, run_after=2026-02-06 07:14:00+00:00
[2026-02-06T09:15:43.710+0200] {processor.py:183} INFO - Processing /home/pazzoti/de-upskilling/airflow-flight-price-analysis/venv/lib/python3.10/site-packages/airflow/example_dags/example_sla_dag.py took 0.052 seconds
[2026-02-06T09:16:32.085+0200] {processor.py:161} INFO - Started process (PID=9465) to work on /home/pazzoti/de-upskilling/airflow-flight-price-analysis/venv/lib/python3.10/site-packages/airflow/example_dags/example_sla_dag.py
[2026-02-06T09:16:32.088+0200] {processor.py:830} INFO - Processing file /home/pazzoti/de-upskilling/airflow-flight-price-analysis/venv/lib/python3.10/site-packages/airflow/example_dags/example_sla_dag.py for tasks to queue
[2026-02-06T09:16:32.089+0200] {logging_mixin.py:188} INFO - [2026-02-06T09:16:32.089+0200] {dagbag.py:538} INFO - Filling up the DagBag from /home/pazzoti/de-upskilling/airflow-flight-price-analysis/venv/lib/python3.10/site-packages/airflow/example_dags/example_sla_dag.py
[2026-02-06T09:16:32.096+0200] {processor.py:840} INFO - DAG(s) 'example_sla_dag' retrieved from /home/pazzoti/de-upskilling/airflow-flight-price-analysis/venv/lib/python3.10/site-packages/airflow/example_dags/example_sla_dag.py
[2026-02-06T09:16:32.105+0200] {logging_mixin.py:188} INFO - [2026-02-06T09:16:32.104+0200] {dag.py:3036} INFO - Sync 1 DAGs
[2026-02-06T09:16:32.117+0200] {logging_mixin.py:188} INFO - [2026-02-06T09:16:32.116+0200] {dag.py:3823} INFO - Setting next_dagrun for example_sla_dag to 2026-02-06 07:14:00+00:00, run_after=2026-02-06 07:16:00+00:00
[2026-02-06T09:16:32.131+0200] {processor.py:183} INFO - Processing /home/pazzoti/de-upskilling/airflow-flight-price-analysis/venv/lib/python3.10/site-packages/airflow/example_dags/example_sla_dag.py took 0.049 seconds
[2026-02-06T09:29:01.246+0200] {processor.py:161} INFO - Started process (PID=9747) to work on /home/pazzoti/de-upskilling/airflow-flight-price-analysis/venv/lib/python3.10/site-packages/airflow/example_dags/example_sla_dag.py
[2026-02-06T09:29:01.250+0200] {processor.py:830} INFO - Processing file /home/pazzoti/de-upskilling/airflow-flight-price-analysis/venv/lib/python3.10/site-packages/airflow/example_dags/example_sla_dag.py for tasks to queue
[2026-02-06T09:29:01.252+0200] {logging_mixin.py:188} INFO - [2026-02-06T09:29:01.251+0200] {dagbag.py:538} INFO - Filling up the DagBag from /home/pazzoti/de-upskilling/airflow-flight-price-analysis/venv/lib/python3.10/site-packages/airflow/example_dags/example_sla_dag.py
[2026-02-06T09:29:01.270+0200] {processor.py:840} INFO - DAG(s) 'example_sla_dag' retrieved from /home/pazzoti/de-upskilling/airflow-flight-price-analysis/venv/lib/python3.10/site-packages/airflow/example_dags/example_sla_dag.py
[2026-02-06T09:29:01.297+0200] {logging_mixin.py:188} INFO - [2026-02-06T09:29:01.297+0200] {dag.py:3036} INFO - Sync 1 DAGs
[2026-02-06T09:29:01.333+0200] {logging_mixin.py:188} INFO - [2026-02-06T09:29:01.332+0200] {dag.py:3823} INFO - Setting next_dagrun for example_sla_dag to 2026-02-06 07:26:00+00:00, run_after=2026-02-06 07:28:00+00:00
[2026-02-06T09:29:01.373+0200] {processor.py:183} INFO - Processing /home/pazzoti/de-upskilling/airflow-flight-price-analysis/venv/lib/python3.10/site-packages/airflow/example_dags/example_sla_dag.py took 0.133 seconds
[2026-02-06T09:30:05.520+0200] {processor.py:161} INFO - Started process (PID=9961) to work on /home/pazzoti/de-upskilling/airflow-flight-price-analysis/venv/lib/python3.10/site-packages/airflow/example_dags/example_sla_dag.py
[2026-02-06T09:30:05.524+0200] {processor.py:830} INFO - Processing file /home/pazzoti/de-upskilling/airflow-flight-price-analysis/venv/lib/python3.10/site-packages/airflow/example_dags/example_sla_dag.py for tasks to queue
[2026-02-06T09:30:05.526+0200] {logging_mixin.py:188} INFO - [2026-02-06T09:30:05.525+0200] {dagbag.py:538} INFO - Filling up the DagBag from /home/pazzoti/de-upskilling/airflow-flight-price-analysis/venv/lib/python3.10/site-packages/airflow/example_dags/example_sla_dag.py
[2026-02-06T09:30:05.544+0200] {processor.py:840} INFO - DAG(s) 'example_sla_dag' retrieved from /home/pazzoti/de-upskilling/airflow-flight-price-analysis/venv/lib/python3.10/site-packages/airflow/example_dags/example_sla_dag.py
[2026-02-06T09:30:05.570+0200] {logging_mixin.py:188} INFO - [2026-02-06T09:30:05.570+0200] {dag.py:3036} INFO - Sync 1 DAGs
[2026-02-06T09:30:05.611+0200] {logging_mixin.py:188} INFO - [2026-02-06T09:30:05.610+0200] {dag.py:3823} INFO - Setting next_dagrun for example_sla_dag to 2026-02-06 07:28:00+00:00, run_after=2026-02-06 07:30:00+00:00
[2026-02-06T09:30:05.659+0200] {processor.py:183} INFO - Processing /home/pazzoti/de-upskilling/airflow-flight-price-analysis/venv/lib/python3.10/site-packages/airflow/example_dags/example_sla_dag.py took 0.144 seconds
[2026-02-06T09:31:04.809+0200] {processor.py:161} INFO - Started process (PID=10061) to work on /home/pazzoti/de-upskilling/airflow-flight-price-analysis/venv/lib/python3.10/site-packages/airflow/example_dags/example_sla_dag.py
[2026-02-06T09:31:04.810+0200] {processor.py:830} INFO - Processing file /home/pazzoti/de-upskilling/airflow-flight-price-analysis/venv/lib/python3.10/site-packages/airflow/example_dags/example_sla_dag.py for tasks to queue
[2026-02-06T09:31:04.811+0200] {logging_mixin.py:188} INFO - [2026-02-06T09:31:04.811+0200] {dagbag.py:538} INFO - Filling up the DagBag from /home/pazzoti/de-upskilling/airflow-flight-price-analysis/venv/lib/python3.10/site-packages/airflow/example_dags/example_sla_dag.py
[2026-02-06T09:31:04.817+0200] {processor.py:840} INFO - DAG(s) 'example_sla_dag' retrieved from /home/pazzoti/de-upskilling/airflow-flight-price-analysis/venv/lib/python3.10/site-packages/airflow/example_dags/example_sla_dag.py
[2026-02-06T09:31:04.826+0200] {logging_mixin.py:188} INFO - [2026-02-06T09:31:04.826+0200] {dag.py:3036} INFO - Sync 1 DAGs
[2026-02-06T09:31:04.838+0200] {logging_mixin.py:188} INFO - [2026-02-06T09:31:04.838+0200] {dag.py:3823} INFO - Setting next_dagrun for example_sla_dag to 2026-02-06 07:28:00+00:00, run_after=2026-02-06 07:30:00+00:00
[2026-02-06T09:31:04.853+0200] {processor.py:183} INFO - Processing /home/pazzoti/de-upskilling/airflow-flight-price-analysis/venv/lib/python3.10/site-packages/airflow/example_dags/example_sla_dag.py took 0.047 seconds
[2026-02-06T09:31:43.682+0200] {processor.py:161} INFO - Started process (PID=10121) to work on /home/pazzoti/de-upskilling/airflow-flight-price-analysis/venv/lib/python3.10/site-packages/airflow/example_dags/example_sla_dag.py
[2026-02-06T09:31:43.687+0200] {processor.py:830} INFO - Processing file /home/pazzoti/de-upskilling/airflow-flight-price-analysis/venv/lib/python3.10/site-packages/airflow/example_dags/example_sla_dag.py for tasks to queue
[2026-02-06T09:31:43.687+0200] {logging_mixin.py:188} INFO - [2026-02-06T09:31:43.687+0200] {dagbag.py:538} INFO - Filling up the DagBag from /home/pazzoti/de-upskilling/airflow-flight-price-analysis/venv/lib/python3.10/site-packages/airflow/example_dags/example_sla_dag.py
[2026-02-06T09:31:43.695+0200] {processor.py:840} INFO - DAG(s) 'example_sla_dag' retrieved from /home/pazzoti/de-upskilling/airflow-flight-price-analysis/venv/lib/python3.10/site-packages/airflow/example_dags/example_sla_dag.py
[2026-02-06T09:31:43.705+0200] {logging_mixin.py:188} INFO - [2026-02-06T09:31:43.704+0200] {dag.py:3036} INFO - Sync 1 DAGs
[2026-02-06T09:31:43.717+0200] {logging_mixin.py:188} INFO - [2026-02-06T09:31:43.717+0200] {dag.py:3823} INFO - Setting next_dagrun for example_sla_dag to 2026-02-06 07:28:00+00:00, run_after=2026-02-06 07:30:00+00:00
[2026-02-06T09:31:43.733+0200] {processor.py:183} INFO - Processing /home/pazzoti/de-upskilling/airflow-flight-price-analysis/venv/lib/python3.10/site-packages/airflow/example_dags/example_sla_dag.py took 0.054 seconds
[2026-02-06T09:32:38.892+0200] {processor.py:161} INFO - Started process (PID=10254) to work on /home/pazzoti/de-upskilling/airflow-flight-price-analysis/venv/lib/python3.10/site-packages/airflow/example_dags/example_sla_dag.py
[2026-02-06T09:32:38.899+0200] {processor.py:830} INFO - Processing file /home/pazzoti/de-upskilling/airflow-flight-price-analysis/venv/lib/python3.10/site-packages/airflow/example_dags/example_sla_dag.py for tasks to queue
[2026-02-06T09:32:38.900+0200] {logging_mixin.py:188} INFO - [2026-02-06T09:32:38.900+0200] {dagbag.py:538} INFO - Filling up the DagBag from /home/pazzoti/de-upskilling/airflow-flight-price-analysis/venv/lib/python3.10/site-packages/airflow/example_dags/example_sla_dag.py
[2026-02-06T09:32:38.906+0200] {processor.py:840} INFO - DAG(s) 'example_sla_dag' retrieved from /home/pazzoti/de-upskilling/airflow-flight-price-analysis/venv/lib/python3.10/site-packages/airflow/example_dags/example_sla_dag.py
[2026-02-06T09:32:38.916+0200] {logging_mixin.py:188} INFO - [2026-02-06T09:32:38.915+0200] {dag.py:3036} INFO - Sync 1 DAGs
[2026-02-06T09:32:38.928+0200] {logging_mixin.py:188} INFO - [2026-02-06T09:32:38.928+0200] {dag.py:3823} INFO - Setting next_dagrun for example_sla_dag to 2026-02-06 07:30:00+00:00, run_after=2026-02-06 07:32:00+00:00
[2026-02-06T09:32:38.943+0200] {processor.py:183} INFO - Processing /home/pazzoti/de-upskilling/airflow-flight-price-analysis/venv/lib/python3.10/site-packages/airflow/example_dags/example_sla_dag.py took 0.054 seconds
[2026-02-06T09:33:43.381+0200] {processor.py:161} INFO - Started process (PID=10353) to work on /home/pazzoti/de-upskilling/airflow-flight-price-analysis/venv/lib/python3.10/site-packages/airflow/example_dags/example_sla_dag.py
[2026-02-06T09:33:43.382+0200] {processor.py:830} INFO - Processing file /home/pazzoti/de-upskilling/airflow-flight-price-analysis/venv/lib/python3.10/site-packages/airflow/example_dags/example_sla_dag.py for tasks to queue
[2026-02-06T09:33:43.384+0200] {logging_mixin.py:188} INFO - [2026-02-06T09:33:43.383+0200] {dagbag.py:538} INFO - Filling up the DagBag from /home/pazzoti/de-upskilling/airflow-flight-price-analysis/venv/lib/python3.10/site-packages/airflow/example_dags/example_sla_dag.py
[2026-02-06T09:33:43.396+0200] {processor.py:840} INFO - DAG(s) 'example_sla_dag' retrieved from /home/pazzoti/de-upskilling/airflow-flight-price-analysis/venv/lib/python3.10/site-packages/airflow/example_dags/example_sla_dag.py
[2026-02-06T09:33:43.418+0200] {logging_mixin.py:188} INFO - [2026-02-06T09:33:43.418+0200] {dag.py:3036} INFO - Sync 1 DAGs
[2026-02-06T09:33:43.440+0200] {logging_mixin.py:188} INFO - [2026-02-06T09:33:43.440+0200] {dag.py:3823} INFO - Setting next_dagrun for example_sla_dag to 2026-02-06 07:30:00+00:00, run_after=2026-02-06 07:32:00+00:00
[2026-02-06T09:33:43.467+0200] {processor.py:183} INFO - Processing /home/pazzoti/de-upskilling/airflow-flight-price-analysis/venv/lib/python3.10/site-packages/airflow/example_dags/example_sla_dag.py took 0.089 seconds
[2026-02-06T09:34:33.540+0200] {processor.py:161} INFO - Started process (PID=10441) to work on /home/pazzoti/de-upskilling/airflow-flight-price-analysis/venv/lib/python3.10/site-packages/airflow/example_dags/example_sla_dag.py
[2026-02-06T09:34:33.547+0200] {processor.py:830} INFO - Processing file /home/pazzoti/de-upskilling/airflow-flight-price-analysis/venv/lib/python3.10/site-packages/airflow/example_dags/example_sla_dag.py for tasks to queue
[2026-02-06T09:34:33.548+0200] {logging_mixin.py:188} INFO - [2026-02-06T09:34:33.547+0200] {dagbag.py:538} INFO - Filling up the DagBag from /home/pazzoti/de-upskilling/airflow-flight-price-analysis/venv/lib/python3.10/site-packages/airflow/example_dags/example_sla_dag.py
[2026-02-06T09:34:33.554+0200] {processor.py:840} INFO - DAG(s) 'example_sla_dag' retrieved from /home/pazzoti/de-upskilling/airflow-flight-price-analysis/venv/lib/python3.10/site-packages/airflow/example_dags/example_sla_dag.py
[2026-02-06T09:34:33.566+0200] {logging_mixin.py:188} INFO - [2026-02-06T09:34:33.565+0200] {dag.py:3036} INFO - Sync 1 DAGs
[2026-02-06T09:34:33.580+0200] {logging_mixin.py:188} INFO - [2026-02-06T09:34:33.580+0200] {dag.py:3823} INFO - Setting next_dagrun for example_sla_dag to 2026-02-06 07:32:00+00:00, run_after=2026-02-06 07:34:00+00:00
[2026-02-06T09:34:33.598+0200] {processor.py:183} INFO - Processing /home/pazzoti/de-upskilling/airflow-flight-price-analysis/venv/lib/python3.10/site-packages/airflow/example_dags/example_sla_dag.py took 0.060 seconds
