[2026-02-06T09:01:41.816+0200] {processor.py:161} INFO - Started process (PID=4409) to work on /home/pazzoti/de-upskilling/airflow-flight-price-analysis/venv/lib/python3.10/site-packages/airflow/example_dags/example_params_ui_tutorial.py
[2026-02-06T09:01:41.817+0200] {processor.py:830} INFO - Processing file /home/pazzoti/de-upskilling/airflow-flight-price-analysis/venv/lib/python3.10/site-packages/airflow/example_dags/example_params_ui_tutorial.py for tasks to queue
[2026-02-06T09:01:41.818+0200] {logging_mixin.py:188} INFO - [2026-02-06T09:01:41.818+0200] {dagbag.py:538} INFO - Filling up the DagBag from /home/pazzoti/de-upskilling/airflow-flight-price-analysis/venv/lib/python3.10/site-packages/airflow/example_dags/example_params_ui_tutorial.py
[2026-02-06T09:01:41.836+0200] {processor.py:840} INFO - DAG(s) 'example_params_ui_tutorial' retrieved from /home/pazzoti/de-upskilling/airflow-flight-price-analysis/venv/lib/python3.10/site-packages/airflow/example_dags/example_params_ui_tutorial.py
[2026-02-06T09:01:41.942+0200] {logging_mixin.py:188} INFO - [2026-02-06T09:01:41.942+0200] {dag.py:3036} INFO - Sync 1 DAGs
[2026-02-06T09:01:41.948+0200] {logging_mixin.py:188} INFO - [2026-02-06T09:01:41.948+0200] {dag.py:3823} INFO - Setting next_dagrun for example_params_ui_tutorial to None, run_after=None
[2026-02-06T09:01:41.966+0200] {processor.py:183} INFO - Processing /home/pazzoti/de-upskilling/airflow-flight-price-analysis/venv/lib/python3.10/site-packages/airflow/example_dags/example_params_ui_tutorial.py took 0.153 seconds
[2026-02-06T09:02:30.502+0200] {processor.py:161} INFO - Started process (PID=4878) to work on /home/pazzoti/de-upskilling/airflow-flight-price-analysis/venv/lib/python3.10/site-packages/airflow/example_dags/example_params_ui_tutorial.py
[2026-02-06T09:02:30.507+0200] {processor.py:830} INFO - Processing file /home/pazzoti/de-upskilling/airflow-flight-price-analysis/venv/lib/python3.10/site-packages/airflow/example_dags/example_params_ui_tutorial.py for tasks to queue
[2026-02-06T09:02:30.508+0200] {logging_mixin.py:188} INFO - [2026-02-06T09:02:30.508+0200] {dagbag.py:538} INFO - Filling up the DagBag from /home/pazzoti/de-upskilling/airflow-flight-price-analysis/venv/lib/python3.10/site-packages/airflow/example_dags/example_params_ui_tutorial.py
[2026-02-06T09:02:30.517+0200] {processor.py:840} INFO - DAG(s) 'example_params_ui_tutorial' retrieved from /home/pazzoti/de-upskilling/airflow-flight-price-analysis/venv/lib/python3.10/site-packages/airflow/example_dags/example_params_ui_tutorial.py
[2026-02-06T09:02:30.544+0200] {logging_mixin.py:188} INFO - [2026-02-06T09:02:30.543+0200] {dag.py:3036} INFO - Sync 1 DAGs
[2026-02-06T09:02:30.550+0200] {logging_mixin.py:188} INFO - [2026-02-06T09:02:30.550+0200] {dag.py:3823} INFO - Setting next_dagrun for example_params_ui_tutorial to None, run_after=None
[2026-02-06T09:02:30.564+0200] {processor.py:183} INFO - Processing /home/pazzoti/de-upskilling/airflow-flight-price-analysis/venv/lib/python3.10/site-packages/airflow/example_dags/example_params_ui_tutorial.py took 0.064 seconds
[2026-02-06T09:03:19.972+0200] {processor.py:161} INFO - Started process (PID=5113) to work on /home/pazzoti/de-upskilling/airflow-flight-price-analysis/venv/lib/python3.10/site-packages/airflow/example_dags/example_params_ui_tutorial.py
[2026-02-06T09:03:19.975+0200] {processor.py:830} INFO - Processing file /home/pazzoti/de-upskilling/airflow-flight-price-analysis/venv/lib/python3.10/site-packages/airflow/example_dags/example_params_ui_tutorial.py for tasks to queue
[2026-02-06T09:03:19.976+0200] {logging_mixin.py:188} INFO - [2026-02-06T09:03:19.975+0200] {dagbag.py:538} INFO - Filling up the DagBag from /home/pazzoti/de-upskilling/airflow-flight-price-analysis/venv/lib/python3.10/site-packages/airflow/example_dags/example_params_ui_tutorial.py
[2026-02-06T09:03:19.989+0200] {processor.py:840} INFO - DAG(s) 'example_params_ui_tutorial' retrieved from /home/pazzoti/de-upskilling/airflow-flight-price-analysis/venv/lib/python3.10/site-packages/airflow/example_dags/example_params_ui_tutorial.py
[2026-02-06T09:03:20.017+0200] {logging_mixin.py:188} INFO - [2026-02-06T09:03:20.017+0200] {dag.py:3036} INFO - Sync 1 DAGs
[2026-02-06T09:03:20.025+0200] {logging_mixin.py:188} INFO - [2026-02-06T09:03:20.024+0200] {dag.py:3823} INFO - Setting next_dagrun for example_params_ui_tutorial to None, run_after=None
[2026-02-06T09:03:20.045+0200] {processor.py:183} INFO - Processing /home/pazzoti/de-upskilling/airflow-flight-price-analysis/venv/lib/python3.10/site-packages/airflow/example_dags/example_params_ui_tutorial.py took 0.076 seconds
[2026-02-06T09:04:13.743+0200] {processor.py:161} INFO - Started process (PID=5356) to work on /home/pazzoti/de-upskilling/airflow-flight-price-analysis/venv/lib/python3.10/site-packages/airflow/example_dags/example_params_ui_tutorial.py
[2026-02-06T09:04:13.744+0200] {processor.py:830} INFO - Processing file /home/pazzoti/de-upskilling/airflow-flight-price-analysis/venv/lib/python3.10/site-packages/airflow/example_dags/example_params_ui_tutorial.py for tasks to queue
[2026-02-06T09:04:13.745+0200] {logging_mixin.py:188} INFO - [2026-02-06T09:04:13.745+0200] {dagbag.py:538} INFO - Filling up the DagBag from /home/pazzoti/de-upskilling/airflow-flight-price-analysis/venv/lib/python3.10/site-packages/airflow/example_dags/example_params_ui_tutorial.py
[2026-02-06T09:04:13.754+0200] {processor.py:840} INFO - DAG(s) 'example_params_ui_tutorial' retrieved from /home/pazzoti/de-upskilling/airflow-flight-price-analysis/venv/lib/python3.10/site-packages/airflow/example_dags/example_params_ui_tutorial.py
[2026-02-06T09:04:13.778+0200] {logging_mixin.py:188} INFO - [2026-02-06T09:04:13.777+0200] {dag.py:3036} INFO - Sync 1 DAGs
[2026-02-06T09:04:13.784+0200] {logging_mixin.py:188} INFO - [2026-02-06T09:04:13.784+0200] {dag.py:3823} INFO - Setting next_dagrun for example_params_ui_tutorial to None, run_after=None
[2026-02-06T09:04:13.807+0200] {processor.py:183} INFO - Processing /home/pazzoti/de-upskilling/airflow-flight-price-analysis/venv/lib/python3.10/site-packages/airflow/example_dags/example_params_ui_tutorial.py took 0.067 seconds
[2026-02-06T09:05:10.060+0200] {processor.py:161} INFO - Started process (PID=5654) to work on /home/pazzoti/de-upskilling/airflow-flight-price-analysis/venv/lib/python3.10/site-packages/airflow/example_dags/example_params_ui_tutorial.py
[2026-02-06T09:05:10.062+0200] {processor.py:830} INFO - Processing file /home/pazzoti/de-upskilling/airflow-flight-price-analysis/venv/lib/python3.10/site-packages/airflow/example_dags/example_params_ui_tutorial.py for tasks to queue
[2026-02-06T09:05:10.064+0200] {logging_mixin.py:188} INFO - [2026-02-06T09:05:10.063+0200] {dagbag.py:538} INFO - Filling up the DagBag from /home/pazzoti/de-upskilling/airflow-flight-price-analysis/venv/lib/python3.10/site-packages/airflow/example_dags/example_params_ui_tutorial.py
[2026-02-06T09:05:10.082+0200] {processor.py:840} INFO - DAG(s) 'example_params_ui_tutorial' retrieved from /home/pazzoti/de-upskilling/airflow-flight-price-analysis/venv/lib/python3.10/site-packages/airflow/example_dags/example_params_ui_tutorial.py
[2026-02-06T09:05:10.120+0200] {logging_mixin.py:188} INFO - [2026-02-06T09:05:10.119+0200] {dag.py:3036} INFO - Sync 1 DAGs
[2026-02-06T09:05:10.139+0200] {logging_mixin.py:188} INFO - [2026-02-06T09:05:10.138+0200] {dag.py:3823} INFO - Setting next_dagrun for example_params_ui_tutorial to None, run_after=None
[2026-02-06T09:05:10.202+0200] {processor.py:183} INFO - Processing /home/pazzoti/de-upskilling/airflow-flight-price-analysis/venv/lib/python3.10/site-packages/airflow/example_dags/example_params_ui_tutorial.py took 0.147 seconds
[2026-02-06T09:06:04.695+0200] {processor.py:161} INFO - Started process (PID=5925) to work on /home/pazzoti/de-upskilling/airflow-flight-price-analysis/venv/lib/python3.10/site-packages/airflow/example_dags/example_params_ui_tutorial.py
[2026-02-06T09:06:04.699+0200] {processor.py:830} INFO - Processing file /home/pazzoti/de-upskilling/airflow-flight-price-analysis/venv/lib/python3.10/site-packages/airflow/example_dags/example_params_ui_tutorial.py for tasks to queue
[2026-02-06T09:06:04.700+0200] {logging_mixin.py:188} INFO - [2026-02-06T09:06:04.699+0200] {dagbag.py:538} INFO - Filling up the DagBag from /home/pazzoti/de-upskilling/airflow-flight-price-analysis/venv/lib/python3.10/site-packages/airflow/example_dags/example_params_ui_tutorial.py
[2026-02-06T09:06:04.709+0200] {processor.py:840} INFO - DAG(s) 'example_params_ui_tutorial' retrieved from /home/pazzoti/de-upskilling/airflow-flight-price-analysis/venv/lib/python3.10/site-packages/airflow/example_dags/example_params_ui_tutorial.py
[2026-02-06T09:06:04.733+0200] {logging_mixin.py:188} INFO - [2026-02-06T09:06:04.733+0200] {dag.py:3036} INFO - Sync 1 DAGs
[2026-02-06T09:06:04.739+0200] {logging_mixin.py:188} INFO - [2026-02-06T09:06:04.739+0200] {dag.py:3823} INFO - Setting next_dagrun for example_params_ui_tutorial to None, run_after=None
[2026-02-06T09:06:04.759+0200] {processor.py:183} INFO - Processing /home/pazzoti/de-upskilling/airflow-flight-price-analysis/venv/lib/python3.10/site-packages/airflow/example_dags/example_params_ui_tutorial.py took 0.066 seconds
[2026-02-06T09:07:00.281+0200] {processor.py:161} INFO - Started process (PID=6218) to work on /home/pazzoti/de-upskilling/airflow-flight-price-analysis/venv/lib/python3.10/site-packages/airflow/example_dags/example_params_ui_tutorial.py
[2026-02-06T09:07:00.285+0200] {processor.py:830} INFO - Processing file /home/pazzoti/de-upskilling/airflow-flight-price-analysis/venv/lib/python3.10/site-packages/airflow/example_dags/example_params_ui_tutorial.py for tasks to queue
[2026-02-06T09:07:00.286+0200] {logging_mixin.py:188} INFO - [2026-02-06T09:07:00.286+0200] {dagbag.py:538} INFO - Filling up the DagBag from /home/pazzoti/de-upskilling/airflow-flight-price-analysis/venv/lib/python3.10/site-packages/airflow/example_dags/example_params_ui_tutorial.py
[2026-02-06T09:07:00.297+0200] {processor.py:840} INFO - DAG(s) 'example_params_ui_tutorial' retrieved from /home/pazzoti/de-upskilling/airflow-flight-price-analysis/venv/lib/python3.10/site-packages/airflow/example_dags/example_params_ui_tutorial.py
[2026-02-06T09:07:00.321+0200] {logging_mixin.py:188} INFO - [2026-02-06T09:07:00.321+0200] {dag.py:3036} INFO - Sync 1 DAGs
[2026-02-06T09:07:00.329+0200] {logging_mixin.py:188} INFO - [2026-02-06T09:07:00.329+0200] {dag.py:3823} INFO - Setting next_dagrun for example_params_ui_tutorial to None, run_after=None
[2026-02-06T09:07:00.353+0200] {processor.py:183} INFO - Processing /home/pazzoti/de-upskilling/airflow-flight-price-analysis/venv/lib/python3.10/site-packages/airflow/example_dags/example_params_ui_tutorial.py took 0.075 seconds
[2026-02-06T09:07:54.810+0200] {processor.py:161} INFO - Started process (PID=6494) to work on /home/pazzoti/de-upskilling/airflow-flight-price-analysis/venv/lib/python3.10/site-packages/airflow/example_dags/example_params_ui_tutorial.py
[2026-02-06T09:07:54.812+0200] {processor.py:830} INFO - Processing file /home/pazzoti/de-upskilling/airflow-flight-price-analysis/venv/lib/python3.10/site-packages/airflow/example_dags/example_params_ui_tutorial.py for tasks to queue
[2026-02-06T09:07:54.813+0200] {logging_mixin.py:188} INFO - [2026-02-06T09:07:54.812+0200] {dagbag.py:538} INFO - Filling up the DagBag from /home/pazzoti/de-upskilling/airflow-flight-price-analysis/venv/lib/python3.10/site-packages/airflow/example_dags/example_params_ui_tutorial.py
[2026-02-06T09:07:54.821+0200] {processor.py:840} INFO - DAG(s) 'example_params_ui_tutorial' retrieved from /home/pazzoti/de-upskilling/airflow-flight-price-analysis/venv/lib/python3.10/site-packages/airflow/example_dags/example_params_ui_tutorial.py
[2026-02-06T09:07:54.843+0200] {logging_mixin.py:188} INFO - [2026-02-06T09:07:54.843+0200] {dag.py:3036} INFO - Sync 1 DAGs
[2026-02-06T09:07:54.850+0200] {logging_mixin.py:188} INFO - [2026-02-06T09:07:54.849+0200] {dag.py:3823} INFO - Setting next_dagrun for example_params_ui_tutorial to None, run_after=None
[2026-02-06T09:07:54.866+0200] {processor.py:183} INFO - Processing /home/pazzoti/de-upskilling/airflow-flight-price-analysis/venv/lib/python3.10/site-packages/airflow/example_dags/example_params_ui_tutorial.py took 0.059 seconds
[2026-02-06T09:08:49.253+0200] {processor.py:161} INFO - Started process (PID=6749) to work on /home/pazzoti/de-upskilling/airflow-flight-price-analysis/venv/lib/python3.10/site-packages/airflow/example_dags/example_params_ui_tutorial.py
[2026-02-06T09:08:49.258+0200] {processor.py:830} INFO - Processing file /home/pazzoti/de-upskilling/airflow-flight-price-analysis/venv/lib/python3.10/site-packages/airflow/example_dags/example_params_ui_tutorial.py for tasks to queue
[2026-02-06T09:08:49.259+0200] {logging_mixin.py:188} INFO - [2026-02-06T09:08:49.258+0200] {dagbag.py:538} INFO - Filling up the DagBag from /home/pazzoti/de-upskilling/airflow-flight-price-analysis/venv/lib/python3.10/site-packages/airflow/example_dags/example_params_ui_tutorial.py
[2026-02-06T09:08:49.268+0200] {processor.py:840} INFO - DAG(s) 'example_params_ui_tutorial' retrieved from /home/pazzoti/de-upskilling/airflow-flight-price-analysis/venv/lib/python3.10/site-packages/airflow/example_dags/example_params_ui_tutorial.py
[2026-02-06T09:08:49.292+0200] {logging_mixin.py:188} INFO - [2026-02-06T09:08:49.291+0200] {dag.py:3036} INFO - Sync 1 DAGs
[2026-02-06T09:08:49.298+0200] {logging_mixin.py:188} INFO - [2026-02-06T09:08:49.298+0200] {dag.py:3823} INFO - Setting next_dagrun for example_params_ui_tutorial to None, run_after=None
[2026-02-06T09:08:49.312+0200] {processor.py:183} INFO - Processing /home/pazzoti/de-upskilling/airflow-flight-price-analysis/venv/lib/python3.10/site-packages/airflow/example_dags/example_params_ui_tutorial.py took 0.062 seconds
[2026-02-06T09:09:47.668+0200] {processor.py:161} INFO - Started process (PID=7013) to work on /home/pazzoti/de-upskilling/airflow-flight-price-analysis/venv/lib/python3.10/site-packages/airflow/example_dags/example_params_ui_tutorial.py
[2026-02-06T09:09:47.670+0200] {processor.py:830} INFO - Processing file /home/pazzoti/de-upskilling/airflow-flight-price-analysis/venv/lib/python3.10/site-packages/airflow/example_dags/example_params_ui_tutorial.py for tasks to queue
[2026-02-06T09:09:47.672+0200] {logging_mixin.py:188} INFO - [2026-02-06T09:09:47.671+0200] {dagbag.py:538} INFO - Filling up the DagBag from /home/pazzoti/de-upskilling/airflow-flight-price-analysis/venv/lib/python3.10/site-packages/airflow/example_dags/example_params_ui_tutorial.py
[2026-02-06T09:09:47.690+0200] {processor.py:840} INFO - DAG(s) 'example_params_ui_tutorial' retrieved from /home/pazzoti/de-upskilling/airflow-flight-price-analysis/venv/lib/python3.10/site-packages/airflow/example_dags/example_params_ui_tutorial.py
[2026-02-06T09:09:47.730+0200] {logging_mixin.py:188} INFO - [2026-02-06T09:09:47.730+0200] {dag.py:3036} INFO - Sync 1 DAGs
[2026-02-06T09:09:47.739+0200] {logging_mixin.py:188} INFO - [2026-02-06T09:09:47.739+0200] {dag.py:3823} INFO - Setting next_dagrun for example_params_ui_tutorial to None, run_after=None
[2026-02-06T09:09:47.767+0200] {processor.py:183} INFO - Processing /home/pazzoti/de-upskilling/airflow-flight-price-analysis/venv/lib/python3.10/site-packages/airflow/example_dags/example_params_ui_tutorial.py took 0.102 seconds
[2026-02-06T09:11:48.297+0200] {processor.py:161} INFO - Started process (PID=8056) to work on /home/pazzoti/de-upskilling/airflow-flight-price-analysis/venv/lib/python3.10/site-packages/airflow/example_dags/example_params_ui_tutorial.py
[2026-02-06T09:11:48.299+0200] {processor.py:830} INFO - Processing file /home/pazzoti/de-upskilling/airflow-flight-price-analysis/venv/lib/python3.10/site-packages/airflow/example_dags/example_params_ui_tutorial.py for tasks to queue
[2026-02-06T09:11:48.300+0200] {logging_mixin.py:188} INFO - [2026-02-06T09:11:48.300+0200] {dagbag.py:538} INFO - Filling up the DagBag from /home/pazzoti/de-upskilling/airflow-flight-price-analysis/venv/lib/python3.10/site-packages/airflow/example_dags/example_params_ui_tutorial.py
[2026-02-06T09:11:48.317+0200] {processor.py:840} INFO - DAG(s) 'example_params_ui_tutorial' retrieved from /home/pazzoti/de-upskilling/airflow-flight-price-analysis/venv/lib/python3.10/site-packages/airflow/example_dags/example_params_ui_tutorial.py
[2026-02-06T09:11:48.358+0200] {logging_mixin.py:188} INFO - [2026-02-06T09:11:48.358+0200] {dag.py:3036} INFO - Sync 1 DAGs
[2026-02-06T09:11:48.370+0200] {logging_mixin.py:188} INFO - [2026-02-06T09:11:48.370+0200] {dag.py:3823} INFO - Setting next_dagrun for example_params_ui_tutorial to None, run_after=None
[2026-02-06T09:11:48.397+0200] {processor.py:183} INFO - Processing /home/pazzoti/de-upskilling/airflow-flight-price-analysis/venv/lib/python3.10/site-packages/airflow/example_dags/example_params_ui_tutorial.py took 0.105 seconds
[2026-02-06T09:12:37.655+0200] {processor.py:161} INFO - Started process (PID=8340) to work on /home/pazzoti/de-upskilling/airflow-flight-price-analysis/venv/lib/python3.10/site-packages/airflow/example_dags/example_params_ui_tutorial.py
[2026-02-06T09:12:37.656+0200] {processor.py:830} INFO - Processing file /home/pazzoti/de-upskilling/airflow-flight-price-analysis/venv/lib/python3.10/site-packages/airflow/example_dags/example_params_ui_tutorial.py for tasks to queue
[2026-02-06T09:12:37.657+0200] {logging_mixin.py:188} INFO - [2026-02-06T09:12:37.657+0200] {dagbag.py:538} INFO - Filling up the DagBag from /home/pazzoti/de-upskilling/airflow-flight-price-analysis/venv/lib/python3.10/site-packages/airflow/example_dags/example_params_ui_tutorial.py
[2026-02-06T09:12:37.666+0200] {processor.py:840} INFO - DAG(s) 'example_params_ui_tutorial' retrieved from /home/pazzoti/de-upskilling/airflow-flight-price-analysis/venv/lib/python3.10/site-packages/airflow/example_dags/example_params_ui_tutorial.py
[2026-02-06T09:12:37.689+0200] {logging_mixin.py:188} INFO - [2026-02-06T09:12:37.689+0200] {dag.py:3036} INFO - Sync 1 DAGs
[2026-02-06T09:12:37.695+0200] {logging_mixin.py:188} INFO - [2026-02-06T09:12:37.695+0200] {dag.py:3823} INFO - Setting next_dagrun for example_params_ui_tutorial to None, run_after=None
[2026-02-06T09:12:37.714+0200] {processor.py:183} INFO - Processing /home/pazzoti/de-upskilling/airflow-flight-price-analysis/venv/lib/python3.10/site-packages/airflow/example_dags/example_params_ui_tutorial.py took 0.062 seconds
[2026-02-06T09:13:33.560+0200] {processor.py:161} INFO - Started process (PID=8608) to work on /home/pazzoti/de-upskilling/airflow-flight-price-analysis/venv/lib/python3.10/site-packages/airflow/example_dags/example_params_ui_tutorial.py
[2026-02-06T09:13:33.562+0200] {processor.py:830} INFO - Processing file /home/pazzoti/de-upskilling/airflow-flight-price-analysis/venv/lib/python3.10/site-packages/airflow/example_dags/example_params_ui_tutorial.py for tasks to queue
[2026-02-06T09:13:33.563+0200] {logging_mixin.py:188} INFO - [2026-02-06T09:13:33.562+0200] {dagbag.py:538} INFO - Filling up the DagBag from /home/pazzoti/de-upskilling/airflow-flight-price-analysis/venv/lib/python3.10/site-packages/airflow/example_dags/example_params_ui_tutorial.py
[2026-02-06T09:13:33.570+0200] {processor.py:840} INFO - DAG(s) 'example_params_ui_tutorial' retrieved from /home/pazzoti/de-upskilling/airflow-flight-price-analysis/venv/lib/python3.10/site-packages/airflow/example_dags/example_params_ui_tutorial.py
[2026-02-06T09:13:33.592+0200] {logging_mixin.py:188} INFO - [2026-02-06T09:13:33.592+0200] {dag.py:3036} INFO - Sync 1 DAGs
[2026-02-06T09:13:33.599+0200] {logging_mixin.py:188} INFO - [2026-02-06T09:13:33.598+0200] {dag.py:3823} INFO - Setting next_dagrun for example_params_ui_tutorial to None, run_after=None
[2026-02-06T09:13:33.616+0200] {processor.py:183} INFO - Processing /home/pazzoti/de-upskilling/airflow-flight-price-analysis/venv/lib/python3.10/site-packages/airflow/example_dags/example_params_ui_tutorial.py took 0.057 seconds
[2026-02-06T09:14:27.196+0200] {processor.py:161} INFO - Started process (PID=8850) to work on /home/pazzoti/de-upskilling/airflow-flight-price-analysis/venv/lib/python3.10/site-packages/airflow/example_dags/example_params_ui_tutorial.py
[2026-02-06T09:14:27.199+0200] {processor.py:830} INFO - Processing file /home/pazzoti/de-upskilling/airflow-flight-price-analysis/venv/lib/python3.10/site-packages/airflow/example_dags/example_params_ui_tutorial.py for tasks to queue
[2026-02-06T09:14:27.200+0200] {logging_mixin.py:188} INFO - [2026-02-06T09:14:27.200+0200] {dagbag.py:538} INFO - Filling up the DagBag from /home/pazzoti/de-upskilling/airflow-flight-price-analysis/venv/lib/python3.10/site-packages/airflow/example_dags/example_params_ui_tutorial.py
[2026-02-06T09:14:27.209+0200] {processor.py:840} INFO - DAG(s) 'example_params_ui_tutorial' retrieved from /home/pazzoti/de-upskilling/airflow-flight-price-analysis/venv/lib/python3.10/site-packages/airflow/example_dags/example_params_ui_tutorial.py
[2026-02-06T09:14:27.233+0200] {logging_mixin.py:188} INFO - [2026-02-06T09:14:27.233+0200] {dag.py:3036} INFO - Sync 1 DAGs
[2026-02-06T09:14:27.240+0200] {logging_mixin.py:188} INFO - [2026-02-06T09:14:27.240+0200] {dag.py:3823} INFO - Setting next_dagrun for example_params_ui_tutorial to None, run_after=None
[2026-02-06T09:14:27.253+0200] {processor.py:183} INFO - Processing /home/pazzoti/de-upskilling/airflow-flight-price-analysis/venv/lib/python3.10/site-packages/airflow/example_dags/example_params_ui_tutorial.py took 0.060 seconds
[2026-02-06T09:15:24.235+0200] {processor.py:161} INFO - Started process (PID=9111) to work on /home/pazzoti/de-upskilling/airflow-flight-price-analysis/venv/lib/python3.10/site-packages/airflow/example_dags/example_params_ui_tutorial.py
[2026-02-06T09:15:24.236+0200] {processor.py:830} INFO - Processing file /home/pazzoti/de-upskilling/airflow-flight-price-analysis/venv/lib/python3.10/site-packages/airflow/example_dags/example_params_ui_tutorial.py for tasks to queue
[2026-02-06T09:15:24.237+0200] {logging_mixin.py:188} INFO - [2026-02-06T09:15:24.237+0200] {dagbag.py:538} INFO - Filling up the DagBag from /home/pazzoti/de-upskilling/airflow-flight-price-analysis/venv/lib/python3.10/site-packages/airflow/example_dags/example_params_ui_tutorial.py
[2026-02-06T09:15:24.248+0200] {processor.py:840} INFO - DAG(s) 'example_params_ui_tutorial' retrieved from /home/pazzoti/de-upskilling/airflow-flight-price-analysis/venv/lib/python3.10/site-packages/airflow/example_dags/example_params_ui_tutorial.py
[2026-02-06T09:15:24.271+0200] {logging_mixin.py:188} INFO - [2026-02-06T09:15:24.271+0200] {dag.py:3036} INFO - Sync 1 DAGs
[2026-02-06T09:15:24.277+0200] {logging_mixin.py:188} INFO - [2026-02-06T09:15:24.277+0200] {dag.py:3823} INFO - Setting next_dagrun for example_params_ui_tutorial to None, run_after=None
[2026-02-06T09:15:24.291+0200] {processor.py:183} INFO - Processing /home/pazzoti/de-upskilling/airflow-flight-price-analysis/venv/lib/python3.10/site-packages/airflow/example_dags/example_params_ui_tutorial.py took 0.058 seconds
[2026-02-06T09:16:13.461+0200] {processor.py:161} INFO - Started process (PID=9364) to work on /home/pazzoti/de-upskilling/airflow-flight-price-analysis/venv/lib/python3.10/site-packages/airflow/example_dags/example_params_ui_tutorial.py
[2026-02-06T09:16:13.467+0200] {processor.py:830} INFO - Processing file /home/pazzoti/de-upskilling/airflow-flight-price-analysis/venv/lib/python3.10/site-packages/airflow/example_dags/example_params_ui_tutorial.py for tasks to queue
[2026-02-06T09:16:13.468+0200] {logging_mixin.py:188} INFO - [2026-02-06T09:16:13.467+0200] {dagbag.py:538} INFO - Filling up the DagBag from /home/pazzoti/de-upskilling/airflow-flight-price-analysis/venv/lib/python3.10/site-packages/airflow/example_dags/example_params_ui_tutorial.py
[2026-02-06T09:16:13.479+0200] {processor.py:840} INFO - DAG(s) 'example_params_ui_tutorial' retrieved from /home/pazzoti/de-upskilling/airflow-flight-price-analysis/venv/lib/python3.10/site-packages/airflow/example_dags/example_params_ui_tutorial.py
[2026-02-06T09:16:13.501+0200] {logging_mixin.py:188} INFO - [2026-02-06T09:16:13.501+0200] {dag.py:3036} INFO - Sync 1 DAGs
[2026-02-06T09:16:13.509+0200] {logging_mixin.py:188} INFO - [2026-02-06T09:16:13.509+0200] {dag.py:3823} INFO - Setting next_dagrun for example_params_ui_tutorial to None, run_after=None
[2026-02-06T09:16:13.526+0200] {processor.py:183} INFO - Processing /home/pazzoti/de-upskilling/airflow-flight-price-analysis/venv/lib/python3.10/site-packages/airflow/example_dags/example_params_ui_tutorial.py took 0.069 seconds
[2026-02-06T09:17:06.392+0200] {processor.py:161} INFO - Started process (PID=9617) to work on /home/pazzoti/de-upskilling/airflow-flight-price-analysis/venv/lib/python3.10/site-packages/airflow/example_dags/example_params_ui_tutorial.py
[2026-02-06T09:17:06.395+0200] {processor.py:830} INFO - Processing file /home/pazzoti/de-upskilling/airflow-flight-price-analysis/venv/lib/python3.10/site-packages/airflow/example_dags/example_params_ui_tutorial.py for tasks to queue
[2026-02-06T09:17:06.396+0200] {logging_mixin.py:188} INFO - [2026-02-06T09:17:06.395+0200] {dagbag.py:538} INFO - Filling up the DagBag from /home/pazzoti/de-upskilling/airflow-flight-price-analysis/venv/lib/python3.10/site-packages/airflow/example_dags/example_params_ui_tutorial.py
[2026-02-06T09:17:06.407+0200] {processor.py:840} INFO - DAG(s) 'example_params_ui_tutorial' retrieved from /home/pazzoti/de-upskilling/airflow-flight-price-analysis/venv/lib/python3.10/site-packages/airflow/example_dags/example_params_ui_tutorial.py
[2026-02-06T09:17:06.430+0200] {logging_mixin.py:188} INFO - [2026-02-06T09:17:06.429+0200] {dag.py:3036} INFO - Sync 1 DAGs
[2026-02-06T09:17:06.437+0200] {logging_mixin.py:188} INFO - [2026-02-06T09:17:06.436+0200] {dag.py:3823} INFO - Setting next_dagrun for example_params_ui_tutorial to None, run_after=None
[2026-02-06T09:17:06.452+0200] {processor.py:183} INFO - Processing /home/pazzoti/de-upskilling/airflow-flight-price-analysis/venv/lib/python3.10/site-packages/airflow/example_dags/example_params_ui_tutorial.py took 0.062 seconds
[2026-02-06T09:29:43.141+0200] {processor.py:161} INFO - Started process (PID=9908) to work on /home/pazzoti/de-upskilling/airflow-flight-price-analysis/venv/lib/python3.10/site-packages/airflow/example_dags/example_params_ui_tutorial.py
[2026-02-06T09:29:43.143+0200] {processor.py:830} INFO - Processing file /home/pazzoti/de-upskilling/airflow-flight-price-analysis/venv/lib/python3.10/site-packages/airflow/example_dags/example_params_ui_tutorial.py for tasks to queue
[2026-02-06T09:29:43.144+0200] {logging_mixin.py:188} INFO - [2026-02-06T09:29:43.144+0200] {dagbag.py:538} INFO - Filling up the DagBag from /home/pazzoti/de-upskilling/airflow-flight-price-analysis/venv/lib/python3.10/site-packages/airflow/example_dags/example_params_ui_tutorial.py
[2026-02-06T09:29:43.158+0200] {processor.py:840} INFO - DAG(s) 'example_params_ui_tutorial' retrieved from /home/pazzoti/de-upskilling/airflow-flight-price-analysis/venv/lib/python3.10/site-packages/airflow/example_dags/example_params_ui_tutorial.py
[2026-02-06T09:29:43.195+0200] {logging_mixin.py:188} INFO - [2026-02-06T09:29:43.195+0200] {dag.py:3036} INFO - Sync 1 DAGs
[2026-02-06T09:29:43.204+0200] {logging_mixin.py:188} INFO - [2026-02-06T09:29:43.204+0200] {dag.py:3823} INFO - Setting next_dagrun for example_params_ui_tutorial to None, run_after=None
[2026-02-06T09:29:43.248+0200] {processor.py:183} INFO - Processing /home/pazzoti/de-upskilling/airflow-flight-price-analysis/venv/lib/python3.10/site-packages/airflow/example_dags/example_params_ui_tutorial.py took 0.110 seconds
[2026-02-06T09:30:47.129+0200] {processor.py:161} INFO - Started process (PID=10025) to work on /home/pazzoti/de-upskilling/airflow-flight-price-analysis/venv/lib/python3.10/site-packages/airflow/example_dags/example_params_ui_tutorial.py
[2026-02-06T09:30:47.130+0200] {processor.py:830} INFO - Processing file /home/pazzoti/de-upskilling/airflow-flight-price-analysis/venv/lib/python3.10/site-packages/airflow/example_dags/example_params_ui_tutorial.py for tasks to queue
[2026-02-06T09:30:47.131+0200] {logging_mixin.py:188} INFO - [2026-02-06T09:30:47.131+0200] {dagbag.py:538} INFO - Filling up the DagBag from /home/pazzoti/de-upskilling/airflow-flight-price-analysis/venv/lib/python3.10/site-packages/airflow/example_dags/example_params_ui_tutorial.py
[2026-02-06T09:30:47.141+0200] {processor.py:840} INFO - DAG(s) 'example_params_ui_tutorial' retrieved from /home/pazzoti/de-upskilling/airflow-flight-price-analysis/venv/lib/python3.10/site-packages/airflow/example_dags/example_params_ui_tutorial.py
[2026-02-06T09:30:47.170+0200] {logging_mixin.py:188} INFO - [2026-02-06T09:30:47.170+0200] {dag.py:3036} INFO - Sync 1 DAGs
[2026-02-06T09:30:47.178+0200] {logging_mixin.py:188} INFO - [2026-02-06T09:30:47.178+0200] {dag.py:3823} INFO - Setting next_dagrun for example_params_ui_tutorial to None, run_after=None
[2026-02-06T09:30:47.197+0200] {processor.py:183} INFO - Processing /home/pazzoti/de-upskilling/airflow-flight-price-analysis/venv/lib/python3.10/site-packages/airflow/example_dags/example_params_ui_tutorial.py took 0.071 seconds
[2026-02-06T09:31:44.832+0200] {processor.py:161} INFO - Started process (PID=10122) to work on /home/pazzoti/de-upskilling/airflow-flight-price-analysis/venv/lib/python3.10/site-packages/airflow/example_dags/example_params_ui_tutorial.py
[2026-02-06T09:31:44.836+0200] {processor.py:830} INFO - Processing file /home/pazzoti/de-upskilling/airflow-flight-price-analysis/venv/lib/python3.10/site-packages/airflow/example_dags/example_params_ui_tutorial.py for tasks to queue
[2026-02-06T09:31:44.836+0200] {logging_mixin.py:188} INFO - [2026-02-06T09:31:44.836+0200] {dagbag.py:538} INFO - Filling up the DagBag from /home/pazzoti/de-upskilling/airflow-flight-price-analysis/venv/lib/python3.10/site-packages/airflow/example_dags/example_params_ui_tutorial.py
[2026-02-06T09:31:44.845+0200] {processor.py:840} INFO - DAG(s) 'example_params_ui_tutorial' retrieved from /home/pazzoti/de-upskilling/airflow-flight-price-analysis/venv/lib/python3.10/site-packages/airflow/example_dags/example_params_ui_tutorial.py
[2026-02-06T09:31:44.873+0200] {logging_mixin.py:188} INFO - [2026-02-06T09:31:44.873+0200] {dag.py:3036} INFO - Sync 1 DAGs
[2026-02-06T09:31:44.881+0200] {logging_mixin.py:188} INFO - [2026-02-06T09:31:44.881+0200] {dag.py:3823} INFO - Setting next_dagrun for example_params_ui_tutorial to None, run_after=None
[2026-02-06T09:31:44.898+0200] {processor.py:183} INFO - Processing /home/pazzoti/de-upskilling/airflow-flight-price-analysis/venv/lib/python3.10/site-packages/airflow/example_dags/example_params_ui_tutorial.py took 0.068 seconds
[2026-02-06T09:32:39.859+0200] {processor.py:161} INFO - Started process (PID=10255) to work on /home/pazzoti/de-upskilling/airflow-flight-price-analysis/venv/lib/python3.10/site-packages/airflow/example_dags/example_params_ui_tutorial.py
[2026-02-06T09:32:39.861+0200] {processor.py:830} INFO - Processing file /home/pazzoti/de-upskilling/airflow-flight-price-analysis/venv/lib/python3.10/site-packages/airflow/example_dags/example_params_ui_tutorial.py for tasks to queue
[2026-02-06T09:32:39.861+0200] {logging_mixin.py:188} INFO - [2026-02-06T09:32:39.861+0200] {dagbag.py:538} INFO - Filling up the DagBag from /home/pazzoti/de-upskilling/airflow-flight-price-analysis/venv/lib/python3.10/site-packages/airflow/example_dags/example_params_ui_tutorial.py
[2026-02-06T09:32:39.873+0200] {processor.py:840} INFO - DAG(s) 'example_params_ui_tutorial' retrieved from /home/pazzoti/de-upskilling/airflow-flight-price-analysis/venv/lib/python3.10/site-packages/airflow/example_dags/example_params_ui_tutorial.py
[2026-02-06T09:32:39.897+0200] {logging_mixin.py:188} INFO - [2026-02-06T09:32:39.897+0200] {dag.py:3036} INFO - Sync 1 DAGs
[2026-02-06T09:32:39.907+0200] {logging_mixin.py:188} INFO - [2026-02-06T09:32:39.907+0200] {dag.py:3823} INFO - Setting next_dagrun for example_params_ui_tutorial to None, run_after=None
[2026-02-06T09:32:39.928+0200] {processor.py:183} INFO - Processing /home/pazzoti/de-upskilling/airflow-flight-price-analysis/venv/lib/python3.10/site-packages/airflow/example_dags/example_params_ui_tutorial.py took 0.071 seconds
[2026-02-06T09:33:53.910+0200] {processor.py:161} INFO - Started process (PID=10363) to work on /home/pazzoti/de-upskilling/airflow-flight-price-analysis/venv/lib/python3.10/site-packages/airflow/example_dags/example_params_ui_tutorial.py
[2026-02-06T09:33:53.915+0200] {processor.py:830} INFO - Processing file /home/pazzoti/de-upskilling/airflow-flight-price-analysis/venv/lib/python3.10/site-packages/airflow/example_dags/example_params_ui_tutorial.py for tasks to queue
[2026-02-06T09:33:53.916+0200] {logging_mixin.py:188} INFO - [2026-02-06T09:33:53.915+0200] {dagbag.py:538} INFO - Filling up the DagBag from /home/pazzoti/de-upskilling/airflow-flight-price-analysis/venv/lib/python3.10/site-packages/airflow/example_dags/example_params_ui_tutorial.py
[2026-02-06T09:33:53.924+0200] {processor.py:840} INFO - DAG(s) 'example_params_ui_tutorial' retrieved from /home/pazzoti/de-upskilling/airflow-flight-price-analysis/venv/lib/python3.10/site-packages/airflow/example_dags/example_params_ui_tutorial.py
[2026-02-06T09:33:53.954+0200] {logging_mixin.py:188} INFO - [2026-02-06T09:33:53.954+0200] {dag.py:3036} INFO - Sync 1 DAGs
[2026-02-06T09:33:53.962+0200] {logging_mixin.py:188} INFO - [2026-02-06T09:33:53.962+0200] {dag.py:3823} INFO - Setting next_dagrun for example_params_ui_tutorial to None, run_after=None
[2026-02-06T09:33:53.986+0200] {processor.py:183} INFO - Processing /home/pazzoti/de-upskilling/airflow-flight-price-analysis/venv/lib/python3.10/site-packages/airflow/example_dags/example_params_ui_tutorial.py took 0.078 seconds
[2026-02-06T09:34:42.539+0200] {processor.py:161} INFO - Started process (PID=10457) to work on /home/pazzoti/de-upskilling/airflow-flight-price-analysis/venv/lib/python3.10/site-packages/airflow/example_dags/example_params_ui_tutorial.py
[2026-02-06T09:34:42.547+0200] {processor.py:830} INFO - Processing file /home/pazzoti/de-upskilling/airflow-flight-price-analysis/venv/lib/python3.10/site-packages/airflow/example_dags/example_params_ui_tutorial.py for tasks to queue
[2026-02-06T09:34:42.548+0200] {logging_mixin.py:188} INFO - [2026-02-06T09:34:42.547+0200] {dagbag.py:538} INFO - Filling up the DagBag from /home/pazzoti/de-upskilling/airflow-flight-price-analysis/venv/lib/python3.10/site-packages/airflow/example_dags/example_params_ui_tutorial.py
[2026-02-06T09:34:42.555+0200] {processor.py:840} INFO - DAG(s) 'example_params_ui_tutorial' retrieved from /home/pazzoti/de-upskilling/airflow-flight-price-analysis/venv/lib/python3.10/site-packages/airflow/example_dags/example_params_ui_tutorial.py
[2026-02-06T09:34:42.579+0200] {logging_mixin.py:188} INFO - [2026-02-06T09:34:42.579+0200] {dag.py:3036} INFO - Sync 1 DAGs
[2026-02-06T09:34:42.585+0200] {logging_mixin.py:188} INFO - [2026-02-06T09:34:42.585+0200] {dag.py:3823} INFO - Setting next_dagrun for example_params_ui_tutorial to None, run_after=None
[2026-02-06T09:34:42.602+0200] {processor.py:183} INFO - Processing /home/pazzoti/de-upskilling/airflow-flight-price-analysis/venv/lib/python3.10/site-packages/airflow/example_dags/example_params_ui_tutorial.py took 0.065 seconds
