[2026-02-06T09:01:13.153+0200] {processor.py:161} INFO - Started process (PID=4149) to work on /home/pazzoti/de-upskilling/airflow-flight-price-analysis/venv/lib/python3.10/site-packages/airflow/example_dags/example_setup_teardown_taskflow.py
[2026-02-06T09:01:13.153+0200] {processor.py:830} INFO - Processing file /home/pazzoti/de-upskilling/airflow-flight-price-analysis/venv/lib/python3.10/site-packages/airflow/example_dags/example_setup_teardown_taskflow.py for tasks to queue
[2026-02-06T09:01:13.154+0200] {logging_mixin.py:188} INFO - [2026-02-06T09:01:13.154+0200] {dagbag.py:538} INFO - Filling up the DagBag from /home/pazzoti/de-upskilling/airflow-flight-price-analysis/venv/lib/python3.10/site-packages/airflow/example_dags/example_setup_teardown_taskflow.py
[2026-02-06T09:01:13.163+0200] {processor.py:840} INFO - DAG(s) 'example_setup_teardown_taskflow' retrieved from /home/pazzoti/de-upskilling/airflow-flight-price-analysis/venv/lib/python3.10/site-packages/airflow/example_dags/example_setup_teardown_taskflow.py
[2026-02-06T09:01:13.303+0200] {logging_mixin.py:188} INFO - [2026-02-06T09:01:13.302+0200] {dag.py:3036} INFO - Sync 1 DAGs
[2026-02-06T09:01:13.323+0200] {logging_mixin.py:188} INFO - [2026-02-06T09:01:13.322+0200] {dag.py:3823} INFO - Setting next_dagrun for example_setup_teardown_taskflow to 2026-02-05 00:00:00+00:00, run_after=2026-02-06 00:00:00+00:00
[2026-02-06T09:01:13.358+0200] {processor.py:183} INFO - Processing /home/pazzoti/de-upskilling/airflow-flight-price-analysis/venv/lib/python3.10/site-packages/airflow/example_dags/example_setup_teardown_taskflow.py took 0.208 seconds
[2026-02-06T09:02:05.180+0200] {processor.py:161} INFO - Started process (PID=4715) to work on /home/pazzoti/de-upskilling/airflow-flight-price-analysis/venv/lib/python3.10/site-packages/airflow/example_dags/example_setup_teardown_taskflow.py
[2026-02-06T09:02:05.183+0200] {processor.py:830} INFO - Processing file /home/pazzoti/de-upskilling/airflow-flight-price-analysis/venv/lib/python3.10/site-packages/airflow/example_dags/example_setup_teardown_taskflow.py for tasks to queue
[2026-02-06T09:02:05.184+0200] {logging_mixin.py:188} INFO - [2026-02-06T09:02:05.184+0200] {dagbag.py:538} INFO - Filling up the DagBag from /home/pazzoti/de-upskilling/airflow-flight-price-analysis/venv/lib/python3.10/site-packages/airflow/example_dags/example_setup_teardown_taskflow.py
[2026-02-06T09:02:05.191+0200] {processor.py:840} INFO - DAG(s) 'example_setup_teardown_taskflow' retrieved from /home/pazzoti/de-upskilling/airflow-flight-price-analysis/venv/lib/python3.10/site-packages/airflow/example_dags/example_setup_teardown_taskflow.py
[2026-02-06T09:02:05.203+0200] {logging_mixin.py:188} INFO - [2026-02-06T09:02:05.202+0200] {dag.py:3036} INFO - Sync 1 DAGs
[2026-02-06T09:02:05.215+0200] {logging_mixin.py:188} INFO - [2026-02-06T09:02:05.215+0200] {dag.py:3823} INFO - Setting next_dagrun for example_setup_teardown_taskflow to 2026-02-05 00:00:00+00:00, run_after=2026-02-06 00:00:00+00:00
[2026-02-06T09:02:05.232+0200] {processor.py:183} INFO - Processing /home/pazzoti/de-upskilling/airflow-flight-price-analysis/venv/lib/python3.10/site-packages/airflow/example_dags/example_setup_teardown_taskflow.py took 0.054 seconds
[2026-02-06T09:02:51.369+0200] {processor.py:161} INFO - Started process (PID=4983) to work on /home/pazzoti/de-upskilling/airflow-flight-price-analysis/venv/lib/python3.10/site-packages/airflow/example_dags/example_setup_teardown_taskflow.py
[2026-02-06T09:02:51.376+0200] {processor.py:830} INFO - Processing file /home/pazzoti/de-upskilling/airflow-flight-price-analysis/venv/lib/python3.10/site-packages/airflow/example_dags/example_setup_teardown_taskflow.py for tasks to queue
[2026-02-06T09:02:51.377+0200] {logging_mixin.py:188} INFO - [2026-02-06T09:02:51.377+0200] {dagbag.py:538} INFO - Filling up the DagBag from /home/pazzoti/de-upskilling/airflow-flight-price-analysis/venv/lib/python3.10/site-packages/airflow/example_dags/example_setup_teardown_taskflow.py
[2026-02-06T09:02:51.384+0200] {processor.py:840} INFO - DAG(s) 'example_setup_teardown_taskflow' retrieved from /home/pazzoti/de-upskilling/airflow-flight-price-analysis/venv/lib/python3.10/site-packages/airflow/example_dags/example_setup_teardown_taskflow.py
[2026-02-06T09:02:51.396+0200] {logging_mixin.py:188} INFO - [2026-02-06T09:02:51.396+0200] {dag.py:3036} INFO - Sync 1 DAGs
[2026-02-06T09:02:51.410+0200] {logging_mixin.py:188} INFO - [2026-02-06T09:02:51.410+0200] {dag.py:3823} INFO - Setting next_dagrun for example_setup_teardown_taskflow to 2026-02-05 00:00:00+00:00, run_after=2026-02-06 00:00:00+00:00
[2026-02-06T09:02:51.426+0200] {processor.py:183} INFO - Processing /home/pazzoti/de-upskilling/airflow-flight-price-analysis/venv/lib/python3.10/site-packages/airflow/example_dags/example_setup_teardown_taskflow.py took 0.059 seconds
[2026-02-06T09:03:32.374+0200] {processor.py:161} INFO - Started process (PID=5165) to work on /home/pazzoti/de-upskilling/airflow-flight-price-analysis/venv/lib/python3.10/site-packages/airflow/example_dags/example_setup_teardown_taskflow.py
[2026-02-06T09:03:32.375+0200] {processor.py:830} INFO - Processing file /home/pazzoti/de-upskilling/airflow-flight-price-analysis/venv/lib/python3.10/site-packages/airflow/example_dags/example_setup_teardown_taskflow.py for tasks to queue
[2026-02-06T09:03:32.376+0200] {logging_mixin.py:188} INFO - [2026-02-06T09:03:32.375+0200] {dagbag.py:538} INFO - Filling up the DagBag from /home/pazzoti/de-upskilling/airflow-flight-price-analysis/venv/lib/python3.10/site-packages/airflow/example_dags/example_setup_teardown_taskflow.py
[2026-02-06T09:03:32.382+0200] {processor.py:840} INFO - DAG(s) 'example_setup_teardown_taskflow' retrieved from /home/pazzoti/de-upskilling/airflow-flight-price-analysis/venv/lib/python3.10/site-packages/airflow/example_dags/example_setup_teardown_taskflow.py
[2026-02-06T09:03:32.392+0200] {logging_mixin.py:188} INFO - [2026-02-06T09:03:32.392+0200] {dag.py:3036} INFO - Sync 1 DAGs
[2026-02-06T09:03:32.402+0200] {logging_mixin.py:188} INFO - [2026-02-06T09:03:32.402+0200] {dag.py:3823} INFO - Setting next_dagrun for example_setup_teardown_taskflow to 2026-02-05 00:00:00+00:00, run_after=2026-02-06 00:00:00+00:00
[2026-02-06T09:03:32.417+0200] {processor.py:183} INFO - Processing /home/pazzoti/de-upskilling/airflow-flight-price-analysis/venv/lib/python3.10/site-packages/airflow/example_dags/example_setup_teardown_taskflow.py took 0.046 seconds
[2026-02-06T09:04:22.088+0200] {processor.py:161} INFO - Started process (PID=5399) to work on /home/pazzoti/de-upskilling/airflow-flight-price-analysis/venv/lib/python3.10/site-packages/airflow/example_dags/example_setup_teardown_taskflow.py
[2026-02-06T09:04:22.095+0200] {processor.py:830} INFO - Processing file /home/pazzoti/de-upskilling/airflow-flight-price-analysis/venv/lib/python3.10/site-packages/airflow/example_dags/example_setup_teardown_taskflow.py for tasks to queue
[2026-02-06T09:04:22.096+0200] {logging_mixin.py:188} INFO - [2026-02-06T09:04:22.096+0200] {dagbag.py:538} INFO - Filling up the DagBag from /home/pazzoti/de-upskilling/airflow-flight-price-analysis/venv/lib/python3.10/site-packages/airflow/example_dags/example_setup_teardown_taskflow.py
[2026-02-06T09:04:22.103+0200] {processor.py:840} INFO - DAG(s) 'example_setup_teardown_taskflow' retrieved from /home/pazzoti/de-upskilling/airflow-flight-price-analysis/venv/lib/python3.10/site-packages/airflow/example_dags/example_setup_teardown_taskflow.py
[2026-02-06T09:04:22.112+0200] {logging_mixin.py:188} INFO - [2026-02-06T09:04:22.112+0200] {dag.py:3036} INFO - Sync 1 DAGs
[2026-02-06T09:04:22.123+0200] {logging_mixin.py:188} INFO - [2026-02-06T09:04:22.123+0200] {dag.py:3823} INFO - Setting next_dagrun for example_setup_teardown_taskflow to 2026-02-05 00:00:00+00:00, run_after=2026-02-06 00:00:00+00:00
[2026-02-06T09:04:22.140+0200] {processor.py:183} INFO - Processing /home/pazzoti/de-upskilling/airflow-flight-price-analysis/venv/lib/python3.10/site-packages/airflow/example_dags/example_setup_teardown_taskflow.py took 0.054 seconds
[2026-02-06T09:04:59.587+0200] {processor.py:161} INFO - Started process (PID=5608) to work on /home/pazzoti/de-upskilling/airflow-flight-price-analysis/venv/lib/python3.10/site-packages/airflow/example_dags/example_setup_teardown_taskflow.py
[2026-02-06T09:04:59.591+0200] {processor.py:830} INFO - Processing file /home/pazzoti/de-upskilling/airflow-flight-price-analysis/venv/lib/python3.10/site-packages/airflow/example_dags/example_setup_teardown_taskflow.py for tasks to queue
[2026-02-06T09:04:59.592+0200] {logging_mixin.py:188} INFO - [2026-02-06T09:04:59.592+0200] {dagbag.py:538} INFO - Filling up the DagBag from /home/pazzoti/de-upskilling/airflow-flight-price-analysis/venv/lib/python3.10/site-packages/airflow/example_dags/example_setup_teardown_taskflow.py
[2026-02-06T09:04:59.600+0200] {processor.py:840} INFO - DAG(s) 'example_setup_teardown_taskflow' retrieved from /home/pazzoti/de-upskilling/airflow-flight-price-analysis/venv/lib/python3.10/site-packages/airflow/example_dags/example_setup_teardown_taskflow.py
[2026-02-06T09:04:59.610+0200] {logging_mixin.py:188} INFO - [2026-02-06T09:04:59.610+0200] {dag.py:3036} INFO - Sync 1 DAGs
[2026-02-06T09:04:59.623+0200] {logging_mixin.py:188} INFO - [2026-02-06T09:04:59.623+0200] {dag.py:3823} INFO - Setting next_dagrun for example_setup_teardown_taskflow to 2026-02-05 00:00:00+00:00, run_after=2026-02-06 00:00:00+00:00
[2026-02-06T09:04:59.642+0200] {processor.py:183} INFO - Processing /home/pazzoti/de-upskilling/airflow-flight-price-analysis/venv/lib/python3.10/site-packages/airflow/example_dags/example_setup_teardown_taskflow.py took 0.058 seconds
[2026-02-06T09:05:36.521+0200] {processor.py:161} INFO - Started process (PID=5788) to work on /home/pazzoti/de-upskilling/airflow-flight-price-analysis/venv/lib/python3.10/site-packages/airflow/example_dags/example_setup_teardown_taskflow.py
[2026-02-06T09:05:36.524+0200] {processor.py:830} INFO - Processing file /home/pazzoti/de-upskilling/airflow-flight-price-analysis/venv/lib/python3.10/site-packages/airflow/example_dags/example_setup_teardown_taskflow.py for tasks to queue
[2026-02-06T09:05:36.525+0200] {logging_mixin.py:188} INFO - [2026-02-06T09:05:36.524+0200] {dagbag.py:538} INFO - Filling up the DagBag from /home/pazzoti/de-upskilling/airflow-flight-price-analysis/venv/lib/python3.10/site-packages/airflow/example_dags/example_setup_teardown_taskflow.py
[2026-02-06T09:05:36.532+0200] {processor.py:840} INFO - DAG(s) 'example_setup_teardown_taskflow' retrieved from /home/pazzoti/de-upskilling/airflow-flight-price-analysis/venv/lib/python3.10/site-packages/airflow/example_dags/example_setup_teardown_taskflow.py
[2026-02-06T09:05:36.543+0200] {logging_mixin.py:188} INFO - [2026-02-06T09:05:36.543+0200] {dag.py:3036} INFO - Sync 1 DAGs
[2026-02-06T09:05:36.554+0200] {logging_mixin.py:188} INFO - [2026-02-06T09:05:36.554+0200] {dag.py:3823} INFO - Setting next_dagrun for example_setup_teardown_taskflow to 2026-02-05 00:00:00+00:00, run_after=2026-02-06 00:00:00+00:00
[2026-02-06T09:05:36.571+0200] {processor.py:183} INFO - Processing /home/pazzoti/de-upskilling/airflow-flight-price-analysis/venv/lib/python3.10/site-packages/airflow/example_dags/example_setup_teardown_taskflow.py took 0.053 seconds
[2026-02-06T09:06:13.661+0200] {processor.py:161} INFO - Started process (PID=5976) to work on /home/pazzoti/de-upskilling/airflow-flight-price-analysis/venv/lib/python3.10/site-packages/airflow/example_dags/example_setup_teardown_taskflow.py
[2026-02-06T09:06:13.662+0200] {processor.py:830} INFO - Processing file /home/pazzoti/de-upskilling/airflow-flight-price-analysis/venv/lib/python3.10/site-packages/airflow/example_dags/example_setup_teardown_taskflow.py for tasks to queue
[2026-02-06T09:06:13.663+0200] {logging_mixin.py:188} INFO - [2026-02-06T09:06:13.662+0200] {dagbag.py:538} INFO - Filling up the DagBag from /home/pazzoti/de-upskilling/airflow-flight-price-analysis/venv/lib/python3.10/site-packages/airflow/example_dags/example_setup_teardown_taskflow.py
[2026-02-06T09:06:13.669+0200] {processor.py:840} INFO - DAG(s) 'example_setup_teardown_taskflow' retrieved from /home/pazzoti/de-upskilling/airflow-flight-price-analysis/venv/lib/python3.10/site-packages/airflow/example_dags/example_setup_teardown_taskflow.py
[2026-02-06T09:06:13.679+0200] {logging_mixin.py:188} INFO - [2026-02-06T09:06:13.679+0200] {dag.py:3036} INFO - Sync 1 DAGs
[2026-02-06T09:06:13.689+0200] {logging_mixin.py:188} INFO - [2026-02-06T09:06:13.689+0200] {dag.py:3823} INFO - Setting next_dagrun for example_setup_teardown_taskflow to 2026-02-05 00:00:00+00:00, run_after=2026-02-06 00:00:00+00:00
[2026-02-06T09:06:13.705+0200] {processor.py:183} INFO - Processing /home/pazzoti/de-upskilling/airflow-flight-price-analysis/venv/lib/python3.10/site-packages/airflow/example_dags/example_setup_teardown_taskflow.py took 0.046 seconds
[2026-02-06T09:07:08.685+0200] {processor.py:161} INFO - Started process (PID=6285) to work on /home/pazzoti/de-upskilling/airflow-flight-price-analysis/venv/lib/python3.10/site-packages/airflow/example_dags/example_setup_teardown_taskflow.py
[2026-02-06T09:07:08.687+0200] {processor.py:830} INFO - Processing file /home/pazzoti/de-upskilling/airflow-flight-price-analysis/venv/lib/python3.10/site-packages/airflow/example_dags/example_setup_teardown_taskflow.py for tasks to queue
[2026-02-06T09:07:08.689+0200] {logging_mixin.py:188} INFO - [2026-02-06T09:07:08.688+0200] {dagbag.py:538} INFO - Filling up the DagBag from /home/pazzoti/de-upskilling/airflow-flight-price-analysis/venv/lib/python3.10/site-packages/airflow/example_dags/example_setup_teardown_taskflow.py
[2026-02-06T09:07:08.699+0200] {processor.py:840} INFO - DAG(s) 'example_setup_teardown_taskflow' retrieved from /home/pazzoti/de-upskilling/airflow-flight-price-analysis/venv/lib/python3.10/site-packages/airflow/example_dags/example_setup_teardown_taskflow.py
[2026-02-06T09:07:08.714+0200] {logging_mixin.py:188} INFO - [2026-02-06T09:07:08.713+0200] {dag.py:3036} INFO - Sync 1 DAGs
[2026-02-06T09:07:08.732+0200] {logging_mixin.py:188} INFO - [2026-02-06T09:07:08.732+0200] {dag.py:3823} INFO - Setting next_dagrun for example_setup_teardown_taskflow to 2026-02-05 00:00:00+00:00, run_after=2026-02-06 00:00:00+00:00
[2026-02-06T09:07:08.750+0200] {processor.py:183} INFO - Processing /home/pazzoti/de-upskilling/airflow-flight-price-analysis/venv/lib/python3.10/site-packages/airflow/example_dags/example_setup_teardown_taskflow.py took 0.068 seconds
[2026-02-06T09:08:02.411+0200] {processor.py:161} INFO - Started process (PID=6539) to work on /home/pazzoti/de-upskilling/airflow-flight-price-analysis/venv/lib/python3.10/site-packages/airflow/example_dags/example_setup_teardown_taskflow.py
[2026-02-06T09:08:02.412+0200] {processor.py:830} INFO - Processing file /home/pazzoti/de-upskilling/airflow-flight-price-analysis/venv/lib/python3.10/site-packages/airflow/example_dags/example_setup_teardown_taskflow.py for tasks to queue
[2026-02-06T09:08:02.413+0200] {logging_mixin.py:188} INFO - [2026-02-06T09:08:02.412+0200] {dagbag.py:538} INFO - Filling up the DagBag from /home/pazzoti/de-upskilling/airflow-flight-price-analysis/venv/lib/python3.10/site-packages/airflow/example_dags/example_setup_teardown_taskflow.py
[2026-02-06T09:08:02.420+0200] {processor.py:840} INFO - DAG(s) 'example_setup_teardown_taskflow' retrieved from /home/pazzoti/de-upskilling/airflow-flight-price-analysis/venv/lib/python3.10/site-packages/airflow/example_dags/example_setup_teardown_taskflow.py
[2026-02-06T09:08:02.431+0200] {logging_mixin.py:188} INFO - [2026-02-06T09:08:02.430+0200] {dag.py:3036} INFO - Sync 1 DAGs
[2026-02-06T09:08:02.442+0200] {logging_mixin.py:188} INFO - [2026-02-06T09:08:02.442+0200] {dag.py:3823} INFO - Setting next_dagrun for example_setup_teardown_taskflow to 2026-02-05 00:00:00+00:00, run_after=2026-02-06 00:00:00+00:00
[2026-02-06T09:08:02.460+0200] {processor.py:183} INFO - Processing /home/pazzoti/de-upskilling/airflow-flight-price-analysis/venv/lib/python3.10/site-packages/airflow/example_dags/example_setup_teardown_taskflow.py took 0.052 seconds
[2026-02-06T09:08:39.088+0200] {processor.py:161} INFO - Started process (PID=6709) to work on /home/pazzoti/de-upskilling/airflow-flight-price-analysis/venv/lib/python3.10/site-packages/airflow/example_dags/example_setup_teardown_taskflow.py
[2026-02-06T09:08:39.095+0200] {processor.py:830} INFO - Processing file /home/pazzoti/de-upskilling/airflow-flight-price-analysis/venv/lib/python3.10/site-packages/airflow/example_dags/example_setup_teardown_taskflow.py for tasks to queue
[2026-02-06T09:08:39.096+0200] {logging_mixin.py:188} INFO - [2026-02-06T09:08:39.095+0200] {dagbag.py:538} INFO - Filling up the DagBag from /home/pazzoti/de-upskilling/airflow-flight-price-analysis/venv/lib/python3.10/site-packages/airflow/example_dags/example_setup_teardown_taskflow.py
[2026-02-06T09:08:39.102+0200] {processor.py:840} INFO - DAG(s) 'example_setup_teardown_taskflow' retrieved from /home/pazzoti/de-upskilling/airflow-flight-price-analysis/venv/lib/python3.10/site-packages/airflow/example_dags/example_setup_teardown_taskflow.py
[2026-02-06T09:08:39.112+0200] {logging_mixin.py:188} INFO - [2026-02-06T09:08:39.112+0200] {dag.py:3036} INFO - Sync 1 DAGs
[2026-02-06T09:08:39.122+0200] {logging_mixin.py:188} INFO - [2026-02-06T09:08:39.122+0200] {dag.py:3823} INFO - Setting next_dagrun for example_setup_teardown_taskflow to 2026-02-05 00:00:00+00:00, run_after=2026-02-06 00:00:00+00:00
[2026-02-06T09:08:39.139+0200] {processor.py:183} INFO - Processing /home/pazzoti/de-upskilling/airflow-flight-price-analysis/venv/lib/python3.10/site-packages/airflow/example_dags/example_setup_teardown_taskflow.py took 0.054 seconds
[2026-02-06T09:09:17.251+0200] {processor.py:161} INFO - Started process (PID=6886) to work on /home/pazzoti/de-upskilling/airflow-flight-price-analysis/venv/lib/python3.10/site-packages/airflow/example_dags/example_setup_teardown_taskflow.py
[2026-02-06T09:09:17.253+0200] {processor.py:830} INFO - Processing file /home/pazzoti/de-upskilling/airflow-flight-price-analysis/venv/lib/python3.10/site-packages/airflow/example_dags/example_setup_teardown_taskflow.py for tasks to queue
[2026-02-06T09:09:17.255+0200] {logging_mixin.py:188} INFO - [2026-02-06T09:09:17.254+0200] {dagbag.py:538} INFO - Filling up the DagBag from /home/pazzoti/de-upskilling/airflow-flight-price-analysis/venv/lib/python3.10/site-packages/airflow/example_dags/example_setup_teardown_taskflow.py
[2026-02-06T09:09:17.270+0200] {processor.py:840} INFO - DAG(s) 'example_setup_teardown_taskflow' retrieved from /home/pazzoti/de-upskilling/airflow-flight-price-analysis/venv/lib/python3.10/site-packages/airflow/example_dags/example_setup_teardown_taskflow.py
[2026-02-06T09:09:17.292+0200] {logging_mixin.py:188} INFO - [2026-02-06T09:09:17.292+0200] {dag.py:3036} INFO - Sync 1 DAGs
[2026-02-06T09:09:17.314+0200] {logging_mixin.py:188} INFO - [2026-02-06T09:09:17.314+0200] {dag.py:3823} INFO - Setting next_dagrun for example_setup_teardown_taskflow to 2026-02-05 00:00:00+00:00, run_after=2026-02-06 00:00:00+00:00
[2026-02-06T09:09:17.334+0200] {processor.py:183} INFO - Processing /home/pazzoti/de-upskilling/airflow-flight-price-analysis/venv/lib/python3.10/site-packages/airflow/example_dags/example_setup_teardown_taskflow.py took 0.087 seconds
[2026-02-06T09:09:55.529+0200] {processor.py:161} INFO - Started process (PID=7057) to work on /home/pazzoti/de-upskilling/airflow-flight-price-analysis/venv/lib/python3.10/site-packages/airflow/example_dags/example_setup_teardown_taskflow.py
[2026-02-06T09:09:55.530+0200] {processor.py:830} INFO - Processing file /home/pazzoti/de-upskilling/airflow-flight-price-analysis/venv/lib/python3.10/site-packages/airflow/example_dags/example_setup_teardown_taskflow.py for tasks to queue
[2026-02-06T09:09:55.531+0200] {logging_mixin.py:188} INFO - [2026-02-06T09:09:55.531+0200] {dagbag.py:538} INFO - Filling up the DagBag from /home/pazzoti/de-upskilling/airflow-flight-price-analysis/venv/lib/python3.10/site-packages/airflow/example_dags/example_setup_teardown_taskflow.py
[2026-02-06T09:09:55.541+0200] {processor.py:840} INFO - DAG(s) 'example_setup_teardown_taskflow' retrieved from /home/pazzoti/de-upskilling/airflow-flight-price-analysis/venv/lib/python3.10/site-packages/airflow/example_dags/example_setup_teardown_taskflow.py
[2026-02-06T09:09:55.555+0200] {logging_mixin.py:188} INFO - [2026-02-06T09:09:55.555+0200] {dag.py:3036} INFO - Sync 1 DAGs
[2026-02-06T09:09:55.574+0200] {logging_mixin.py:188} INFO - [2026-02-06T09:09:55.574+0200] {dag.py:3823} INFO - Setting next_dagrun for example_setup_teardown_taskflow to 2026-02-05 00:00:00+00:00, run_after=2026-02-06 00:00:00+00:00
[2026-02-06T09:09:55.600+0200] {processor.py:183} INFO - Processing /home/pazzoti/de-upskilling/airflow-flight-price-analysis/venv/lib/python3.10/site-packages/airflow/example_dags/example_setup_teardown_taskflow.py took 0.074 seconds
[2026-02-06T09:11:05.027+0200] {processor.py:161} INFO - Started process (PID=7593) to work on /home/pazzoti/de-upskilling/airflow-flight-price-analysis/venv/lib/python3.10/site-packages/airflow/example_dags/example_setup_teardown_taskflow.py
[2026-02-06T09:11:05.038+0200] {processor.py:830} INFO - Processing file /home/pazzoti/de-upskilling/airflow-flight-price-analysis/venv/lib/python3.10/site-packages/airflow/example_dags/example_setup_teardown_taskflow.py for tasks to queue
[2026-02-06T09:11:05.040+0200] {logging_mixin.py:188} INFO - [2026-02-06T09:11:05.039+0200] {dagbag.py:538} INFO - Filling up the DagBag from /home/pazzoti/de-upskilling/airflow-flight-price-analysis/venv/lib/python3.10/site-packages/airflow/example_dags/example_setup_teardown_taskflow.py
[2026-02-06T09:11:05.136+0200] {processor.py:840} INFO - DAG(s) 'example_setup_teardown_taskflow' retrieved from /home/pazzoti/de-upskilling/airflow-flight-price-analysis/venv/lib/python3.10/site-packages/airflow/example_dags/example_setup_teardown_taskflow.py
[2026-02-06T09:11:05.612+0200] {logging_mixin.py:188} INFO - [2026-02-06T09:11:05.612+0200] {dag.py:3036} INFO - Sync 1 DAGs
[2026-02-06T09:11:05.698+0200] {logging_mixin.py:188} INFO - [2026-02-06T09:11:05.697+0200] {dag.py:3823} INFO - Setting next_dagrun for example_setup_teardown_taskflow to 2026-02-05 00:00:00+00:00, run_after=2026-02-06 00:00:00+00:00
[2026-02-06T09:11:05.848+0200] {processor.py:183} INFO - Processing /home/pazzoti/de-upskilling/airflow-flight-price-analysis/venv/lib/python3.10/site-packages/airflow/example_dags/example_setup_teardown_taskflow.py took 0.836 seconds
[2026-02-06T09:12:10.029+0200] {processor.py:161} INFO - Started process (PID=8230) to work on /home/pazzoti/de-upskilling/airflow-flight-price-analysis/venv/lib/python3.10/site-packages/airflow/example_dags/example_setup_teardown_taskflow.py
[2026-02-06T09:12:10.030+0200] {processor.py:830} INFO - Processing file /home/pazzoti/de-upskilling/airflow-flight-price-analysis/venv/lib/python3.10/site-packages/airflow/example_dags/example_setup_teardown_taskflow.py for tasks to queue
[2026-02-06T09:12:10.031+0200] {logging_mixin.py:188} INFO - [2026-02-06T09:12:10.030+0200] {dagbag.py:538} INFO - Filling up the DagBag from /home/pazzoti/de-upskilling/airflow-flight-price-analysis/venv/lib/python3.10/site-packages/airflow/example_dags/example_setup_teardown_taskflow.py
[2026-02-06T09:12:10.039+0200] {processor.py:840} INFO - DAG(s) 'example_setup_teardown_taskflow' retrieved from /home/pazzoti/de-upskilling/airflow-flight-price-analysis/venv/lib/python3.10/site-packages/airflow/example_dags/example_setup_teardown_taskflow.py
[2026-02-06T09:12:10.049+0200] {logging_mixin.py:188} INFO - [2026-02-06T09:12:10.049+0200] {dag.py:3036} INFO - Sync 1 DAGs
[2026-02-06T09:12:10.060+0200] {logging_mixin.py:188} INFO - [2026-02-06T09:12:10.060+0200] {dag.py:3823} INFO - Setting next_dagrun for example_setup_teardown_taskflow to 2026-02-05 00:00:00+00:00, run_after=2026-02-06 00:00:00+00:00
[2026-02-06T09:12:10.078+0200] {processor.py:183} INFO - Processing /home/pazzoti/de-upskilling/airflow-flight-price-analysis/venv/lib/python3.10/site-packages/airflow/example_dags/example_setup_teardown_taskflow.py took 0.051 seconds
[2026-02-06T09:12:57.929+0200] {processor.py:161} INFO - Started process (PID=8445) to work on /home/pazzoti/de-upskilling/airflow-flight-price-analysis/venv/lib/python3.10/site-packages/airflow/example_dags/example_setup_teardown_taskflow.py
[2026-02-06T09:12:57.936+0200] {processor.py:830} INFO - Processing file /home/pazzoti/de-upskilling/airflow-flight-price-analysis/venv/lib/python3.10/site-packages/airflow/example_dags/example_setup_teardown_taskflow.py for tasks to queue
[2026-02-06T09:12:57.938+0200] {logging_mixin.py:188} INFO - [2026-02-06T09:12:57.937+0200] {dagbag.py:538} INFO - Filling up the DagBag from /home/pazzoti/de-upskilling/airflow-flight-price-analysis/venv/lib/python3.10/site-packages/airflow/example_dags/example_setup_teardown_taskflow.py
[2026-02-06T09:12:57.949+0200] {processor.py:840} INFO - DAG(s) 'example_setup_teardown_taskflow' retrieved from /home/pazzoti/de-upskilling/airflow-flight-price-analysis/venv/lib/python3.10/site-packages/airflow/example_dags/example_setup_teardown_taskflow.py
[2026-02-06T09:12:57.959+0200] {logging_mixin.py:188} INFO - [2026-02-06T09:12:57.958+0200] {dag.py:3036} INFO - Sync 1 DAGs
[2026-02-06T09:12:57.969+0200] {logging_mixin.py:188} INFO - [2026-02-06T09:12:57.969+0200] {dag.py:3823} INFO - Setting next_dagrun for example_setup_teardown_taskflow to 2026-02-05 00:00:00+00:00, run_after=2026-02-06 00:00:00+00:00
[2026-02-06T09:12:57.985+0200] {processor.py:183} INFO - Processing /home/pazzoti/de-upskilling/airflow-flight-price-analysis/venv/lib/python3.10/site-packages/airflow/example_dags/example_setup_teardown_taskflow.py took 0.062 seconds
[2026-02-06T09:13:46.709+0200] {processor.py:161} INFO - Started process (PID=8670) to work on /home/pazzoti/de-upskilling/airflow-flight-price-analysis/venv/lib/python3.10/site-packages/airflow/example_dags/example_setup_teardown_taskflow.py
[2026-02-06T09:13:46.710+0200] {processor.py:830} INFO - Processing file /home/pazzoti/de-upskilling/airflow-flight-price-analysis/venv/lib/python3.10/site-packages/airflow/example_dags/example_setup_teardown_taskflow.py for tasks to queue
[2026-02-06T09:13:46.711+0200] {logging_mixin.py:188} INFO - [2026-02-06T09:13:46.711+0200] {dagbag.py:538} INFO - Filling up the DagBag from /home/pazzoti/de-upskilling/airflow-flight-price-analysis/venv/lib/python3.10/site-packages/airflow/example_dags/example_setup_teardown_taskflow.py
[2026-02-06T09:13:46.724+0200] {processor.py:840} INFO - DAG(s) 'example_setup_teardown_taskflow' retrieved from /home/pazzoti/de-upskilling/airflow-flight-price-analysis/venv/lib/python3.10/site-packages/airflow/example_dags/example_setup_teardown_taskflow.py
[2026-02-06T09:13:46.746+0200] {logging_mixin.py:188} INFO - [2026-02-06T09:13:46.745+0200] {dag.py:3036} INFO - Sync 1 DAGs
[2026-02-06T09:13:46.775+0200] {logging_mixin.py:188} INFO - [2026-02-06T09:13:46.774+0200] {dag.py:3823} INFO - Setting next_dagrun for example_setup_teardown_taskflow to 2026-02-05 00:00:00+00:00, run_after=2026-02-06 00:00:00+00:00
[2026-02-06T09:13:46.810+0200] {processor.py:183} INFO - Processing /home/pazzoti/de-upskilling/airflow-flight-price-analysis/venv/lib/python3.10/site-packages/airflow/example_dags/example_setup_teardown_taskflow.py took 0.104 seconds
[2026-02-06T09:14:22.972+0200] {processor.py:161} INFO - Started process (PID=8834) to work on /home/pazzoti/de-upskilling/airflow-flight-price-analysis/venv/lib/python3.10/site-packages/airflow/example_dags/example_setup_teardown_taskflow.py
[2026-02-06T09:14:22.974+0200] {processor.py:830} INFO - Processing file /home/pazzoti/de-upskilling/airflow-flight-price-analysis/venv/lib/python3.10/site-packages/airflow/example_dags/example_setup_teardown_taskflow.py for tasks to queue
[2026-02-06T09:14:22.976+0200] {logging_mixin.py:188} INFO - [2026-02-06T09:14:22.975+0200] {dagbag.py:538} INFO - Filling up the DagBag from /home/pazzoti/de-upskilling/airflow-flight-price-analysis/venv/lib/python3.10/site-packages/airflow/example_dags/example_setup_teardown_taskflow.py
[2026-02-06T09:14:22.992+0200] {processor.py:840} INFO - DAG(s) 'example_setup_teardown_taskflow' retrieved from /home/pazzoti/de-upskilling/airflow-flight-price-analysis/venv/lib/python3.10/site-packages/airflow/example_dags/example_setup_teardown_taskflow.py
[2026-02-06T09:14:23.009+0200] {logging_mixin.py:188} INFO - [2026-02-06T09:14:23.009+0200] {dag.py:3036} INFO - Sync 1 DAGs
[2026-02-06T09:14:23.031+0200] {logging_mixin.py:188} INFO - [2026-02-06T09:14:23.030+0200] {dag.py:3823} INFO - Setting next_dagrun for example_setup_teardown_taskflow to 2026-02-05 00:00:00+00:00, run_after=2026-02-06 00:00:00+00:00
[2026-02-06T09:14:23.063+0200] {processor.py:183} INFO - Processing /home/pazzoti/de-upskilling/airflow-flight-price-analysis/venv/lib/python3.10/site-packages/airflow/example_dags/example_setup_teardown_taskflow.py took 0.094 seconds
[2026-02-06T09:15:00.676+0200] {processor.py:161} INFO - Started process (PID=9005) to work on /home/pazzoti/de-upskilling/airflow-flight-price-analysis/venv/lib/python3.10/site-packages/airflow/example_dags/example_setup_teardown_taskflow.py
[2026-02-06T09:15:00.677+0200] {processor.py:830} INFO - Processing file /home/pazzoti/de-upskilling/airflow-flight-price-analysis/venv/lib/python3.10/site-packages/airflow/example_dags/example_setup_teardown_taskflow.py for tasks to queue
[2026-02-06T09:15:00.678+0200] {logging_mixin.py:188} INFO - [2026-02-06T09:15:00.678+0200] {dagbag.py:538} INFO - Filling up the DagBag from /home/pazzoti/de-upskilling/airflow-flight-price-analysis/venv/lib/python3.10/site-packages/airflow/example_dags/example_setup_teardown_taskflow.py
[2026-02-06T09:15:00.686+0200] {processor.py:840} INFO - DAG(s) 'example_setup_teardown_taskflow' retrieved from /home/pazzoti/de-upskilling/airflow-flight-price-analysis/venv/lib/python3.10/site-packages/airflow/example_dags/example_setup_teardown_taskflow.py
[2026-02-06T09:15:00.696+0200] {logging_mixin.py:188} INFO - [2026-02-06T09:15:00.696+0200] {dag.py:3036} INFO - Sync 1 DAGs
[2026-02-06T09:15:00.708+0200] {logging_mixin.py:188} INFO - [2026-02-06T09:15:00.708+0200] {dag.py:3823} INFO - Setting next_dagrun for example_setup_teardown_taskflow to 2026-02-05 00:00:00+00:00, run_after=2026-02-06 00:00:00+00:00
[2026-02-06T09:15:00.724+0200] {processor.py:183} INFO - Processing /home/pazzoti/de-upskilling/airflow-flight-price-analysis/venv/lib/python3.10/site-packages/airflow/example_dags/example_setup_teardown_taskflow.py took 0.051 seconds
[2026-02-06T09:15:39.374+0200] {processor.py:161} INFO - Started process (PID=9187) to work on /home/pazzoti/de-upskilling/airflow-flight-price-analysis/venv/lib/python3.10/site-packages/airflow/example_dags/example_setup_teardown_taskflow.py
[2026-02-06T09:15:39.375+0200] {processor.py:830} INFO - Processing file /home/pazzoti/de-upskilling/airflow-flight-price-analysis/venv/lib/python3.10/site-packages/airflow/example_dags/example_setup_teardown_taskflow.py for tasks to queue
[2026-02-06T09:15:39.376+0200] {logging_mixin.py:188} INFO - [2026-02-06T09:15:39.376+0200] {dagbag.py:538} INFO - Filling up the DagBag from /home/pazzoti/de-upskilling/airflow-flight-price-analysis/venv/lib/python3.10/site-packages/airflow/example_dags/example_setup_teardown_taskflow.py
[2026-02-06T09:15:39.385+0200] {processor.py:840} INFO - DAG(s) 'example_setup_teardown_taskflow' retrieved from /home/pazzoti/de-upskilling/airflow-flight-price-analysis/venv/lib/python3.10/site-packages/airflow/example_dags/example_setup_teardown_taskflow.py
[2026-02-06T09:15:39.398+0200] {logging_mixin.py:188} INFO - [2026-02-06T09:15:39.398+0200] {dag.py:3036} INFO - Sync 1 DAGs
[2026-02-06T09:15:39.417+0200] {logging_mixin.py:188} INFO - [2026-02-06T09:15:39.416+0200] {dag.py:3823} INFO - Setting next_dagrun for example_setup_teardown_taskflow to 2026-02-05 00:00:00+00:00, run_after=2026-02-06 00:00:00+00:00
[2026-02-06T09:15:39.436+0200] {processor.py:183} INFO - Processing /home/pazzoti/de-upskilling/airflow-flight-price-analysis/venv/lib/python3.10/site-packages/airflow/example_dags/example_setup_teardown_taskflow.py took 0.065 seconds
[2026-02-06T09:16:28.085+0200] {processor.py:161} INFO - Started process (PID=9448) to work on /home/pazzoti/de-upskilling/airflow-flight-price-analysis/venv/lib/python3.10/site-packages/airflow/example_dags/example_setup_teardown_taskflow.py
[2026-02-06T09:16:28.092+0200] {processor.py:830} INFO - Processing file /home/pazzoti/de-upskilling/airflow-flight-price-analysis/venv/lib/python3.10/site-packages/airflow/example_dags/example_setup_teardown_taskflow.py for tasks to queue
[2026-02-06T09:16:28.093+0200] {logging_mixin.py:188} INFO - [2026-02-06T09:16:28.092+0200] {dagbag.py:538} INFO - Filling up the DagBag from /home/pazzoti/de-upskilling/airflow-flight-price-analysis/venv/lib/python3.10/site-packages/airflow/example_dags/example_setup_teardown_taskflow.py
[2026-02-06T09:16:28.104+0200] {processor.py:840} INFO - DAG(s) 'example_setup_teardown_taskflow' retrieved from /home/pazzoti/de-upskilling/airflow-flight-price-analysis/venv/lib/python3.10/site-packages/airflow/example_dags/example_setup_teardown_taskflow.py
[2026-02-06T09:16:28.115+0200] {logging_mixin.py:188} INFO - [2026-02-06T09:16:28.115+0200] {dag.py:3036} INFO - Sync 1 DAGs
[2026-02-06T09:16:28.126+0200] {logging_mixin.py:188} INFO - [2026-02-06T09:16:28.126+0200] {dag.py:3823} INFO - Setting next_dagrun for example_setup_teardown_taskflow to 2026-02-05 00:00:00+00:00, run_after=2026-02-06 00:00:00+00:00
[2026-02-06T09:16:28.143+0200] {processor.py:183} INFO - Processing /home/pazzoti/de-upskilling/airflow-flight-price-analysis/venv/lib/python3.10/site-packages/airflow/example_dags/example_setup_teardown_taskflow.py took 0.061 seconds
[2026-02-06T09:17:21.386+0200] {processor.py:161} INFO - Started process (PID=9714) to work on /home/pazzoti/de-upskilling/airflow-flight-price-analysis/venv/lib/python3.10/site-packages/airflow/example_dags/example_setup_teardown_taskflow.py
[2026-02-06T09:17:21.388+0200] {processor.py:830} INFO - Processing file /home/pazzoti/de-upskilling/airflow-flight-price-analysis/venv/lib/python3.10/site-packages/airflow/example_dags/example_setup_teardown_taskflow.py for tasks to queue
[2026-02-06T09:17:21.390+0200] {logging_mixin.py:188} INFO - [2026-02-06T09:17:21.389+0200] {dagbag.py:538} INFO - Filling up the DagBag from /home/pazzoti/de-upskilling/airflow-flight-price-analysis/venv/lib/python3.10/site-packages/airflow/example_dags/example_setup_teardown_taskflow.py
[2026-02-06T09:17:21.410+0200] {processor.py:840} INFO - DAG(s) 'example_setup_teardown_taskflow' retrieved from /home/pazzoti/de-upskilling/airflow-flight-price-analysis/venv/lib/python3.10/site-packages/airflow/example_dags/example_setup_teardown_taskflow.py
[2026-02-06T09:17:21.461+0200] {logging_mixin.py:188} INFO - [2026-02-06T09:17:21.458+0200] {dag.py:3036} INFO - Sync 1 DAGs
[2026-02-06T09:17:21.550+0200] {logging_mixin.py:188} INFO - [2026-02-06T09:17:21.537+0200] {dag.py:3823} INFO - Setting next_dagrun for example_setup_teardown_taskflow to 2026-02-05 00:00:00+00:00, run_after=2026-02-06 00:00:00+00:00
[2026-02-06T09:17:21.754+0200] {processor.py:183} INFO - Processing /home/pazzoti/de-upskilling/airflow-flight-price-analysis/venv/lib/python3.10/site-packages/airflow/example_dags/example_setup_teardown_taskflow.py took 0.378 seconds
[2026-02-06T09:29:21.273+0200] {processor.py:161} INFO - Started process (PID=9878) to work on /home/pazzoti/de-upskilling/airflow-flight-price-analysis/venv/lib/python3.10/site-packages/airflow/example_dags/example_setup_teardown_taskflow.py
[2026-02-06T09:29:21.274+0200] {processor.py:830} INFO - Processing file /home/pazzoti/de-upskilling/airflow-flight-price-analysis/venv/lib/python3.10/site-packages/airflow/example_dags/example_setup_teardown_taskflow.py for tasks to queue
[2026-02-06T09:29:21.275+0200] {logging_mixin.py:188} INFO - [2026-02-06T09:29:21.274+0200] {dagbag.py:538} INFO - Filling up the DagBag from /home/pazzoti/de-upskilling/airflow-flight-price-analysis/venv/lib/python3.10/site-packages/airflow/example_dags/example_setup_teardown_taskflow.py
[2026-02-06T09:29:21.282+0200] {processor.py:840} INFO - DAG(s) 'example_setup_teardown_taskflow' retrieved from /home/pazzoti/de-upskilling/airflow-flight-price-analysis/venv/lib/python3.10/site-packages/airflow/example_dags/example_setup_teardown_taskflow.py
[2026-02-06T09:29:21.293+0200] {logging_mixin.py:188} INFO - [2026-02-06T09:29:21.292+0200] {dag.py:3036} INFO - Sync 1 DAGs
[2026-02-06T09:29:21.304+0200] {logging_mixin.py:188} INFO - [2026-02-06T09:29:21.304+0200] {dag.py:3823} INFO - Setting next_dagrun for example_setup_teardown_taskflow to 2026-02-05 00:00:00+00:00, run_after=2026-02-06 00:00:00+00:00
[2026-02-06T09:29:21.320+0200] {processor.py:183} INFO - Processing /home/pazzoti/de-upskilling/airflow-flight-price-analysis/venv/lib/python3.10/site-packages/airflow/example_dags/example_setup_teardown_taskflow.py took 0.049 seconds
[2026-02-06T09:30:13.069+0200] {processor.py:161} INFO - Started process (PID=9968) to work on /home/pazzoti/de-upskilling/airflow-flight-price-analysis/venv/lib/python3.10/site-packages/airflow/example_dags/example_setup_teardown_taskflow.py
[2026-02-06T09:30:13.071+0200] {processor.py:830} INFO - Processing file /home/pazzoti/de-upskilling/airflow-flight-price-analysis/venv/lib/python3.10/site-packages/airflow/example_dags/example_setup_teardown_taskflow.py for tasks to queue
[2026-02-06T09:30:13.072+0200] {logging_mixin.py:188} INFO - [2026-02-06T09:30:13.071+0200] {dagbag.py:538} INFO - Filling up the DagBag from /home/pazzoti/de-upskilling/airflow-flight-price-analysis/venv/lib/python3.10/site-packages/airflow/example_dags/example_setup_teardown_taskflow.py
[2026-02-06T09:30:13.083+0200] {processor.py:840} INFO - DAG(s) 'example_setup_teardown_taskflow' retrieved from /home/pazzoti/de-upskilling/airflow-flight-price-analysis/venv/lib/python3.10/site-packages/airflow/example_dags/example_setup_teardown_taskflow.py
[2026-02-06T09:30:13.095+0200] {logging_mixin.py:188} INFO - [2026-02-06T09:30:13.094+0200] {dag.py:3036} INFO - Sync 1 DAGs
[2026-02-06T09:30:13.116+0200] {logging_mixin.py:188} INFO - [2026-02-06T09:30:13.115+0200] {dag.py:3823} INFO - Setting next_dagrun for example_setup_teardown_taskflow to 2026-02-05 00:00:00+00:00, run_after=2026-02-06 00:00:00+00:00
[2026-02-06T09:30:13.147+0200] {processor.py:183} INFO - Processing /home/pazzoti/de-upskilling/airflow-flight-price-analysis/venv/lib/python3.10/site-packages/airflow/example_dags/example_setup_teardown_taskflow.py took 0.081 seconds
[2026-02-06T09:30:55.665+0200] {processor.py:161} INFO - Started process (PID=10046) to work on /home/pazzoti/de-upskilling/airflow-flight-price-analysis/venv/lib/python3.10/site-packages/airflow/example_dags/example_setup_teardown_taskflow.py
[2026-02-06T09:30:55.672+0200] {processor.py:830} INFO - Processing file /home/pazzoti/de-upskilling/airflow-flight-price-analysis/venv/lib/python3.10/site-packages/airflow/example_dags/example_setup_teardown_taskflow.py for tasks to queue
[2026-02-06T09:30:55.673+0200] {logging_mixin.py:188} INFO - [2026-02-06T09:30:55.673+0200] {dagbag.py:538} INFO - Filling up the DagBag from /home/pazzoti/de-upskilling/airflow-flight-price-analysis/venv/lib/python3.10/site-packages/airflow/example_dags/example_setup_teardown_taskflow.py
[2026-02-06T09:30:55.681+0200] {processor.py:840} INFO - DAG(s) 'example_setup_teardown_taskflow' retrieved from /home/pazzoti/de-upskilling/airflow-flight-price-analysis/venv/lib/python3.10/site-packages/airflow/example_dags/example_setup_teardown_taskflow.py
[2026-02-06T09:30:55.694+0200] {logging_mixin.py:188} INFO - [2026-02-06T09:30:55.693+0200] {dag.py:3036} INFO - Sync 1 DAGs
[2026-02-06T09:30:55.707+0200] {logging_mixin.py:188} INFO - [2026-02-06T09:30:55.707+0200] {dag.py:3823} INFO - Setting next_dagrun for example_setup_teardown_taskflow to 2026-02-05 00:00:00+00:00, run_after=2026-02-06 00:00:00+00:00
[2026-02-06T09:30:55.725+0200] {processor.py:183} INFO - Processing /home/pazzoti/de-upskilling/airflow-flight-price-analysis/venv/lib/python3.10/site-packages/airflow/example_dags/example_setup_teardown_taskflow.py took 0.063 seconds
[2026-02-06T09:31:35.669+0200] {processor.py:161} INFO - Started process (PID=10111) to work on /home/pazzoti/de-upskilling/airflow-flight-price-analysis/venv/lib/python3.10/site-packages/airflow/example_dags/example_setup_teardown_taskflow.py
[2026-02-06T09:31:35.673+0200] {processor.py:830} INFO - Processing file /home/pazzoti/de-upskilling/airflow-flight-price-analysis/venv/lib/python3.10/site-packages/airflow/example_dags/example_setup_teardown_taskflow.py for tasks to queue
[2026-02-06T09:31:35.674+0200] {logging_mixin.py:188} INFO - [2026-02-06T09:31:35.674+0200] {dagbag.py:538} INFO - Filling up the DagBag from /home/pazzoti/de-upskilling/airflow-flight-price-analysis/venv/lib/python3.10/site-packages/airflow/example_dags/example_setup_teardown_taskflow.py
[2026-02-06T09:31:35.682+0200] {processor.py:840} INFO - DAG(s) 'example_setup_teardown_taskflow' retrieved from /home/pazzoti/de-upskilling/airflow-flight-price-analysis/venv/lib/python3.10/site-packages/airflow/example_dags/example_setup_teardown_taskflow.py
[2026-02-06T09:31:35.692+0200] {logging_mixin.py:188} INFO - [2026-02-06T09:31:35.692+0200] {dag.py:3036} INFO - Sync 1 DAGs
[2026-02-06T09:31:35.703+0200] {logging_mixin.py:188} INFO - [2026-02-06T09:31:35.703+0200] {dag.py:3823} INFO - Setting next_dagrun for example_setup_teardown_taskflow to 2026-02-05 00:00:00+00:00, run_after=2026-02-06 00:00:00+00:00
[2026-02-06T09:31:35.718+0200] {processor.py:183} INFO - Processing /home/pazzoti/de-upskilling/airflow-flight-price-analysis/venv/lib/python3.10/site-packages/airflow/example_dags/example_setup_teardown_taskflow.py took 0.052 seconds
[2026-02-06T09:32:16.860+0200] {processor.py:161} INFO - Started process (PID=10189) to work on /home/pazzoti/de-upskilling/airflow-flight-price-analysis/venv/lib/python3.10/site-packages/airflow/example_dags/example_setup_teardown_taskflow.py
[2026-02-06T09:32:16.866+0200] {processor.py:830} INFO - Processing file /home/pazzoti/de-upskilling/airflow-flight-price-analysis/venv/lib/python3.10/site-packages/airflow/example_dags/example_setup_teardown_taskflow.py for tasks to queue
[2026-02-06T09:32:16.867+0200] {logging_mixin.py:188} INFO - [2026-02-06T09:32:16.867+0200] {dagbag.py:538} INFO - Filling up the DagBag from /home/pazzoti/de-upskilling/airflow-flight-price-analysis/venv/lib/python3.10/site-packages/airflow/example_dags/example_setup_teardown_taskflow.py
[2026-02-06T09:32:16.874+0200] {processor.py:840} INFO - DAG(s) 'example_setup_teardown_taskflow' retrieved from /home/pazzoti/de-upskilling/airflow-flight-price-analysis/venv/lib/python3.10/site-packages/airflow/example_dags/example_setup_teardown_taskflow.py
[2026-02-06T09:32:16.884+0200] {logging_mixin.py:188} INFO - [2026-02-06T09:32:16.884+0200] {dag.py:3036} INFO - Sync 1 DAGs
[2026-02-06T09:32:16.894+0200] {logging_mixin.py:188} INFO - [2026-02-06T09:32:16.894+0200] {dag.py:3823} INFO - Setting next_dagrun for example_setup_teardown_taskflow to 2026-02-05 00:00:00+00:00, run_after=2026-02-06 00:00:00+00:00
[2026-02-06T09:32:16.911+0200] {processor.py:183} INFO - Processing /home/pazzoti/de-upskilling/airflow-flight-price-analysis/venv/lib/python3.10/site-packages/airflow/example_dags/example_setup_teardown_taskflow.py took 0.053 seconds
[2026-02-06T09:32:53.180+0200] {processor.py:161} INFO - Started process (PID=10285) to work on /home/pazzoti/de-upskilling/airflow-flight-price-analysis/venv/lib/python3.10/site-packages/airflow/example_dags/example_setup_teardown_taskflow.py
[2026-02-06T09:32:53.188+0200] {processor.py:830} INFO - Processing file /home/pazzoti/de-upskilling/airflow-flight-price-analysis/venv/lib/python3.10/site-packages/airflow/example_dags/example_setup_teardown_taskflow.py for tasks to queue
[2026-02-06T09:32:53.189+0200] {logging_mixin.py:188} INFO - [2026-02-06T09:32:53.188+0200] {dagbag.py:538} INFO - Filling up the DagBag from /home/pazzoti/de-upskilling/airflow-flight-price-analysis/venv/lib/python3.10/site-packages/airflow/example_dags/example_setup_teardown_taskflow.py
[2026-02-06T09:32:53.196+0200] {processor.py:840} INFO - DAG(s) 'example_setup_teardown_taskflow' retrieved from /home/pazzoti/de-upskilling/airflow-flight-price-analysis/venv/lib/python3.10/site-packages/airflow/example_dags/example_setup_teardown_taskflow.py
[2026-02-06T09:32:53.208+0200] {logging_mixin.py:188} INFO - [2026-02-06T09:32:53.207+0200] {dag.py:3036} INFO - Sync 1 DAGs
[2026-02-06T09:32:53.220+0200] {logging_mixin.py:188} INFO - [2026-02-06T09:32:53.220+0200] {dag.py:3823} INFO - Setting next_dagrun for example_setup_teardown_taskflow to 2026-02-05 00:00:00+00:00, run_after=2026-02-06 00:00:00+00:00
[2026-02-06T09:32:53.237+0200] {processor.py:183} INFO - Processing /home/pazzoti/de-upskilling/airflow-flight-price-analysis/venv/lib/python3.10/site-packages/airflow/example_dags/example_setup_teardown_taskflow.py took 0.060 seconds
[2026-02-06T09:33:40.559+0200] {processor.py:161} INFO - Started process (PID=10350) to work on /home/pazzoti/de-upskilling/airflow-flight-price-analysis/venv/lib/python3.10/site-packages/airflow/example_dags/example_setup_teardown_taskflow.py
[2026-02-06T09:33:40.561+0200] {processor.py:830} INFO - Processing file /home/pazzoti/de-upskilling/airflow-flight-price-analysis/venv/lib/python3.10/site-packages/airflow/example_dags/example_setup_teardown_taskflow.py for tasks to queue
[2026-02-06T09:33:40.562+0200] {logging_mixin.py:188} INFO - [2026-02-06T09:33:40.562+0200] {dagbag.py:538} INFO - Filling up the DagBag from /home/pazzoti/de-upskilling/airflow-flight-price-analysis/venv/lib/python3.10/site-packages/airflow/example_dags/example_setup_teardown_taskflow.py
[2026-02-06T09:33:40.583+0200] {processor.py:840} INFO - DAG(s) 'example_setup_teardown_taskflow' retrieved from /home/pazzoti/de-upskilling/airflow-flight-price-analysis/venv/lib/python3.10/site-packages/airflow/example_dags/example_setup_teardown_taskflow.py
[2026-02-06T09:33:40.618+0200] {logging_mixin.py:188} INFO - [2026-02-06T09:33:40.618+0200] {dag.py:3036} INFO - Sync 1 DAGs
[2026-02-06T09:33:40.657+0200] {logging_mixin.py:188} INFO - [2026-02-06T09:33:40.657+0200] {dag.py:3823} INFO - Setting next_dagrun for example_setup_teardown_taskflow to 2026-02-05 00:00:00+00:00, run_after=2026-02-06 00:00:00+00:00
[2026-02-06T09:33:40.699+0200] {processor.py:183} INFO - Processing /home/pazzoti/de-upskilling/airflow-flight-price-analysis/venv/lib/python3.10/site-packages/airflow/example_dags/example_setup_teardown_taskflow.py took 0.144 seconds
[2026-02-06T09:34:30.656+0200] {processor.py:161} INFO - Started process (PID=10438) to work on /home/pazzoti/de-upskilling/airflow-flight-price-analysis/venv/lib/python3.10/site-packages/airflow/example_dags/example_setup_teardown_taskflow.py
[2026-02-06T09:34:30.659+0200] {processor.py:830} INFO - Processing file /home/pazzoti/de-upskilling/airflow-flight-price-analysis/venv/lib/python3.10/site-packages/airflow/example_dags/example_setup_teardown_taskflow.py for tasks to queue
[2026-02-06T09:34:30.659+0200] {logging_mixin.py:188} INFO - [2026-02-06T09:34:30.659+0200] {dagbag.py:538} INFO - Filling up the DagBag from /home/pazzoti/de-upskilling/airflow-flight-price-analysis/venv/lib/python3.10/site-packages/airflow/example_dags/example_setup_teardown_taskflow.py
[2026-02-06T09:34:30.669+0200] {processor.py:840} INFO - DAG(s) 'example_setup_teardown_taskflow' retrieved from /home/pazzoti/de-upskilling/airflow-flight-price-analysis/venv/lib/python3.10/site-packages/airflow/example_dags/example_setup_teardown_taskflow.py
[2026-02-06T09:34:30.680+0200] {logging_mixin.py:188} INFO - [2026-02-06T09:34:30.680+0200] {dag.py:3036} INFO - Sync 1 DAGs
[2026-02-06T09:34:30.691+0200] {logging_mixin.py:188} INFO - [2026-02-06T09:34:30.691+0200] {dag.py:3823} INFO - Setting next_dagrun for example_setup_teardown_taskflow to 2026-02-05 00:00:00+00:00, run_after=2026-02-06 00:00:00+00:00
[2026-02-06T09:34:30.707+0200] {processor.py:183} INFO - Processing /home/pazzoti/de-upskilling/airflow-flight-price-analysis/venv/lib/python3.10/site-packages/airflow/example_dags/example_setup_teardown_taskflow.py took 0.054 seconds
