[2026-02-06T09:01:38.729+0200] {processor.py:161} INFO - Started process (PID=4384) to work on /home/pazzoti/de-upskilling/airflow-flight-price-analysis/venv/lib/python3.10/site-packages/airflow/example_dags/example_external_task_marker_dag.py
[2026-02-06T09:01:38.729+0200] {processor.py:830} INFO - Processing file /home/pazzoti/de-upskilling/airflow-flight-price-analysis/venv/lib/python3.10/site-packages/airflow/example_dags/example_external_task_marker_dag.py for tasks to queue
[2026-02-06T09:01:38.730+0200] {logging_mixin.py:188} INFO - [2026-02-06T09:01:38.730+0200] {dagbag.py:538} INFO - Filling up the DagBag from /home/pazzoti/de-upskilling/airflow-flight-price-analysis/venv/lib/python3.10/site-packages/airflow/example_dags/example_external_task_marker_dag.py
[2026-02-06T09:01:38.738+0200] {processor.py:840} INFO - DAG(s) 'example_external_task_marker_parent', 'example_external_task_marker_child' retrieved from /home/pazzoti/de-upskilling/airflow-flight-price-analysis/venv/lib/python3.10/site-packages/airflow/example_dags/example_external_task_marker_dag.py
[2026-02-06T09:01:38.754+0200] {logging_mixin.py:188} INFO - [2026-02-06T09:01:38.754+0200] {dag.py:3036} INFO - Sync 2 DAGs
[2026-02-06T09:01:38.763+0200] {logging_mixin.py:188} INFO - [2026-02-06T09:01:38.763+0200] {dag.py:3823} INFO - Setting next_dagrun for example_external_task_marker_child to None, run_after=None
[2026-02-06T09:01:38.765+0200] {logging_mixin.py:188} INFO - [2026-02-06T09:01:38.765+0200] {dag.py:3823} INFO - Setting next_dagrun for example_external_task_marker_parent to None, run_after=None
[2026-02-06T09:01:38.782+0200] {processor.py:183} INFO - Processing /home/pazzoti/de-upskilling/airflow-flight-price-analysis/venv/lib/python3.10/site-packages/airflow/example_dags/example_external_task_marker_dag.py took 0.056 seconds
[2026-02-06T09:02:29.065+0200] {processor.py:161} INFO - Started process (PID=4869) to work on /home/pazzoti/de-upskilling/airflow-flight-price-analysis/venv/lib/python3.10/site-packages/airflow/example_dags/example_external_task_marker_dag.py
[2026-02-06T09:02:29.070+0200] {processor.py:830} INFO - Processing file /home/pazzoti/de-upskilling/airflow-flight-price-analysis/venv/lib/python3.10/site-packages/airflow/example_dags/example_external_task_marker_dag.py for tasks to queue
[2026-02-06T09:02:29.071+0200] {logging_mixin.py:188} INFO - [2026-02-06T09:02:29.071+0200] {dagbag.py:538} INFO - Filling up the DagBag from /home/pazzoti/de-upskilling/airflow-flight-price-analysis/venv/lib/python3.10/site-packages/airflow/example_dags/example_external_task_marker_dag.py
[2026-02-06T09:02:29.075+0200] {processor.py:840} INFO - DAG(s) 'example_external_task_marker_child', 'example_external_task_marker_parent' retrieved from /home/pazzoti/de-upskilling/airflow-flight-price-analysis/venv/lib/python3.10/site-packages/airflow/example_dags/example_external_task_marker_dag.py
[2026-02-06T09:02:29.086+0200] {logging_mixin.py:188} INFO - [2026-02-06T09:02:29.086+0200] {dag.py:3036} INFO - Sync 2 DAGs
[2026-02-06T09:02:29.095+0200] {logging_mixin.py:188} INFO - [2026-02-06T09:02:29.095+0200] {dag.py:3823} INFO - Setting next_dagrun for example_external_task_marker_child to None, run_after=None
[2026-02-06T09:02:29.097+0200] {logging_mixin.py:188} INFO - [2026-02-06T09:02:29.097+0200] {dag.py:3823} INFO - Setting next_dagrun for example_external_task_marker_parent to None, run_after=None
[2026-02-06T09:02:29.111+0200] {processor.py:183} INFO - Processing /home/pazzoti/de-upskilling/airflow-flight-price-analysis/venv/lib/python3.10/site-packages/airflow/example_dags/example_external_task_marker_dag.py took 0.048 seconds
[2026-02-06T09:03:17.158+0200] {processor.py:161} INFO - Started process (PID=5104) to work on /home/pazzoti/de-upskilling/airflow-flight-price-analysis/venv/lib/python3.10/site-packages/airflow/example_dags/example_external_task_marker_dag.py
[2026-02-06T09:03:17.161+0200] {processor.py:830} INFO - Processing file /home/pazzoti/de-upskilling/airflow-flight-price-analysis/venv/lib/python3.10/site-packages/airflow/example_dags/example_external_task_marker_dag.py for tasks to queue
[2026-02-06T09:03:17.162+0200] {logging_mixin.py:188} INFO - [2026-02-06T09:03:17.161+0200] {dagbag.py:538} INFO - Filling up the DagBag from /home/pazzoti/de-upskilling/airflow-flight-price-analysis/venv/lib/python3.10/site-packages/airflow/example_dags/example_external_task_marker_dag.py
[2026-02-06T09:03:17.167+0200] {processor.py:840} INFO - DAG(s) 'example_external_task_marker_child', 'example_external_task_marker_parent' retrieved from /home/pazzoti/de-upskilling/airflow-flight-price-analysis/venv/lib/python3.10/site-packages/airflow/example_dags/example_external_task_marker_dag.py
[2026-02-06T09:03:17.181+0200] {logging_mixin.py:188} INFO - [2026-02-06T09:03:17.181+0200] {dag.py:3036} INFO - Sync 2 DAGs
[2026-02-06T09:03:17.191+0200] {logging_mixin.py:188} INFO - [2026-02-06T09:03:17.191+0200] {dag.py:3823} INFO - Setting next_dagrun for example_external_task_marker_child to None, run_after=None
[2026-02-06T09:03:17.193+0200] {logging_mixin.py:188} INFO - [2026-02-06T09:03:17.193+0200] {dag.py:3823} INFO - Setting next_dagrun for example_external_task_marker_parent to None, run_after=None
[2026-02-06T09:03:17.214+0200] {processor.py:183} INFO - Processing /home/pazzoti/de-upskilling/airflow-flight-price-analysis/venv/lib/python3.10/site-packages/airflow/example_dags/example_external_task_marker_dag.py took 0.060 seconds
[2026-02-06T09:04:10.811+0200] {processor.py:161} INFO - Started process (PID=5347) to work on /home/pazzoti/de-upskilling/airflow-flight-price-analysis/venv/lib/python3.10/site-packages/airflow/example_dags/example_external_task_marker_dag.py
[2026-02-06T09:04:10.813+0200] {processor.py:830} INFO - Processing file /home/pazzoti/de-upskilling/airflow-flight-price-analysis/venv/lib/python3.10/site-packages/airflow/example_dags/example_external_task_marker_dag.py for tasks to queue
[2026-02-06T09:04:10.814+0200] {logging_mixin.py:188} INFO - [2026-02-06T09:04:10.813+0200] {dagbag.py:538} INFO - Filling up the DagBag from /home/pazzoti/de-upskilling/airflow-flight-price-analysis/venv/lib/python3.10/site-packages/airflow/example_dags/example_external_task_marker_dag.py
[2026-02-06T09:04:10.819+0200] {processor.py:840} INFO - DAG(s) 'example_external_task_marker_child', 'example_external_task_marker_parent' retrieved from /home/pazzoti/de-upskilling/airflow-flight-price-analysis/venv/lib/python3.10/site-packages/airflow/example_dags/example_external_task_marker_dag.py
[2026-02-06T09:04:10.830+0200] {logging_mixin.py:188} INFO - [2026-02-06T09:04:10.830+0200] {dag.py:3036} INFO - Sync 2 DAGs
[2026-02-06T09:04:10.837+0200] {logging_mixin.py:188} INFO - [2026-02-06T09:04:10.837+0200] {dag.py:3823} INFO - Setting next_dagrun for example_external_task_marker_child to None, run_after=None
[2026-02-06T09:04:10.839+0200] {logging_mixin.py:188} INFO - [2026-02-06T09:04:10.839+0200] {dag.py:3823} INFO - Setting next_dagrun for example_external_task_marker_parent to None, run_after=None
[2026-02-06T09:04:10.860+0200] {processor.py:183} INFO - Processing /home/pazzoti/de-upskilling/airflow-flight-price-analysis/venv/lib/python3.10/site-packages/airflow/example_dags/example_external_task_marker_dag.py took 0.051 seconds
[2026-02-06T09:05:06.545+0200] {processor.py:161} INFO - Started process (PID=5639) to work on /home/pazzoti/de-upskilling/airflow-flight-price-analysis/venv/lib/python3.10/site-packages/airflow/example_dags/example_external_task_marker_dag.py
[2026-02-06T09:05:06.547+0200] {processor.py:830} INFO - Processing file /home/pazzoti/de-upskilling/airflow-flight-price-analysis/venv/lib/python3.10/site-packages/airflow/example_dags/example_external_task_marker_dag.py for tasks to queue
[2026-02-06T09:05:06.548+0200] {logging_mixin.py:188} INFO - [2026-02-06T09:05:06.548+0200] {dagbag.py:538} INFO - Filling up the DagBag from /home/pazzoti/de-upskilling/airflow-flight-price-analysis/venv/lib/python3.10/site-packages/airflow/example_dags/example_external_task_marker_dag.py
[2026-02-06T09:05:06.556+0200] {processor.py:840} INFO - DAG(s) 'example_external_task_marker_parent', 'example_external_task_marker_child' retrieved from /home/pazzoti/de-upskilling/airflow-flight-price-analysis/venv/lib/python3.10/site-packages/airflow/example_dags/example_external_task_marker_dag.py
[2026-02-06T09:05:06.573+0200] {logging_mixin.py:188} INFO - [2026-02-06T09:05:06.573+0200] {dag.py:3036} INFO - Sync 2 DAGs
[2026-02-06T09:05:06.584+0200] {logging_mixin.py:188} INFO - [2026-02-06T09:05:06.584+0200] {dag.py:3823} INFO - Setting next_dagrun for example_external_task_marker_child to None, run_after=None
[2026-02-06T09:05:06.587+0200] {logging_mixin.py:188} INFO - [2026-02-06T09:05:06.587+0200] {dag.py:3823} INFO - Setting next_dagrun for example_external_task_marker_parent to None, run_after=None
[2026-02-06T09:05:06.605+0200] {processor.py:183} INFO - Processing /home/pazzoti/de-upskilling/airflow-flight-price-analysis/venv/lib/python3.10/site-packages/airflow/example_dags/example_external_task_marker_dag.py took 0.064 seconds
[2026-02-06T09:06:02.244+0200] {processor.py:161} INFO - Started process (PID=5916) to work on /home/pazzoti/de-upskilling/airflow-flight-price-analysis/venv/lib/python3.10/site-packages/airflow/example_dags/example_external_task_marker_dag.py
[2026-02-06T09:06:02.251+0200] {processor.py:830} INFO - Processing file /home/pazzoti/de-upskilling/airflow-flight-price-analysis/venv/lib/python3.10/site-packages/airflow/example_dags/example_external_task_marker_dag.py for tasks to queue
[2026-02-06T09:06:02.252+0200] {logging_mixin.py:188} INFO - [2026-02-06T09:06:02.252+0200] {dagbag.py:538} INFO - Filling up the DagBag from /home/pazzoti/de-upskilling/airflow-flight-price-analysis/venv/lib/python3.10/site-packages/airflow/example_dags/example_external_task_marker_dag.py
[2026-02-06T09:06:02.259+0200] {processor.py:840} INFO - DAG(s) 'example_external_task_marker_parent', 'example_external_task_marker_child' retrieved from /home/pazzoti/de-upskilling/airflow-flight-price-analysis/venv/lib/python3.10/site-packages/airflow/example_dags/example_external_task_marker_dag.py
[2026-02-06T09:06:02.275+0200] {logging_mixin.py:188} INFO - [2026-02-06T09:06:02.274+0200] {dag.py:3036} INFO - Sync 2 DAGs
[2026-02-06T09:06:02.281+0200] {logging_mixin.py:188} INFO - [2026-02-06T09:06:02.281+0200] {dag.py:3823} INFO - Setting next_dagrun for example_external_task_marker_child to None, run_after=None
[2026-02-06T09:06:02.283+0200] {logging_mixin.py:188} INFO - [2026-02-06T09:06:02.283+0200] {dag.py:3823} INFO - Setting next_dagrun for example_external_task_marker_parent to None, run_after=None
[2026-02-06T09:06:02.299+0200] {processor.py:183} INFO - Processing /home/pazzoti/de-upskilling/airflow-flight-price-analysis/venv/lib/python3.10/site-packages/airflow/example_dags/example_external_task_marker_dag.py took 0.058 seconds
[2026-02-06T09:06:58.418+0200] {processor.py:161} INFO - Started process (PID=6215) to work on /home/pazzoti/de-upskilling/airflow-flight-price-analysis/venv/lib/python3.10/site-packages/airflow/example_dags/example_external_task_marker_dag.py
[2026-02-06T09:06:58.420+0200] {processor.py:830} INFO - Processing file /home/pazzoti/de-upskilling/airflow-flight-price-analysis/venv/lib/python3.10/site-packages/airflow/example_dags/example_external_task_marker_dag.py for tasks to queue
[2026-02-06T09:06:58.421+0200] {logging_mixin.py:188} INFO - [2026-02-06T09:06:58.420+0200] {dagbag.py:538} INFO - Filling up the DagBag from /home/pazzoti/de-upskilling/airflow-flight-price-analysis/venv/lib/python3.10/site-packages/airflow/example_dags/example_external_task_marker_dag.py
[2026-02-06T09:06:58.427+0200] {processor.py:840} INFO - DAG(s) 'example_external_task_marker_child', 'example_external_task_marker_parent' retrieved from /home/pazzoti/de-upskilling/airflow-flight-price-analysis/venv/lib/python3.10/site-packages/airflow/example_dags/example_external_task_marker_dag.py
[2026-02-06T09:06:58.440+0200] {logging_mixin.py:188} INFO - [2026-02-06T09:06:58.439+0200] {dag.py:3036} INFO - Sync 2 DAGs
[2026-02-06T09:06:58.449+0200] {logging_mixin.py:188} INFO - [2026-02-06T09:06:58.448+0200] {dag.py:3823} INFO - Setting next_dagrun for example_external_task_marker_child to None, run_after=None
[2026-02-06T09:06:58.451+0200] {logging_mixin.py:188} INFO - [2026-02-06T09:06:58.451+0200] {dag.py:3823} INFO - Setting next_dagrun for example_external_task_marker_parent to None, run_after=None
[2026-02-06T09:06:58.469+0200] {processor.py:183} INFO - Processing /home/pazzoti/de-upskilling/airflow-flight-price-analysis/venv/lib/python3.10/site-packages/airflow/example_dags/example_external_task_marker_dag.py took 0.053 seconds
[2026-02-06T09:07:51.568+0200] {processor.py:161} INFO - Started process (PID=6478) to work on /home/pazzoti/de-upskilling/airflow-flight-price-analysis/venv/lib/python3.10/site-packages/airflow/example_dags/example_external_task_marker_dag.py
[2026-02-06T09:07:51.569+0200] {processor.py:830} INFO - Processing file /home/pazzoti/de-upskilling/airflow-flight-price-analysis/venv/lib/python3.10/site-packages/airflow/example_dags/example_external_task_marker_dag.py for tasks to queue
[2026-02-06T09:07:51.570+0200] {logging_mixin.py:188} INFO - [2026-02-06T09:07:51.570+0200] {dagbag.py:538} INFO - Filling up the DagBag from /home/pazzoti/de-upskilling/airflow-flight-price-analysis/venv/lib/python3.10/site-packages/airflow/example_dags/example_external_task_marker_dag.py
[2026-02-06T09:07:51.576+0200] {processor.py:840} INFO - DAG(s) 'example_external_task_marker_parent', 'example_external_task_marker_child' retrieved from /home/pazzoti/de-upskilling/airflow-flight-price-analysis/venv/lib/python3.10/site-packages/airflow/example_dags/example_external_task_marker_dag.py
[2026-02-06T09:07:51.588+0200] {logging_mixin.py:188} INFO - [2026-02-06T09:07:51.588+0200] {dag.py:3036} INFO - Sync 2 DAGs
[2026-02-06T09:07:51.596+0200] {logging_mixin.py:188} INFO - [2026-02-06T09:07:51.596+0200] {dag.py:3823} INFO - Setting next_dagrun for example_external_task_marker_child to None, run_after=None
[2026-02-06T09:07:51.598+0200] {logging_mixin.py:188} INFO - [2026-02-06T09:07:51.598+0200] {dag.py:3823} INFO - Setting next_dagrun for example_external_task_marker_parent to None, run_after=None
[2026-02-06T09:07:51.614+0200] {processor.py:183} INFO - Processing /home/pazzoti/de-upskilling/airflow-flight-price-analysis/venv/lib/python3.10/site-packages/airflow/example_dags/example_external_task_marker_dag.py took 0.048 seconds
[2026-02-06T09:08:46.521+0200] {processor.py:161} INFO - Started process (PID=6734) to work on /home/pazzoti/de-upskilling/airflow-flight-price-analysis/venv/lib/python3.10/site-packages/airflow/example_dags/example_external_task_marker_dag.py
[2026-02-06T09:08:46.529+0200] {processor.py:830} INFO - Processing file /home/pazzoti/de-upskilling/airflow-flight-price-analysis/venv/lib/python3.10/site-packages/airflow/example_dags/example_external_task_marker_dag.py for tasks to queue
[2026-02-06T09:08:46.530+0200] {logging_mixin.py:188} INFO - [2026-02-06T09:08:46.529+0200] {dagbag.py:538} INFO - Filling up the DagBag from /home/pazzoti/de-upskilling/airflow-flight-price-analysis/venv/lib/python3.10/site-packages/airflow/example_dags/example_external_task_marker_dag.py
[2026-02-06T09:08:46.536+0200] {processor.py:840} INFO - DAG(s) 'example_external_task_marker_parent', 'example_external_task_marker_child' retrieved from /home/pazzoti/de-upskilling/airflow-flight-price-analysis/venv/lib/python3.10/site-packages/airflow/example_dags/example_external_task_marker_dag.py
[2026-02-06T09:08:46.550+0200] {logging_mixin.py:188} INFO - [2026-02-06T09:08:46.549+0200] {dag.py:3036} INFO - Sync 2 DAGs
[2026-02-06T09:08:46.557+0200] {logging_mixin.py:188} INFO - [2026-02-06T09:08:46.557+0200] {dag.py:3823} INFO - Setting next_dagrun for example_external_task_marker_child to None, run_after=None
[2026-02-06T09:08:46.559+0200] {logging_mixin.py:188} INFO - [2026-02-06T09:08:46.559+0200] {dag.py:3823} INFO - Setting next_dagrun for example_external_task_marker_parent to None, run_after=None
[2026-02-06T09:08:46.578+0200] {processor.py:183} INFO - Processing /home/pazzoti/de-upskilling/airflow-flight-price-analysis/venv/lib/python3.10/site-packages/airflow/example_dags/example_external_task_marker_dag.py took 0.059 seconds
[2026-02-06T09:09:44.974+0200] {processor.py:161} INFO - Started process (PID=7004) to work on /home/pazzoti/de-upskilling/airflow-flight-price-analysis/venv/lib/python3.10/site-packages/airflow/example_dags/example_external_task_marker_dag.py
[2026-02-06T09:09:44.976+0200] {processor.py:830} INFO - Processing file /home/pazzoti/de-upskilling/airflow-flight-price-analysis/venv/lib/python3.10/site-packages/airflow/example_dags/example_external_task_marker_dag.py for tasks to queue
[2026-02-06T09:09:44.977+0200] {logging_mixin.py:188} INFO - [2026-02-06T09:09:44.976+0200] {dagbag.py:538} INFO - Filling up the DagBag from /home/pazzoti/de-upskilling/airflow-flight-price-analysis/venv/lib/python3.10/site-packages/airflow/example_dags/example_external_task_marker_dag.py
[2026-02-06T09:09:44.982+0200] {processor.py:840} INFO - DAG(s) 'example_external_task_marker_parent', 'example_external_task_marker_child' retrieved from /home/pazzoti/de-upskilling/airflow-flight-price-analysis/venv/lib/python3.10/site-packages/airflow/example_dags/example_external_task_marker_dag.py
[2026-02-06T09:09:44.998+0200] {logging_mixin.py:188} INFO - [2026-02-06T09:09:44.997+0200] {dag.py:3036} INFO - Sync 2 DAGs
[2026-02-06T09:09:45.014+0200] {logging_mixin.py:188} INFO - [2026-02-06T09:09:45.014+0200] {dag.py:3823} INFO - Setting next_dagrun for example_external_task_marker_child to None, run_after=None
[2026-02-06T09:09:45.018+0200] {logging_mixin.py:188} INFO - [2026-02-06T09:09:45.017+0200] {dag.py:3823} INFO - Setting next_dagrun for example_external_task_marker_parent to None, run_after=None
[2026-02-06T09:09:45.045+0200] {processor.py:183} INFO - Processing /home/pazzoti/de-upskilling/airflow-flight-price-analysis/venv/lib/python3.10/site-packages/airflow/example_dags/example_external_task_marker_dag.py took 0.074 seconds
[2026-02-06T09:11:45.716+0200] {processor.py:161} INFO - Started process (PID=8047) to work on /home/pazzoti/de-upskilling/airflow-flight-price-analysis/venv/lib/python3.10/site-packages/airflow/example_dags/example_external_task_marker_dag.py
[2026-02-06T09:11:45.717+0200] {processor.py:830} INFO - Processing file /home/pazzoti/de-upskilling/airflow-flight-price-analysis/venv/lib/python3.10/site-packages/airflow/example_dags/example_external_task_marker_dag.py for tasks to queue
[2026-02-06T09:11:45.719+0200] {logging_mixin.py:188} INFO - [2026-02-06T09:11:45.718+0200] {dagbag.py:538} INFO - Filling up the DagBag from /home/pazzoti/de-upskilling/airflow-flight-price-analysis/venv/lib/python3.10/site-packages/airflow/example_dags/example_external_task_marker_dag.py
[2026-02-06T09:11:45.728+0200] {processor.py:840} INFO - DAG(s) 'example_external_task_marker_parent', 'example_external_task_marker_child' retrieved from /home/pazzoti/de-upskilling/airflow-flight-price-analysis/venv/lib/python3.10/site-packages/airflow/example_dags/example_external_task_marker_dag.py
[2026-02-06T09:11:45.751+0200] {logging_mixin.py:188} INFO - [2026-02-06T09:11:45.750+0200] {dag.py:3036} INFO - Sync 2 DAGs
[2026-02-06T09:11:45.767+0200] {logging_mixin.py:188} INFO - [2026-02-06T09:11:45.766+0200] {dag.py:3823} INFO - Setting next_dagrun for example_external_task_marker_child to None, run_after=None
[2026-02-06T09:11:45.770+0200] {logging_mixin.py:188} INFO - [2026-02-06T09:11:45.770+0200] {dag.py:3823} INFO - Setting next_dagrun for example_external_task_marker_parent to None, run_after=None
[2026-02-06T09:11:45.796+0200] {processor.py:183} INFO - Processing /home/pazzoti/de-upskilling/airflow-flight-price-analysis/venv/lib/python3.10/site-packages/airflow/example_dags/example_external_task_marker_dag.py took 0.085 seconds
[2026-02-06T09:12:35.864+0200] {processor.py:161} INFO - Started process (PID=8331) to work on /home/pazzoti/de-upskilling/airflow-flight-price-analysis/venv/lib/python3.10/site-packages/airflow/example_dags/example_external_task_marker_dag.py
[2026-02-06T09:12:35.865+0200] {processor.py:830} INFO - Processing file /home/pazzoti/de-upskilling/airflow-flight-price-analysis/venv/lib/python3.10/site-packages/airflow/example_dags/example_external_task_marker_dag.py for tasks to queue
[2026-02-06T09:12:35.866+0200] {logging_mixin.py:188} INFO - [2026-02-06T09:12:35.866+0200] {dagbag.py:538} INFO - Filling up the DagBag from /home/pazzoti/de-upskilling/airflow-flight-price-analysis/venv/lib/python3.10/site-packages/airflow/example_dags/example_external_task_marker_dag.py
[2026-02-06T09:12:35.872+0200] {processor.py:840} INFO - DAG(s) 'example_external_task_marker_parent', 'example_external_task_marker_child' retrieved from /home/pazzoti/de-upskilling/airflow-flight-price-analysis/venv/lib/python3.10/site-packages/airflow/example_dags/example_external_task_marker_dag.py
[2026-02-06T09:12:35.885+0200] {logging_mixin.py:188} INFO - [2026-02-06T09:12:35.885+0200] {dag.py:3036} INFO - Sync 2 DAGs
[2026-02-06T09:12:35.892+0200] {logging_mixin.py:188} INFO - [2026-02-06T09:12:35.892+0200] {dag.py:3823} INFO - Setting next_dagrun for example_external_task_marker_child to None, run_after=None
[2026-02-06T09:12:35.894+0200] {logging_mixin.py:188} INFO - [2026-02-06T09:12:35.894+0200] {dag.py:3823} INFO - Setting next_dagrun for example_external_task_marker_parent to None, run_after=None
[2026-02-06T09:12:35.909+0200] {processor.py:183} INFO - Processing /home/pazzoti/de-upskilling/airflow-flight-price-analysis/venv/lib/python3.10/site-packages/airflow/example_dags/example_external_task_marker_dag.py took 0.049 seconds
[2026-02-06T09:13:30.604+0200] {processor.py:161} INFO - Started process (PID=8593) to work on /home/pazzoti/de-upskilling/airflow-flight-price-analysis/venv/lib/python3.10/site-packages/airflow/example_dags/example_external_task_marker_dag.py
[2026-02-06T09:13:30.606+0200] {processor.py:830} INFO - Processing file /home/pazzoti/de-upskilling/airflow-flight-price-analysis/venv/lib/python3.10/site-packages/airflow/example_dags/example_external_task_marker_dag.py for tasks to queue
[2026-02-06T09:13:30.607+0200] {logging_mixin.py:188} INFO - [2026-02-06T09:13:30.606+0200] {dagbag.py:538} INFO - Filling up the DagBag from /home/pazzoti/de-upskilling/airflow-flight-price-analysis/venv/lib/python3.10/site-packages/airflow/example_dags/example_external_task_marker_dag.py
[2026-02-06T09:13:30.613+0200] {processor.py:840} INFO - DAG(s) 'example_external_task_marker_child', 'example_external_task_marker_parent' retrieved from /home/pazzoti/de-upskilling/airflow-flight-price-analysis/venv/lib/python3.10/site-packages/airflow/example_dags/example_external_task_marker_dag.py
[2026-02-06T09:13:30.625+0200] {logging_mixin.py:188} INFO - [2026-02-06T09:13:30.625+0200] {dag.py:3036} INFO - Sync 2 DAGs
[2026-02-06T09:13:30.632+0200] {logging_mixin.py:188} INFO - [2026-02-06T09:13:30.631+0200] {dag.py:3823} INFO - Setting next_dagrun for example_external_task_marker_child to None, run_after=None
[2026-02-06T09:13:30.633+0200] {logging_mixin.py:188} INFO - [2026-02-06T09:13:30.633+0200] {dag.py:3823} INFO - Setting next_dagrun for example_external_task_marker_parent to None, run_after=None
[2026-02-06T09:13:30.649+0200] {processor.py:183} INFO - Processing /home/pazzoti/de-upskilling/airflow-flight-price-analysis/venv/lib/python3.10/site-packages/airflow/example_dags/example_external_task_marker_dag.py took 0.049 seconds
[2026-02-06T09:14:23.678+0200] {processor.py:161} INFO - Started process (PID=8835) to work on /home/pazzoti/de-upskilling/airflow-flight-price-analysis/venv/lib/python3.10/site-packages/airflow/example_dags/example_external_task_marker_dag.py
[2026-02-06T09:14:23.679+0200] {processor.py:830} INFO - Processing file /home/pazzoti/de-upskilling/airflow-flight-price-analysis/venv/lib/python3.10/site-packages/airflow/example_dags/example_external_task_marker_dag.py for tasks to queue
[2026-02-06T09:14:23.680+0200] {logging_mixin.py:188} INFO - [2026-02-06T09:14:23.680+0200] {dagbag.py:538} INFO - Filling up the DagBag from /home/pazzoti/de-upskilling/airflow-flight-price-analysis/venv/lib/python3.10/site-packages/airflow/example_dags/example_external_task_marker_dag.py
[2026-02-06T09:14:23.692+0200] {processor.py:840} INFO - DAG(s) 'example_external_task_marker_parent', 'example_external_task_marker_child' retrieved from /home/pazzoti/de-upskilling/airflow-flight-price-analysis/venv/lib/python3.10/site-packages/airflow/example_dags/example_external_task_marker_dag.py
[2026-02-06T09:14:23.710+0200] {logging_mixin.py:188} INFO - [2026-02-06T09:14:23.709+0200] {dag.py:3036} INFO - Sync 2 DAGs
[2026-02-06T09:14:23.718+0200] {logging_mixin.py:188} INFO - [2026-02-06T09:14:23.718+0200] {dag.py:3823} INFO - Setting next_dagrun for example_external_task_marker_child to None, run_after=None
[2026-02-06T09:14:23.722+0200] {logging_mixin.py:188} INFO - [2026-02-06T09:14:23.722+0200] {dag.py:3823} INFO - Setting next_dagrun for example_external_task_marker_parent to None, run_after=None
[2026-02-06T09:14:23.743+0200] {processor.py:183} INFO - Processing /home/pazzoti/de-upskilling/airflow-flight-price-analysis/venv/lib/python3.10/site-packages/airflow/example_dags/example_external_task_marker_dag.py took 0.067 seconds
[2026-02-06T09:15:11.942+0200] {processor.py:161} INFO - Started process (PID=9052) to work on /home/pazzoti/de-upskilling/airflow-flight-price-analysis/venv/lib/python3.10/site-packages/airflow/example_dags/example_external_task_marker_dag.py
[2026-02-06T09:15:11.952+0200] {processor.py:830} INFO - Processing file /home/pazzoti/de-upskilling/airflow-flight-price-analysis/venv/lib/python3.10/site-packages/airflow/example_dags/example_external_task_marker_dag.py for tasks to queue
[2026-02-06T09:15:11.953+0200] {logging_mixin.py:188} INFO - [2026-02-06T09:15:11.953+0200] {dagbag.py:538} INFO - Filling up the DagBag from /home/pazzoti/de-upskilling/airflow-flight-price-analysis/venv/lib/python3.10/site-packages/airflow/example_dags/example_external_task_marker_dag.py
[2026-02-06T09:15:11.959+0200] {processor.py:840} INFO - DAG(s) 'example_external_task_marker_parent', 'example_external_task_marker_child' retrieved from /home/pazzoti/de-upskilling/airflow-flight-price-analysis/venv/lib/python3.10/site-packages/airflow/example_dags/example_external_task_marker_dag.py
[2026-02-06T09:15:11.973+0200] {logging_mixin.py:188} INFO - [2026-02-06T09:15:11.973+0200] {dag.py:3036} INFO - Sync 2 DAGs
[2026-02-06T09:15:11.980+0200] {logging_mixin.py:188} INFO - [2026-02-06T09:15:11.979+0200] {dag.py:3823} INFO - Setting next_dagrun for example_external_task_marker_child to None, run_after=None
[2026-02-06T09:15:11.982+0200] {logging_mixin.py:188} INFO - [2026-02-06T09:15:11.982+0200] {dag.py:3823} INFO - Setting next_dagrun for example_external_task_marker_parent to None, run_after=None
[2026-02-06T09:15:12.002+0200] {processor.py:183} INFO - Processing /home/pazzoti/de-upskilling/airflow-flight-price-analysis/venv/lib/python3.10/site-packages/airflow/example_dags/example_external_task_marker_dag.py took 0.063 seconds
[2026-02-06T09:16:04.197+0200] {processor.py:161} INFO - Started process (PID=9328) to work on /home/pazzoti/de-upskilling/airflow-flight-price-analysis/venv/lib/python3.10/site-packages/airflow/example_dags/example_external_task_marker_dag.py
[2026-02-06T09:16:04.210+0200] {processor.py:830} INFO - Processing file /home/pazzoti/de-upskilling/airflow-flight-price-analysis/venv/lib/python3.10/site-packages/airflow/example_dags/example_external_task_marker_dag.py for tasks to queue
[2026-02-06T09:16:04.211+0200] {logging_mixin.py:188} INFO - [2026-02-06T09:16:04.210+0200] {dagbag.py:538} INFO - Filling up the DagBag from /home/pazzoti/de-upskilling/airflow-flight-price-analysis/venv/lib/python3.10/site-packages/airflow/example_dags/example_external_task_marker_dag.py
[2026-02-06T09:16:04.217+0200] {processor.py:840} INFO - DAG(s) 'example_external_task_marker_child', 'example_external_task_marker_parent' retrieved from /home/pazzoti/de-upskilling/airflow-flight-price-analysis/venv/lib/python3.10/site-packages/airflow/example_dags/example_external_task_marker_dag.py
[2026-02-06T09:16:04.230+0200] {logging_mixin.py:188} INFO - [2026-02-06T09:16:04.230+0200] {dag.py:3036} INFO - Sync 2 DAGs
[2026-02-06T09:16:04.236+0200] {logging_mixin.py:188} INFO - [2026-02-06T09:16:04.236+0200] {dag.py:3823} INFO - Setting next_dagrun for example_external_task_marker_child to None, run_after=None
[2026-02-06T09:16:04.238+0200] {logging_mixin.py:188} INFO - [2026-02-06T09:16:04.238+0200] {dag.py:3823} INFO - Setting next_dagrun for example_external_task_marker_parent to None, run_after=None
[2026-02-06T09:16:04.255+0200] {processor.py:183} INFO - Processing /home/pazzoti/de-upskilling/airflow-flight-price-analysis/venv/lib/python3.10/site-packages/airflow/example_dags/example_external_task_marker_dag.py took 0.060 seconds
[2026-02-06T09:16:54.976+0200] {processor.py:161} INFO - Started process (PID=9560) to work on /home/pazzoti/de-upskilling/airflow-flight-price-analysis/venv/lib/python3.10/site-packages/airflow/example_dags/example_external_task_marker_dag.py
[2026-02-06T09:16:54.983+0200] {processor.py:830} INFO - Processing file /home/pazzoti/de-upskilling/airflow-flight-price-analysis/venv/lib/python3.10/site-packages/airflow/example_dags/example_external_task_marker_dag.py for tasks to queue
[2026-02-06T09:16:54.984+0200] {logging_mixin.py:188} INFO - [2026-02-06T09:16:54.984+0200] {dagbag.py:538} INFO - Filling up the DagBag from /home/pazzoti/de-upskilling/airflow-flight-price-analysis/venv/lib/python3.10/site-packages/airflow/example_dags/example_external_task_marker_dag.py
[2026-02-06T09:16:54.990+0200] {processor.py:840} INFO - DAG(s) 'example_external_task_marker_parent', 'example_external_task_marker_child' retrieved from /home/pazzoti/de-upskilling/airflow-flight-price-analysis/venv/lib/python3.10/site-packages/airflow/example_dags/example_external_task_marker_dag.py
[2026-02-06T09:16:55.000+0200] {logging_mixin.py:188} INFO - [2026-02-06T09:16:55.000+0200] {dag.py:3036} INFO - Sync 2 DAGs
[2026-02-06T09:16:55.007+0200] {logging_mixin.py:188} INFO - [2026-02-06T09:16:55.007+0200] {dag.py:3823} INFO - Setting next_dagrun for example_external_task_marker_child to None, run_after=None
[2026-02-06T09:16:55.009+0200] {logging_mixin.py:188} INFO - [2026-02-06T09:16:55.008+0200] {dag.py:3823} INFO - Setting next_dagrun for example_external_task_marker_parent to None, run_after=None
[2026-02-06T09:16:55.023+0200] {processor.py:183} INFO - Processing /home/pazzoti/de-upskilling/airflow-flight-price-analysis/venv/lib/python3.10/site-packages/airflow/example_dags/example_external_task_marker_dag.py took 0.052 seconds
[2026-02-06T09:29:39.736+0200] {processor.py:161} INFO - Started process (PID=9905) to work on /home/pazzoti/de-upskilling/airflow-flight-price-analysis/venv/lib/python3.10/site-packages/airflow/example_dags/example_external_task_marker_dag.py
[2026-02-06T09:29:39.739+0200] {processor.py:830} INFO - Processing file /home/pazzoti/de-upskilling/airflow-flight-price-analysis/venv/lib/python3.10/site-packages/airflow/example_dags/example_external_task_marker_dag.py for tasks to queue
[2026-02-06T09:29:39.740+0200] {logging_mixin.py:188} INFO - [2026-02-06T09:29:39.740+0200] {dagbag.py:538} INFO - Filling up the DagBag from /home/pazzoti/de-upskilling/airflow-flight-price-analysis/venv/lib/python3.10/site-packages/airflow/example_dags/example_external_task_marker_dag.py
[2026-02-06T09:29:39.745+0200] {processor.py:840} INFO - DAG(s) 'example_external_task_marker_parent', 'example_external_task_marker_child' retrieved from /home/pazzoti/de-upskilling/airflow-flight-price-analysis/venv/lib/python3.10/site-packages/airflow/example_dags/example_external_task_marker_dag.py
[2026-02-06T09:29:39.758+0200] {logging_mixin.py:188} INFO - [2026-02-06T09:29:39.758+0200] {dag.py:3036} INFO - Sync 2 DAGs
[2026-02-06T09:29:39.765+0200] {logging_mixin.py:188} INFO - [2026-02-06T09:29:39.765+0200] {dag.py:3823} INFO - Setting next_dagrun for example_external_task_marker_child to None, run_after=None
[2026-02-06T09:29:39.767+0200] {logging_mixin.py:188} INFO - [2026-02-06T09:29:39.767+0200] {dag.py:3823} INFO - Setting next_dagrun for example_external_task_marker_parent to None, run_after=None
[2026-02-06T09:29:39.782+0200] {processor.py:183} INFO - Processing /home/pazzoti/de-upskilling/airflow-flight-price-analysis/venv/lib/python3.10/site-packages/airflow/example_dags/example_external_task_marker_dag.py took 0.048 seconds
[2026-02-06T09:30:31.018+0200] {processor.py:161} INFO - Started process (PID=9993) to work on /home/pazzoti/de-upskilling/airflow-flight-price-analysis/venv/lib/python3.10/site-packages/airflow/example_dags/example_external_task_marker_dag.py
[2026-02-06T09:30:31.023+0200] {processor.py:830} INFO - Processing file /home/pazzoti/de-upskilling/airflow-flight-price-analysis/venv/lib/python3.10/site-packages/airflow/example_dags/example_external_task_marker_dag.py for tasks to queue
[2026-02-06T09:30:31.025+0200] {logging_mixin.py:188} INFO - [2026-02-06T09:30:31.024+0200] {dagbag.py:538} INFO - Filling up the DagBag from /home/pazzoti/de-upskilling/airflow-flight-price-analysis/venv/lib/python3.10/site-packages/airflow/example_dags/example_external_task_marker_dag.py
[2026-02-06T09:30:31.045+0200] {processor.py:840} INFO - DAG(s) 'example_external_task_marker_parent', 'example_external_task_marker_child' retrieved from /home/pazzoti/de-upskilling/airflow-flight-price-analysis/venv/lib/python3.10/site-packages/airflow/example_dags/example_external_task_marker_dag.py
[2026-02-06T09:30:31.076+0200] {logging_mixin.py:188} INFO - [2026-02-06T09:30:31.075+0200] {dag.py:3036} INFO - Sync 2 DAGs
[2026-02-06T09:30:31.090+0200] {logging_mixin.py:188} INFO - [2026-02-06T09:30:31.089+0200] {dag.py:3823} INFO - Setting next_dagrun for example_external_task_marker_child to None, run_after=None
[2026-02-06T09:30:31.093+0200] {logging_mixin.py:188} INFO - [2026-02-06T09:30:31.093+0200] {dag.py:3823} INFO - Setting next_dagrun for example_external_task_marker_parent to None, run_after=None
[2026-02-06T09:30:31.119+0200] {processor.py:183} INFO - Processing /home/pazzoti/de-upskilling/airflow-flight-price-analysis/venv/lib/python3.10/site-packages/airflow/example_dags/example_external_task_marker_dag.py took 0.107 seconds
[2026-02-06T09:31:33.227+0200] {processor.py:161} INFO - Started process (PID=10108) to work on /home/pazzoti/de-upskilling/airflow-flight-price-analysis/venv/lib/python3.10/site-packages/airflow/example_dags/example_external_task_marker_dag.py
[2026-02-06T09:31:33.234+0200] {processor.py:830} INFO - Processing file /home/pazzoti/de-upskilling/airflow-flight-price-analysis/venv/lib/python3.10/site-packages/airflow/example_dags/example_external_task_marker_dag.py for tasks to queue
[2026-02-06T09:31:33.235+0200] {logging_mixin.py:188} INFO - [2026-02-06T09:31:33.234+0200] {dagbag.py:538} INFO - Filling up the DagBag from /home/pazzoti/de-upskilling/airflow-flight-price-analysis/venv/lib/python3.10/site-packages/airflow/example_dags/example_external_task_marker_dag.py
[2026-02-06T09:31:33.239+0200] {processor.py:840} INFO - DAG(s) 'example_external_task_marker_parent', 'example_external_task_marker_child' retrieved from /home/pazzoti/de-upskilling/airflow-flight-price-analysis/venv/lib/python3.10/site-packages/airflow/example_dags/example_external_task_marker_dag.py
[2026-02-06T09:31:33.250+0200] {logging_mixin.py:188} INFO - [2026-02-06T09:31:33.250+0200] {dag.py:3036} INFO - Sync 2 DAGs
[2026-02-06T09:31:33.257+0200] {logging_mixin.py:188} INFO - [2026-02-06T09:31:33.257+0200] {dag.py:3823} INFO - Setting next_dagrun for example_external_task_marker_child to None, run_after=None
[2026-02-06T09:31:33.259+0200] {logging_mixin.py:188} INFO - [2026-02-06T09:31:33.259+0200] {dag.py:3823} INFO - Setting next_dagrun for example_external_task_marker_parent to None, run_after=None
[2026-02-06T09:31:33.273+0200] {processor.py:183} INFO - Processing /home/pazzoti/de-upskilling/airflow-flight-price-analysis/venv/lib/python3.10/site-packages/airflow/example_dags/example_external_task_marker_dag.py took 0.049 seconds
[2026-02-06T09:32:28.300+0200] {processor.py:161} INFO - Started process (PID=10232) to work on /home/pazzoti/de-upskilling/airflow-flight-price-analysis/venv/lib/python3.10/site-packages/airflow/example_dags/example_external_task_marker_dag.py
[2026-02-06T09:32:28.305+0200] {processor.py:830} INFO - Processing file /home/pazzoti/de-upskilling/airflow-flight-price-analysis/venv/lib/python3.10/site-packages/airflow/example_dags/example_external_task_marker_dag.py for tasks to queue
[2026-02-06T09:32:28.306+0200] {logging_mixin.py:188} INFO - [2026-02-06T09:32:28.305+0200] {dagbag.py:538} INFO - Filling up the DagBag from /home/pazzoti/de-upskilling/airflow-flight-price-analysis/venv/lib/python3.10/site-packages/airflow/example_dags/example_external_task_marker_dag.py
[2026-02-06T09:32:28.311+0200] {processor.py:840} INFO - DAG(s) 'example_external_task_marker_parent', 'example_external_task_marker_child' retrieved from /home/pazzoti/de-upskilling/airflow-flight-price-analysis/venv/lib/python3.10/site-packages/airflow/example_dags/example_external_task_marker_dag.py
[2026-02-06T09:32:28.324+0200] {logging_mixin.py:188} INFO - [2026-02-06T09:32:28.323+0200] {dag.py:3036} INFO - Sync 2 DAGs
[2026-02-06T09:32:28.330+0200] {logging_mixin.py:188} INFO - [2026-02-06T09:32:28.330+0200] {dag.py:3823} INFO - Setting next_dagrun for example_external_task_marker_child to None, run_after=None
[2026-02-06T09:32:28.332+0200] {logging_mixin.py:188} INFO - [2026-02-06T09:32:28.332+0200] {dag.py:3823} INFO - Setting next_dagrun for example_external_task_marker_parent to None, run_after=None
[2026-02-06T09:32:28.349+0200] {processor.py:183} INFO - Processing /home/pazzoti/de-upskilling/airflow-flight-price-analysis/venv/lib/python3.10/site-packages/airflow/example_dags/example_external_task_marker_dag.py took 0.054 seconds
[2026-02-06T09:33:30.468+0200] {processor.py:161} INFO - Started process (PID=10341) to work on /home/pazzoti/de-upskilling/airflow-flight-price-analysis/venv/lib/python3.10/site-packages/airflow/example_dags/example_external_task_marker_dag.py
[2026-02-06T09:33:30.470+0200] {processor.py:830} INFO - Processing file /home/pazzoti/de-upskilling/airflow-flight-price-analysis/venv/lib/python3.10/site-packages/airflow/example_dags/example_external_task_marker_dag.py for tasks to queue
[2026-02-06T09:33:30.471+0200] {logging_mixin.py:188} INFO - [2026-02-06T09:33:30.470+0200] {dagbag.py:538} INFO - Filling up the DagBag from /home/pazzoti/de-upskilling/airflow-flight-price-analysis/venv/lib/python3.10/site-packages/airflow/example_dags/example_external_task_marker_dag.py
[2026-02-06T09:33:30.476+0200] {processor.py:840} INFO - DAG(s) 'example_external_task_marker_parent', 'example_external_task_marker_child' retrieved from /home/pazzoti/de-upskilling/airflow-flight-price-analysis/venv/lib/python3.10/site-packages/airflow/example_dags/example_external_task_marker_dag.py
[2026-02-06T09:33:30.497+0200] {logging_mixin.py:188} INFO - [2026-02-06T09:33:30.496+0200] {dag.py:3036} INFO - Sync 2 DAGs
[2026-02-06T09:33:30.509+0200] {logging_mixin.py:188} INFO - [2026-02-06T09:33:30.508+0200] {dag.py:3823} INFO - Setting next_dagrun for example_external_task_marker_child to None, run_after=None
[2026-02-06T09:33:30.512+0200] {logging_mixin.py:188} INFO - [2026-02-06T09:33:30.512+0200] {dag.py:3823} INFO - Setting next_dagrun for example_external_task_marker_parent to None, run_after=None
[2026-02-06T09:33:30.532+0200] {processor.py:183} INFO - Processing /home/pazzoti/de-upskilling/airflow-flight-price-analysis/venv/lib/python3.10/site-packages/airflow/example_dags/example_external_task_marker_dag.py took 0.066 seconds
[2026-02-06T09:34:21.134+0200] {processor.py:161} INFO - Started process (PID=10427) to work on /home/pazzoti/de-upskilling/airflow-flight-price-analysis/venv/lib/python3.10/site-packages/airflow/example_dags/example_external_task_marker_dag.py
[2026-02-06T09:34:21.141+0200] {processor.py:830} INFO - Processing file /home/pazzoti/de-upskilling/airflow-flight-price-analysis/venv/lib/python3.10/site-packages/airflow/example_dags/example_external_task_marker_dag.py for tasks to queue
[2026-02-06T09:34:21.142+0200] {logging_mixin.py:188} INFO - [2026-02-06T09:34:21.142+0200] {dagbag.py:538} INFO - Filling up the DagBag from /home/pazzoti/de-upskilling/airflow-flight-price-analysis/venv/lib/python3.10/site-packages/airflow/example_dags/example_external_task_marker_dag.py
[2026-02-06T09:34:21.147+0200] {processor.py:840} INFO - DAG(s) 'example_external_task_marker_parent', 'example_external_task_marker_child' retrieved from /home/pazzoti/de-upskilling/airflow-flight-price-analysis/venv/lib/python3.10/site-packages/airflow/example_dags/example_external_task_marker_dag.py
[2026-02-06T09:34:21.157+0200] {logging_mixin.py:188} INFO - [2026-02-06T09:34:21.157+0200] {dag.py:3036} INFO - Sync 2 DAGs
[2026-02-06T09:34:21.164+0200] {logging_mixin.py:188} INFO - [2026-02-06T09:34:21.164+0200] {dag.py:3823} INFO - Setting next_dagrun for example_external_task_marker_child to None, run_after=None
[2026-02-06T09:34:21.165+0200] {logging_mixin.py:188} INFO - [2026-02-06T09:34:21.165+0200] {dag.py:3823} INFO - Setting next_dagrun for example_external_task_marker_parent to None, run_after=None
[2026-02-06T09:34:21.181+0200] {processor.py:183} INFO - Processing /home/pazzoti/de-upskilling/airflow-flight-price-analysis/venv/lib/python3.10/site-packages/airflow/example_dags/example_external_task_marker_dag.py took 0.049 seconds
