[2026-02-06T09:01:17.180+0200] {processor.py:161} INFO - Started process (PID=4177) to work on /home/pazzoti/de-upskilling/airflow-flight-price-analysis/venv/lib/python3.10/site-packages/airflow/example_dags/example_branch_labels.py
[2026-02-06T09:01:17.180+0200] {processor.py:830} INFO - Processing file /home/pazzoti/de-upskilling/airflow-flight-price-analysis/venv/lib/python3.10/site-packages/airflow/example_dags/example_branch_labels.py for tasks to queue
[2026-02-06T09:01:17.181+0200] {logging_mixin.py:188} INFO - [2026-02-06T09:01:17.181+0200] {dagbag.py:538} INFO - Filling up the DagBag from /home/pazzoti/de-upskilling/airflow-flight-price-analysis/venv/lib/python3.10/site-packages/airflow/example_dags/example_branch_labels.py
[2026-02-06T09:01:17.253+0200] {processor.py:840} INFO - DAG(s) 'example_branch_labels' retrieved from /home/pazzoti/de-upskilling/airflow-flight-price-analysis/venv/lib/python3.10/site-packages/airflow/example_dags/example_branch_labels.py
[2026-02-06T09:01:17.275+0200] {logging_mixin.py:188} INFO - [2026-02-06T09:01:17.275+0200] {dag.py:3036} INFO - Sync 1 DAGs
[2026-02-06T09:01:17.285+0200] {logging_mixin.py:188} INFO - [2026-02-06T09:01:17.285+0200] {dag.py:3823} INFO - Setting next_dagrun for example_branch_labels to 2026-02-05 00:00:00+00:00, run_after=2026-02-06 00:00:00+00:00
[2026-02-06T09:01:17.304+0200] {processor.py:183} INFO - Processing /home/pazzoti/de-upskilling/airflow-flight-price-analysis/venv/lib/python3.10/site-packages/airflow/example_dags/example_branch_labels.py took 0.126 seconds
[2026-02-06T09:02:09.091+0200] {processor.py:161} INFO - Started process (PID=4734) to work on /home/pazzoti/de-upskilling/airflow-flight-price-analysis/venv/lib/python3.10/site-packages/airflow/example_dags/example_branch_labels.py
[2026-02-06T09:02:09.093+0200] {processor.py:830} INFO - Processing file /home/pazzoti/de-upskilling/airflow-flight-price-analysis/venv/lib/python3.10/site-packages/airflow/example_dags/example_branch_labels.py for tasks to queue
[2026-02-06T09:02:09.094+0200] {logging_mixin.py:188} INFO - [2026-02-06T09:02:09.094+0200] {dagbag.py:538} INFO - Filling up the DagBag from /home/pazzoti/de-upskilling/airflow-flight-price-analysis/venv/lib/python3.10/site-packages/airflow/example_dags/example_branch_labels.py
[2026-02-06T09:02:09.099+0200] {processor.py:840} INFO - DAG(s) 'example_branch_labels' retrieved from /home/pazzoti/de-upskilling/airflow-flight-price-analysis/venv/lib/python3.10/site-packages/airflow/example_dags/example_branch_labels.py
[2026-02-06T09:02:09.110+0200] {logging_mixin.py:188} INFO - [2026-02-06T09:02:09.110+0200] {dag.py:3036} INFO - Sync 1 DAGs
[2026-02-06T09:02:09.124+0200] {logging_mixin.py:188} INFO - [2026-02-06T09:02:09.124+0200] {dag.py:3823} INFO - Setting next_dagrun for example_branch_labels to 2026-02-05 00:00:00+00:00, run_after=2026-02-06 00:00:00+00:00
[2026-02-06T09:02:09.141+0200] {processor.py:183} INFO - Processing /home/pazzoti/de-upskilling/airflow-flight-price-analysis/venv/lib/python3.10/site-packages/airflow/example_dags/example_branch_labels.py took 0.054 seconds
[2026-02-06T09:02:55.912+0200] {processor.py:161} INFO - Started process (PID=5002) to work on /home/pazzoti/de-upskilling/airflow-flight-price-analysis/venv/lib/python3.10/site-packages/airflow/example_dags/example_branch_labels.py
[2026-02-06T09:02:55.916+0200] {processor.py:830} INFO - Processing file /home/pazzoti/de-upskilling/airflow-flight-price-analysis/venv/lib/python3.10/site-packages/airflow/example_dags/example_branch_labels.py for tasks to queue
[2026-02-06T09:02:55.917+0200] {logging_mixin.py:188} INFO - [2026-02-06T09:02:55.917+0200] {dagbag.py:538} INFO - Filling up the DagBag from /home/pazzoti/de-upskilling/airflow-flight-price-analysis/venv/lib/python3.10/site-packages/airflow/example_dags/example_branch_labels.py
[2026-02-06T09:02:55.922+0200] {processor.py:840} INFO - DAG(s) 'example_branch_labels' retrieved from /home/pazzoti/de-upskilling/airflow-flight-price-analysis/venv/lib/python3.10/site-packages/airflow/example_dags/example_branch_labels.py
[2026-02-06T09:02:55.932+0200] {logging_mixin.py:188} INFO - [2026-02-06T09:02:55.932+0200] {dag.py:3036} INFO - Sync 1 DAGs
[2026-02-06T09:02:55.943+0200] {logging_mixin.py:188} INFO - [2026-02-06T09:02:55.943+0200] {dag.py:3823} INFO - Setting next_dagrun for example_branch_labels to 2026-02-05 00:00:00+00:00, run_after=2026-02-06 00:00:00+00:00
[2026-02-06T09:02:55.958+0200] {processor.py:183} INFO - Processing /home/pazzoti/de-upskilling/airflow-flight-price-analysis/venv/lib/python3.10/site-packages/airflow/example_dags/example_branch_labels.py took 0.048 seconds
[2026-02-06T09:03:44.836+0200] {processor.py:161} INFO - Started process (PID=5238) to work on /home/pazzoti/de-upskilling/airflow-flight-price-analysis/venv/lib/python3.10/site-packages/airflow/example_dags/example_branch_labels.py
[2026-02-06T09:03:44.838+0200] {processor.py:830} INFO - Processing file /home/pazzoti/de-upskilling/airflow-flight-price-analysis/venv/lib/python3.10/site-packages/airflow/example_dags/example_branch_labels.py for tasks to queue
[2026-02-06T09:03:44.839+0200] {logging_mixin.py:188} INFO - [2026-02-06T09:03:44.838+0200] {dagbag.py:538} INFO - Filling up the DagBag from /home/pazzoti/de-upskilling/airflow-flight-price-analysis/venv/lib/python3.10/site-packages/airflow/example_dags/example_branch_labels.py
[2026-02-06T09:03:44.847+0200] {processor.py:840} INFO - DAG(s) 'example_branch_labels' retrieved from /home/pazzoti/de-upskilling/airflow-flight-price-analysis/venv/lib/python3.10/site-packages/airflow/example_dags/example_branch_labels.py
[2026-02-06T09:03:44.865+0200] {logging_mixin.py:188} INFO - [2026-02-06T09:03:44.865+0200] {dag.py:3036} INFO - Sync 1 DAGs
[2026-02-06T09:03:44.885+0200] {logging_mixin.py:188} INFO - [2026-02-06T09:03:44.884+0200] {dag.py:3823} INFO - Setting next_dagrun for example_branch_labels to 2026-02-05 00:00:00+00:00, run_after=2026-02-06 00:00:00+00:00
[2026-02-06T09:03:44.908+0200] {processor.py:183} INFO - Processing /home/pazzoti/de-upskilling/airflow-flight-price-analysis/venv/lib/python3.10/site-packages/airflow/example_dags/example_branch_labels.py took 0.074 seconds
[2026-02-06T09:04:26.317+0200] {processor.py:161} INFO - Started process (PID=5417) to work on /home/pazzoti/de-upskilling/airflow-flight-price-analysis/venv/lib/python3.10/site-packages/airflow/example_dags/example_branch_labels.py
[2026-02-06T09:04:26.322+0200] {processor.py:830} INFO - Processing file /home/pazzoti/de-upskilling/airflow-flight-price-analysis/venv/lib/python3.10/site-packages/airflow/example_dags/example_branch_labels.py for tasks to queue
[2026-02-06T09:04:26.323+0200] {logging_mixin.py:188} INFO - [2026-02-06T09:04:26.322+0200] {dagbag.py:538} INFO - Filling up the DagBag from /home/pazzoti/de-upskilling/airflow-flight-price-analysis/venv/lib/python3.10/site-packages/airflow/example_dags/example_branch_labels.py
[2026-02-06T09:04:26.328+0200] {processor.py:840} INFO - DAG(s) 'example_branch_labels' retrieved from /home/pazzoti/de-upskilling/airflow-flight-price-analysis/venv/lib/python3.10/site-packages/airflow/example_dags/example_branch_labels.py
[2026-02-06T09:04:26.338+0200] {logging_mixin.py:188} INFO - [2026-02-06T09:04:26.338+0200] {dag.py:3036} INFO - Sync 1 DAGs
[2026-02-06T09:04:26.349+0200] {logging_mixin.py:188} INFO - [2026-02-06T09:04:26.348+0200] {dag.py:3823} INFO - Setting next_dagrun for example_branch_labels to 2026-02-05 00:00:00+00:00, run_after=2026-02-06 00:00:00+00:00
[2026-02-06T09:04:26.366+0200] {processor.py:183} INFO - Processing /home/pazzoti/de-upskilling/airflow-flight-price-analysis/venv/lib/python3.10/site-packages/airflow/example_dags/example_branch_labels.py took 0.053 seconds
[2026-02-06T09:05:20.461+0200] {processor.py:161} INFO - Started process (PID=5694) to work on /home/pazzoti/de-upskilling/airflow-flight-price-analysis/venv/lib/python3.10/site-packages/airflow/example_dags/example_branch_labels.py
[2026-02-06T09:05:20.462+0200] {processor.py:830} INFO - Processing file /home/pazzoti/de-upskilling/airflow-flight-price-analysis/venv/lib/python3.10/site-packages/airflow/example_dags/example_branch_labels.py for tasks to queue
[2026-02-06T09:05:20.463+0200] {logging_mixin.py:188} INFO - [2026-02-06T09:05:20.463+0200] {dagbag.py:538} INFO - Filling up the DagBag from /home/pazzoti/de-upskilling/airflow-flight-price-analysis/venv/lib/python3.10/site-packages/airflow/example_dags/example_branch_labels.py
[2026-02-06T09:05:20.468+0200] {processor.py:840} INFO - DAG(s) 'example_branch_labels' retrieved from /home/pazzoti/de-upskilling/airflow-flight-price-analysis/venv/lib/python3.10/site-packages/airflow/example_dags/example_branch_labels.py
[2026-02-06T09:05:20.479+0200] {logging_mixin.py:188} INFO - [2026-02-06T09:05:20.478+0200] {dag.py:3036} INFO - Sync 1 DAGs
[2026-02-06T09:05:20.490+0200] {logging_mixin.py:188} INFO - [2026-02-06T09:05:20.490+0200] {dag.py:3823} INFO - Setting next_dagrun for example_branch_labels to 2026-02-05 00:00:00+00:00, run_after=2026-02-06 00:00:00+00:00
[2026-02-06T09:05:20.507+0200] {processor.py:183} INFO - Processing /home/pazzoti/de-upskilling/airflow-flight-price-analysis/venv/lib/python3.10/site-packages/airflow/example_dags/example_branch_labels.py took 0.049 seconds
[2026-02-06T09:06:14.800+0200] {processor.py:161} INFO - Started process (PID=5977) to work on /home/pazzoti/de-upskilling/airflow-flight-price-analysis/venv/lib/python3.10/site-packages/airflow/example_dags/example_branch_labels.py
[2026-02-06T09:06:14.802+0200] {processor.py:830} INFO - Processing file /home/pazzoti/de-upskilling/airflow-flight-price-analysis/venv/lib/python3.10/site-packages/airflow/example_dags/example_branch_labels.py for tasks to queue
[2026-02-06T09:06:14.802+0200] {logging_mixin.py:188} INFO - [2026-02-06T09:06:14.802+0200] {dagbag.py:538} INFO - Filling up the DagBag from /home/pazzoti/de-upskilling/airflow-flight-price-analysis/venv/lib/python3.10/site-packages/airflow/example_dags/example_branch_labels.py
[2026-02-06T09:06:14.807+0200] {processor.py:840} INFO - DAG(s) 'example_branch_labels' retrieved from /home/pazzoti/de-upskilling/airflow-flight-price-analysis/venv/lib/python3.10/site-packages/airflow/example_dags/example_branch_labels.py
[2026-02-06T09:06:14.819+0200] {logging_mixin.py:188} INFO - [2026-02-06T09:06:14.818+0200] {dag.py:3036} INFO - Sync 1 DAGs
[2026-02-06T09:06:14.829+0200] {logging_mixin.py:188} INFO - [2026-02-06T09:06:14.829+0200] {dag.py:3823} INFO - Setting next_dagrun for example_branch_labels to 2026-02-05 00:00:00+00:00, run_after=2026-02-06 00:00:00+00:00
[2026-02-06T09:06:14.845+0200] {processor.py:183} INFO - Processing /home/pazzoti/de-upskilling/airflow-flight-price-analysis/venv/lib/python3.10/site-packages/airflow/example_dags/example_branch_labels.py took 0.047 seconds
[2026-02-06T09:07:10.441+0200] {processor.py:161} INFO - Started process (PID=6290) to work on /home/pazzoti/de-upskilling/airflow-flight-price-analysis/venv/lib/python3.10/site-packages/airflow/example_dags/example_branch_labels.py
[2026-02-06T09:07:10.442+0200] {processor.py:830} INFO - Processing file /home/pazzoti/de-upskilling/airflow-flight-price-analysis/venv/lib/python3.10/site-packages/airflow/example_dags/example_branch_labels.py for tasks to queue
[2026-02-06T09:07:10.443+0200] {logging_mixin.py:188} INFO - [2026-02-06T09:07:10.442+0200] {dagbag.py:538} INFO - Filling up the DagBag from /home/pazzoti/de-upskilling/airflow-flight-price-analysis/venv/lib/python3.10/site-packages/airflow/example_dags/example_branch_labels.py
[2026-02-06T09:07:10.454+0200] {processor.py:840} INFO - DAG(s) 'example_branch_labels' retrieved from /home/pazzoti/de-upskilling/airflow-flight-price-analysis/venv/lib/python3.10/site-packages/airflow/example_dags/example_branch_labels.py
[2026-02-06T09:07:10.472+0200] {logging_mixin.py:188} INFO - [2026-02-06T09:07:10.471+0200] {dag.py:3036} INFO - Sync 1 DAGs
[2026-02-06T09:07:10.488+0200] {logging_mixin.py:188} INFO - [2026-02-06T09:07:10.488+0200] {dag.py:3823} INFO - Setting next_dagrun for example_branch_labels to 2026-02-05 00:00:00+00:00, run_after=2026-02-06 00:00:00+00:00
[2026-02-06T09:07:10.515+0200] {processor.py:183} INFO - Processing /home/pazzoti/de-upskilling/airflow-flight-price-analysis/venv/lib/python3.10/site-packages/airflow/example_dags/example_branch_labels.py took 0.077 seconds
[2026-02-06T09:08:03.809+0200] {processor.py:161} INFO - Started process (PID=6541) to work on /home/pazzoti/de-upskilling/airflow-flight-price-analysis/venv/lib/python3.10/site-packages/airflow/example_dags/example_branch_labels.py
[2026-02-06T09:08:03.810+0200] {processor.py:830} INFO - Processing file /home/pazzoti/de-upskilling/airflow-flight-price-analysis/venv/lib/python3.10/site-packages/airflow/example_dags/example_branch_labels.py for tasks to queue
[2026-02-06T09:08:03.811+0200] {logging_mixin.py:188} INFO - [2026-02-06T09:08:03.811+0200] {dagbag.py:538} INFO - Filling up the DagBag from /home/pazzoti/de-upskilling/airflow-flight-price-analysis/venv/lib/python3.10/site-packages/airflow/example_dags/example_branch_labels.py
[2026-02-06T09:08:03.817+0200] {processor.py:840} INFO - DAG(s) 'example_branch_labels' retrieved from /home/pazzoti/de-upskilling/airflow-flight-price-analysis/venv/lib/python3.10/site-packages/airflow/example_dags/example_branch_labels.py
[2026-02-06T09:08:03.828+0200] {logging_mixin.py:188} INFO - [2026-02-06T09:08:03.827+0200] {dag.py:3036} INFO - Sync 1 DAGs
[2026-02-06T09:08:03.840+0200] {logging_mixin.py:188} INFO - [2026-02-06T09:08:03.839+0200] {dag.py:3823} INFO - Setting next_dagrun for example_branch_labels to 2026-02-05 00:00:00+00:00, run_after=2026-02-06 00:00:00+00:00
[2026-02-06T09:08:03.857+0200] {processor.py:183} INFO - Processing /home/pazzoti/de-upskilling/airflow-flight-price-analysis/venv/lib/python3.10/site-packages/airflow/example_dags/example_branch_labels.py took 0.051 seconds
[2026-02-06T09:09:00.118+0200] {processor.py:161} INFO - Started process (PID=6793) to work on /home/pazzoti/de-upskilling/airflow-flight-price-analysis/venv/lib/python3.10/site-packages/airflow/example_dags/example_branch_labels.py
[2026-02-06T09:09:00.120+0200] {processor.py:830} INFO - Processing file /home/pazzoti/de-upskilling/airflow-flight-price-analysis/venv/lib/python3.10/site-packages/airflow/example_dags/example_branch_labels.py for tasks to queue
[2026-02-06T09:09:00.120+0200] {logging_mixin.py:188} INFO - [2026-02-06T09:09:00.120+0200] {dagbag.py:538} INFO - Filling up the DagBag from /home/pazzoti/de-upskilling/airflow-flight-price-analysis/venv/lib/python3.10/site-packages/airflow/example_dags/example_branch_labels.py
[2026-02-06T09:09:00.126+0200] {processor.py:840} INFO - DAG(s) 'example_branch_labels' retrieved from /home/pazzoti/de-upskilling/airflow-flight-price-analysis/venv/lib/python3.10/site-packages/airflow/example_dags/example_branch_labels.py
[2026-02-06T09:09:00.138+0200] {logging_mixin.py:188} INFO - [2026-02-06T09:09:00.138+0200] {dag.py:3036} INFO - Sync 1 DAGs
[2026-02-06T09:09:00.152+0200] {logging_mixin.py:188} INFO - [2026-02-06T09:09:00.151+0200] {dag.py:3823} INFO - Setting next_dagrun for example_branch_labels to 2026-02-05 00:00:00+00:00, run_after=2026-02-06 00:00:00+00:00
[2026-02-06T09:09:00.169+0200] {processor.py:183} INFO - Processing /home/pazzoti/de-upskilling/airflow-flight-price-analysis/venv/lib/python3.10/site-packages/airflow/example_dags/example_branch_labels.py took 0.054 seconds
[2026-02-06T09:09:56.689+0200] {processor.py:161} INFO - Started process (PID=7058) to work on /home/pazzoti/de-upskilling/airflow-flight-price-analysis/venv/lib/python3.10/site-packages/airflow/example_dags/example_branch_labels.py
[2026-02-06T09:09:56.691+0200] {processor.py:830} INFO - Processing file /home/pazzoti/de-upskilling/airflow-flight-price-analysis/venv/lib/python3.10/site-packages/airflow/example_dags/example_branch_labels.py for tasks to queue
[2026-02-06T09:09:56.693+0200] {logging_mixin.py:188} INFO - [2026-02-06T09:09:56.692+0200] {dagbag.py:538} INFO - Filling up the DagBag from /home/pazzoti/de-upskilling/airflow-flight-price-analysis/venv/lib/python3.10/site-packages/airflow/example_dags/example_branch_labels.py
[2026-02-06T09:09:56.704+0200] {processor.py:840} INFO - DAG(s) 'example_branch_labels' retrieved from /home/pazzoti/de-upskilling/airflow-flight-price-analysis/venv/lib/python3.10/site-packages/airflow/example_dags/example_branch_labels.py
[2026-02-06T09:09:56.725+0200] {logging_mixin.py:188} INFO - [2026-02-06T09:09:56.725+0200] {dag.py:3036} INFO - Sync 1 DAGs
[2026-02-06T09:09:56.752+0200] {logging_mixin.py:188} INFO - [2026-02-06T09:09:56.751+0200] {dag.py:3823} INFO - Setting next_dagrun for example_branch_labels to 2026-02-05 00:00:00+00:00, run_after=2026-02-06 00:00:00+00:00
[2026-02-06T09:09:56.785+0200] {processor.py:183} INFO - Processing /home/pazzoti/de-upskilling/airflow-flight-price-analysis/venv/lib/python3.10/site-packages/airflow/example_dags/example_branch_labels.py took 0.106 seconds
[2026-02-06T09:11:13.137+0200] {processor.py:161} INFO - Started process (PID=7668) to work on /home/pazzoti/de-upskilling/airflow-flight-price-analysis/venv/lib/python3.10/site-packages/airflow/example_dags/example_branch_labels.py
[2026-02-06T09:11:13.139+0200] {processor.py:830} INFO - Processing file /home/pazzoti/de-upskilling/airflow-flight-price-analysis/venv/lib/python3.10/site-packages/airflow/example_dags/example_branch_labels.py for tasks to queue
[2026-02-06T09:11:13.141+0200] {logging_mixin.py:188} INFO - [2026-02-06T09:11:13.140+0200] {dagbag.py:538} INFO - Filling up the DagBag from /home/pazzoti/de-upskilling/airflow-flight-price-analysis/venv/lib/python3.10/site-packages/airflow/example_dags/example_branch_labels.py
[2026-02-06T09:11:13.325+0200] {processor.py:840} INFO - DAG(s) 'example_branch_labels' retrieved from /home/pazzoti/de-upskilling/airflow-flight-price-analysis/venv/lib/python3.10/site-packages/airflow/example_dags/example_branch_labels.py
[2026-02-06T09:11:13.358+0200] {logging_mixin.py:188} INFO - [2026-02-06T09:11:13.358+0200] {dag.py:3036} INFO - Sync 1 DAGs
[2026-02-06T09:11:13.400+0200] {logging_mixin.py:188} INFO - [2026-02-06T09:11:13.400+0200] {dag.py:3823} INFO - Setting next_dagrun for example_branch_labels to 2026-02-05 00:00:00+00:00, run_after=2026-02-06 00:00:00+00:00
[2026-02-06T09:11:13.446+0200] {processor.py:183} INFO - Processing /home/pazzoti/de-upskilling/airflow-flight-price-analysis/venv/lib/python3.10/site-packages/airflow/example_dags/example_branch_labels.py took 0.312 seconds
[2026-02-06T09:12:14.030+0200] {processor.py:161} INFO - Started process (PID=8246) to work on /home/pazzoti/de-upskilling/airflow-flight-price-analysis/venv/lib/python3.10/site-packages/airflow/example_dags/example_branch_labels.py
[2026-02-06T09:12:14.031+0200] {processor.py:830} INFO - Processing file /home/pazzoti/de-upskilling/airflow-flight-price-analysis/venv/lib/python3.10/site-packages/airflow/example_dags/example_branch_labels.py for tasks to queue
[2026-02-06T09:12:14.032+0200] {logging_mixin.py:188} INFO - [2026-02-06T09:12:14.032+0200] {dagbag.py:538} INFO - Filling up the DagBag from /home/pazzoti/de-upskilling/airflow-flight-price-analysis/venv/lib/python3.10/site-packages/airflow/example_dags/example_branch_labels.py
[2026-02-06T09:12:14.042+0200] {processor.py:840} INFO - DAG(s) 'example_branch_labels' retrieved from /home/pazzoti/de-upskilling/airflow-flight-price-analysis/venv/lib/python3.10/site-packages/airflow/example_dags/example_branch_labels.py
[2026-02-06T09:12:14.053+0200] {logging_mixin.py:188} INFO - [2026-02-06T09:12:14.053+0200] {dag.py:3036} INFO - Sync 1 DAGs
[2026-02-06T09:12:14.068+0200] {logging_mixin.py:188} INFO - [2026-02-06T09:12:14.067+0200] {dag.py:3823} INFO - Setting next_dagrun for example_branch_labels to 2026-02-05 00:00:00+00:00, run_after=2026-02-06 00:00:00+00:00
[2026-02-06T09:12:14.085+0200] {processor.py:183} INFO - Processing /home/pazzoti/de-upskilling/airflow-flight-price-analysis/venv/lib/python3.10/site-packages/airflow/example_dags/example_branch_labels.py took 0.058 seconds
[2026-02-06T09:13:01.513+0200] {processor.py:161} INFO - Started process (PID=8461) to work on /home/pazzoti/de-upskilling/airflow-flight-price-analysis/venv/lib/python3.10/site-packages/airflow/example_dags/example_branch_labels.py
[2026-02-06T09:13:01.520+0200] {processor.py:830} INFO - Processing file /home/pazzoti/de-upskilling/airflow-flight-price-analysis/venv/lib/python3.10/site-packages/airflow/example_dags/example_branch_labels.py for tasks to queue
[2026-02-06T09:13:01.522+0200] {logging_mixin.py:188} INFO - [2026-02-06T09:13:01.521+0200] {dagbag.py:538} INFO - Filling up the DagBag from /home/pazzoti/de-upskilling/airflow-flight-price-analysis/venv/lib/python3.10/site-packages/airflow/example_dags/example_branch_labels.py
[2026-02-06T09:13:01.529+0200] {processor.py:840} INFO - DAG(s) 'example_branch_labels' retrieved from /home/pazzoti/de-upskilling/airflow-flight-price-analysis/venv/lib/python3.10/site-packages/airflow/example_dags/example_branch_labels.py
[2026-02-06T09:13:01.540+0200] {logging_mixin.py:188} INFO - [2026-02-06T09:13:01.540+0200] {dag.py:3036} INFO - Sync 1 DAGs
[2026-02-06T09:13:01.551+0200] {logging_mixin.py:188} INFO - [2026-02-06T09:13:01.550+0200] {dag.py:3823} INFO - Setting next_dagrun for example_branch_labels to 2026-02-05 00:00:00+00:00, run_after=2026-02-06 00:00:00+00:00
[2026-02-06T09:13:01.567+0200] {processor.py:183} INFO - Processing /home/pazzoti/de-upskilling/airflow-flight-price-analysis/venv/lib/python3.10/site-packages/airflow/example_dags/example_branch_labels.py took 0.057 seconds
[2026-02-06T09:13:50.666+0200] {processor.py:161} INFO - Started process (PID=8686) to work on /home/pazzoti/de-upskilling/airflow-flight-price-analysis/venv/lib/python3.10/site-packages/airflow/example_dags/example_branch_labels.py
[2026-02-06T09:13:50.673+0200] {processor.py:830} INFO - Processing file /home/pazzoti/de-upskilling/airflow-flight-price-analysis/venv/lib/python3.10/site-packages/airflow/example_dags/example_branch_labels.py for tasks to queue
[2026-02-06T09:13:50.674+0200] {logging_mixin.py:188} INFO - [2026-02-06T09:13:50.674+0200] {dagbag.py:538} INFO - Filling up the DagBag from /home/pazzoti/de-upskilling/airflow-flight-price-analysis/venv/lib/python3.10/site-packages/airflow/example_dags/example_branch_labels.py
[2026-02-06T09:13:50.679+0200] {processor.py:840} INFO - DAG(s) 'example_branch_labels' retrieved from /home/pazzoti/de-upskilling/airflow-flight-price-analysis/venv/lib/python3.10/site-packages/airflow/example_dags/example_branch_labels.py
[2026-02-06T09:13:50.689+0200] {logging_mixin.py:188} INFO - [2026-02-06T09:13:50.689+0200] {dag.py:3036} INFO - Sync 1 DAGs
[2026-02-06T09:13:50.700+0200] {logging_mixin.py:188} INFO - [2026-02-06T09:13:50.699+0200] {dag.py:3823} INFO - Setting next_dagrun for example_branch_labels to 2026-02-05 00:00:00+00:00, run_after=2026-02-06 00:00:00+00:00
[2026-02-06T09:13:50.716+0200] {processor.py:183} INFO - Processing /home/pazzoti/de-upskilling/airflow-flight-price-analysis/venv/lib/python3.10/site-packages/airflow/example_dags/example_branch_labels.py took 0.051 seconds
[2026-02-06T09:14:42.777+0200] {processor.py:161} INFO - Started process (PID=8930) to work on /home/pazzoti/de-upskilling/airflow-flight-price-analysis/venv/lib/python3.10/site-packages/airflow/example_dags/example_branch_labels.py
[2026-02-06T09:14:42.779+0200] {processor.py:830} INFO - Processing file /home/pazzoti/de-upskilling/airflow-flight-price-analysis/venv/lib/python3.10/site-packages/airflow/example_dags/example_branch_labels.py for tasks to queue
[2026-02-06T09:14:42.780+0200] {logging_mixin.py:188} INFO - [2026-02-06T09:14:42.780+0200] {dagbag.py:538} INFO - Filling up the DagBag from /home/pazzoti/de-upskilling/airflow-flight-price-analysis/venv/lib/python3.10/site-packages/airflow/example_dags/example_branch_labels.py
[2026-02-06T09:14:42.787+0200] {processor.py:840} INFO - DAG(s) 'example_branch_labels' retrieved from /home/pazzoti/de-upskilling/airflow-flight-price-analysis/venv/lib/python3.10/site-packages/airflow/example_dags/example_branch_labels.py
[2026-02-06T09:14:42.800+0200] {logging_mixin.py:188} INFO - [2026-02-06T09:14:42.800+0200] {dag.py:3036} INFO - Sync 1 DAGs
[2026-02-06T09:14:42.812+0200] {logging_mixin.py:188} INFO - [2026-02-06T09:14:42.811+0200] {dag.py:3823} INFO - Setting next_dagrun for example_branch_labels to 2026-02-05 00:00:00+00:00, run_after=2026-02-06 00:00:00+00:00
[2026-02-06T09:14:42.831+0200] {processor.py:183} INFO - Processing /home/pazzoti/de-upskilling/airflow-flight-price-analysis/venv/lib/python3.10/site-packages/airflow/example_dags/example_branch_labels.py took 0.057 seconds
[2026-02-06T09:15:20.955+0200] {processor.py:161} INFO - Started process (PID=9102) to work on /home/pazzoti/de-upskilling/airflow-flight-price-analysis/venv/lib/python3.10/site-packages/airflow/example_dags/example_branch_labels.py
[2026-02-06T09:15:20.956+0200] {processor.py:830} INFO - Processing file /home/pazzoti/de-upskilling/airflow-flight-price-analysis/venv/lib/python3.10/site-packages/airflow/example_dags/example_branch_labels.py for tasks to queue
[2026-02-06T09:15:20.957+0200] {logging_mixin.py:188} INFO - [2026-02-06T09:15:20.957+0200] {dagbag.py:538} INFO - Filling up the DagBag from /home/pazzoti/de-upskilling/airflow-flight-price-analysis/venv/lib/python3.10/site-packages/airflow/example_dags/example_branch_labels.py
[2026-02-06T09:15:20.964+0200] {processor.py:840} INFO - DAG(s) 'example_branch_labels' retrieved from /home/pazzoti/de-upskilling/airflow-flight-price-analysis/venv/lib/python3.10/site-packages/airflow/example_dags/example_branch_labels.py
[2026-02-06T09:15:20.982+0200] {logging_mixin.py:188} INFO - [2026-02-06T09:15:20.982+0200] {dag.py:3036} INFO - Sync 1 DAGs
[2026-02-06T09:15:21.010+0200] {logging_mixin.py:188} INFO - [2026-02-06T09:15:21.009+0200] {dag.py:3823} INFO - Setting next_dagrun for example_branch_labels to 2026-02-05 00:00:00+00:00, run_after=2026-02-06 00:00:00+00:00
[2026-02-06T09:15:21.036+0200] {processor.py:183} INFO - Processing /home/pazzoti/de-upskilling/airflow-flight-price-analysis/venv/lib/python3.10/site-packages/airflow/example_dags/example_branch_labels.py took 0.087 seconds
[2026-02-06T09:16:10.486+0200] {processor.py:161} INFO - Started process (PID=9355) to work on /home/pazzoti/de-upskilling/airflow-flight-price-analysis/venv/lib/python3.10/site-packages/airflow/example_dags/example_branch_labels.py
[2026-02-06T09:16:10.491+0200] {processor.py:830} INFO - Processing file /home/pazzoti/de-upskilling/airflow-flight-price-analysis/venv/lib/python3.10/site-packages/airflow/example_dags/example_branch_labels.py for tasks to queue
[2026-02-06T09:16:10.492+0200] {logging_mixin.py:188} INFO - [2026-02-06T09:16:10.492+0200] {dagbag.py:538} INFO - Filling up the DagBag from /home/pazzoti/de-upskilling/airflow-flight-price-analysis/venv/lib/python3.10/site-packages/airflow/example_dags/example_branch_labels.py
[2026-02-06T09:16:10.498+0200] {processor.py:840} INFO - DAG(s) 'example_branch_labels' retrieved from /home/pazzoti/de-upskilling/airflow-flight-price-analysis/venv/lib/python3.10/site-packages/airflow/example_dags/example_branch_labels.py
[2026-02-06T09:16:10.509+0200] {logging_mixin.py:188} INFO - [2026-02-06T09:16:10.509+0200] {dag.py:3036} INFO - Sync 1 DAGs
[2026-02-06T09:16:10.520+0200] {logging_mixin.py:188} INFO - [2026-02-06T09:16:10.520+0200] {dag.py:3823} INFO - Setting next_dagrun for example_branch_labels to 2026-02-05 00:00:00+00:00, run_after=2026-02-06 00:00:00+00:00
[2026-02-06T09:16:10.538+0200] {processor.py:183} INFO - Processing /home/pazzoti/de-upskilling/airflow-flight-price-analysis/venv/lib/python3.10/site-packages/airflow/example_dags/example_branch_labels.py took 0.057 seconds
[2026-02-06T09:17:02.990+0200] {processor.py:161} INFO - Started process (PID=9606) to work on /home/pazzoti/de-upskilling/airflow-flight-price-analysis/venv/lib/python3.10/site-packages/airflow/example_dags/example_branch_labels.py
[2026-02-06T09:17:02.991+0200] {processor.py:830} INFO - Processing file /home/pazzoti/de-upskilling/airflow-flight-price-analysis/venv/lib/python3.10/site-packages/airflow/example_dags/example_branch_labels.py for tasks to queue
[2026-02-06T09:17:02.992+0200] {logging_mixin.py:188} INFO - [2026-02-06T09:17:02.992+0200] {dagbag.py:538} INFO - Filling up the DagBag from /home/pazzoti/de-upskilling/airflow-flight-price-analysis/venv/lib/python3.10/site-packages/airflow/example_dags/example_branch_labels.py
[2026-02-06T09:17:02.998+0200] {processor.py:840} INFO - DAG(s) 'example_branch_labels' retrieved from /home/pazzoti/de-upskilling/airflow-flight-price-analysis/venv/lib/python3.10/site-packages/airflow/example_dags/example_branch_labels.py
[2026-02-06T09:17:03.009+0200] {logging_mixin.py:188} INFO - [2026-02-06T09:17:03.009+0200] {dag.py:3036} INFO - Sync 1 DAGs
[2026-02-06T09:17:03.022+0200] {logging_mixin.py:188} INFO - [2026-02-06T09:17:03.022+0200] {dag.py:3823} INFO - Setting next_dagrun for example_branch_labels to 2026-02-05 00:00:00+00:00, run_after=2026-02-06 00:00:00+00:00
[2026-02-06T09:17:03.038+0200] {processor.py:183} INFO - Processing /home/pazzoti/de-upskilling/airflow-flight-price-analysis/venv/lib/python3.10/site-packages/airflow/example_dags/example_branch_labels.py took 0.051 seconds
[2026-02-06T09:29:25.469+0200] {processor.py:161} INFO - Started process (PID=9890) to work on /home/pazzoti/de-upskilling/airflow-flight-price-analysis/venv/lib/python3.10/site-packages/airflow/example_dags/example_branch_labels.py
[2026-02-06T09:29:25.473+0200] {processor.py:830} INFO - Processing file /home/pazzoti/de-upskilling/airflow-flight-price-analysis/venv/lib/python3.10/site-packages/airflow/example_dags/example_branch_labels.py for tasks to queue
[2026-02-06T09:29:25.473+0200] {logging_mixin.py:188} INFO - [2026-02-06T09:29:25.473+0200] {dagbag.py:538} INFO - Filling up the DagBag from /home/pazzoti/de-upskilling/airflow-flight-price-analysis/venv/lib/python3.10/site-packages/airflow/example_dags/example_branch_labels.py
[2026-02-06T09:29:25.479+0200] {processor.py:840} INFO - DAG(s) 'example_branch_labels' retrieved from /home/pazzoti/de-upskilling/airflow-flight-price-analysis/venv/lib/python3.10/site-packages/airflow/example_dags/example_branch_labels.py
[2026-02-06T09:29:25.491+0200] {logging_mixin.py:188} INFO - [2026-02-06T09:29:25.491+0200] {dag.py:3036} INFO - Sync 1 DAGs
[2026-02-06T09:29:25.502+0200] {logging_mixin.py:188} INFO - [2026-02-06T09:29:25.502+0200] {dag.py:3823} INFO - Setting next_dagrun for example_branch_labels to 2026-02-05 00:00:00+00:00, run_after=2026-02-06 00:00:00+00:00
[2026-02-06T09:29:25.516+0200] {processor.py:183} INFO - Processing /home/pazzoti/de-upskilling/airflow-flight-price-analysis/venv/lib/python3.10/site-packages/airflow/example_dags/example_branch_labels.py took 0.050 seconds
[2026-02-06T09:30:17.012+0200] {processor.py:161} INFO - Started process (PID=9978) to work on /home/pazzoti/de-upskilling/airflow-flight-price-analysis/venv/lib/python3.10/site-packages/airflow/example_dags/example_branch_labels.py
[2026-02-06T09:30:17.013+0200] {processor.py:830} INFO - Processing file /home/pazzoti/de-upskilling/airflow-flight-price-analysis/venv/lib/python3.10/site-packages/airflow/example_dags/example_branch_labels.py for tasks to queue
[2026-02-06T09:30:17.014+0200] {logging_mixin.py:188} INFO - [2026-02-06T09:30:17.014+0200] {dagbag.py:538} INFO - Filling up the DagBag from /home/pazzoti/de-upskilling/airflow-flight-price-analysis/venv/lib/python3.10/site-packages/airflow/example_dags/example_branch_labels.py
[2026-02-06T09:30:17.024+0200] {processor.py:840} INFO - DAG(s) 'example_branch_labels' retrieved from /home/pazzoti/de-upskilling/airflow-flight-price-analysis/venv/lib/python3.10/site-packages/airflow/example_dags/example_branch_labels.py
[2026-02-06T09:30:17.041+0200] {logging_mixin.py:188} INFO - [2026-02-06T09:30:17.040+0200] {dag.py:3036} INFO - Sync 1 DAGs
[2026-02-06T09:30:17.055+0200] {logging_mixin.py:188} INFO - [2026-02-06T09:30:17.055+0200] {dag.py:3823} INFO - Setting next_dagrun for example_branch_labels to 2026-02-05 00:00:00+00:00, run_after=2026-02-06 00:00:00+00:00
[2026-02-06T09:30:17.075+0200] {processor.py:183} INFO - Processing /home/pazzoti/de-upskilling/airflow-flight-price-analysis/venv/lib/python3.10/site-packages/airflow/example_dags/example_branch_labels.py took 0.065 seconds
[2026-02-06T09:30:59.438+0200] {processor.py:161} INFO - Started process (PID=10050) to work on /home/pazzoti/de-upskilling/airflow-flight-price-analysis/venv/lib/python3.10/site-packages/airflow/example_dags/example_branch_labels.py
[2026-02-06T09:30:59.442+0200] {processor.py:830} INFO - Processing file /home/pazzoti/de-upskilling/airflow-flight-price-analysis/venv/lib/python3.10/site-packages/airflow/example_dags/example_branch_labels.py for tasks to queue
[2026-02-06T09:30:59.443+0200] {logging_mixin.py:188} INFO - [2026-02-06T09:30:59.443+0200] {dagbag.py:538} INFO - Filling up the DagBag from /home/pazzoti/de-upskilling/airflow-flight-price-analysis/venv/lib/python3.10/site-packages/airflow/example_dags/example_branch_labels.py
[2026-02-06T09:30:59.449+0200] {processor.py:840} INFO - DAG(s) 'example_branch_labels' retrieved from /home/pazzoti/de-upskilling/airflow-flight-price-analysis/venv/lib/python3.10/site-packages/airflow/example_dags/example_branch_labels.py
[2026-02-06T09:30:59.460+0200] {logging_mixin.py:188} INFO - [2026-02-06T09:30:59.460+0200] {dag.py:3036} INFO - Sync 1 DAGs
[2026-02-06T09:30:59.471+0200] {logging_mixin.py:188} INFO - [2026-02-06T09:30:59.471+0200] {dag.py:3823} INFO - Setting next_dagrun for example_branch_labels to 2026-02-05 00:00:00+00:00, run_after=2026-02-06 00:00:00+00:00
[2026-02-06T09:30:59.487+0200] {processor.py:183} INFO - Processing /home/pazzoti/de-upskilling/airflow-flight-price-analysis/venv/lib/python3.10/site-packages/airflow/example_dags/example_branch_labels.py took 0.052 seconds
[2026-02-06T09:31:38.842+0200] {processor.py:161} INFO - Started process (PID=10116) to work on /home/pazzoti/de-upskilling/airflow-flight-price-analysis/venv/lib/python3.10/site-packages/airflow/example_dags/example_branch_labels.py
[2026-02-06T09:31:38.846+0200] {processor.py:830} INFO - Processing file /home/pazzoti/de-upskilling/airflow-flight-price-analysis/venv/lib/python3.10/site-packages/airflow/example_dags/example_branch_labels.py for tasks to queue
[2026-02-06T09:31:38.847+0200] {logging_mixin.py:188} INFO - [2026-02-06T09:31:38.847+0200] {dagbag.py:538} INFO - Filling up the DagBag from /home/pazzoti/de-upskilling/airflow-flight-price-analysis/venv/lib/python3.10/site-packages/airflow/example_dags/example_branch_labels.py
[2026-02-06T09:31:38.854+0200] {processor.py:840} INFO - DAG(s) 'example_branch_labels' retrieved from /home/pazzoti/de-upskilling/airflow-flight-price-analysis/venv/lib/python3.10/site-packages/airflow/example_dags/example_branch_labels.py
[2026-02-06T09:31:38.865+0200] {logging_mixin.py:188} INFO - [2026-02-06T09:31:38.865+0200] {dag.py:3036} INFO - Sync 1 DAGs
[2026-02-06T09:31:38.878+0200] {logging_mixin.py:188} INFO - [2026-02-06T09:31:38.878+0200] {dag.py:3823} INFO - Setting next_dagrun for example_branch_labels to 2026-02-05 00:00:00+00:00, run_after=2026-02-06 00:00:00+00:00
[2026-02-06T09:31:38.893+0200] {processor.py:183} INFO - Processing /home/pazzoti/de-upskilling/airflow-flight-price-analysis/venv/lib/python3.10/site-packages/airflow/example_dags/example_branch_labels.py took 0.053 seconds
[2026-02-06T09:32:19.728+0200] {processor.py:161} INFO - Started process (PID=10193) to work on /home/pazzoti/de-upskilling/airflow-flight-price-analysis/venv/lib/python3.10/site-packages/airflow/example_dags/example_branch_labels.py
[2026-02-06T09:32:19.732+0200] {processor.py:830} INFO - Processing file /home/pazzoti/de-upskilling/airflow-flight-price-analysis/venv/lib/python3.10/site-packages/airflow/example_dags/example_branch_labels.py for tasks to queue
[2026-02-06T09:32:19.733+0200] {logging_mixin.py:188} INFO - [2026-02-06T09:32:19.733+0200] {dagbag.py:538} INFO - Filling up the DagBag from /home/pazzoti/de-upskilling/airflow-flight-price-analysis/venv/lib/python3.10/site-packages/airflow/example_dags/example_branch_labels.py
[2026-02-06T09:32:19.739+0200] {processor.py:840} INFO - DAG(s) 'example_branch_labels' retrieved from /home/pazzoti/de-upskilling/airflow-flight-price-analysis/venv/lib/python3.10/site-packages/airflow/example_dags/example_branch_labels.py
[2026-02-06T09:32:19.755+0200] {logging_mixin.py:188} INFO - [2026-02-06T09:32:19.755+0200] {dag.py:3036} INFO - Sync 1 DAGs
[2026-02-06T09:32:19.766+0200] {logging_mixin.py:188} INFO - [2026-02-06T09:32:19.766+0200] {dag.py:3823} INFO - Setting next_dagrun for example_branch_labels to 2026-02-05 00:00:00+00:00, run_after=2026-02-06 00:00:00+00:00
[2026-02-06T09:32:19.782+0200] {processor.py:183} INFO - Processing /home/pazzoti/de-upskilling/airflow-flight-price-analysis/venv/lib/python3.10/site-packages/airflow/example_dags/example_branch_labels.py took 0.056 seconds
[2026-02-06T09:33:20.262+0200] {processor.py:161} INFO - Started process (PID=10325) to work on /home/pazzoti/de-upskilling/airflow-flight-price-analysis/venv/lib/python3.10/site-packages/airflow/example_dags/example_branch_labels.py
[2026-02-06T09:33:20.264+0200] {processor.py:830} INFO - Processing file /home/pazzoti/de-upskilling/airflow-flight-price-analysis/venv/lib/python3.10/site-packages/airflow/example_dags/example_branch_labels.py for tasks to queue
[2026-02-06T09:33:20.266+0200] {logging_mixin.py:188} INFO - [2026-02-06T09:33:20.265+0200] {dagbag.py:538} INFO - Filling up the DagBag from /home/pazzoti/de-upskilling/airflow-flight-price-analysis/venv/lib/python3.10/site-packages/airflow/example_dags/example_branch_labels.py
[2026-02-06T09:33:20.292+0200] {processor.py:840} INFO - DAG(s) 'example_branch_labels' retrieved from /home/pazzoti/de-upskilling/airflow-flight-price-analysis/venv/lib/python3.10/site-packages/airflow/example_dags/example_branch_labels.py
[2026-02-06T09:33:20.319+0200] {logging_mixin.py:188} INFO - [2026-02-06T09:33:20.318+0200] {dag.py:3036} INFO - Sync 1 DAGs
[2026-02-06T09:33:20.373+0200] {logging_mixin.py:188} INFO - [2026-02-06T09:33:20.372+0200] {dag.py:3823} INFO - Setting next_dagrun for example_branch_labels to 2026-02-05 00:00:00+00:00, run_after=2026-02-06 00:00:00+00:00
[2026-02-06T09:33:20.435+0200] {processor.py:183} INFO - Processing /home/pazzoti/de-upskilling/airflow-flight-price-analysis/venv/lib/python3.10/site-packages/airflow/example_dags/example_branch_labels.py took 0.179 seconds
[2026-02-06T09:34:12.130+0200] {processor.py:161} INFO - Started process (PID=10411) to work on /home/pazzoti/de-upskilling/airflow-flight-price-analysis/venv/lib/python3.10/site-packages/airflow/example_dags/example_branch_labels.py
[2026-02-06T09:34:12.133+0200] {processor.py:830} INFO - Processing file /home/pazzoti/de-upskilling/airflow-flight-price-analysis/venv/lib/python3.10/site-packages/airflow/example_dags/example_branch_labels.py for tasks to queue
[2026-02-06T09:34:12.134+0200] {logging_mixin.py:188} INFO - [2026-02-06T09:34:12.133+0200] {dagbag.py:538} INFO - Filling up the DagBag from /home/pazzoti/de-upskilling/airflow-flight-price-analysis/venv/lib/python3.10/site-packages/airflow/example_dags/example_branch_labels.py
[2026-02-06T09:34:12.142+0200] {processor.py:840} INFO - DAG(s) 'example_branch_labels' retrieved from /home/pazzoti/de-upskilling/airflow-flight-price-analysis/venv/lib/python3.10/site-packages/airflow/example_dags/example_branch_labels.py
[2026-02-06T09:34:12.152+0200] {logging_mixin.py:188} INFO - [2026-02-06T09:34:12.152+0200] {dag.py:3036} INFO - Sync 1 DAGs
[2026-02-06T09:34:12.164+0200] {logging_mixin.py:188} INFO - [2026-02-06T09:34:12.164+0200] {dag.py:3823} INFO - Setting next_dagrun for example_branch_labels to 2026-02-05 00:00:00+00:00, run_after=2026-02-06 00:00:00+00:00
[2026-02-06T09:34:12.181+0200] {processor.py:183} INFO - Processing /home/pazzoti/de-upskilling/airflow-flight-price-analysis/venv/lib/python3.10/site-packages/airflow/example_dags/example_branch_labels.py took 0.053 seconds
[2026-02-06T09:34:51.542+0200] {processor.py:161} INFO - Started process (PID=10477) to work on /home/pazzoti/de-upskilling/airflow-flight-price-analysis/venv/lib/python3.10/site-packages/airflow/example_dags/example_branch_labels.py
[2026-02-06T09:34:51.545+0200] {processor.py:830} INFO - Processing file /home/pazzoti/de-upskilling/airflow-flight-price-analysis/venv/lib/python3.10/site-packages/airflow/example_dags/example_branch_labels.py for tasks to queue
[2026-02-06T09:34:51.546+0200] {logging_mixin.py:188} INFO - [2026-02-06T09:34:51.546+0200] {dagbag.py:538} INFO - Filling up the DagBag from /home/pazzoti/de-upskilling/airflow-flight-price-analysis/venv/lib/python3.10/site-packages/airflow/example_dags/example_branch_labels.py
[2026-02-06T09:34:51.551+0200] {processor.py:840} INFO - DAG(s) 'example_branch_labels' retrieved from /home/pazzoti/de-upskilling/airflow-flight-price-analysis/venv/lib/python3.10/site-packages/airflow/example_dags/example_branch_labels.py
[2026-02-06T09:34:51.563+0200] {logging_mixin.py:188} INFO - [2026-02-06T09:34:51.563+0200] {dag.py:3036} INFO - Sync 1 DAGs
[2026-02-06T09:34:51.575+0200] {logging_mixin.py:188} INFO - [2026-02-06T09:34:51.575+0200] {dag.py:3823} INFO - Setting next_dagrun for example_branch_labels to 2026-02-05 00:00:00+00:00, run_after=2026-02-06 00:00:00+00:00
[2026-02-06T09:34:51.592+0200] {processor.py:183} INFO - Processing /home/pazzoti/de-upskilling/airflow-flight-price-analysis/venv/lib/python3.10/site-packages/airflow/example_dags/example_branch_labels.py took 0.053 seconds
