[2026-02-06T09:01:48.858+0200] {processor.py:161} INFO - Started process (PID=4481) to work on /home/pazzoti/de-upskilling/airflow-flight-price-analysis/venv/lib/python3.10/site-packages/airflow/example_dags/example_bash_operator.py
[2026-02-06T09:01:48.858+0200] {processor.py:830} INFO - Processing file /home/pazzoti/de-upskilling/airflow-flight-price-analysis/venv/lib/python3.10/site-packages/airflow/example_dags/example_bash_operator.py for tasks to queue
[2026-02-06T09:01:48.859+0200] {logging_mixin.py:188} INFO - [2026-02-06T09:01:48.859+0200] {dagbag.py:538} INFO - Filling up the DagBag from /home/pazzoti/de-upskilling/airflow-flight-price-analysis/venv/lib/python3.10/site-packages/airflow/example_dags/example_bash_operator.py
[2026-02-06T09:01:48.866+0200] {processor.py:840} INFO - DAG(s) 'example_bash_operator' retrieved from /home/pazzoti/de-upskilling/airflow-flight-price-analysis/venv/lib/python3.10/site-packages/airflow/example_dags/example_bash_operator.py
[2026-02-06T09:01:48.880+0200] {logging_mixin.py:188} INFO - [2026-02-06T09:01:48.880+0200] {dag.py:3036} INFO - Sync 1 DAGs
[2026-02-06T09:01:48.894+0200] {logging_mixin.py:188} INFO - [2026-02-06T09:01:48.894+0200] {dag.py:3823} INFO - Setting next_dagrun for example_bash_operator to 2026-02-05 00:00:00+00:00, run_after=2026-02-06 00:00:00+00:00
[2026-02-06T09:01:48.922+0200] {processor.py:183} INFO - Processing /home/pazzoti/de-upskilling/airflow-flight-price-analysis/venv/lib/python3.10/site-packages/airflow/example_dags/example_bash_operator.py took 0.066 seconds
[2026-02-06T09:02:46.229+0200] {processor.py:161} INFO - Started process (PID=4966) to work on /home/pazzoti/de-upskilling/airflow-flight-price-analysis/venv/lib/python3.10/site-packages/airflow/example_dags/example_bash_operator.py
[2026-02-06T09:02:46.236+0200] {processor.py:830} INFO - Processing file /home/pazzoti/de-upskilling/airflow-flight-price-analysis/venv/lib/python3.10/site-packages/airflow/example_dags/example_bash_operator.py for tasks to queue
[2026-02-06T09:02:46.237+0200] {logging_mixin.py:188} INFO - [2026-02-06T09:02:46.237+0200] {dagbag.py:538} INFO - Filling up the DagBag from /home/pazzoti/de-upskilling/airflow-flight-price-analysis/venv/lib/python3.10/site-packages/airflow/example_dags/example_bash_operator.py
[2026-02-06T09:02:46.245+0200] {processor.py:840} INFO - DAG(s) 'example_bash_operator' retrieved from /home/pazzoti/de-upskilling/airflow-flight-price-analysis/venv/lib/python3.10/site-packages/airflow/example_dags/example_bash_operator.py
[2026-02-06T09:02:46.258+0200] {logging_mixin.py:188} INFO - [2026-02-06T09:02:46.258+0200] {dag.py:3036} INFO - Sync 1 DAGs
[2026-02-06T09:02:46.271+0200] {logging_mixin.py:188} INFO - [2026-02-06T09:02:46.271+0200] {dag.py:3823} INFO - Setting next_dagrun for example_bash_operator to 2026-02-05 00:00:00+00:00, run_after=2026-02-06 00:00:00+00:00
[2026-02-06T09:02:46.287+0200] {processor.py:183} INFO - Processing /home/pazzoti/de-upskilling/airflow-flight-price-analysis/venv/lib/python3.10/site-packages/airflow/example_dags/example_bash_operator.py took 0.061 seconds
[2026-02-06T09:03:37.743+0200] {processor.py:161} INFO - Started process (PID=5202) to work on /home/pazzoti/de-upskilling/airflow-flight-price-analysis/venv/lib/python3.10/site-packages/airflow/example_dags/example_bash_operator.py
[2026-02-06T09:03:37.744+0200] {processor.py:830} INFO - Processing file /home/pazzoti/de-upskilling/airflow-flight-price-analysis/venv/lib/python3.10/site-packages/airflow/example_dags/example_bash_operator.py for tasks to queue
[2026-02-06T09:03:37.745+0200] {logging_mixin.py:188} INFO - [2026-02-06T09:03:37.745+0200] {dagbag.py:538} INFO - Filling up the DagBag from /home/pazzoti/de-upskilling/airflow-flight-price-analysis/venv/lib/python3.10/site-packages/airflow/example_dags/example_bash_operator.py
[2026-02-06T09:03:37.754+0200] {processor.py:840} INFO - DAG(s) 'example_bash_operator' retrieved from /home/pazzoti/de-upskilling/airflow-flight-price-analysis/venv/lib/python3.10/site-packages/airflow/example_dags/example_bash_operator.py
[2026-02-06T09:03:37.768+0200] {logging_mixin.py:188} INFO - [2026-02-06T09:03:37.768+0200] {dag.py:3036} INFO - Sync 1 DAGs
[2026-02-06T09:03:37.781+0200] {logging_mixin.py:188} INFO - [2026-02-06T09:03:37.781+0200] {dag.py:3823} INFO - Setting next_dagrun for example_bash_operator to 2026-02-05 00:00:00+00:00, run_after=2026-02-06 00:00:00+00:00
[2026-02-06T09:03:37.801+0200] {processor.py:183} INFO - Processing /home/pazzoti/de-upskilling/airflow-flight-price-analysis/venv/lib/python3.10/site-packages/airflow/example_dags/example_bash_operator.py took 0.061 seconds
[2026-02-06T09:04:32.229+0200] {processor.py:161} INFO - Started process (PID=5452) to work on /home/pazzoti/de-upskilling/airflow-flight-price-analysis/venv/lib/python3.10/site-packages/airflow/example_dags/example_bash_operator.py
[2026-02-06T09:04:32.236+0200] {processor.py:830} INFO - Processing file /home/pazzoti/de-upskilling/airflow-flight-price-analysis/venv/lib/python3.10/site-packages/airflow/example_dags/example_bash_operator.py for tasks to queue
[2026-02-06T09:04:32.237+0200] {logging_mixin.py:188} INFO - [2026-02-06T09:04:32.237+0200] {dagbag.py:538} INFO - Filling up the DagBag from /home/pazzoti/de-upskilling/airflow-flight-price-analysis/venv/lib/python3.10/site-packages/airflow/example_dags/example_bash_operator.py
[2026-02-06T09:04:32.245+0200] {processor.py:840} INFO - DAG(s) 'example_bash_operator' retrieved from /home/pazzoti/de-upskilling/airflow-flight-price-analysis/venv/lib/python3.10/site-packages/airflow/example_dags/example_bash_operator.py
[2026-02-06T09:04:32.259+0200] {logging_mixin.py:188} INFO - [2026-02-06T09:04:32.259+0200] {dag.py:3036} INFO - Sync 1 DAGs
[2026-02-06T09:04:32.271+0200] {logging_mixin.py:188} INFO - [2026-02-06T09:04:32.270+0200] {dag.py:3823} INFO - Setting next_dagrun for example_bash_operator to 2026-02-05 00:00:00+00:00, run_after=2026-02-06 00:00:00+00:00
[2026-02-06T09:04:32.286+0200] {processor.py:183} INFO - Processing /home/pazzoti/de-upskilling/airflow-flight-price-analysis/venv/lib/python3.10/site-packages/airflow/example_dags/example_bash_operator.py took 0.061 seconds
[2026-02-06T09:05:28.519+0200] {processor.py:161} INFO - Started process (PID=5739) to work on /home/pazzoti/de-upskilling/airflow-flight-price-analysis/venv/lib/python3.10/site-packages/airflow/example_dags/example_bash_operator.py
[2026-02-06T09:05:28.521+0200] {processor.py:830} INFO - Processing file /home/pazzoti/de-upskilling/airflow-flight-price-analysis/venv/lib/python3.10/site-packages/airflow/example_dags/example_bash_operator.py for tasks to queue
[2026-02-06T09:05:28.521+0200] {logging_mixin.py:188} INFO - [2026-02-06T09:05:28.521+0200] {dagbag.py:538} INFO - Filling up the DagBag from /home/pazzoti/de-upskilling/airflow-flight-price-analysis/venv/lib/python3.10/site-packages/airflow/example_dags/example_bash_operator.py
[2026-02-06T09:05:28.531+0200] {processor.py:840} INFO - DAG(s) 'example_bash_operator' retrieved from /home/pazzoti/de-upskilling/airflow-flight-price-analysis/venv/lib/python3.10/site-packages/airflow/example_dags/example_bash_operator.py
[2026-02-06T09:05:28.544+0200] {logging_mixin.py:188} INFO - [2026-02-06T09:05:28.543+0200] {dag.py:3036} INFO - Sync 1 DAGs
[2026-02-06T09:05:28.556+0200] {logging_mixin.py:188} INFO - [2026-02-06T09:05:28.556+0200] {dag.py:3823} INFO - Setting next_dagrun for example_bash_operator to 2026-02-05 00:00:00+00:00, run_after=2026-02-06 00:00:00+00:00
[2026-02-06T09:05:28.578+0200] {processor.py:183} INFO - Processing /home/pazzoti/de-upskilling/airflow-flight-price-analysis/venv/lib/python3.10/site-packages/airflow/example_dags/example_bash_operator.py took 0.060 seconds
[2026-02-06T09:06:22.664+0200] {processor.py:161} INFO - Started process (PID=6020) to work on /home/pazzoti/de-upskilling/airflow-flight-price-analysis/venv/lib/python3.10/site-packages/airflow/example_dags/example_bash_operator.py
[2026-02-06T09:06:22.665+0200] {processor.py:830} INFO - Processing file /home/pazzoti/de-upskilling/airflow-flight-price-analysis/venv/lib/python3.10/site-packages/airflow/example_dags/example_bash_operator.py for tasks to queue
[2026-02-06T09:06:22.666+0200] {logging_mixin.py:188} INFO - [2026-02-06T09:06:22.666+0200] {dagbag.py:538} INFO - Filling up the DagBag from /home/pazzoti/de-upskilling/airflow-flight-price-analysis/venv/lib/python3.10/site-packages/airflow/example_dags/example_bash_operator.py
[2026-02-06T09:06:22.673+0200] {processor.py:840} INFO - DAG(s) 'example_bash_operator' retrieved from /home/pazzoti/de-upskilling/airflow-flight-price-analysis/venv/lib/python3.10/site-packages/airflow/example_dags/example_bash_operator.py
[2026-02-06T09:06:22.686+0200] {logging_mixin.py:188} INFO - [2026-02-06T09:06:22.686+0200] {dag.py:3036} INFO - Sync 1 DAGs
[2026-02-06T09:06:22.697+0200] {logging_mixin.py:188} INFO - [2026-02-06T09:06:22.697+0200] {dag.py:3823} INFO - Setting next_dagrun for example_bash_operator to 2026-02-05 00:00:00+00:00, run_after=2026-02-06 00:00:00+00:00
[2026-02-06T09:06:22.713+0200] {processor.py:183} INFO - Processing /home/pazzoti/de-upskilling/airflow-flight-price-analysis/venv/lib/python3.10/site-packages/airflow/example_dags/example_bash_operator.py took 0.051 seconds
[2026-02-06T09:07:19.306+0200] {processor.py:161} INFO - Started process (PID=6340) to work on /home/pazzoti/de-upskilling/airflow-flight-price-analysis/venv/lib/python3.10/site-packages/airflow/example_dags/example_bash_operator.py
[2026-02-06T09:07:19.307+0200] {processor.py:830} INFO - Processing file /home/pazzoti/de-upskilling/airflow-flight-price-analysis/venv/lib/python3.10/site-packages/airflow/example_dags/example_bash_operator.py for tasks to queue
[2026-02-06T09:07:19.308+0200] {logging_mixin.py:188} INFO - [2026-02-06T09:07:19.308+0200] {dagbag.py:538} INFO - Filling up the DagBag from /home/pazzoti/de-upskilling/airflow-flight-price-analysis/venv/lib/python3.10/site-packages/airflow/example_dags/example_bash_operator.py
[2026-02-06T09:07:19.317+0200] {processor.py:840} INFO - DAG(s) 'example_bash_operator' retrieved from /home/pazzoti/de-upskilling/airflow-flight-price-analysis/venv/lib/python3.10/site-packages/airflow/example_dags/example_bash_operator.py
[2026-02-06T09:07:19.331+0200] {logging_mixin.py:188} INFO - [2026-02-06T09:07:19.331+0200] {dag.py:3036} INFO - Sync 1 DAGs
[2026-02-06T09:07:19.344+0200] {logging_mixin.py:188} INFO - [2026-02-06T09:07:19.344+0200] {dag.py:3823} INFO - Setting next_dagrun for example_bash_operator to 2026-02-05 00:00:00+00:00, run_after=2026-02-06 00:00:00+00:00
[2026-02-06T09:07:19.361+0200] {processor.py:183} INFO - Processing /home/pazzoti/de-upskilling/airflow-flight-price-analysis/venv/lib/python3.10/site-packages/airflow/example_dags/example_bash_operator.py took 0.059 seconds
[2026-02-06T09:08:13.260+0200] {processor.py:161} INFO - Started process (PID=6593) to work on /home/pazzoti/de-upskilling/airflow-flight-price-analysis/venv/lib/python3.10/site-packages/airflow/example_dags/example_bash_operator.py
[2026-02-06T09:08:13.262+0200] {processor.py:830} INFO - Processing file /home/pazzoti/de-upskilling/airflow-flight-price-analysis/venv/lib/python3.10/site-packages/airflow/example_dags/example_bash_operator.py for tasks to queue
[2026-02-06T09:08:13.262+0200] {logging_mixin.py:188} INFO - [2026-02-06T09:08:13.262+0200] {dagbag.py:538} INFO - Filling up the DagBag from /home/pazzoti/de-upskilling/airflow-flight-price-analysis/venv/lib/python3.10/site-packages/airflow/example_dags/example_bash_operator.py
[2026-02-06T09:08:13.274+0200] {processor.py:840} INFO - DAG(s) 'example_bash_operator' retrieved from /home/pazzoti/de-upskilling/airflow-flight-price-analysis/venv/lib/python3.10/site-packages/airflow/example_dags/example_bash_operator.py
[2026-02-06T09:08:13.291+0200] {logging_mixin.py:188} INFO - [2026-02-06T09:08:13.290+0200] {dag.py:3036} INFO - Sync 1 DAGs
[2026-02-06T09:08:13.306+0200] {logging_mixin.py:188} INFO - [2026-02-06T09:08:13.306+0200] {dag.py:3823} INFO - Setting next_dagrun for example_bash_operator to 2026-02-05 00:00:00+00:00, run_after=2026-02-06 00:00:00+00:00
[2026-02-06T09:08:13.328+0200] {processor.py:183} INFO - Processing /home/pazzoti/de-upskilling/airflow-flight-price-analysis/venv/lib/python3.10/site-packages/airflow/example_dags/example_bash_operator.py took 0.073 seconds
[2026-02-06T09:09:07.694+0200] {processor.py:161} INFO - Started process (PID=6839) to work on /home/pazzoti/de-upskilling/airflow-flight-price-analysis/venv/lib/python3.10/site-packages/airflow/example_dags/example_bash_operator.py
[2026-02-06T09:09:07.698+0200] {processor.py:830} INFO - Processing file /home/pazzoti/de-upskilling/airflow-flight-price-analysis/venv/lib/python3.10/site-packages/airflow/example_dags/example_bash_operator.py for tasks to queue
[2026-02-06T09:09:07.699+0200] {logging_mixin.py:188} INFO - [2026-02-06T09:09:07.699+0200] {dagbag.py:538} INFO - Filling up the DagBag from /home/pazzoti/de-upskilling/airflow-flight-price-analysis/venv/lib/python3.10/site-packages/airflow/example_dags/example_bash_operator.py
[2026-02-06T09:09:07.721+0200] {processor.py:840} INFO - DAG(s) 'example_bash_operator' retrieved from /home/pazzoti/de-upskilling/airflow-flight-price-analysis/venv/lib/python3.10/site-packages/airflow/example_dags/example_bash_operator.py
[2026-02-06T09:09:07.738+0200] {logging_mixin.py:188} INFO - [2026-02-06T09:09:07.738+0200] {dag.py:3036} INFO - Sync 1 DAGs
[2026-02-06T09:09:07.753+0200] {logging_mixin.py:188} INFO - [2026-02-06T09:09:07.753+0200] {dag.py:3823} INFO - Setting next_dagrun for example_bash_operator to 2026-02-05 00:00:00+00:00, run_after=2026-02-06 00:00:00+00:00
[2026-02-06T09:09:07.775+0200] {processor.py:183} INFO - Processing /home/pazzoti/de-upskilling/airflow-flight-price-analysis/venv/lib/python3.10/site-packages/airflow/example_dags/example_bash_operator.py took 0.095 seconds
[2026-02-06T09:11:56.299+0200] {processor.py:161} INFO - Started process (PID=8131) to work on /home/pazzoti/de-upskilling/airflow-flight-price-analysis/venv/lib/python3.10/site-packages/airflow/example_dags/example_bash_operator.py
[2026-02-06T09:11:56.301+0200] {processor.py:830} INFO - Processing file /home/pazzoti/de-upskilling/airflow-flight-price-analysis/venv/lib/python3.10/site-packages/airflow/example_dags/example_bash_operator.py for tasks to queue
[2026-02-06T09:11:56.303+0200] {logging_mixin.py:188} INFO - [2026-02-06T09:11:56.303+0200] {dagbag.py:538} INFO - Filling up the DagBag from /home/pazzoti/de-upskilling/airflow-flight-price-analysis/venv/lib/python3.10/site-packages/airflow/example_dags/example_bash_operator.py
[2026-02-06T09:11:56.318+0200] {processor.py:840} INFO - DAG(s) 'example_bash_operator' retrieved from /home/pazzoti/de-upskilling/airflow-flight-price-analysis/venv/lib/python3.10/site-packages/airflow/example_dags/example_bash_operator.py
[2026-02-06T09:11:56.338+0200] {logging_mixin.py:188} INFO - [2026-02-06T09:11:56.338+0200] {dag.py:3036} INFO - Sync 1 DAGs
[2026-02-06T09:11:56.358+0200] {logging_mixin.py:188} INFO - [2026-02-06T09:11:56.358+0200] {dag.py:3823} INFO - Setting next_dagrun for example_bash_operator to 2026-02-05 00:00:00+00:00, run_after=2026-02-06 00:00:00+00:00
[2026-02-06T09:11:56.382+0200] {processor.py:183} INFO - Processing /home/pazzoti/de-upskilling/airflow-flight-price-analysis/venv/lib/python3.10/site-packages/airflow/example_dags/example_bash_operator.py took 0.087 seconds
[2026-02-06T09:12:45.004+0200] {processor.py:161} INFO - Started process (PID=8382) to work on /home/pazzoti/de-upskilling/airflow-flight-price-analysis/venv/lib/python3.10/site-packages/airflow/example_dags/example_bash_operator.py
[2026-02-06T09:12:45.006+0200] {processor.py:830} INFO - Processing file /home/pazzoti/de-upskilling/airflow-flight-price-analysis/venv/lib/python3.10/site-packages/airflow/example_dags/example_bash_operator.py for tasks to queue
[2026-02-06T09:12:45.007+0200] {logging_mixin.py:188} INFO - [2026-02-06T09:12:45.006+0200] {dagbag.py:538} INFO - Filling up the DagBag from /home/pazzoti/de-upskilling/airflow-flight-price-analysis/venv/lib/python3.10/site-packages/airflow/example_dags/example_bash_operator.py
[2026-02-06T09:12:45.015+0200] {processor.py:840} INFO - DAG(s) 'example_bash_operator' retrieved from /home/pazzoti/de-upskilling/airflow-flight-price-analysis/venv/lib/python3.10/site-packages/airflow/example_dags/example_bash_operator.py
[2026-02-06T09:12:45.029+0200] {logging_mixin.py:188} INFO - [2026-02-06T09:12:45.028+0200] {dag.py:3036} INFO - Sync 1 DAGs
[2026-02-06T09:12:45.041+0200] {logging_mixin.py:188} INFO - [2026-02-06T09:12:45.041+0200] {dag.py:3823} INFO - Setting next_dagrun for example_bash_operator to 2026-02-05 00:00:00+00:00, run_after=2026-02-06 00:00:00+00:00
[2026-02-06T09:12:45.059+0200] {processor.py:183} INFO - Processing /home/pazzoti/de-upskilling/airflow-flight-price-analysis/venv/lib/python3.10/site-packages/airflow/example_dags/example_bash_operator.py took 0.058 seconds
[2026-02-06T09:13:40.529+0200] {processor.py:161} INFO - Started process (PID=8646) to work on /home/pazzoti/de-upskilling/airflow-flight-price-analysis/venv/lib/python3.10/site-packages/airflow/example_dags/example_bash_operator.py
[2026-02-06T09:13:40.531+0200] {processor.py:830} INFO - Processing file /home/pazzoti/de-upskilling/airflow-flight-price-analysis/venv/lib/python3.10/site-packages/airflow/example_dags/example_bash_operator.py for tasks to queue
[2026-02-06T09:13:40.532+0200] {logging_mixin.py:188} INFO - [2026-02-06T09:13:40.532+0200] {dagbag.py:538} INFO - Filling up the DagBag from /home/pazzoti/de-upskilling/airflow-flight-price-analysis/venv/lib/python3.10/site-packages/airflow/example_dags/example_bash_operator.py
[2026-02-06T09:13:40.541+0200] {processor.py:840} INFO - DAG(s) 'example_bash_operator' retrieved from /home/pazzoti/de-upskilling/airflow-flight-price-analysis/venv/lib/python3.10/site-packages/airflow/example_dags/example_bash_operator.py
[2026-02-06T09:13:40.554+0200] {logging_mixin.py:188} INFO - [2026-02-06T09:13:40.554+0200] {dag.py:3036} INFO - Sync 1 DAGs
[2026-02-06T09:13:40.565+0200] {logging_mixin.py:188} INFO - [2026-02-06T09:13:40.565+0200] {dag.py:3823} INFO - Setting next_dagrun for example_bash_operator to 2026-02-05 00:00:00+00:00, run_after=2026-02-06 00:00:00+00:00
[2026-02-06T09:13:40.581+0200] {processor.py:183} INFO - Processing /home/pazzoti/de-upskilling/airflow-flight-price-analysis/venv/lib/python3.10/site-packages/airflow/example_dags/example_bash_operator.py took 0.054 seconds
[2026-02-06T09:14:34.536+0200] {processor.py:161} INFO - Started process (PID=8886) to work on /home/pazzoti/de-upskilling/airflow-flight-price-analysis/venv/lib/python3.10/site-packages/airflow/example_dags/example_bash_operator.py
[2026-02-06T09:14:34.538+0200] {processor.py:830} INFO - Processing file /home/pazzoti/de-upskilling/airflow-flight-price-analysis/venv/lib/python3.10/site-packages/airflow/example_dags/example_bash_operator.py for tasks to queue
[2026-02-06T09:14:34.538+0200] {logging_mixin.py:188} INFO - [2026-02-06T09:14:34.538+0200] {dagbag.py:538} INFO - Filling up the DagBag from /home/pazzoti/de-upskilling/airflow-flight-price-analysis/venv/lib/python3.10/site-packages/airflow/example_dags/example_bash_operator.py
[2026-02-06T09:14:34.547+0200] {processor.py:840} INFO - DAG(s) 'example_bash_operator' retrieved from /home/pazzoti/de-upskilling/airflow-flight-price-analysis/venv/lib/python3.10/site-packages/airflow/example_dags/example_bash_operator.py
[2026-02-06T09:14:34.559+0200] {logging_mixin.py:188} INFO - [2026-02-06T09:14:34.559+0200] {dag.py:3036} INFO - Sync 1 DAGs
[2026-02-06T09:14:34.571+0200] {logging_mixin.py:188} INFO - [2026-02-06T09:14:34.570+0200] {dag.py:3823} INFO - Setting next_dagrun for example_bash_operator to 2026-02-05 00:00:00+00:00, run_after=2026-02-06 00:00:00+00:00
[2026-02-06T09:14:34.586+0200] {processor.py:183} INFO - Processing /home/pazzoti/de-upskilling/airflow-flight-price-analysis/venv/lib/python3.10/site-packages/airflow/example_dags/example_bash_operator.py took 0.052 seconds
[2026-02-06T09:15:31.079+0200] {processor.py:161} INFO - Started process (PID=9155) to work on /home/pazzoti/de-upskilling/airflow-flight-price-analysis/venv/lib/python3.10/site-packages/airflow/example_dags/example_bash_operator.py
[2026-02-06T09:15:31.080+0200] {processor.py:830} INFO - Processing file /home/pazzoti/de-upskilling/airflow-flight-price-analysis/venv/lib/python3.10/site-packages/airflow/example_dags/example_bash_operator.py for tasks to queue
[2026-02-06T09:15:31.081+0200] {logging_mixin.py:188} INFO - [2026-02-06T09:15:31.081+0200] {dagbag.py:538} INFO - Filling up the DagBag from /home/pazzoti/de-upskilling/airflow-flight-price-analysis/venv/lib/python3.10/site-packages/airflow/example_dags/example_bash_operator.py
[2026-02-06T09:15:31.090+0200] {processor.py:840} INFO - DAG(s) 'example_bash_operator' retrieved from /home/pazzoti/de-upskilling/airflow-flight-price-analysis/venv/lib/python3.10/site-packages/airflow/example_dags/example_bash_operator.py
[2026-02-06T09:15:31.104+0200] {logging_mixin.py:188} INFO - [2026-02-06T09:15:31.104+0200] {dag.py:3036} INFO - Sync 1 DAGs
[2026-02-06T09:15:31.116+0200] {logging_mixin.py:188} INFO - [2026-02-06T09:15:31.115+0200] {dag.py:3823} INFO - Setting next_dagrun for example_bash_operator to 2026-02-05 00:00:00+00:00, run_after=2026-02-06 00:00:00+00:00
[2026-02-06T09:15:31.131+0200] {processor.py:183} INFO - Processing /home/pazzoti/de-upskilling/airflow-flight-price-analysis/venv/lib/python3.10/site-packages/airflow/example_dags/example_bash_operator.py took 0.055 seconds
[2026-02-06T09:16:20.619+0200] {processor.py:161} INFO - Started process (PID=9406) to work on /home/pazzoti/de-upskilling/airflow-flight-price-analysis/venv/lib/python3.10/site-packages/airflow/example_dags/example_bash_operator.py
[2026-02-06T09:16:20.623+0200] {processor.py:830} INFO - Processing file /home/pazzoti/de-upskilling/airflow-flight-price-analysis/venv/lib/python3.10/site-packages/airflow/example_dags/example_bash_operator.py for tasks to queue
[2026-02-06T09:16:20.624+0200] {logging_mixin.py:188} INFO - [2026-02-06T09:16:20.624+0200] {dagbag.py:538} INFO - Filling up the DagBag from /home/pazzoti/de-upskilling/airflow-flight-price-analysis/venv/lib/python3.10/site-packages/airflow/example_dags/example_bash_operator.py
[2026-02-06T09:16:20.634+0200] {processor.py:840} INFO - DAG(s) 'example_bash_operator' retrieved from /home/pazzoti/de-upskilling/airflow-flight-price-analysis/venv/lib/python3.10/site-packages/airflow/example_dags/example_bash_operator.py
[2026-02-06T09:16:20.648+0200] {logging_mixin.py:188} INFO - [2026-02-06T09:16:20.647+0200] {dag.py:3036} INFO - Sync 1 DAGs
[2026-02-06T09:16:20.659+0200] {logging_mixin.py:188} INFO - [2026-02-06T09:16:20.659+0200] {dag.py:3823} INFO - Setting next_dagrun for example_bash_operator to 2026-02-05 00:00:00+00:00, run_after=2026-02-06 00:00:00+00:00
[2026-02-06T09:16:20.674+0200] {processor.py:183} INFO - Processing /home/pazzoti/de-upskilling/airflow-flight-price-analysis/venv/lib/python3.10/site-packages/airflow/example_dags/example_bash_operator.py took 0.058 seconds
[2026-02-06T09:17:13.273+0200] {processor.py:161} INFO - Started process (PID=9659) to work on /home/pazzoti/de-upskilling/airflow-flight-price-analysis/venv/lib/python3.10/site-packages/airflow/example_dags/example_bash_operator.py
[2026-02-06T09:17:13.275+0200] {processor.py:830} INFO - Processing file /home/pazzoti/de-upskilling/airflow-flight-price-analysis/venv/lib/python3.10/site-packages/airflow/example_dags/example_bash_operator.py for tasks to queue
[2026-02-06T09:17:13.276+0200] {logging_mixin.py:188} INFO - [2026-02-06T09:17:13.276+0200] {dagbag.py:538} INFO - Filling up the DagBag from /home/pazzoti/de-upskilling/airflow-flight-price-analysis/venv/lib/python3.10/site-packages/airflow/example_dags/example_bash_operator.py
[2026-02-06T09:17:13.285+0200] {processor.py:840} INFO - DAG(s) 'example_bash_operator' retrieved from /home/pazzoti/de-upskilling/airflow-flight-price-analysis/venv/lib/python3.10/site-packages/airflow/example_dags/example_bash_operator.py
[2026-02-06T09:17:13.298+0200] {logging_mixin.py:188} INFO - [2026-02-06T09:17:13.298+0200] {dag.py:3036} INFO - Sync 1 DAGs
[2026-02-06T09:17:13.309+0200] {logging_mixin.py:188} INFO - [2026-02-06T09:17:13.309+0200] {dag.py:3823} INFO - Setting next_dagrun for example_bash_operator to 2026-02-05 00:00:00+00:00, run_after=2026-02-06 00:00:00+00:00
[2026-02-06T09:17:13.327+0200] {processor.py:183} INFO - Processing /home/pazzoti/de-upskilling/airflow-flight-price-analysis/venv/lib/python3.10/site-packages/airflow/example_dags/example_bash_operator.py took 0.058 seconds
[2026-02-06T09:29:50.032+0200] {processor.py:161} INFO - Started process (PID=9932) to work on /home/pazzoti/de-upskilling/airflow-flight-price-analysis/venv/lib/python3.10/site-packages/airflow/example_dags/example_bash_operator.py
[2026-02-06T09:29:50.034+0200] {processor.py:830} INFO - Processing file /home/pazzoti/de-upskilling/airflow-flight-price-analysis/venv/lib/python3.10/site-packages/airflow/example_dags/example_bash_operator.py for tasks to queue
[2026-02-06T09:29:50.035+0200] {logging_mixin.py:188} INFO - [2026-02-06T09:29:50.035+0200] {dagbag.py:538} INFO - Filling up the DagBag from /home/pazzoti/de-upskilling/airflow-flight-price-analysis/venv/lib/python3.10/site-packages/airflow/example_dags/example_bash_operator.py
[2026-02-06T09:29:50.047+0200] {processor.py:840} INFO - DAG(s) 'example_bash_operator' retrieved from /home/pazzoti/de-upskilling/airflow-flight-price-analysis/venv/lib/python3.10/site-packages/airflow/example_dags/example_bash_operator.py
[2026-02-06T09:29:50.069+0200] {logging_mixin.py:188} INFO - [2026-02-06T09:29:50.069+0200] {dag.py:3036} INFO - Sync 1 DAGs
[2026-02-06T09:29:50.086+0200] {logging_mixin.py:188} INFO - [2026-02-06T09:29:50.086+0200] {dag.py:3823} INFO - Setting next_dagrun for example_bash_operator to 2026-02-05 00:00:00+00:00, run_after=2026-02-06 00:00:00+00:00
[2026-02-06T09:29:50.119+0200] {processor.py:183} INFO - Processing /home/pazzoti/de-upskilling/airflow-flight-price-analysis/venv/lib/python3.10/site-packages/airflow/example_dags/example_bash_operator.py took 0.091 seconds
[2026-02-06T09:30:54.536+0200] {processor.py:161} INFO - Started process (PID=10043) to work on /home/pazzoti/de-upskilling/airflow-flight-price-analysis/venv/lib/python3.10/site-packages/airflow/example_dags/example_bash_operator.py
[2026-02-06T09:30:54.537+0200] {processor.py:830} INFO - Processing file /home/pazzoti/de-upskilling/airflow-flight-price-analysis/venv/lib/python3.10/site-packages/airflow/example_dags/example_bash_operator.py for tasks to queue
[2026-02-06T09:30:54.538+0200] {logging_mixin.py:188} INFO - [2026-02-06T09:30:54.538+0200] {dagbag.py:538} INFO - Filling up the DagBag from /home/pazzoti/de-upskilling/airflow-flight-price-analysis/venv/lib/python3.10/site-packages/airflow/example_dags/example_bash_operator.py
[2026-02-06T09:30:54.547+0200] {processor.py:840} INFO - DAG(s) 'example_bash_operator' retrieved from /home/pazzoti/de-upskilling/airflow-flight-price-analysis/venv/lib/python3.10/site-packages/airflow/example_dags/example_bash_operator.py
[2026-02-06T09:30:54.561+0200] {logging_mixin.py:188} INFO - [2026-02-06T09:30:54.561+0200] {dag.py:3036} INFO - Sync 1 DAGs
[2026-02-06T09:30:54.574+0200] {logging_mixin.py:188} INFO - [2026-02-06T09:30:54.574+0200] {dag.py:3823} INFO - Setting next_dagrun for example_bash_operator to 2026-02-05 00:00:00+00:00, run_after=2026-02-06 00:00:00+00:00
[2026-02-06T09:30:54.592+0200] {processor.py:183} INFO - Processing /home/pazzoti/de-upskilling/airflow-flight-price-analysis/venv/lib/python3.10/site-packages/airflow/example_dags/example_bash_operator.py took 0.058 seconds
[2026-02-06T09:31:52.449+0200] {processor.py:161} INFO - Started process (PID=10146) to work on /home/pazzoti/de-upskilling/airflow-flight-price-analysis/venv/lib/python3.10/site-packages/airflow/example_dags/example_bash_operator.py
[2026-02-06T09:31:52.456+0200] {processor.py:830} INFO - Processing file /home/pazzoti/de-upskilling/airflow-flight-price-analysis/venv/lib/python3.10/site-packages/airflow/example_dags/example_bash_operator.py for tasks to queue
[2026-02-06T09:31:52.457+0200] {logging_mixin.py:188} INFO - [2026-02-06T09:31:52.457+0200] {dagbag.py:538} INFO - Filling up the DagBag from /home/pazzoti/de-upskilling/airflow-flight-price-analysis/venv/lib/python3.10/site-packages/airflow/example_dags/example_bash_operator.py
[2026-02-06T09:31:52.465+0200] {processor.py:840} INFO - DAG(s) 'example_bash_operator' retrieved from /home/pazzoti/de-upskilling/airflow-flight-price-analysis/venv/lib/python3.10/site-packages/airflow/example_dags/example_bash_operator.py
[2026-02-06T09:31:52.480+0200] {logging_mixin.py:188} INFO - [2026-02-06T09:31:52.479+0200] {dag.py:3036} INFO - Sync 1 DAGs
[2026-02-06T09:31:52.494+0200] {logging_mixin.py:188} INFO - [2026-02-06T09:31:52.494+0200] {dag.py:3823} INFO - Setting next_dagrun for example_bash_operator to 2026-02-05 00:00:00+00:00, run_after=2026-02-06 00:00:00+00:00
[2026-02-06T09:31:52.511+0200] {processor.py:183} INFO - Processing /home/pazzoti/de-upskilling/airflow-flight-price-analysis/venv/lib/python3.10/site-packages/airflow/example_dags/example_bash_operator.py took 0.063 seconds
[2026-02-06T09:32:46.892+0200] {processor.py:161} INFO - Started process (PID=10279) to work on /home/pazzoti/de-upskilling/airflow-flight-price-analysis/venv/lib/python3.10/site-packages/airflow/example_dags/example_bash_operator.py
[2026-02-06T09:32:46.899+0200] {processor.py:830} INFO - Processing file /home/pazzoti/de-upskilling/airflow-flight-price-analysis/venv/lib/python3.10/site-packages/airflow/example_dags/example_bash_operator.py for tasks to queue
[2026-02-06T09:32:46.899+0200] {logging_mixin.py:188} INFO - [2026-02-06T09:32:46.899+0200] {dagbag.py:538} INFO - Filling up the DagBag from /home/pazzoti/de-upskilling/airflow-flight-price-analysis/venv/lib/python3.10/site-packages/airflow/example_dags/example_bash_operator.py
[2026-02-06T09:32:46.908+0200] {processor.py:840} INFO - DAG(s) 'example_bash_operator' retrieved from /home/pazzoti/de-upskilling/airflow-flight-price-analysis/venv/lib/python3.10/site-packages/airflow/example_dags/example_bash_operator.py
[2026-02-06T09:32:46.921+0200] {logging_mixin.py:188} INFO - [2026-02-06T09:32:46.921+0200] {dag.py:3036} INFO - Sync 1 DAGs
[2026-02-06T09:32:46.933+0200] {logging_mixin.py:188} INFO - [2026-02-06T09:32:46.932+0200] {dag.py:3823} INFO - Setting next_dagrun for example_bash_operator to 2026-02-05 00:00:00+00:00, run_after=2026-02-06 00:00:00+00:00
[2026-02-06T09:32:46.950+0200] {processor.py:183} INFO - Processing /home/pazzoti/de-upskilling/airflow-flight-price-analysis/venv/lib/python3.10/site-packages/airflow/example_dags/example_bash_operator.py took 0.061 seconds
[2026-02-06T09:34:01.988+0200] {processor.py:161} INFO - Started process (PID=10391) to work on /home/pazzoti/de-upskilling/airflow-flight-price-analysis/venv/lib/python3.10/site-packages/airflow/example_dags/example_bash_operator.py
[2026-02-06T09:34:01.992+0200] {processor.py:830} INFO - Processing file /home/pazzoti/de-upskilling/airflow-flight-price-analysis/venv/lib/python3.10/site-packages/airflow/example_dags/example_bash_operator.py for tasks to queue
[2026-02-06T09:34:01.993+0200] {logging_mixin.py:188} INFO - [2026-02-06T09:34:01.993+0200] {dagbag.py:538} INFO - Filling up the DagBag from /home/pazzoti/de-upskilling/airflow-flight-price-analysis/venv/lib/python3.10/site-packages/airflow/example_dags/example_bash_operator.py
[2026-02-06T09:34:02.003+0200] {processor.py:840} INFO - DAG(s) 'example_bash_operator' retrieved from /home/pazzoti/de-upskilling/airflow-flight-price-analysis/venv/lib/python3.10/site-packages/airflow/example_dags/example_bash_operator.py
[2026-02-06T09:34:02.019+0200] {logging_mixin.py:188} INFO - [2026-02-06T09:34:02.019+0200] {dag.py:3036} INFO - Sync 1 DAGs
[2026-02-06T09:34:02.034+0200] {logging_mixin.py:188} INFO - [2026-02-06T09:34:02.033+0200] {dag.py:3823} INFO - Setting next_dagrun for example_bash_operator to 2026-02-05 00:00:00+00:00, run_after=2026-02-06 00:00:00+00:00
[2026-02-06T09:34:02.052+0200] {processor.py:183} INFO - Processing /home/pazzoti/de-upskilling/airflow-flight-price-analysis/venv/lib/python3.10/site-packages/airflow/example_dags/example_bash_operator.py took 0.066 seconds
[2026-02-06T09:34:59.996+0200] {processor.py:161} INFO - Started process (PID=10525) to work on /home/pazzoti/de-upskilling/airflow-flight-price-analysis/venv/lib/python3.10/site-packages/airflow/example_dags/example_bash_operator.py
[2026-02-06T09:35:00.001+0200] {processor.py:830} INFO - Processing file /home/pazzoti/de-upskilling/airflow-flight-price-analysis/venv/lib/python3.10/site-packages/airflow/example_dags/example_bash_operator.py for tasks to queue
[2026-02-06T09:35:00.002+0200] {logging_mixin.py:188} INFO - [2026-02-06T09:35:00.002+0200] {dagbag.py:538} INFO - Filling up the DagBag from /home/pazzoti/de-upskilling/airflow-flight-price-analysis/venv/lib/python3.10/site-packages/airflow/example_dags/example_bash_operator.py
[2026-02-06T09:35:00.015+0200] {processor.py:840} INFO - DAG(s) 'example_bash_operator' retrieved from /home/pazzoti/de-upskilling/airflow-flight-price-analysis/venv/lib/python3.10/site-packages/airflow/example_dags/example_bash_operator.py
[2026-02-06T09:35:00.029+0200] {logging_mixin.py:188} INFO - [2026-02-06T09:35:00.028+0200] {dag.py:3036} INFO - Sync 1 DAGs
[2026-02-06T09:35:00.041+0200] {logging_mixin.py:188} INFO - [2026-02-06T09:35:00.041+0200] {dag.py:3823} INFO - Setting next_dagrun for example_bash_operator to 2026-02-05 00:00:00+00:00, run_after=2026-02-06 00:00:00+00:00
[2026-02-06T09:35:00.059+0200] {processor.py:183} INFO - Processing /home/pazzoti/de-upskilling/airflow-flight-price-analysis/venv/lib/python3.10/site-packages/airflow/example_dags/example_bash_operator.py took 0.065 seconds
