[2026-02-06T09:01:36.619+0200] {processor.py:161} INFO - Started process (PID=4360) to work on /home/pazzoti/de-upskilling/airflow-flight-price-analysis/venv/lib/python3.10/site-packages/airflow/example_dags/example_dynamic_task_mapping.py
[2026-02-06T09:01:36.620+0200] {processor.py:830} INFO - Processing file /home/pazzoti/de-upskilling/airflow-flight-price-analysis/venv/lib/python3.10/site-packages/airflow/example_dags/example_dynamic_task_mapping.py for tasks to queue
[2026-02-06T09:01:36.620+0200] {logging_mixin.py:188} INFO - [2026-02-06T09:01:36.620+0200] {dagbag.py:538} INFO - Filling up the DagBag from /home/pazzoti/de-upskilling/airflow-flight-price-analysis/venv/lib/python3.10/site-packages/airflow/example_dags/example_dynamic_task_mapping.py
[2026-02-06T09:01:36.626+0200] {processor.py:840} INFO - DAG(s) 'example_dynamic_task_mapping' retrieved from /home/pazzoti/de-upskilling/airflow-flight-price-analysis/venv/lib/python3.10/site-packages/airflow/example_dags/example_dynamic_task_mapping.py
[2026-02-06T09:01:36.638+0200] {logging_mixin.py:188} INFO - [2026-02-06T09:01:36.638+0200] {dag.py:3036} INFO - Sync 1 DAGs
[2026-02-06T09:01:36.651+0200] {logging_mixin.py:188} INFO - [2026-02-06T09:01:36.651+0200] {dag.py:3823} INFO - Setting next_dagrun for example_dynamic_task_mapping to 2022-03-04 00:00:00+00:00, run_after=2022-03-05 00:00:00+00:00
[2026-02-06T09:01:36.667+0200] {processor.py:183} INFO - Processing /home/pazzoti/de-upskilling/airflow-flight-price-analysis/venv/lib/python3.10/site-packages/airflow/example_dags/example_dynamic_task_mapping.py took 0.050 seconds
[2026-02-06T09:02:26.805+0200] {processor.py:161} INFO - Started process (PID=4861) to work on /home/pazzoti/de-upskilling/airflow-flight-price-analysis/venv/lib/python3.10/site-packages/airflow/example_dags/example_dynamic_task_mapping.py
[2026-02-06T09:02:26.812+0200] {processor.py:830} INFO - Processing file /home/pazzoti/de-upskilling/airflow-flight-price-analysis/venv/lib/python3.10/site-packages/airflow/example_dags/example_dynamic_task_mapping.py for tasks to queue
[2026-02-06T09:02:26.812+0200] {logging_mixin.py:188} INFO - [2026-02-06T09:02:26.812+0200] {dagbag.py:538} INFO - Filling up the DagBag from /home/pazzoti/de-upskilling/airflow-flight-price-analysis/venv/lib/python3.10/site-packages/airflow/example_dags/example_dynamic_task_mapping.py
[2026-02-06T09:02:26.817+0200] {processor.py:840} INFO - DAG(s) 'example_dynamic_task_mapping' retrieved from /home/pazzoti/de-upskilling/airflow-flight-price-analysis/venv/lib/python3.10/site-packages/airflow/example_dags/example_dynamic_task_mapping.py
[2026-02-06T09:02:26.825+0200] {logging_mixin.py:188} INFO - [2026-02-06T09:02:26.825+0200] {dag.py:3036} INFO - Sync 1 DAGs
[2026-02-06T09:02:26.836+0200] {logging_mixin.py:188} INFO - [2026-02-06T09:02:26.835+0200] {dag.py:3823} INFO - Setting next_dagrun for example_dynamic_task_mapping to 2022-03-04 00:00:00+00:00, run_after=2022-03-05 00:00:00+00:00
[2026-02-06T09:02:26.851+0200] {processor.py:183} INFO - Processing /home/pazzoti/de-upskilling/airflow-flight-price-analysis/venv/lib/python3.10/site-packages/airflow/example_dags/example_dynamic_task_mapping.py took 0.048 seconds
[2026-02-06T09:03:15.700+0200] {processor.py:161} INFO - Started process (PID=5096) to work on /home/pazzoti/de-upskilling/airflow-flight-price-analysis/venv/lib/python3.10/site-packages/airflow/example_dags/example_dynamic_task_mapping.py
[2026-02-06T09:03:15.701+0200] {processor.py:830} INFO - Processing file /home/pazzoti/de-upskilling/airflow-flight-price-analysis/venv/lib/python3.10/site-packages/airflow/example_dags/example_dynamic_task_mapping.py for tasks to queue
[2026-02-06T09:03:15.702+0200] {logging_mixin.py:188} INFO - [2026-02-06T09:03:15.702+0200] {dagbag.py:538} INFO - Filling up the DagBag from /home/pazzoti/de-upskilling/airflow-flight-price-analysis/venv/lib/python3.10/site-packages/airflow/example_dags/example_dynamic_task_mapping.py
[2026-02-06T09:03:15.709+0200] {processor.py:840} INFO - DAG(s) 'example_dynamic_task_mapping' retrieved from /home/pazzoti/de-upskilling/airflow-flight-price-analysis/venv/lib/python3.10/site-packages/airflow/example_dags/example_dynamic_task_mapping.py
[2026-02-06T09:03:15.727+0200] {logging_mixin.py:188} INFO - [2026-02-06T09:03:15.727+0200] {dag.py:3036} INFO - Sync 1 DAGs
[2026-02-06T09:03:15.747+0200] {logging_mixin.py:188} INFO - [2026-02-06T09:03:15.747+0200] {dag.py:3823} INFO - Setting next_dagrun for example_dynamic_task_mapping to 2022-03-04 00:00:00+00:00, run_after=2022-03-05 00:00:00+00:00
[2026-02-06T09:03:15.778+0200] {processor.py:183} INFO - Processing /home/pazzoti/de-upskilling/airflow-flight-price-analysis/venv/lib/python3.10/site-packages/airflow/example_dags/example_dynamic_task_mapping.py took 0.081 seconds
[2026-02-06T09:04:08.598+0200] {processor.py:161} INFO - Started process (PID=5338) to work on /home/pazzoti/de-upskilling/airflow-flight-price-analysis/venv/lib/python3.10/site-packages/airflow/example_dags/example_dynamic_task_mapping.py
[2026-02-06T09:04:08.599+0200] {processor.py:830} INFO - Processing file /home/pazzoti/de-upskilling/airflow-flight-price-analysis/venv/lib/python3.10/site-packages/airflow/example_dags/example_dynamic_task_mapping.py for tasks to queue
[2026-02-06T09:04:08.600+0200] {logging_mixin.py:188} INFO - [2026-02-06T09:04:08.599+0200] {dagbag.py:538} INFO - Filling up the DagBag from /home/pazzoti/de-upskilling/airflow-flight-price-analysis/venv/lib/python3.10/site-packages/airflow/example_dags/example_dynamic_task_mapping.py
[2026-02-06T09:04:08.605+0200] {processor.py:840} INFO - DAG(s) 'example_dynamic_task_mapping' retrieved from /home/pazzoti/de-upskilling/airflow-flight-price-analysis/venv/lib/python3.10/site-packages/airflow/example_dags/example_dynamic_task_mapping.py
[2026-02-06T09:04:08.614+0200] {logging_mixin.py:188} INFO - [2026-02-06T09:04:08.614+0200] {dag.py:3036} INFO - Sync 1 DAGs
[2026-02-06T09:04:08.625+0200] {logging_mixin.py:188} INFO - [2026-02-06T09:04:08.625+0200] {dag.py:3823} INFO - Setting next_dagrun for example_dynamic_task_mapping to 2022-03-04 00:00:00+00:00, run_after=2022-03-05 00:00:00+00:00
[2026-02-06T09:04:08.644+0200] {processor.py:183} INFO - Processing /home/pazzoti/de-upskilling/airflow-flight-price-analysis/venv/lib/python3.10/site-packages/airflow/example_dags/example_dynamic_task_mapping.py took 0.048 seconds
[2026-02-06T09:05:04.874+0200] {processor.py:161} INFO - Started process (PID=5629) to work on /home/pazzoti/de-upskilling/airflow-flight-price-analysis/venv/lib/python3.10/site-packages/airflow/example_dags/example_dynamic_task_mapping.py
[2026-02-06T09:05:04.875+0200] {processor.py:830} INFO - Processing file /home/pazzoti/de-upskilling/airflow-flight-price-analysis/venv/lib/python3.10/site-packages/airflow/example_dags/example_dynamic_task_mapping.py for tasks to queue
[2026-02-06T09:05:04.876+0200] {logging_mixin.py:188} INFO - [2026-02-06T09:05:04.876+0200] {dagbag.py:538} INFO - Filling up the DagBag from /home/pazzoti/de-upskilling/airflow-flight-price-analysis/venv/lib/python3.10/site-packages/airflow/example_dags/example_dynamic_task_mapping.py
[2026-02-06T09:05:04.882+0200] {processor.py:840} INFO - DAG(s) 'example_dynamic_task_mapping' retrieved from /home/pazzoti/de-upskilling/airflow-flight-price-analysis/venv/lib/python3.10/site-packages/airflow/example_dags/example_dynamic_task_mapping.py
[2026-02-06T09:05:04.891+0200] {logging_mixin.py:188} INFO - [2026-02-06T09:05:04.891+0200] {dag.py:3036} INFO - Sync 1 DAGs
[2026-02-06T09:05:04.906+0200] {logging_mixin.py:188} INFO - [2026-02-06T09:05:04.906+0200] {dag.py:3823} INFO - Setting next_dagrun for example_dynamic_task_mapping to 2022-03-04 00:00:00+00:00, run_after=2022-03-05 00:00:00+00:00
[2026-02-06T09:05:04.924+0200] {processor.py:183} INFO - Processing /home/pazzoti/de-upskilling/airflow-flight-price-analysis/venv/lib/python3.10/site-packages/airflow/example_dags/example_dynamic_task_mapping.py took 0.052 seconds
[2026-02-06T09:06:00.853+0200] {processor.py:161} INFO - Started process (PID=5911) to work on /home/pazzoti/de-upskilling/airflow-flight-price-analysis/venv/lib/python3.10/site-packages/airflow/example_dags/example_dynamic_task_mapping.py
[2026-02-06T09:06:00.854+0200] {processor.py:830} INFO - Processing file /home/pazzoti/de-upskilling/airflow-flight-price-analysis/venv/lib/python3.10/site-packages/airflow/example_dags/example_dynamic_task_mapping.py for tasks to queue
[2026-02-06T09:06:00.855+0200] {logging_mixin.py:188} INFO - [2026-02-06T09:06:00.855+0200] {dagbag.py:538} INFO - Filling up the DagBag from /home/pazzoti/de-upskilling/airflow-flight-price-analysis/venv/lib/python3.10/site-packages/airflow/example_dags/example_dynamic_task_mapping.py
[2026-02-06T09:06:00.860+0200] {processor.py:840} INFO - DAG(s) 'example_dynamic_task_mapping' retrieved from /home/pazzoti/de-upskilling/airflow-flight-price-analysis/venv/lib/python3.10/site-packages/airflow/example_dags/example_dynamic_task_mapping.py
[2026-02-06T09:06:00.873+0200] {logging_mixin.py:188} INFO - [2026-02-06T09:06:00.872+0200] {dag.py:3036} INFO - Sync 1 DAGs
[2026-02-06T09:06:00.884+0200] {logging_mixin.py:188} INFO - [2026-02-06T09:06:00.884+0200] {dag.py:3823} INFO - Setting next_dagrun for example_dynamic_task_mapping to 2022-03-04 00:00:00+00:00, run_after=2022-03-05 00:00:00+00:00
[2026-02-06T09:06:00.901+0200] {processor.py:183} INFO - Processing /home/pazzoti/de-upskilling/airflow-flight-price-analysis/venv/lib/python3.10/site-packages/airflow/example_dags/example_dynamic_task_mapping.py took 0.050 seconds
[2026-02-06T09:06:56.275+0200] {processor.py:161} INFO - Started process (PID=6173) to work on /home/pazzoti/de-upskilling/airflow-flight-price-analysis/venv/lib/python3.10/site-packages/airflow/example_dags/example_dynamic_task_mapping.py
[2026-02-06T09:06:56.278+0200] {processor.py:830} INFO - Processing file /home/pazzoti/de-upskilling/airflow-flight-price-analysis/venv/lib/python3.10/site-packages/airflow/example_dags/example_dynamic_task_mapping.py for tasks to queue
[2026-02-06T09:06:56.282+0200] {logging_mixin.py:188} INFO - [2026-02-06T09:06:56.279+0200] {dagbag.py:538} INFO - Filling up the DagBag from /home/pazzoti/de-upskilling/airflow-flight-price-analysis/venv/lib/python3.10/site-packages/airflow/example_dags/example_dynamic_task_mapping.py
[2026-02-06T09:06:56.296+0200] {processor.py:840} INFO - DAG(s) 'example_dynamic_task_mapping' retrieved from /home/pazzoti/de-upskilling/airflow-flight-price-analysis/venv/lib/python3.10/site-packages/airflow/example_dags/example_dynamic_task_mapping.py
[2026-02-06T09:06:56.313+0200] {logging_mixin.py:188} INFO - [2026-02-06T09:06:56.313+0200] {dag.py:3036} INFO - Sync 1 DAGs
[2026-02-06T09:06:56.331+0200] {logging_mixin.py:188} INFO - [2026-02-06T09:06:56.330+0200] {dag.py:3823} INFO - Setting next_dagrun for example_dynamic_task_mapping to 2022-03-04 00:00:00+00:00, run_after=2022-03-05 00:00:00+00:00
[2026-02-06T09:06:56.390+0200] {processor.py:183} INFO - Processing /home/pazzoti/de-upskilling/airflow-flight-price-analysis/venv/lib/python3.10/site-packages/airflow/example_dags/example_dynamic_task_mapping.py took 0.117 seconds
[2026-02-06T09:07:49.538+0200] {processor.py:161} INFO - Started process (PID=6470) to work on /home/pazzoti/de-upskilling/airflow-flight-price-analysis/venv/lib/python3.10/site-packages/airflow/example_dags/example_dynamic_task_mapping.py
[2026-02-06T09:07:49.539+0200] {processor.py:830} INFO - Processing file /home/pazzoti/de-upskilling/airflow-flight-price-analysis/venv/lib/python3.10/site-packages/airflow/example_dags/example_dynamic_task_mapping.py for tasks to queue
[2026-02-06T09:07:49.540+0200] {logging_mixin.py:188} INFO - [2026-02-06T09:07:49.540+0200] {dagbag.py:538} INFO - Filling up the DagBag from /home/pazzoti/de-upskilling/airflow-flight-price-analysis/venv/lib/python3.10/site-packages/airflow/example_dags/example_dynamic_task_mapping.py
[2026-02-06T09:07:49.547+0200] {processor.py:840} INFO - DAG(s) 'example_dynamic_task_mapping' retrieved from /home/pazzoti/de-upskilling/airflow-flight-price-analysis/venv/lib/python3.10/site-packages/airflow/example_dags/example_dynamic_task_mapping.py
[2026-02-06T09:07:49.557+0200] {logging_mixin.py:188} INFO - [2026-02-06T09:07:49.557+0200] {dag.py:3036} INFO - Sync 1 DAGs
[2026-02-06T09:07:49.568+0200] {logging_mixin.py:188} INFO - [2026-02-06T09:07:49.568+0200] {dag.py:3823} INFO - Setting next_dagrun for example_dynamic_task_mapping to 2022-03-04 00:00:00+00:00, run_after=2022-03-05 00:00:00+00:00
[2026-02-06T09:07:49.583+0200] {processor.py:183} INFO - Processing /home/pazzoti/de-upskilling/airflow-flight-price-analysis/venv/lib/python3.10/site-packages/airflow/example_dags/example_dynamic_task_mapping.py took 0.048 seconds
[2026-02-06T09:08:44.246+0200] {processor.py:161} INFO - Started process (PID=6726) to work on /home/pazzoti/de-upskilling/airflow-flight-price-analysis/venv/lib/python3.10/site-packages/airflow/example_dags/example_dynamic_task_mapping.py
[2026-02-06T09:08:44.254+0200] {processor.py:830} INFO - Processing file /home/pazzoti/de-upskilling/airflow-flight-price-analysis/venv/lib/python3.10/site-packages/airflow/example_dags/example_dynamic_task_mapping.py for tasks to queue
[2026-02-06T09:08:44.255+0200] {logging_mixin.py:188} INFO - [2026-02-06T09:08:44.255+0200] {dagbag.py:538} INFO - Filling up the DagBag from /home/pazzoti/de-upskilling/airflow-flight-price-analysis/venv/lib/python3.10/site-packages/airflow/example_dags/example_dynamic_task_mapping.py
[2026-02-06T09:08:44.260+0200] {processor.py:840} INFO - DAG(s) 'example_dynamic_task_mapping' retrieved from /home/pazzoti/de-upskilling/airflow-flight-price-analysis/venv/lib/python3.10/site-packages/airflow/example_dags/example_dynamic_task_mapping.py
[2026-02-06T09:08:44.270+0200] {logging_mixin.py:188} INFO - [2026-02-06T09:08:44.269+0200] {dag.py:3036} INFO - Sync 1 DAGs
[2026-02-06T09:08:44.281+0200] {logging_mixin.py:188} INFO - [2026-02-06T09:08:44.281+0200] {dag.py:3823} INFO - Setting next_dagrun for example_dynamic_task_mapping to 2022-03-04 00:00:00+00:00, run_after=2022-03-05 00:00:00+00:00
[2026-02-06T09:08:44.296+0200] {processor.py:183} INFO - Processing /home/pazzoti/de-upskilling/airflow-flight-price-analysis/venv/lib/python3.10/site-packages/airflow/example_dags/example_dynamic_task_mapping.py took 0.052 seconds
[2026-02-06T09:09:43.226+0200] {processor.py:161} INFO - Started process (PID=6996) to work on /home/pazzoti/de-upskilling/airflow-flight-price-analysis/venv/lib/python3.10/site-packages/airflow/example_dags/example_dynamic_task_mapping.py
[2026-02-06T09:09:43.228+0200] {processor.py:830} INFO - Processing file /home/pazzoti/de-upskilling/airflow-flight-price-analysis/venv/lib/python3.10/site-packages/airflow/example_dags/example_dynamic_task_mapping.py for tasks to queue
[2026-02-06T09:09:43.229+0200] {logging_mixin.py:188} INFO - [2026-02-06T09:09:43.229+0200] {dagbag.py:538} INFO - Filling up the DagBag from /home/pazzoti/de-upskilling/airflow-flight-price-analysis/venv/lib/python3.10/site-packages/airflow/example_dags/example_dynamic_task_mapping.py
[2026-02-06T09:09:43.237+0200] {processor.py:840} INFO - DAG(s) 'example_dynamic_task_mapping' retrieved from /home/pazzoti/de-upskilling/airflow-flight-price-analysis/venv/lib/python3.10/site-packages/airflow/example_dags/example_dynamic_task_mapping.py
[2026-02-06T09:09:43.256+0200] {logging_mixin.py:188} INFO - [2026-02-06T09:09:43.255+0200] {dag.py:3036} INFO - Sync 1 DAGs
[2026-02-06T09:09:43.281+0200] {logging_mixin.py:188} INFO - [2026-02-06T09:09:43.281+0200] {dag.py:3823} INFO - Setting next_dagrun for example_dynamic_task_mapping to 2022-03-04 00:00:00+00:00, run_after=2022-03-05 00:00:00+00:00
[2026-02-06T09:09:43.325+0200] {processor.py:183} INFO - Processing /home/pazzoti/de-upskilling/airflow-flight-price-analysis/venv/lib/python3.10/site-packages/airflow/example_dags/example_dynamic_task_mapping.py took 0.101 seconds
[2026-02-06T09:11:44.193+0200] {processor.py:161} INFO - Started process (PID=8039) to work on /home/pazzoti/de-upskilling/airflow-flight-price-analysis/venv/lib/python3.10/site-packages/airflow/example_dags/example_dynamic_task_mapping.py
[2026-02-06T09:11:44.195+0200] {processor.py:830} INFO - Processing file /home/pazzoti/de-upskilling/airflow-flight-price-analysis/venv/lib/python3.10/site-packages/airflow/example_dags/example_dynamic_task_mapping.py for tasks to queue
[2026-02-06T09:11:44.197+0200] {logging_mixin.py:188} INFO - [2026-02-06T09:11:44.196+0200] {dagbag.py:538} INFO - Filling up the DagBag from /home/pazzoti/de-upskilling/airflow-flight-price-analysis/venv/lib/python3.10/site-packages/airflow/example_dags/example_dynamic_task_mapping.py
[2026-02-06T09:11:44.222+0200] {processor.py:840} INFO - DAG(s) 'example_dynamic_task_mapping' retrieved from /home/pazzoti/de-upskilling/airflow-flight-price-analysis/venv/lib/python3.10/site-packages/airflow/example_dags/example_dynamic_task_mapping.py
[2026-02-06T09:11:44.254+0200] {logging_mixin.py:188} INFO - [2026-02-06T09:11:44.253+0200] {dag.py:3036} INFO - Sync 1 DAGs
[2026-02-06T09:11:44.297+0200] {logging_mixin.py:188} INFO - [2026-02-06T09:11:44.296+0200] {dag.py:3823} INFO - Setting next_dagrun for example_dynamic_task_mapping to 2022-03-04 00:00:00+00:00, run_after=2022-03-05 00:00:00+00:00
[2026-02-06T09:11:44.378+0200] {processor.py:183} INFO - Processing /home/pazzoti/de-upskilling/airflow-flight-price-analysis/venv/lib/python3.10/site-packages/airflow/example_dags/example_dynamic_task_mapping.py took 0.189 seconds
[2026-02-06T09:12:34.125+0200] {processor.py:161} INFO - Started process (PID=8326) to work on /home/pazzoti/de-upskilling/airflow-flight-price-analysis/venv/lib/python3.10/site-packages/airflow/example_dags/example_dynamic_task_mapping.py
[2026-02-06T09:12:34.126+0200] {processor.py:830} INFO - Processing file /home/pazzoti/de-upskilling/airflow-flight-price-analysis/venv/lib/python3.10/site-packages/airflow/example_dags/example_dynamic_task_mapping.py for tasks to queue
[2026-02-06T09:12:34.127+0200] {logging_mixin.py:188} INFO - [2026-02-06T09:12:34.126+0200] {dagbag.py:538} INFO - Filling up the DagBag from /home/pazzoti/de-upskilling/airflow-flight-price-analysis/venv/lib/python3.10/site-packages/airflow/example_dags/example_dynamic_task_mapping.py
[2026-02-06T09:12:34.132+0200] {processor.py:840} INFO - DAG(s) 'example_dynamic_task_mapping' retrieved from /home/pazzoti/de-upskilling/airflow-flight-price-analysis/venv/lib/python3.10/site-packages/airflow/example_dags/example_dynamic_task_mapping.py
[2026-02-06T09:12:34.143+0200] {logging_mixin.py:188} INFO - [2026-02-06T09:12:34.143+0200] {dag.py:3036} INFO - Sync 1 DAGs
[2026-02-06T09:12:34.157+0200] {logging_mixin.py:188} INFO - [2026-02-06T09:12:34.157+0200] {dag.py:3823} INFO - Setting next_dagrun for example_dynamic_task_mapping to 2022-03-04 00:00:00+00:00, run_after=2022-03-05 00:00:00+00:00
[2026-02-06T09:12:34.173+0200] {processor.py:183} INFO - Processing /home/pazzoti/de-upskilling/airflow-flight-price-analysis/venv/lib/python3.10/site-packages/airflow/example_dags/example_dynamic_task_mapping.py took 0.050 seconds
[2026-02-06T09:13:20.963+0200] {processor.py:161} INFO - Started process (PID=8539) to work on /home/pazzoti/de-upskilling/airflow-flight-price-analysis/venv/lib/python3.10/site-packages/airflow/example_dags/example_dynamic_task_mapping.py
[2026-02-06T09:13:20.964+0200] {processor.py:830} INFO - Processing file /home/pazzoti/de-upskilling/airflow-flight-price-analysis/venv/lib/python3.10/site-packages/airflow/example_dags/example_dynamic_task_mapping.py for tasks to queue
[2026-02-06T09:13:20.965+0200] {logging_mixin.py:188} INFO - [2026-02-06T09:13:20.965+0200] {dagbag.py:538} INFO - Filling up the DagBag from /home/pazzoti/de-upskilling/airflow-flight-price-analysis/venv/lib/python3.10/site-packages/airflow/example_dags/example_dynamic_task_mapping.py
[2026-02-06T09:13:20.971+0200] {processor.py:840} INFO - DAG(s) 'example_dynamic_task_mapping' retrieved from /home/pazzoti/de-upskilling/airflow-flight-price-analysis/venv/lib/python3.10/site-packages/airflow/example_dags/example_dynamic_task_mapping.py
[2026-02-06T09:13:20.984+0200] {logging_mixin.py:188} INFO - [2026-02-06T09:13:20.984+0200] {dag.py:3036} INFO - Sync 1 DAGs
[2026-02-06T09:13:20.998+0200] {logging_mixin.py:188} INFO - [2026-02-06T09:13:20.997+0200] {dag.py:3823} INFO - Setting next_dagrun for example_dynamic_task_mapping to 2022-03-04 00:00:00+00:00, run_after=2022-03-05 00:00:00+00:00
[2026-02-06T09:13:21.013+0200] {processor.py:183} INFO - Processing /home/pazzoti/de-upskilling/airflow-flight-price-analysis/venv/lib/python3.10/site-packages/airflow/example_dags/example_dynamic_task_mapping.py took 0.053 seconds
[2026-02-06T09:14:16.093+0200] {processor.py:161} INFO - Started process (PID=8801) to work on /home/pazzoti/de-upskilling/airflow-flight-price-analysis/venv/lib/python3.10/site-packages/airflow/example_dags/example_dynamic_task_mapping.py
[2026-02-06T09:14:16.094+0200] {processor.py:830} INFO - Processing file /home/pazzoti/de-upskilling/airflow-flight-price-analysis/venv/lib/python3.10/site-packages/airflow/example_dags/example_dynamic_task_mapping.py for tasks to queue
[2026-02-06T09:14:16.095+0200] {logging_mixin.py:188} INFO - [2026-02-06T09:14:16.095+0200] {dagbag.py:538} INFO - Filling up the DagBag from /home/pazzoti/de-upskilling/airflow-flight-price-analysis/venv/lib/python3.10/site-packages/airflow/example_dags/example_dynamic_task_mapping.py
[2026-02-06T09:14:16.102+0200] {processor.py:840} INFO - DAG(s) 'example_dynamic_task_mapping' retrieved from /home/pazzoti/de-upskilling/airflow-flight-price-analysis/venv/lib/python3.10/site-packages/airflow/example_dags/example_dynamic_task_mapping.py
[2026-02-06T09:14:16.115+0200] {logging_mixin.py:188} INFO - [2026-02-06T09:14:16.115+0200] {dag.py:3036} INFO - Sync 1 DAGs
[2026-02-06T09:14:16.127+0200] {logging_mixin.py:188} INFO - [2026-02-06T09:14:16.127+0200] {dag.py:3823} INFO - Setting next_dagrun for example_dynamic_task_mapping to 2022-03-04 00:00:00+00:00, run_after=2022-03-05 00:00:00+00:00
[2026-02-06T09:14:16.145+0200] {processor.py:183} INFO - Processing /home/pazzoti/de-upskilling/airflow-flight-price-analysis/venv/lib/python3.10/site-packages/airflow/example_dags/example_dynamic_task_mapping.py took 0.056 seconds
[2026-02-06T09:15:09.673+0200] {processor.py:161} INFO - Started process (PID=9044) to work on /home/pazzoti/de-upskilling/airflow-flight-price-analysis/venv/lib/python3.10/site-packages/airflow/example_dags/example_dynamic_task_mapping.py
[2026-02-06T09:15:09.674+0200] {processor.py:830} INFO - Processing file /home/pazzoti/de-upskilling/airflow-flight-price-analysis/venv/lib/python3.10/site-packages/airflow/example_dags/example_dynamic_task_mapping.py for tasks to queue
[2026-02-06T09:15:09.675+0200] {logging_mixin.py:188} INFO - [2026-02-06T09:15:09.674+0200] {dagbag.py:538} INFO - Filling up the DagBag from /home/pazzoti/de-upskilling/airflow-flight-price-analysis/venv/lib/python3.10/site-packages/airflow/example_dags/example_dynamic_task_mapping.py
[2026-02-06T09:15:09.680+0200] {processor.py:840} INFO - DAG(s) 'example_dynamic_task_mapping' retrieved from /home/pazzoti/de-upskilling/airflow-flight-price-analysis/venv/lib/python3.10/site-packages/airflow/example_dags/example_dynamic_task_mapping.py
[2026-02-06T09:15:09.691+0200] {logging_mixin.py:188} INFO - [2026-02-06T09:15:09.691+0200] {dag.py:3036} INFO - Sync 1 DAGs
[2026-02-06T09:15:09.702+0200] {logging_mixin.py:188} INFO - [2026-02-06T09:15:09.702+0200] {dag.py:3823} INFO - Setting next_dagrun for example_dynamic_task_mapping to 2022-03-04 00:00:00+00:00, run_after=2022-03-05 00:00:00+00:00
[2026-02-06T09:15:09.719+0200] {processor.py:183} INFO - Processing /home/pazzoti/de-upskilling/airflow-flight-price-analysis/venv/lib/python3.10/site-packages/airflow/example_dags/example_dynamic_task_mapping.py took 0.049 seconds
[2026-02-06T09:16:01.937+0200] {processor.py:161} INFO - Started process (PID=9320) to work on /home/pazzoti/de-upskilling/airflow-flight-price-analysis/venv/lib/python3.10/site-packages/airflow/example_dags/example_dynamic_task_mapping.py
[2026-02-06T09:16:01.941+0200] {processor.py:830} INFO - Processing file /home/pazzoti/de-upskilling/airflow-flight-price-analysis/venv/lib/python3.10/site-packages/airflow/example_dags/example_dynamic_task_mapping.py for tasks to queue
[2026-02-06T09:16:01.942+0200] {logging_mixin.py:188} INFO - [2026-02-06T09:16:01.941+0200] {dagbag.py:538} INFO - Filling up the DagBag from /home/pazzoti/de-upskilling/airflow-flight-price-analysis/venv/lib/python3.10/site-packages/airflow/example_dags/example_dynamic_task_mapping.py
[2026-02-06T09:16:01.951+0200] {processor.py:840} INFO - DAG(s) 'example_dynamic_task_mapping' retrieved from /home/pazzoti/de-upskilling/airflow-flight-price-analysis/venv/lib/python3.10/site-packages/airflow/example_dags/example_dynamic_task_mapping.py
[2026-02-06T09:16:01.960+0200] {logging_mixin.py:188} INFO - [2026-02-06T09:16:01.960+0200] {dag.py:3036} INFO - Sync 1 DAGs
[2026-02-06T09:16:01.970+0200] {logging_mixin.py:188} INFO - [2026-02-06T09:16:01.970+0200] {dag.py:3823} INFO - Setting next_dagrun for example_dynamic_task_mapping to 2022-03-04 00:00:00+00:00, run_after=2022-03-05 00:00:00+00:00
[2026-02-06T09:16:01.986+0200] {processor.py:183} INFO - Processing /home/pazzoti/de-upskilling/airflow-flight-price-analysis/venv/lib/python3.10/site-packages/airflow/example_dags/example_dynamic_task_mapping.py took 0.053 seconds
[2026-02-06T09:16:52.692+0200] {processor.py:161} INFO - Started process (PID=9552) to work on /home/pazzoti/de-upskilling/airflow-flight-price-analysis/venv/lib/python3.10/site-packages/airflow/example_dags/example_dynamic_task_mapping.py
[2026-02-06T09:16:52.694+0200] {processor.py:830} INFO - Processing file /home/pazzoti/de-upskilling/airflow-flight-price-analysis/venv/lib/python3.10/site-packages/airflow/example_dags/example_dynamic_task_mapping.py for tasks to queue
[2026-02-06T09:16:52.696+0200] {logging_mixin.py:188} INFO - [2026-02-06T09:16:52.695+0200] {dagbag.py:538} INFO - Filling up the DagBag from /home/pazzoti/de-upskilling/airflow-flight-price-analysis/venv/lib/python3.10/site-packages/airflow/example_dags/example_dynamic_task_mapping.py
[2026-02-06T09:16:52.704+0200] {processor.py:840} INFO - DAG(s) 'example_dynamic_task_mapping' retrieved from /home/pazzoti/de-upskilling/airflow-flight-price-analysis/venv/lib/python3.10/site-packages/airflow/example_dags/example_dynamic_task_mapping.py
[2026-02-06T09:16:52.715+0200] {logging_mixin.py:188} INFO - [2026-02-06T09:16:52.715+0200] {dag.py:3036} INFO - Sync 1 DAGs
[2026-02-06T09:16:52.727+0200] {logging_mixin.py:188} INFO - [2026-02-06T09:16:52.727+0200] {dag.py:3823} INFO - Setting next_dagrun for example_dynamic_task_mapping to 2022-03-04 00:00:00+00:00, run_after=2022-03-05 00:00:00+00:00
[2026-02-06T09:16:52.744+0200] {processor.py:183} INFO - Processing /home/pazzoti/de-upskilling/airflow-flight-price-analysis/venv/lib/python3.10/site-packages/airflow/example_dags/example_dynamic_task_mapping.py took 0.055 seconds
[2026-02-06T09:29:37.881+0200] {processor.py:161} INFO - Started process (PID=9903) to work on /home/pazzoti/de-upskilling/airflow-flight-price-analysis/venv/lib/python3.10/site-packages/airflow/example_dags/example_dynamic_task_mapping.py
[2026-02-06T09:29:37.884+0200] {processor.py:830} INFO - Processing file /home/pazzoti/de-upskilling/airflow-flight-price-analysis/venv/lib/python3.10/site-packages/airflow/example_dags/example_dynamic_task_mapping.py for tasks to queue
[2026-02-06T09:29:37.885+0200] {logging_mixin.py:188} INFO - [2026-02-06T09:29:37.885+0200] {dagbag.py:538} INFO - Filling up the DagBag from /home/pazzoti/de-upskilling/airflow-flight-price-analysis/venv/lib/python3.10/site-packages/airflow/example_dags/example_dynamic_task_mapping.py
[2026-02-06T09:29:37.890+0200] {processor.py:840} INFO - DAG(s) 'example_dynamic_task_mapping' retrieved from /home/pazzoti/de-upskilling/airflow-flight-price-analysis/venv/lib/python3.10/site-packages/airflow/example_dags/example_dynamic_task_mapping.py
[2026-02-06T09:29:37.899+0200] {logging_mixin.py:188} INFO - [2026-02-06T09:29:37.899+0200] {dag.py:3036} INFO - Sync 1 DAGs
[2026-02-06T09:29:37.910+0200] {logging_mixin.py:188} INFO - [2026-02-06T09:29:37.910+0200] {dag.py:3823} INFO - Setting next_dagrun for example_dynamic_task_mapping to 2022-03-04 00:00:00+00:00, run_after=2022-03-05 00:00:00+00:00
[2026-02-06T09:29:37.929+0200] {processor.py:183} INFO - Processing /home/pazzoti/de-upskilling/airflow-flight-price-analysis/venv/lib/python3.10/site-packages/airflow/example_dags/example_dynamic_task_mapping.py took 0.050 seconds
[2026-02-06T09:30:29.091+0200] {processor.py:161} INFO - Started process (PID=9991) to work on /home/pazzoti/de-upskilling/airflow-flight-price-analysis/venv/lib/python3.10/site-packages/airflow/example_dags/example_dynamic_task_mapping.py
[2026-02-06T09:30:29.094+0200] {processor.py:830} INFO - Processing file /home/pazzoti/de-upskilling/airflow-flight-price-analysis/venv/lib/python3.10/site-packages/airflow/example_dags/example_dynamic_task_mapping.py for tasks to queue
[2026-02-06T09:30:29.096+0200] {logging_mixin.py:188} INFO - [2026-02-06T09:30:29.095+0200] {dagbag.py:538} INFO - Filling up the DagBag from /home/pazzoti/de-upskilling/airflow-flight-price-analysis/venv/lib/python3.10/site-packages/airflow/example_dags/example_dynamic_task_mapping.py
[2026-02-06T09:30:29.106+0200] {processor.py:840} INFO - DAG(s) 'example_dynamic_task_mapping' retrieved from /home/pazzoti/de-upskilling/airflow-flight-price-analysis/venv/lib/python3.10/site-packages/airflow/example_dags/example_dynamic_task_mapping.py
[2026-02-06T09:30:29.126+0200] {logging_mixin.py:188} INFO - [2026-02-06T09:30:29.126+0200] {dag.py:3036} INFO - Sync 1 DAGs
[2026-02-06T09:30:29.150+0200] {logging_mixin.py:188} INFO - [2026-02-06T09:30:29.150+0200] {dag.py:3823} INFO - Setting next_dagrun for example_dynamic_task_mapping to 2022-03-04 00:00:00+00:00, run_after=2022-03-05 00:00:00+00:00
[2026-02-06T09:30:29.189+0200] {processor.py:183} INFO - Processing /home/pazzoti/de-upskilling/airflow-flight-price-analysis/venv/lib/python3.10/site-packages/airflow/example_dags/example_dynamic_task_mapping.py took 0.103 seconds
[2026-02-06T09:31:30.982+0200] {processor.py:161} INFO - Started process (PID=10106) to work on /home/pazzoti/de-upskilling/airflow-flight-price-analysis/venv/lib/python3.10/site-packages/airflow/example_dags/example_dynamic_task_mapping.py
[2026-02-06T09:31:30.990+0200] {processor.py:830} INFO - Processing file /home/pazzoti/de-upskilling/airflow-flight-price-analysis/venv/lib/python3.10/site-packages/airflow/example_dags/example_dynamic_task_mapping.py for tasks to queue
[2026-02-06T09:31:30.991+0200] {logging_mixin.py:188} INFO - [2026-02-06T09:31:30.991+0200] {dagbag.py:538} INFO - Filling up the DagBag from /home/pazzoti/de-upskilling/airflow-flight-price-analysis/venv/lib/python3.10/site-packages/airflow/example_dags/example_dynamic_task_mapping.py
[2026-02-06T09:31:30.997+0200] {processor.py:840} INFO - DAG(s) 'example_dynamic_task_mapping' retrieved from /home/pazzoti/de-upskilling/airflow-flight-price-analysis/venv/lib/python3.10/site-packages/airflow/example_dags/example_dynamic_task_mapping.py
[2026-02-06T09:31:31.006+0200] {logging_mixin.py:188} INFO - [2026-02-06T09:31:31.006+0200] {dag.py:3036} INFO - Sync 1 DAGs
[2026-02-06T09:31:31.017+0200] {logging_mixin.py:188} INFO - [2026-02-06T09:31:31.017+0200] {dag.py:3823} INFO - Setting next_dagrun for example_dynamic_task_mapping to 2022-03-04 00:00:00+00:00, run_after=2022-03-05 00:00:00+00:00
[2026-02-06T09:31:31.034+0200] {processor.py:183} INFO - Processing /home/pazzoti/de-upskilling/airflow-flight-price-analysis/venv/lib/python3.10/site-packages/airflow/example_dags/example_dynamic_task_mapping.py took 0.054 seconds
[2026-02-06T09:32:26.024+0200] {processor.py:161} INFO - Started process (PID=10229) to work on /home/pazzoti/de-upskilling/airflow-flight-price-analysis/venv/lib/python3.10/site-packages/airflow/example_dags/example_dynamic_task_mapping.py
[2026-02-06T09:32:26.026+0200] {processor.py:830} INFO - Processing file /home/pazzoti/de-upskilling/airflow-flight-price-analysis/venv/lib/python3.10/site-packages/airflow/example_dags/example_dynamic_task_mapping.py for tasks to queue
[2026-02-06T09:32:26.026+0200] {logging_mixin.py:188} INFO - [2026-02-06T09:32:26.026+0200] {dagbag.py:538} INFO - Filling up the DagBag from /home/pazzoti/de-upskilling/airflow-flight-price-analysis/venv/lib/python3.10/site-packages/airflow/example_dags/example_dynamic_task_mapping.py
[2026-02-06T09:32:26.032+0200] {processor.py:840} INFO - DAG(s) 'example_dynamic_task_mapping' retrieved from /home/pazzoti/de-upskilling/airflow-flight-price-analysis/venv/lib/python3.10/site-packages/airflow/example_dags/example_dynamic_task_mapping.py
[2026-02-06T09:32:26.042+0200] {logging_mixin.py:188} INFO - [2026-02-06T09:32:26.042+0200] {dag.py:3036} INFO - Sync 1 DAGs
[2026-02-06T09:32:26.054+0200] {logging_mixin.py:188} INFO - [2026-02-06T09:32:26.054+0200] {dag.py:3823} INFO - Setting next_dagrun for example_dynamic_task_mapping to 2022-03-04 00:00:00+00:00, run_after=2022-03-05 00:00:00+00:00
[2026-02-06T09:32:26.069+0200] {processor.py:183} INFO - Processing /home/pazzoti/de-upskilling/airflow-flight-price-analysis/venv/lib/python3.10/site-packages/airflow/example_dags/example_dynamic_task_mapping.py took 0.048 seconds
[2026-02-06T09:33:27.990+0200] {processor.py:161} INFO - Started process (PID=10333) to work on /home/pazzoti/de-upskilling/airflow-flight-price-analysis/venv/lib/python3.10/site-packages/airflow/example_dags/example_dynamic_task_mapping.py
[2026-02-06T09:33:27.993+0200] {processor.py:830} INFO - Processing file /home/pazzoti/de-upskilling/airflow-flight-price-analysis/venv/lib/python3.10/site-packages/airflow/example_dags/example_dynamic_task_mapping.py for tasks to queue
[2026-02-06T09:33:27.995+0200] {logging_mixin.py:188} INFO - [2026-02-06T09:33:27.994+0200] {dagbag.py:538} INFO - Filling up the DagBag from /home/pazzoti/de-upskilling/airflow-flight-price-analysis/venv/lib/python3.10/site-packages/airflow/example_dags/example_dynamic_task_mapping.py
[2026-02-06T09:33:28.017+0200] {processor.py:840} INFO - DAG(s) 'example_dynamic_task_mapping' retrieved from /home/pazzoti/de-upskilling/airflow-flight-price-analysis/venv/lib/python3.10/site-packages/airflow/example_dags/example_dynamic_task_mapping.py
[2026-02-06T09:33:28.038+0200] {logging_mixin.py:188} INFO - [2026-02-06T09:33:28.038+0200] {dag.py:3036} INFO - Sync 1 DAGs
[2026-02-06T09:33:28.059+0200] {logging_mixin.py:188} INFO - [2026-02-06T09:33:28.058+0200] {dag.py:3823} INFO - Setting next_dagrun for example_dynamic_task_mapping to 2022-03-04 00:00:00+00:00, run_after=2022-03-05 00:00:00+00:00
[2026-02-06T09:33:28.091+0200] {processor.py:183} INFO - Processing /home/pazzoti/de-upskilling/airflow-flight-price-analysis/venv/lib/python3.10/site-packages/airflow/example_dags/example_dynamic_task_mapping.py took 0.105 seconds
[2026-02-06T09:34:19.198+0200] {processor.py:161} INFO - Started process (PID=10425) to work on /home/pazzoti/de-upskilling/airflow-flight-price-analysis/venv/lib/python3.10/site-packages/airflow/example_dags/example_dynamic_task_mapping.py
[2026-02-06T09:34:19.199+0200] {processor.py:830} INFO - Processing file /home/pazzoti/de-upskilling/airflow-flight-price-analysis/venv/lib/python3.10/site-packages/airflow/example_dags/example_dynamic_task_mapping.py for tasks to queue
[2026-02-06T09:34:19.200+0200] {logging_mixin.py:188} INFO - [2026-02-06T09:34:19.200+0200] {dagbag.py:538} INFO - Filling up the DagBag from /home/pazzoti/de-upskilling/airflow-flight-price-analysis/venv/lib/python3.10/site-packages/airflow/example_dags/example_dynamic_task_mapping.py
[2026-02-06T09:34:19.205+0200] {processor.py:840} INFO - DAG(s) 'example_dynamic_task_mapping' retrieved from /home/pazzoti/de-upskilling/airflow-flight-price-analysis/venv/lib/python3.10/site-packages/airflow/example_dags/example_dynamic_task_mapping.py
[2026-02-06T09:34:19.214+0200] {logging_mixin.py:188} INFO - [2026-02-06T09:34:19.214+0200] {dag.py:3036} INFO - Sync 1 DAGs
[2026-02-06T09:34:19.225+0200] {logging_mixin.py:188} INFO - [2026-02-06T09:34:19.225+0200] {dag.py:3823} INFO - Setting next_dagrun for example_dynamic_task_mapping to 2022-03-04 00:00:00+00:00, run_after=2022-03-05 00:00:00+00:00
[2026-02-06T09:34:19.242+0200] {processor.py:183} INFO - Processing /home/pazzoti/de-upskilling/airflow-flight-price-analysis/venv/lib/python3.10/site-packages/airflow/example_dags/example_dynamic_task_mapping.py took 0.046 seconds
