[2026-02-06T09:01:04.413+0200] {processor.py:161} INFO - Started process (PID=4066) to work on /home/pazzoti/de-upskilling/airflow-flight-price-analysis/venv/lib/python3.10/site-packages/airflow/example_dags/example_latest_only.py
[2026-02-06T09:01:04.413+0200] {processor.py:830} INFO - Processing file /home/pazzoti/de-upskilling/airflow-flight-price-analysis/venv/lib/python3.10/site-packages/airflow/example_dags/example_latest_only.py for tasks to queue
[2026-02-06T09:01:04.414+0200] {logging_mixin.py:188} INFO - [2026-02-06T09:01:04.414+0200] {dagbag.py:538} INFO - Filling up the DagBag from /home/pazzoti/de-upskilling/airflow-flight-price-analysis/venv/lib/python3.10/site-packages/airflow/example_dags/example_latest_only.py
[2026-02-06T09:01:04.422+0200] {processor.py:840} INFO - DAG(s) 'latest_only' retrieved from /home/pazzoti/de-upskilling/airflow-flight-price-analysis/venv/lib/python3.10/site-packages/airflow/example_dags/example_latest_only.py
[2026-02-06T09:01:04.510+0200] {logging_mixin.py:188} INFO - [2026-02-06T09:01:04.509+0200] {dag.py:3036} INFO - Sync 1 DAGs
[2026-02-06T09:01:04.521+0200] {logging_mixin.py:188} INFO - [2026-02-06T09:01:04.520+0200] {dag.py:3823} INFO - Setting next_dagrun for latest_only to 2026-02-06 00:00:00+00:00, run_after=2026-02-06 04:00:00+00:00
[2026-02-06T09:01:04.541+0200] {processor.py:183} INFO - Processing /home/pazzoti/de-upskilling/airflow-flight-price-analysis/venv/lib/python3.10/site-packages/airflow/example_dags/example_latest_only.py took 0.130 seconds
[2026-02-06T09:01:57.168+0200] {processor.py:161} INFO - Started process (PID=4611) to work on /home/pazzoti/de-upskilling/airflow-flight-price-analysis/venv/lib/python3.10/site-packages/airflow/example_dags/example_latest_only.py
[2026-02-06T09:01:57.170+0200] {processor.py:830} INFO - Processing file /home/pazzoti/de-upskilling/airflow-flight-price-analysis/venv/lib/python3.10/site-packages/airflow/example_dags/example_latest_only.py for tasks to queue
[2026-02-06T09:01:57.171+0200] {logging_mixin.py:188} INFO - [2026-02-06T09:01:57.170+0200] {dagbag.py:538} INFO - Filling up the DagBag from /home/pazzoti/de-upskilling/airflow-flight-price-analysis/venv/lib/python3.10/site-packages/airflow/example_dags/example_latest_only.py
[2026-02-06T09:01:57.176+0200] {processor.py:840} INFO - DAG(s) 'latest_only' retrieved from /home/pazzoti/de-upskilling/airflow-flight-price-analysis/venv/lib/python3.10/site-packages/airflow/example_dags/example_latest_only.py
[2026-02-06T09:01:57.186+0200] {logging_mixin.py:188} INFO - [2026-02-06T09:01:57.185+0200] {dag.py:3036} INFO - Sync 1 DAGs
[2026-02-06T09:01:57.197+0200] {logging_mixin.py:188} INFO - [2026-02-06T09:01:57.197+0200] {dag.py:3823} INFO - Setting next_dagrun for latest_only to 2026-02-06 00:00:00+00:00, run_after=2026-02-06 04:00:00+00:00
[2026-02-06T09:01:57.214+0200] {processor.py:183} INFO - Processing /home/pazzoti/de-upskilling/airflow-flight-price-analysis/venv/lib/python3.10/site-packages/airflow/example_dags/example_latest_only.py took 0.049 seconds
[2026-02-06T09:02:35.941+0200] {processor.py:161} INFO - Started process (PID=4915) to work on /home/pazzoti/de-upskilling/airflow-flight-price-analysis/venv/lib/python3.10/site-packages/airflow/example_dags/example_latest_only.py
[2026-02-06T09:02:35.943+0200] {processor.py:830} INFO - Processing file /home/pazzoti/de-upskilling/airflow-flight-price-analysis/venv/lib/python3.10/site-packages/airflow/example_dags/example_latest_only.py for tasks to queue
[2026-02-06T09:02:35.943+0200] {logging_mixin.py:188} INFO - [2026-02-06T09:02:35.943+0200] {dagbag.py:538} INFO - Filling up the DagBag from /home/pazzoti/de-upskilling/airflow-flight-price-analysis/venv/lib/python3.10/site-packages/airflow/example_dags/example_latest_only.py
[2026-02-06T09:02:35.947+0200] {processor.py:840} INFO - DAG(s) 'latest_only' retrieved from /home/pazzoti/de-upskilling/airflow-flight-price-analysis/venv/lib/python3.10/site-packages/airflow/example_dags/example_latest_only.py
[2026-02-06T09:02:35.958+0200] {logging_mixin.py:188} INFO - [2026-02-06T09:02:35.958+0200] {dag.py:3036} INFO - Sync 1 DAGs
[2026-02-06T09:02:35.969+0200] {logging_mixin.py:188} INFO - [2026-02-06T09:02:35.969+0200] {dag.py:3823} INFO - Setting next_dagrun for latest_only to 2026-02-06 00:00:00+00:00, run_after=2026-02-06 04:00:00+00:00
[2026-02-06T09:02:35.984+0200] {processor.py:183} INFO - Processing /home/pazzoti/de-upskilling/airflow-flight-price-analysis/venv/lib/python3.10/site-packages/airflow/example_dags/example_latest_only.py took 0.044 seconds
[2026-02-06T09:03:24.603+0200] {processor.py:161} INFO - Started process (PID=5129) to work on /home/pazzoti/de-upskilling/airflow-flight-price-analysis/venv/lib/python3.10/site-packages/airflow/example_dags/example_latest_only.py
[2026-02-06T09:03:24.604+0200] {processor.py:830} INFO - Processing file /home/pazzoti/de-upskilling/airflow-flight-price-analysis/venv/lib/python3.10/site-packages/airflow/example_dags/example_latest_only.py for tasks to queue
[2026-02-06T09:03:24.605+0200] {logging_mixin.py:188} INFO - [2026-02-06T09:03:24.605+0200] {dagbag.py:538} INFO - Filling up the DagBag from /home/pazzoti/de-upskilling/airflow-flight-price-analysis/venv/lib/python3.10/site-packages/airflow/example_dags/example_latest_only.py
[2026-02-06T09:03:24.609+0200] {processor.py:840} INFO - DAG(s) 'latest_only' retrieved from /home/pazzoti/de-upskilling/airflow-flight-price-analysis/venv/lib/python3.10/site-packages/airflow/example_dags/example_latest_only.py
[2026-02-06T09:03:24.619+0200] {logging_mixin.py:188} INFO - [2026-02-06T09:03:24.619+0200] {dag.py:3036} INFO - Sync 1 DAGs
[2026-02-06T09:03:24.629+0200] {logging_mixin.py:188} INFO - [2026-02-06T09:03:24.629+0200] {dag.py:3823} INFO - Setting next_dagrun for latest_only to 2026-02-06 00:00:00+00:00, run_after=2026-02-06 04:00:00+00:00
[2026-02-06T09:03:24.645+0200] {processor.py:183} INFO - Processing /home/pazzoti/de-upskilling/airflow-flight-price-analysis/venv/lib/python3.10/site-packages/airflow/example_dags/example_latest_only.py took 0.044 seconds
[2026-02-06T09:03:59.971+0200] {processor.py:161} INFO - Started process (PID=5303) to work on /home/pazzoti/de-upskilling/airflow-flight-price-analysis/venv/lib/python3.10/site-packages/airflow/example_dags/example_latest_only.py
[2026-02-06T09:03:59.976+0200] {processor.py:830} INFO - Processing file /home/pazzoti/de-upskilling/airflow-flight-price-analysis/venv/lib/python3.10/site-packages/airflow/example_dags/example_latest_only.py for tasks to queue
[2026-02-06T09:03:59.977+0200] {logging_mixin.py:188} INFO - [2026-02-06T09:03:59.977+0200] {dagbag.py:538} INFO - Filling up the DagBag from /home/pazzoti/de-upskilling/airflow-flight-price-analysis/venv/lib/python3.10/site-packages/airflow/example_dags/example_latest_only.py
[2026-02-06T09:03:59.982+0200] {processor.py:840} INFO - DAG(s) 'latest_only' retrieved from /home/pazzoti/de-upskilling/airflow-flight-price-analysis/venv/lib/python3.10/site-packages/airflow/example_dags/example_latest_only.py
[2026-02-06T09:03:59.995+0200] {logging_mixin.py:188} INFO - [2026-02-06T09:03:59.994+0200] {dag.py:3036} INFO - Sync 1 DAGs
[2026-02-06T09:04:00.006+0200] {logging_mixin.py:188} INFO - [2026-02-06T09:04:00.005+0200] {dag.py:3823} INFO - Setting next_dagrun for latest_only to 2026-02-06 00:00:00+00:00, run_after=2026-02-06 04:00:00+00:00
[2026-02-06T09:04:00.031+0200] {processor.py:183} INFO - Processing /home/pazzoti/de-upskilling/airflow-flight-price-analysis/venv/lib/python3.10/site-packages/airflow/example_dags/example_latest_only.py took 0.062 seconds
[2026-02-06T09:04:36.780+0200] {processor.py:161} INFO - Started process (PID=5474) to work on /home/pazzoti/de-upskilling/airflow-flight-price-analysis/venv/lib/python3.10/site-packages/airflow/example_dags/example_latest_only.py
[2026-02-06T09:04:36.782+0200] {processor.py:830} INFO - Processing file /home/pazzoti/de-upskilling/airflow-flight-price-analysis/venv/lib/python3.10/site-packages/airflow/example_dags/example_latest_only.py for tasks to queue
[2026-02-06T09:04:36.783+0200] {logging_mixin.py:188} INFO - [2026-02-06T09:04:36.782+0200] {dagbag.py:538} INFO - Filling up the DagBag from /home/pazzoti/de-upskilling/airflow-flight-price-analysis/venv/lib/python3.10/site-packages/airflow/example_dags/example_latest_only.py
[2026-02-06T09:04:36.786+0200] {processor.py:840} INFO - DAG(s) 'latest_only' retrieved from /home/pazzoti/de-upskilling/airflow-flight-price-analysis/venv/lib/python3.10/site-packages/airflow/example_dags/example_latest_only.py
[2026-02-06T09:04:36.801+0200] {logging_mixin.py:188} INFO - [2026-02-06T09:04:36.801+0200] {dag.py:3036} INFO - Sync 1 DAGs
[2026-02-06T09:04:36.814+0200] {logging_mixin.py:188} INFO - [2026-02-06T09:04:36.814+0200] {dag.py:3823} INFO - Setting next_dagrun for latest_only to 2026-02-06 00:00:00+00:00, run_after=2026-02-06 04:00:00+00:00
[2026-02-06T09:04:36.832+0200] {processor.py:183} INFO - Processing /home/pazzoti/de-upskilling/airflow-flight-price-analysis/venv/lib/python3.10/site-packages/airflow/example_dags/example_latest_only.py took 0.054 seconds
[2026-02-06T09:05:13.996+0200] {processor.py:161} INFO - Started process (PID=5670) to work on /home/pazzoti/de-upskilling/airflow-flight-price-analysis/venv/lib/python3.10/site-packages/airflow/example_dags/example_latest_only.py
[2026-02-06T09:05:14.000+0200] {processor.py:830} INFO - Processing file /home/pazzoti/de-upskilling/airflow-flight-price-analysis/venv/lib/python3.10/site-packages/airflow/example_dags/example_latest_only.py for tasks to queue
[2026-02-06T09:05:14.001+0200] {logging_mixin.py:188} INFO - [2026-02-06T09:05:14.001+0200] {dagbag.py:538} INFO - Filling up the DagBag from /home/pazzoti/de-upskilling/airflow-flight-price-analysis/venv/lib/python3.10/site-packages/airflow/example_dags/example_latest_only.py
[2026-02-06T09:05:14.006+0200] {processor.py:840} INFO - DAG(s) 'latest_only' retrieved from /home/pazzoti/de-upskilling/airflow-flight-price-analysis/venv/lib/python3.10/site-packages/airflow/example_dags/example_latest_only.py
[2026-02-06T09:05:14.021+0200] {logging_mixin.py:188} INFO - [2026-02-06T09:05:14.021+0200] {dag.py:3036} INFO - Sync 1 DAGs
[2026-02-06T09:05:14.033+0200] {logging_mixin.py:188} INFO - [2026-02-06T09:05:14.033+0200] {dag.py:3823} INFO - Setting next_dagrun for latest_only to 2026-02-06 00:00:00+00:00, run_after=2026-02-06 04:00:00+00:00
[2026-02-06T09:05:14.057+0200] {processor.py:183} INFO - Processing /home/pazzoti/de-upskilling/airflow-flight-price-analysis/venv/lib/python3.10/site-packages/airflow/example_dags/example_latest_only.py took 0.064 seconds
[2026-02-06T09:05:51.960+0200] {processor.py:161} INFO - Started process (PID=5846) to work on /home/pazzoti/de-upskilling/airflow-flight-price-analysis/venv/lib/python3.10/site-packages/airflow/example_dags/example_latest_only.py
[2026-02-06T09:05:51.968+0200] {processor.py:830} INFO - Processing file /home/pazzoti/de-upskilling/airflow-flight-price-analysis/venv/lib/python3.10/site-packages/airflow/example_dags/example_latest_only.py for tasks to queue
[2026-02-06T09:05:51.968+0200] {logging_mixin.py:188} INFO - [2026-02-06T09:05:51.968+0200] {dagbag.py:538} INFO - Filling up the DagBag from /home/pazzoti/de-upskilling/airflow-flight-price-analysis/venv/lib/python3.10/site-packages/airflow/example_dags/example_latest_only.py
[2026-02-06T09:05:51.972+0200] {processor.py:840} INFO - DAG(s) 'latest_only' retrieved from /home/pazzoti/de-upskilling/airflow-flight-price-analysis/venv/lib/python3.10/site-packages/airflow/example_dags/example_latest_only.py
[2026-02-06T09:05:51.981+0200] {logging_mixin.py:188} INFO - [2026-02-06T09:05:51.981+0200] {dag.py:3036} INFO - Sync 1 DAGs
[2026-02-06T09:05:51.993+0200] {logging_mixin.py:188} INFO - [2026-02-06T09:05:51.993+0200] {dag.py:3823} INFO - Setting next_dagrun for latest_only to 2026-02-06 00:00:00+00:00, run_after=2026-02-06 04:00:00+00:00
[2026-02-06T09:05:52.012+0200] {processor.py:183} INFO - Processing /home/pazzoti/de-upskilling/airflow-flight-price-analysis/venv/lib/python3.10/site-packages/airflow/example_dags/example_latest_only.py took 0.054 seconds
[2026-02-06T09:06:27.211+0200] {processor.py:161} INFO - Started process (PID=6036) to work on /home/pazzoti/de-upskilling/airflow-flight-price-analysis/venv/lib/python3.10/site-packages/airflow/example_dags/example_latest_only.py
[2026-02-06T09:06:27.215+0200] {processor.py:830} INFO - Processing file /home/pazzoti/de-upskilling/airflow-flight-price-analysis/venv/lib/python3.10/site-packages/airflow/example_dags/example_latest_only.py for tasks to queue
[2026-02-06T09:06:27.216+0200] {logging_mixin.py:188} INFO - [2026-02-06T09:06:27.216+0200] {dagbag.py:538} INFO - Filling up the DagBag from /home/pazzoti/de-upskilling/airflow-flight-price-analysis/venv/lib/python3.10/site-packages/airflow/example_dags/example_latest_only.py
[2026-02-06T09:06:27.220+0200] {processor.py:840} INFO - DAG(s) 'latest_only' retrieved from /home/pazzoti/de-upskilling/airflow-flight-price-analysis/venv/lib/python3.10/site-packages/airflow/example_dags/example_latest_only.py
[2026-02-06T09:06:27.230+0200] {logging_mixin.py:188} INFO - [2026-02-06T09:06:27.230+0200] {dag.py:3036} INFO - Sync 1 DAGs
[2026-02-06T09:06:27.242+0200] {logging_mixin.py:188} INFO - [2026-02-06T09:06:27.241+0200] {dag.py:3823} INFO - Setting next_dagrun for latest_only to 2026-02-06 00:00:00+00:00, run_after=2026-02-06 04:00:00+00:00
[2026-02-06T09:06:27.258+0200] {processor.py:183} INFO - Processing /home/pazzoti/de-upskilling/airflow-flight-price-analysis/venv/lib/python3.10/site-packages/airflow/example_dags/example_latest_only.py took 0.050 seconds
[2026-02-06T09:07:04.149+0200] {processor.py:161} INFO - Started process (PID=6264) to work on /home/pazzoti/de-upskilling/airflow-flight-price-analysis/venv/lib/python3.10/site-packages/airflow/example_dags/example_latest_only.py
[2026-02-06T09:07:04.151+0200] {processor.py:830} INFO - Processing file /home/pazzoti/de-upskilling/airflow-flight-price-analysis/venv/lib/python3.10/site-packages/airflow/example_dags/example_latest_only.py for tasks to queue
[2026-02-06T09:07:04.152+0200] {logging_mixin.py:188} INFO - [2026-02-06T09:07:04.151+0200] {dagbag.py:538} INFO - Filling up the DagBag from /home/pazzoti/de-upskilling/airflow-flight-price-analysis/venv/lib/python3.10/site-packages/airflow/example_dags/example_latest_only.py
[2026-02-06T09:07:04.155+0200] {processor.py:840} INFO - DAG(s) 'latest_only' retrieved from /home/pazzoti/de-upskilling/airflow-flight-price-analysis/venv/lib/python3.10/site-packages/airflow/example_dags/example_latest_only.py
[2026-02-06T09:07:04.170+0200] {logging_mixin.py:188} INFO - [2026-02-06T09:07:04.169+0200] {dag.py:3036} INFO - Sync 1 DAGs
[2026-02-06T09:07:04.189+0200] {logging_mixin.py:188} INFO - [2026-02-06T09:07:04.189+0200] {dag.py:3823} INFO - Setting next_dagrun for latest_only to 2026-02-06 00:00:00+00:00, run_after=2026-02-06 04:00:00+00:00
[2026-02-06T09:07:04.207+0200] {processor.py:183} INFO - Processing /home/pazzoti/de-upskilling/airflow-flight-price-analysis/venv/lib/python3.10/site-packages/airflow/example_dags/example_latest_only.py took 0.060 seconds
[2026-02-06T09:07:40.142+0200] {processor.py:161} INFO - Started process (PID=6437) to work on /home/pazzoti/de-upskilling/airflow-flight-price-analysis/venv/lib/python3.10/site-packages/airflow/example_dags/example_latest_only.py
[2026-02-06T09:07:40.144+0200] {processor.py:830} INFO - Processing file /home/pazzoti/de-upskilling/airflow-flight-price-analysis/venv/lib/python3.10/site-packages/airflow/example_dags/example_latest_only.py for tasks to queue
[2026-02-06T09:07:40.144+0200] {logging_mixin.py:188} INFO - [2026-02-06T09:07:40.144+0200] {dagbag.py:538} INFO - Filling up the DagBag from /home/pazzoti/de-upskilling/airflow-flight-price-analysis/venv/lib/python3.10/site-packages/airflow/example_dags/example_latest_only.py
[2026-02-06T09:07:40.149+0200] {processor.py:840} INFO - DAG(s) 'latest_only' retrieved from /home/pazzoti/de-upskilling/airflow-flight-price-analysis/venv/lib/python3.10/site-packages/airflow/example_dags/example_latest_only.py
[2026-02-06T09:07:40.160+0200] {logging_mixin.py:188} INFO - [2026-02-06T09:07:40.159+0200] {dag.py:3036} INFO - Sync 1 DAGs
[2026-02-06T09:07:40.170+0200] {logging_mixin.py:188} INFO - [2026-02-06T09:07:40.170+0200] {dag.py:3823} INFO - Setting next_dagrun for latest_only to 2026-02-06 00:00:00+00:00, run_after=2026-02-06 04:00:00+00:00
[2026-02-06T09:07:40.186+0200] {processor.py:183} INFO - Processing /home/pazzoti/de-upskilling/airflow-flight-price-analysis/venv/lib/python3.10/site-packages/airflow/example_dags/example_latest_only.py took 0.046 seconds
[2026-02-06T09:08:17.278+0200] {processor.py:161} INFO - Started process (PID=6609) to work on /home/pazzoti/de-upskilling/airflow-flight-price-analysis/venv/lib/python3.10/site-packages/airflow/example_dags/example_latest_only.py
[2026-02-06T09:08:17.280+0200] {processor.py:830} INFO - Processing file /home/pazzoti/de-upskilling/airflow-flight-price-analysis/venv/lib/python3.10/site-packages/airflow/example_dags/example_latest_only.py for tasks to queue
[2026-02-06T09:08:17.280+0200] {logging_mixin.py:188} INFO - [2026-02-06T09:08:17.280+0200] {dagbag.py:538} INFO - Filling up the DagBag from /home/pazzoti/de-upskilling/airflow-flight-price-analysis/venv/lib/python3.10/site-packages/airflow/example_dags/example_latest_only.py
[2026-02-06T09:08:17.284+0200] {processor.py:840} INFO - DAG(s) 'latest_only' retrieved from /home/pazzoti/de-upskilling/airflow-flight-price-analysis/venv/lib/python3.10/site-packages/airflow/example_dags/example_latest_only.py
[2026-02-06T09:08:17.295+0200] {logging_mixin.py:188} INFO - [2026-02-06T09:08:17.295+0200] {dag.py:3036} INFO - Sync 1 DAGs
[2026-02-06T09:08:17.307+0200] {logging_mixin.py:188} INFO - [2026-02-06T09:08:17.307+0200] {dag.py:3823} INFO - Setting next_dagrun for latest_only to 2026-02-06 00:00:00+00:00, run_after=2026-02-06 04:00:00+00:00
[2026-02-06T09:08:17.327+0200] {processor.py:183} INFO - Processing /home/pazzoti/de-upskilling/airflow-flight-price-analysis/venv/lib/python3.10/site-packages/airflow/example_dags/example_latest_only.py took 0.050 seconds
[2026-02-06T09:08:53.382+0200] {processor.py:161} INFO - Started process (PID=6768) to work on /home/pazzoti/de-upskilling/airflow-flight-price-analysis/venv/lib/python3.10/site-packages/airflow/example_dags/example_latest_only.py
[2026-02-06T09:08:53.383+0200] {processor.py:830} INFO - Processing file /home/pazzoti/de-upskilling/airflow-flight-price-analysis/venv/lib/python3.10/site-packages/airflow/example_dags/example_latest_only.py for tasks to queue
[2026-02-06T09:08:53.384+0200] {logging_mixin.py:188} INFO - [2026-02-06T09:08:53.384+0200] {dagbag.py:538} INFO - Filling up the DagBag from /home/pazzoti/de-upskilling/airflow-flight-price-analysis/venv/lib/python3.10/site-packages/airflow/example_dags/example_latest_only.py
[2026-02-06T09:08:53.388+0200] {processor.py:840} INFO - DAG(s) 'latest_only' retrieved from /home/pazzoti/de-upskilling/airflow-flight-price-analysis/venv/lib/python3.10/site-packages/airflow/example_dags/example_latest_only.py
[2026-02-06T09:08:53.399+0200] {logging_mixin.py:188} INFO - [2026-02-06T09:08:53.399+0200] {dag.py:3036} INFO - Sync 1 DAGs
[2026-02-06T09:08:53.411+0200] {logging_mixin.py:188} INFO - [2026-02-06T09:08:53.411+0200] {dag.py:3823} INFO - Setting next_dagrun for latest_only to 2026-02-06 00:00:00+00:00, run_after=2026-02-06 04:00:00+00:00
[2026-02-06T09:08:53.428+0200] {processor.py:183} INFO - Processing /home/pazzoti/de-upskilling/airflow-flight-price-analysis/venv/lib/python3.10/site-packages/airflow/example_dags/example_latest_only.py took 0.048 seconds
[2026-02-06T09:09:31.969+0200] {processor.py:161} INFO - Started process (PID=6947) to work on /home/pazzoti/de-upskilling/airflow-flight-price-analysis/venv/lib/python3.10/site-packages/airflow/example_dags/example_latest_only.py
[2026-02-06T09:09:31.972+0200] {processor.py:830} INFO - Processing file /home/pazzoti/de-upskilling/airflow-flight-price-analysis/venv/lib/python3.10/site-packages/airflow/example_dags/example_latest_only.py for tasks to queue
[2026-02-06T09:09:31.973+0200] {logging_mixin.py:188} INFO - [2026-02-06T09:09:31.973+0200] {dagbag.py:538} INFO - Filling up the DagBag from /home/pazzoti/de-upskilling/airflow-flight-price-analysis/venv/lib/python3.10/site-packages/airflow/example_dags/example_latest_only.py
[2026-02-06T09:09:31.981+0200] {processor.py:840} INFO - DAG(s) 'latest_only' retrieved from /home/pazzoti/de-upskilling/airflow-flight-price-analysis/venv/lib/python3.10/site-packages/airflow/example_dags/example_latest_only.py
[2026-02-06T09:09:31.996+0200] {logging_mixin.py:188} INFO - [2026-02-06T09:09:31.995+0200] {dag.py:3036} INFO - Sync 1 DAGs
[2026-02-06T09:09:32.014+0200] {logging_mixin.py:188} INFO - [2026-02-06T09:09:32.014+0200] {dag.py:3823} INFO - Setting next_dagrun for latest_only to 2026-02-06 00:00:00+00:00, run_after=2026-02-06 04:00:00+00:00
[2026-02-06T09:09:32.042+0200] {processor.py:183} INFO - Processing /home/pazzoti/de-upskilling/airflow-flight-price-analysis/venv/lib/python3.10/site-packages/airflow/example_dags/example_latest_only.py took 0.077 seconds
[2026-02-06T09:10:53.492+0200] {processor.py:161} INFO - Started process (PID=7495) to work on /home/pazzoti/de-upskilling/airflow-flight-price-analysis/venv/lib/python3.10/site-packages/airflow/example_dags/example_latest_only.py
[2026-02-06T09:10:53.496+0200] {processor.py:830} INFO - Processing file /home/pazzoti/de-upskilling/airflow-flight-price-analysis/venv/lib/python3.10/site-packages/airflow/example_dags/example_latest_only.py for tasks to queue
[2026-02-06T09:10:53.499+0200] {logging_mixin.py:188} INFO - [2026-02-06T09:10:53.498+0200] {dagbag.py:538} INFO - Filling up the DagBag from /home/pazzoti/de-upskilling/airflow-flight-price-analysis/venv/lib/python3.10/site-packages/airflow/example_dags/example_latest_only.py
[2026-02-06T09:10:53.530+0200] {processor.py:840} INFO - DAG(s) 'latest_only' retrieved from /home/pazzoti/de-upskilling/airflow-flight-price-analysis/venv/lib/python3.10/site-packages/airflow/example_dags/example_latest_only.py
[2026-02-06T09:10:53.828+0200] {logging_mixin.py:188} INFO - [2026-02-06T09:10:53.827+0200] {dag.py:3036} INFO - Sync 1 DAGs
[2026-02-06T09:10:53.856+0200] {logging_mixin.py:188} INFO - [2026-02-06T09:10:53.855+0200] {dag.py:3823} INFO - Setting next_dagrun for latest_only to 2026-02-06 00:00:00+00:00, run_after=2026-02-06 04:00:00+00:00
[2026-02-06T09:10:53.937+0200] {processor.py:183} INFO - Processing /home/pazzoti/de-upskilling/airflow-flight-price-analysis/venv/lib/python3.10/site-packages/airflow/example_dags/example_latest_only.py took 0.458 seconds
[2026-02-06T09:12:03.179+0200] {processor.py:161} INFO - Started process (PID=8196) to work on /home/pazzoti/de-upskilling/airflow-flight-price-analysis/venv/lib/python3.10/site-packages/airflow/example_dags/example_latest_only.py
[2026-02-06T09:12:03.181+0200] {processor.py:830} INFO - Processing file /home/pazzoti/de-upskilling/airflow-flight-price-analysis/venv/lib/python3.10/site-packages/airflow/example_dags/example_latest_only.py for tasks to queue
[2026-02-06T09:12:03.182+0200] {logging_mixin.py:188} INFO - [2026-02-06T09:12:03.181+0200] {dagbag.py:538} INFO - Filling up the DagBag from /home/pazzoti/de-upskilling/airflow-flight-price-analysis/venv/lib/python3.10/site-packages/airflow/example_dags/example_latest_only.py
[2026-02-06T09:12:03.187+0200] {processor.py:840} INFO - DAG(s) 'latest_only' retrieved from /home/pazzoti/de-upskilling/airflow-flight-price-analysis/venv/lib/python3.10/site-packages/airflow/example_dags/example_latest_only.py
[2026-02-06T09:12:03.199+0200] {logging_mixin.py:188} INFO - [2026-02-06T09:12:03.199+0200] {dag.py:3036} INFO - Sync 1 DAGs
[2026-02-06T09:12:03.215+0200] {logging_mixin.py:188} INFO - [2026-02-06T09:12:03.214+0200] {dag.py:3823} INFO - Setting next_dagrun for latest_only to 2026-02-06 00:00:00+00:00, run_after=2026-02-06 04:00:00+00:00
[2026-02-06T09:12:03.236+0200] {processor.py:183} INFO - Processing /home/pazzoti/de-upskilling/airflow-flight-price-analysis/venv/lib/python3.10/site-packages/airflow/example_dags/example_latest_only.py took 0.059 seconds
[2026-02-06T09:12:50.060+0200] {processor.py:161} INFO - Started process (PID=8410) to work on /home/pazzoti/de-upskilling/airflow-flight-price-analysis/venv/lib/python3.10/site-packages/airflow/example_dags/example_latest_only.py
[2026-02-06T09:12:50.061+0200] {processor.py:830} INFO - Processing file /home/pazzoti/de-upskilling/airflow-flight-price-analysis/venv/lib/python3.10/site-packages/airflow/example_dags/example_latest_only.py for tasks to queue
[2026-02-06T09:12:50.062+0200] {logging_mixin.py:188} INFO - [2026-02-06T09:12:50.062+0200] {dagbag.py:538} INFO - Filling up the DagBag from /home/pazzoti/de-upskilling/airflow-flight-price-analysis/venv/lib/python3.10/site-packages/airflow/example_dags/example_latest_only.py
[2026-02-06T09:12:50.066+0200] {processor.py:840} INFO - DAG(s) 'latest_only' retrieved from /home/pazzoti/de-upskilling/airflow-flight-price-analysis/venv/lib/python3.10/site-packages/airflow/example_dags/example_latest_only.py
[2026-02-06T09:12:50.080+0200] {logging_mixin.py:188} INFO - [2026-02-06T09:12:50.079+0200] {dag.py:3036} INFO - Sync 1 DAGs
[2026-02-06T09:12:50.095+0200] {logging_mixin.py:188} INFO - [2026-02-06T09:12:50.095+0200] {dag.py:3823} INFO - Setting next_dagrun for latest_only to 2026-02-06 00:00:00+00:00, run_after=2026-02-06 04:00:00+00:00
[2026-02-06T09:12:50.113+0200] {processor.py:183} INFO - Processing /home/pazzoti/de-upskilling/airflow-flight-price-analysis/venv/lib/python3.10/site-packages/airflow/example_dags/example_latest_only.py took 0.055 seconds
[2026-02-06T09:13:27.288+0200] {processor.py:161} INFO - Started process (PID=8576) to work on /home/pazzoti/de-upskilling/airflow-flight-price-analysis/venv/lib/python3.10/site-packages/airflow/example_dags/example_latest_only.py
[2026-02-06T09:13:27.290+0200] {processor.py:830} INFO - Processing file /home/pazzoti/de-upskilling/airflow-flight-price-analysis/venv/lib/python3.10/site-packages/airflow/example_dags/example_latest_only.py for tasks to queue
[2026-02-06T09:13:27.291+0200] {logging_mixin.py:188} INFO - [2026-02-06T09:13:27.291+0200] {dagbag.py:538} INFO - Filling up the DagBag from /home/pazzoti/de-upskilling/airflow-flight-price-analysis/venv/lib/python3.10/site-packages/airflow/example_dags/example_latest_only.py
[2026-02-06T09:13:27.297+0200] {processor.py:840} INFO - DAG(s) 'latest_only' retrieved from /home/pazzoti/de-upskilling/airflow-flight-price-analysis/venv/lib/python3.10/site-packages/airflow/example_dags/example_latest_only.py
[2026-02-06T09:13:27.307+0200] {logging_mixin.py:188} INFO - [2026-02-06T09:13:27.307+0200] {dag.py:3036} INFO - Sync 1 DAGs
[2026-02-06T09:13:27.322+0200] {logging_mixin.py:188} INFO - [2026-02-06T09:13:27.322+0200] {dag.py:3823} INFO - Setting next_dagrun for latest_only to 2026-02-06 00:00:00+00:00, run_after=2026-02-06 04:00:00+00:00
[2026-02-06T09:13:27.345+0200] {processor.py:183} INFO - Processing /home/pazzoti/de-upskilling/airflow-flight-price-analysis/venv/lib/python3.10/site-packages/airflow/example_dags/example_latest_only.py took 0.059 seconds
[2026-02-06T09:14:04.564+0200] {processor.py:161} INFO - Started process (PID=8757) to work on /home/pazzoti/de-upskilling/airflow-flight-price-analysis/venv/lib/python3.10/site-packages/airflow/example_dags/example_latest_only.py
[2026-02-06T09:14:04.571+0200] {processor.py:830} INFO - Processing file /home/pazzoti/de-upskilling/airflow-flight-price-analysis/venv/lib/python3.10/site-packages/airflow/example_dags/example_latest_only.py for tasks to queue
[2026-02-06T09:14:04.572+0200] {logging_mixin.py:188} INFO - [2026-02-06T09:14:04.571+0200] {dagbag.py:538} INFO - Filling up the DagBag from /home/pazzoti/de-upskilling/airflow-flight-price-analysis/venv/lib/python3.10/site-packages/airflow/example_dags/example_latest_only.py
[2026-02-06T09:14:04.577+0200] {processor.py:840} INFO - DAG(s) 'latest_only' retrieved from /home/pazzoti/de-upskilling/airflow-flight-price-analysis/venv/lib/python3.10/site-packages/airflow/example_dags/example_latest_only.py
[2026-02-06T09:14:04.587+0200] {logging_mixin.py:188} INFO - [2026-02-06T09:14:04.587+0200] {dag.py:3036} INFO - Sync 1 DAGs
[2026-02-06T09:14:04.598+0200] {logging_mixin.py:188} INFO - [2026-02-06T09:14:04.598+0200] {dag.py:3823} INFO - Setting next_dagrun for latest_only to 2026-02-06 00:00:00+00:00, run_after=2026-02-06 04:00:00+00:00
[2026-02-06T09:14:04.614+0200] {processor.py:183} INFO - Processing /home/pazzoti/de-upskilling/airflow-flight-price-analysis/venv/lib/python3.10/site-packages/airflow/example_dags/example_latest_only.py took 0.053 seconds
[2026-02-06T09:14:38.819+0200] {processor.py:161} INFO - Started process (PID=8914) to work on /home/pazzoti/de-upskilling/airflow-flight-price-analysis/venv/lib/python3.10/site-packages/airflow/example_dags/example_latest_only.py
[2026-02-06T09:14:38.821+0200] {processor.py:830} INFO - Processing file /home/pazzoti/de-upskilling/airflow-flight-price-analysis/venv/lib/python3.10/site-packages/airflow/example_dags/example_latest_only.py for tasks to queue
[2026-02-06T09:14:38.822+0200] {logging_mixin.py:188} INFO - [2026-02-06T09:14:38.822+0200] {dagbag.py:538} INFO - Filling up the DagBag from /home/pazzoti/de-upskilling/airflow-flight-price-analysis/venv/lib/python3.10/site-packages/airflow/example_dags/example_latest_only.py
[2026-02-06T09:14:38.827+0200] {processor.py:840} INFO - DAG(s) 'latest_only' retrieved from /home/pazzoti/de-upskilling/airflow-flight-price-analysis/venv/lib/python3.10/site-packages/airflow/example_dags/example_latest_only.py
[2026-02-06T09:14:38.839+0200] {logging_mixin.py:188} INFO - [2026-02-06T09:14:38.839+0200] {dag.py:3036} INFO - Sync 1 DAGs
[2026-02-06T09:14:38.851+0200] {logging_mixin.py:188} INFO - [2026-02-06T09:14:38.851+0200] {dag.py:3823} INFO - Setting next_dagrun for latest_only to 2026-02-06 00:00:00+00:00, run_after=2026-02-06 04:00:00+00:00
[2026-02-06T09:14:38.884+0200] {processor.py:183} INFO - Processing /home/pazzoti/de-upskilling/airflow-flight-price-analysis/venv/lib/python3.10/site-packages/airflow/example_dags/example_latest_only.py took 0.068 seconds
[2026-02-06T09:15:17.899+0200] {processor.py:161} INFO - Started process (PID=9086) to work on /home/pazzoti/de-upskilling/airflow-flight-price-analysis/venv/lib/python3.10/site-packages/airflow/example_dags/example_latest_only.py
[2026-02-06T09:15:17.900+0200] {processor.py:830} INFO - Processing file /home/pazzoti/de-upskilling/airflow-flight-price-analysis/venv/lib/python3.10/site-packages/airflow/example_dags/example_latest_only.py for tasks to queue
[2026-02-06T09:15:17.901+0200] {logging_mixin.py:188} INFO - [2026-02-06T09:15:17.901+0200] {dagbag.py:538} INFO - Filling up the DagBag from /home/pazzoti/de-upskilling/airflow-flight-price-analysis/venv/lib/python3.10/site-packages/airflow/example_dags/example_latest_only.py
[2026-02-06T09:15:17.905+0200] {processor.py:840} INFO - DAG(s) 'latest_only' retrieved from /home/pazzoti/de-upskilling/airflow-flight-price-analysis/venv/lib/python3.10/site-packages/airflow/example_dags/example_latest_only.py
[2026-02-06T09:15:17.914+0200] {logging_mixin.py:188} INFO - [2026-02-06T09:15:17.914+0200] {dag.py:3036} INFO - Sync 1 DAGs
[2026-02-06T09:15:17.927+0200] {logging_mixin.py:188} INFO - [2026-02-06T09:15:17.927+0200] {dag.py:3823} INFO - Setting next_dagrun for latest_only to 2026-02-06 00:00:00+00:00, run_after=2026-02-06 04:00:00+00:00
[2026-02-06T09:15:17.944+0200] {processor.py:183} INFO - Processing /home/pazzoti/de-upskilling/airflow-flight-price-analysis/venv/lib/python3.10/site-packages/airflow/example_dags/example_latest_only.py took 0.048 seconds
[2026-02-06T09:15:52.799+0200] {processor.py:161} INFO - Started process (PID=9280) to work on /home/pazzoti/de-upskilling/airflow-flight-price-analysis/venv/lib/python3.10/site-packages/airflow/example_dags/example_latest_only.py
[2026-02-06T09:15:52.802+0200] {processor.py:830} INFO - Processing file /home/pazzoti/de-upskilling/airflow-flight-price-analysis/venv/lib/python3.10/site-packages/airflow/example_dags/example_latest_only.py for tasks to queue
[2026-02-06T09:15:52.803+0200] {logging_mixin.py:188} INFO - [2026-02-06T09:15:52.803+0200] {dagbag.py:538} INFO - Filling up the DagBag from /home/pazzoti/de-upskilling/airflow-flight-price-analysis/venv/lib/python3.10/site-packages/airflow/example_dags/example_latest_only.py
[2026-02-06T09:15:52.809+0200] {processor.py:840} INFO - DAG(s) 'latest_only' retrieved from /home/pazzoti/de-upskilling/airflow-flight-price-analysis/venv/lib/python3.10/site-packages/airflow/example_dags/example_latest_only.py
[2026-02-06T09:15:52.823+0200] {logging_mixin.py:188} INFO - [2026-02-06T09:15:52.822+0200] {dag.py:3036} INFO - Sync 1 DAGs
[2026-02-06T09:15:52.834+0200] {logging_mixin.py:188} INFO - [2026-02-06T09:15:52.834+0200] {dag.py:3823} INFO - Setting next_dagrun for latest_only to 2026-02-06 00:00:00+00:00, run_after=2026-02-06 04:00:00+00:00
[2026-02-06T09:15:52.853+0200] {processor.py:183} INFO - Processing /home/pazzoti/de-upskilling/airflow-flight-price-analysis/venv/lib/python3.10/site-packages/airflow/example_dags/example_latest_only.py took 0.057 seconds
[2026-02-06T09:16:39.903+0200] {processor.py:161} INFO - Started process (PID=9493) to work on /home/pazzoti/de-upskilling/airflow-flight-price-analysis/venv/lib/python3.10/site-packages/airflow/example_dags/example_latest_only.py
[2026-02-06T09:16:39.908+0200] {processor.py:830} INFO - Processing file /home/pazzoti/de-upskilling/airflow-flight-price-analysis/venv/lib/python3.10/site-packages/airflow/example_dags/example_latest_only.py for tasks to queue
[2026-02-06T09:16:39.908+0200] {logging_mixin.py:188} INFO - [2026-02-06T09:16:39.908+0200] {dagbag.py:538} INFO - Filling up the DagBag from /home/pazzoti/de-upskilling/airflow-flight-price-analysis/venv/lib/python3.10/site-packages/airflow/example_dags/example_latest_only.py
[2026-02-06T09:16:39.912+0200] {processor.py:840} INFO - DAG(s) 'latest_only' retrieved from /home/pazzoti/de-upskilling/airflow-flight-price-analysis/venv/lib/python3.10/site-packages/airflow/example_dags/example_latest_only.py
[2026-02-06T09:16:39.922+0200] {logging_mixin.py:188} INFO - [2026-02-06T09:16:39.922+0200] {dag.py:3036} INFO - Sync 1 DAGs
[2026-02-06T09:16:39.933+0200] {logging_mixin.py:188} INFO - [2026-02-06T09:16:39.933+0200] {dag.py:3823} INFO - Setting next_dagrun for latest_only to 2026-02-06 00:00:00+00:00, run_after=2026-02-06 04:00:00+00:00
[2026-02-06T09:16:39.948+0200] {processor.py:183} INFO - Processing /home/pazzoti/de-upskilling/airflow-flight-price-analysis/venv/lib/python3.10/site-packages/airflow/example_dags/example_latest_only.py took 0.050 seconds
[2026-02-06T09:17:15.540+0200] {processor.py:161} INFO - Started process (PID=9667) to work on /home/pazzoti/de-upskilling/airflow-flight-price-analysis/venv/lib/python3.10/site-packages/airflow/example_dags/example_latest_only.py
[2026-02-06T09:17:15.541+0200] {processor.py:830} INFO - Processing file /home/pazzoti/de-upskilling/airflow-flight-price-analysis/venv/lib/python3.10/site-packages/airflow/example_dags/example_latest_only.py for tasks to queue
[2026-02-06T09:17:15.542+0200] {logging_mixin.py:188} INFO - [2026-02-06T09:17:15.541+0200] {dagbag.py:538} INFO - Filling up the DagBag from /home/pazzoti/de-upskilling/airflow-flight-price-analysis/venv/lib/python3.10/site-packages/airflow/example_dags/example_latest_only.py
[2026-02-06T09:17:15.545+0200] {processor.py:840} INFO - DAG(s) 'latest_only' retrieved from /home/pazzoti/de-upskilling/airflow-flight-price-analysis/venv/lib/python3.10/site-packages/airflow/example_dags/example_latest_only.py
[2026-02-06T09:17:15.557+0200] {logging_mixin.py:188} INFO - [2026-02-06T09:17:15.557+0200] {dag.py:3036} INFO - Sync 1 DAGs
[2026-02-06T09:17:15.568+0200] {logging_mixin.py:188} INFO - [2026-02-06T09:17:15.568+0200] {dag.py:3823} INFO - Setting next_dagrun for latest_only to 2026-02-06 00:00:00+00:00, run_after=2026-02-06 04:00:00+00:00
[2026-02-06T09:17:15.584+0200] {processor.py:183} INFO - Processing /home/pazzoti/de-upskilling/airflow-flight-price-analysis/venv/lib/python3.10/site-packages/airflow/example_dags/example_latest_only.py took 0.046 seconds
[2026-02-06T09:29:13.480+0200] {processor.py:161} INFO - Started process (PID=9870) to work on /home/pazzoti/de-upskilling/airflow-flight-price-analysis/venv/lib/python3.10/site-packages/airflow/example_dags/example_latest_only.py
[2026-02-06T09:29:13.489+0200] {processor.py:830} INFO - Processing file /home/pazzoti/de-upskilling/airflow-flight-price-analysis/venv/lib/python3.10/site-packages/airflow/example_dags/example_latest_only.py for tasks to queue
[2026-02-06T09:29:13.490+0200] {logging_mixin.py:188} INFO - [2026-02-06T09:29:13.490+0200] {dagbag.py:538} INFO - Filling up the DagBag from /home/pazzoti/de-upskilling/airflow-flight-price-analysis/venv/lib/python3.10/site-packages/airflow/example_dags/example_latest_only.py
[2026-02-06T09:29:13.495+0200] {processor.py:840} INFO - DAG(s) 'latest_only' retrieved from /home/pazzoti/de-upskilling/airflow-flight-price-analysis/venv/lib/python3.10/site-packages/airflow/example_dags/example_latest_only.py
[2026-02-06T09:29:13.506+0200] {logging_mixin.py:188} INFO - [2026-02-06T09:29:13.506+0200] {dag.py:3036} INFO - Sync 1 DAGs
[2026-02-06T09:29:13.517+0200] {logging_mixin.py:188} INFO - [2026-02-06T09:29:13.517+0200] {dag.py:3823} INFO - Setting next_dagrun for latest_only to 2026-02-06 00:00:00+00:00, run_after=2026-02-06 04:00:00+00:00
[2026-02-06T09:29:13.534+0200] {processor.py:183} INFO - Processing /home/pazzoti/de-upskilling/airflow-flight-price-analysis/venv/lib/python3.10/site-packages/airflow/example_dags/example_latest_only.py took 0.056 seconds
[2026-02-06T09:29:56.429+0200] {processor.py:161} INFO - Started process (PID=9950) to work on /home/pazzoti/de-upskilling/airflow-flight-price-analysis/venv/lib/python3.10/site-packages/airflow/example_dags/example_latest_only.py
[2026-02-06T09:29:56.431+0200] {processor.py:830} INFO - Processing file /home/pazzoti/de-upskilling/airflow-flight-price-analysis/venv/lib/python3.10/site-packages/airflow/example_dags/example_latest_only.py for tasks to queue
[2026-02-06T09:29:56.433+0200] {logging_mixin.py:188} INFO - [2026-02-06T09:29:56.432+0200] {dagbag.py:538} INFO - Filling up the DagBag from /home/pazzoti/de-upskilling/airflow-flight-price-analysis/venv/lib/python3.10/site-packages/airflow/example_dags/example_latest_only.py
[2026-02-06T09:29:56.444+0200] {processor.py:840} INFO - DAG(s) 'latest_only' retrieved from /home/pazzoti/de-upskilling/airflow-flight-price-analysis/venv/lib/python3.10/site-packages/airflow/example_dags/example_latest_only.py
[2026-02-06T09:29:56.471+0200] {logging_mixin.py:188} INFO - [2026-02-06T09:29:56.471+0200] {dag.py:3036} INFO - Sync 1 DAGs
[2026-02-06T09:29:56.499+0200] {logging_mixin.py:188} INFO - [2026-02-06T09:29:56.498+0200] {dag.py:3823} INFO - Setting next_dagrun for latest_only to 2026-02-06 00:00:00+00:00, run_after=2026-02-06 04:00:00+00:00
[2026-02-06T09:29:56.535+0200] {processor.py:183} INFO - Processing /home/pazzoti/de-upskilling/airflow-flight-price-analysis/venv/lib/python3.10/site-packages/airflow/example_dags/example_latest_only.py took 0.111 seconds
[2026-02-06T09:30:39.153+0200] {processor.py:161} INFO - Started process (PID=10017) to work on /home/pazzoti/de-upskilling/airflow-flight-price-analysis/venv/lib/python3.10/site-packages/airflow/example_dags/example_latest_only.py
[2026-02-06T09:30:39.154+0200] {processor.py:830} INFO - Processing file /home/pazzoti/de-upskilling/airflow-flight-price-analysis/venv/lib/python3.10/site-packages/airflow/example_dags/example_latest_only.py for tasks to queue
[2026-02-06T09:30:39.156+0200] {logging_mixin.py:188} INFO - [2026-02-06T09:30:39.155+0200] {dagbag.py:538} INFO - Filling up the DagBag from /home/pazzoti/de-upskilling/airflow-flight-price-analysis/venv/lib/python3.10/site-packages/airflow/example_dags/example_latest_only.py
[2026-02-06T09:30:39.162+0200] {processor.py:840} INFO - DAG(s) 'latest_only' retrieved from /home/pazzoti/de-upskilling/airflow-flight-price-analysis/venv/lib/python3.10/site-packages/airflow/example_dags/example_latest_only.py
[2026-02-06T09:30:39.178+0200] {logging_mixin.py:188} INFO - [2026-02-06T09:30:39.178+0200] {dag.py:3036} INFO - Sync 1 DAGs
[2026-02-06T09:30:39.200+0200] {logging_mixin.py:188} INFO - [2026-02-06T09:30:39.199+0200] {dag.py:3823} INFO - Setting next_dagrun for latest_only to 2026-02-06 00:00:00+00:00, run_after=2026-02-06 04:00:00+00:00
[2026-02-06T09:30:39.228+0200] {processor.py:183} INFO - Processing /home/pazzoti/de-upskilling/airflow-flight-price-analysis/venv/lib/python3.10/site-packages/airflow/example_dags/example_latest_only.py took 0.080 seconds
[2026-02-06T09:31:20.842+0200] {processor.py:161} INFO - Started process (PID=10088) to work on /home/pazzoti/de-upskilling/airflow-flight-price-analysis/venv/lib/python3.10/site-packages/airflow/example_dags/example_latest_only.py
[2026-02-06T09:31:20.847+0200] {processor.py:830} INFO - Processing file /home/pazzoti/de-upskilling/airflow-flight-price-analysis/venv/lib/python3.10/site-packages/airflow/example_dags/example_latest_only.py for tasks to queue
[2026-02-06T09:31:20.848+0200] {logging_mixin.py:188} INFO - [2026-02-06T09:31:20.847+0200] {dagbag.py:538} INFO - Filling up the DagBag from /home/pazzoti/de-upskilling/airflow-flight-price-analysis/venv/lib/python3.10/site-packages/airflow/example_dags/example_latest_only.py
[2026-02-06T09:31:20.853+0200] {processor.py:840} INFO - DAG(s) 'latest_only' retrieved from /home/pazzoti/de-upskilling/airflow-flight-price-analysis/venv/lib/python3.10/site-packages/airflow/example_dags/example_latest_only.py
[2026-02-06T09:31:20.864+0200] {logging_mixin.py:188} INFO - [2026-02-06T09:31:20.864+0200] {dag.py:3036} INFO - Sync 1 DAGs
[2026-02-06T09:31:20.876+0200] {logging_mixin.py:188} INFO - [2026-02-06T09:31:20.876+0200] {dag.py:3823} INFO - Setting next_dagrun for latest_only to 2026-02-06 00:00:00+00:00, run_after=2026-02-06 04:00:00+00:00
[2026-02-06T09:31:20.895+0200] {processor.py:183} INFO - Processing /home/pazzoti/de-upskilling/airflow-flight-price-analysis/venv/lib/python3.10/site-packages/airflow/example_dags/example_latest_only.py took 0.055 seconds
[2026-02-06T09:31:57.591+0200] {processor.py:161} INFO - Started process (PID=10164) to work on /home/pazzoti/de-upskilling/airflow-flight-price-analysis/venv/lib/python3.10/site-packages/airflow/example_dags/example_latest_only.py
[2026-02-06T09:31:57.598+0200] {processor.py:830} INFO - Processing file /home/pazzoti/de-upskilling/airflow-flight-price-analysis/venv/lib/python3.10/site-packages/airflow/example_dags/example_latest_only.py for tasks to queue
[2026-02-06T09:31:57.599+0200] {logging_mixin.py:188} INFO - [2026-02-06T09:31:57.599+0200] {dagbag.py:538} INFO - Filling up the DagBag from /home/pazzoti/de-upskilling/airflow-flight-price-analysis/venv/lib/python3.10/site-packages/airflow/example_dags/example_latest_only.py
[2026-02-06T09:31:57.604+0200] {processor.py:840} INFO - DAG(s) 'latest_only' retrieved from /home/pazzoti/de-upskilling/airflow-flight-price-analysis/venv/lib/python3.10/site-packages/airflow/example_dags/example_latest_only.py
[2026-02-06T09:31:57.617+0200] {logging_mixin.py:188} INFO - [2026-02-06T09:31:57.616+0200] {dag.py:3036} INFO - Sync 1 DAGs
[2026-02-06T09:31:57.635+0200] {logging_mixin.py:188} INFO - [2026-02-06T09:31:57.634+0200] {dag.py:3823} INFO - Setting next_dagrun for latest_only to 2026-02-06 00:00:00+00:00, run_after=2026-02-06 04:00:00+00:00
[2026-02-06T09:31:57.652+0200] {processor.py:183} INFO - Processing /home/pazzoti/de-upskilling/airflow-flight-price-analysis/venv/lib/python3.10/site-packages/airflow/example_dags/example_latest_only.py took 0.063 seconds
[2026-02-06T09:32:34.778+0200] {processor.py:161} INFO - Started process (PID=10250) to work on /home/pazzoti/de-upskilling/airflow-flight-price-analysis/venv/lib/python3.10/site-packages/airflow/example_dags/example_latest_only.py
[2026-02-06T09:32:34.780+0200] {processor.py:830} INFO - Processing file /home/pazzoti/de-upskilling/airflow-flight-price-analysis/venv/lib/python3.10/site-packages/airflow/example_dags/example_latest_only.py for tasks to queue
[2026-02-06T09:32:34.781+0200] {logging_mixin.py:188} INFO - [2026-02-06T09:32:34.780+0200] {dagbag.py:538} INFO - Filling up the DagBag from /home/pazzoti/de-upskilling/airflow-flight-price-analysis/venv/lib/python3.10/site-packages/airflow/example_dags/example_latest_only.py
[2026-02-06T09:32:34.785+0200] {processor.py:840} INFO - DAG(s) 'latest_only' retrieved from /home/pazzoti/de-upskilling/airflow-flight-price-analysis/venv/lib/python3.10/site-packages/airflow/example_dags/example_latest_only.py
[2026-02-06T09:32:34.796+0200] {logging_mixin.py:188} INFO - [2026-02-06T09:32:34.796+0200] {dag.py:3036} INFO - Sync 1 DAGs
[2026-02-06T09:32:34.808+0200] {logging_mixin.py:188} INFO - [2026-02-06T09:32:34.807+0200] {dag.py:3823} INFO - Setting next_dagrun for latest_only to 2026-02-06 00:00:00+00:00, run_after=2026-02-06 04:00:00+00:00
[2026-02-06T09:32:34.825+0200] {processor.py:183} INFO - Processing /home/pazzoti/de-upskilling/airflow-flight-price-analysis/venv/lib/python3.10/site-packages/airflow/example_dags/example_latest_only.py took 0.049 seconds
[2026-02-06T09:33:11.225+0200] {processor.py:161} INFO - Started process (PID=10321) to work on /home/pazzoti/de-upskilling/airflow-flight-price-analysis/venv/lib/python3.10/site-packages/airflow/example_dags/example_latest_only.py
[2026-02-06T09:33:15.080+0200] {processor.py:830} INFO - Processing file /home/pazzoti/de-upskilling/airflow-flight-price-analysis/venv/lib/python3.10/site-packages/airflow/example_dags/example_latest_only.py for tasks to queue
[2026-02-06T09:33:15.083+0200] {logging_mixin.py:188} INFO - [2026-02-06T09:33:15.081+0200] {dagbag.py:538} INFO - Filling up the DagBag from /home/pazzoti/de-upskilling/airflow-flight-price-analysis/venv/lib/python3.10/site-packages/airflow/example_dags/example_latest_only.py
[2026-02-06T09:33:15.106+0200] {processor.py:840} INFO - DAG(s) 'latest_only' retrieved from /home/pazzoti/de-upskilling/airflow-flight-price-analysis/venv/lib/python3.10/site-packages/airflow/example_dags/example_latest_only.py
[2026-02-06T09:33:15.162+0200] {logging_mixin.py:188} INFO - [2026-02-06T09:33:15.161+0200] {dag.py:3036} INFO - Sync 1 DAGs
[2026-02-06T09:33:15.195+0200] {logging_mixin.py:188} INFO - [2026-02-06T09:33:15.194+0200] {dag.py:3823} INFO - Setting next_dagrun for latest_only to 2026-02-06 00:00:00+00:00, run_after=2026-02-06 04:00:00+00:00
[2026-02-06T09:33:16.250+0200] {processor.py:183} INFO - Processing /home/pazzoti/de-upskilling/airflow-flight-price-analysis/venv/lib/python3.10/site-packages/airflow/example_dags/example_latest_only.py took 5.028 seconds
[2026-02-06T09:34:08.342+0200] {processor.py:161} INFO - Started process (PID=10407) to work on /home/pazzoti/de-upskilling/airflow-flight-price-analysis/venv/lib/python3.10/site-packages/airflow/example_dags/example_latest_only.py
[2026-02-06T09:34:08.346+0200] {processor.py:830} INFO - Processing file /home/pazzoti/de-upskilling/airflow-flight-price-analysis/venv/lib/python3.10/site-packages/airflow/example_dags/example_latest_only.py for tasks to queue
[2026-02-06T09:34:08.347+0200] {logging_mixin.py:188} INFO - [2026-02-06T09:34:08.347+0200] {dagbag.py:538} INFO - Filling up the DagBag from /home/pazzoti/de-upskilling/airflow-flight-price-analysis/venv/lib/python3.10/site-packages/airflow/example_dags/example_latest_only.py
[2026-02-06T09:34:08.356+0200] {processor.py:840} INFO - DAG(s) 'latest_only' retrieved from /home/pazzoti/de-upskilling/airflow-flight-price-analysis/venv/lib/python3.10/site-packages/airflow/example_dags/example_latest_only.py
[2026-02-06T09:34:08.369+0200] {logging_mixin.py:188} INFO - [2026-02-06T09:34:08.369+0200] {dag.py:3036} INFO - Sync 1 DAGs
[2026-02-06T09:34:08.381+0200] {logging_mixin.py:188} INFO - [2026-02-06T09:34:08.381+0200] {dag.py:3823} INFO - Setting next_dagrun for latest_only to 2026-02-06 00:00:00+00:00, run_after=2026-02-06 04:00:00+00:00
[2026-02-06T09:34:08.404+0200] {processor.py:183} INFO - Processing /home/pazzoti/de-upskilling/airflow-flight-price-analysis/venv/lib/python3.10/site-packages/airflow/example_dags/example_latest_only.py took 0.065 seconds
[2026-02-06T09:34:48.380+0200] {processor.py:161} INFO - Started process (PID=10473) to work on /home/pazzoti/de-upskilling/airflow-flight-price-analysis/venv/lib/python3.10/site-packages/airflow/example_dags/example_latest_only.py
[2026-02-06T09:34:48.381+0200] {processor.py:830} INFO - Processing file /home/pazzoti/de-upskilling/airflow-flight-price-analysis/venv/lib/python3.10/site-packages/airflow/example_dags/example_latest_only.py for tasks to queue
[2026-02-06T09:34:48.383+0200] {logging_mixin.py:188} INFO - [2026-02-06T09:34:48.382+0200] {dagbag.py:538} INFO - Filling up the DagBag from /home/pazzoti/de-upskilling/airflow-flight-price-analysis/venv/lib/python3.10/site-packages/airflow/example_dags/example_latest_only.py
[2026-02-06T09:34:48.388+0200] {processor.py:840} INFO - DAG(s) 'latest_only' retrieved from /home/pazzoti/de-upskilling/airflow-flight-price-analysis/venv/lib/python3.10/site-packages/airflow/example_dags/example_latest_only.py
[2026-02-06T09:34:48.402+0200] {logging_mixin.py:188} INFO - [2026-02-06T09:34:48.402+0200] {dag.py:3036} INFO - Sync 1 DAGs
[2026-02-06T09:34:48.418+0200] {logging_mixin.py:188} INFO - [2026-02-06T09:34:48.417+0200] {dag.py:3823} INFO - Setting next_dagrun for latest_only to 2026-02-06 00:00:00+00:00, run_after=2026-02-06 04:00:00+00:00
[2026-02-06T09:34:48.439+0200] {processor.py:183} INFO - Processing /home/pazzoti/de-upskilling/airflow-flight-price-analysis/venv/lib/python3.10/site-packages/airflow/example_dags/example_latest_only.py took 0.062 seconds
