[2026-02-06T09:01:12.013+0200] {processor.py:161} INFO - Started process (PID=4148) to work on /home/pazzoti/de-upskilling/airflow-flight-price-analysis/venv/lib/python3.10/site-packages/airflow/example_dags/tutorial_dag.py
[2026-02-06T09:01:12.013+0200] {processor.py:830} INFO - Processing file /home/pazzoti/de-upskilling/airflow-flight-price-analysis/venv/lib/python3.10/site-packages/airflow/example_dags/tutorial_dag.py for tasks to queue
[2026-02-06T09:01:12.014+0200] {logging_mixin.py:188} INFO - [2026-02-06T09:01:12.014+0200] {dagbag.py:538} INFO - Filling up the DagBag from /home/pazzoti/de-upskilling/airflow-flight-price-analysis/venv/lib/python3.10/site-packages/airflow/example_dags/tutorial_dag.py
[2026-02-06T09:01:12.020+0200] {processor.py:840} INFO - DAG(s) 'tutorial_dag' retrieved from /home/pazzoti/de-upskilling/airflow-flight-price-analysis/venv/lib/python3.10/site-packages/airflow/example_dags/tutorial_dag.py
[2026-02-06T09:01:12.097+0200] {logging_mixin.py:188} INFO - [2026-02-06T09:01:12.097+0200] {dag.py:3036} INFO - Sync 1 DAGs
[2026-02-06T09:01:12.102+0200] {logging_mixin.py:188} INFO - [2026-02-06T09:01:12.102+0200] {dag.py:3823} INFO - Setting next_dagrun for tutorial_dag to None, run_after=None
[2026-02-06T09:01:12.120+0200] {processor.py:183} INFO - Processing /home/pazzoti/de-upskilling/airflow-flight-price-analysis/venv/lib/python3.10/site-packages/airflow/example_dags/tutorial_dag.py took 0.109 seconds
[2026-02-06T09:02:04.574+0200] {processor.py:161} INFO - Started process (PID=4708) to work on /home/pazzoti/de-upskilling/airflow-flight-price-analysis/venv/lib/python3.10/site-packages/airflow/example_dags/tutorial_dag.py
[2026-02-06T09:02:04.575+0200] {processor.py:830} INFO - Processing file /home/pazzoti/de-upskilling/airflow-flight-price-analysis/venv/lib/python3.10/site-packages/airflow/example_dags/tutorial_dag.py for tasks to queue
[2026-02-06T09:02:04.576+0200] {logging_mixin.py:188} INFO - [2026-02-06T09:02:04.576+0200] {dagbag.py:538} INFO - Filling up the DagBag from /home/pazzoti/de-upskilling/airflow-flight-price-analysis/venv/lib/python3.10/site-packages/airflow/example_dags/tutorial_dag.py
[2026-02-06T09:02:04.582+0200] {processor.py:840} INFO - DAG(s) 'tutorial_dag' retrieved from /home/pazzoti/de-upskilling/airflow-flight-price-analysis/venv/lib/python3.10/site-packages/airflow/example_dags/tutorial_dag.py
[2026-02-06T09:02:04.593+0200] {logging_mixin.py:188} INFO - [2026-02-06T09:02:04.592+0200] {dag.py:3036} INFO - Sync 1 DAGs
[2026-02-06T09:02:04.599+0200] {logging_mixin.py:188} INFO - [2026-02-06T09:02:04.599+0200] {dag.py:3823} INFO - Setting next_dagrun for tutorial_dag to None, run_after=None
[2026-02-06T09:02:04.617+0200] {processor.py:183} INFO - Processing /home/pazzoti/de-upskilling/airflow-flight-price-analysis/venv/lib/python3.10/site-packages/airflow/example_dags/tutorial_dag.py took 0.046 seconds
[2026-02-06T09:02:50.704+0200] {processor.py:161} INFO - Started process (PID=4982) to work on /home/pazzoti/de-upskilling/airflow-flight-price-analysis/venv/lib/python3.10/site-packages/airflow/example_dags/tutorial_dag.py
[2026-02-06T09:02:50.706+0200] {processor.py:830} INFO - Processing file /home/pazzoti/de-upskilling/airflow-flight-price-analysis/venv/lib/python3.10/site-packages/airflow/example_dags/tutorial_dag.py for tasks to queue
[2026-02-06T09:02:50.706+0200] {logging_mixin.py:188} INFO - [2026-02-06T09:02:50.706+0200] {dagbag.py:538} INFO - Filling up the DagBag from /home/pazzoti/de-upskilling/airflow-flight-price-analysis/venv/lib/python3.10/site-packages/airflow/example_dags/tutorial_dag.py
[2026-02-06T09:02:50.713+0200] {processor.py:840} INFO - DAG(s) 'tutorial_dag' retrieved from /home/pazzoti/de-upskilling/airflow-flight-price-analysis/venv/lib/python3.10/site-packages/airflow/example_dags/tutorial_dag.py
[2026-02-06T09:02:50.726+0200] {logging_mixin.py:188} INFO - [2026-02-06T09:02:50.726+0200] {dag.py:3036} INFO - Sync 1 DAGs
[2026-02-06T09:02:50.733+0200] {logging_mixin.py:188} INFO - [2026-02-06T09:02:50.732+0200] {dag.py:3823} INFO - Setting next_dagrun for tutorial_dag to None, run_after=None
[2026-02-06T09:02:50.751+0200] {processor.py:183} INFO - Processing /home/pazzoti/de-upskilling/airflow-flight-price-analysis/venv/lib/python3.10/site-packages/airflow/example_dags/tutorial_dag.py took 0.049 seconds
[2026-02-06T09:03:31.240+0200] {processor.py:161} INFO - Started process (PID=5164) to work on /home/pazzoti/de-upskilling/airflow-flight-price-analysis/venv/lib/python3.10/site-packages/airflow/example_dags/tutorial_dag.py
[2026-02-06T09:03:31.241+0200] {processor.py:830} INFO - Processing file /home/pazzoti/de-upskilling/airflow-flight-price-analysis/venv/lib/python3.10/site-packages/airflow/example_dags/tutorial_dag.py for tasks to queue
[2026-02-06T09:03:31.242+0200] {logging_mixin.py:188} INFO - [2026-02-06T09:03:31.241+0200] {dagbag.py:538} INFO - Filling up the DagBag from /home/pazzoti/de-upskilling/airflow-flight-price-analysis/venv/lib/python3.10/site-packages/airflow/example_dags/tutorial_dag.py
[2026-02-06T09:03:31.245+0200] {processor.py:840} INFO - DAG(s) 'tutorial_dag' retrieved from /home/pazzoti/de-upskilling/airflow-flight-price-analysis/venv/lib/python3.10/site-packages/airflow/example_dags/tutorial_dag.py
[2026-02-06T09:03:31.255+0200] {logging_mixin.py:188} INFO - [2026-02-06T09:03:31.255+0200] {dag.py:3036} INFO - Sync 1 DAGs
[2026-02-06T09:03:31.262+0200] {logging_mixin.py:188} INFO - [2026-02-06T09:03:31.261+0200] {dag.py:3823} INFO - Setting next_dagrun for tutorial_dag to None, run_after=None
[2026-02-06T09:03:31.278+0200] {processor.py:183} INFO - Processing /home/pazzoti/de-upskilling/airflow-flight-price-analysis/venv/lib/python3.10/site-packages/airflow/example_dags/tutorial_dag.py took 0.041 seconds
[2026-02-06T09:04:20.949+0200] {processor.py:161} INFO - Started process (PID=5398) to work on /home/pazzoti/de-upskilling/airflow-flight-price-analysis/venv/lib/python3.10/site-packages/airflow/example_dags/tutorial_dag.py
[2026-02-06T09:04:20.957+0200] {processor.py:830} INFO - Processing file /home/pazzoti/de-upskilling/airflow-flight-price-analysis/venv/lib/python3.10/site-packages/airflow/example_dags/tutorial_dag.py for tasks to queue
[2026-02-06T09:04:20.958+0200] {logging_mixin.py:188} INFO - [2026-02-06T09:04:20.957+0200] {dagbag.py:538} INFO - Filling up the DagBag from /home/pazzoti/de-upskilling/airflow-flight-price-analysis/venv/lib/python3.10/site-packages/airflow/example_dags/tutorial_dag.py
[2026-02-06T09:04:20.962+0200] {processor.py:840} INFO - DAG(s) 'tutorial_dag' retrieved from /home/pazzoti/de-upskilling/airflow-flight-price-analysis/venv/lib/python3.10/site-packages/airflow/example_dags/tutorial_dag.py
[2026-02-06T09:04:20.972+0200] {logging_mixin.py:188} INFO - [2026-02-06T09:04:20.972+0200] {dag.py:3036} INFO - Sync 1 DAGs
[2026-02-06T09:04:20.978+0200] {logging_mixin.py:188} INFO - [2026-02-06T09:04:20.978+0200] {dag.py:3823} INFO - Setting next_dagrun for tutorial_dag to None, run_after=None
[2026-02-06T09:04:20.999+0200] {processor.py:183} INFO - Processing /home/pazzoti/de-upskilling/airflow-flight-price-analysis/venv/lib/python3.10/site-packages/airflow/example_dags/tutorial_dag.py took 0.052 seconds
[2026-02-06T09:04:58.453+0200] {processor.py:161} INFO - Started process (PID=5601) to work on /home/pazzoti/de-upskilling/airflow-flight-price-analysis/venv/lib/python3.10/site-packages/airflow/example_dags/tutorial_dag.py
[2026-02-06T09:04:58.454+0200] {processor.py:830} INFO - Processing file /home/pazzoti/de-upskilling/airflow-flight-price-analysis/venv/lib/python3.10/site-packages/airflow/example_dags/tutorial_dag.py for tasks to queue
[2026-02-06T09:04:58.455+0200] {logging_mixin.py:188} INFO - [2026-02-06T09:04:58.455+0200] {dagbag.py:538} INFO - Filling up the DagBag from /home/pazzoti/de-upskilling/airflow-flight-price-analysis/venv/lib/python3.10/site-packages/airflow/example_dags/tutorial_dag.py
[2026-02-06T09:04:58.459+0200] {processor.py:840} INFO - DAG(s) 'tutorial_dag' retrieved from /home/pazzoti/de-upskilling/airflow-flight-price-analysis/venv/lib/python3.10/site-packages/airflow/example_dags/tutorial_dag.py
[2026-02-06T09:04:58.470+0200] {logging_mixin.py:188} INFO - [2026-02-06T09:04:58.470+0200] {dag.py:3036} INFO - Sync 1 DAGs
[2026-02-06T09:04:58.477+0200] {logging_mixin.py:188} INFO - [2026-02-06T09:04:58.477+0200] {dag.py:3823} INFO - Setting next_dagrun for tutorial_dag to None, run_after=None
[2026-02-06T09:04:58.492+0200] {processor.py:183} INFO - Processing /home/pazzoti/de-upskilling/airflow-flight-price-analysis/venv/lib/python3.10/site-packages/airflow/example_dags/tutorial_dag.py took 0.041 seconds
[2026-02-06T09:05:35.404+0200] {processor.py:161} INFO - Started process (PID=5781) to work on /home/pazzoti/de-upskilling/airflow-flight-price-analysis/venv/lib/python3.10/site-packages/airflow/example_dags/tutorial_dag.py
[2026-02-06T09:05:35.405+0200] {processor.py:830} INFO - Processing file /home/pazzoti/de-upskilling/airflow-flight-price-analysis/venv/lib/python3.10/site-packages/airflow/example_dags/tutorial_dag.py for tasks to queue
[2026-02-06T09:05:35.406+0200] {logging_mixin.py:188} INFO - [2026-02-06T09:05:35.406+0200] {dagbag.py:538} INFO - Filling up the DagBag from /home/pazzoti/de-upskilling/airflow-flight-price-analysis/venv/lib/python3.10/site-packages/airflow/example_dags/tutorial_dag.py
[2026-02-06T09:05:35.410+0200] {processor.py:840} INFO - DAG(s) 'tutorial_dag' retrieved from /home/pazzoti/de-upskilling/airflow-flight-price-analysis/venv/lib/python3.10/site-packages/airflow/example_dags/tutorial_dag.py
[2026-02-06T09:05:35.420+0200] {logging_mixin.py:188} INFO - [2026-02-06T09:05:35.420+0200] {dag.py:3036} INFO - Sync 1 DAGs
[2026-02-06T09:05:35.427+0200] {logging_mixin.py:188} INFO - [2026-02-06T09:05:35.427+0200] {dag.py:3823} INFO - Setting next_dagrun for tutorial_dag to None, run_after=None
[2026-02-06T09:05:35.446+0200] {processor.py:183} INFO - Processing /home/pazzoti/de-upskilling/airflow-flight-price-analysis/venv/lib/python3.10/site-packages/airflow/example_dags/tutorial_dag.py took 0.045 seconds
[2026-02-06T09:06:12.520+0200] {processor.py:161} INFO - Started process (PID=5969) to work on /home/pazzoti/de-upskilling/airflow-flight-price-analysis/venv/lib/python3.10/site-packages/airflow/example_dags/tutorial_dag.py
[2026-02-06T09:06:12.521+0200] {processor.py:830} INFO - Processing file /home/pazzoti/de-upskilling/airflow-flight-price-analysis/venv/lib/python3.10/site-packages/airflow/example_dags/tutorial_dag.py for tasks to queue
[2026-02-06T09:06:12.522+0200] {logging_mixin.py:188} INFO - [2026-02-06T09:06:12.522+0200] {dagbag.py:538} INFO - Filling up the DagBag from /home/pazzoti/de-upskilling/airflow-flight-price-analysis/venv/lib/python3.10/site-packages/airflow/example_dags/tutorial_dag.py
[2026-02-06T09:06:12.527+0200] {processor.py:840} INFO - DAG(s) 'tutorial_dag' retrieved from /home/pazzoti/de-upskilling/airflow-flight-price-analysis/venv/lib/python3.10/site-packages/airflow/example_dags/tutorial_dag.py
[2026-02-06T09:06:12.537+0200] {logging_mixin.py:188} INFO - [2026-02-06T09:06:12.537+0200] {dag.py:3036} INFO - Sync 1 DAGs
[2026-02-06T09:06:12.543+0200] {logging_mixin.py:188} INFO - [2026-02-06T09:06:12.543+0200] {dag.py:3823} INFO - Setting next_dagrun for tutorial_dag to None, run_after=None
[2026-02-06T09:06:12.560+0200] {processor.py:183} INFO - Processing /home/pazzoti/de-upskilling/airflow-flight-price-analysis/venv/lib/python3.10/site-packages/airflow/example_dags/tutorial_dag.py took 0.042 seconds
[2026-02-06T09:06:48.840+0200] {processor.py:161} INFO - Started process (PID=6140) to work on /home/pazzoti/de-upskilling/airflow-flight-price-analysis/venv/lib/python3.10/site-packages/airflow/example_dags/tutorial_dag.py
[2026-02-06T09:06:48.844+0200] {processor.py:830} INFO - Processing file /home/pazzoti/de-upskilling/airflow-flight-price-analysis/venv/lib/python3.10/site-packages/airflow/example_dags/tutorial_dag.py for tasks to queue
[2026-02-06T09:06:48.845+0200] {logging_mixin.py:188} INFO - [2026-02-06T09:06:48.844+0200] {dagbag.py:538} INFO - Filling up the DagBag from /home/pazzoti/de-upskilling/airflow-flight-price-analysis/venv/lib/python3.10/site-packages/airflow/example_dags/tutorial_dag.py
[2026-02-06T09:06:48.849+0200] {processor.py:840} INFO - DAG(s) 'tutorial_dag' retrieved from /home/pazzoti/de-upskilling/airflow-flight-price-analysis/venv/lib/python3.10/site-packages/airflow/example_dags/tutorial_dag.py
[2026-02-06T09:06:48.862+0200] {logging_mixin.py:188} INFO - [2026-02-06T09:06:48.862+0200] {dag.py:3036} INFO - Sync 1 DAGs
[2026-02-06T09:06:48.872+0200] {logging_mixin.py:188} INFO - [2026-02-06T09:06:48.872+0200] {dag.py:3823} INFO - Setting next_dagrun for tutorial_dag to None, run_after=None
[2026-02-06T09:06:48.898+0200] {processor.py:183} INFO - Processing /home/pazzoti/de-upskilling/airflow-flight-price-analysis/venv/lib/python3.10/site-packages/airflow/example_dags/tutorial_dag.py took 0.061 seconds
[2026-02-06T09:07:25.865+0200] {processor.py:161} INFO - Started process (PID=6378) to work on /home/pazzoti/de-upskilling/airflow-flight-price-analysis/venv/lib/python3.10/site-packages/airflow/example_dags/tutorial_dag.py
[2026-02-06T09:07:25.867+0200] {processor.py:830} INFO - Processing file /home/pazzoti/de-upskilling/airflow-flight-price-analysis/venv/lib/python3.10/site-packages/airflow/example_dags/tutorial_dag.py for tasks to queue
[2026-02-06T09:07:25.868+0200] {logging_mixin.py:188} INFO - [2026-02-06T09:07:25.868+0200] {dagbag.py:538} INFO - Filling up the DagBag from /home/pazzoti/de-upskilling/airflow-flight-price-analysis/venv/lib/python3.10/site-packages/airflow/example_dags/tutorial_dag.py
[2026-02-06T09:07:25.873+0200] {processor.py:840} INFO - DAG(s) 'tutorial_dag' retrieved from /home/pazzoti/de-upskilling/airflow-flight-price-analysis/venv/lib/python3.10/site-packages/airflow/example_dags/tutorial_dag.py
[2026-02-06T09:07:25.884+0200] {logging_mixin.py:188} INFO - [2026-02-06T09:07:25.884+0200] {dag.py:3036} INFO - Sync 1 DAGs
[2026-02-06T09:07:25.890+0200] {logging_mixin.py:188} INFO - [2026-02-06T09:07:25.890+0200] {dag.py:3823} INFO - Setting next_dagrun for tutorial_dag to None, run_after=None
[2026-02-06T09:07:25.909+0200] {processor.py:183} INFO - Processing /home/pazzoti/de-upskilling/airflow-flight-price-analysis/venv/lib/python3.10/site-packages/airflow/example_dags/tutorial_dag.py took 0.047 seconds
[2026-02-06T09:08:01.852+0200] {processor.py:161} INFO - Started process (PID=6532) to work on /home/pazzoti/de-upskilling/airflow-flight-price-analysis/venv/lib/python3.10/site-packages/airflow/example_dags/tutorial_dag.py
[2026-02-06T09:08:01.853+0200] {processor.py:830} INFO - Processing file /home/pazzoti/de-upskilling/airflow-flight-price-analysis/venv/lib/python3.10/site-packages/airflow/example_dags/tutorial_dag.py for tasks to queue
[2026-02-06T09:08:01.854+0200] {logging_mixin.py:188} INFO - [2026-02-06T09:08:01.854+0200] {dagbag.py:538} INFO - Filling up the DagBag from /home/pazzoti/de-upskilling/airflow-flight-price-analysis/venv/lib/python3.10/site-packages/airflow/example_dags/tutorial_dag.py
[2026-02-06T09:08:01.858+0200] {processor.py:840} INFO - DAG(s) 'tutorial_dag' retrieved from /home/pazzoti/de-upskilling/airflow-flight-price-analysis/venv/lib/python3.10/site-packages/airflow/example_dags/tutorial_dag.py
[2026-02-06T09:08:01.869+0200] {logging_mixin.py:188} INFO - [2026-02-06T09:08:01.869+0200] {dag.py:3036} INFO - Sync 1 DAGs
[2026-02-06T09:08:01.876+0200] {logging_mixin.py:188} INFO - [2026-02-06T09:08:01.876+0200] {dag.py:3823} INFO - Setting next_dagrun for tutorial_dag to None, run_after=None
[2026-02-06T09:08:01.897+0200] {processor.py:183} INFO - Processing /home/pazzoti/de-upskilling/airflow-flight-price-analysis/venv/lib/python3.10/site-packages/airflow/example_dags/tutorial_dag.py took 0.047 seconds
[2026-02-06T09:08:37.954+0200] {processor.py:161} INFO - Started process (PID=6702) to work on /home/pazzoti/de-upskilling/airflow-flight-price-analysis/venv/lib/python3.10/site-packages/airflow/example_dags/tutorial_dag.py
[2026-02-06T09:08:37.956+0200] {processor.py:830} INFO - Processing file /home/pazzoti/de-upskilling/airflow-flight-price-analysis/venv/lib/python3.10/site-packages/airflow/example_dags/tutorial_dag.py for tasks to queue
[2026-02-06T09:08:37.956+0200] {logging_mixin.py:188} INFO - [2026-02-06T09:08:37.956+0200] {dagbag.py:538} INFO - Filling up the DagBag from /home/pazzoti/de-upskilling/airflow-flight-price-analysis/venv/lib/python3.10/site-packages/airflow/example_dags/tutorial_dag.py
[2026-02-06T09:08:37.961+0200] {processor.py:840} INFO - DAG(s) 'tutorial_dag' retrieved from /home/pazzoti/de-upskilling/airflow-flight-price-analysis/venv/lib/python3.10/site-packages/airflow/example_dags/tutorial_dag.py
[2026-02-06T09:08:37.973+0200] {logging_mixin.py:188} INFO - [2026-02-06T09:08:37.973+0200] {dag.py:3036} INFO - Sync 1 DAGs
[2026-02-06T09:08:37.980+0200] {logging_mixin.py:188} INFO - [2026-02-06T09:08:37.979+0200] {dag.py:3823} INFO - Setting next_dagrun for tutorial_dag to None, run_after=None
[2026-02-06T09:08:37.996+0200] {processor.py:183} INFO - Processing /home/pazzoti/de-upskilling/airflow-flight-price-analysis/venv/lib/python3.10/site-packages/airflow/example_dags/tutorial_dag.py took 0.044 seconds
[2026-02-06T09:09:16.014+0200] {processor.py:161} INFO - Started process (PID=6885) to work on /home/pazzoti/de-upskilling/airflow-flight-price-analysis/venv/lib/python3.10/site-packages/airflow/example_dags/tutorial_dag.py
[2026-02-06T09:09:16.017+0200] {processor.py:830} INFO - Processing file /home/pazzoti/de-upskilling/airflow-flight-price-analysis/venv/lib/python3.10/site-packages/airflow/example_dags/tutorial_dag.py for tasks to queue
[2026-02-06T09:09:16.019+0200] {logging_mixin.py:188} INFO - [2026-02-06T09:09:16.019+0200] {dagbag.py:538} INFO - Filling up the DagBag from /home/pazzoti/de-upskilling/airflow-flight-price-analysis/venv/lib/python3.10/site-packages/airflow/example_dags/tutorial_dag.py
[2026-02-06T09:09:16.029+0200] {processor.py:840} INFO - DAG(s) 'tutorial_dag' retrieved from /home/pazzoti/de-upskilling/airflow-flight-price-analysis/venv/lib/python3.10/site-packages/airflow/example_dags/tutorial_dag.py
[2026-02-06T09:09:16.065+0200] {logging_mixin.py:188} INFO - [2026-02-06T09:09:16.064+0200] {dag.py:3036} INFO - Sync 1 DAGs
[2026-02-06T09:09:16.078+0200] {logging_mixin.py:188} INFO - [2026-02-06T09:09:16.078+0200] {dag.py:3823} INFO - Setting next_dagrun for tutorial_dag to None, run_after=None
[2026-02-06T09:09:16.115+0200] {processor.py:183} INFO - Processing /home/pazzoti/de-upskilling/airflow-flight-price-analysis/venv/lib/python3.10/site-packages/airflow/example_dags/tutorial_dag.py took 0.107 seconds
[2026-02-06T09:09:54.519+0200] {processor.py:161} INFO - Started process (PID=7050) to work on /home/pazzoti/de-upskilling/airflow-flight-price-analysis/venv/lib/python3.10/site-packages/airflow/example_dags/tutorial_dag.py
[2026-02-06T09:09:54.521+0200] {processor.py:830} INFO - Processing file /home/pazzoti/de-upskilling/airflow-flight-price-analysis/venv/lib/python3.10/site-packages/airflow/example_dags/tutorial_dag.py for tasks to queue
[2026-02-06T09:09:54.522+0200] {logging_mixin.py:188} INFO - [2026-02-06T09:09:54.522+0200] {dagbag.py:538} INFO - Filling up the DagBag from /home/pazzoti/de-upskilling/airflow-flight-price-analysis/venv/lib/python3.10/site-packages/airflow/example_dags/tutorial_dag.py
[2026-02-06T09:09:54.529+0200] {processor.py:840} INFO - DAG(s) 'tutorial_dag' retrieved from /home/pazzoti/de-upskilling/airflow-flight-price-analysis/venv/lib/python3.10/site-packages/airflow/example_dags/tutorial_dag.py
[2026-02-06T09:09:54.545+0200] {logging_mixin.py:188} INFO - [2026-02-06T09:09:54.545+0200] {dag.py:3036} INFO - Sync 1 DAGs
[2026-02-06T09:09:54.558+0200] {logging_mixin.py:188} INFO - [2026-02-06T09:09:54.557+0200] {dag.py:3823} INFO - Setting next_dagrun for tutorial_dag to None, run_after=None
[2026-02-06T09:09:54.590+0200] {processor.py:183} INFO - Processing /home/pazzoti/de-upskilling/airflow-flight-price-analysis/venv/lib/python3.10/site-packages/airflow/example_dags/tutorial_dag.py took 0.074 seconds
[2026-02-06T09:11:03.200+0200] {processor.py:161} INFO - Started process (PID=7569) to work on /home/pazzoti/de-upskilling/airflow-flight-price-analysis/venv/lib/python3.10/site-packages/airflow/example_dags/tutorial_dag.py
[2026-02-06T09:11:03.205+0200] {processor.py:830} INFO - Processing file /home/pazzoti/de-upskilling/airflow-flight-price-analysis/venv/lib/python3.10/site-packages/airflow/example_dags/tutorial_dag.py for tasks to queue
[2026-02-06T09:11:03.207+0200] {logging_mixin.py:188} INFO - [2026-02-06T09:11:03.206+0200] {dagbag.py:538} INFO - Filling up the DagBag from /home/pazzoti/de-upskilling/airflow-flight-price-analysis/venv/lib/python3.10/site-packages/airflow/example_dags/tutorial_dag.py
[2026-02-06T09:11:03.230+0200] {processor.py:840} INFO - DAG(s) 'tutorial_dag' retrieved from /home/pazzoti/de-upskilling/airflow-flight-price-analysis/venv/lib/python3.10/site-packages/airflow/example_dags/tutorial_dag.py
[2026-02-06T09:11:03.747+0200] {logging_mixin.py:188} INFO - [2026-02-06T09:11:03.746+0200] {dag.py:3036} INFO - Sync 1 DAGs
[2026-02-06T09:11:03.789+0200] {logging_mixin.py:188} INFO - [2026-02-06T09:11:03.789+0200] {dag.py:3823} INFO - Setting next_dagrun for tutorial_dag to None, run_after=None
[2026-02-06T09:11:03.881+0200] {processor.py:183} INFO - Processing /home/pazzoti/de-upskilling/airflow-flight-price-analysis/venv/lib/python3.10/site-packages/airflow/example_dags/tutorial_dag.py took 0.685 seconds
[2026-02-06T09:12:08.885+0200] {processor.py:161} INFO - Started process (PID=8223) to work on /home/pazzoti/de-upskilling/airflow-flight-price-analysis/venv/lib/python3.10/site-packages/airflow/example_dags/tutorial_dag.py
[2026-02-06T09:12:08.887+0200] {processor.py:830} INFO - Processing file /home/pazzoti/de-upskilling/airflow-flight-price-analysis/venv/lib/python3.10/site-packages/airflow/example_dags/tutorial_dag.py for tasks to queue
[2026-02-06T09:12:08.887+0200] {logging_mixin.py:188} INFO - [2026-02-06T09:12:08.887+0200] {dagbag.py:538} INFO - Filling up the DagBag from /home/pazzoti/de-upskilling/airflow-flight-price-analysis/venv/lib/python3.10/site-packages/airflow/example_dags/tutorial_dag.py
[2026-02-06T09:12:08.891+0200] {processor.py:840} INFO - DAG(s) 'tutorial_dag' retrieved from /home/pazzoti/de-upskilling/airflow-flight-price-analysis/venv/lib/python3.10/site-packages/airflow/example_dags/tutorial_dag.py
[2026-02-06T09:12:08.903+0200] {logging_mixin.py:188} INFO - [2026-02-06T09:12:08.902+0200] {dag.py:3036} INFO - Sync 1 DAGs
[2026-02-06T09:12:08.910+0200] {logging_mixin.py:188} INFO - [2026-02-06T09:12:08.910+0200] {dag.py:3823} INFO - Setting next_dagrun for tutorial_dag to None, run_after=None
[2026-02-06T09:12:08.942+0200] {processor.py:183} INFO - Processing /home/pazzoti/de-upskilling/airflow-flight-price-analysis/venv/lib/python3.10/site-packages/airflow/example_dags/tutorial_dag.py took 0.062 seconds
[2026-02-06T09:12:57.505+0200] {processor.py:161} INFO - Started process (PID=8444) to work on /home/pazzoti/de-upskilling/airflow-flight-price-analysis/venv/lib/python3.10/site-packages/airflow/example_dags/tutorial_dag.py
[2026-02-06T09:12:57.519+0200] {processor.py:830} INFO - Processing file /home/pazzoti/de-upskilling/airflow-flight-price-analysis/venv/lib/python3.10/site-packages/airflow/example_dags/tutorial_dag.py for tasks to queue
[2026-02-06T09:12:57.520+0200] {logging_mixin.py:188} INFO - [2026-02-06T09:12:57.520+0200] {dagbag.py:538} INFO - Filling up the DagBag from /home/pazzoti/de-upskilling/airflow-flight-price-analysis/venv/lib/python3.10/site-packages/airflow/example_dags/tutorial_dag.py
[2026-02-06T09:12:57.524+0200] {processor.py:840} INFO - DAG(s) 'tutorial_dag' retrieved from /home/pazzoti/de-upskilling/airflow-flight-price-analysis/venv/lib/python3.10/site-packages/airflow/example_dags/tutorial_dag.py
[2026-02-06T09:12:57.534+0200] {logging_mixin.py:188} INFO - [2026-02-06T09:12:57.534+0200] {dag.py:3036} INFO - Sync 1 DAGs
[2026-02-06T09:12:57.540+0200] {logging_mixin.py:188} INFO - [2026-02-06T09:12:57.540+0200] {dag.py:3823} INFO - Setting next_dagrun for tutorial_dag to None, run_after=None
[2026-02-06T09:12:57.556+0200] {processor.py:183} INFO - Processing /home/pazzoti/de-upskilling/airflow-flight-price-analysis/venv/lib/python3.10/site-packages/airflow/example_dags/tutorial_dag.py took 0.053 seconds
[2026-02-06T09:13:46.117+0200] {processor.py:161} INFO - Started process (PID=8669) to work on /home/pazzoti/de-upskilling/airflow-flight-price-analysis/venv/lib/python3.10/site-packages/airflow/example_dags/tutorial_dag.py
[2026-02-06T09:13:46.118+0200] {processor.py:830} INFO - Processing file /home/pazzoti/de-upskilling/airflow-flight-price-analysis/venv/lib/python3.10/site-packages/airflow/example_dags/tutorial_dag.py for tasks to queue
[2026-02-06T09:13:46.119+0200] {logging_mixin.py:188} INFO - [2026-02-06T09:13:46.119+0200] {dagbag.py:538} INFO - Filling up the DagBag from /home/pazzoti/de-upskilling/airflow-flight-price-analysis/venv/lib/python3.10/site-packages/airflow/example_dags/tutorial_dag.py
[2026-02-06T09:13:46.123+0200] {processor.py:840} INFO - DAG(s) 'tutorial_dag' retrieved from /home/pazzoti/de-upskilling/airflow-flight-price-analysis/venv/lib/python3.10/site-packages/airflow/example_dags/tutorial_dag.py
[2026-02-06T09:13:46.134+0200] {logging_mixin.py:188} INFO - [2026-02-06T09:13:46.134+0200] {dag.py:3036} INFO - Sync 1 DAGs
[2026-02-06T09:13:46.141+0200] {logging_mixin.py:188} INFO - [2026-02-06T09:13:46.140+0200] {dag.py:3823} INFO - Setting next_dagrun for tutorial_dag to None, run_after=None
[2026-02-06T09:13:46.158+0200] {processor.py:183} INFO - Processing /home/pazzoti/de-upskilling/airflow-flight-price-analysis/venv/lib/python3.10/site-packages/airflow/example_dags/tutorial_dag.py took 0.047 seconds
[2026-02-06T09:14:22.288+0200] {processor.py:161} INFO - Started process (PID=8827) to work on /home/pazzoti/de-upskilling/airflow-flight-price-analysis/venv/lib/python3.10/site-packages/airflow/example_dags/tutorial_dag.py
[2026-02-06T09:14:22.290+0200] {processor.py:830} INFO - Processing file /home/pazzoti/de-upskilling/airflow-flight-price-analysis/venv/lib/python3.10/site-packages/airflow/example_dags/tutorial_dag.py for tasks to queue
[2026-02-06T09:14:22.291+0200] {logging_mixin.py:188} INFO - [2026-02-06T09:14:22.291+0200] {dagbag.py:538} INFO - Filling up the DagBag from /home/pazzoti/de-upskilling/airflow-flight-price-analysis/venv/lib/python3.10/site-packages/airflow/example_dags/tutorial_dag.py
[2026-02-06T09:14:22.298+0200] {processor.py:840} INFO - DAG(s) 'tutorial_dag' retrieved from /home/pazzoti/de-upskilling/airflow-flight-price-analysis/venv/lib/python3.10/site-packages/airflow/example_dags/tutorial_dag.py
[2026-02-06T09:14:22.309+0200] {logging_mixin.py:188} INFO - [2026-02-06T09:14:22.309+0200] {dag.py:3036} INFO - Sync 1 DAGs
[2026-02-06T09:14:22.315+0200] {logging_mixin.py:188} INFO - [2026-02-06T09:14:22.315+0200] {dag.py:3823} INFO - Setting next_dagrun for tutorial_dag to None, run_after=None
[2026-02-06T09:14:22.333+0200] {processor.py:183} INFO - Processing /home/pazzoti/de-upskilling/airflow-flight-price-analysis/venv/lib/python3.10/site-packages/airflow/example_dags/tutorial_dag.py took 0.048 seconds
[2026-02-06T09:14:59.543+0200] {processor.py:161} INFO - Started process (PID=8998) to work on /home/pazzoti/de-upskilling/airflow-flight-price-analysis/venv/lib/python3.10/site-packages/airflow/example_dags/tutorial_dag.py
[2026-02-06T09:14:59.547+0200] {processor.py:830} INFO - Processing file /home/pazzoti/de-upskilling/airflow-flight-price-analysis/venv/lib/python3.10/site-packages/airflow/example_dags/tutorial_dag.py for tasks to queue
[2026-02-06T09:14:59.549+0200] {logging_mixin.py:188} INFO - [2026-02-06T09:14:59.548+0200] {dagbag.py:538} INFO - Filling up the DagBag from /home/pazzoti/de-upskilling/airflow-flight-price-analysis/venv/lib/python3.10/site-packages/airflow/example_dags/tutorial_dag.py
[2026-02-06T09:14:59.556+0200] {processor.py:840} INFO - DAG(s) 'tutorial_dag' retrieved from /home/pazzoti/de-upskilling/airflow-flight-price-analysis/venv/lib/python3.10/site-packages/airflow/example_dags/tutorial_dag.py
[2026-02-06T09:14:59.570+0200] {logging_mixin.py:188} INFO - [2026-02-06T09:14:59.570+0200] {dag.py:3036} INFO - Sync 1 DAGs
[2026-02-06T09:14:59.578+0200] {logging_mixin.py:188} INFO - [2026-02-06T09:14:59.578+0200] {dag.py:3823} INFO - Setting next_dagrun for tutorial_dag to None, run_after=None
[2026-02-06T09:14:59.597+0200] {processor.py:183} INFO - Processing /home/pazzoti/de-upskilling/airflow-flight-price-analysis/venv/lib/python3.10/site-packages/airflow/example_dags/tutorial_dag.py took 0.060 seconds
[2026-02-06T09:15:38.511+0200] {processor.py:161} INFO - Started process (PID=9180) to work on /home/pazzoti/de-upskilling/airflow-flight-price-analysis/venv/lib/python3.10/site-packages/airflow/example_dags/tutorial_dag.py
[2026-02-06T09:15:38.513+0200] {processor.py:830} INFO - Processing file /home/pazzoti/de-upskilling/airflow-flight-price-analysis/venv/lib/python3.10/site-packages/airflow/example_dags/tutorial_dag.py for tasks to queue
[2026-02-06T09:15:38.513+0200] {logging_mixin.py:188} INFO - [2026-02-06T09:15:38.513+0200] {dagbag.py:538} INFO - Filling up the DagBag from /home/pazzoti/de-upskilling/airflow-flight-price-analysis/venv/lib/python3.10/site-packages/airflow/example_dags/tutorial_dag.py
[2026-02-06T09:15:38.518+0200] {processor.py:840} INFO - DAG(s) 'tutorial_dag' retrieved from /home/pazzoti/de-upskilling/airflow-flight-price-analysis/venv/lib/python3.10/site-packages/airflow/example_dags/tutorial_dag.py
[2026-02-06T09:15:38.530+0200] {logging_mixin.py:188} INFO - [2026-02-06T09:15:38.530+0200] {dag.py:3036} INFO - Sync 1 DAGs
[2026-02-06T09:15:38.536+0200] {logging_mixin.py:188} INFO - [2026-02-06T09:15:38.536+0200] {dag.py:3823} INFO - Setting next_dagrun for tutorial_dag to None, run_after=None
[2026-02-06T09:15:38.553+0200] {processor.py:183} INFO - Processing /home/pazzoti/de-upskilling/airflow-flight-price-analysis/venv/lib/python3.10/site-packages/airflow/example_dags/tutorial_dag.py took 0.044 seconds
[2026-02-06T09:16:26.936+0200] {processor.py:161} INFO - Started process (PID=9441) to work on /home/pazzoti/de-upskilling/airflow-flight-price-analysis/venv/lib/python3.10/site-packages/airflow/example_dags/tutorial_dag.py
[2026-02-06T09:16:26.938+0200] {processor.py:830} INFO - Processing file /home/pazzoti/de-upskilling/airflow-flight-price-analysis/venv/lib/python3.10/site-packages/airflow/example_dags/tutorial_dag.py for tasks to queue
[2026-02-06T09:16:26.939+0200] {logging_mixin.py:188} INFO - [2026-02-06T09:16:26.938+0200] {dagbag.py:538} INFO - Filling up the DagBag from /home/pazzoti/de-upskilling/airflow-flight-price-analysis/venv/lib/python3.10/site-packages/airflow/example_dags/tutorial_dag.py
[2026-02-06T09:16:26.942+0200] {processor.py:840} INFO - DAG(s) 'tutorial_dag' retrieved from /home/pazzoti/de-upskilling/airflow-flight-price-analysis/venv/lib/python3.10/site-packages/airflow/example_dags/tutorial_dag.py
[2026-02-06T09:16:26.952+0200] {logging_mixin.py:188} INFO - [2026-02-06T09:16:26.952+0200] {dag.py:3036} INFO - Sync 1 DAGs
[2026-02-06T09:16:26.958+0200] {logging_mixin.py:188} INFO - [2026-02-06T09:16:26.958+0200] {dag.py:3823} INFO - Setting next_dagrun for tutorial_dag to None, run_after=None
[2026-02-06T09:16:26.974+0200] {processor.py:183} INFO - Processing /home/pazzoti/de-upskilling/airflow-flight-price-analysis/venv/lib/python3.10/site-packages/airflow/example_dags/tutorial_dag.py took 0.041 seconds
[2026-02-06T09:17:20.716+0200] {processor.py:161} INFO - Started process (PID=9698) to work on /home/pazzoti/de-upskilling/airflow-flight-price-analysis/venv/lib/python3.10/site-packages/airflow/example_dags/tutorial_dag.py
[2026-02-06T09:17:20.727+0200] {processor.py:830} INFO - Processing file /home/pazzoti/de-upskilling/airflow-flight-price-analysis/venv/lib/python3.10/site-packages/airflow/example_dags/tutorial_dag.py for tasks to queue
[2026-02-06T09:17:20.730+0200] {logging_mixin.py:188} INFO - [2026-02-06T09:17:20.729+0200] {dagbag.py:538} INFO - Filling up the DagBag from /home/pazzoti/de-upskilling/airflow-flight-price-analysis/venv/lib/python3.10/site-packages/airflow/example_dags/tutorial_dag.py
[2026-02-06T09:17:20.751+0200] {processor.py:840} INFO - DAG(s) 'tutorial_dag' retrieved from /home/pazzoti/de-upskilling/airflow-flight-price-analysis/venv/lib/python3.10/site-packages/airflow/example_dags/tutorial_dag.py
[2026-02-06T09:17:20.806+0200] {logging_mixin.py:188} INFO - [2026-02-06T09:17:20.804+0200] {dag.py:3036} INFO - Sync 1 DAGs
[2026-02-06T09:17:20.844+0200] {logging_mixin.py:188} INFO - [2026-02-06T09:17:20.843+0200] {dag.py:3823} INFO - Setting next_dagrun for tutorial_dag to None, run_after=None
[2026-02-06T09:17:20.951+0200] {processor.py:183} INFO - Processing /home/pazzoti/de-upskilling/airflow-flight-price-analysis/venv/lib/python3.10/site-packages/airflow/example_dags/tutorial_dag.py took 0.240 seconds
[2026-02-06T09:29:20.333+0200] {processor.py:161} INFO - Started process (PID=9877) to work on /home/pazzoti/de-upskilling/airflow-flight-price-analysis/venv/lib/python3.10/site-packages/airflow/example_dags/tutorial_dag.py
[2026-02-06T09:29:20.343+0200] {processor.py:830} INFO - Processing file /home/pazzoti/de-upskilling/airflow-flight-price-analysis/venv/lib/python3.10/site-packages/airflow/example_dags/tutorial_dag.py for tasks to queue
[2026-02-06T09:29:20.343+0200] {logging_mixin.py:188} INFO - [2026-02-06T09:29:20.343+0200] {dagbag.py:538} INFO - Filling up the DagBag from /home/pazzoti/de-upskilling/airflow-flight-price-analysis/venv/lib/python3.10/site-packages/airflow/example_dags/tutorial_dag.py
[2026-02-06T09:29:20.347+0200] {processor.py:840} INFO - DAG(s) 'tutorial_dag' retrieved from /home/pazzoti/de-upskilling/airflow-flight-price-analysis/venv/lib/python3.10/site-packages/airflow/example_dags/tutorial_dag.py
[2026-02-06T09:29:20.357+0200] {logging_mixin.py:188} INFO - [2026-02-06T09:29:20.357+0200] {dag.py:3036} INFO - Sync 1 DAGs
[2026-02-06T09:29:20.364+0200] {logging_mixin.py:188} INFO - [2026-02-06T09:29:20.364+0200] {dag.py:3823} INFO - Setting next_dagrun for tutorial_dag to None, run_after=None
[2026-02-06T09:29:20.384+0200] {processor.py:183} INFO - Processing /home/pazzoti/de-upskilling/airflow-flight-price-analysis/venv/lib/python3.10/site-packages/airflow/example_dags/tutorial_dag.py took 0.054 seconds
[2026-02-06T09:30:03.117+0200] {processor.py:161} INFO - Started process (PID=9957) to work on /home/pazzoti/de-upskilling/airflow-flight-price-analysis/venv/lib/python3.10/site-packages/airflow/example_dags/tutorial_dag.py
[2026-02-06T09:30:03.119+0200] {processor.py:830} INFO - Processing file /home/pazzoti/de-upskilling/airflow-flight-price-analysis/venv/lib/python3.10/site-packages/airflow/example_dags/tutorial_dag.py for tasks to queue
[2026-02-06T09:30:03.120+0200] {logging_mixin.py:188} INFO - [2026-02-06T09:30:03.119+0200] {dagbag.py:538} INFO - Filling up the DagBag from /home/pazzoti/de-upskilling/airflow-flight-price-analysis/venv/lib/python3.10/site-packages/airflow/example_dags/tutorial_dag.py
[2026-02-06T09:30:03.127+0200] {processor.py:840} INFO - DAG(s) 'tutorial_dag' retrieved from /home/pazzoti/de-upskilling/airflow-flight-price-analysis/venv/lib/python3.10/site-packages/airflow/example_dags/tutorial_dag.py
[2026-02-06T09:30:03.146+0200] {logging_mixin.py:188} INFO - [2026-02-06T09:30:03.146+0200] {dag.py:3036} INFO - Sync 1 DAGs
[2026-02-06T09:30:03.158+0200] {logging_mixin.py:188} INFO - [2026-02-06T09:30:03.157+0200] {dag.py:3823} INFO - Setting next_dagrun for tutorial_dag to None, run_after=None
[2026-02-06T09:30:03.204+0200] {processor.py:183} INFO - Processing /home/pazzoti/de-upskilling/airflow-flight-price-analysis/venv/lib/python3.10/site-packages/airflow/example_dags/tutorial_dag.py took 0.091 seconds
[2026-02-06T09:30:46.261+0200] {processor.py:161} INFO - Started process (PID=10024) to work on /home/pazzoti/de-upskilling/airflow-flight-price-analysis/venv/lib/python3.10/site-packages/airflow/example_dags/tutorial_dag.py
[2026-02-06T09:30:46.267+0200] {processor.py:830} INFO - Processing file /home/pazzoti/de-upskilling/airflow-flight-price-analysis/venv/lib/python3.10/site-packages/airflow/example_dags/tutorial_dag.py for tasks to queue
[2026-02-06T09:30:46.268+0200] {logging_mixin.py:188} INFO - [2026-02-06T09:30:46.268+0200] {dagbag.py:538} INFO - Filling up the DagBag from /home/pazzoti/de-upskilling/airflow-flight-price-analysis/venv/lib/python3.10/site-packages/airflow/example_dags/tutorial_dag.py
[2026-02-06T09:30:46.276+0200] {processor.py:840} INFO - DAG(s) 'tutorial_dag' retrieved from /home/pazzoti/de-upskilling/airflow-flight-price-analysis/venv/lib/python3.10/site-packages/airflow/example_dags/tutorial_dag.py
[2026-02-06T09:30:46.289+0200] {logging_mixin.py:188} INFO - [2026-02-06T09:30:46.288+0200] {dag.py:3036} INFO - Sync 1 DAGs
[2026-02-06T09:30:46.298+0200] {logging_mixin.py:188} INFO - [2026-02-06T09:30:46.297+0200] {dag.py:3823} INFO - Setting next_dagrun for tutorial_dag to None, run_after=None
[2026-02-06T09:30:46.326+0200] {processor.py:183} INFO - Processing /home/pazzoti/de-upskilling/airflow-flight-price-analysis/venv/lib/python3.10/site-packages/airflow/example_dags/tutorial_dag.py took 0.069 seconds
[2026-02-06T09:31:27.637+0200] {processor.py:161} INFO - Started process (PID=10096) to work on /home/pazzoti/de-upskilling/airflow-flight-price-analysis/venv/lib/python3.10/site-packages/airflow/example_dags/tutorial_dag.py
[2026-02-06T09:31:27.638+0200] {processor.py:830} INFO - Processing file /home/pazzoti/de-upskilling/airflow-flight-price-analysis/venv/lib/python3.10/site-packages/airflow/example_dags/tutorial_dag.py for tasks to queue
[2026-02-06T09:31:27.639+0200] {logging_mixin.py:188} INFO - [2026-02-06T09:31:27.639+0200] {dagbag.py:538} INFO - Filling up the DagBag from /home/pazzoti/de-upskilling/airflow-flight-price-analysis/venv/lib/python3.10/site-packages/airflow/example_dags/tutorial_dag.py
[2026-02-06T09:31:27.644+0200] {processor.py:840} INFO - DAG(s) 'tutorial_dag' retrieved from /home/pazzoti/de-upskilling/airflow-flight-price-analysis/venv/lib/python3.10/site-packages/airflow/example_dags/tutorial_dag.py
[2026-02-06T09:31:27.655+0200] {logging_mixin.py:188} INFO - [2026-02-06T09:31:27.654+0200] {dag.py:3036} INFO - Sync 1 DAGs
[2026-02-06T09:31:27.662+0200] {logging_mixin.py:188} INFO - [2026-02-06T09:31:27.661+0200] {dag.py:3823} INFO - Setting next_dagrun for tutorial_dag to None, run_after=None
[2026-02-06T09:31:27.677+0200] {processor.py:183} INFO - Processing /home/pazzoti/de-upskilling/airflow-flight-price-analysis/venv/lib/python3.10/site-packages/airflow/example_dags/tutorial_dag.py took 0.042 seconds
[2026-02-06T09:32:15.730+0200] {processor.py:161} INFO - Started process (PID=10182) to work on /home/pazzoti/de-upskilling/airflow-flight-price-analysis/venv/lib/python3.10/site-packages/airflow/example_dags/tutorial_dag.py
[2026-02-06T09:32:15.735+0200] {processor.py:830} INFO - Processing file /home/pazzoti/de-upskilling/airflow-flight-price-analysis/venv/lib/python3.10/site-packages/airflow/example_dags/tutorial_dag.py for tasks to queue
[2026-02-06T09:32:15.735+0200] {logging_mixin.py:188} INFO - [2026-02-06T09:32:15.735+0200] {dagbag.py:538} INFO - Filling up the DagBag from /home/pazzoti/de-upskilling/airflow-flight-price-analysis/venv/lib/python3.10/site-packages/airflow/example_dags/tutorial_dag.py
[2026-02-06T09:32:15.740+0200] {processor.py:840} INFO - DAG(s) 'tutorial_dag' retrieved from /home/pazzoti/de-upskilling/airflow-flight-price-analysis/venv/lib/python3.10/site-packages/airflow/example_dags/tutorial_dag.py
[2026-02-06T09:32:15.751+0200] {logging_mixin.py:188} INFO - [2026-02-06T09:32:15.750+0200] {dag.py:3036} INFO - Sync 1 DAGs
[2026-02-06T09:32:15.757+0200] {logging_mixin.py:188} INFO - [2026-02-06T09:32:15.757+0200] {dag.py:3823} INFO - Setting next_dagrun for tutorial_dag to None, run_after=None
[2026-02-06T09:32:15.772+0200] {processor.py:183} INFO - Processing /home/pazzoti/de-upskilling/airflow-flight-price-analysis/venv/lib/python3.10/site-packages/airflow/example_dags/tutorial_dag.py took 0.045 seconds
[2026-02-06T09:32:52.036+0200] {processor.py:161} INFO - Started process (PID=10284) to work on /home/pazzoti/de-upskilling/airflow-flight-price-analysis/venv/lib/python3.10/site-packages/airflow/example_dags/tutorial_dag.py
[2026-02-06T09:32:52.041+0200] {processor.py:830} INFO - Processing file /home/pazzoti/de-upskilling/airflow-flight-price-analysis/venv/lib/python3.10/site-packages/airflow/example_dags/tutorial_dag.py for tasks to queue
[2026-02-06T09:32:52.042+0200] {logging_mixin.py:188} INFO - [2026-02-06T09:32:52.042+0200] {dagbag.py:538} INFO - Filling up the DagBag from /home/pazzoti/de-upskilling/airflow-flight-price-analysis/venv/lib/python3.10/site-packages/airflow/example_dags/tutorial_dag.py
[2026-02-06T09:32:52.046+0200] {processor.py:840} INFO - DAG(s) 'tutorial_dag' retrieved from /home/pazzoti/de-upskilling/airflow-flight-price-analysis/venv/lib/python3.10/site-packages/airflow/example_dags/tutorial_dag.py
[2026-02-06T09:32:52.058+0200] {logging_mixin.py:188} INFO - [2026-02-06T09:32:52.057+0200] {dag.py:3036} INFO - Sync 1 DAGs
[2026-02-06T09:32:52.064+0200] {logging_mixin.py:188} INFO - [2026-02-06T09:32:52.064+0200] {dag.py:3823} INFO - Setting next_dagrun for tutorial_dag to None, run_after=None
[2026-02-06T09:32:52.079+0200] {processor.py:183} INFO - Processing /home/pazzoti/de-upskilling/airflow-flight-price-analysis/venv/lib/python3.10/site-packages/airflow/example_dags/tutorial_dag.py took 0.046 seconds
[2026-02-06T09:33:39.409+0200] {processor.py:161} INFO - Started process (PID=10349) to work on /home/pazzoti/de-upskilling/airflow-flight-price-analysis/venv/lib/python3.10/site-packages/airflow/example_dags/tutorial_dag.py
[2026-02-06T09:33:39.410+0200] {processor.py:830} INFO - Processing file /home/pazzoti/de-upskilling/airflow-flight-price-analysis/venv/lib/python3.10/site-packages/airflow/example_dags/tutorial_dag.py for tasks to queue
[2026-02-06T09:33:39.412+0200] {logging_mixin.py:188} INFO - [2026-02-06T09:33:39.411+0200] {dagbag.py:538} INFO - Filling up the DagBag from /home/pazzoti/de-upskilling/airflow-flight-price-analysis/venv/lib/python3.10/site-packages/airflow/example_dags/tutorial_dag.py
[2026-02-06T09:33:39.420+0200] {processor.py:840} INFO - DAG(s) 'tutorial_dag' retrieved from /home/pazzoti/de-upskilling/airflow-flight-price-analysis/venv/lib/python3.10/site-packages/airflow/example_dags/tutorial_dag.py
[2026-02-06T09:33:39.439+0200] {logging_mixin.py:188} INFO - [2026-02-06T09:33:39.439+0200] {dag.py:3036} INFO - Sync 1 DAGs
[2026-02-06T09:33:39.447+0200] {logging_mixin.py:188} INFO - [2026-02-06T09:33:39.447+0200] {dag.py:3823} INFO - Setting next_dagrun for tutorial_dag to None, run_after=None
[2026-02-06T09:33:39.465+0200] {processor.py:183} INFO - Processing /home/pazzoti/de-upskilling/airflow-flight-price-analysis/venv/lib/python3.10/site-packages/airflow/example_dags/tutorial_dag.py took 0.059 seconds
[2026-02-06T09:34:29.506+0200] {processor.py:161} INFO - Started process (PID=10437) to work on /home/pazzoti/de-upskilling/airflow-flight-price-analysis/venv/lib/python3.10/site-packages/airflow/example_dags/tutorial_dag.py
[2026-02-06T09:34:29.515+0200] {processor.py:830} INFO - Processing file /home/pazzoti/de-upskilling/airflow-flight-price-analysis/venv/lib/python3.10/site-packages/airflow/example_dags/tutorial_dag.py for tasks to queue
[2026-02-06T09:34:29.516+0200] {logging_mixin.py:188} INFO - [2026-02-06T09:34:29.516+0200] {dagbag.py:538} INFO - Filling up the DagBag from /home/pazzoti/de-upskilling/airflow-flight-price-analysis/venv/lib/python3.10/site-packages/airflow/example_dags/tutorial_dag.py
[2026-02-06T09:34:29.525+0200] {processor.py:840} INFO - DAG(s) 'tutorial_dag' retrieved from /home/pazzoti/de-upskilling/airflow-flight-price-analysis/venv/lib/python3.10/site-packages/airflow/example_dags/tutorial_dag.py
[2026-02-06T09:34:29.535+0200] {logging_mixin.py:188} INFO - [2026-02-06T09:34:29.535+0200] {dag.py:3036} INFO - Sync 1 DAGs
[2026-02-06T09:34:29.543+0200] {logging_mixin.py:188} INFO - [2026-02-06T09:34:29.543+0200] {dag.py:3823} INFO - Setting next_dagrun for tutorial_dag to None, run_after=None
[2026-02-06T09:34:29.560+0200] {processor.py:183} INFO - Processing /home/pazzoti/de-upskilling/airflow-flight-price-analysis/venv/lib/python3.10/site-packages/airflow/example_dags/tutorial_dag.py took 0.058 seconds
