[2026-02-06T09:01:37.756+0200] {processor.py:161} INFO - Started process (PID=4362) to work on /home/pazzoti/de-upskilling/airflow-flight-price-analysis/venv/lib/python3.10/site-packages/airflow/example_dags/tutorial_taskflow_api.py
[2026-02-06T09:01:37.757+0200] {processor.py:830} INFO - Processing file /home/pazzoti/de-upskilling/airflow-flight-price-analysis/venv/lib/python3.10/site-packages/airflow/example_dags/tutorial_taskflow_api.py for tasks to queue
[2026-02-06T09:01:37.758+0200] {logging_mixin.py:188} INFO - [2026-02-06T09:01:37.758+0200] {dagbag.py:538} INFO - Filling up the DagBag from /home/pazzoti/de-upskilling/airflow-flight-price-analysis/venv/lib/python3.10/site-packages/airflow/example_dags/tutorial_taskflow_api.py
[2026-02-06T09:01:37.767+0200] {processor.py:840} INFO - DAG(s) 'tutorial_taskflow_api' retrieved from /home/pazzoti/de-upskilling/airflow-flight-price-analysis/venv/lib/python3.10/site-packages/airflow/example_dags/tutorial_taskflow_api.py
[2026-02-06T09:01:37.781+0200] {logging_mixin.py:188} INFO - [2026-02-06T09:01:37.780+0200] {dag.py:3036} INFO - Sync 1 DAGs
[2026-02-06T09:01:37.787+0200] {logging_mixin.py:188} INFO - [2026-02-06T09:01:37.787+0200] {dag.py:3823} INFO - Setting next_dagrun for tutorial_taskflow_api to None, run_after=None
[2026-02-06T09:01:37.804+0200] {processor.py:183} INFO - Processing /home/pazzoti/de-upskilling/airflow-flight-price-analysis/venv/lib/python3.10/site-packages/airflow/example_dags/tutorial_taskflow_api.py took 0.051 seconds
[2026-02-06T09:02:27.938+0200] {processor.py:161} INFO - Started process (PID=4868) to work on /home/pazzoti/de-upskilling/airflow-flight-price-analysis/venv/lib/python3.10/site-packages/airflow/example_dags/tutorial_taskflow_api.py
[2026-02-06T09:02:27.939+0200] {processor.py:830} INFO - Processing file /home/pazzoti/de-upskilling/airflow-flight-price-analysis/venv/lib/python3.10/site-packages/airflow/example_dags/tutorial_taskflow_api.py for tasks to queue
[2026-02-06T09:02:27.940+0200] {logging_mixin.py:188} INFO - [2026-02-06T09:02:27.940+0200] {dagbag.py:538} INFO - Filling up the DagBag from /home/pazzoti/de-upskilling/airflow-flight-price-analysis/venv/lib/python3.10/site-packages/airflow/example_dags/tutorial_taskflow_api.py
[2026-02-06T09:02:27.944+0200] {processor.py:840} INFO - DAG(s) 'tutorial_taskflow_api' retrieved from /home/pazzoti/de-upskilling/airflow-flight-price-analysis/venv/lib/python3.10/site-packages/airflow/example_dags/tutorial_taskflow_api.py
[2026-02-06T09:02:27.954+0200] {logging_mixin.py:188} INFO - [2026-02-06T09:02:27.953+0200] {dag.py:3036} INFO - Sync 1 DAGs
[2026-02-06T09:02:27.960+0200] {logging_mixin.py:188} INFO - [2026-02-06T09:02:27.959+0200] {dag.py:3823} INFO - Setting next_dagrun for tutorial_taskflow_api to None, run_after=None
[2026-02-06T09:02:27.977+0200] {processor.py:183} INFO - Processing /home/pazzoti/de-upskilling/airflow-flight-price-analysis/venv/lib/python3.10/site-packages/airflow/example_dags/tutorial_taskflow_api.py took 0.042 seconds
[2026-02-06T09:03:16.849+0200] {processor.py:161} INFO - Started process (PID=5103) to work on /home/pazzoti/de-upskilling/airflow-flight-price-analysis/venv/lib/python3.10/site-packages/airflow/example_dags/tutorial_taskflow_api.py
[2026-02-06T09:03:16.851+0200] {processor.py:830} INFO - Processing file /home/pazzoti/de-upskilling/airflow-flight-price-analysis/venv/lib/python3.10/site-packages/airflow/example_dags/tutorial_taskflow_api.py for tasks to queue
[2026-02-06T09:03:16.852+0200] {logging_mixin.py:188} INFO - [2026-02-06T09:03:16.852+0200] {dagbag.py:538} INFO - Filling up the DagBag from /home/pazzoti/de-upskilling/airflow-flight-price-analysis/venv/lib/python3.10/site-packages/airflow/example_dags/tutorial_taskflow_api.py
[2026-02-06T09:03:16.857+0200] {processor.py:840} INFO - DAG(s) 'tutorial_taskflow_api' retrieved from /home/pazzoti/de-upskilling/airflow-flight-price-analysis/venv/lib/python3.10/site-packages/airflow/example_dags/tutorial_taskflow_api.py
[2026-02-06T09:03:16.871+0200] {logging_mixin.py:188} INFO - [2026-02-06T09:03:16.871+0200] {dag.py:3036} INFO - Sync 1 DAGs
[2026-02-06T09:03:16.878+0200] {logging_mixin.py:188} INFO - [2026-02-06T09:03:16.878+0200] {dag.py:3823} INFO - Setting next_dagrun for tutorial_taskflow_api to None, run_after=None
[2026-02-06T09:03:16.907+0200] {processor.py:183} INFO - Processing /home/pazzoti/de-upskilling/airflow-flight-price-analysis/venv/lib/python3.10/site-packages/airflow/example_dags/tutorial_taskflow_api.py took 0.062 seconds
[2026-02-06T09:04:09.747+0200] {processor.py:161} INFO - Started process (PID=5340) to work on /home/pazzoti/de-upskilling/airflow-flight-price-analysis/venv/lib/python3.10/site-packages/airflow/example_dags/tutorial_taskflow_api.py
[2026-02-06T09:04:09.748+0200] {processor.py:830} INFO - Processing file /home/pazzoti/de-upskilling/airflow-flight-price-analysis/venv/lib/python3.10/site-packages/airflow/example_dags/tutorial_taskflow_api.py for tasks to queue
[2026-02-06T09:04:09.749+0200] {logging_mixin.py:188} INFO - [2026-02-06T09:04:09.749+0200] {dagbag.py:538} INFO - Filling up the DagBag from /home/pazzoti/de-upskilling/airflow-flight-price-analysis/venv/lib/python3.10/site-packages/airflow/example_dags/tutorial_taskflow_api.py
[2026-02-06T09:04:09.755+0200] {processor.py:840} INFO - DAG(s) 'tutorial_taskflow_api' retrieved from /home/pazzoti/de-upskilling/airflow-flight-price-analysis/venv/lib/python3.10/site-packages/airflow/example_dags/tutorial_taskflow_api.py
[2026-02-06T09:04:09.766+0200] {logging_mixin.py:188} INFO - [2026-02-06T09:04:09.766+0200] {dag.py:3036} INFO - Sync 1 DAGs
[2026-02-06T09:04:09.773+0200] {logging_mixin.py:188} INFO - [2026-02-06T09:04:09.773+0200] {dag.py:3823} INFO - Setting next_dagrun for tutorial_taskflow_api to None, run_after=None
[2026-02-06T09:04:09.791+0200] {processor.py:183} INFO - Processing /home/pazzoti/de-upskilling/airflow-flight-price-analysis/venv/lib/python3.10/site-packages/airflow/example_dags/tutorial_taskflow_api.py took 0.046 seconds
[2026-02-06T09:05:05.392+0200] {processor.py:161} INFO - Started process (PID=5630) to work on /home/pazzoti/de-upskilling/airflow-flight-price-analysis/venv/lib/python3.10/site-packages/airflow/example_dags/tutorial_taskflow_api.py
[2026-02-06T09:05:05.394+0200] {processor.py:830} INFO - Processing file /home/pazzoti/de-upskilling/airflow-flight-price-analysis/venv/lib/python3.10/site-packages/airflow/example_dags/tutorial_taskflow_api.py for tasks to queue
[2026-02-06T09:05:05.395+0200] {logging_mixin.py:188} INFO - [2026-02-06T09:05:05.395+0200] {dagbag.py:538} INFO - Filling up the DagBag from /home/pazzoti/de-upskilling/airflow-flight-price-analysis/venv/lib/python3.10/site-packages/airflow/example_dags/tutorial_taskflow_api.py
[2026-02-06T09:05:05.400+0200] {processor.py:840} INFO - DAG(s) 'tutorial_taskflow_api' retrieved from /home/pazzoti/de-upskilling/airflow-flight-price-analysis/venv/lib/python3.10/site-packages/airflow/example_dags/tutorial_taskflow_api.py
[2026-02-06T09:05:05.411+0200] {logging_mixin.py:188} INFO - [2026-02-06T09:05:05.411+0200] {dag.py:3036} INFO - Sync 1 DAGs
[2026-02-06T09:05:05.418+0200] {logging_mixin.py:188} INFO - [2026-02-06T09:05:05.418+0200] {dag.py:3823} INFO - Setting next_dagrun for tutorial_taskflow_api to None, run_after=None
[2026-02-06T09:05:05.437+0200] {processor.py:183} INFO - Processing /home/pazzoti/de-upskilling/airflow-flight-price-analysis/venv/lib/python3.10/site-packages/airflow/example_dags/tutorial_taskflow_api.py took 0.047 seconds
[2026-02-06T09:06:01.346+0200] {processor.py:161} INFO - Started process (PID=5915) to work on /home/pazzoti/de-upskilling/airflow-flight-price-analysis/venv/lib/python3.10/site-packages/airflow/example_dags/tutorial_taskflow_api.py
[2026-02-06T09:06:01.350+0200] {processor.py:830} INFO - Processing file /home/pazzoti/de-upskilling/airflow-flight-price-analysis/venv/lib/python3.10/site-packages/airflow/example_dags/tutorial_taskflow_api.py for tasks to queue
[2026-02-06T09:06:01.351+0200] {logging_mixin.py:188} INFO - [2026-02-06T09:06:01.350+0200] {dagbag.py:538} INFO - Filling up the DagBag from /home/pazzoti/de-upskilling/airflow-flight-price-analysis/venv/lib/python3.10/site-packages/airflow/example_dags/tutorial_taskflow_api.py
[2026-02-06T09:06:01.357+0200] {processor.py:840} INFO - DAG(s) 'tutorial_taskflow_api' retrieved from /home/pazzoti/de-upskilling/airflow-flight-price-analysis/venv/lib/python3.10/site-packages/airflow/example_dags/tutorial_taskflow_api.py
[2026-02-06T09:06:01.367+0200] {logging_mixin.py:188} INFO - [2026-02-06T09:06:01.367+0200] {dag.py:3036} INFO - Sync 1 DAGs
[2026-02-06T09:06:01.374+0200] {logging_mixin.py:188} INFO - [2026-02-06T09:06:01.373+0200] {dag.py:3823} INFO - Setting next_dagrun for tutorial_taskflow_api to None, run_after=None
[2026-02-06T09:06:01.390+0200] {processor.py:183} INFO - Processing /home/pazzoti/de-upskilling/airflow-flight-price-analysis/venv/lib/python3.10/site-packages/airflow/example_dags/tutorial_taskflow_api.py took 0.047 seconds
[2026-02-06T09:06:57.553+0200] {processor.py:161} INFO - Started process (PID=6193) to work on /home/pazzoti/de-upskilling/airflow-flight-price-analysis/venv/lib/python3.10/site-packages/airflow/example_dags/tutorial_taskflow_api.py
[2026-02-06T09:06:57.555+0200] {processor.py:830} INFO - Processing file /home/pazzoti/de-upskilling/airflow-flight-price-analysis/venv/lib/python3.10/site-packages/airflow/example_dags/tutorial_taskflow_api.py for tasks to queue
[2026-02-06T09:06:57.556+0200] {logging_mixin.py:188} INFO - [2026-02-06T09:06:57.555+0200] {dagbag.py:538} INFO - Filling up the DagBag from /home/pazzoti/de-upskilling/airflow-flight-price-analysis/venv/lib/python3.10/site-packages/airflow/example_dags/tutorial_taskflow_api.py
[2026-02-06T09:06:57.566+0200] {processor.py:840} INFO - DAG(s) 'tutorial_taskflow_api' retrieved from /home/pazzoti/de-upskilling/airflow-flight-price-analysis/venv/lib/python3.10/site-packages/airflow/example_dags/tutorial_taskflow_api.py
[2026-02-06T09:06:57.583+0200] {logging_mixin.py:188} INFO - [2026-02-06T09:06:57.583+0200] {dag.py:3036} INFO - Sync 1 DAGs
[2026-02-06T09:06:57.590+0200] {logging_mixin.py:188} INFO - [2026-02-06T09:06:57.589+0200] {dag.py:3823} INFO - Setting next_dagrun for tutorial_taskflow_api to None, run_after=None
[2026-02-06T09:06:57.613+0200] {processor.py:183} INFO - Processing /home/pazzoti/de-upskilling/airflow-flight-price-analysis/venv/lib/python3.10/site-packages/airflow/example_dags/tutorial_taskflow_api.py took 0.063 seconds
[2026-02-06T09:07:50.425+0200] {processor.py:161} INFO - Started process (PID=6477) to work on /home/pazzoti/de-upskilling/airflow-flight-price-analysis/venv/lib/python3.10/site-packages/airflow/example_dags/tutorial_taskflow_api.py
[2026-02-06T09:07:50.427+0200] {processor.py:830} INFO - Processing file /home/pazzoti/de-upskilling/airflow-flight-price-analysis/venv/lib/python3.10/site-packages/airflow/example_dags/tutorial_taskflow_api.py for tasks to queue
[2026-02-06T09:07:50.428+0200] {logging_mixin.py:188} INFO - [2026-02-06T09:07:50.427+0200] {dagbag.py:538} INFO - Filling up the DagBag from /home/pazzoti/de-upskilling/airflow-flight-price-analysis/venv/lib/python3.10/site-packages/airflow/example_dags/tutorial_taskflow_api.py
[2026-02-06T09:07:50.433+0200] {processor.py:840} INFO - DAG(s) 'tutorial_taskflow_api' retrieved from /home/pazzoti/de-upskilling/airflow-flight-price-analysis/venv/lib/python3.10/site-packages/airflow/example_dags/tutorial_taskflow_api.py
[2026-02-06T09:07:50.443+0200] {logging_mixin.py:188} INFO - [2026-02-06T09:07:50.443+0200] {dag.py:3036} INFO - Sync 1 DAGs
[2026-02-06T09:07:50.450+0200] {logging_mixin.py:188} INFO - [2026-02-06T09:07:50.449+0200] {dag.py:3823} INFO - Setting next_dagrun for tutorial_taskflow_api to None, run_after=None
[2026-02-06T09:07:50.466+0200] {processor.py:183} INFO - Processing /home/pazzoti/de-upskilling/airflow-flight-price-analysis/venv/lib/python3.10/site-packages/airflow/example_dags/tutorial_taskflow_api.py took 0.043 seconds
[2026-02-06T09:08:45.389+0200] {processor.py:161} INFO - Started process (PID=6733) to work on /home/pazzoti/de-upskilling/airflow-flight-price-analysis/venv/lib/python3.10/site-packages/airflow/example_dags/tutorial_taskflow_api.py
[2026-02-06T09:08:45.396+0200] {processor.py:830} INFO - Processing file /home/pazzoti/de-upskilling/airflow-flight-price-analysis/venv/lib/python3.10/site-packages/airflow/example_dags/tutorial_taskflow_api.py for tasks to queue
[2026-02-06T09:08:45.396+0200] {logging_mixin.py:188} INFO - [2026-02-06T09:08:45.396+0200] {dagbag.py:538} INFO - Filling up the DagBag from /home/pazzoti/de-upskilling/airflow-flight-price-analysis/venv/lib/python3.10/site-packages/airflow/example_dags/tutorial_taskflow_api.py
[2026-02-06T09:08:45.402+0200] {processor.py:840} INFO - DAG(s) 'tutorial_taskflow_api' retrieved from /home/pazzoti/de-upskilling/airflow-flight-price-analysis/venv/lib/python3.10/site-packages/airflow/example_dags/tutorial_taskflow_api.py
[2026-02-06T09:08:45.412+0200] {logging_mixin.py:188} INFO - [2026-02-06T09:08:45.412+0200] {dag.py:3036} INFO - Sync 1 DAGs
[2026-02-06T09:08:45.419+0200] {logging_mixin.py:188} INFO - [2026-02-06T09:08:45.418+0200] {dag.py:3823} INFO - Setting next_dagrun for tutorial_taskflow_api to None, run_after=None
[2026-02-06T09:08:45.440+0200] {processor.py:183} INFO - Processing /home/pazzoti/de-upskilling/airflow-flight-price-analysis/venv/lib/python3.10/site-packages/airflow/example_dags/tutorial_taskflow_api.py took 0.054 seconds
[2026-02-06T09:09:43.815+0200] {processor.py:161} INFO - Started process (PID=6997) to work on /home/pazzoti/de-upskilling/airflow-flight-price-analysis/venv/lib/python3.10/site-packages/airflow/example_dags/tutorial_taskflow_api.py
[2026-02-06T09:09:43.817+0200] {processor.py:830} INFO - Processing file /home/pazzoti/de-upskilling/airflow-flight-price-analysis/venv/lib/python3.10/site-packages/airflow/example_dags/tutorial_taskflow_api.py for tasks to queue
[2026-02-06T09:09:43.818+0200] {logging_mixin.py:188} INFO - [2026-02-06T09:09:43.818+0200] {dagbag.py:538} INFO - Filling up the DagBag from /home/pazzoti/de-upskilling/airflow-flight-price-analysis/venv/lib/python3.10/site-packages/airflow/example_dags/tutorial_taskflow_api.py
[2026-02-06T09:09:43.827+0200] {processor.py:840} INFO - DAG(s) 'tutorial_taskflow_api' retrieved from /home/pazzoti/de-upskilling/airflow-flight-price-analysis/venv/lib/python3.10/site-packages/airflow/example_dags/tutorial_taskflow_api.py
[2026-02-06T09:09:43.842+0200] {logging_mixin.py:188} INFO - [2026-02-06T09:09:43.842+0200] {dag.py:3036} INFO - Sync 1 DAGs
[2026-02-06T09:09:43.850+0200] {logging_mixin.py:188} INFO - [2026-02-06T09:09:43.850+0200] {dag.py:3823} INFO - Setting next_dagrun for tutorial_taskflow_api to None, run_after=None
[2026-02-06T09:09:43.874+0200] {processor.py:183} INFO - Processing /home/pazzoti/de-upskilling/airflow-flight-price-analysis/venv/lib/python3.10/site-packages/airflow/example_dags/tutorial_taskflow_api.py took 0.061 seconds
[2026-02-06T09:11:45.457+0200] {processor.py:161} INFO - Started process (PID=8046) to work on /home/pazzoti/de-upskilling/airflow-flight-price-analysis/venv/lib/python3.10/site-packages/airflow/example_dags/tutorial_taskflow_api.py
[2026-02-06T09:11:45.459+0200] {processor.py:830} INFO - Processing file /home/pazzoti/de-upskilling/airflow-flight-price-analysis/venv/lib/python3.10/site-packages/airflow/example_dags/tutorial_taskflow_api.py for tasks to queue
[2026-02-06T09:11:45.460+0200] {logging_mixin.py:188} INFO - [2026-02-06T09:11:45.460+0200] {dagbag.py:538} INFO - Filling up the DagBag from /home/pazzoti/de-upskilling/airflow-flight-price-analysis/venv/lib/python3.10/site-packages/airflow/example_dags/tutorial_taskflow_api.py
[2026-02-06T09:11:45.470+0200] {processor.py:840} INFO - DAG(s) 'tutorial_taskflow_api' retrieved from /home/pazzoti/de-upskilling/airflow-flight-price-analysis/venv/lib/python3.10/site-packages/airflow/example_dags/tutorial_taskflow_api.py
[2026-02-06T09:11:45.490+0200] {logging_mixin.py:188} INFO - [2026-02-06T09:11:45.490+0200] {dag.py:3036} INFO - Sync 1 DAGs
[2026-02-06T09:11:45.500+0200] {logging_mixin.py:188} INFO - [2026-02-06T09:11:45.500+0200] {dag.py:3823} INFO - Setting next_dagrun for tutorial_taskflow_api to None, run_after=None
[2026-02-06T09:11:45.524+0200] {processor.py:183} INFO - Processing /home/pazzoti/de-upskilling/airflow-flight-price-analysis/venv/lib/python3.10/site-packages/airflow/example_dags/tutorial_taskflow_api.py took 0.071 seconds
[2026-02-06T09:12:34.710+0200] {processor.py:161} INFO - Started process (PID=8330) to work on /home/pazzoti/de-upskilling/airflow-flight-price-analysis/venv/lib/python3.10/site-packages/airflow/example_dags/tutorial_taskflow_api.py
[2026-02-06T09:12:34.712+0200] {processor.py:830} INFO - Processing file /home/pazzoti/de-upskilling/airflow-flight-price-analysis/venv/lib/python3.10/site-packages/airflow/example_dags/tutorial_taskflow_api.py for tasks to queue
[2026-02-06T09:12:34.714+0200] {logging_mixin.py:188} INFO - [2026-02-06T09:12:34.713+0200] {dagbag.py:538} INFO - Filling up the DagBag from /home/pazzoti/de-upskilling/airflow-flight-price-analysis/venv/lib/python3.10/site-packages/airflow/example_dags/tutorial_taskflow_api.py
[2026-02-06T09:12:34.721+0200] {processor.py:840} INFO - DAG(s) 'tutorial_taskflow_api' retrieved from /home/pazzoti/de-upskilling/airflow-flight-price-analysis/venv/lib/python3.10/site-packages/airflow/example_dags/tutorial_taskflow_api.py
[2026-02-06T09:12:34.732+0200] {logging_mixin.py:188} INFO - [2026-02-06T09:12:34.732+0200] {dag.py:3036} INFO - Sync 1 DAGs
[2026-02-06T09:12:34.740+0200] {logging_mixin.py:188} INFO - [2026-02-06T09:12:34.739+0200] {dag.py:3823} INFO - Setting next_dagrun for tutorial_taskflow_api to None, run_after=None
[2026-02-06T09:12:34.755+0200] {processor.py:183} INFO - Processing /home/pazzoti/de-upskilling/airflow-flight-price-analysis/venv/lib/python3.10/site-packages/airflow/example_dags/tutorial_taskflow_api.py took 0.047 seconds
[2026-02-06T09:13:22.120+0200] {processor.py:161} INFO - Started process (PID=8546) to work on /home/pazzoti/de-upskilling/airflow-flight-price-analysis/venv/lib/python3.10/site-packages/airflow/example_dags/tutorial_taskflow_api.py
[2026-02-06T09:13:22.121+0200] {processor.py:830} INFO - Processing file /home/pazzoti/de-upskilling/airflow-flight-price-analysis/venv/lib/python3.10/site-packages/airflow/example_dags/tutorial_taskflow_api.py for tasks to queue
[2026-02-06T09:13:22.122+0200] {logging_mixin.py:188} INFO - [2026-02-06T09:13:22.121+0200] {dagbag.py:538} INFO - Filling up the DagBag from /home/pazzoti/de-upskilling/airflow-flight-price-analysis/venv/lib/python3.10/site-packages/airflow/example_dags/tutorial_taskflow_api.py
[2026-02-06T09:13:22.127+0200] {processor.py:840} INFO - DAG(s) 'tutorial_taskflow_api' retrieved from /home/pazzoti/de-upskilling/airflow-flight-price-analysis/venv/lib/python3.10/site-packages/airflow/example_dags/tutorial_taskflow_api.py
[2026-02-06T09:13:22.141+0200] {logging_mixin.py:188} INFO - [2026-02-06T09:13:22.141+0200] {dag.py:3036} INFO - Sync 1 DAGs
[2026-02-06T09:13:22.154+0200] {logging_mixin.py:188} INFO - [2026-02-06T09:13:22.153+0200] {dag.py:3823} INFO - Setting next_dagrun for tutorial_taskflow_api to None, run_after=None
[2026-02-06T09:13:22.195+0200] {processor.py:183} INFO - Processing /home/pazzoti/de-upskilling/airflow-flight-price-analysis/venv/lib/python3.10/site-packages/airflow/example_dags/tutorial_taskflow_api.py took 0.078 seconds
[2026-02-06T09:14:17.235+0200] {processor.py:161} INFO - Started process (PID=8808) to work on /home/pazzoti/de-upskilling/airflow-flight-price-analysis/venv/lib/python3.10/site-packages/airflow/example_dags/tutorial_taskflow_api.py
[2026-02-06T09:14:17.237+0200] {processor.py:830} INFO - Processing file /home/pazzoti/de-upskilling/airflow-flight-price-analysis/venv/lib/python3.10/site-packages/airflow/example_dags/tutorial_taskflow_api.py for tasks to queue
[2026-02-06T09:14:17.237+0200] {logging_mixin.py:188} INFO - [2026-02-06T09:14:17.237+0200] {dagbag.py:538} INFO - Filling up the DagBag from /home/pazzoti/de-upskilling/airflow-flight-price-analysis/venv/lib/python3.10/site-packages/airflow/example_dags/tutorial_taskflow_api.py
[2026-02-06T09:14:17.244+0200] {processor.py:840} INFO - DAG(s) 'tutorial_taskflow_api' retrieved from /home/pazzoti/de-upskilling/airflow-flight-price-analysis/venv/lib/python3.10/site-packages/airflow/example_dags/tutorial_taskflow_api.py
[2026-02-06T09:14:17.254+0200] {logging_mixin.py:188} INFO - [2026-02-06T09:14:17.254+0200] {dag.py:3036} INFO - Sync 1 DAGs
[2026-02-06T09:14:17.261+0200] {logging_mixin.py:188} INFO - [2026-02-06T09:14:17.261+0200] {dag.py:3823} INFO - Setting next_dagrun for tutorial_taskflow_api to None, run_after=None
[2026-02-06T09:14:17.277+0200] {processor.py:183} INFO - Processing /home/pazzoti/de-upskilling/airflow-flight-price-analysis/venv/lib/python3.10/site-packages/airflow/example_dags/tutorial_taskflow_api.py took 0.044 seconds
[2026-02-06T09:15:10.809+0200] {processor.py:161} INFO - Started process (PID=9051) to work on /home/pazzoti/de-upskilling/airflow-flight-price-analysis/venv/lib/python3.10/site-packages/airflow/example_dags/tutorial_taskflow_api.py
[2026-02-06T09:15:10.810+0200] {processor.py:830} INFO - Processing file /home/pazzoti/de-upskilling/airflow-flight-price-analysis/venv/lib/python3.10/site-packages/airflow/example_dags/tutorial_taskflow_api.py for tasks to queue
[2026-02-06T09:15:10.811+0200] {logging_mixin.py:188} INFO - [2026-02-06T09:15:10.810+0200] {dagbag.py:538} INFO - Filling up the DagBag from /home/pazzoti/de-upskilling/airflow-flight-price-analysis/venv/lib/python3.10/site-packages/airflow/example_dags/tutorial_taskflow_api.py
[2026-02-06T09:15:10.816+0200] {processor.py:840} INFO - DAG(s) 'tutorial_taskflow_api' retrieved from /home/pazzoti/de-upskilling/airflow-flight-price-analysis/venv/lib/python3.10/site-packages/airflow/example_dags/tutorial_taskflow_api.py
[2026-02-06T09:15:10.828+0200] {logging_mixin.py:188} INFO - [2026-02-06T09:15:10.828+0200] {dag.py:3036} INFO - Sync 1 DAGs
[2026-02-06T09:15:10.835+0200] {logging_mixin.py:188} INFO - [2026-02-06T09:15:10.834+0200] {dag.py:3823} INFO - Setting next_dagrun for tutorial_taskflow_api to None, run_after=None
[2026-02-06T09:15:10.853+0200] {processor.py:183} INFO - Processing /home/pazzoti/de-upskilling/airflow-flight-price-analysis/venv/lib/python3.10/site-packages/airflow/example_dags/tutorial_taskflow_api.py took 0.047 seconds
[2026-02-06T09:16:03.066+0200] {processor.py:161} INFO - Started process (PID=9321) to work on /home/pazzoti/de-upskilling/airflow-flight-price-analysis/venv/lib/python3.10/site-packages/airflow/example_dags/tutorial_taskflow_api.py
[2026-02-06T09:16:03.081+0200] {processor.py:830} INFO - Processing file /home/pazzoti/de-upskilling/airflow-flight-price-analysis/venv/lib/python3.10/site-packages/airflow/example_dags/tutorial_taskflow_api.py for tasks to queue
[2026-02-06T09:16:03.083+0200] {logging_mixin.py:188} INFO - [2026-02-06T09:16:03.082+0200] {dagbag.py:538} INFO - Filling up the DagBag from /home/pazzoti/de-upskilling/airflow-flight-price-analysis/venv/lib/python3.10/site-packages/airflow/example_dags/tutorial_taskflow_api.py
[2026-02-06T09:16:03.089+0200] {processor.py:840} INFO - DAG(s) 'tutorial_taskflow_api' retrieved from /home/pazzoti/de-upskilling/airflow-flight-price-analysis/venv/lib/python3.10/site-packages/airflow/example_dags/tutorial_taskflow_api.py
[2026-02-06T09:16:03.100+0200] {logging_mixin.py:188} INFO - [2026-02-06T09:16:03.100+0200] {dag.py:3036} INFO - Sync 1 DAGs
[2026-02-06T09:16:03.106+0200] {logging_mixin.py:188} INFO - [2026-02-06T09:16:03.106+0200] {dag.py:3823} INFO - Setting next_dagrun for tutorial_taskflow_api to None, run_after=None
[2026-02-06T09:16:03.125+0200] {processor.py:183} INFO - Processing /home/pazzoti/de-upskilling/airflow-flight-price-analysis/venv/lib/python3.10/site-packages/airflow/example_dags/tutorial_taskflow_api.py took 0.063 seconds
[2026-02-06T09:16:53.846+0200] {processor.py:161} INFO - Started process (PID=9553) to work on /home/pazzoti/de-upskilling/airflow-flight-price-analysis/venv/lib/python3.10/site-packages/airflow/example_dags/tutorial_taskflow_api.py
[2026-02-06T09:16:53.851+0200] {processor.py:830} INFO - Processing file /home/pazzoti/de-upskilling/airflow-flight-price-analysis/venv/lib/python3.10/site-packages/airflow/example_dags/tutorial_taskflow_api.py for tasks to queue
[2026-02-06T09:16:53.852+0200] {logging_mixin.py:188} INFO - [2026-02-06T09:16:53.851+0200] {dagbag.py:538} INFO - Filling up the DagBag from /home/pazzoti/de-upskilling/airflow-flight-price-analysis/venv/lib/python3.10/site-packages/airflow/example_dags/tutorial_taskflow_api.py
[2026-02-06T09:16:53.859+0200] {processor.py:840} INFO - DAG(s) 'tutorial_taskflow_api' retrieved from /home/pazzoti/de-upskilling/airflow-flight-price-analysis/venv/lib/python3.10/site-packages/airflow/example_dags/tutorial_taskflow_api.py
[2026-02-06T09:16:53.869+0200] {logging_mixin.py:188} INFO - [2026-02-06T09:16:53.869+0200] {dag.py:3036} INFO - Sync 1 DAGs
[2026-02-06T09:16:53.875+0200] {logging_mixin.py:188} INFO - [2026-02-06T09:16:53.875+0200] {dag.py:3823} INFO - Setting next_dagrun for tutorial_taskflow_api to None, run_after=None
[2026-02-06T09:16:53.890+0200] {processor.py:183} INFO - Processing /home/pazzoti/de-upskilling/airflow-flight-price-analysis/venv/lib/python3.10/site-packages/airflow/example_dags/tutorial_taskflow_api.py took 0.049 seconds
[2026-02-06T09:29:39.014+0200] {processor.py:161} INFO - Started process (PID=9904) to work on /home/pazzoti/de-upskilling/airflow-flight-price-analysis/venv/lib/python3.10/site-packages/airflow/example_dags/tutorial_taskflow_api.py
[2026-02-06T09:29:39.016+0200] {processor.py:830} INFO - Processing file /home/pazzoti/de-upskilling/airflow-flight-price-analysis/venv/lib/python3.10/site-packages/airflow/example_dags/tutorial_taskflow_api.py for tasks to queue
[2026-02-06T09:29:39.016+0200] {logging_mixin.py:188} INFO - [2026-02-06T09:29:39.016+0200] {dagbag.py:538} INFO - Filling up the DagBag from /home/pazzoti/de-upskilling/airflow-flight-price-analysis/venv/lib/python3.10/site-packages/airflow/example_dags/tutorial_taskflow_api.py
[2026-02-06T09:29:39.021+0200] {processor.py:840} INFO - DAG(s) 'tutorial_taskflow_api' retrieved from /home/pazzoti/de-upskilling/airflow-flight-price-analysis/venv/lib/python3.10/site-packages/airflow/example_dags/tutorial_taskflow_api.py
[2026-02-06T09:29:39.032+0200] {logging_mixin.py:188} INFO - [2026-02-06T09:29:39.032+0200] {dag.py:3036} INFO - Sync 1 DAGs
[2026-02-06T09:29:39.040+0200] {logging_mixin.py:188} INFO - [2026-02-06T09:29:39.039+0200] {dag.py:3823} INFO - Setting next_dagrun for tutorial_taskflow_api to None, run_after=None
[2026-02-06T09:29:39.056+0200] {processor.py:183} INFO - Processing /home/pazzoti/de-upskilling/airflow-flight-price-analysis/venv/lib/python3.10/site-packages/airflow/example_dags/tutorial_taskflow_api.py took 0.045 seconds
[2026-02-06T09:30:30.341+0200] {processor.py:161} INFO - Started process (PID=9992) to work on /home/pazzoti/de-upskilling/airflow-flight-price-analysis/venv/lib/python3.10/site-packages/airflow/example_dags/tutorial_taskflow_api.py
[2026-02-06T09:30:30.343+0200] {processor.py:830} INFO - Processing file /home/pazzoti/de-upskilling/airflow-flight-price-analysis/venv/lib/python3.10/site-packages/airflow/example_dags/tutorial_taskflow_api.py for tasks to queue
[2026-02-06T09:30:30.345+0200] {logging_mixin.py:188} INFO - [2026-02-06T09:30:30.344+0200] {dagbag.py:538} INFO - Filling up the DagBag from /home/pazzoti/de-upskilling/airflow-flight-price-analysis/venv/lib/python3.10/site-packages/airflow/example_dags/tutorial_taskflow_api.py
[2026-02-06T09:30:30.357+0200] {processor.py:840} INFO - DAG(s) 'tutorial_taskflow_api' retrieved from /home/pazzoti/de-upskilling/airflow-flight-price-analysis/venv/lib/python3.10/site-packages/airflow/example_dags/tutorial_taskflow_api.py
[2026-02-06T09:30:30.382+0200] {logging_mixin.py:188} INFO - [2026-02-06T09:30:30.381+0200] {dag.py:3036} INFO - Sync 1 DAGs
[2026-02-06T09:30:30.406+0200] {logging_mixin.py:188} INFO - [2026-02-06T09:30:30.405+0200] {dag.py:3823} INFO - Setting next_dagrun for tutorial_taskflow_api to None, run_after=None
[2026-02-06T09:30:30.443+0200] {processor.py:183} INFO - Processing /home/pazzoti/de-upskilling/airflow-flight-price-analysis/venv/lib/python3.10/site-packages/airflow/example_dags/tutorial_taskflow_api.py took 0.106 seconds
[2026-02-06T09:31:32.081+0200] {processor.py:161} INFO - Started process (PID=10107) to work on /home/pazzoti/de-upskilling/airflow-flight-price-analysis/venv/lib/python3.10/site-packages/airflow/example_dags/tutorial_taskflow_api.py
[2026-02-06T09:31:32.084+0200] {processor.py:830} INFO - Processing file /home/pazzoti/de-upskilling/airflow-flight-price-analysis/venv/lib/python3.10/site-packages/airflow/example_dags/tutorial_taskflow_api.py for tasks to queue
[2026-02-06T09:31:32.085+0200] {logging_mixin.py:188} INFO - [2026-02-06T09:31:32.085+0200] {dagbag.py:538} INFO - Filling up the DagBag from /home/pazzoti/de-upskilling/airflow-flight-price-analysis/venv/lib/python3.10/site-packages/airflow/example_dags/tutorial_taskflow_api.py
[2026-02-06T09:31:32.091+0200] {processor.py:840} INFO - DAG(s) 'tutorial_taskflow_api' retrieved from /home/pazzoti/de-upskilling/airflow-flight-price-analysis/venv/lib/python3.10/site-packages/airflow/example_dags/tutorial_taskflow_api.py
[2026-02-06T09:31:32.100+0200] {logging_mixin.py:188} INFO - [2026-02-06T09:31:32.100+0200] {dag.py:3036} INFO - Sync 1 DAGs
[2026-02-06T09:31:32.107+0200] {logging_mixin.py:188} INFO - [2026-02-06T09:31:32.106+0200] {dag.py:3823} INFO - Setting next_dagrun for tutorial_taskflow_api to None, run_after=None
[2026-02-06T09:31:32.122+0200] {processor.py:183} INFO - Processing /home/pazzoti/de-upskilling/airflow-flight-price-analysis/venv/lib/python3.10/site-packages/airflow/example_dags/tutorial_taskflow_api.py took 0.044 seconds
[2026-02-06T09:32:27.161+0200] {processor.py:161} INFO - Started process (PID=10230) to work on /home/pazzoti/de-upskilling/airflow-flight-price-analysis/venv/lib/python3.10/site-packages/airflow/example_dags/tutorial_taskflow_api.py
[2026-02-06T09:32:27.168+0200] {processor.py:830} INFO - Processing file /home/pazzoti/de-upskilling/airflow-flight-price-analysis/venv/lib/python3.10/site-packages/airflow/example_dags/tutorial_taskflow_api.py for tasks to queue
[2026-02-06T09:32:27.169+0200] {logging_mixin.py:188} INFO - [2026-02-06T09:32:27.169+0200] {dagbag.py:538} INFO - Filling up the DagBag from /home/pazzoti/de-upskilling/airflow-flight-price-analysis/venv/lib/python3.10/site-packages/airflow/example_dags/tutorial_taskflow_api.py
[2026-02-06T09:32:27.174+0200] {processor.py:840} INFO - DAG(s) 'tutorial_taskflow_api' retrieved from /home/pazzoti/de-upskilling/airflow-flight-price-analysis/venv/lib/python3.10/site-packages/airflow/example_dags/tutorial_taskflow_api.py
[2026-02-06T09:32:27.183+0200] {logging_mixin.py:188} INFO - [2026-02-06T09:32:27.183+0200] {dag.py:3036} INFO - Sync 1 DAGs
[2026-02-06T09:32:27.189+0200] {logging_mixin.py:188} INFO - [2026-02-06T09:32:27.189+0200] {dag.py:3823} INFO - Setting next_dagrun for tutorial_taskflow_api to None, run_after=None
[2026-02-06T09:32:27.205+0200] {processor.py:183} INFO - Processing /home/pazzoti/de-upskilling/airflow-flight-price-analysis/venv/lib/python3.10/site-packages/airflow/example_dags/tutorial_taskflow_api.py took 0.046 seconds
[2026-02-06T09:33:29.237+0200] {processor.py:161} INFO - Started process (PID=10334) to work on /home/pazzoti/de-upskilling/airflow-flight-price-analysis/venv/lib/python3.10/site-packages/airflow/example_dags/tutorial_taskflow_api.py
[2026-02-06T09:33:29.240+0200] {processor.py:830} INFO - Processing file /home/pazzoti/de-upskilling/airflow-flight-price-analysis/venv/lib/python3.10/site-packages/airflow/example_dags/tutorial_taskflow_api.py for tasks to queue
[2026-02-06T09:33:29.243+0200] {logging_mixin.py:188} INFO - [2026-02-06T09:33:29.241+0200] {dagbag.py:538} INFO - Filling up the DagBag from /home/pazzoti/de-upskilling/airflow-flight-price-analysis/venv/lib/python3.10/site-packages/airflow/example_dags/tutorial_taskflow_api.py
[2026-02-06T09:33:29.257+0200] {processor.py:840} INFO - DAG(s) 'tutorial_taskflow_api' retrieved from /home/pazzoti/de-upskilling/airflow-flight-price-analysis/venv/lib/python3.10/site-packages/airflow/example_dags/tutorial_taskflow_api.py
[2026-02-06T09:33:29.279+0200] {logging_mixin.py:188} INFO - [2026-02-06T09:33:29.278+0200] {dag.py:3036} INFO - Sync 1 DAGs
[2026-02-06T09:33:29.294+0200] {logging_mixin.py:188} INFO - [2026-02-06T09:33:29.294+0200] {dag.py:3823} INFO - Setting next_dagrun for tutorial_taskflow_api to None, run_after=None
[2026-02-06T09:33:29.335+0200] {processor.py:183} INFO - Processing /home/pazzoti/de-upskilling/airflow-flight-price-analysis/venv/lib/python3.10/site-packages/airflow/example_dags/tutorial_taskflow_api.py took 0.105 seconds
[2026-02-06T09:34:20.342+0200] {processor.py:161} INFO - Started process (PID=10426) to work on /home/pazzoti/de-upskilling/airflow-flight-price-analysis/venv/lib/python3.10/site-packages/airflow/example_dags/tutorial_taskflow_api.py
[2026-02-06T09:34:20.344+0200] {processor.py:830} INFO - Processing file /home/pazzoti/de-upskilling/airflow-flight-price-analysis/venv/lib/python3.10/site-packages/airflow/example_dags/tutorial_taskflow_api.py for tasks to queue
[2026-02-06T09:34:20.345+0200] {logging_mixin.py:188} INFO - [2026-02-06T09:34:20.345+0200] {dagbag.py:538} INFO - Filling up the DagBag from /home/pazzoti/de-upskilling/airflow-flight-price-analysis/venv/lib/python3.10/site-packages/airflow/example_dags/tutorial_taskflow_api.py
[2026-02-06T09:34:20.352+0200] {processor.py:840} INFO - DAG(s) 'tutorial_taskflow_api' retrieved from /home/pazzoti/de-upskilling/airflow-flight-price-analysis/venv/lib/python3.10/site-packages/airflow/example_dags/tutorial_taskflow_api.py
[2026-02-06T09:34:20.365+0200] {logging_mixin.py:188} INFO - [2026-02-06T09:34:20.364+0200] {dag.py:3036} INFO - Sync 1 DAGs
[2026-02-06T09:34:20.372+0200] {logging_mixin.py:188} INFO - [2026-02-06T09:34:20.371+0200] {dag.py:3823} INFO - Setting next_dagrun for tutorial_taskflow_api to None, run_after=None
[2026-02-06T09:34:20.389+0200] {processor.py:183} INFO - Processing /home/pazzoti/de-upskilling/airflow-flight-price-analysis/venv/lib/python3.10/site-packages/airflow/example_dags/tutorial_taskflow_api.py took 0.052 seconds
