[2026-02-06T09:01:20.052+0200] {processor.py:161} INFO - Started process (PID=4192) to work on /home/pazzoti/de-upskilling/airflow-flight-price-analysis/venv/lib/python3.10/site-packages/airflow/example_dags/tutorial.py
[2026-02-06T09:01:20.053+0200] {processor.py:830} INFO - Processing file /home/pazzoti/de-upskilling/airflow-flight-price-analysis/venv/lib/python3.10/site-packages/airflow/example_dags/tutorial.py for tasks to queue
[2026-02-06T09:01:20.054+0200] {logging_mixin.py:188} INFO - [2026-02-06T09:01:20.054+0200] {dagbag.py:538} INFO - Filling up the DagBag from /home/pazzoti/de-upskilling/airflow-flight-price-analysis/venv/lib/python3.10/site-packages/airflow/example_dags/tutorial.py
[2026-02-06T09:01:20.126+0200] {processor.py:840} INFO - DAG(s) 'tutorial' retrieved from /home/pazzoti/de-upskilling/airflow-flight-price-analysis/venv/lib/python3.10/site-packages/airflow/example_dags/tutorial.py
[2026-02-06T09:01:20.136+0200] {logging_mixin.py:188} INFO - [2026-02-06T09:01:20.135+0200] {dag.py:3036} INFO - Sync 1 DAGs
[2026-02-06T09:01:20.144+0200] {logging_mixin.py:188} INFO - [2026-02-06T09:01:20.144+0200] {dag.py:3823} INFO - Setting next_dagrun for tutorial to 2026-02-05 00:00:00+00:00, run_after=2026-02-06 00:00:00+00:00
[2026-02-06T09:01:20.171+0200] {processor.py:183} INFO - Processing /home/pazzoti/de-upskilling/airflow-flight-price-analysis/venv/lib/python3.10/site-packages/airflow/example_dags/tutorial.py took 0.122 seconds
[2026-02-06T09:02:12.513+0200] {processor.py:161} INFO - Started process (PID=4773) to work on /home/pazzoti/de-upskilling/airflow-flight-price-analysis/venv/lib/python3.10/site-packages/airflow/example_dags/tutorial.py
[2026-02-06T09:02:12.518+0200] {processor.py:830} INFO - Processing file /home/pazzoti/de-upskilling/airflow-flight-price-analysis/venv/lib/python3.10/site-packages/airflow/example_dags/tutorial.py for tasks to queue
[2026-02-06T09:02:12.518+0200] {logging_mixin.py:188} INFO - [2026-02-06T09:02:12.518+0200] {dagbag.py:538} INFO - Filling up the DagBag from /home/pazzoti/de-upskilling/airflow-flight-price-analysis/venv/lib/python3.10/site-packages/airflow/example_dags/tutorial.py
[2026-02-06T09:02:12.527+0200] {processor.py:840} INFO - DAG(s) 'tutorial' retrieved from /home/pazzoti/de-upskilling/airflow-flight-price-analysis/venv/lib/python3.10/site-packages/airflow/example_dags/tutorial.py
[2026-02-06T09:02:12.537+0200] {logging_mixin.py:188} INFO - [2026-02-06T09:02:12.537+0200] {dag.py:3036} INFO - Sync 1 DAGs
[2026-02-06T09:02:12.559+0200] {logging_mixin.py:188} INFO - [2026-02-06T09:02:12.559+0200] {dag.py:3823} INFO - Setting next_dagrun for tutorial to 2026-02-05 00:00:00+00:00, run_after=2026-02-06 00:00:00+00:00
[2026-02-06T09:02:12.576+0200] {processor.py:183} INFO - Processing /home/pazzoti/de-upskilling/airflow-flight-price-analysis/venv/lib/python3.10/site-packages/airflow/example_dags/tutorial.py took 0.064 seconds
[2026-02-06T09:02:58.153+0200] {processor.py:161} INFO - Started process (PID=5017) to work on /home/pazzoti/de-upskilling/airflow-flight-price-analysis/venv/lib/python3.10/site-packages/airflow/example_dags/tutorial.py
[2026-02-06T09:02:58.161+0200] {processor.py:830} INFO - Processing file /home/pazzoti/de-upskilling/airflow-flight-price-analysis/venv/lib/python3.10/site-packages/airflow/example_dags/tutorial.py for tasks to queue
[2026-02-06T09:02:58.161+0200] {logging_mixin.py:188} INFO - [2026-02-06T09:02:58.161+0200] {dagbag.py:538} INFO - Filling up the DagBag from /home/pazzoti/de-upskilling/airflow-flight-price-analysis/venv/lib/python3.10/site-packages/airflow/example_dags/tutorial.py
[2026-02-06T09:02:58.167+0200] {processor.py:840} INFO - DAG(s) 'tutorial' retrieved from /home/pazzoti/de-upskilling/airflow-flight-price-analysis/venv/lib/python3.10/site-packages/airflow/example_dags/tutorial.py
[2026-02-06T09:02:58.176+0200] {logging_mixin.py:188} INFO - [2026-02-06T09:02:58.176+0200] {dag.py:3036} INFO - Sync 1 DAGs
[2026-02-06T09:02:58.187+0200] {logging_mixin.py:188} INFO - [2026-02-06T09:02:58.186+0200] {dag.py:3823} INFO - Setting next_dagrun for tutorial to 2026-02-05 00:00:00+00:00, run_after=2026-02-06 00:00:00+00:00
[2026-02-06T09:02:58.202+0200] {processor.py:183} INFO - Processing /home/pazzoti/de-upskilling/airflow-flight-price-analysis/venv/lib/python3.10/site-packages/airflow/example_dags/tutorial.py took 0.052 seconds
[2026-02-06T09:03:48.030+0200] {processor.py:161} INFO - Started process (PID=5253) to work on /home/pazzoti/de-upskilling/airflow-flight-price-analysis/venv/lib/python3.10/site-packages/airflow/example_dags/tutorial.py
[2026-02-06T09:03:48.031+0200] {processor.py:830} INFO - Processing file /home/pazzoti/de-upskilling/airflow-flight-price-analysis/venv/lib/python3.10/site-packages/airflow/example_dags/tutorial.py for tasks to queue
[2026-02-06T09:03:48.032+0200] {logging_mixin.py:188} INFO - [2026-02-06T09:03:48.032+0200] {dagbag.py:538} INFO - Filling up the DagBag from /home/pazzoti/de-upskilling/airflow-flight-price-analysis/venv/lib/python3.10/site-packages/airflow/example_dags/tutorial.py
[2026-02-06T09:03:48.038+0200] {processor.py:840} INFO - DAG(s) 'tutorial' retrieved from /home/pazzoti/de-upskilling/airflow-flight-price-analysis/venv/lib/python3.10/site-packages/airflow/example_dags/tutorial.py
[2026-02-06T09:03:48.048+0200] {logging_mixin.py:188} INFO - [2026-02-06T09:03:48.048+0200] {dag.py:3036} INFO - Sync 1 DAGs
[2026-02-06T09:03:48.062+0200] {logging_mixin.py:188} INFO - [2026-02-06T09:03:48.061+0200] {dag.py:3823} INFO - Setting next_dagrun for tutorial to 2026-02-05 00:00:00+00:00, run_after=2026-02-06 00:00:00+00:00
[2026-02-06T09:03:48.083+0200] {processor.py:183} INFO - Processing /home/pazzoti/de-upskilling/airflow-flight-price-analysis/venv/lib/python3.10/site-packages/airflow/example_dags/tutorial.py took 0.056 seconds
[2026-02-06T09:04:42.353+0200] {processor.py:161} INFO - Started process (PID=5492) to work on /home/pazzoti/de-upskilling/airflow-flight-price-analysis/venv/lib/python3.10/site-packages/airflow/example_dags/tutorial.py
[2026-02-06T09:04:42.358+0200] {processor.py:830} INFO - Processing file /home/pazzoti/de-upskilling/airflow-flight-price-analysis/venv/lib/python3.10/site-packages/airflow/example_dags/tutorial.py for tasks to queue
[2026-02-06T09:04:42.359+0200] {logging_mixin.py:188} INFO - [2026-02-06T09:04:42.358+0200] {dagbag.py:538} INFO - Filling up the DagBag from /home/pazzoti/de-upskilling/airflow-flight-price-analysis/venv/lib/python3.10/site-packages/airflow/example_dags/tutorial.py
[2026-02-06T09:04:42.366+0200] {processor.py:840} INFO - DAG(s) 'tutorial' retrieved from /home/pazzoti/de-upskilling/airflow-flight-price-analysis/venv/lib/python3.10/site-packages/airflow/example_dags/tutorial.py
[2026-02-06T09:04:42.376+0200] {logging_mixin.py:188} INFO - [2026-02-06T09:04:42.376+0200] {dag.py:3036} INFO - Sync 1 DAGs
[2026-02-06T09:04:42.391+0200] {logging_mixin.py:188} INFO - [2026-02-06T09:04:42.391+0200] {dag.py:3823} INFO - Setting next_dagrun for tutorial to 2026-02-05 00:00:00+00:00, run_after=2026-02-06 00:00:00+00:00
[2026-02-06T09:04:42.410+0200] {processor.py:183} INFO - Processing /home/pazzoti/de-upskilling/airflow-flight-price-analysis/venv/lib/python3.10/site-packages/airflow/example_dags/tutorial.py took 0.059 seconds
[2026-02-06T09:05:38.809+0200] {processor.py:161} INFO - Started process (PID=5796) to work on /home/pazzoti/de-upskilling/airflow-flight-price-analysis/venv/lib/python3.10/site-packages/airflow/example_dags/tutorial.py
[2026-02-06T09:05:38.811+0200] {processor.py:830} INFO - Processing file /home/pazzoti/de-upskilling/airflow-flight-price-analysis/venv/lib/python3.10/site-packages/airflow/example_dags/tutorial.py for tasks to queue
[2026-02-06T09:05:38.812+0200] {logging_mixin.py:188} INFO - [2026-02-06T09:05:38.812+0200] {dagbag.py:538} INFO - Filling up the DagBag from /home/pazzoti/de-upskilling/airflow-flight-price-analysis/venv/lib/python3.10/site-packages/airflow/example_dags/tutorial.py
[2026-02-06T09:05:38.819+0200] {processor.py:840} INFO - DAG(s) 'tutorial' retrieved from /home/pazzoti/de-upskilling/airflow-flight-price-analysis/venv/lib/python3.10/site-packages/airflow/example_dags/tutorial.py
[2026-02-06T09:05:38.830+0200] {logging_mixin.py:188} INFO - [2026-02-06T09:05:38.830+0200] {dag.py:3036} INFO - Sync 1 DAGs
[2026-02-06T09:05:38.843+0200] {logging_mixin.py:188} INFO - [2026-02-06T09:05:38.843+0200] {dag.py:3823} INFO - Setting next_dagrun for tutorial to 2026-02-05 00:00:00+00:00, run_after=2026-02-06 00:00:00+00:00
[2026-02-06T09:05:38.863+0200] {processor.py:183} INFO - Processing /home/pazzoti/de-upskilling/airflow-flight-price-analysis/venv/lib/python3.10/site-packages/airflow/example_dags/tutorial.py took 0.056 seconds
[2026-02-06T09:06:31.611+0200] {processor.py:161} INFO - Started process (PID=6059) to work on /home/pazzoti/de-upskilling/airflow-flight-price-analysis/venv/lib/python3.10/site-packages/airflow/example_dags/tutorial.py
[2026-02-06T09:06:31.612+0200] {processor.py:830} INFO - Processing file /home/pazzoti/de-upskilling/airflow-flight-price-analysis/venv/lib/python3.10/site-packages/airflow/example_dags/tutorial.py for tasks to queue
[2026-02-06T09:06:31.613+0200] {logging_mixin.py:188} INFO - [2026-02-06T09:06:31.613+0200] {dagbag.py:538} INFO - Filling up the DagBag from /home/pazzoti/de-upskilling/airflow-flight-price-analysis/venv/lib/python3.10/site-packages/airflow/example_dags/tutorial.py
[2026-02-06T09:06:31.619+0200] {processor.py:840} INFO - DAG(s) 'tutorial' retrieved from /home/pazzoti/de-upskilling/airflow-flight-price-analysis/venv/lib/python3.10/site-packages/airflow/example_dags/tutorial.py
[2026-02-06T09:06:31.627+0200] {logging_mixin.py:188} INFO - [2026-02-06T09:06:31.627+0200] {dag.py:3036} INFO - Sync 1 DAGs
[2026-02-06T09:06:31.640+0200] {logging_mixin.py:188} INFO - [2026-02-06T09:06:31.639+0200] {dag.py:3823} INFO - Setting next_dagrun for tutorial to 2026-02-05 00:00:00+00:00, run_after=2026-02-06 00:00:00+00:00
[2026-02-06T09:06:31.655+0200] {processor.py:183} INFO - Processing /home/pazzoti/de-upskilling/airflow-flight-price-analysis/venv/lib/python3.10/site-packages/airflow/example_dags/tutorial.py took 0.046 seconds
[2026-02-06T09:07:13.149+0200] {processor.py:161} INFO - Started process (PID=6305) to work on /home/pazzoti/de-upskilling/airflow-flight-price-analysis/venv/lib/python3.10/site-packages/airflow/example_dags/tutorial.py
[2026-02-06T09:07:13.150+0200] {processor.py:830} INFO - Processing file /home/pazzoti/de-upskilling/airflow-flight-price-analysis/venv/lib/python3.10/site-packages/airflow/example_dags/tutorial.py for tasks to queue
[2026-02-06T09:07:13.151+0200] {logging_mixin.py:188} INFO - [2026-02-06T09:07:13.151+0200] {dagbag.py:538} INFO - Filling up the DagBag from /home/pazzoti/de-upskilling/airflow-flight-price-analysis/venv/lib/python3.10/site-packages/airflow/example_dags/tutorial.py
[2026-02-06T09:07:13.155+0200] {processor.py:840} INFO - DAG(s) 'tutorial' retrieved from /home/pazzoti/de-upskilling/airflow-flight-price-analysis/venv/lib/python3.10/site-packages/airflow/example_dags/tutorial.py
[2026-02-06T09:07:13.166+0200] {logging_mixin.py:188} INFO - [2026-02-06T09:07:13.166+0200] {dag.py:3036} INFO - Sync 1 DAGs
[2026-02-06T09:07:13.182+0200] {logging_mixin.py:188} INFO - [2026-02-06T09:07:13.181+0200] {dag.py:3823} INFO - Setting next_dagrun for tutorial to 2026-02-05 00:00:00+00:00, run_after=2026-02-06 00:00:00+00:00
[2026-02-06T09:07:13.200+0200] {processor.py:183} INFO - Processing /home/pazzoti/de-upskilling/airflow-flight-price-analysis/venv/lib/python3.10/site-packages/airflow/example_dags/tutorial.py took 0.053 seconds
[2026-02-06T09:08:06.991+0200] {processor.py:161} INFO - Started process (PID=6558) to work on /home/pazzoti/de-upskilling/airflow-flight-price-analysis/venv/lib/python3.10/site-packages/airflow/example_dags/tutorial.py
[2026-02-06T09:08:06.995+0200] {processor.py:830} INFO - Processing file /home/pazzoti/de-upskilling/airflow-flight-price-analysis/venv/lib/python3.10/site-packages/airflow/example_dags/tutorial.py for tasks to queue
[2026-02-06T09:08:06.997+0200] {logging_mixin.py:188} INFO - [2026-02-06T09:08:06.996+0200] {dagbag.py:538} INFO - Filling up the DagBag from /home/pazzoti/de-upskilling/airflow-flight-price-analysis/venv/lib/python3.10/site-packages/airflow/example_dags/tutorial.py
[2026-02-06T09:08:07.003+0200] {processor.py:840} INFO - DAG(s) 'tutorial' retrieved from /home/pazzoti/de-upskilling/airflow-flight-price-analysis/venv/lib/python3.10/site-packages/airflow/example_dags/tutorial.py
[2026-02-06T09:08:07.018+0200] {logging_mixin.py:188} INFO - [2026-02-06T09:08:07.018+0200] {dag.py:3036} INFO - Sync 1 DAGs
[2026-02-06T09:08:07.031+0200] {logging_mixin.py:188} INFO - [2026-02-06T09:08:07.031+0200] {dag.py:3823} INFO - Setting next_dagrun for tutorial to 2026-02-05 00:00:00+00:00, run_after=2026-02-06 00:00:00+00:00
[2026-02-06T09:08:07.048+0200] {processor.py:183} INFO - Processing /home/pazzoti/de-upskilling/airflow-flight-price-analysis/venv/lib/python3.10/site-packages/airflow/example_dags/tutorial.py took 0.061 seconds
[2026-02-06T09:09:02.531+0200] {processor.py:161} INFO - Started process (PID=6802) to work on /home/pazzoti/de-upskilling/airflow-flight-price-analysis/venv/lib/python3.10/site-packages/airflow/example_dags/tutorial.py
[2026-02-06T09:09:02.533+0200] {processor.py:830} INFO - Processing file /home/pazzoti/de-upskilling/airflow-flight-price-analysis/venv/lib/python3.10/site-packages/airflow/example_dags/tutorial.py for tasks to queue
[2026-02-06T09:09:02.535+0200] {logging_mixin.py:188} INFO - [2026-02-06T09:09:02.534+0200] {dagbag.py:538} INFO - Filling up the DagBag from /home/pazzoti/de-upskilling/airflow-flight-price-analysis/venv/lib/python3.10/site-packages/airflow/example_dags/tutorial.py
[2026-02-06T09:09:02.541+0200] {processor.py:840} INFO - DAG(s) 'tutorial' retrieved from /home/pazzoti/de-upskilling/airflow-flight-price-analysis/venv/lib/python3.10/site-packages/airflow/example_dags/tutorial.py
[2026-02-06T09:09:02.552+0200] {logging_mixin.py:188} INFO - [2026-02-06T09:09:02.552+0200] {dag.py:3036} INFO - Sync 1 DAGs
[2026-02-06T09:09:02.565+0200] {logging_mixin.py:188} INFO - [2026-02-06T09:09:02.565+0200] {dag.py:3823} INFO - Setting next_dagrun for tutorial to 2026-02-05 00:00:00+00:00, run_after=2026-02-06 00:00:00+00:00
[2026-02-06T09:09:02.582+0200] {processor.py:183} INFO - Processing /home/pazzoti/de-upskilling/airflow-flight-price-analysis/venv/lib/python3.10/site-packages/airflow/example_dags/tutorial.py took 0.053 seconds
[2026-02-06T09:11:16.583+0200] {processor.py:161} INFO - Started process (PID=7694) to work on /home/pazzoti/de-upskilling/airflow-flight-price-analysis/venv/lib/python3.10/site-packages/airflow/example_dags/tutorial.py
[2026-02-06T09:11:16.594+0200] {processor.py:830} INFO - Processing file /home/pazzoti/de-upskilling/airflow-flight-price-analysis/venv/lib/python3.10/site-packages/airflow/example_dags/tutorial.py for tasks to queue
[2026-02-06T09:11:16.596+0200] {logging_mixin.py:188} INFO - [2026-02-06T09:11:16.595+0200] {dagbag.py:538} INFO - Filling up the DagBag from /home/pazzoti/de-upskilling/airflow-flight-price-analysis/venv/lib/python3.10/site-packages/airflow/example_dags/tutorial.py
[2026-02-06T09:11:16.792+0200] {processor.py:840} INFO - DAG(s) 'tutorial' retrieved from /home/pazzoti/de-upskilling/airflow-flight-price-analysis/venv/lib/python3.10/site-packages/airflow/example_dags/tutorial.py
[2026-02-06T09:11:16.831+0200] {logging_mixin.py:188} INFO - [2026-02-06T09:11:16.831+0200] {dag.py:3036} INFO - Sync 1 DAGs
[2026-02-06T09:11:16.864+0200] {logging_mixin.py:188} INFO - [2026-02-06T09:11:16.863+0200] {dag.py:3823} INFO - Setting next_dagrun for tutorial to 2026-02-05 00:00:00+00:00, run_after=2026-02-06 00:00:00+00:00
[2026-02-06T09:11:16.914+0200] {processor.py:183} INFO - Processing /home/pazzoti/de-upskilling/airflow-flight-price-analysis/venv/lib/python3.10/site-packages/airflow/example_dags/tutorial.py took 0.337 seconds
[2026-02-06T09:12:17.391+0200] {processor.py:161} INFO - Started process (PID=8255) to work on /home/pazzoti/de-upskilling/airflow-flight-price-analysis/venv/lib/python3.10/site-packages/airflow/example_dags/tutorial.py
[2026-02-06T09:12:17.393+0200] {processor.py:830} INFO - Processing file /home/pazzoti/de-upskilling/airflow-flight-price-analysis/venv/lib/python3.10/site-packages/airflow/example_dags/tutorial.py for tasks to queue
[2026-02-06T09:12:17.394+0200] {logging_mixin.py:188} INFO - [2026-02-06T09:12:17.393+0200] {dagbag.py:538} INFO - Filling up the DagBag from /home/pazzoti/de-upskilling/airflow-flight-price-analysis/venv/lib/python3.10/site-packages/airflow/example_dags/tutorial.py
[2026-02-06T09:12:17.403+0200] {processor.py:840} INFO - DAG(s) 'tutorial' retrieved from /home/pazzoti/de-upskilling/airflow-flight-price-analysis/venv/lib/python3.10/site-packages/airflow/example_dags/tutorial.py
[2026-02-06T09:12:17.419+0200] {logging_mixin.py:188} INFO - [2026-02-06T09:12:17.419+0200] {dag.py:3036} INFO - Sync 1 DAGs
[2026-02-06T09:12:17.436+0200] {logging_mixin.py:188} INFO - [2026-02-06T09:12:17.436+0200] {dag.py:3823} INFO - Setting next_dagrun for tutorial to 2026-02-05 00:00:00+00:00, run_after=2026-02-06 00:00:00+00:00
[2026-02-06T09:12:17.461+0200] {processor.py:183} INFO - Processing /home/pazzoti/de-upskilling/airflow-flight-price-analysis/venv/lib/python3.10/site-packages/airflow/example_dags/tutorial.py took 0.072 seconds
[2026-02-06T09:13:05.509+0200] {processor.py:161} INFO - Started process (PID=8477) to work on /home/pazzoti/de-upskilling/airflow-flight-price-analysis/venv/lib/python3.10/site-packages/airflow/example_dags/tutorial.py
[2026-02-06T09:13:05.510+0200] {processor.py:830} INFO - Processing file /home/pazzoti/de-upskilling/airflow-flight-price-analysis/venv/lib/python3.10/site-packages/airflow/example_dags/tutorial.py for tasks to queue
[2026-02-06T09:13:05.511+0200] {logging_mixin.py:188} INFO - [2026-02-06T09:13:05.511+0200] {dagbag.py:538} INFO - Filling up the DagBag from /home/pazzoti/de-upskilling/airflow-flight-price-analysis/venv/lib/python3.10/site-packages/airflow/example_dags/tutorial.py
[2026-02-06T09:13:05.516+0200] {processor.py:840} INFO - DAG(s) 'tutorial' retrieved from /home/pazzoti/de-upskilling/airflow-flight-price-analysis/venv/lib/python3.10/site-packages/airflow/example_dags/tutorial.py
[2026-02-06T09:13:05.527+0200] {logging_mixin.py:188} INFO - [2026-02-06T09:13:05.527+0200] {dag.py:3036} INFO - Sync 1 DAGs
[2026-02-06T09:13:05.538+0200] {logging_mixin.py:188} INFO - [2026-02-06T09:13:05.538+0200] {dag.py:3823} INFO - Setting next_dagrun for tutorial to 2026-02-05 00:00:00+00:00, run_after=2026-02-06 00:00:00+00:00
[2026-02-06T09:13:05.554+0200] {processor.py:183} INFO - Processing /home/pazzoti/de-upskilling/airflow-flight-price-analysis/venv/lib/python3.10/site-packages/airflow/example_dags/tutorial.py took 0.047 seconds
[2026-02-06T09:13:53.125+0200] {processor.py:161} INFO - Started process (PID=8696) to work on /home/pazzoti/de-upskilling/airflow-flight-price-analysis/venv/lib/python3.10/site-packages/airflow/example_dags/tutorial.py
[2026-02-06T09:13:53.127+0200] {processor.py:830} INFO - Processing file /home/pazzoti/de-upskilling/airflow-flight-price-analysis/venv/lib/python3.10/site-packages/airflow/example_dags/tutorial.py for tasks to queue
[2026-02-06T09:13:53.127+0200] {logging_mixin.py:188} INFO - [2026-02-06T09:13:53.127+0200] {dagbag.py:538} INFO - Filling up the DagBag from /home/pazzoti/de-upskilling/airflow-flight-price-analysis/venv/lib/python3.10/site-packages/airflow/example_dags/tutorial.py
[2026-02-06T09:13:53.134+0200] {processor.py:840} INFO - DAG(s) 'tutorial' retrieved from /home/pazzoti/de-upskilling/airflow-flight-price-analysis/venv/lib/python3.10/site-packages/airflow/example_dags/tutorial.py
[2026-02-06T09:13:53.146+0200] {logging_mixin.py:188} INFO - [2026-02-06T09:13:53.145+0200] {dag.py:3036} INFO - Sync 1 DAGs
[2026-02-06T09:13:53.159+0200] {logging_mixin.py:188} INFO - [2026-02-06T09:13:53.159+0200] {dag.py:3823} INFO - Setting next_dagrun for tutorial to 2026-02-05 00:00:00+00:00, run_after=2026-02-06 00:00:00+00:00
[2026-02-06T09:13:53.176+0200] {processor.py:183} INFO - Processing /home/pazzoti/de-upskilling/airflow-flight-price-analysis/venv/lib/python3.10/site-packages/airflow/example_dags/tutorial.py took 0.053 seconds
[2026-02-06T09:14:46.166+0200] {processor.py:161} INFO - Started process (PID=8945) to work on /home/pazzoti/de-upskilling/airflow-flight-price-analysis/venv/lib/python3.10/site-packages/airflow/example_dags/tutorial.py
[2026-02-06T09:14:46.167+0200] {processor.py:830} INFO - Processing file /home/pazzoti/de-upskilling/airflow-flight-price-analysis/venv/lib/python3.10/site-packages/airflow/example_dags/tutorial.py for tasks to queue
[2026-02-06T09:14:46.169+0200] {logging_mixin.py:188} INFO - [2026-02-06T09:14:46.168+0200] {dagbag.py:538} INFO - Filling up the DagBag from /home/pazzoti/de-upskilling/airflow-flight-price-analysis/venv/lib/python3.10/site-packages/airflow/example_dags/tutorial.py
[2026-02-06T09:14:46.179+0200] {processor.py:840} INFO - DAG(s) 'tutorial' retrieved from /home/pazzoti/de-upskilling/airflow-flight-price-analysis/venv/lib/python3.10/site-packages/airflow/example_dags/tutorial.py
[2026-02-06T09:14:46.197+0200] {logging_mixin.py:188} INFO - [2026-02-06T09:14:46.197+0200] {dag.py:3036} INFO - Sync 1 DAGs
[2026-02-06T09:14:46.216+0200] {logging_mixin.py:188} INFO - [2026-02-06T09:14:46.216+0200] {dag.py:3823} INFO - Setting next_dagrun for tutorial to 2026-02-05 00:00:00+00:00, run_after=2026-02-06 00:00:00+00:00
[2026-02-06T09:14:46.247+0200] {processor.py:183} INFO - Processing /home/pazzoti/de-upskilling/airflow-flight-price-analysis/venv/lib/python3.10/site-packages/airflow/example_dags/tutorial.py took 0.085 seconds
[2026-02-06T09:15:41.374+0200] {processor.py:161} INFO - Started process (PID=9198) to work on /home/pazzoti/de-upskilling/airflow-flight-price-analysis/venv/lib/python3.10/site-packages/airflow/example_dags/tutorial.py
[2026-02-06T09:15:41.377+0200] {processor.py:830} INFO - Processing file /home/pazzoti/de-upskilling/airflow-flight-price-analysis/venv/lib/python3.10/site-packages/airflow/example_dags/tutorial.py for tasks to queue
[2026-02-06T09:15:41.378+0200] {logging_mixin.py:188} INFO - [2026-02-06T09:15:41.377+0200] {dagbag.py:538} INFO - Filling up the DagBag from /home/pazzoti/de-upskilling/airflow-flight-price-analysis/venv/lib/python3.10/site-packages/airflow/example_dags/tutorial.py
[2026-02-06T09:15:41.384+0200] {processor.py:840} INFO - DAG(s) 'tutorial' retrieved from /home/pazzoti/de-upskilling/airflow-flight-price-analysis/venv/lib/python3.10/site-packages/airflow/example_dags/tutorial.py
[2026-02-06T09:15:41.410+0200] {logging_mixin.py:188} INFO - [2026-02-06T09:15:41.409+0200] {dag.py:3036} INFO - Sync 1 DAGs
[2026-02-06T09:15:41.438+0200] {logging_mixin.py:188} INFO - [2026-02-06T09:15:41.438+0200] {dag.py:3823} INFO - Setting next_dagrun for tutorial to 2026-02-05 00:00:00+00:00, run_after=2026-02-06 00:00:00+00:00
[2026-02-06T09:15:41.462+0200] {processor.py:183} INFO - Processing /home/pazzoti/de-upskilling/airflow-flight-price-analysis/venv/lib/python3.10/site-packages/airflow/example_dags/tutorial.py took 0.093 seconds
[2026-02-06T09:16:30.755+0200] {processor.py:161} INFO - Started process (PID=9457) to work on /home/pazzoti/de-upskilling/airflow-flight-price-analysis/venv/lib/python3.10/site-packages/airflow/example_dags/tutorial.py
[2026-02-06T09:16:30.763+0200] {processor.py:830} INFO - Processing file /home/pazzoti/de-upskilling/airflow-flight-price-analysis/venv/lib/python3.10/site-packages/airflow/example_dags/tutorial.py for tasks to queue
[2026-02-06T09:16:30.764+0200] {logging_mixin.py:188} INFO - [2026-02-06T09:16:30.763+0200] {dagbag.py:538} INFO - Filling up the DagBag from /home/pazzoti/de-upskilling/airflow-flight-price-analysis/venv/lib/python3.10/site-packages/airflow/example_dags/tutorial.py
[2026-02-06T09:16:30.771+0200] {processor.py:840} INFO - DAG(s) 'tutorial' retrieved from /home/pazzoti/de-upskilling/airflow-flight-price-analysis/venv/lib/python3.10/site-packages/airflow/example_dags/tutorial.py
[2026-02-06T09:16:30.782+0200] {logging_mixin.py:188} INFO - [2026-02-06T09:16:30.782+0200] {dag.py:3036} INFO - Sync 1 DAGs
[2026-02-06T09:16:30.793+0200] {logging_mixin.py:188} INFO - [2026-02-06T09:16:30.793+0200] {dag.py:3823} INFO - Setting next_dagrun for tutorial to 2026-02-05 00:00:00+00:00, run_after=2026-02-06 00:00:00+00:00
[2026-02-06T09:16:30.808+0200] {processor.py:183} INFO - Processing /home/pazzoti/de-upskilling/airflow-flight-price-analysis/venv/lib/python3.10/site-packages/airflow/example_dags/tutorial.py took 0.058 seconds
[2026-02-06T09:17:24.699+0200] {processor.py:161} INFO - Started process (PID=9723) to work on /home/pazzoti/de-upskilling/airflow-flight-price-analysis/venv/lib/python3.10/site-packages/airflow/example_dags/tutorial.py
[2026-02-06T09:17:24.700+0200] {processor.py:830} INFO - Processing file /home/pazzoti/de-upskilling/airflow-flight-price-analysis/venv/lib/python3.10/site-packages/airflow/example_dags/tutorial.py for tasks to queue
[2026-02-06T09:17:24.701+0200] {logging_mixin.py:188} INFO - [2026-02-06T09:17:24.700+0200] {dagbag.py:538} INFO - Filling up the DagBag from /home/pazzoti/de-upskilling/airflow-flight-price-analysis/venv/lib/python3.10/site-packages/airflow/example_dags/tutorial.py
[2026-02-06T09:17:24.706+0200] {processor.py:840} INFO - DAG(s) 'tutorial' retrieved from /home/pazzoti/de-upskilling/airflow-flight-price-analysis/venv/lib/python3.10/site-packages/airflow/example_dags/tutorial.py
[2026-02-06T09:17:24.716+0200] {logging_mixin.py:188} INFO - [2026-02-06T09:17:24.715+0200] {dag.py:3036} INFO - Sync 1 DAGs
[2026-02-06T09:17:24.727+0200] {logging_mixin.py:188} INFO - [2026-02-06T09:17:24.727+0200] {dag.py:3823} INFO - Setting next_dagrun for tutorial to 2026-02-05 00:00:00+00:00, run_after=2026-02-06 00:00:00+00:00
[2026-02-06T09:17:24.744+0200] {processor.py:183} INFO - Processing /home/pazzoti/de-upskilling/airflow-flight-price-analysis/venv/lib/python3.10/site-packages/airflow/example_dags/tutorial.py took 0.047 seconds
[2026-02-06T09:29:28.891+0200] {processor.py:161} INFO - Started process (PID=9894) to work on /home/pazzoti/de-upskilling/airflow-flight-price-analysis/venv/lib/python3.10/site-packages/airflow/example_dags/tutorial.py
[2026-02-06T09:29:28.894+0200] {processor.py:830} INFO - Processing file /home/pazzoti/de-upskilling/airflow-flight-price-analysis/venv/lib/python3.10/site-packages/airflow/example_dags/tutorial.py for tasks to queue
[2026-02-06T09:29:28.896+0200] {logging_mixin.py:188} INFO - [2026-02-06T09:29:28.896+0200] {dagbag.py:538} INFO - Filling up the DagBag from /home/pazzoti/de-upskilling/airflow-flight-price-analysis/venv/lib/python3.10/site-packages/airflow/example_dags/tutorial.py
[2026-02-06T09:29:28.901+0200] {processor.py:840} INFO - DAG(s) 'tutorial' retrieved from /home/pazzoti/de-upskilling/airflow-flight-price-analysis/venv/lib/python3.10/site-packages/airflow/example_dags/tutorial.py
[2026-02-06T09:29:28.913+0200] {logging_mixin.py:188} INFO - [2026-02-06T09:29:28.913+0200] {dag.py:3036} INFO - Sync 1 DAGs
[2026-02-06T09:29:28.927+0200] {logging_mixin.py:188} INFO - [2026-02-06T09:29:28.926+0200] {dag.py:3823} INFO - Setting next_dagrun for tutorial to 2026-02-05 00:00:00+00:00, run_after=2026-02-06 00:00:00+00:00
[2026-02-06T09:29:28.949+0200] {processor.py:183} INFO - Processing /home/pazzoti/de-upskilling/airflow-flight-price-analysis/venv/lib/python3.10/site-packages/airflow/example_dags/tutorial.py took 0.061 seconds
[2026-02-06T09:30:19.966+0200] {processor.py:161} INFO - Started process (PID=9981) to work on /home/pazzoti/de-upskilling/airflow-flight-price-analysis/venv/lib/python3.10/site-packages/airflow/example_dags/tutorial.py
[2026-02-06T09:30:19.968+0200] {processor.py:830} INFO - Processing file /home/pazzoti/de-upskilling/airflow-flight-price-analysis/venv/lib/python3.10/site-packages/airflow/example_dags/tutorial.py for tasks to queue
[2026-02-06T09:30:19.969+0200] {logging_mixin.py:188} INFO - [2026-02-06T09:30:19.968+0200] {dagbag.py:538} INFO - Filling up the DagBag from /home/pazzoti/de-upskilling/airflow-flight-price-analysis/venv/lib/python3.10/site-packages/airflow/example_dags/tutorial.py
[2026-02-06T09:30:19.978+0200] {processor.py:840} INFO - DAG(s) 'tutorial' retrieved from /home/pazzoti/de-upskilling/airflow-flight-price-analysis/venv/lib/python3.10/site-packages/airflow/example_dags/tutorial.py
[2026-02-06T09:30:19.990+0200] {logging_mixin.py:188} INFO - [2026-02-06T09:30:19.990+0200] {dag.py:3036} INFO - Sync 1 DAGs
[2026-02-06T09:30:20.009+0200] {logging_mixin.py:188} INFO - [2026-02-06T09:30:20.009+0200] {dag.py:3823} INFO - Setting next_dagrun for tutorial to 2026-02-05 00:00:00+00:00, run_after=2026-02-06 00:00:00+00:00
[2026-02-06T09:30:20.036+0200] {processor.py:183} INFO - Processing /home/pazzoti/de-upskilling/airflow-flight-price-analysis/venv/lib/python3.10/site-packages/airflow/example_dags/tutorial.py took 0.075 seconds
[2026-02-06T09:31:02.535+0200] {processor.py:161} INFO - Started process (PID=10053) to work on /home/pazzoti/de-upskilling/airflow-flight-price-analysis/venv/lib/python3.10/site-packages/airflow/example_dags/tutorial.py
[2026-02-06T09:31:02.537+0200] {processor.py:830} INFO - Processing file /home/pazzoti/de-upskilling/airflow-flight-price-analysis/venv/lib/python3.10/site-packages/airflow/example_dags/tutorial.py for tasks to queue
[2026-02-06T09:31:02.538+0200] {logging_mixin.py:188} INFO - [2026-02-06T09:31:02.538+0200] {dagbag.py:538} INFO - Filling up the DagBag from /home/pazzoti/de-upskilling/airflow-flight-price-analysis/venv/lib/python3.10/site-packages/airflow/example_dags/tutorial.py
[2026-02-06T09:31:02.543+0200] {processor.py:840} INFO - DAG(s) 'tutorial' retrieved from /home/pazzoti/de-upskilling/airflow-flight-price-analysis/venv/lib/python3.10/site-packages/airflow/example_dags/tutorial.py
[2026-02-06T09:31:02.554+0200] {logging_mixin.py:188} INFO - [2026-02-06T09:31:02.554+0200] {dag.py:3036} INFO - Sync 1 DAGs
[2026-02-06T09:31:02.565+0200] {logging_mixin.py:188} INFO - [2026-02-06T09:31:02.565+0200] {dag.py:3823} INFO - Setting next_dagrun for tutorial to 2026-02-05 00:00:00+00:00, run_after=2026-02-06 00:00:00+00:00
[2026-02-06T09:31:02.583+0200] {processor.py:183} INFO - Processing /home/pazzoti/de-upskilling/airflow-flight-price-analysis/venv/lib/python3.10/site-packages/airflow/example_dags/tutorial.py took 0.051 seconds
[2026-02-06T09:31:42.252+0200] {processor.py:161} INFO - Started process (PID=10119) to work on /home/pazzoti/de-upskilling/airflow-flight-price-analysis/venv/lib/python3.10/site-packages/airflow/example_dags/tutorial.py
[2026-02-06T09:31:42.259+0200] {processor.py:830} INFO - Processing file /home/pazzoti/de-upskilling/airflow-flight-price-analysis/venv/lib/python3.10/site-packages/airflow/example_dags/tutorial.py for tasks to queue
[2026-02-06T09:31:42.259+0200] {logging_mixin.py:188} INFO - [2026-02-06T09:31:42.259+0200] {dagbag.py:538} INFO - Filling up the DagBag from /home/pazzoti/de-upskilling/airflow-flight-price-analysis/venv/lib/python3.10/site-packages/airflow/example_dags/tutorial.py
[2026-02-06T09:31:42.264+0200] {processor.py:840} INFO - DAG(s) 'tutorial' retrieved from /home/pazzoti/de-upskilling/airflow-flight-price-analysis/venv/lib/python3.10/site-packages/airflow/example_dags/tutorial.py
[2026-02-06T09:31:42.274+0200] {logging_mixin.py:188} INFO - [2026-02-06T09:31:42.274+0200] {dag.py:3036} INFO - Sync 1 DAGs
[2026-02-06T09:31:42.285+0200] {logging_mixin.py:188} INFO - [2026-02-06T09:31:42.285+0200] {dag.py:3823} INFO - Setting next_dagrun for tutorial to 2026-02-05 00:00:00+00:00, run_after=2026-02-06 00:00:00+00:00
[2026-02-06T09:31:42.300+0200] {processor.py:183} INFO - Processing /home/pazzoti/de-upskilling/airflow-flight-price-analysis/venv/lib/python3.10/site-packages/airflow/example_dags/tutorial.py took 0.051 seconds
[2026-02-06T09:32:21.679+0200] {processor.py:161} INFO - Started process (PID=10196) to work on /home/pazzoti/de-upskilling/airflow-flight-price-analysis/venv/lib/python3.10/site-packages/airflow/example_dags/tutorial.py
[2026-02-06T09:32:21.680+0200] {processor.py:830} INFO - Processing file /home/pazzoti/de-upskilling/airflow-flight-price-analysis/venv/lib/python3.10/site-packages/airflow/example_dags/tutorial.py for tasks to queue
[2026-02-06T09:32:21.681+0200] {logging_mixin.py:188} INFO - [2026-02-06T09:32:21.681+0200] {dagbag.py:538} INFO - Filling up the DagBag from /home/pazzoti/de-upskilling/airflow-flight-price-analysis/venv/lib/python3.10/site-packages/airflow/example_dags/tutorial.py
[2026-02-06T09:32:21.686+0200] {processor.py:840} INFO - DAG(s) 'tutorial' retrieved from /home/pazzoti/de-upskilling/airflow-flight-price-analysis/venv/lib/python3.10/site-packages/airflow/example_dags/tutorial.py
[2026-02-06T09:32:21.699+0200] {logging_mixin.py:188} INFO - [2026-02-06T09:32:21.699+0200] {dag.py:3036} INFO - Sync 1 DAGs
[2026-02-06T09:32:21.717+0200] {logging_mixin.py:188} INFO - [2026-02-06T09:32:21.716+0200] {dag.py:3823} INFO - Setting next_dagrun for tutorial to 2026-02-05 00:00:00+00:00, run_after=2026-02-06 00:00:00+00:00
[2026-02-06T09:32:21.751+0200] {processor.py:183} INFO - Processing /home/pazzoti/de-upskilling/airflow-flight-price-analysis/venv/lib/python3.10/site-packages/airflow/example_dags/tutorial.py took 0.074 seconds
[2026-02-06T09:33:22.980+0200] {processor.py:161} INFO - Started process (PID=10328) to work on /home/pazzoti/de-upskilling/airflow-flight-price-analysis/venv/lib/python3.10/site-packages/airflow/example_dags/tutorial.py
[2026-02-06T09:33:22.983+0200] {processor.py:830} INFO - Processing file /home/pazzoti/de-upskilling/airflow-flight-price-analysis/venv/lib/python3.10/site-packages/airflow/example_dags/tutorial.py for tasks to queue
[2026-02-06T09:33:22.992+0200] {logging_mixin.py:188} INFO - [2026-02-06T09:33:22.985+0200] {dagbag.py:538} INFO - Filling up the DagBag from /home/pazzoti/de-upskilling/airflow-flight-price-analysis/venv/lib/python3.10/site-packages/airflow/example_dags/tutorial.py
[2026-02-06T09:33:23.003+0200] {processor.py:840} INFO - DAG(s) 'tutorial' retrieved from /home/pazzoti/de-upskilling/airflow-flight-price-analysis/venv/lib/python3.10/site-packages/airflow/example_dags/tutorial.py
[2026-02-06T09:33:23.050+0200] {logging_mixin.py:188} INFO - [2026-02-06T09:33:23.049+0200] {dag.py:3036} INFO - Sync 1 DAGs
[2026-02-06T09:33:23.097+0200] {logging_mixin.py:188} INFO - [2026-02-06T09:33:23.097+0200] {dag.py:3823} INFO - Setting next_dagrun for tutorial to 2026-02-05 00:00:00+00:00, run_after=2026-02-06 00:00:00+00:00
[2026-02-06T09:33:23.141+0200] {processor.py:183} INFO - Processing /home/pazzoti/de-upskilling/airflow-flight-price-analysis/venv/lib/python3.10/site-packages/airflow/example_dags/tutorial.py took 0.164 seconds
[2026-02-06T09:34:15.203+0200] {processor.py:161} INFO - Started process (PID=10414) to work on /home/pazzoti/de-upskilling/airflow-flight-price-analysis/venv/lib/python3.10/site-packages/airflow/example_dags/tutorial.py
[2026-02-06T09:34:15.205+0200] {processor.py:830} INFO - Processing file /home/pazzoti/de-upskilling/airflow-flight-price-analysis/venv/lib/python3.10/site-packages/airflow/example_dags/tutorial.py for tasks to queue
[2026-02-06T09:34:15.205+0200] {logging_mixin.py:188} INFO - [2026-02-06T09:34:15.205+0200] {dagbag.py:538} INFO - Filling up the DagBag from /home/pazzoti/de-upskilling/airflow-flight-price-analysis/venv/lib/python3.10/site-packages/airflow/example_dags/tutorial.py
[2026-02-06T09:34:15.210+0200] {processor.py:840} INFO - DAG(s) 'tutorial' retrieved from /home/pazzoti/de-upskilling/airflow-flight-price-analysis/venv/lib/python3.10/site-packages/airflow/example_dags/tutorial.py
[2026-02-06T09:34:15.221+0200] {logging_mixin.py:188} INFO - [2026-02-06T09:34:15.221+0200] {dag.py:3036} INFO - Sync 1 DAGs
[2026-02-06T09:34:15.231+0200] {logging_mixin.py:188} INFO - [2026-02-06T09:34:15.231+0200] {dag.py:3823} INFO - Setting next_dagrun for tutorial to 2026-02-05 00:00:00+00:00, run_after=2026-02-06 00:00:00+00:00
[2026-02-06T09:34:15.248+0200] {processor.py:183} INFO - Processing /home/pazzoti/de-upskilling/airflow-flight-price-analysis/venv/lib/python3.10/site-packages/airflow/example_dags/tutorial.py took 0.048 seconds
