[2026-02-06T09:01:25.204+0200] {processor.py:161} INFO - Started process (PID=4247) to work on /home/pazzoti/de-upskilling/airflow-flight-price-analysis/venv/lib/python3.10/site-packages/airflow/example_dags/tutorial_objectstorage.py
[2026-02-06T09:01:25.204+0200] {processor.py:830} INFO - Processing file /home/pazzoti/de-upskilling/airflow-flight-price-analysis/venv/lib/python3.10/site-packages/airflow/example_dags/tutorial_objectstorage.py for tasks to queue
[2026-02-06T09:01:25.205+0200] {logging_mixin.py:188} INFO - [2026-02-06T09:01:25.205+0200] {dagbag.py:538} INFO - Filling up the DagBag from /home/pazzoti/de-upskilling/airflow-flight-price-analysis/venv/lib/python3.10/site-packages/airflow/example_dags/tutorial_objectstorage.py
[2026-02-06T09:01:25.215+0200] {processor.py:840} INFO - DAG(s) 'tutorial_objectstorage' retrieved from /home/pazzoti/de-upskilling/airflow-flight-price-analysis/venv/lib/python3.10/site-packages/airflow/example_dags/tutorial_objectstorage.py
[2026-02-06T09:01:25.227+0200] {logging_mixin.py:188} INFO - [2026-02-06T09:01:25.227+0200] {dag.py:3036} INFO - Sync 1 DAGs
[2026-02-06T09:01:25.235+0200] {logging_mixin.py:188} INFO - [2026-02-06T09:01:25.235+0200] {dag.py:3823} INFO - Setting next_dagrun for tutorial_objectstorage to None, run_after=None
[2026-02-06T09:01:25.256+0200] {processor.py:183} INFO - Processing /home/pazzoti/de-upskilling/airflow-flight-price-analysis/venv/lib/python3.10/site-packages/airflow/example_dags/tutorial_objectstorage.py took 0.054 seconds
[2026-02-06T09:02:16.519+0200] {processor.py:161} INFO - Started process (PID=4820) to work on /home/pazzoti/de-upskilling/airflow-flight-price-analysis/venv/lib/python3.10/site-packages/airflow/example_dags/tutorial_objectstorage.py
[2026-02-06T09:02:16.525+0200] {processor.py:830} INFO - Processing file /home/pazzoti/de-upskilling/airflow-flight-price-analysis/venv/lib/python3.10/site-packages/airflow/example_dags/tutorial_objectstorage.py for tasks to queue
[2026-02-06T09:02:16.526+0200] {logging_mixin.py:188} INFO - [2026-02-06T09:02:16.526+0200] {dagbag.py:538} INFO - Filling up the DagBag from /home/pazzoti/de-upskilling/airflow-flight-price-analysis/venv/lib/python3.10/site-packages/airflow/example_dags/tutorial_objectstorage.py
[2026-02-06T09:02:16.531+0200] {processor.py:840} INFO - DAG(s) 'tutorial_objectstorage' retrieved from /home/pazzoti/de-upskilling/airflow-flight-price-analysis/venv/lib/python3.10/site-packages/airflow/example_dags/tutorial_objectstorage.py
[2026-02-06T09:02:16.540+0200] {logging_mixin.py:188} INFO - [2026-02-06T09:02:16.540+0200] {dag.py:3036} INFO - Sync 1 DAGs
[2026-02-06T09:02:16.546+0200] {logging_mixin.py:188} INFO - [2026-02-06T09:02:16.546+0200] {dag.py:3823} INFO - Setting next_dagrun for tutorial_objectstorage to None, run_after=None
[2026-02-06T09:02:16.562+0200] {processor.py:183} INFO - Processing /home/pazzoti/de-upskilling/airflow-flight-price-analysis/venv/lib/python3.10/site-packages/airflow/example_dags/tutorial_objectstorage.py took 0.046 seconds
[2026-02-06T09:03:01.660+0200] {processor.py:161} INFO - Started process (PID=5028) to work on /home/pazzoti/de-upskilling/airflow-flight-price-analysis/venv/lib/python3.10/site-packages/airflow/example_dags/tutorial_objectstorage.py
[2026-02-06T09:03:01.667+0200] {processor.py:830} INFO - Processing file /home/pazzoti/de-upskilling/airflow-flight-price-analysis/venv/lib/python3.10/site-packages/airflow/example_dags/tutorial_objectstorage.py for tasks to queue
[2026-02-06T09:03:01.669+0200] {logging_mixin.py:188} INFO - [2026-02-06T09:03:01.668+0200] {dagbag.py:538} INFO - Filling up the DagBag from /home/pazzoti/de-upskilling/airflow-flight-price-analysis/venv/lib/python3.10/site-packages/airflow/example_dags/tutorial_objectstorage.py
[2026-02-06T09:03:01.674+0200] {processor.py:840} INFO - DAG(s) 'tutorial_objectstorage' retrieved from /home/pazzoti/de-upskilling/airflow-flight-price-analysis/venv/lib/python3.10/site-packages/airflow/example_dags/tutorial_objectstorage.py
[2026-02-06T09:03:01.683+0200] {logging_mixin.py:188} INFO - [2026-02-06T09:03:01.682+0200] {dag.py:3036} INFO - Sync 1 DAGs
[2026-02-06T09:03:01.689+0200] {logging_mixin.py:188} INFO - [2026-02-06T09:03:01.688+0200] {dag.py:3823} INFO - Setting next_dagrun for tutorial_objectstorage to None, run_after=None
[2026-02-06T09:03:01.705+0200] {processor.py:183} INFO - Processing /home/pazzoti/de-upskilling/airflow-flight-price-analysis/venv/lib/python3.10/site-packages/airflow/example_dags/tutorial_objectstorage.py took 0.047 seconds
[2026-02-06T09:03:52.819+0200] {processor.py:161} INFO - Started process (PID=5271) to work on /home/pazzoti/de-upskilling/airflow-flight-price-analysis/venv/lib/python3.10/site-packages/airflow/example_dags/tutorial_objectstorage.py
[2026-02-06T09:03:52.821+0200] {processor.py:830} INFO - Processing file /home/pazzoti/de-upskilling/airflow-flight-price-analysis/venv/lib/python3.10/site-packages/airflow/example_dags/tutorial_objectstorage.py for tasks to queue
[2026-02-06T09:03:52.821+0200] {logging_mixin.py:188} INFO - [2026-02-06T09:03:52.821+0200] {dagbag.py:538} INFO - Filling up the DagBag from /home/pazzoti/de-upskilling/airflow-flight-price-analysis/venv/lib/python3.10/site-packages/airflow/example_dags/tutorial_objectstorage.py
[2026-02-06T09:03:52.829+0200] {processor.py:840} INFO - DAG(s) 'tutorial_objectstorage' retrieved from /home/pazzoti/de-upskilling/airflow-flight-price-analysis/venv/lib/python3.10/site-packages/airflow/example_dags/tutorial_objectstorage.py
[2026-02-06T09:03:52.841+0200] {logging_mixin.py:188} INFO - [2026-02-06T09:03:52.841+0200] {dag.py:3036} INFO - Sync 1 DAGs
[2026-02-06T09:03:52.848+0200] {logging_mixin.py:188} INFO - [2026-02-06T09:03:52.848+0200] {dag.py:3823} INFO - Setting next_dagrun for tutorial_objectstorage to None, run_after=None
[2026-02-06T09:03:52.866+0200] {processor.py:183} INFO - Processing /home/pazzoti/de-upskilling/airflow-flight-price-analysis/venv/lib/python3.10/site-packages/airflow/example_dags/tutorial_objectstorage.py took 0.049 seconds
[2026-02-06T09:04:46.809+0200] {processor.py:161} INFO - Started process (PID=5509) to work on /home/pazzoti/de-upskilling/airflow-flight-price-analysis/venv/lib/python3.10/site-packages/airflow/example_dags/tutorial_objectstorage.py
[2026-02-06T09:04:46.813+0200] {processor.py:830} INFO - Processing file /home/pazzoti/de-upskilling/airflow-flight-price-analysis/venv/lib/python3.10/site-packages/airflow/example_dags/tutorial_objectstorage.py for tasks to queue
[2026-02-06T09:04:46.817+0200] {logging_mixin.py:188} INFO - [2026-02-06T09:04:46.815+0200] {dagbag.py:538} INFO - Filling up the DagBag from /home/pazzoti/de-upskilling/airflow-flight-price-analysis/venv/lib/python3.10/site-packages/airflow/example_dags/tutorial_objectstorage.py
[2026-02-06T09:04:46.825+0200] {processor.py:840} INFO - DAG(s) 'tutorial_objectstorage' retrieved from /home/pazzoti/de-upskilling/airflow-flight-price-analysis/venv/lib/python3.10/site-packages/airflow/example_dags/tutorial_objectstorage.py
[2026-02-06T09:04:46.835+0200] {logging_mixin.py:188} INFO - [2026-02-06T09:04:46.835+0200] {dag.py:3036} INFO - Sync 1 DAGs
[2026-02-06T09:04:46.843+0200] {logging_mixin.py:188} INFO - [2026-02-06T09:04:46.843+0200] {dag.py:3823} INFO - Setting next_dagrun for tutorial_objectstorage to None, run_after=None
[2026-02-06T09:04:46.865+0200] {processor.py:183} INFO - Processing /home/pazzoti/de-upskilling/airflow-flight-price-analysis/venv/lib/python3.10/site-packages/airflow/example_dags/tutorial_objectstorage.py took 0.060 seconds
[2026-02-06T09:05:43.292+0200] {processor.py:161} INFO - Started process (PID=5813) to work on /home/pazzoti/de-upskilling/airflow-flight-price-analysis/venv/lib/python3.10/site-packages/airflow/example_dags/tutorial_objectstorage.py
[2026-02-06T09:05:43.293+0200] {processor.py:830} INFO - Processing file /home/pazzoti/de-upskilling/airflow-flight-price-analysis/venv/lib/python3.10/site-packages/airflow/example_dags/tutorial_objectstorage.py for tasks to queue
[2026-02-06T09:05:43.294+0200] {logging_mixin.py:188} INFO - [2026-02-06T09:05:43.294+0200] {dagbag.py:538} INFO - Filling up the DagBag from /home/pazzoti/de-upskilling/airflow-flight-price-analysis/venv/lib/python3.10/site-packages/airflow/example_dags/tutorial_objectstorage.py
[2026-02-06T09:05:43.300+0200] {processor.py:840} INFO - DAG(s) 'tutorial_objectstorage' retrieved from /home/pazzoti/de-upskilling/airflow-flight-price-analysis/venv/lib/python3.10/site-packages/airflow/example_dags/tutorial_objectstorage.py
[2026-02-06T09:05:43.309+0200] {logging_mixin.py:188} INFO - [2026-02-06T09:05:43.309+0200] {dag.py:3036} INFO - Sync 1 DAGs
[2026-02-06T09:05:43.315+0200] {logging_mixin.py:188} INFO - [2026-02-06T09:05:43.315+0200] {dag.py:3823} INFO - Setting next_dagrun for tutorial_objectstorage to None, run_after=None
[2026-02-06T09:05:43.332+0200] {processor.py:183} INFO - Processing /home/pazzoti/de-upskilling/airflow-flight-price-analysis/venv/lib/python3.10/site-packages/airflow/example_dags/tutorial_objectstorage.py took 0.045 seconds
[2026-02-06T09:06:36.405+0200] {processor.py:161} INFO - Started process (PID=6079) to work on /home/pazzoti/de-upskilling/airflow-flight-price-analysis/venv/lib/python3.10/site-packages/airflow/example_dags/tutorial_objectstorage.py
[2026-02-06T09:06:36.406+0200] {processor.py:830} INFO - Processing file /home/pazzoti/de-upskilling/airflow-flight-price-analysis/venv/lib/python3.10/site-packages/airflow/example_dags/tutorial_objectstorage.py for tasks to queue
[2026-02-06T09:06:36.407+0200] {logging_mixin.py:188} INFO - [2026-02-06T09:06:36.407+0200] {dagbag.py:538} INFO - Filling up the DagBag from /home/pazzoti/de-upskilling/airflow-flight-price-analysis/venv/lib/python3.10/site-packages/airflow/example_dags/tutorial_objectstorage.py
[2026-02-06T09:06:36.419+0200] {processor.py:840} INFO - DAG(s) 'tutorial_objectstorage' retrieved from /home/pazzoti/de-upskilling/airflow-flight-price-analysis/venv/lib/python3.10/site-packages/airflow/example_dags/tutorial_objectstorage.py
[2026-02-06T09:06:36.443+0200] {logging_mixin.py:188} INFO - [2026-02-06T09:06:36.442+0200] {dag.py:3036} INFO - Sync 1 DAGs
[2026-02-06T09:06:36.449+0200] {logging_mixin.py:188} INFO - [2026-02-06T09:06:36.449+0200] {dag.py:3823} INFO - Setting next_dagrun for tutorial_objectstorage to None, run_after=None
[2026-02-06T09:06:36.466+0200] {processor.py:183} INFO - Processing /home/pazzoti/de-upskilling/airflow-flight-price-analysis/venv/lib/python3.10/site-packages/airflow/example_dags/tutorial_objectstorage.py took 0.064 seconds
[2026-02-06T09:07:32.138+0200] {processor.py:161} INFO - Started process (PID=6402) to work on /home/pazzoti/de-upskilling/airflow-flight-price-analysis/venv/lib/python3.10/site-packages/airflow/example_dags/tutorial_objectstorage.py
[2026-02-06T09:07:32.139+0200] {processor.py:830} INFO - Processing file /home/pazzoti/de-upskilling/airflow-flight-price-analysis/venv/lib/python3.10/site-packages/airflow/example_dags/tutorial_objectstorage.py for tasks to queue
[2026-02-06T09:07:32.140+0200] {logging_mixin.py:188} INFO - [2026-02-06T09:07:32.140+0200] {dagbag.py:538} INFO - Filling up the DagBag from /home/pazzoti/de-upskilling/airflow-flight-price-analysis/venv/lib/python3.10/site-packages/airflow/example_dags/tutorial_objectstorage.py
[2026-02-06T09:07:32.145+0200] {processor.py:840} INFO - DAG(s) 'tutorial_objectstorage' retrieved from /home/pazzoti/de-upskilling/airflow-flight-price-analysis/venv/lib/python3.10/site-packages/airflow/example_dags/tutorial_objectstorage.py
[2026-02-06T09:07:32.155+0200] {logging_mixin.py:188} INFO - [2026-02-06T09:07:32.155+0200] {dag.py:3036} INFO - Sync 1 DAGs
[2026-02-06T09:07:32.164+0200] {logging_mixin.py:188} INFO - [2026-02-06T09:07:32.163+0200] {dag.py:3823} INFO - Setting next_dagrun for tutorial_objectstorage to None, run_after=None
[2026-02-06T09:07:32.183+0200] {processor.py:183} INFO - Processing /home/pazzoti/de-upskilling/airflow-flight-price-analysis/venv/lib/python3.10/site-packages/airflow/example_dags/tutorial_objectstorage.py took 0.048 seconds
[2026-02-06T09:08:26.333+0200] {processor.py:161} INFO - Started process (PID=6643) to work on /home/pazzoti/de-upskilling/airflow-flight-price-analysis/venv/lib/python3.10/site-packages/airflow/example_dags/tutorial_objectstorage.py
[2026-02-06T09:08:26.335+0200] {processor.py:830} INFO - Processing file /home/pazzoti/de-upskilling/airflow-flight-price-analysis/venv/lib/python3.10/site-packages/airflow/example_dags/tutorial_objectstorage.py for tasks to queue
[2026-02-06T09:08:26.336+0200] {logging_mixin.py:188} INFO - [2026-02-06T09:08:26.335+0200] {dagbag.py:538} INFO - Filling up the DagBag from /home/pazzoti/de-upskilling/airflow-flight-price-analysis/venv/lib/python3.10/site-packages/airflow/example_dags/tutorial_objectstorage.py
[2026-02-06T09:08:26.343+0200] {processor.py:840} INFO - DAG(s) 'tutorial_objectstorage' retrieved from /home/pazzoti/de-upskilling/airflow-flight-price-analysis/venv/lib/python3.10/site-packages/airflow/example_dags/tutorial_objectstorage.py
[2026-02-06T09:08:26.353+0200] {logging_mixin.py:188} INFO - [2026-02-06T09:08:26.353+0200] {dag.py:3036} INFO - Sync 1 DAGs
[2026-02-06T09:08:26.359+0200] {logging_mixin.py:188} INFO - [2026-02-06T09:08:26.359+0200] {dag.py:3823} INFO - Setting next_dagrun for tutorial_objectstorage to None, run_after=None
[2026-02-06T09:08:26.378+0200] {processor.py:183} INFO - Processing /home/pazzoti/de-upskilling/airflow-flight-price-analysis/venv/lib/python3.10/site-packages/airflow/example_dags/tutorial_objectstorage.py took 0.048 seconds
[2026-02-06T09:09:22.031+0200] {processor.py:161} INFO - Started process (PID=6904) to work on /home/pazzoti/de-upskilling/airflow-flight-price-analysis/venv/lib/python3.10/site-packages/airflow/example_dags/tutorial_objectstorage.py
[2026-02-06T09:09:22.036+0200] {processor.py:830} INFO - Processing file /home/pazzoti/de-upskilling/airflow-flight-price-analysis/venv/lib/python3.10/site-packages/airflow/example_dags/tutorial_objectstorage.py for tasks to queue
[2026-02-06T09:09:22.041+0200] {logging_mixin.py:188} INFO - [2026-02-06T09:09:22.040+0200] {dagbag.py:538} INFO - Filling up the DagBag from /home/pazzoti/de-upskilling/airflow-flight-price-analysis/venv/lib/python3.10/site-packages/airflow/example_dags/tutorial_objectstorage.py
[2026-02-06T09:09:22.064+0200] {processor.py:840} INFO - DAG(s) 'tutorial_objectstorage' retrieved from /home/pazzoti/de-upskilling/airflow-flight-price-analysis/venv/lib/python3.10/site-packages/airflow/example_dags/tutorial_objectstorage.py
[2026-02-06T09:09:22.085+0200] {logging_mixin.py:188} INFO - [2026-02-06T09:09:22.085+0200] {dag.py:3036} INFO - Sync 1 DAGs
[2026-02-06T09:09:22.108+0200] {logging_mixin.py:188} INFO - [2026-02-06T09:09:22.107+0200] {dag.py:3823} INFO - Setting next_dagrun for tutorial_objectstorage to None, run_after=None
[2026-02-06T09:09:22.154+0200] {processor.py:183} INFO - Processing /home/pazzoti/de-upskilling/airflow-flight-price-analysis/venv/lib/python3.10/site-packages/airflow/example_dags/tutorial_objectstorage.py took 0.130 seconds
[2026-02-06T09:11:23.313+0200] {processor.py:161} INFO - Started process (PID=7769) to work on /home/pazzoti/de-upskilling/airflow-flight-price-analysis/venv/lib/python3.10/site-packages/airflow/example_dags/tutorial_objectstorage.py
[2026-02-06T09:11:23.315+0200] {processor.py:830} INFO - Processing file /home/pazzoti/de-upskilling/airflow-flight-price-analysis/venv/lib/python3.10/site-packages/airflow/example_dags/tutorial_objectstorage.py for tasks to queue
[2026-02-06T09:11:23.316+0200] {logging_mixin.py:188} INFO - [2026-02-06T09:11:23.315+0200] {dagbag.py:538} INFO - Filling up the DagBag from /home/pazzoti/de-upskilling/airflow-flight-price-analysis/venv/lib/python3.10/site-packages/airflow/example_dags/tutorial_objectstorage.py
[2026-02-06T09:11:23.329+0200] {processor.py:840} INFO - DAG(s) 'tutorial_objectstorage' retrieved from /home/pazzoti/de-upskilling/airflow-flight-price-analysis/venv/lib/python3.10/site-packages/airflow/example_dags/tutorial_objectstorage.py
[2026-02-06T09:11:23.354+0200] {logging_mixin.py:188} INFO - [2026-02-06T09:11:23.354+0200] {dag.py:3036} INFO - Sync 1 DAGs
[2026-02-06T09:11:23.378+0200] {logging_mixin.py:188} INFO - [2026-02-06T09:11:23.378+0200] {dag.py:3823} INFO - Setting next_dagrun for tutorial_objectstorage to None, run_after=None
[2026-02-06T09:11:23.410+0200] {processor.py:183} INFO - Processing /home/pazzoti/de-upskilling/airflow-flight-price-analysis/venv/lib/python3.10/site-packages/airflow/example_dags/tutorial_objectstorage.py took 0.100 seconds
[2026-02-06T09:12:22.043+0200] {processor.py:161} INFO - Started process (PID=8280) to work on /home/pazzoti/de-upskilling/airflow-flight-price-analysis/venv/lib/python3.10/site-packages/airflow/example_dags/tutorial_objectstorage.py
[2026-02-06T09:12:22.046+0200] {processor.py:830} INFO - Processing file /home/pazzoti/de-upskilling/airflow-flight-price-analysis/venv/lib/python3.10/site-packages/airflow/example_dags/tutorial_objectstorage.py for tasks to queue
[2026-02-06T09:12:22.048+0200] {logging_mixin.py:188} INFO - [2026-02-06T09:12:22.047+0200] {dagbag.py:538} INFO - Filling up the DagBag from /home/pazzoti/de-upskilling/airflow-flight-price-analysis/venv/lib/python3.10/site-packages/airflow/example_dags/tutorial_objectstorage.py
[2026-02-06T09:12:22.062+0200] {processor.py:840} INFO - DAG(s) 'tutorial_objectstorage' retrieved from /home/pazzoti/de-upskilling/airflow-flight-price-analysis/venv/lib/python3.10/site-packages/airflow/example_dags/tutorial_objectstorage.py
[2026-02-06T09:12:22.088+0200] {logging_mixin.py:188} INFO - [2026-02-06T09:12:22.088+0200] {dag.py:3036} INFO - Sync 1 DAGs
[2026-02-06T09:12:22.104+0200] {logging_mixin.py:188} INFO - [2026-02-06T09:12:22.103+0200] {dag.py:3823} INFO - Setting next_dagrun for tutorial_objectstorage to None, run_after=None
[2026-02-06T09:12:22.133+0200] {processor.py:183} INFO - Processing /home/pazzoti/de-upskilling/airflow-flight-price-analysis/venv/lib/python3.10/site-packages/airflow/example_dags/tutorial_objectstorage.py took 0.099 seconds
[2026-02-06T09:13:10.340+0200] {processor.py:161} INFO - Started process (PID=8496) to work on /home/pazzoti/de-upskilling/airflow-flight-price-analysis/venv/lib/python3.10/site-packages/airflow/example_dags/tutorial_objectstorage.py
[2026-02-06T09:13:10.341+0200] {processor.py:830} INFO - Processing file /home/pazzoti/de-upskilling/airflow-flight-price-analysis/venv/lib/python3.10/site-packages/airflow/example_dags/tutorial_objectstorage.py for tasks to queue
[2026-02-06T09:13:10.342+0200] {logging_mixin.py:188} INFO - [2026-02-06T09:13:10.342+0200] {dagbag.py:538} INFO - Filling up the DagBag from /home/pazzoti/de-upskilling/airflow-flight-price-analysis/venv/lib/python3.10/site-packages/airflow/example_dags/tutorial_objectstorage.py
[2026-02-06T09:13:10.348+0200] {processor.py:840} INFO - DAG(s) 'tutorial_objectstorage' retrieved from /home/pazzoti/de-upskilling/airflow-flight-price-analysis/venv/lib/python3.10/site-packages/airflow/example_dags/tutorial_objectstorage.py
[2026-02-06T09:13:10.358+0200] {logging_mixin.py:188} INFO - [2026-02-06T09:13:10.358+0200] {dag.py:3036} INFO - Sync 1 DAGs
[2026-02-06T09:13:10.365+0200] {logging_mixin.py:188} INFO - [2026-02-06T09:13:10.365+0200] {dag.py:3823} INFO - Setting next_dagrun for tutorial_objectstorage to None, run_after=None
[2026-02-06T09:13:10.382+0200] {processor.py:183} INFO - Processing /home/pazzoti/de-upskilling/airflow-flight-price-analysis/venv/lib/python3.10/site-packages/airflow/example_dags/tutorial_objectstorage.py took 0.044 seconds
[2026-02-06T09:13:57.124+0200] {processor.py:161} INFO - Started process (PID=8713) to work on /home/pazzoti/de-upskilling/airflow-flight-price-analysis/venv/lib/python3.10/site-packages/airflow/example_dags/tutorial_objectstorage.py
[2026-02-06T09:13:57.126+0200] {processor.py:830} INFO - Processing file /home/pazzoti/de-upskilling/airflow-flight-price-analysis/venv/lib/python3.10/site-packages/airflow/example_dags/tutorial_objectstorage.py for tasks to queue
[2026-02-06T09:13:57.128+0200] {logging_mixin.py:188} INFO - [2026-02-06T09:13:57.127+0200] {dagbag.py:538} INFO - Filling up the DagBag from /home/pazzoti/de-upskilling/airflow-flight-price-analysis/venv/lib/python3.10/site-packages/airflow/example_dags/tutorial_objectstorage.py
[2026-02-06T09:13:57.142+0200] {processor.py:840} INFO - DAG(s) 'tutorial_objectstorage' retrieved from /home/pazzoti/de-upskilling/airflow-flight-price-analysis/venv/lib/python3.10/site-packages/airflow/example_dags/tutorial_objectstorage.py
[2026-02-06T09:13:57.161+0200] {logging_mixin.py:188} INFO - [2026-02-06T09:13:57.161+0200] {dag.py:3036} INFO - Sync 1 DAGs
[2026-02-06T09:13:57.175+0200] {logging_mixin.py:188} INFO - [2026-02-06T09:13:57.175+0200] {dag.py:3823} INFO - Setting next_dagrun for tutorial_objectstorage to None, run_after=None
[2026-02-06T09:13:57.195+0200] {processor.py:183} INFO - Processing /home/pazzoti/de-upskilling/airflow-flight-price-analysis/venv/lib/python3.10/site-packages/airflow/example_dags/tutorial_objectstorage.py took 0.076 seconds
[2026-02-06T09:14:50.541+0200] {processor.py:161} INFO - Started process (PID=8964) to work on /home/pazzoti/de-upskilling/airflow-flight-price-analysis/venv/lib/python3.10/site-packages/airflow/example_dags/tutorial_objectstorage.py
[2026-02-06T09:14:50.543+0200] {processor.py:830} INFO - Processing file /home/pazzoti/de-upskilling/airflow-flight-price-analysis/venv/lib/python3.10/site-packages/airflow/example_dags/tutorial_objectstorage.py for tasks to queue
[2026-02-06T09:14:50.544+0200] {logging_mixin.py:188} INFO - [2026-02-06T09:14:50.543+0200] {dagbag.py:538} INFO - Filling up the DagBag from /home/pazzoti/de-upskilling/airflow-flight-price-analysis/venv/lib/python3.10/site-packages/airflow/example_dags/tutorial_objectstorage.py
[2026-02-06T09:14:50.550+0200] {processor.py:840} INFO - DAG(s) 'tutorial_objectstorage' retrieved from /home/pazzoti/de-upskilling/airflow-flight-price-analysis/venv/lib/python3.10/site-packages/airflow/example_dags/tutorial_objectstorage.py
[2026-02-06T09:14:50.560+0200] {logging_mixin.py:188} INFO - [2026-02-06T09:14:50.560+0200] {dag.py:3036} INFO - Sync 1 DAGs
[2026-02-06T09:14:50.567+0200] {logging_mixin.py:188} INFO - [2026-02-06T09:14:50.566+0200] {dag.py:3823} INFO - Setting next_dagrun for tutorial_objectstorage to None, run_after=None
[2026-02-06T09:14:50.583+0200] {processor.py:183} INFO - Processing /home/pazzoti/de-upskilling/airflow-flight-price-analysis/venv/lib/python3.10/site-packages/airflow/example_dags/tutorial_objectstorage.py took 0.047 seconds
[2026-02-06T09:15:45.721+0200] {processor.py:161} INFO - Started process (PID=9215) to work on /home/pazzoti/de-upskilling/airflow-flight-price-analysis/venv/lib/python3.10/site-packages/airflow/example_dags/tutorial_objectstorage.py
[2026-02-06T09:15:45.723+0200] {processor.py:830} INFO - Processing file /home/pazzoti/de-upskilling/airflow-flight-price-analysis/venv/lib/python3.10/site-packages/airflow/example_dags/tutorial_objectstorage.py for tasks to queue
[2026-02-06T09:15:45.723+0200] {logging_mixin.py:188} INFO - [2026-02-06T09:15:45.723+0200] {dagbag.py:538} INFO - Filling up the DagBag from /home/pazzoti/de-upskilling/airflow-flight-price-analysis/venv/lib/python3.10/site-packages/airflow/example_dags/tutorial_objectstorage.py
[2026-02-06T09:15:45.730+0200] {processor.py:840} INFO - DAG(s) 'tutorial_objectstorage' retrieved from /home/pazzoti/de-upskilling/airflow-flight-price-analysis/venv/lib/python3.10/site-packages/airflow/example_dags/tutorial_objectstorage.py
[2026-02-06T09:15:45.738+0200] {logging_mixin.py:188} INFO - [2026-02-06T09:15:45.738+0200] {dag.py:3036} INFO - Sync 1 DAGs
[2026-02-06T09:15:45.744+0200] {logging_mixin.py:188} INFO - [2026-02-06T09:15:45.744+0200] {dag.py:3823} INFO - Setting next_dagrun for tutorial_objectstorage to None, run_after=None
[2026-02-06T09:15:45.762+0200] {processor.py:183} INFO - Processing /home/pazzoti/de-upskilling/airflow-flight-price-analysis/venv/lib/python3.10/site-packages/airflow/example_dags/tutorial_objectstorage.py took 0.044 seconds
[2026-02-06T09:16:35.513+0200] {processor.py:161} INFO - Started process (PID=9476) to work on /home/pazzoti/de-upskilling/airflow-flight-price-analysis/venv/lib/python3.10/site-packages/airflow/example_dags/tutorial_objectstorage.py
[2026-02-06T09:16:35.520+0200] {processor.py:830} INFO - Processing file /home/pazzoti/de-upskilling/airflow-flight-price-analysis/venv/lib/python3.10/site-packages/airflow/example_dags/tutorial_objectstorage.py for tasks to queue
[2026-02-06T09:16:35.521+0200] {logging_mixin.py:188} INFO - [2026-02-06T09:16:35.521+0200] {dagbag.py:538} INFO - Filling up the DagBag from /home/pazzoti/de-upskilling/airflow-flight-price-analysis/venv/lib/python3.10/site-packages/airflow/example_dags/tutorial_objectstorage.py
[2026-02-06T09:16:35.526+0200] {processor.py:840} INFO - DAG(s) 'tutorial_objectstorage' retrieved from /home/pazzoti/de-upskilling/airflow-flight-price-analysis/venv/lib/python3.10/site-packages/airflow/example_dags/tutorial_objectstorage.py
[2026-02-06T09:16:35.536+0200] {logging_mixin.py:188} INFO - [2026-02-06T09:16:35.536+0200] {dag.py:3036} INFO - Sync 1 DAGs
[2026-02-06T09:16:35.542+0200] {logging_mixin.py:188} INFO - [2026-02-06T09:16:35.541+0200] {dag.py:3823} INFO - Setting next_dagrun for tutorial_objectstorage to None, run_after=None
[2026-02-06T09:16:35.557+0200] {processor.py:183} INFO - Processing /home/pazzoti/de-upskilling/airflow-flight-price-analysis/venv/lib/python3.10/site-packages/airflow/example_dags/tutorial_objectstorage.py took 0.047 seconds
[2026-02-06T09:29:04.523+0200] {processor.py:161} INFO - Started process (PID=9794) to work on /home/pazzoti/de-upskilling/airflow-flight-price-analysis/venv/lib/python3.10/site-packages/airflow/example_dags/tutorial_objectstorage.py
[2026-02-06T09:29:04.526+0200] {processor.py:830} INFO - Processing file /home/pazzoti/de-upskilling/airflow-flight-price-analysis/venv/lib/python3.10/site-packages/airflow/example_dags/tutorial_objectstorage.py for tasks to queue
[2026-02-06T09:29:04.526+0200] {logging_mixin.py:188} INFO - [2026-02-06T09:29:04.526+0200] {dagbag.py:538} INFO - Filling up the DagBag from /home/pazzoti/de-upskilling/airflow-flight-price-analysis/venv/lib/python3.10/site-packages/airflow/example_dags/tutorial_objectstorage.py
[2026-02-06T09:29:04.533+0200] {processor.py:840} INFO - DAG(s) 'tutorial_objectstorage' retrieved from /home/pazzoti/de-upskilling/airflow-flight-price-analysis/venv/lib/python3.10/site-packages/airflow/example_dags/tutorial_objectstorage.py
[2026-02-06T09:29:04.542+0200] {logging_mixin.py:188} INFO - [2026-02-06T09:29:04.542+0200] {dag.py:3036} INFO - Sync 1 DAGs
[2026-02-06T09:29:04.548+0200] {logging_mixin.py:188} INFO - [2026-02-06T09:29:04.548+0200] {dag.py:3823} INFO - Setting next_dagrun for tutorial_objectstorage to None, run_after=None
[2026-02-06T09:29:04.569+0200] {processor.py:183} INFO - Processing /home/pazzoti/de-upskilling/airflow-flight-price-analysis/venv/lib/python3.10/site-packages/airflow/example_dags/tutorial_objectstorage.py took 0.047 seconds
[2026-02-06T09:30:08.707+0200] {processor.py:161} INFO - Started process (PID=9964) to work on /home/pazzoti/de-upskilling/airflow-flight-price-analysis/venv/lib/python3.10/site-packages/airflow/example_dags/tutorial_objectstorage.py
[2026-02-06T09:30:08.709+0200] {processor.py:830} INFO - Processing file /home/pazzoti/de-upskilling/airflow-flight-price-analysis/venv/lib/python3.10/site-packages/airflow/example_dags/tutorial_objectstorage.py for tasks to queue
[2026-02-06T09:30:08.710+0200] {logging_mixin.py:188} INFO - [2026-02-06T09:30:08.710+0200] {dagbag.py:538} INFO - Filling up the DagBag from /home/pazzoti/de-upskilling/airflow-flight-price-analysis/venv/lib/python3.10/site-packages/airflow/example_dags/tutorial_objectstorage.py
[2026-02-06T09:30:08.720+0200] {processor.py:840} INFO - DAG(s) 'tutorial_objectstorage' retrieved from /home/pazzoti/de-upskilling/airflow-flight-price-analysis/venv/lib/python3.10/site-packages/airflow/example_dags/tutorial_objectstorage.py
[2026-02-06T09:30:08.736+0200] {logging_mixin.py:188} INFO - [2026-02-06T09:30:08.736+0200] {dag.py:3036} INFO - Sync 1 DAGs
[2026-02-06T09:30:08.749+0200] {logging_mixin.py:188} INFO - [2026-02-06T09:30:08.748+0200] {dag.py:3823} INFO - Setting next_dagrun for tutorial_objectstorage to None, run_after=None
[2026-02-06T09:30:08.779+0200] {processor.py:183} INFO - Processing /home/pazzoti/de-upskilling/airflow-flight-price-analysis/venv/lib/python3.10/site-packages/airflow/example_dags/tutorial_objectstorage.py took 0.076 seconds
[2026-02-06T09:31:07.672+0200] {processor.py:161} INFO - Started process (PID=10064) to work on /home/pazzoti/de-upskilling/airflow-flight-price-analysis/venv/lib/python3.10/site-packages/airflow/example_dags/tutorial_objectstorage.py
[2026-02-06T09:31:07.674+0200] {processor.py:830} INFO - Processing file /home/pazzoti/de-upskilling/airflow-flight-price-analysis/venv/lib/python3.10/site-packages/airflow/example_dags/tutorial_objectstorage.py for tasks to queue
[2026-02-06T09:31:07.674+0200] {logging_mixin.py:188} INFO - [2026-02-06T09:31:07.674+0200] {dagbag.py:538} INFO - Filling up the DagBag from /home/pazzoti/de-upskilling/airflow-flight-price-analysis/venv/lib/python3.10/site-packages/airflow/example_dags/tutorial_objectstorage.py
[2026-02-06T09:31:07.681+0200] {processor.py:840} INFO - DAG(s) 'tutorial_objectstorage' retrieved from /home/pazzoti/de-upskilling/airflow-flight-price-analysis/venv/lib/python3.10/site-packages/airflow/example_dags/tutorial_objectstorage.py
[2026-02-06T09:31:07.690+0200] {logging_mixin.py:188} INFO - [2026-02-06T09:31:07.690+0200] {dag.py:3036} INFO - Sync 1 DAGs
[2026-02-06T09:31:07.698+0200] {logging_mixin.py:188} INFO - [2026-02-06T09:31:07.697+0200] {dag.py:3823} INFO - Setting next_dagrun for tutorial_objectstorage to None, run_after=None
[2026-02-06T09:31:07.717+0200] {processor.py:183} INFO - Processing /home/pazzoti/de-upskilling/airflow-flight-price-analysis/venv/lib/python3.10/site-packages/airflow/example_dags/tutorial_objectstorage.py took 0.047 seconds
[2026-02-06T09:32:03.368+0200] {processor.py:161} INFO - Started process (PID=10170) to work on /home/pazzoti/de-upskilling/airflow-flight-price-analysis/venv/lib/python3.10/site-packages/airflow/example_dags/tutorial_objectstorage.py
[2026-02-06T09:32:03.370+0200] {processor.py:830} INFO - Processing file /home/pazzoti/de-upskilling/airflow-flight-price-analysis/venv/lib/python3.10/site-packages/airflow/example_dags/tutorial_objectstorage.py for tasks to queue
[2026-02-06T09:32:03.371+0200] {logging_mixin.py:188} INFO - [2026-02-06T09:32:03.371+0200] {dagbag.py:538} INFO - Filling up the DagBag from /home/pazzoti/de-upskilling/airflow-flight-price-analysis/venv/lib/python3.10/site-packages/airflow/example_dags/tutorial_objectstorage.py
[2026-02-06T09:32:03.376+0200] {processor.py:840} INFO - DAG(s) 'tutorial_objectstorage' retrieved from /home/pazzoti/de-upskilling/airflow-flight-price-analysis/venv/lib/python3.10/site-packages/airflow/example_dags/tutorial_objectstorage.py
[2026-02-06T09:32:03.386+0200] {logging_mixin.py:188} INFO - [2026-02-06T09:32:03.386+0200] {dag.py:3036} INFO - Sync 1 DAGs
[2026-02-06T09:32:03.394+0200] {logging_mixin.py:188} INFO - [2026-02-06T09:32:03.393+0200] {dag.py:3823} INFO - Setting next_dagrun for tutorial_objectstorage to None, run_after=None
[2026-02-06T09:32:03.410+0200] {processor.py:183} INFO - Processing /home/pazzoti/de-upskilling/airflow-flight-price-analysis/venv/lib/python3.10/site-packages/airflow/example_dags/tutorial_objectstorage.py took 0.044 seconds
[2026-02-06T09:32:57.177+0200] {processor.py:161} INFO - Started process (PID=10291) to work on /home/pazzoti/de-upskilling/airflow-flight-price-analysis/venv/lib/python3.10/site-packages/airflow/example_dags/tutorial_objectstorage.py
[2026-02-06T09:32:57.178+0200] {processor.py:830} INFO - Processing file /home/pazzoti/de-upskilling/airflow-flight-price-analysis/venv/lib/python3.10/site-packages/airflow/example_dags/tutorial_objectstorage.py for tasks to queue
[2026-02-06T09:32:57.179+0200] {logging_mixin.py:188} INFO - [2026-02-06T09:32:57.178+0200] {dagbag.py:538} INFO - Filling up the DagBag from /home/pazzoti/de-upskilling/airflow-flight-price-analysis/venv/lib/python3.10/site-packages/airflow/example_dags/tutorial_objectstorage.py
[2026-02-06T09:32:57.185+0200] {processor.py:840} INFO - DAG(s) 'tutorial_objectstorage' retrieved from /home/pazzoti/de-upskilling/airflow-flight-price-analysis/venv/lib/python3.10/site-packages/airflow/example_dags/tutorial_objectstorage.py
[2026-02-06T09:32:57.198+0200] {logging_mixin.py:188} INFO - [2026-02-06T09:32:57.197+0200] {dag.py:3036} INFO - Sync 1 DAGs
[2026-02-06T09:32:57.205+0200] {logging_mixin.py:188} INFO - [2026-02-06T09:32:57.204+0200] {dag.py:3823} INFO - Setting next_dagrun for tutorial_objectstorage to None, run_after=None
[2026-02-06T09:32:57.220+0200] {processor.py:183} INFO - Processing /home/pazzoti/de-upskilling/airflow-flight-price-analysis/venv/lib/python3.10/site-packages/airflow/example_dags/tutorial_objectstorage.py took 0.046 seconds
[2026-02-06T09:33:46.817+0200] {processor.py:161} INFO - Started process (PID=10356) to work on /home/pazzoti/de-upskilling/airflow-flight-price-analysis/venv/lib/python3.10/site-packages/airflow/example_dags/tutorial_objectstorage.py
[2026-02-06T09:33:46.819+0200] {processor.py:830} INFO - Processing file /home/pazzoti/de-upskilling/airflow-flight-price-analysis/venv/lib/python3.10/site-packages/airflow/example_dags/tutorial_objectstorage.py for tasks to queue
[2026-02-06T09:33:46.820+0200] {logging_mixin.py:188} INFO - [2026-02-06T09:33:46.820+0200] {dagbag.py:538} INFO - Filling up the DagBag from /home/pazzoti/de-upskilling/airflow-flight-price-analysis/venv/lib/python3.10/site-packages/airflow/example_dags/tutorial_objectstorage.py
[2026-02-06T09:33:46.831+0200] {processor.py:840} INFO - DAG(s) 'tutorial_objectstorage' retrieved from /home/pazzoti/de-upskilling/airflow-flight-price-analysis/venv/lib/python3.10/site-packages/airflow/example_dags/tutorial_objectstorage.py
[2026-02-06T09:33:46.860+0200] {logging_mixin.py:188} INFO - [2026-02-06T09:33:46.860+0200] {dag.py:3036} INFO - Sync 1 DAGs
[2026-02-06T09:33:46.877+0200] {logging_mixin.py:188} INFO - [2026-02-06T09:33:46.876+0200] {dag.py:3823} INFO - Setting next_dagrun for tutorial_objectstorage to None, run_after=None
[2026-02-06T09:33:46.919+0200] {processor.py:183} INFO - Processing /home/pazzoti/de-upskilling/airflow-flight-price-analysis/venv/lib/python3.10/site-packages/airflow/example_dags/tutorial_objectstorage.py took 0.107 seconds
[2026-02-06T09:34:35.806+0200] {processor.py:161} INFO - Started process (PID=10444) to work on /home/pazzoti/de-upskilling/airflow-flight-price-analysis/venv/lib/python3.10/site-packages/airflow/example_dags/tutorial_objectstorage.py
[2026-02-06T09:34:35.811+0200] {processor.py:830} INFO - Processing file /home/pazzoti/de-upskilling/airflow-flight-price-analysis/venv/lib/python3.10/site-packages/airflow/example_dags/tutorial_objectstorage.py for tasks to queue
[2026-02-06T09:34:35.812+0200] {logging_mixin.py:188} INFO - [2026-02-06T09:34:35.811+0200] {dagbag.py:538} INFO - Filling up the DagBag from /home/pazzoti/de-upskilling/airflow-flight-price-analysis/venv/lib/python3.10/site-packages/airflow/example_dags/tutorial_objectstorage.py
[2026-02-06T09:34:35.819+0200] {processor.py:840} INFO - DAG(s) 'tutorial_objectstorage' retrieved from /home/pazzoti/de-upskilling/airflow-flight-price-analysis/venv/lib/python3.10/site-packages/airflow/example_dags/tutorial_objectstorage.py
[2026-02-06T09:34:35.829+0200] {logging_mixin.py:188} INFO - [2026-02-06T09:34:35.829+0200] {dag.py:3036} INFO - Sync 1 DAGs
[2026-02-06T09:34:35.836+0200] {logging_mixin.py:188} INFO - [2026-02-06T09:34:35.836+0200] {dag.py:3823} INFO - Setting next_dagrun for tutorial_objectstorage to None, run_after=None
[2026-02-06T09:34:35.851+0200] {processor.py:183} INFO - Processing /home/pazzoti/de-upskilling/airflow-flight-price-analysis/venv/lib/python3.10/site-packages/airflow/example_dags/tutorial_objectstorage.py took 0.049 seconds
