[2026-02-07T12:31:24.779+0200] {taskinstance.py:1956} INFO - Dependencies all met for dep_context=non-requeueable deps ti=<TaskInstance: flight_price_analysis.run_pipeline scheduled__2026-02-06T00:00:00+00:00 [queued]>
[2026-02-07T12:31:24.798+0200] {taskinstance.py:1956} INFO - Dependencies all met for dep_context=requeueable deps ti=<TaskInstance: flight_price_analysis.run_pipeline scheduled__2026-02-06T00:00:00+00:00 [queued]>
[2026-02-07T12:31:24.799+0200] {taskinstance.py:2170} INFO - Starting attempt 1 of 1
[2026-02-07T12:31:24.828+0200] {taskinstance.py:2191} INFO - Executing <Task(PythonOperator): run_pipeline> on 2026-02-06 00:00:00+00:00
[2026-02-07T12:31:24.834+0200] {standard_task_runner.py:60} INFO - Started process 138121 to run task
[2026-02-07T12:31:24.841+0200] {standard_task_runner.py:87} INFO - Running: ['airflow', 'tasks', 'run', 'flight_price_analysis', 'run_pipeline', 'scheduled__2026-02-06T00:00:00+00:00', '--job-id', '99', '--raw', '--subdir', 'DAGS_FOLDER/flight_price_analysis_dag.py', '--cfg-path', '/tmp/tmpno_jewf0']
[2026-02-07T12:31:24.842+0200] {standard_task_runner.py:88} INFO - Job 99: Subtask run_pipeline
[2026-02-07T12:31:24.934+0200] {task_command.py:423} INFO - Running <TaskInstance: flight_price_analysis.run_pipeline scheduled__2026-02-06T00:00:00+00:00 [running]> on host Patricks-bot.
[2026-02-07T12:31:25.111+0200] {taskinstance.py:2480} INFO - Exporting env vars: AIRFLOW_CTX_DAG_OWNER='airflow' AIRFLOW_CTX_DAG_ID='flight_price_analysis' AIRFLOW_CTX_TASK_ID='run_pipeline' AIRFLOW_CTX_EXECUTION_DATE='2026-02-06T00:00:00+00:00' AIRFLOW_CTX_TRY_NUMBER='1' AIRFLOW_CTX_DAG_RUN_ID='scheduled__2026-02-06T00:00:00+00:00'
[2026-02-07T12:31:25.115+0200] {logging_mixin.py:188} INFO - [EXTRACT] Starting extraction...
[2026-02-07T12:31:25.617+0200] {logging_mixin.py:188} INFO - [EXTRACT] rows extracted: 57000
[2026-02-07T12:31:25.618+0200] {logging_mixin.py:188} INFO - [EXTRACT] Data sample BEFORE validation:
[2026-02-07T12:31:25.651+0200] {logging_mixin.py:188} INFO -               Airline Source                           Source Name Destination  ... Tax & Surcharge (BDT) Total Fare (BDT)      Seasonality  Days Before Departure
0  Malaysian Airlines    CXB                   Cox's Bazar Airport         CCU  ...           5169.683753     26300.908775          Regular                     10
1      Cathay Pacific    BZL                       Barisal Airport         CGP  ...            200.000000     11805.395471          Regular                     14
2     British Airways    ZYL  Osmani International Airport, Sylhet         KUL  ...          11982.374902     51864.874251  Winter Holidays                     83
3  Singapore Airlines    RJH        Shah Makhdum Airport, Rajshahi         DAC  ...            200.000000      4635.607340          Regular                     56
4     British Airways    SPD                       Saidpur Airport         YYZ  ...          14886.570922     74130.377068          Regular                     90

[5 rows x 17 columns]
[2026-02-07T12:31:25.651+0200] {logging_mixin.py:188} INFO - [EXTRACT] rows extracted: 57000
[2026-02-07T12:31:25.671+0200] {logging_mixin.py:188} INFO - [EXTRACT] Data sample BEFORE validation:
              Airline Source                           Source Name Destination  ... Tax & Surcharge (BDT) Total Fare (BDT)      Seasonality  Days Before Departure
0  Malaysian Airlines    CXB                   Cox's Bazar Airport         CCU  ...           5169.683753     26300.908775          Regular                     10
1      Cathay Pacific    BZL                       Barisal Airport         CGP  ...            200.000000     11805.395471          Regular                     14
2     British Airways    ZYL  Osmani International Airport, Sylhet         KUL  ...          11982.374902     51864.874251  Winter Holidays                     83
3  Singapore Airlines    RJH        Shah Makhdum Airport, Rajshahi         DAC  ...            200.000000      4635.607340          Regular                     56
4     British Airways    SPD                       Saidpur Airport         YYZ  ...          14886.570922     74130.377068          Regular                     90

[5 rows x 17 columns]
[2026-02-07T12:31:25.671+0200] {logging_mixin.py:188} INFO - [VALIDATE] Running validation...
[2026-02-07T12:31:25.752+0200] {logging_mixin.py:188} INFO - [VALIDATE] Rows before validation: 57000
[2026-02-07T12:31:25.752+0200] {logging_mixin.py:188} INFO - [VALIDATE] Rows after validation: 57000
[2026-02-07T12:31:25.756+0200] {logging_mixin.py:188} INFO - [VALIDATE] Rows after validation: 57000
[2026-02-07T12:31:25.962+0200] {logging_mixin.py:188} WARNING - /home/pazzoti/de-upskilling/airflow-flight-price-analysis/airflow/dags/flight_price_analysis_dag.py:34 UserWarning: pandas only supports SQLAlchemy connectable (engine/connection) or database string URI or sqlite3 DBAPI2 connection. Other DBAPI2 objects are not tested. Please consider using SQLAlchemy.
[2026-02-07T12:31:25.970+0200] {taskinstance.py:2698} ERROR - Task failed with exception
Traceback (most recent call last):
  File "/home/pazzoti/de-upskilling/airflow-flight-price-analysis/venv/lib/python3.10/site-packages/airflow/models/taskinstance.py", line 433, in _execute_task
    result = execute_callable(context=context, **execute_callable_kwargs)
  File "/home/pazzoti/de-upskilling/airflow-flight-price-analysis/venv/lib/python3.10/site-packages/airflow/operators/python.py", line 199, in execute
    return_value = self.execute_callable()
  File "/home/pazzoti/de-upskilling/airflow-flight-price-analysis/venv/lib/python3.10/site-packages/airflow/operators/python.py", line 216, in execute_callable
    return self.python_callable(*self.op_args, **self.op_kwargs)
  File "/home/pazzoti/de-upskilling/airflow-flight-price-analysis/airflow/dags/flight_price_analysis_dag.py", line 58, in run_pipeline
    load_to_mysql_dynamic(df, table_name="flight_prices_raw")
  File "/home/pazzoti/de-upskilling/airflow-flight-price-analysis/airflow/dags/flight_price_analysis_dag.py", line 34, in load_to_mysql_dynamic
    df.to_sql(
  File "/home/pazzoti/de-upskilling/airflow-flight-price-analysis/venv/lib/python3.10/site-packages/pandas/util/_decorators.py", line 333, in wrapper
    return func(*args, **kwargs)
  File "/home/pazzoti/de-upskilling/airflow-flight-price-analysis/venv/lib/python3.10/site-packages/pandas/core/generic.py", line 3109, in to_sql
    return sql.to_sql(
  File "/home/pazzoti/de-upskilling/airflow-flight-price-analysis/venv/lib/python3.10/site-packages/pandas/io/sql.py", line 844, in to_sql
    return pandas_sql.to_sql(
  File "/home/pazzoti/de-upskilling/airflow-flight-price-analysis/venv/lib/python3.10/site-packages/pandas/io/sql.py", line 2840, in to_sql
    table.create()
  File "/home/pazzoti/de-upskilling/airflow-flight-price-analysis/venv/lib/python3.10/site-packages/pandas/io/sql.py", line 986, in create
    if self.exists():
  File "/home/pazzoti/de-upskilling/airflow-flight-price-analysis/venv/lib/python3.10/site-packages/pandas/io/sql.py", line 972, in exists
    return self.pd_sql.has_table(self.name, self.schema)
  File "/home/pazzoti/de-upskilling/airflow-flight-price-analysis/venv/lib/python3.10/site-packages/pandas/io/sql.py", line 2855, in has_table
    return len(self.execute(query, [name]).fetchall()) > 0
  File "/home/pazzoti/de-upskilling/airflow-flight-price-analysis/venv/lib/python3.10/site-packages/pandas/io/sql.py", line 2662, in execute
    cur = self.con.cursor()
AttributeError: 'Connection' object has no attribute 'cursor'
[2026-02-07T12:31:25.979+0200] {taskinstance.py:1138} INFO - Marking task as FAILED. dag_id=flight_price_analysis, task_id=run_pipeline, execution_date=20260206T000000, start_date=20260207T103124, end_date=20260207T103125
[2026-02-07T12:31:25.999+0200] {standard_task_runner.py:107} ERROR - Failed to execute job 99 for task run_pipeline ('Connection' object has no attribute 'cursor'; 138121)
[2026-02-07T12:31:26.028+0200] {local_task_job_runner.py:234} INFO - Task exited with return code 1
[2026-02-07T12:31:26.042+0200] {taskinstance.py:3280} INFO - 0 downstream tasks scheduled from follow-on schedule check
