[2026-02-06T09:01:43.730+0200] {processor.py:161} INFO - Started process (PID=4432) to work on /home/pazzoti/de-upskilling/airflow-flight-price-analysis/venv/lib/python3.10/site-packages/airflow/example_dags/plugins/event_listener.py
[2026-02-06T09:01:43.731+0200] {processor.py:830} INFO - Processing file /home/pazzoti/de-upskilling/airflow-flight-price-analysis/venv/lib/python3.10/site-packages/airflow/example_dags/plugins/event_listener.py for tasks to queue
[2026-02-06T09:01:43.732+0200] {logging_mixin.py:188} INFO - [2026-02-06T09:01:43.731+0200] {dagbag.py:538} INFO - Filling up the DagBag from /home/pazzoti/de-upskilling/airflow-flight-price-analysis/venv/lib/python3.10/site-packages/airflow/example_dags/plugins/event_listener.py
[2026-02-06T09:01:43.733+0200] {processor.py:842} WARNING - No viable dags retrieved from /home/pazzoti/de-upskilling/airflow-flight-price-analysis/venv/lib/python3.10/site-packages/airflow/example_dags/plugins/event_listener.py
[2026-02-06T09:01:43.741+0200] {processor.py:183} INFO - Processing /home/pazzoti/de-upskilling/airflow-flight-price-analysis/venv/lib/python3.10/site-packages/airflow/example_dags/plugins/event_listener.py took 0.012 seconds
[2026-02-06T09:02:41.082+0200] {processor.py:161} INFO - Started process (PID=4932) to work on /home/pazzoti/de-upskilling/airflow-flight-price-analysis/venv/lib/python3.10/site-packages/airflow/example_dags/plugins/event_listener.py
[2026-02-06T09:02:41.086+0200] {processor.py:830} INFO - Processing file /home/pazzoti/de-upskilling/airflow-flight-price-analysis/venv/lib/python3.10/site-packages/airflow/example_dags/plugins/event_listener.py for tasks to queue
[2026-02-06T09:02:41.087+0200] {logging_mixin.py:188} INFO - [2026-02-06T09:02:41.087+0200] {dagbag.py:538} INFO - Filling up the DagBag from /home/pazzoti/de-upskilling/airflow-flight-price-analysis/venv/lib/python3.10/site-packages/airflow/example_dags/plugins/event_listener.py
[2026-02-06T09:02:41.088+0200] {processor.py:842} WARNING - No viable dags retrieved from /home/pazzoti/de-upskilling/airflow-flight-price-analysis/venv/lib/python3.10/site-packages/airflow/example_dags/plugins/event_listener.py
[2026-02-06T09:02:41.095+0200] {processor.py:183} INFO - Processing /home/pazzoti/de-upskilling/airflow-flight-price-analysis/venv/lib/python3.10/site-packages/airflow/example_dags/plugins/event_listener.py took 0.016 seconds
[2026-02-06T09:03:32.603+0200] {processor.py:161} INFO - Started process (PID=5166) to work on /home/pazzoti/de-upskilling/airflow-flight-price-analysis/venv/lib/python3.10/site-packages/airflow/example_dags/plugins/event_listener.py
[2026-02-06T09:03:32.604+0200] {processor.py:830} INFO - Processing file /home/pazzoti/de-upskilling/airflow-flight-price-analysis/venv/lib/python3.10/site-packages/airflow/example_dags/plugins/event_listener.py for tasks to queue
[2026-02-06T09:03:32.605+0200] {logging_mixin.py:188} INFO - [2026-02-06T09:03:32.605+0200] {dagbag.py:538} INFO - Filling up the DagBag from /home/pazzoti/de-upskilling/airflow-flight-price-analysis/venv/lib/python3.10/site-packages/airflow/example_dags/plugins/event_listener.py
[2026-02-06T09:03:32.607+0200] {processor.py:842} WARNING - No viable dags retrieved from /home/pazzoti/de-upskilling/airflow-flight-price-analysis/venv/lib/python3.10/site-packages/airflow/example_dags/plugins/event_listener.py
[2026-02-06T09:03:32.615+0200] {processor.py:183} INFO - Processing /home/pazzoti/de-upskilling/airflow-flight-price-analysis/venv/lib/python3.10/site-packages/airflow/example_dags/plugins/event_listener.py took 0.014 seconds
[2026-02-06T09:04:27.455+0200] {processor.py:161} INFO - Started process (PID=5424) to work on /home/pazzoti/de-upskilling/airflow-flight-price-analysis/venv/lib/python3.10/site-packages/airflow/example_dags/plugins/event_listener.py
[2026-02-06T09:04:27.457+0200] {processor.py:830} INFO - Processing file /home/pazzoti/de-upskilling/airflow-flight-price-analysis/venv/lib/python3.10/site-packages/airflow/example_dags/plugins/event_listener.py for tasks to queue
[2026-02-06T09:04:27.457+0200] {logging_mixin.py:188} INFO - [2026-02-06T09:04:27.457+0200] {dagbag.py:538} INFO - Filling up the DagBag from /home/pazzoti/de-upskilling/airflow-flight-price-analysis/venv/lib/python3.10/site-packages/airflow/example_dags/plugins/event_listener.py
[2026-02-06T09:04:27.459+0200] {processor.py:842} WARNING - No viable dags retrieved from /home/pazzoti/de-upskilling/airflow-flight-price-analysis/venv/lib/python3.10/site-packages/airflow/example_dags/plugins/event_listener.py
[2026-02-06T09:04:27.467+0200] {processor.py:183} INFO - Processing /home/pazzoti/de-upskilling/airflow-flight-price-analysis/venv/lib/python3.10/site-packages/airflow/example_dags/plugins/event_listener.py took 0.014 seconds
[2026-02-06T09:05:23.010+0200] {processor.py:161} INFO - Started process (PID=5703) to work on /home/pazzoti/de-upskilling/airflow-flight-price-analysis/venv/lib/python3.10/site-packages/airflow/example_dags/plugins/event_listener.py
[2026-02-06T09:05:23.011+0200] {processor.py:830} INFO - Processing file /home/pazzoti/de-upskilling/airflow-flight-price-analysis/venv/lib/python3.10/site-packages/airflow/example_dags/plugins/event_listener.py for tasks to queue
[2026-02-06T09:05:23.012+0200] {logging_mixin.py:188} INFO - [2026-02-06T09:05:23.011+0200] {dagbag.py:538} INFO - Filling up the DagBag from /home/pazzoti/de-upskilling/airflow-flight-price-analysis/venv/lib/python3.10/site-packages/airflow/example_dags/plugins/event_listener.py
[2026-02-06T09:05:23.014+0200] {processor.py:842} WARNING - No viable dags retrieved from /home/pazzoti/de-upskilling/airflow-flight-price-analysis/venv/lib/python3.10/site-packages/airflow/example_dags/plugins/event_listener.py
[2026-02-06T09:05:23.023+0200] {processor.py:183} INFO - Processing /home/pazzoti/de-upskilling/airflow-flight-price-analysis/venv/lib/python3.10/site-packages/airflow/example_dags/plugins/event_listener.py took 0.016 seconds
[2026-02-06T09:06:17.613+0200] {processor.py:161} INFO - Started process (PID=5992) to work on /home/pazzoti/de-upskilling/airflow-flight-price-analysis/venv/lib/python3.10/site-packages/airflow/example_dags/plugins/event_listener.py
[2026-02-06T09:06:17.615+0200] {processor.py:830} INFO - Processing file /home/pazzoti/de-upskilling/airflow-flight-price-analysis/venv/lib/python3.10/site-packages/airflow/example_dags/plugins/event_listener.py for tasks to queue
[2026-02-06T09:06:17.617+0200] {logging_mixin.py:188} INFO - [2026-02-06T09:06:17.616+0200] {dagbag.py:538} INFO - Filling up the DagBag from /home/pazzoti/de-upskilling/airflow-flight-price-analysis/venv/lib/python3.10/site-packages/airflow/example_dags/plugins/event_listener.py
[2026-02-06T09:06:17.620+0200] {processor.py:842} WARNING - No viable dags retrieved from /home/pazzoti/de-upskilling/airflow-flight-price-analysis/venv/lib/python3.10/site-packages/airflow/example_dags/plugins/event_listener.py
[2026-02-06T09:06:17.629+0200] {processor.py:183} INFO - Processing /home/pazzoti/de-upskilling/airflow-flight-price-analysis/venv/lib/python3.10/site-packages/airflow/example_dags/plugins/event_listener.py took 0.019 seconds
[2026-02-06T09:07:14.281+0200] {processor.py:161} INFO - Started process (PID=6306) to work on /home/pazzoti/de-upskilling/airflow-flight-price-analysis/venv/lib/python3.10/site-packages/airflow/example_dags/plugins/event_listener.py
[2026-02-06T09:07:14.289+0200] {processor.py:830} INFO - Processing file /home/pazzoti/de-upskilling/airflow-flight-price-analysis/venv/lib/python3.10/site-packages/airflow/example_dags/plugins/event_listener.py for tasks to queue
[2026-02-06T09:07:14.290+0200] {logging_mixin.py:188} INFO - [2026-02-06T09:07:14.290+0200] {dagbag.py:538} INFO - Filling up the DagBag from /home/pazzoti/de-upskilling/airflow-flight-price-analysis/venv/lib/python3.10/site-packages/airflow/example_dags/plugins/event_listener.py
[2026-02-06T09:07:14.292+0200] {processor.py:842} WARNING - No viable dags retrieved from /home/pazzoti/de-upskilling/airflow-flight-price-analysis/venv/lib/python3.10/site-packages/airflow/example_dags/plugins/event_listener.py
[2026-02-06T09:07:14.299+0200] {processor.py:183} INFO - Processing /home/pazzoti/de-upskilling/airflow-flight-price-analysis/venv/lib/python3.10/site-packages/airflow/example_dags/plugins/event_listener.py took 0.020 seconds
[2026-02-06T09:08:08.123+0200] {processor.py:161} INFO - Started process (PID=6565) to work on /home/pazzoti/de-upskilling/airflow-flight-price-analysis/venv/lib/python3.10/site-packages/airflow/example_dags/plugins/event_listener.py
[2026-02-06T09:08:08.127+0200] {processor.py:830} INFO - Processing file /home/pazzoti/de-upskilling/airflow-flight-price-analysis/venv/lib/python3.10/site-packages/airflow/example_dags/plugins/event_listener.py for tasks to queue
[2026-02-06T09:08:08.127+0200] {logging_mixin.py:188} INFO - [2026-02-06T09:08:08.127+0200] {dagbag.py:538} INFO - Filling up the DagBag from /home/pazzoti/de-upskilling/airflow-flight-price-analysis/venv/lib/python3.10/site-packages/airflow/example_dags/plugins/event_listener.py
[2026-02-06T09:08:08.129+0200] {processor.py:842} WARNING - No viable dags retrieved from /home/pazzoti/de-upskilling/airflow-flight-price-analysis/venv/lib/python3.10/site-packages/airflow/example_dags/plugins/event_listener.py
[2026-02-06T09:08:08.135+0200] {processor.py:183} INFO - Processing /home/pazzoti/de-upskilling/airflow-flight-price-analysis/venv/lib/python3.10/site-packages/airflow/example_dags/plugins/event_listener.py took 0.015 seconds
[2026-02-06T09:09:03.248+0200] {processor.py:161} INFO - Started process (PID=6803) to work on /home/pazzoti/de-upskilling/airflow-flight-price-analysis/venv/lib/python3.10/site-packages/airflow/example_dags/plugins/event_listener.py
[2026-02-06T09:09:03.249+0200] {processor.py:830} INFO - Processing file /home/pazzoti/de-upskilling/airflow-flight-price-analysis/venv/lib/python3.10/site-packages/airflow/example_dags/plugins/event_listener.py for tasks to queue
[2026-02-06T09:09:03.251+0200] {logging_mixin.py:188} INFO - [2026-02-06T09:09:03.250+0200] {dagbag.py:538} INFO - Filling up the DagBag from /home/pazzoti/de-upskilling/airflow-flight-price-analysis/venv/lib/python3.10/site-packages/airflow/example_dags/plugins/event_listener.py
[2026-02-06T09:09:03.253+0200] {processor.py:842} WARNING - No viable dags retrieved from /home/pazzoti/de-upskilling/airflow-flight-price-analysis/venv/lib/python3.10/site-packages/airflow/example_dags/plugins/event_listener.py
[2026-02-06T09:09:03.264+0200] {processor.py:183} INFO - Processing /home/pazzoti/de-upskilling/airflow-flight-price-analysis/venv/lib/python3.10/site-packages/airflow/example_dags/plugins/event_listener.py took 0.018 seconds
[2026-02-06T09:11:50.779+0200] {processor.py:161} INFO - Started process (PID=8064) to work on /home/pazzoti/de-upskilling/airflow-flight-price-analysis/venv/lib/python3.10/site-packages/airflow/example_dags/plugins/event_listener.py
[2026-02-06T09:11:50.780+0200] {processor.py:830} INFO - Processing file /home/pazzoti/de-upskilling/airflow-flight-price-analysis/venv/lib/python3.10/site-packages/airflow/example_dags/plugins/event_listener.py for tasks to queue
[2026-02-06T09:11:50.782+0200] {logging_mixin.py:188} INFO - [2026-02-06T09:11:50.781+0200] {dagbag.py:538} INFO - Filling up the DagBag from /home/pazzoti/de-upskilling/airflow-flight-price-analysis/venv/lib/python3.10/site-packages/airflow/example_dags/plugins/event_listener.py
[2026-02-06T09:11:50.786+0200] {processor.py:842} WARNING - No viable dags retrieved from /home/pazzoti/de-upskilling/airflow-flight-price-analysis/venv/lib/python3.10/site-packages/airflow/example_dags/plugins/event_listener.py
[2026-02-06T09:11:50.796+0200] {processor.py:183} INFO - Processing /home/pazzoti/de-upskilling/airflow-flight-price-analysis/venv/lib/python3.10/site-packages/airflow/example_dags/plugins/event_listener.py took 0.020 seconds
[2026-02-06T09:12:39.859+0200] {processor.py:161} INFO - Started process (PID=8348) to work on /home/pazzoti/de-upskilling/airflow-flight-price-analysis/venv/lib/python3.10/site-packages/airflow/example_dags/plugins/event_listener.py
[2026-02-06T09:12:39.861+0200] {processor.py:830} INFO - Processing file /home/pazzoti/de-upskilling/airflow-flight-price-analysis/venv/lib/python3.10/site-packages/airflow/example_dags/plugins/event_listener.py for tasks to queue
[2026-02-06T09:12:39.862+0200] {logging_mixin.py:188} INFO - [2026-02-06T09:12:39.861+0200] {dagbag.py:538} INFO - Filling up the DagBag from /home/pazzoti/de-upskilling/airflow-flight-price-analysis/venv/lib/python3.10/site-packages/airflow/example_dags/plugins/event_listener.py
[2026-02-06T09:12:39.864+0200] {processor.py:842} WARNING - No viable dags retrieved from /home/pazzoti/de-upskilling/airflow-flight-price-analysis/venv/lib/python3.10/site-packages/airflow/example_dags/plugins/event_listener.py
[2026-02-06T09:12:39.871+0200] {processor.py:183} INFO - Processing /home/pazzoti/de-upskilling/airflow-flight-price-analysis/venv/lib/python3.10/site-packages/airflow/example_dags/plugins/event_listener.py took 0.015 seconds
[2026-02-06T09:13:35.834+0200] {processor.py:161} INFO - Started process (PID=8618) to work on /home/pazzoti/de-upskilling/airflow-flight-price-analysis/venv/lib/python3.10/site-packages/airflow/example_dags/plugins/event_listener.py
[2026-02-06T09:13:35.836+0200] {processor.py:830} INFO - Processing file /home/pazzoti/de-upskilling/airflow-flight-price-analysis/venv/lib/python3.10/site-packages/airflow/example_dags/plugins/event_listener.py for tasks to queue
[2026-02-06T09:13:35.838+0200] {logging_mixin.py:188} INFO - [2026-02-06T09:13:35.837+0200] {dagbag.py:538} INFO - Filling up the DagBag from /home/pazzoti/de-upskilling/airflow-flight-price-analysis/venv/lib/python3.10/site-packages/airflow/example_dags/plugins/event_listener.py
[2026-02-06T09:13:35.843+0200] {processor.py:842} WARNING - No viable dags retrieved from /home/pazzoti/de-upskilling/airflow-flight-price-analysis/venv/lib/python3.10/site-packages/airflow/example_dags/plugins/event_listener.py
[2026-02-06T09:13:35.857+0200] {processor.py:183} INFO - Processing /home/pazzoti/de-upskilling/airflow-flight-price-analysis/venv/lib/python3.10/site-packages/airflow/example_dags/plugins/event_listener.py took 0.028 seconds
[2026-02-06T09:14:29.008+0200] {processor.py:161} INFO - Started process (PID=8855) to work on /home/pazzoti/de-upskilling/airflow-flight-price-analysis/venv/lib/python3.10/site-packages/airflow/example_dags/plugins/event_listener.py
[2026-02-06T09:14:29.009+0200] {processor.py:830} INFO - Processing file /home/pazzoti/de-upskilling/airflow-flight-price-analysis/venv/lib/python3.10/site-packages/airflow/example_dags/plugins/event_listener.py for tasks to queue
[2026-02-06T09:14:29.010+0200] {logging_mixin.py:188} INFO - [2026-02-06T09:14:29.010+0200] {dagbag.py:538} INFO - Filling up the DagBag from /home/pazzoti/de-upskilling/airflow-flight-price-analysis/venv/lib/python3.10/site-packages/airflow/example_dags/plugins/event_listener.py
[2026-02-06T09:14:29.014+0200] {processor.py:842} WARNING - No viable dags retrieved from /home/pazzoti/de-upskilling/airflow-flight-price-analysis/venv/lib/python3.10/site-packages/airflow/example_dags/plugins/event_listener.py
[2026-02-06T09:14:29.027+0200] {processor.py:183} INFO - Processing /home/pazzoti/de-upskilling/airflow-flight-price-analysis/venv/lib/python3.10/site-packages/airflow/example_dags/plugins/event_listener.py took 0.022 seconds
[2026-02-06T09:15:25.923+0200] {processor.py:161} INFO - Started process (PID=9121) to work on /home/pazzoti/de-upskilling/airflow-flight-price-analysis/venv/lib/python3.10/site-packages/airflow/example_dags/plugins/event_listener.py
[2026-02-06T09:15:25.935+0200] {processor.py:830} INFO - Processing file /home/pazzoti/de-upskilling/airflow-flight-price-analysis/venv/lib/python3.10/site-packages/airflow/example_dags/plugins/event_listener.py for tasks to queue
[2026-02-06T09:15:25.936+0200] {logging_mixin.py:188} INFO - [2026-02-06T09:15:25.936+0200] {dagbag.py:538} INFO - Filling up the DagBag from /home/pazzoti/de-upskilling/airflow-flight-price-analysis/venv/lib/python3.10/site-packages/airflow/example_dags/plugins/event_listener.py
[2026-02-06T09:15:25.940+0200] {processor.py:842} WARNING - No viable dags retrieved from /home/pazzoti/de-upskilling/airflow-flight-price-analysis/venv/lib/python3.10/site-packages/airflow/example_dags/plugins/event_listener.py
[2026-02-06T09:15:25.949+0200] {processor.py:183} INFO - Processing /home/pazzoti/de-upskilling/airflow-flight-price-analysis/venv/lib/python3.10/site-packages/airflow/example_dags/plugins/event_listener.py took 0.030 seconds
[2026-02-06T09:16:15.730+0200] {processor.py:161} INFO - Started process (PID=9378) to work on /home/pazzoti/de-upskilling/airflow-flight-price-analysis/venv/lib/python3.10/site-packages/airflow/example_dags/plugins/event_listener.py
[2026-02-06T09:16:15.732+0200] {processor.py:830} INFO - Processing file /home/pazzoti/de-upskilling/airflow-flight-price-analysis/venv/lib/python3.10/site-packages/airflow/example_dags/plugins/event_listener.py for tasks to queue
[2026-02-06T09:16:15.733+0200] {logging_mixin.py:188} INFO - [2026-02-06T09:16:15.732+0200] {dagbag.py:538} INFO - Filling up the DagBag from /home/pazzoti/de-upskilling/airflow-flight-price-analysis/venv/lib/python3.10/site-packages/airflow/example_dags/plugins/event_listener.py
[2026-02-06T09:16:15.735+0200] {processor.py:842} WARNING - No viable dags retrieved from /home/pazzoti/de-upskilling/airflow-flight-price-analysis/venv/lib/python3.10/site-packages/airflow/example_dags/plugins/event_listener.py
[2026-02-06T09:16:15.741+0200] {processor.py:183} INFO - Processing /home/pazzoti/de-upskilling/airflow-flight-price-analysis/venv/lib/python3.10/site-packages/airflow/example_dags/plugins/event_listener.py took 0.014 seconds
[2026-02-06T09:17:08.132+0200] {processor.py:161} INFO - Started process (PID=9625) to work on /home/pazzoti/de-upskilling/airflow-flight-price-analysis/venv/lib/python3.10/site-packages/airflow/example_dags/plugins/event_listener.py
[2026-02-06T09:17:08.133+0200] {processor.py:830} INFO - Processing file /home/pazzoti/de-upskilling/airflow-flight-price-analysis/venv/lib/python3.10/site-packages/airflow/example_dags/plugins/event_listener.py for tasks to queue
[2026-02-06T09:17:08.134+0200] {logging_mixin.py:188} INFO - [2026-02-06T09:17:08.133+0200] {dagbag.py:538} INFO - Filling up the DagBag from /home/pazzoti/de-upskilling/airflow-flight-price-analysis/venv/lib/python3.10/site-packages/airflow/example_dags/plugins/event_listener.py
[2026-02-06T09:17:08.135+0200] {processor.py:842} WARNING - No viable dags retrieved from /home/pazzoti/de-upskilling/airflow-flight-price-analysis/venv/lib/python3.10/site-packages/airflow/example_dags/plugins/event_listener.py
[2026-02-06T09:17:08.142+0200] {processor.py:183} INFO - Processing /home/pazzoti/de-upskilling/airflow-flight-price-analysis/venv/lib/python3.10/site-packages/airflow/example_dags/plugins/event_listener.py took 0.013 seconds
[2026-02-06T09:29:44.868+0200] {processor.py:161} INFO - Started process (PID=9910) to work on /home/pazzoti/de-upskilling/airflow-flight-price-analysis/venv/lib/python3.10/site-packages/airflow/example_dags/plugins/event_listener.py
[2026-02-06T09:29:44.870+0200] {processor.py:830} INFO - Processing file /home/pazzoti/de-upskilling/airflow-flight-price-analysis/venv/lib/python3.10/site-packages/airflow/example_dags/plugins/event_listener.py for tasks to queue
[2026-02-06T09:29:44.870+0200] {logging_mixin.py:188} INFO - [2026-02-06T09:29:44.870+0200] {dagbag.py:538} INFO - Filling up the DagBag from /home/pazzoti/de-upskilling/airflow-flight-price-analysis/venv/lib/python3.10/site-packages/airflow/example_dags/plugins/event_listener.py
[2026-02-06T09:29:44.872+0200] {processor.py:842} WARNING - No viable dags retrieved from /home/pazzoti/de-upskilling/airflow-flight-price-analysis/venv/lib/python3.10/site-packages/airflow/example_dags/plugins/event_listener.py
[2026-02-06T09:29:44.880+0200] {processor.py:183} INFO - Processing /home/pazzoti/de-upskilling/airflow-flight-price-analysis/venv/lib/python3.10/site-packages/airflow/example_dags/plugins/event_listener.py took 0.014 seconds
[2026-02-06T09:30:49.262+0200] {processor.py:161} INFO - Started process (PID=10027) to work on /home/pazzoti/de-upskilling/airflow-flight-price-analysis/venv/lib/python3.10/site-packages/airflow/example_dags/plugins/event_listener.py
[2026-02-06T09:30:49.264+0200] {processor.py:830} INFO - Processing file /home/pazzoti/de-upskilling/airflow-flight-price-analysis/venv/lib/python3.10/site-packages/airflow/example_dags/plugins/event_listener.py for tasks to queue
[2026-02-06T09:30:49.265+0200] {logging_mixin.py:188} INFO - [2026-02-06T09:30:49.264+0200] {dagbag.py:538} INFO - Filling up the DagBag from /home/pazzoti/de-upskilling/airflow-flight-price-analysis/venv/lib/python3.10/site-packages/airflow/example_dags/plugins/event_listener.py
[2026-02-06T09:30:49.269+0200] {processor.py:842} WARNING - No viable dags retrieved from /home/pazzoti/de-upskilling/airflow-flight-price-analysis/venv/lib/python3.10/site-packages/airflow/example_dags/plugins/event_listener.py
[2026-02-06T09:30:49.277+0200] {processor.py:183} INFO - Processing /home/pazzoti/de-upskilling/airflow-flight-price-analysis/venv/lib/python3.10/site-packages/airflow/example_dags/plugins/event_listener.py took 0.018 seconds
[2026-02-06T09:31:47.110+0200] {processor.py:161} INFO - Started process (PID=10124) to work on /home/pazzoti/de-upskilling/airflow-flight-price-analysis/venv/lib/python3.10/site-packages/airflow/example_dags/plugins/event_listener.py
[2026-02-06T09:31:47.115+0200] {processor.py:830} INFO - Processing file /home/pazzoti/de-upskilling/airflow-flight-price-analysis/venv/lib/python3.10/site-packages/airflow/example_dags/plugins/event_listener.py for tasks to queue
[2026-02-06T09:31:47.116+0200] {logging_mixin.py:188} INFO - [2026-02-06T09:31:47.116+0200] {dagbag.py:538} INFO - Filling up the DagBag from /home/pazzoti/de-upskilling/airflow-flight-price-analysis/venv/lib/python3.10/site-packages/airflow/example_dags/plugins/event_listener.py
[2026-02-06T09:31:47.118+0200] {processor.py:842} WARNING - No viable dags retrieved from /home/pazzoti/de-upskilling/airflow-flight-price-analysis/venv/lib/python3.10/site-packages/airflow/example_dags/plugins/event_listener.py
[2026-02-06T09:31:47.127+0200] {processor.py:183} INFO - Processing /home/pazzoti/de-upskilling/airflow-flight-price-analysis/venv/lib/python3.10/site-packages/airflow/example_dags/plugins/event_listener.py took 0.020 seconds
[2026-02-06T09:32:41.759+0200] {processor.py:161} INFO - Started process (PID=10263) to work on /home/pazzoti/de-upskilling/airflow-flight-price-analysis/venv/lib/python3.10/site-packages/airflow/example_dags/plugins/event_listener.py
[2026-02-06T09:32:41.761+0200] {processor.py:830} INFO - Processing file /home/pazzoti/de-upskilling/airflow-flight-price-analysis/venv/lib/python3.10/site-packages/airflow/example_dags/plugins/event_listener.py for tasks to queue
[2026-02-06T09:32:41.762+0200] {logging_mixin.py:188} INFO - [2026-02-06T09:32:41.762+0200] {dagbag.py:538} INFO - Filling up the DagBag from /home/pazzoti/de-upskilling/airflow-flight-price-analysis/venv/lib/python3.10/site-packages/airflow/example_dags/plugins/event_listener.py
[2026-02-06T09:32:41.764+0200] {processor.py:842} WARNING - No viable dags retrieved from /home/pazzoti/de-upskilling/airflow-flight-price-analysis/venv/lib/python3.10/site-packages/airflow/example_dags/plugins/event_listener.py
[2026-02-06T09:32:41.772+0200] {processor.py:183} INFO - Processing /home/pazzoti/de-upskilling/airflow-flight-price-analysis/venv/lib/python3.10/site-packages/airflow/example_dags/plugins/event_listener.py took 0.017 seconds
[2026-02-06T09:33:56.312+0200] {processor.py:161} INFO - Started process (PID=10373) to work on /home/pazzoti/de-upskilling/airflow-flight-price-analysis/venv/lib/python3.10/site-packages/airflow/example_dags/plugins/event_listener.py
[2026-02-06T09:33:56.318+0200] {processor.py:830} INFO - Processing file /home/pazzoti/de-upskilling/airflow-flight-price-analysis/venv/lib/python3.10/site-packages/airflow/example_dags/plugins/event_listener.py for tasks to queue
[2026-02-06T09:33:56.320+0200] {logging_mixin.py:188} INFO - [2026-02-06T09:33:56.319+0200] {dagbag.py:538} INFO - Filling up the DagBag from /home/pazzoti/de-upskilling/airflow-flight-price-analysis/venv/lib/python3.10/site-packages/airflow/example_dags/plugins/event_listener.py
[2026-02-06T09:33:56.326+0200] {processor.py:842} WARNING - No viable dags retrieved from /home/pazzoti/de-upskilling/airflow-flight-price-analysis/venv/lib/python3.10/site-packages/airflow/example_dags/plugins/event_listener.py
[2026-02-06T09:33:56.350+0200] {processor.py:183} INFO - Processing /home/pazzoti/de-upskilling/airflow-flight-price-analysis/venv/lib/python3.10/site-packages/airflow/example_dags/plugins/event_listener.py took 0.044 seconds
[2026-02-06T09:34:54.944+0200] {processor.py:161} INFO - Started process (PID=10497) to work on /home/pazzoti/de-upskilling/airflow-flight-price-analysis/venv/lib/python3.10/site-packages/airflow/example_dags/plugins/event_listener.py
[2026-02-06T09:34:54.946+0200] {processor.py:830} INFO - Processing file /home/pazzoti/de-upskilling/airflow-flight-price-analysis/venv/lib/python3.10/site-packages/airflow/example_dags/plugins/event_listener.py for tasks to queue
[2026-02-06T09:34:54.946+0200] {logging_mixin.py:188} INFO - [2026-02-06T09:34:54.946+0200] {dagbag.py:538} INFO - Filling up the DagBag from /home/pazzoti/de-upskilling/airflow-flight-price-analysis/venv/lib/python3.10/site-packages/airflow/example_dags/plugins/event_listener.py
[2026-02-06T09:34:54.949+0200] {processor.py:842} WARNING - No viable dags retrieved from /home/pazzoti/de-upskilling/airflow-flight-price-analysis/venv/lib/python3.10/site-packages/airflow/example_dags/plugins/event_listener.py
[2026-02-06T09:34:54.962+0200] {processor.py:183} INFO - Processing /home/pazzoti/de-upskilling/airflow-flight-price-analysis/venv/lib/python3.10/site-packages/airflow/example_dags/plugins/event_listener.py took 0.024 seconds
