[2026-02-06T09:01:44.659+0200] {processor.py:161} INFO - Started process (PID=4454) to work on /home/pazzoti/de-upskilling/airflow-flight-price-analysis/venv/lib/python3.10/site-packages/airflow/example_dags/plugins/listener_plugin.py
[2026-02-06T09:01:44.659+0200] {processor.py:830} INFO - Processing file /home/pazzoti/de-upskilling/airflow-flight-price-analysis/venv/lib/python3.10/site-packages/airflow/example_dags/plugins/listener_plugin.py for tasks to queue
[2026-02-06T09:01:44.660+0200] {logging_mixin.py:188} INFO - [2026-02-06T09:01:44.660+0200] {dagbag.py:538} INFO - Filling up the DagBag from /home/pazzoti/de-upskilling/airflow-flight-price-analysis/venv/lib/python3.10/site-packages/airflow/example_dags/plugins/listener_plugin.py
[2026-02-06T09:01:44.662+0200] {processor.py:842} WARNING - No viable dags retrieved from /home/pazzoti/de-upskilling/airflow-flight-price-analysis/venv/lib/python3.10/site-packages/airflow/example_dags/plugins/listener_plugin.py
[2026-02-06T09:01:44.668+0200] {processor.py:183} INFO - Processing /home/pazzoti/de-upskilling/airflow-flight-price-analysis/venv/lib/python3.10/site-packages/airflow/example_dags/plugins/listener_plugin.py took 0.012 seconds
[2026-02-06T09:02:42.227+0200] {processor.py:161} INFO - Started process (PID=4939) to work on /home/pazzoti/de-upskilling/airflow-flight-price-analysis/venv/lib/python3.10/site-packages/airflow/example_dags/plugins/listener_plugin.py
[2026-02-06T09:02:42.231+0200] {processor.py:830} INFO - Processing file /home/pazzoti/de-upskilling/airflow-flight-price-analysis/venv/lib/python3.10/site-packages/airflow/example_dags/plugins/listener_plugin.py for tasks to queue
[2026-02-06T09:02:42.232+0200] {logging_mixin.py:188} INFO - [2026-02-06T09:02:42.231+0200] {dagbag.py:538} INFO - Filling up the DagBag from /home/pazzoti/de-upskilling/airflow-flight-price-analysis/venv/lib/python3.10/site-packages/airflow/example_dags/plugins/listener_plugin.py
[2026-02-06T09:02:42.234+0200] {processor.py:842} WARNING - No viable dags retrieved from /home/pazzoti/de-upskilling/airflow-flight-price-analysis/venv/lib/python3.10/site-packages/airflow/example_dags/plugins/listener_plugin.py
[2026-02-06T09:02:42.243+0200] {processor.py:183} INFO - Processing /home/pazzoti/de-upskilling/airflow-flight-price-analysis/venv/lib/python3.10/site-packages/airflow/example_dags/plugins/listener_plugin.py took 0.019 seconds
[2026-02-06T09:03:33.746+0200] {processor.py:161} INFO - Started process (PID=5173) to work on /home/pazzoti/de-upskilling/airflow-flight-price-analysis/venv/lib/python3.10/site-packages/airflow/example_dags/plugins/listener_plugin.py
[2026-02-06T09:03:33.752+0200] {processor.py:830} INFO - Processing file /home/pazzoti/de-upskilling/airflow-flight-price-analysis/venv/lib/python3.10/site-packages/airflow/example_dags/plugins/listener_plugin.py for tasks to queue
[2026-02-06T09:03:33.753+0200] {logging_mixin.py:188} INFO - [2026-02-06T09:03:33.753+0200] {dagbag.py:538} INFO - Filling up the DagBag from /home/pazzoti/de-upskilling/airflow-flight-price-analysis/venv/lib/python3.10/site-packages/airflow/example_dags/plugins/listener_plugin.py
[2026-02-06T09:03:33.755+0200] {processor.py:842} WARNING - No viable dags retrieved from /home/pazzoti/de-upskilling/airflow-flight-price-analysis/venv/lib/python3.10/site-packages/airflow/example_dags/plugins/listener_plugin.py
[2026-02-06T09:03:33.763+0200] {processor.py:183} INFO - Processing /home/pazzoti/de-upskilling/airflow-flight-price-analysis/venv/lib/python3.10/site-packages/airflow/example_dags/plugins/listener_plugin.py took 0.020 seconds
[2026-02-06T09:04:28.586+0200] {processor.py:161} INFO - Started process (PID=5431) to work on /home/pazzoti/de-upskilling/airflow-flight-price-analysis/venv/lib/python3.10/site-packages/airflow/example_dags/plugins/listener_plugin.py
[2026-02-06T09:04:28.590+0200] {processor.py:830} INFO - Processing file /home/pazzoti/de-upskilling/airflow-flight-price-analysis/venv/lib/python3.10/site-packages/airflow/example_dags/plugins/listener_plugin.py for tasks to queue
[2026-02-06T09:04:28.591+0200] {logging_mixin.py:188} INFO - [2026-02-06T09:04:28.590+0200] {dagbag.py:538} INFO - Filling up the DagBag from /home/pazzoti/de-upskilling/airflow-flight-price-analysis/venv/lib/python3.10/site-packages/airflow/example_dags/plugins/listener_plugin.py
[2026-02-06T09:04:28.593+0200] {processor.py:842} WARNING - No viable dags retrieved from /home/pazzoti/de-upskilling/airflow-flight-price-analysis/venv/lib/python3.10/site-packages/airflow/example_dags/plugins/listener_plugin.py
[2026-02-06T09:04:28.600+0200] {processor.py:183} INFO - Processing /home/pazzoti/de-upskilling/airflow-flight-price-analysis/venv/lib/python3.10/site-packages/airflow/example_dags/plugins/listener_plugin.py took 0.017 seconds
[2026-02-06T09:05:24.139+0200] {processor.py:161} INFO - Started process (PID=5710) to work on /home/pazzoti/de-upskilling/airflow-flight-price-analysis/venv/lib/python3.10/site-packages/airflow/example_dags/plugins/listener_plugin.py
[2026-02-06T09:05:24.141+0200] {processor.py:830} INFO - Processing file /home/pazzoti/de-upskilling/airflow-flight-price-analysis/venv/lib/python3.10/site-packages/airflow/example_dags/plugins/listener_plugin.py for tasks to queue
[2026-02-06T09:05:24.141+0200] {logging_mixin.py:188} INFO - [2026-02-06T09:05:24.141+0200] {dagbag.py:538} INFO - Filling up the DagBag from /home/pazzoti/de-upskilling/airflow-flight-price-analysis/venv/lib/python3.10/site-packages/airflow/example_dags/plugins/listener_plugin.py
[2026-02-06T09:05:24.144+0200] {processor.py:842} WARNING - No viable dags retrieved from /home/pazzoti/de-upskilling/airflow-flight-price-analysis/venv/lib/python3.10/site-packages/airflow/example_dags/plugins/listener_plugin.py
[2026-02-06T09:05:24.154+0200] {processor.py:183} INFO - Processing /home/pazzoti/de-upskilling/airflow-flight-price-analysis/venv/lib/python3.10/site-packages/airflow/example_dags/plugins/listener_plugin.py took 0.017 seconds
[2026-02-06T09:06:18.753+0200] {processor.py:161} INFO - Started process (PID=5993) to work on /home/pazzoti/de-upskilling/airflow-flight-price-analysis/venv/lib/python3.10/site-packages/airflow/example_dags/plugins/listener_plugin.py
[2026-02-06T09:06:18.758+0200] {processor.py:830} INFO - Processing file /home/pazzoti/de-upskilling/airflow-flight-price-analysis/venv/lib/python3.10/site-packages/airflow/example_dags/plugins/listener_plugin.py for tasks to queue
[2026-02-06T09:06:18.758+0200] {logging_mixin.py:188} INFO - [2026-02-06T09:06:18.758+0200] {dagbag.py:538} INFO - Filling up the DagBag from /home/pazzoti/de-upskilling/airflow-flight-price-analysis/venv/lib/python3.10/site-packages/airflow/example_dags/plugins/listener_plugin.py
[2026-02-06T09:06:18.760+0200] {processor.py:842} WARNING - No viable dags retrieved from /home/pazzoti/de-upskilling/airflow-flight-price-analysis/venv/lib/python3.10/site-packages/airflow/example_dags/plugins/listener_plugin.py
[2026-02-06T09:06:18.767+0200] {processor.py:183} INFO - Processing /home/pazzoti/de-upskilling/airflow-flight-price-analysis/venv/lib/python3.10/site-packages/airflow/example_dags/plugins/listener_plugin.py took 0.016 seconds
[2026-02-06T09:07:14.435+0200] {processor.py:161} INFO - Started process (PID=6307) to work on /home/pazzoti/de-upskilling/airflow-flight-price-analysis/venv/lib/python3.10/site-packages/airflow/example_dags/plugins/listener_plugin.py
[2026-02-06T09:07:14.439+0200] {processor.py:830} INFO - Processing file /home/pazzoti/de-upskilling/airflow-flight-price-analysis/venv/lib/python3.10/site-packages/airflow/example_dags/plugins/listener_plugin.py for tasks to queue
[2026-02-06T09:07:14.440+0200] {logging_mixin.py:188} INFO - [2026-02-06T09:07:14.440+0200] {dagbag.py:538} INFO - Filling up the DagBag from /home/pazzoti/de-upskilling/airflow-flight-price-analysis/venv/lib/python3.10/site-packages/airflow/example_dags/plugins/listener_plugin.py
[2026-02-06T09:07:14.442+0200] {processor.py:842} WARNING - No viable dags retrieved from /home/pazzoti/de-upskilling/airflow-flight-price-analysis/venv/lib/python3.10/site-packages/airflow/example_dags/plugins/listener_plugin.py
[2026-02-06T09:07:14.449+0200] {processor.py:183} INFO - Processing /home/pazzoti/de-upskilling/airflow-flight-price-analysis/venv/lib/python3.10/site-packages/airflow/example_dags/plugins/listener_plugin.py took 0.017 seconds
[2026-02-06T09:08:09.250+0200] {processor.py:161} INFO - Started process (PID=6566) to work on /home/pazzoti/de-upskilling/airflow-flight-price-analysis/venv/lib/python3.10/site-packages/airflow/example_dags/plugins/listener_plugin.py
[2026-02-06T09:08:09.251+0200] {processor.py:830} INFO - Processing file /home/pazzoti/de-upskilling/airflow-flight-price-analysis/venv/lib/python3.10/site-packages/airflow/example_dags/plugins/listener_plugin.py for tasks to queue
[2026-02-06T09:08:09.252+0200] {logging_mixin.py:188} INFO - [2026-02-06T09:08:09.251+0200] {dagbag.py:538} INFO - Filling up the DagBag from /home/pazzoti/de-upskilling/airflow-flight-price-analysis/venv/lib/python3.10/site-packages/airflow/example_dags/plugins/listener_plugin.py
[2026-02-06T09:08:09.254+0200] {processor.py:842} WARNING - No viable dags retrieved from /home/pazzoti/de-upskilling/airflow-flight-price-analysis/venv/lib/python3.10/site-packages/airflow/example_dags/plugins/listener_plugin.py
[2026-02-06T09:08:09.260+0200] {processor.py:183} INFO - Processing /home/pazzoti/de-upskilling/airflow-flight-price-analysis/venv/lib/python3.10/site-packages/airflow/example_dags/plugins/listener_plugin.py took 0.012 seconds
[2026-02-06T09:09:04.388+0200] {processor.py:161} INFO - Started process (PID=6810) to work on /home/pazzoti/de-upskilling/airflow-flight-price-analysis/venv/lib/python3.10/site-packages/airflow/example_dags/plugins/listener_plugin.py
[2026-02-06T09:09:04.391+0200] {processor.py:830} INFO - Processing file /home/pazzoti/de-upskilling/airflow-flight-price-analysis/venv/lib/python3.10/site-packages/airflow/example_dags/plugins/listener_plugin.py for tasks to queue
[2026-02-06T09:09:04.392+0200] {logging_mixin.py:188} INFO - [2026-02-06T09:09:04.391+0200] {dagbag.py:538} INFO - Filling up the DagBag from /home/pazzoti/de-upskilling/airflow-flight-price-analysis/venv/lib/python3.10/site-packages/airflow/example_dags/plugins/listener_plugin.py
[2026-02-06T09:09:04.395+0200] {processor.py:842} WARNING - No viable dags retrieved from /home/pazzoti/de-upskilling/airflow-flight-price-analysis/venv/lib/python3.10/site-packages/airflow/example_dags/plugins/listener_plugin.py
[2026-02-06T09:09:04.403+0200] {processor.py:183} INFO - Processing /home/pazzoti/de-upskilling/airflow-flight-price-analysis/venv/lib/python3.10/site-packages/airflow/example_dags/plugins/listener_plugin.py took 0.020 seconds
[2026-02-06T09:11:51.756+0200] {processor.py:161} INFO - Started process (PID=8071) to work on /home/pazzoti/de-upskilling/airflow-flight-price-analysis/venv/lib/python3.10/site-packages/airflow/example_dags/plugins/listener_plugin.py
[2026-02-06T09:11:51.757+0200] {processor.py:830} INFO - Processing file /home/pazzoti/de-upskilling/airflow-flight-price-analysis/venv/lib/python3.10/site-packages/airflow/example_dags/plugins/listener_plugin.py for tasks to queue
[2026-02-06T09:11:51.758+0200] {logging_mixin.py:188} INFO - [2026-02-06T09:11:51.757+0200] {dagbag.py:538} INFO - Filling up the DagBag from /home/pazzoti/de-upskilling/airflow-flight-price-analysis/venv/lib/python3.10/site-packages/airflow/example_dags/plugins/listener_plugin.py
[2026-02-06T09:11:51.760+0200] {processor.py:842} WARNING - No viable dags retrieved from /home/pazzoti/de-upskilling/airflow-flight-price-analysis/venv/lib/python3.10/site-packages/airflow/example_dags/plugins/listener_plugin.py
[2026-02-06T09:11:51.773+0200] {processor.py:183} INFO - Processing /home/pazzoti/de-upskilling/airflow-flight-price-analysis/venv/lib/python3.10/site-packages/airflow/example_dags/plugins/listener_plugin.py took 0.020 seconds
[2026-02-06T09:12:41.003+0200] {processor.py:161} INFO - Started process (PID=8355) to work on /home/pazzoti/de-upskilling/airflow-flight-price-analysis/venv/lib/python3.10/site-packages/airflow/example_dags/plugins/listener_plugin.py
[2026-02-06T09:12:41.005+0200] {processor.py:830} INFO - Processing file /home/pazzoti/de-upskilling/airflow-flight-price-analysis/venv/lib/python3.10/site-packages/airflow/example_dags/plugins/listener_plugin.py for tasks to queue
[2026-02-06T09:12:41.006+0200] {logging_mixin.py:188} INFO - [2026-02-06T09:12:41.005+0200] {dagbag.py:538} INFO - Filling up the DagBag from /home/pazzoti/de-upskilling/airflow-flight-price-analysis/venv/lib/python3.10/site-packages/airflow/example_dags/plugins/listener_plugin.py
[2026-02-06T09:12:41.008+0200] {processor.py:842} WARNING - No viable dags retrieved from /home/pazzoti/de-upskilling/airflow-flight-price-analysis/venv/lib/python3.10/site-packages/airflow/example_dags/plugins/listener_plugin.py
[2026-02-06T09:12:41.014+0200] {processor.py:183} INFO - Processing /home/pazzoti/de-upskilling/airflow-flight-price-analysis/venv/lib/python3.10/site-packages/airflow/example_dags/plugins/listener_plugin.py took 0.014 seconds
[2026-02-06T09:13:36.432+0200] {processor.py:161} INFO - Started process (PID=8619) to work on /home/pazzoti/de-upskilling/airflow-flight-price-analysis/venv/lib/python3.10/site-packages/airflow/example_dags/plugins/listener_plugin.py
[2026-02-06T09:13:36.434+0200] {processor.py:830} INFO - Processing file /home/pazzoti/de-upskilling/airflow-flight-price-analysis/venv/lib/python3.10/site-packages/airflow/example_dags/plugins/listener_plugin.py for tasks to queue
[2026-02-06T09:13:36.435+0200] {logging_mixin.py:188} INFO - [2026-02-06T09:13:36.434+0200] {dagbag.py:538} INFO - Filling up the DagBag from /home/pazzoti/de-upskilling/airflow-flight-price-analysis/venv/lib/python3.10/site-packages/airflow/example_dags/plugins/listener_plugin.py
[2026-02-06T09:13:36.437+0200] {processor.py:842} WARNING - No viable dags retrieved from /home/pazzoti/de-upskilling/airflow-flight-price-analysis/venv/lib/python3.10/site-packages/airflow/example_dags/plugins/listener_plugin.py
[2026-02-06T09:13:36.444+0200] {processor.py:183} INFO - Processing /home/pazzoti/de-upskilling/airflow-flight-price-analysis/venv/lib/python3.10/site-packages/airflow/example_dags/plugins/listener_plugin.py took 0.017 seconds
[2026-02-06T09:14:30.155+0200] {processor.py:161} INFO - Started process (PID=8859) to work on /home/pazzoti/de-upskilling/airflow-flight-price-analysis/venv/lib/python3.10/site-packages/airflow/example_dags/plugins/listener_plugin.py
[2026-02-06T09:14:30.164+0200] {processor.py:830} INFO - Processing file /home/pazzoti/de-upskilling/airflow-flight-price-analysis/venv/lib/python3.10/site-packages/airflow/example_dags/plugins/listener_plugin.py for tasks to queue
[2026-02-06T09:14:30.167+0200] {logging_mixin.py:188} INFO - [2026-02-06T09:14:30.166+0200] {dagbag.py:538} INFO - Filling up the DagBag from /home/pazzoti/de-upskilling/airflow-flight-price-analysis/venv/lib/python3.10/site-packages/airflow/example_dags/plugins/listener_plugin.py
[2026-02-06T09:14:30.171+0200] {processor.py:842} WARNING - No viable dags retrieved from /home/pazzoti/de-upskilling/airflow-flight-price-analysis/venv/lib/python3.10/site-packages/airflow/example_dags/plugins/listener_plugin.py
[2026-02-06T09:14:30.181+0200] {processor.py:183} INFO - Processing /home/pazzoti/de-upskilling/airflow-flight-price-analysis/venv/lib/python3.10/site-packages/airflow/example_dags/plugins/listener_plugin.py took 0.032 seconds
[2026-02-06T09:15:27.056+0200] {processor.py:161} INFO - Started process (PID=9128) to work on /home/pazzoti/de-upskilling/airflow-flight-price-analysis/venv/lib/python3.10/site-packages/airflow/example_dags/plugins/listener_plugin.py
[2026-02-06T09:15:27.065+0200] {processor.py:830} INFO - Processing file /home/pazzoti/de-upskilling/airflow-flight-price-analysis/venv/lib/python3.10/site-packages/airflow/example_dags/plugins/listener_plugin.py for tasks to queue
[2026-02-06T09:15:27.066+0200] {logging_mixin.py:188} INFO - [2026-02-06T09:15:27.066+0200] {dagbag.py:538} INFO - Filling up the DagBag from /home/pazzoti/de-upskilling/airflow-flight-price-analysis/venv/lib/python3.10/site-packages/airflow/example_dags/plugins/listener_plugin.py
[2026-02-06T09:15:27.069+0200] {processor.py:842} WARNING - No viable dags retrieved from /home/pazzoti/de-upskilling/airflow-flight-price-analysis/venv/lib/python3.10/site-packages/airflow/example_dags/plugins/listener_plugin.py
[2026-02-06T09:15:27.081+0200] {processor.py:183} INFO - Processing /home/pazzoti/de-upskilling/airflow-flight-price-analysis/venv/lib/python3.10/site-packages/airflow/example_dags/plugins/listener_plugin.py took 0.029 seconds
[2026-02-06T09:16:16.318+0200] {processor.py:161} INFO - Started process (PID=9379) to work on /home/pazzoti/de-upskilling/airflow-flight-price-analysis/venv/lib/python3.10/site-packages/airflow/example_dags/plugins/listener_plugin.py
[2026-02-06T09:16:16.319+0200] {processor.py:830} INFO - Processing file /home/pazzoti/de-upskilling/airflow-flight-price-analysis/venv/lib/python3.10/site-packages/airflow/example_dags/plugins/listener_plugin.py for tasks to queue
[2026-02-06T09:16:16.320+0200] {logging_mixin.py:188} INFO - [2026-02-06T09:16:16.319+0200] {dagbag.py:538} INFO - Filling up the DagBag from /home/pazzoti/de-upskilling/airflow-flight-price-analysis/venv/lib/python3.10/site-packages/airflow/example_dags/plugins/listener_plugin.py
[2026-02-06T09:16:16.322+0200] {processor.py:842} WARNING - No viable dags retrieved from /home/pazzoti/de-upskilling/airflow-flight-price-analysis/venv/lib/python3.10/site-packages/airflow/example_dags/plugins/listener_plugin.py
[2026-02-06T09:16:16.329+0200] {processor.py:183} INFO - Processing /home/pazzoti/de-upskilling/airflow-flight-price-analysis/venv/lib/python3.10/site-packages/airflow/example_dags/plugins/listener_plugin.py took 0.014 seconds
[2026-02-06T09:17:09.271+0200] {processor.py:161} INFO - Started process (PID=9632) to work on /home/pazzoti/de-upskilling/airflow-flight-price-analysis/venv/lib/python3.10/site-packages/airflow/example_dags/plugins/listener_plugin.py
[2026-02-06T09:17:09.272+0200] {processor.py:830} INFO - Processing file /home/pazzoti/de-upskilling/airflow-flight-price-analysis/venv/lib/python3.10/site-packages/airflow/example_dags/plugins/listener_plugin.py for tasks to queue
[2026-02-06T09:17:09.273+0200] {logging_mixin.py:188} INFO - [2026-02-06T09:17:09.272+0200] {dagbag.py:538} INFO - Filling up the DagBag from /home/pazzoti/de-upskilling/airflow-flight-price-analysis/venv/lib/python3.10/site-packages/airflow/example_dags/plugins/listener_plugin.py
[2026-02-06T09:17:09.275+0200] {processor.py:842} WARNING - No viable dags retrieved from /home/pazzoti/de-upskilling/airflow-flight-price-analysis/venv/lib/python3.10/site-packages/airflow/example_dags/plugins/listener_plugin.py
[2026-02-06T09:17:09.282+0200] {processor.py:183} INFO - Processing /home/pazzoti/de-upskilling/airflow-flight-price-analysis/venv/lib/python3.10/site-packages/airflow/example_dags/plugins/listener_plugin.py took 0.013 seconds
[2026-02-06T09:29:45.584+0200] {processor.py:161} INFO - Started process (PID=9911) to work on /home/pazzoti/de-upskilling/airflow-flight-price-analysis/venv/lib/python3.10/site-packages/airflow/example_dags/plugins/listener_plugin.py
[2026-02-06T09:29:45.587+0200] {processor.py:830} INFO - Processing file /home/pazzoti/de-upskilling/airflow-flight-price-analysis/venv/lib/python3.10/site-packages/airflow/example_dags/plugins/listener_plugin.py for tasks to queue
[2026-02-06T09:29:45.589+0200] {logging_mixin.py:188} INFO - [2026-02-06T09:29:45.588+0200] {dagbag.py:538} INFO - Filling up the DagBag from /home/pazzoti/de-upskilling/airflow-flight-price-analysis/venv/lib/python3.10/site-packages/airflow/example_dags/plugins/listener_plugin.py
[2026-02-06T09:29:45.593+0200] {processor.py:842} WARNING - No viable dags retrieved from /home/pazzoti/de-upskilling/airflow-flight-price-analysis/venv/lib/python3.10/site-packages/airflow/example_dags/plugins/listener_plugin.py
[2026-02-06T09:29:45.625+0200] {processor.py:183} INFO - Processing /home/pazzoti/de-upskilling/airflow-flight-price-analysis/venv/lib/python3.10/site-packages/airflow/example_dags/plugins/listener_plugin.py took 0.049 seconds
[2026-02-06T09:30:50.389+0200] {processor.py:161} INFO - Started process (PID=10028) to work on /home/pazzoti/de-upskilling/airflow-flight-price-analysis/venv/lib/python3.10/site-packages/airflow/example_dags/plugins/listener_plugin.py
[2026-02-06T09:30:50.396+0200] {processor.py:830} INFO - Processing file /home/pazzoti/de-upskilling/airflow-flight-price-analysis/venv/lib/python3.10/site-packages/airflow/example_dags/plugins/listener_plugin.py for tasks to queue
[2026-02-06T09:30:50.397+0200] {logging_mixin.py:188} INFO - [2026-02-06T09:30:50.397+0200] {dagbag.py:538} INFO - Filling up the DagBag from /home/pazzoti/de-upskilling/airflow-flight-price-analysis/venv/lib/python3.10/site-packages/airflow/example_dags/plugins/listener_plugin.py
[2026-02-06T09:30:50.399+0200] {processor.py:842} WARNING - No viable dags retrieved from /home/pazzoti/de-upskilling/airflow-flight-price-analysis/venv/lib/python3.10/site-packages/airflow/example_dags/plugins/listener_plugin.py
[2026-02-06T09:30:50.407+0200] {processor.py:183} INFO - Processing /home/pazzoti/de-upskilling/airflow-flight-price-analysis/venv/lib/python3.10/site-packages/airflow/example_dags/plugins/listener_plugin.py took 0.021 seconds
[2026-02-06T09:31:48.241+0200] {processor.py:161} INFO - Started process (PID=10125) to work on /home/pazzoti/de-upskilling/airflow-flight-price-analysis/venv/lib/python3.10/site-packages/airflow/example_dags/plugins/listener_plugin.py
[2026-02-06T09:31:48.247+0200] {processor.py:830} INFO - Processing file /home/pazzoti/de-upskilling/airflow-flight-price-analysis/venv/lib/python3.10/site-packages/airflow/example_dags/plugins/listener_plugin.py for tasks to queue
[2026-02-06T09:31:48.248+0200] {logging_mixin.py:188} INFO - [2026-02-06T09:31:48.248+0200] {dagbag.py:538} INFO - Filling up the DagBag from /home/pazzoti/de-upskilling/airflow-flight-price-analysis/venv/lib/python3.10/site-packages/airflow/example_dags/plugins/listener_plugin.py
[2026-02-06T09:31:48.250+0200] {processor.py:842} WARNING - No viable dags retrieved from /home/pazzoti/de-upskilling/airflow-flight-price-analysis/venv/lib/python3.10/site-packages/airflow/example_dags/plugins/listener_plugin.py
[2026-02-06T09:31:48.259+0200] {processor.py:183} INFO - Processing /home/pazzoti/de-upskilling/airflow-flight-price-analysis/venv/lib/python3.10/site-packages/airflow/example_dags/plugins/listener_plugin.py took 0.021 seconds
[2026-02-06T09:32:42.900+0200] {processor.py:161} INFO - Started process (PID=10264) to work on /home/pazzoti/de-upskilling/airflow-flight-price-analysis/venv/lib/python3.10/site-packages/airflow/example_dags/plugins/listener_plugin.py
[2026-02-06T09:32:42.907+0200] {processor.py:830} INFO - Processing file /home/pazzoti/de-upskilling/airflow-flight-price-analysis/venv/lib/python3.10/site-packages/airflow/example_dags/plugins/listener_plugin.py for tasks to queue
[2026-02-06T09:32:42.908+0200] {logging_mixin.py:188} INFO - [2026-02-06T09:32:42.908+0200] {dagbag.py:538} INFO - Filling up the DagBag from /home/pazzoti/de-upskilling/airflow-flight-price-analysis/venv/lib/python3.10/site-packages/airflow/example_dags/plugins/listener_plugin.py
[2026-02-06T09:32:42.910+0200] {processor.py:842} WARNING - No viable dags retrieved from /home/pazzoti/de-upskilling/airflow-flight-price-analysis/venv/lib/python3.10/site-packages/airflow/example_dags/plugins/listener_plugin.py
[2026-02-06T09:32:42.917+0200] {processor.py:183} INFO - Processing /home/pazzoti/de-upskilling/airflow-flight-price-analysis/venv/lib/python3.10/site-packages/airflow/example_dags/plugins/listener_plugin.py took 0.021 seconds
[2026-02-06T09:33:57.486+0200] {processor.py:161} INFO - Started process (PID=10374) to work on /home/pazzoti/de-upskilling/airflow-flight-price-analysis/venv/lib/python3.10/site-packages/airflow/example_dags/plugins/listener_plugin.py
[2026-02-06T09:33:57.489+0200] {processor.py:830} INFO - Processing file /home/pazzoti/de-upskilling/airflow-flight-price-analysis/venv/lib/python3.10/site-packages/airflow/example_dags/plugins/listener_plugin.py for tasks to queue
[2026-02-06T09:33:57.493+0200] {logging_mixin.py:188} INFO - [2026-02-06T09:33:57.492+0200] {dagbag.py:538} INFO - Filling up the DagBag from /home/pazzoti/de-upskilling/airflow-flight-price-analysis/venv/lib/python3.10/site-packages/airflow/example_dags/plugins/listener_plugin.py
[2026-02-06T09:33:57.500+0200] {processor.py:842} WARNING - No viable dags retrieved from /home/pazzoti/de-upskilling/airflow-flight-price-analysis/venv/lib/python3.10/site-packages/airflow/example_dags/plugins/listener_plugin.py
[2026-02-06T09:33:57.526+0200] {processor.py:183} INFO - Processing /home/pazzoti/de-upskilling/airflow-flight-price-analysis/venv/lib/python3.10/site-packages/airflow/example_dags/plugins/listener_plugin.py took 0.057 seconds
[2026-02-06T09:34:55.244+0200] {processor.py:161} INFO - Started process (PID=10498) to work on /home/pazzoti/de-upskilling/airflow-flight-price-analysis/venv/lib/python3.10/site-packages/airflow/example_dags/plugins/listener_plugin.py
[2026-02-06T09:34:55.245+0200] {processor.py:830} INFO - Processing file /home/pazzoti/de-upskilling/airflow-flight-price-analysis/venv/lib/python3.10/site-packages/airflow/example_dags/plugins/listener_plugin.py for tasks to queue
[2026-02-06T09:34:55.246+0200] {logging_mixin.py:188} INFO - [2026-02-06T09:34:55.245+0200] {dagbag.py:538} INFO - Filling up the DagBag from /home/pazzoti/de-upskilling/airflow-flight-price-analysis/venv/lib/python3.10/site-packages/airflow/example_dags/plugins/listener_plugin.py
[2026-02-06T09:34:55.248+0200] {processor.py:842} WARNING - No viable dags retrieved from /home/pazzoti/de-upskilling/airflow-flight-price-analysis/venv/lib/python3.10/site-packages/airflow/example_dags/plugins/listener_plugin.py
[2026-02-06T09:34:55.254+0200] {processor.py:183} INFO - Processing /home/pazzoti/de-upskilling/airflow-flight-price-analysis/venv/lib/python3.10/site-packages/airflow/example_dags/plugins/listener_plugin.py took 0.013 seconds
