[2026-02-06T09:01:45.803+0200] {processor.py:161} INFO - Started process (PID=4455) to work on /home/pazzoti/de-upskilling/airflow-flight-price-analysis/venv/lib/python3.10/site-packages/airflow/example_dags/plugins/workday.py
[2026-02-06T09:01:45.804+0200] {processor.py:830} INFO - Processing file /home/pazzoti/de-upskilling/airflow-flight-price-analysis/venv/lib/python3.10/site-packages/airflow/example_dags/plugins/workday.py for tasks to queue
[2026-02-06T09:01:45.805+0200] {logging_mixin.py:188} INFO - [2026-02-06T09:01:45.804+0200] {dagbag.py:538} INFO - Filling up the DagBag from /home/pazzoti/de-upskilling/airflow-flight-price-analysis/venv/lib/python3.10/site-packages/airflow/example_dags/plugins/workday.py
[2026-02-06T09:01:46.004+0200] {processor.py:842} WARNING - No viable dags retrieved from /home/pazzoti/de-upskilling/airflow-flight-price-analysis/venv/lib/python3.10/site-packages/airflow/example_dags/plugins/workday.py
[2026-02-06T09:01:46.011+0200] {processor.py:183} INFO - Processing /home/pazzoti/de-upskilling/airflow-flight-price-analysis/venv/lib/python3.10/site-packages/airflow/example_dags/plugins/workday.py took 0.211 seconds
[2026-02-06T09:02:43.358+0200] {processor.py:161} INFO - Started process (PID=4940) to work on /home/pazzoti/de-upskilling/airflow-flight-price-analysis/venv/lib/python3.10/site-packages/airflow/example_dags/plugins/workday.py
[2026-02-06T09:02:43.365+0200] {processor.py:830} INFO - Processing file /home/pazzoti/de-upskilling/airflow-flight-price-analysis/venv/lib/python3.10/site-packages/airflow/example_dags/plugins/workday.py for tasks to queue
[2026-02-06T09:02:43.366+0200] {logging_mixin.py:188} INFO - [2026-02-06T09:02:43.366+0200] {dagbag.py:538} INFO - Filling up the DagBag from /home/pazzoti/de-upskilling/airflow-flight-price-analysis/venv/lib/python3.10/site-packages/airflow/example_dags/plugins/workday.py
[2026-02-06T09:02:43.593+0200] {processor.py:842} WARNING - No viable dags retrieved from /home/pazzoti/de-upskilling/airflow-flight-price-analysis/venv/lib/python3.10/site-packages/airflow/example_dags/plugins/workday.py
[2026-02-06T09:02:43.603+0200] {processor.py:183} INFO - Processing /home/pazzoti/de-upskilling/airflow-flight-price-analysis/venv/lib/python3.10/site-packages/airflow/example_dags/plugins/workday.py took 0.248 seconds
[2026-02-06T09:03:34.876+0200] {processor.py:161} INFO - Started process (PID=5174) to work on /home/pazzoti/de-upskilling/airflow-flight-price-analysis/venv/lib/python3.10/site-packages/airflow/example_dags/plugins/workday.py
[2026-02-06T09:03:34.880+0200] {processor.py:830} INFO - Processing file /home/pazzoti/de-upskilling/airflow-flight-price-analysis/venv/lib/python3.10/site-packages/airflow/example_dags/plugins/workday.py for tasks to queue
[2026-02-06T09:03:34.881+0200] {logging_mixin.py:188} INFO - [2026-02-06T09:03:34.881+0200] {dagbag.py:538} INFO - Filling up the DagBag from /home/pazzoti/de-upskilling/airflow-flight-price-analysis/venv/lib/python3.10/site-packages/airflow/example_dags/plugins/workday.py
[2026-02-06T09:03:35.119+0200] {processor.py:842} WARNING - No viable dags retrieved from /home/pazzoti/de-upskilling/airflow-flight-price-analysis/venv/lib/python3.10/site-packages/airflow/example_dags/plugins/workday.py
[2026-02-06T09:03:35.131+0200] {processor.py:183} INFO - Processing /home/pazzoti/de-upskilling/airflow-flight-price-analysis/venv/lib/python3.10/site-packages/airflow/example_dags/plugins/workday.py took 0.257 seconds
[2026-02-06T09:04:29.179+0200] {processor.py:161} INFO - Started process (PID=5432) to work on /home/pazzoti/de-upskilling/airflow-flight-price-analysis/venv/lib/python3.10/site-packages/airflow/example_dags/plugins/workday.py
[2026-02-06T09:04:29.184+0200] {processor.py:830} INFO - Processing file /home/pazzoti/de-upskilling/airflow-flight-price-analysis/venv/lib/python3.10/site-packages/airflow/example_dags/plugins/workday.py for tasks to queue
[2026-02-06T09:04:29.184+0200] {logging_mixin.py:188} INFO - [2026-02-06T09:04:29.184+0200] {dagbag.py:538} INFO - Filling up the DagBag from /home/pazzoti/de-upskilling/airflow-flight-price-analysis/venv/lib/python3.10/site-packages/airflow/example_dags/plugins/workday.py
[2026-02-06T09:04:29.416+0200] {processor.py:842} WARNING - No viable dags retrieved from /home/pazzoti/de-upskilling/airflow-flight-price-analysis/venv/lib/python3.10/site-packages/airflow/example_dags/plugins/workday.py
[2026-02-06T09:04:29.425+0200] {processor.py:183} INFO - Processing /home/pazzoti/de-upskilling/airflow-flight-price-analysis/venv/lib/python3.10/site-packages/airflow/example_dags/plugins/workday.py took 0.248 seconds
[2026-02-06T09:05:25.283+0200] {processor.py:161} INFO - Started process (PID=5711) to work on /home/pazzoti/de-upskilling/airflow-flight-price-analysis/venv/lib/python3.10/site-packages/airflow/example_dags/plugins/workday.py
[2026-02-06T09:05:25.285+0200] {processor.py:830} INFO - Processing file /home/pazzoti/de-upskilling/airflow-flight-price-analysis/venv/lib/python3.10/site-packages/airflow/example_dags/plugins/workday.py for tasks to queue
[2026-02-06T09:05:25.287+0200] {logging_mixin.py:188} INFO - [2026-02-06T09:05:25.286+0200] {dagbag.py:538} INFO - Filling up the DagBag from /home/pazzoti/de-upskilling/airflow-flight-price-analysis/venv/lib/python3.10/site-packages/airflow/example_dags/plugins/workday.py
[2026-02-06T09:05:25.488+0200] {processor.py:842} WARNING - No viable dags retrieved from /home/pazzoti/de-upskilling/airflow-flight-price-analysis/venv/lib/python3.10/site-packages/airflow/example_dags/plugins/workday.py
[2026-02-06T09:05:25.499+0200] {processor.py:183} INFO - Processing /home/pazzoti/de-upskilling/airflow-flight-price-analysis/venv/lib/python3.10/site-packages/airflow/example_dags/plugins/workday.py took 0.222 seconds
[2026-02-06T09:06:19.887+0200] {processor.py:161} INFO - Started process (PID=6000) to work on /home/pazzoti/de-upskilling/airflow-flight-price-analysis/venv/lib/python3.10/site-packages/airflow/example_dags/plugins/workday.py
[2026-02-06T09:06:19.889+0200] {processor.py:830} INFO - Processing file /home/pazzoti/de-upskilling/airflow-flight-price-analysis/venv/lib/python3.10/site-packages/airflow/example_dags/plugins/workday.py for tasks to queue
[2026-02-06T09:06:19.889+0200] {logging_mixin.py:188} INFO - [2026-02-06T09:06:19.889+0200] {dagbag.py:538} INFO - Filling up the DagBag from /home/pazzoti/de-upskilling/airflow-flight-price-analysis/venv/lib/python3.10/site-packages/airflow/example_dags/plugins/workday.py
[2026-02-06T09:06:20.063+0200] {processor.py:842} WARNING - No viable dags retrieved from /home/pazzoti/de-upskilling/airflow-flight-price-analysis/venv/lib/python3.10/site-packages/airflow/example_dags/plugins/workday.py
[2026-02-06T09:06:20.072+0200] {processor.py:183} INFO - Processing /home/pazzoti/de-upskilling/airflow-flight-price-analysis/venv/lib/python3.10/site-packages/airflow/example_dags/plugins/workday.py took 0.188 seconds
[2026-02-06T09:07:15.582+0200] {processor.py:161} INFO - Started process (PID=6314) to work on /home/pazzoti/de-upskilling/airflow-flight-price-analysis/venv/lib/python3.10/site-packages/airflow/example_dags/plugins/workday.py
[2026-02-06T09:07:15.584+0200] {processor.py:830} INFO - Processing file /home/pazzoti/de-upskilling/airflow-flight-price-analysis/venv/lib/python3.10/site-packages/airflow/example_dags/plugins/workday.py for tasks to queue
[2026-02-06T09:07:15.584+0200] {logging_mixin.py:188} INFO - [2026-02-06T09:07:15.584+0200] {dagbag.py:538} INFO - Filling up the DagBag from /home/pazzoti/de-upskilling/airflow-flight-price-analysis/venv/lib/python3.10/site-packages/airflow/example_dags/plugins/workday.py
[2026-02-06T09:07:15.885+0200] {processor.py:842} WARNING - No viable dags retrieved from /home/pazzoti/de-upskilling/airflow-flight-price-analysis/venv/lib/python3.10/site-packages/airflow/example_dags/plugins/workday.py
[2026-02-06T09:07:15.902+0200] {processor.py:183} INFO - Processing /home/pazzoti/de-upskilling/airflow-flight-price-analysis/venv/lib/python3.10/site-packages/airflow/example_dags/plugins/workday.py took 0.322 seconds
[2026-02-06T09:08:10.381+0200] {processor.py:161} INFO - Started process (PID=6573) to work on /home/pazzoti/de-upskilling/airflow-flight-price-analysis/venv/lib/python3.10/site-packages/airflow/example_dags/plugins/workday.py
[2026-02-06T09:08:10.383+0200] {processor.py:830} INFO - Processing file /home/pazzoti/de-upskilling/airflow-flight-price-analysis/venv/lib/python3.10/site-packages/airflow/example_dags/plugins/workday.py for tasks to queue
[2026-02-06T09:08:10.384+0200] {logging_mixin.py:188} INFO - [2026-02-06T09:08:10.383+0200] {dagbag.py:538} INFO - Filling up the DagBag from /home/pazzoti/de-upskilling/airflow-flight-price-analysis/venv/lib/python3.10/site-packages/airflow/example_dags/plugins/workday.py
[2026-02-06T09:08:10.564+0200] {processor.py:842} WARNING - No viable dags retrieved from /home/pazzoti/de-upskilling/airflow-flight-price-analysis/venv/lib/python3.10/site-packages/airflow/example_dags/plugins/workday.py
[2026-02-06T09:08:10.572+0200] {processor.py:183} INFO - Processing /home/pazzoti/de-upskilling/airflow-flight-price-analysis/venv/lib/python3.10/site-packages/airflow/example_dags/plugins/workday.py took 0.193 seconds
[2026-02-06T09:09:04.522+0200] {processor.py:161} INFO - Started process (PID=6811) to work on /home/pazzoti/de-upskilling/airflow-flight-price-analysis/venv/lib/python3.10/site-packages/airflow/example_dags/plugins/workday.py
[2026-02-06T09:09:04.524+0200] {processor.py:830} INFO - Processing file /home/pazzoti/de-upskilling/airflow-flight-price-analysis/venv/lib/python3.10/site-packages/airflow/example_dags/plugins/workday.py for tasks to queue
[2026-02-06T09:09:04.524+0200] {logging_mixin.py:188} INFO - [2026-02-06T09:09:04.524+0200] {dagbag.py:538} INFO - Filling up the DagBag from /home/pazzoti/de-upskilling/airflow-flight-price-analysis/venv/lib/python3.10/site-packages/airflow/example_dags/plugins/workday.py
[2026-02-06T09:09:04.700+0200] {processor.py:842} WARNING - No viable dags retrieved from /home/pazzoti/de-upskilling/airflow-flight-price-analysis/venv/lib/python3.10/site-packages/airflow/example_dags/plugins/workday.py
[2026-02-06T09:09:04.707+0200] {processor.py:183} INFO - Processing /home/pazzoti/de-upskilling/airflow-flight-price-analysis/venv/lib/python3.10/site-packages/airflow/example_dags/plugins/workday.py took 0.187 seconds
[2026-02-06T09:11:52.295+0200] {processor.py:161} INFO - Started process (PID=8072) to work on /home/pazzoti/de-upskilling/airflow-flight-price-analysis/venv/lib/python3.10/site-packages/airflow/example_dags/plugins/workday.py
[2026-02-06T09:11:52.297+0200] {processor.py:830} INFO - Processing file /home/pazzoti/de-upskilling/airflow-flight-price-analysis/venv/lib/python3.10/site-packages/airflow/example_dags/plugins/workday.py for tasks to queue
[2026-02-06T09:11:52.298+0200] {logging_mixin.py:188} INFO - [2026-02-06T09:11:52.297+0200] {dagbag.py:538} INFO - Filling up the DagBag from /home/pazzoti/de-upskilling/airflow-flight-price-analysis/venv/lib/python3.10/site-packages/airflow/example_dags/plugins/workday.py
[2026-02-06T09:11:52.678+0200] {processor.py:842} WARNING - No viable dags retrieved from /home/pazzoti/de-upskilling/airflow-flight-price-analysis/venv/lib/python3.10/site-packages/airflow/example_dags/plugins/workday.py
[2026-02-06T09:11:52.695+0200] {processor.py:183} INFO - Processing /home/pazzoti/de-upskilling/airflow-flight-price-analysis/venv/lib/python3.10/site-packages/airflow/example_dags/plugins/workday.py took 0.405 seconds
[2026-02-06T09:12:42.137+0200] {processor.py:161} INFO - Started process (PID=8356) to work on /home/pazzoti/de-upskilling/airflow-flight-price-analysis/venv/lib/python3.10/site-packages/airflow/example_dags/plugins/workday.py
[2026-02-06T09:12:42.139+0200] {processor.py:830} INFO - Processing file /home/pazzoti/de-upskilling/airflow-flight-price-analysis/venv/lib/python3.10/site-packages/airflow/example_dags/plugins/workday.py for tasks to queue
[2026-02-06T09:12:42.140+0200] {logging_mixin.py:188} INFO - [2026-02-06T09:12:42.139+0200] {dagbag.py:538} INFO - Filling up the DagBag from /home/pazzoti/de-upskilling/airflow-flight-price-analysis/venv/lib/python3.10/site-packages/airflow/example_dags/plugins/workday.py
[2026-02-06T09:12:42.368+0200] {processor.py:842} WARNING - No viable dags retrieved from /home/pazzoti/de-upskilling/airflow-flight-price-analysis/venv/lib/python3.10/site-packages/airflow/example_dags/plugins/workday.py
[2026-02-06T09:12:42.376+0200] {processor.py:183} INFO - Processing /home/pazzoti/de-upskilling/airflow-flight-price-analysis/venv/lib/python3.10/site-packages/airflow/example_dags/plugins/workday.py took 0.242 seconds
[2026-02-06T09:13:37.567+0200] {processor.py:161} INFO - Started process (PID=8620) to work on /home/pazzoti/de-upskilling/airflow-flight-price-analysis/venv/lib/python3.10/site-packages/airflow/example_dags/plugins/workday.py
[2026-02-06T09:13:37.569+0200] {processor.py:830} INFO - Processing file /home/pazzoti/de-upskilling/airflow-flight-price-analysis/venv/lib/python3.10/site-packages/airflow/example_dags/plugins/workday.py for tasks to queue
[2026-02-06T09:13:37.569+0200] {logging_mixin.py:188} INFO - [2026-02-06T09:13:37.569+0200] {dagbag.py:538} INFO - Filling up the DagBag from /home/pazzoti/de-upskilling/airflow-flight-price-analysis/venv/lib/python3.10/site-packages/airflow/example_dags/plugins/workday.py
[2026-02-06T09:13:37.784+0200] {processor.py:842} WARNING - No viable dags retrieved from /home/pazzoti/de-upskilling/airflow-flight-price-analysis/venv/lib/python3.10/site-packages/airflow/example_dags/plugins/workday.py
[2026-02-06T09:13:37.792+0200] {processor.py:183} INFO - Processing /home/pazzoti/de-upskilling/airflow-flight-price-analysis/venv/lib/python3.10/site-packages/airflow/example_dags/plugins/workday.py took 0.227 seconds
[2026-02-06T09:14:31.279+0200] {processor.py:161} INFO - Started process (PID=8866) to work on /home/pazzoti/de-upskilling/airflow-flight-price-analysis/venv/lib/python3.10/site-packages/airflow/example_dags/plugins/workday.py
[2026-02-06T09:14:31.288+0200] {processor.py:830} INFO - Processing file /home/pazzoti/de-upskilling/airflow-flight-price-analysis/venv/lib/python3.10/site-packages/airflow/example_dags/plugins/workday.py for tasks to queue
[2026-02-06T09:14:31.288+0200] {logging_mixin.py:188} INFO - [2026-02-06T09:14:31.288+0200] {dagbag.py:538} INFO - Filling up the DagBag from /home/pazzoti/de-upskilling/airflow-flight-price-analysis/venv/lib/python3.10/site-packages/airflow/example_dags/plugins/workday.py
[2026-02-06T09:14:31.514+0200] {processor.py:842} WARNING - No viable dags retrieved from /home/pazzoti/de-upskilling/airflow-flight-price-analysis/venv/lib/python3.10/site-packages/airflow/example_dags/plugins/workday.py
[2026-02-06T09:14:31.521+0200] {processor.py:183} INFO - Processing /home/pazzoti/de-upskilling/airflow-flight-price-analysis/venv/lib/python3.10/site-packages/airflow/example_dags/plugins/workday.py took 0.244 seconds
[2026-02-06T09:15:28.180+0200] {processor.py:161} INFO - Started process (PID=9129) to work on /home/pazzoti/de-upskilling/airflow-flight-price-analysis/venv/lib/python3.10/site-packages/airflow/example_dags/plugins/workday.py
[2026-02-06T09:15:28.192+0200] {processor.py:830} INFO - Processing file /home/pazzoti/de-upskilling/airflow-flight-price-analysis/venv/lib/python3.10/site-packages/airflow/example_dags/plugins/workday.py for tasks to queue
[2026-02-06T09:15:28.193+0200] {logging_mixin.py:188} INFO - [2026-02-06T09:15:28.192+0200] {dagbag.py:538} INFO - Filling up the DagBag from /home/pazzoti/de-upskilling/airflow-flight-price-analysis/venv/lib/python3.10/site-packages/airflow/example_dags/plugins/workday.py
[2026-02-06T09:15:28.421+0200] {processor.py:842} WARNING - No viable dags retrieved from /home/pazzoti/de-upskilling/airflow-flight-price-analysis/venv/lib/python3.10/site-packages/airflow/example_dags/plugins/workday.py
[2026-02-06T09:15:28.429+0200] {processor.py:183} INFO - Processing /home/pazzoti/de-upskilling/airflow-flight-price-analysis/venv/lib/python3.10/site-packages/airflow/example_dags/plugins/workday.py took 0.251 seconds
[2026-02-06T09:16:17.477+0200] {processor.py:161} INFO - Started process (PID=9380) to work on /home/pazzoti/de-upskilling/airflow-flight-price-analysis/venv/lib/python3.10/site-packages/airflow/example_dags/plugins/workday.py
[2026-02-06T09:16:17.479+0200] {processor.py:830} INFO - Processing file /home/pazzoti/de-upskilling/airflow-flight-price-analysis/venv/lib/python3.10/site-packages/airflow/example_dags/plugins/workday.py for tasks to queue
[2026-02-06T09:16:17.480+0200] {logging_mixin.py:188} INFO - [2026-02-06T09:16:17.479+0200] {dagbag.py:538} INFO - Filling up the DagBag from /home/pazzoti/de-upskilling/airflow-flight-price-analysis/venv/lib/python3.10/site-packages/airflow/example_dags/plugins/workday.py
[2026-02-06T09:16:17.679+0200] {processor.py:842} WARNING - No viable dags retrieved from /home/pazzoti/de-upskilling/airflow-flight-price-analysis/venv/lib/python3.10/site-packages/airflow/example_dags/plugins/workday.py
[2026-02-06T09:16:17.686+0200] {processor.py:183} INFO - Processing /home/pazzoti/de-upskilling/airflow-flight-price-analysis/venv/lib/python3.10/site-packages/airflow/example_dags/plugins/workday.py took 0.211 seconds
[2026-02-06T09:17:10.112+0200] {processor.py:161} INFO - Started process (PID=9633) to work on /home/pazzoti/de-upskilling/airflow-flight-price-analysis/venv/lib/python3.10/site-packages/airflow/example_dags/plugins/workday.py
[2026-02-06T09:17:10.113+0200] {processor.py:830} INFO - Processing file /home/pazzoti/de-upskilling/airflow-flight-price-analysis/venv/lib/python3.10/site-packages/airflow/example_dags/plugins/workday.py for tasks to queue
[2026-02-06T09:17:10.114+0200] {logging_mixin.py:188} INFO - [2026-02-06T09:17:10.114+0200] {dagbag.py:538} INFO - Filling up the DagBag from /home/pazzoti/de-upskilling/airflow-flight-price-analysis/venv/lib/python3.10/site-packages/airflow/example_dags/plugins/workday.py
[2026-02-06T09:17:10.300+0200] {processor.py:842} WARNING - No viable dags retrieved from /home/pazzoti/de-upskilling/airflow-flight-price-analysis/venv/lib/python3.10/site-packages/airflow/example_dags/plugins/workday.py
[2026-02-06T09:17:10.307+0200] {processor.py:183} INFO - Processing /home/pazzoti/de-upskilling/airflow-flight-price-analysis/venv/lib/python3.10/site-packages/airflow/example_dags/plugins/workday.py took 0.198 seconds
[2026-02-06T09:29:46.744+0200] {processor.py:161} INFO - Started process (PID=9912) to work on /home/pazzoti/de-upskilling/airflow-flight-price-analysis/venv/lib/python3.10/site-packages/airflow/example_dags/plugins/workday.py
[2026-02-06T09:29:46.747+0200] {processor.py:830} INFO - Processing file /home/pazzoti/de-upskilling/airflow-flight-price-analysis/venv/lib/python3.10/site-packages/airflow/example_dags/plugins/workday.py for tasks to queue
[2026-02-06T09:29:46.749+0200] {logging_mixin.py:188} INFO - [2026-02-06T09:29:46.748+0200] {dagbag.py:538} INFO - Filling up the DagBag from /home/pazzoti/de-upskilling/airflow-flight-price-analysis/venv/lib/python3.10/site-packages/airflow/example_dags/plugins/workday.py
[2026-02-06T09:29:47.131+0200] {processor.py:842} WARNING - No viable dags retrieved from /home/pazzoti/de-upskilling/airflow-flight-price-analysis/venv/lib/python3.10/site-packages/airflow/example_dags/plugins/workday.py
[2026-02-06T09:29:47.142+0200] {processor.py:183} INFO - Processing /home/pazzoti/de-upskilling/airflow-flight-price-analysis/venv/lib/python3.10/site-packages/airflow/example_dags/plugins/workday.py took 0.409 seconds
[2026-02-06T09:30:51.516+0200] {processor.py:161} INFO - Started process (PID=10029) to work on /home/pazzoti/de-upskilling/airflow-flight-price-analysis/venv/lib/python3.10/site-packages/airflow/example_dags/plugins/workday.py
[2026-02-06T09:30:51.523+0200] {processor.py:830} INFO - Processing file /home/pazzoti/de-upskilling/airflow-flight-price-analysis/venv/lib/python3.10/site-packages/airflow/example_dags/plugins/workday.py for tasks to queue
[2026-02-06T09:30:51.524+0200] {logging_mixin.py:188} INFO - [2026-02-06T09:30:51.524+0200] {dagbag.py:538} INFO - Filling up the DagBag from /home/pazzoti/de-upskilling/airflow-flight-price-analysis/venv/lib/python3.10/site-packages/airflow/example_dags/plugins/workday.py
[2026-02-06T09:30:51.763+0200] {processor.py:842} WARNING - No viable dags retrieved from /home/pazzoti/de-upskilling/airflow-flight-price-analysis/venv/lib/python3.10/site-packages/airflow/example_dags/plugins/workday.py
[2026-02-06T09:30:51.772+0200] {processor.py:183} INFO - Processing /home/pazzoti/de-upskilling/airflow-flight-price-analysis/venv/lib/python3.10/site-packages/airflow/example_dags/plugins/workday.py took 0.258 seconds
[2026-02-06T09:31:48.836+0200] {processor.py:161} INFO - Started process (PID=10126) to work on /home/pazzoti/de-upskilling/airflow-flight-price-analysis/venv/lib/python3.10/site-packages/airflow/example_dags/plugins/workday.py
[2026-02-06T09:31:48.841+0200] {processor.py:830} INFO - Processing file /home/pazzoti/de-upskilling/airflow-flight-price-analysis/venv/lib/python3.10/site-packages/airflow/example_dags/plugins/workday.py for tasks to queue
[2026-02-06T09:31:48.844+0200] {logging_mixin.py:188} INFO - [2026-02-06T09:31:48.843+0200] {dagbag.py:538} INFO - Filling up the DagBag from /home/pazzoti/de-upskilling/airflow-flight-price-analysis/venv/lib/python3.10/site-packages/airflow/example_dags/plugins/workday.py
[2026-02-06T09:31:49.063+0200] {processor.py:842} WARNING - No viable dags retrieved from /home/pazzoti/de-upskilling/airflow-flight-price-analysis/venv/lib/python3.10/site-packages/airflow/example_dags/plugins/workday.py
[2026-02-06T09:31:49.071+0200] {processor.py:183} INFO - Processing /home/pazzoti/de-upskilling/airflow-flight-price-analysis/venv/lib/python3.10/site-packages/airflow/example_dags/plugins/workday.py took 0.238 seconds
[2026-02-06T09:32:44.034+0200] {processor.py:161} INFO - Started process (PID=10265) to work on /home/pazzoti/de-upskilling/airflow-flight-price-analysis/venv/lib/python3.10/site-packages/airflow/example_dags/plugins/workday.py
[2026-02-06T09:32:44.039+0200] {processor.py:830} INFO - Processing file /home/pazzoti/de-upskilling/airflow-flight-price-analysis/venv/lib/python3.10/site-packages/airflow/example_dags/plugins/workday.py for tasks to queue
[2026-02-06T09:32:44.040+0200] {logging_mixin.py:188} INFO - [2026-02-06T09:32:44.039+0200] {dagbag.py:538} INFO - Filling up the DagBag from /home/pazzoti/de-upskilling/airflow-flight-price-analysis/venv/lib/python3.10/site-packages/airflow/example_dags/plugins/workday.py
[2026-02-06T09:32:44.225+0200] {processor.py:842} WARNING - No viable dags retrieved from /home/pazzoti/de-upskilling/airflow-flight-price-analysis/venv/lib/python3.10/site-packages/airflow/example_dags/plugins/workday.py
[2026-02-06T09:32:44.232+0200] {processor.py:183} INFO - Processing /home/pazzoti/de-upskilling/airflow-flight-price-analysis/venv/lib/python3.10/site-packages/airflow/example_dags/plugins/workday.py took 0.200 seconds
[2026-02-06T09:33:57.932+0200] {processor.py:161} INFO - Started process (PID=10375) to work on /home/pazzoti/de-upskilling/airflow-flight-price-analysis/venv/lib/python3.10/site-packages/airflow/example_dags/plugins/workday.py
[2026-02-06T09:33:57.936+0200] {processor.py:830} INFO - Processing file /home/pazzoti/de-upskilling/airflow-flight-price-analysis/venv/lib/python3.10/site-packages/airflow/example_dags/plugins/workday.py for tasks to queue
[2026-02-06T09:33:57.938+0200] {logging_mixin.py:188} INFO - [2026-02-06T09:33:57.937+0200] {dagbag.py:538} INFO - Filling up the DagBag from /home/pazzoti/de-upskilling/airflow-flight-price-analysis/venv/lib/python3.10/site-packages/airflow/example_dags/plugins/workday.py
[2026-02-06T09:33:58.517+0200] {processor.py:842} WARNING - No viable dags retrieved from /home/pazzoti/de-upskilling/airflow-flight-price-analysis/venv/lib/python3.10/site-packages/airflow/example_dags/plugins/workday.py
[2026-02-06T09:33:58.530+0200] {processor.py:183} INFO - Processing /home/pazzoti/de-upskilling/airflow-flight-price-analysis/venv/lib/python3.10/site-packages/airflow/example_dags/plugins/workday.py took 0.606 seconds
[2026-02-06T09:34:56.383+0200] {processor.py:161} INFO - Started process (PID=10508) to work on /home/pazzoti/de-upskilling/airflow-flight-price-analysis/venv/lib/python3.10/site-packages/airflow/example_dags/plugins/workday.py
[2026-02-06T09:34:56.384+0200] {processor.py:830} INFO - Processing file /home/pazzoti/de-upskilling/airflow-flight-price-analysis/venv/lib/python3.10/site-packages/airflow/example_dags/plugins/workday.py for tasks to queue
[2026-02-06T09:34:56.385+0200] {logging_mixin.py:188} INFO - [2026-02-06T09:34:56.385+0200] {dagbag.py:538} INFO - Filling up the DagBag from /home/pazzoti/de-upskilling/airflow-flight-price-analysis/venv/lib/python3.10/site-packages/airflow/example_dags/plugins/workday.py
[2026-02-06T09:34:56.603+0200] {processor.py:842} WARNING - No viable dags retrieved from /home/pazzoti/de-upskilling/airflow-flight-price-analysis/venv/lib/python3.10/site-packages/airflow/example_dags/plugins/workday.py
[2026-02-06T09:34:56.611+0200] {processor.py:183} INFO - Processing /home/pazzoti/de-upskilling/airflow-flight-price-analysis/venv/lib/python3.10/site-packages/airflow/example_dags/plugins/workday.py took 0.231 seconds
