[2026-02-06T12:20:50.265+0200] {taskinstance.py:1956} INFO - Dependencies all met for dep_context=non-requeueable deps ti=<TaskInstance: flight_price_analysis.run_pipeline manual__2026-02-06T10:20:47.120863+00:00 [queued]>
[2026-02-06T12:20:50.270+0200] {taskinstance.py:1956} INFO - Dependencies all met for dep_context=requeueable deps ti=<TaskInstance: flight_price_analysis.run_pipeline manual__2026-02-06T10:20:47.120863+00:00 [queued]>
[2026-02-06T12:20:50.270+0200] {taskinstance.py:2170} INFO - Starting attempt 1 of 1
[2026-02-06T12:20:50.285+0200] {taskinstance.py:2191} INFO - Executing <Task(PythonOperator): run_pipeline> on 2026-02-06 10:20:47.120863+00:00
[2026-02-06T12:20:50.289+0200] {standard_task_runner.py:60} INFO - Started process 42775 to run task
[2026-02-06T12:20:50.293+0200] {standard_task_runner.py:87} INFO - Running: ['airflow', 'tasks', 'run', 'flight_price_analysis', 'run_pipeline', 'manual__2026-02-06T10:20:47.120863+00:00', '--job-id', '61', '--raw', '--subdir', 'DAGS_FOLDER/flight_price_analysis_dag.py', '--cfg-path', '/tmp/tmpzvl1r37o']
[2026-02-06T12:20:50.294+0200] {standard_task_runner.py:88} INFO - Job 61: Subtask run_pipeline
[2026-02-06T12:20:50.337+0200] {task_command.py:423} INFO - Running <TaskInstance: flight_price_analysis.run_pipeline manual__2026-02-06T10:20:47.120863+00:00 [running]> on host Patricks-bot.
[2026-02-06T12:20:50.379+0200] {taskinstance.py:2480} INFO - Exporting env vars: AIRFLOW_CTX_DAG_OWNER='airflow' AIRFLOW_CTX_DAG_ID='flight_price_analysis' AIRFLOW_CTX_TASK_ID='run_pipeline' AIRFLOW_CTX_EXECUTION_DATE='2026-02-06T10:20:47.120863+00:00' AIRFLOW_CTX_TRY_NUMBER='1' AIRFLOW_CTX_DAG_RUN_ID='manual__2026-02-06T10:20:47.120863+00:00'
[2026-02-06T12:20:51.189+0200] {taskinstance.py:2698} ERROR - Task failed with exception
Traceback (most recent call last):
  File "/home/pazzoti/de-upskilling/airflow-flight-price-analysis/venv/lib/python3.10/site-packages/airflow/models/taskinstance.py", line 433, in _execute_task
    result = execute_callable(context=context, **execute_callable_kwargs)
  File "/home/pazzoti/de-upskilling/airflow-flight-price-analysis/venv/lib/python3.10/site-packages/airflow/operators/python.py", line 199, in execute
    return_value = self.execute_callable()
  File "/home/pazzoti/de-upskilling/airflow-flight-price-analysis/venv/lib/python3.10/site-packages/airflow/operators/python.py", line 216, in execute_callable
    return self.python_callable(*self.op_args, **self.op_kwargs)
  File "/home/pazzoti/de-upskilling/airflow-flight-price-analysis/airflow/dags/flight_price_analysis_dag.py", line 27, in run_pipeline
    load_to_postgres(airline_kpis, routes, seasonal)
  File "/home/pazzoti/de-upskilling/airflow-flight-price-analysis/src/load_postgres.py", line 5, in load_to_postgres
    conn = psycopg2.connect(
  File "/home/pazzoti/de-upskilling/airflow-flight-price-analysis/venv/lib/python3.10/site-packages/psycopg2/__init__.py", line 122, in connect
    conn = _connect(dsn, connection_factory=connection_factory, **kwasync)
psycopg2.OperationalError: connection to server at "localhost" (127.0.0.1), port 5432 failed: FATAL:  password authentication failed for user "postgres"
connection to server at "localhost" (127.0.0.1), port 5432 failed: FATAL:  password authentication failed for user "postgres"

[2026-02-06T12:20:51.192+0200] {taskinstance.py:1138} INFO - Marking task as FAILED. dag_id=flight_price_analysis, task_id=run_pipeline, execution_date=20260206T102047, start_date=20260206T102050, end_date=20260206T102051
[2026-02-06T12:20:51.202+0200] {standard_task_runner.py:107} ERROR - Failed to execute job 61 for task run_pipeline (connection to server at "localhost" (127.0.0.1), port 5432 failed: FATAL:  password authentication failed for user "postgres"
connection to server at "localhost" (127.0.0.1), port 5432 failed: FATAL:  password authentication failed for user "postgres"
; 42775)
[2026-02-06T12:20:51.229+0200] {local_task_job_runner.py:234} INFO - Task exited with return code 1
[2026-02-06T12:20:51.235+0200] {taskinstance.py:3280} INFO - 0 downstream tasks scheduled from follow-on schedule check
