[2026-02-06T11:20:29.827+0200] {taskinstance.py:1956} INFO - Dependencies all met for dep_context=non-requeueable deps ti=<TaskInstance: flight_price_analysis.run_pipeline manual__2026-02-06T09:20:24.713798+00:00 [queued]>
[2026-02-06T11:20:29.836+0200] {taskinstance.py:1956} INFO - Dependencies all met for dep_context=requeueable deps ti=<TaskInstance: flight_price_analysis.run_pipeline manual__2026-02-06T09:20:24.713798+00:00 [queued]>
[2026-02-06T11:20:29.837+0200] {taskinstance.py:2170} INFO - Starting attempt 1 of 1
[2026-02-06T11:20:29.862+0200] {taskinstance.py:2191} INFO - Executing <Task(PythonOperator): run_pipeline> on 2026-02-06 09:20:24.713798+00:00
[2026-02-06T11:20:29.870+0200] {standard_task_runner.py:60} INFO - Started process 30869 to run task
[2026-02-06T11:20:29.885+0200] {standard_task_runner.py:87} INFO - Running: ['airflow', 'tasks', 'run', 'flight_price_analysis', 'run_pipeline', 'manual__2026-02-06T09:20:24.713798+00:00', '--job-id', '55', '--raw', '--subdir', 'DAGS_FOLDER/flight_price_analysis_dag.py', '--cfg-path', '/tmp/tmp8bw0k94j']
[2026-02-06T11:20:29.887+0200] {standard_task_runner.py:88} INFO - Job 55: Subtask run_pipeline
[2026-02-06T11:20:29.950+0200] {task_command.py:423} INFO - Running <TaskInstance: flight_price_analysis.run_pipeline manual__2026-02-06T09:20:24.713798+00:00 [running]> on host Patricks-bot.
[2026-02-06T11:20:30.022+0200] {taskinstance.py:2480} INFO - Exporting env vars: AIRFLOW_CTX_DAG_OWNER='airflow' AIRFLOW_CTX_DAG_ID='flight_price_analysis' AIRFLOW_CTX_TASK_ID='run_pipeline' AIRFLOW_CTX_EXECUTION_DATE='2026-02-06T09:20:24.713798+00:00' AIRFLOW_CTX_TRY_NUMBER='1' AIRFLOW_CTX_DAG_RUN_ID='manual__2026-02-06T09:20:24.713798+00:00'
[2026-02-06T11:20:30.969+0200] {taskinstance.py:2698} ERROR - Task failed with exception
Traceback (most recent call last):
  File "/home/pazzoti/de-upskilling/airflow-flight-price-analysis/venv/lib/python3.10/site-packages/mysql/connector/connection_cext.py", line 354, in _open_connection
    self._cmysql.connect(**cnx_kwargs)
_mysql_connector.MySQLInterfaceError: Access denied for user 'root'@'localhost'

The above exception was the direct cause of the following exception:

Traceback (most recent call last):
  File "/home/pazzoti/de-upskilling/airflow-flight-price-analysis/venv/lib/python3.10/site-packages/airflow/models/taskinstance.py", line 433, in _execute_task
    result = execute_callable(context=context, **execute_callable_kwargs)
  File "/home/pazzoti/de-upskilling/airflow-flight-price-analysis/venv/lib/python3.10/site-packages/airflow/operators/python.py", line 199, in execute
    return_value = self.execute_callable()
  File "/home/pazzoti/de-upskilling/airflow-flight-price-analysis/venv/lib/python3.10/site-packages/airflow/operators/python.py", line 216, in execute_callable
    return self.python_callable(*self.op_args, **self.op_kwargs)
  File "/home/pazzoti/de-upskilling/airflow-flight-price-analysis/airflow/dags/flight_price_analysis_dag.py", line 24, in run_pipeline
    load_to_mysql(df)
  File "/home/pazzoti/de-upskilling/airflow-flight-price-analysis/src/load_mysql.py", line 4, in load_to_mysql
    conn = mysql.connector.connect(
  File "/home/pazzoti/de-upskilling/airflow-flight-price-analysis/venv/lib/python3.10/site-packages/mysql/connector/pooling.py", line 322, in connect
    return CMySQLConnection(*args, **kwargs)
  File "/home/pazzoti/de-upskilling/airflow-flight-price-analysis/venv/lib/python3.10/site-packages/mysql/connector/connection_cext.py", line 142, in __init__
    self.connect(**kwargs)
  File "/home/pazzoti/de-upskilling/airflow-flight-price-analysis/venv/lib/python3.10/site-packages/mysql/connector/abstracts.py", line 1604, in connect
    self._open_connection()
  File "/home/pazzoti/de-upskilling/airflow-flight-price-analysis/venv/lib/python3.10/site-packages/mysql/connector/connection_cext.py", line 360, in _open_connection
    raise get_mysql_exception(
mysql.connector.errors.ProgrammingError: 1698 (28000): Access denied for user 'root'@'localhost'
[2026-02-06T11:20:30.974+0200] {taskinstance.py:1138} INFO - Marking task as FAILED. dag_id=flight_price_analysis, task_id=run_pipeline, execution_date=20260206T092024, start_date=20260206T092029, end_date=20260206T092030
[2026-02-06T11:20:30.992+0200] {standard_task_runner.py:107} ERROR - Failed to execute job 55 for task run_pipeline (1698 (28000): Access denied for user 'root'@'localhost'; 30869)
[2026-02-06T11:20:31.025+0200] {local_task_job_runner.py:234} INFO - Task exited with return code 1
[2026-02-06T11:20:31.055+0200] {taskinstance.py:3280} INFO - 0 downstream tasks scheduled from follow-on schedule check
