[2026-02-09T02:40:20.691+0200] {taskinstance.py:1956} INFO - Dependencies all met for dep_context=non-requeueable deps ti=<TaskInstance: flight_price_analysis.run_pipeline scheduled__2026-02-08T00:00:00+00:00 [queued]>
[2026-02-09T02:40:20.698+0200] {taskinstance.py:1956} INFO - Dependencies all met for dep_context=requeueable deps ti=<TaskInstance: flight_price_analysis.run_pipeline scheduled__2026-02-08T00:00:00+00:00 [queued]>
[2026-02-09T02:40:20.698+0200] {taskinstance.py:2170} INFO - Starting attempt 1 of 1
[2026-02-09T02:40:20.715+0200] {taskinstance.py:2191} INFO - Executing <Task(PythonOperator): run_pipeline> on 2026-02-08 00:00:00+00:00
[2026-02-09T02:40:20.718+0200] {standard_task_runner.py:60} INFO - Started process 250314 to run task
[2026-02-09T02:40:20.720+0200] {standard_task_runner.py:87} INFO - Running: ['airflow', 'tasks', 'run', 'flight_price_analysis', 'run_pipeline', 'scheduled__2026-02-08T00:00:00+00:00', '--job-id', '115', '--raw', '--subdir', 'DAGS_FOLDER/flight_price_analysis_dag.py', '--cfg-path', '/tmp/tmpv9eygkj2']
[2026-02-09T02:40:20.721+0200] {standard_task_runner.py:88} INFO - Job 115: Subtask run_pipeline
[2026-02-09T02:40:20.780+0200] {task_command.py:423} INFO - Running <TaskInstance: flight_price_analysis.run_pipeline scheduled__2026-02-08T00:00:00+00:00 [running]> on host Patricks-bot.
[2026-02-09T02:40:20.838+0200] {taskinstance.py:2480} INFO - Exporting env vars: AIRFLOW_CTX_DAG_OWNER='airflow' AIRFLOW_CTX_DAG_ID='flight_price_analysis' AIRFLOW_CTX_TASK_ID='run_pipeline' AIRFLOW_CTX_EXECUTION_DATE='2026-02-08T00:00:00+00:00' AIRFLOW_CTX_TRY_NUMBER='1' AIRFLOW_CTX_DAG_RUN_ID='scheduled__2026-02-08T00:00:00+00:00'
[2026-02-09T02:40:20.839+0200] {logging_mixin.py:188} INFO - [EXTRACT] Starting extraction...
[2026-02-09T02:40:21.032+0200] {logging_mixin.py:188} INFO - [EXTRACT] rows extracted: 57000
[2026-02-09T02:40:21.032+0200] {logging_mixin.py:188} INFO - [EXTRACT] Data sample BEFORE validation:
[2026-02-09T02:40:21.047+0200] {logging_mixin.py:188} INFO -               Airline Source  ...      Seasonality Days Before Departure
0  Malaysian Airlines    CXB  ...          Regular                    10
1      Cathay Pacific    BZL  ...          Regular                    14
2     British Airways    ZYL  ...  Winter Holidays                    83
3  Singapore Airlines    RJH  ...          Regular                    56
4     British Airways    SPD  ...          Regular                    90

[5 rows x 17 columns]
[2026-02-09T02:40:21.048+0200] {logging_mixin.py:188} INFO - [EXTRACT] rows extracted: 57000
[2026-02-09T02:40:21.048+0200] {logging_mixin.py:188} INFO - [VALIDATE] Running validation...
[2026-02-09T02:40:21.096+0200] {logging_mixin.py:188} INFO - [VALIDATE] Rows before validation: 57000
[2026-02-09T02:40:21.097+0200] {logging_mixin.py:188} INFO - [VALIDATE] Rows after validation: 57000
[2026-02-09T02:40:21.099+0200] {logging_mixin.py:188} INFO - [VALIDATE] Rows after validation: 57000
[2026-02-09T02:40:21.336+0200] {logging_mixin.py:188} WARNING - /home/pazzoti/de-upskilling/airflow-flight-price-analysis/src/load_mysql.py:46 UserWarning: pandas only supports SQLAlchemy connectable (engine/connection) or database string URI or sqlite3 DBAPI2 connection. Other DBAPI2 objects are not tested. Please consider using SQLAlchemy.
[2026-02-09T02:40:21.342+0200] {taskinstance.py:2698} ERROR - Task failed with exception
Traceback (most recent call last):
  File "/home/pazzoti/de-upskilling/airflow-flight-price-analysis/venv/lib/python3.10/site-packages/airflow/models/taskinstance.py", line 433, in _execute_task
    result = execute_callable(context=context, **execute_callable_kwargs)
  File "/home/pazzoti/de-upskilling/airflow-flight-price-analysis/venv/lib/python3.10/site-packages/airflow/operators/python.py", line 199, in execute
    return_value = self.execute_callable()
  File "/home/pazzoti/de-upskilling/airflow-flight-price-analysis/venv/lib/python3.10/site-packages/airflow/operators/python.py", line 216, in execute_callable
    return self.python_callable(*self.op_args, **self.op_kwargs)
  File "/home/pazzoti/de-upskilling/airflow-flight-price-analysis/airflow/dags/flight_price_analysis_dag.py", line 33, in run_pipeline
    load_to_mysql(df, table_name="flight_prices_raw")
  File "/home/pazzoti/de-upskilling/airflow-flight-price-analysis/src/load_mysql.py", line 46, in load_to_mysql
    df_renamed.to_sql(
  File "/home/pazzoti/de-upskilling/airflow-flight-price-analysis/venv/lib/python3.10/site-packages/pandas/util/_decorators.py", line 333, in wrapper
    return func(*args, **kwargs)
  File "/home/pazzoti/de-upskilling/airflow-flight-price-analysis/venv/lib/python3.10/site-packages/pandas/core/generic.py", line 3109, in to_sql
    return sql.to_sql(
  File "/home/pazzoti/de-upskilling/airflow-flight-price-analysis/venv/lib/python3.10/site-packages/pandas/io/sql.py", line 844, in to_sql
    return pandas_sql.to_sql(
  File "/home/pazzoti/de-upskilling/airflow-flight-price-analysis/venv/lib/python3.10/site-packages/pandas/io/sql.py", line 2840, in to_sql
    table.create()
  File "/home/pazzoti/de-upskilling/airflow-flight-price-analysis/venv/lib/python3.10/site-packages/pandas/io/sql.py", line 986, in create
    if self.exists():
  File "/home/pazzoti/de-upskilling/airflow-flight-price-analysis/venv/lib/python3.10/site-packages/pandas/io/sql.py", line 972, in exists
    return self.pd_sql.has_table(self.name, self.schema)
  File "/home/pazzoti/de-upskilling/airflow-flight-price-analysis/venv/lib/python3.10/site-packages/pandas/io/sql.py", line 2855, in has_table
    return len(self.execute(query, [name]).fetchall()) > 0
  File "/home/pazzoti/de-upskilling/airflow-flight-price-analysis/venv/lib/python3.10/site-packages/pandas/io/sql.py", line 2662, in execute
    cur = self.con.cursor()
AttributeError: 'Engine' object has no attribute 'cursor'
[2026-02-09T02:40:21.353+0200] {taskinstance.py:1138} INFO - Marking task as FAILED. dag_id=flight_price_analysis, task_id=run_pipeline, execution_date=20260208T000000, start_date=20260209T004020, end_date=20260209T004021
[2026-02-09T02:40:21.372+0200] {standard_task_runner.py:107} ERROR - Failed to execute job 115 for task run_pipeline ('Engine' object has no attribute 'cursor'; 250314)
[2026-02-09T02:40:21.417+0200] {local_task_job_runner.py:234} INFO - Task exited with return code 1
[2026-02-09T02:40:21.430+0200] {taskinstance.py:3280} INFO - 0 downstream tasks scheduled from follow-on schedule check
[2026-02-09T09:45:00.145+0200] {taskinstance.py:1956} INFO - Dependencies all met for dep_context=non-requeueable deps ti=<TaskInstance: flight_price_analysis.run_pipeline scheduled__2026-02-08T00:00:00+00:00 [queued]>
[2026-02-09T09:45:00.150+0200] {taskinstance.py:1956} INFO - Dependencies all met for dep_context=requeueable deps ti=<TaskInstance: flight_price_analysis.run_pipeline scheduled__2026-02-08T00:00:00+00:00 [queued]>
[2026-02-09T09:45:00.150+0200] {taskinstance.py:2170} INFO - Starting attempt 1 of 1
[2026-02-09T09:45:00.168+0200] {taskinstance.py:2191} INFO - Executing <Task(PythonOperator): run_pipeline> on 2026-02-08 00:00:00+00:00
[2026-02-09T09:45:00.171+0200] {standard_task_runner.py:60} INFO - Started process 261718 to run task
[2026-02-09T09:45:00.176+0200] {standard_task_runner.py:87} INFO - Running: ['airflow', 'tasks', 'run', 'flight_price_analysis', 'run_pipeline', 'scheduled__2026-02-08T00:00:00+00:00', '--job-id', '120', '--raw', '--subdir', 'DAGS_FOLDER/flight_price_analysis_dag.py', '--cfg-path', '/tmp/tmpw5_1rg3b']
[2026-02-09T09:45:00.176+0200] {standard_task_runner.py:88} INFO - Job 120: Subtask run_pipeline
[2026-02-09T09:45:00.233+0200] {task_command.py:423} INFO - Running <TaskInstance: flight_price_analysis.run_pipeline scheduled__2026-02-08T00:00:00+00:00 [running]> on host Patricks-bot.
[2026-02-09T09:45:00.284+0200] {taskinstance.py:2480} INFO - Exporting env vars: AIRFLOW_CTX_DAG_OWNER='airflow' AIRFLOW_CTX_DAG_ID='flight_price_analysis' AIRFLOW_CTX_TASK_ID='run_pipeline' AIRFLOW_CTX_EXECUTION_DATE='2026-02-08T00:00:00+00:00' AIRFLOW_CTX_TRY_NUMBER='1' AIRFLOW_CTX_DAG_RUN_ID='scheduled__2026-02-08T00:00:00+00:00'
[2026-02-09T09:45:00.286+0200] {logging_mixin.py:188} INFO - [EXTRACT] Starting extraction...
[2026-02-09T09:45:00.430+0200] {logging_mixin.py:188} INFO - [EXTRACT] rows extracted: 57000
[2026-02-09T09:45:00.431+0200] {logging_mixin.py:188} INFO - [EXTRACT] Data sample BEFORE validation:
[2026-02-09T09:45:00.442+0200] {logging_mixin.py:188} INFO -               Airline Source  ...      Seasonality Days Before Departure
0  Malaysian Airlines    CXB  ...          Regular                    10
1      Cathay Pacific    BZL  ...          Regular                    14
2     British Airways    ZYL  ...  Winter Holidays                    83
3  Singapore Airlines    RJH  ...          Regular                    56
4     British Airways    SPD  ...          Regular                    90

[5 rows x 17 columns]
[2026-02-09T09:45:00.442+0200] {logging_mixin.py:188} INFO - [EXTRACT] rows extracted: 57000
[2026-02-09T09:45:00.443+0200] {logging_mixin.py:188} INFO - [VALIDATE] Running validation...
[2026-02-09T09:45:00.498+0200] {logging_mixin.py:188} INFO - [VALIDATE] Rows before validation: 57000
[2026-02-09T09:45:00.499+0200] {logging_mixin.py:188} INFO - [VALIDATE] Rows after validation: 57000
[2026-02-09T09:45:00.502+0200] {logging_mixin.py:188} INFO - [VALIDATE] Rows after validation: 57000
[2026-02-09T09:45:00.679+0200] {logging_mixin.py:188} WARNING - /home/pazzoti/de-upskilling/airflow-flight-price-analysis/src/load_mysql.py:55 UserWarning: pandas only supports SQLAlchemy connectable (engine/connection) or database string URI or sqlite3 DBAPI2 connection. Other DBAPI2 objects are not tested. Please consider using SQLAlchemy.
[2026-02-09T09:45:00.684+0200] {taskinstance.py:2698} ERROR - Task failed with exception
Traceback (most recent call last):
  File "/home/pazzoti/de-upskilling/airflow-flight-price-analysis/venv/lib/python3.10/site-packages/airflow/models/taskinstance.py", line 433, in _execute_task
    result = execute_callable(context=context, **execute_callable_kwargs)
  File "/home/pazzoti/de-upskilling/airflow-flight-price-analysis/venv/lib/python3.10/site-packages/airflow/operators/python.py", line 199, in execute
    return_value = self.execute_callable()
  File "/home/pazzoti/de-upskilling/airflow-flight-price-analysis/venv/lib/python3.10/site-packages/airflow/operators/python.py", line 216, in execute_callable
    return self.python_callable(*self.op_args, **self.op_kwargs)
  File "/home/pazzoti/de-upskilling/airflow-flight-price-analysis/airflow/dags/flight_price_analysis_dag.py", line 33, in run_pipeline
    load_to_mysql(df, table_name="flight_prices_raw")
  File "/home/pazzoti/de-upskilling/airflow-flight-price-analysis/src/load_mysql.py", line 55, in load_to_mysql
    df_renamed.to_sql(
  File "/home/pazzoti/de-upskilling/airflow-flight-price-analysis/venv/lib/python3.10/site-packages/pandas/util/_decorators.py", line 333, in wrapper
    return func(*args, **kwargs)
  File "/home/pazzoti/de-upskilling/airflow-flight-price-analysis/venv/lib/python3.10/site-packages/pandas/core/generic.py", line 3109, in to_sql
    return sql.to_sql(
  File "/home/pazzoti/de-upskilling/airflow-flight-price-analysis/venv/lib/python3.10/site-packages/pandas/io/sql.py", line 844, in to_sql
    return pandas_sql.to_sql(
  File "/home/pazzoti/de-upskilling/airflow-flight-price-analysis/venv/lib/python3.10/site-packages/pandas/io/sql.py", line 2840, in to_sql
    table.create()
  File "/home/pazzoti/de-upskilling/airflow-flight-price-analysis/venv/lib/python3.10/site-packages/pandas/io/sql.py", line 986, in create
    if self.exists():
  File "/home/pazzoti/de-upskilling/airflow-flight-price-analysis/venv/lib/python3.10/site-packages/pandas/io/sql.py", line 972, in exists
    return self.pd_sql.has_table(self.name, self.schema)
  File "/home/pazzoti/de-upskilling/airflow-flight-price-analysis/venv/lib/python3.10/site-packages/pandas/io/sql.py", line 2855, in has_table
    return len(self.execute(query, [name]).fetchall()) > 0
  File "/home/pazzoti/de-upskilling/airflow-flight-price-analysis/venv/lib/python3.10/site-packages/pandas/io/sql.py", line 2662, in execute
    cur = self.con.cursor()
AttributeError: 'Engine' object has no attribute 'cursor'
[2026-02-09T09:45:00.688+0200] {taskinstance.py:1138} INFO - Marking task as FAILED. dag_id=flight_price_analysis, task_id=run_pipeline, execution_date=20260208T000000, start_date=20260209T074500, end_date=20260209T074500
[2026-02-09T09:45:00.698+0200] {standard_task_runner.py:107} ERROR - Failed to execute job 120 for task run_pipeline ('Engine' object has no attribute 'cursor'; 261718)
[2026-02-09T09:45:00.711+0200] {local_task_job_runner.py:234} INFO - Task exited with return code 1
[2026-02-09T09:45:00.720+0200] {taskinstance.py:3280} INFO - 0 downstream tasks scheduled from follow-on schedule check
[2026-02-09T13:03:50.911+0200] {taskinstance.py:1956} INFO - Dependencies all met for dep_context=non-requeueable deps ti=<TaskInstance: flight_price_analysis.run_pipeline scheduled__2026-02-08T00:00:00+00:00 [queued]>
[2026-02-09T13:03:50.915+0200] {taskinstance.py:1956} INFO - Dependencies all met for dep_context=requeueable deps ti=<TaskInstance: flight_price_analysis.run_pipeline scheduled__2026-02-08T00:00:00+00:00 [queued]>
[2026-02-09T13:03:50.916+0200] {taskinstance.py:2170} INFO - Starting attempt 1 of 1
[2026-02-09T13:03:50.929+0200] {taskinstance.py:2191} INFO - Executing <Task(PythonOperator): run_pipeline> on 2026-02-08 00:00:00+00:00
[2026-02-09T13:03:50.934+0200] {standard_task_runner.py:60} INFO - Started process 356110 to run task
[2026-02-09T13:03:50.941+0200] {standard_task_runner.py:87} INFO - Running: ['airflow', 'tasks', 'run', 'flight_price_analysis', 'run_pipeline', 'scheduled__2026-02-08T00:00:00+00:00', '--job-id', '144', '--raw', '--subdir', 'DAGS_FOLDER/flight_price_analysis_dag.py', '--cfg-path', '/tmp/tmpn3d17n6n']
[2026-02-09T13:03:50.942+0200] {standard_task_runner.py:88} INFO - Job 144: Subtask run_pipeline
[2026-02-09T13:03:50.993+0200] {task_command.py:423} INFO - Running <TaskInstance: flight_price_analysis.run_pipeline scheduled__2026-02-08T00:00:00+00:00 [running]> on host Patricks-bot.
[2026-02-09T13:03:51.034+0200] {taskinstance.py:2480} INFO - Exporting env vars: AIRFLOW_CTX_DAG_OWNER='airflow' AIRFLOW_CTX_DAG_ID='flight_price_analysis' AIRFLOW_CTX_TASK_ID='run_pipeline' AIRFLOW_CTX_EXECUTION_DATE='2026-02-08T00:00:00+00:00' AIRFLOW_CTX_TRY_NUMBER='1' AIRFLOW_CTX_DAG_RUN_ID='scheduled__2026-02-08T00:00:00+00:00'
[2026-02-09T13:03:51.035+0200] {logging_mixin.py:188} INFO - [PIPELINE] Starting ETL...
[2026-02-09T13:03:51.036+0200] {logging_mixin.py:188} INFO - [EXTRACT] Starting extraction...
[2026-02-09T13:03:51.158+0200] {logging_mixin.py:188} INFO - [EXTRACT] rows extracted: 57000
[2026-02-09T13:03:51.158+0200] {logging_mixin.py:188} INFO - [EXTRACT] Data sample BEFORE validation:
[2026-02-09T13:03:51.170+0200] {logging_mixin.py:188} INFO -               Airline Source                           Source Name Destination  ... Tax & Surcharge (BDT) Total Fare (BDT)      Seasonality  Days Before Departure
0  Malaysian Airlines    CXB                   Cox's Bazar Airport         CCU  ...           5169.683753     26300.908775          Regular                     10
1      Cathay Pacific    BZL                       Barisal Airport         CGP  ...            200.000000     11805.395471          Regular                     14
2     British Airways    ZYL  Osmani International Airport, Sylhet         KUL  ...          11982.374902     51864.874251  Winter Holidays                     83
3  Singapore Airlines    RJH        Shah Makhdum Airport, Rajshahi         DAC  ...            200.000000      4635.607340          Regular                     56
4     British Airways    SPD                       Saidpur Airport         YYZ  ...          14886.570922     74130.377068          Regular                     90

[5 rows x 17 columns]
[2026-02-09T13:03:51.170+0200] {logging_mixin.py:188} INFO - [EXTRACT] rows extracted: 57000
[2026-02-09T13:03:51.170+0200] {logging_mixin.py:188} INFO - [VALIDATE] Running validation...
[2026-02-09T13:03:51.213+0200] {logging_mixin.py:188} INFO - [VALIDATE] Rows before validation: 57000
[2026-02-09T13:03:51.213+0200] {logging_mixin.py:188} INFO - [VALIDATE] Rows after validation: 57000
[2026-02-09T13:03:51.215+0200] {logging_mixin.py:188} INFO - [VALIDATE] rows after validation: 57000
[2026-02-09T13:03:51.219+0200] {logging_mixin.py:188} INFO - [TRANSFORM] completed
[2026-02-09T13:04:02.187+0200] {logging_mixin.py:188} INFO - [LOAD MYSQL] 57000 rows loaded into 'flight_prices_raw'.
[2026-02-09T13:04:07.991+0200] {logging_mixin.py:188} INFO - [LOAD MYSQL] 57000 rows loaded into 'flight_prices_staging'.
[2026-02-09T13:04:07.993+0200] {logging_mixin.py:188} INFO - [MYSQL] Load complete
[2026-02-09T13:04:08.016+0200] {logging_mixin.py:188} INFO - [KPI] Computation complete
[2026-02-09T13:04:08.124+0200] {logging_mixin.py:188} INFO - [LOAD POSTGRES] KPI tables loaded successfully!
[2026-02-09T13:04:08.124+0200] {logging_mixin.py:188} INFO - [POSTGRES] Load complete
[2026-02-09T13:04:08.124+0200] {logging_mixin.py:188} INFO - [PIPELINE] Finished successfully!
[2026-02-09T13:04:08.125+0200] {python.py:201} INFO - Done. Returned value was: None
[2026-02-09T13:04:08.129+0200] {taskinstance.py:1138} INFO - Marking task as SUCCESS. dag_id=flight_price_analysis, task_id=run_pipeline, execution_date=20260208T000000, start_date=20260209T110350, end_date=20260209T110408
[2026-02-09T13:04:08.175+0200] {local_task_job_runner.py:234} INFO - Task exited with return code 0
[2026-02-09T13:04:08.185+0200] {taskinstance.py:3280} INFO - 0 downstream tasks scheduled from follow-on schedule check
