[2026-02-06T10:10:20.814+0200] {taskinstance.py:1956} INFO - Dependencies all met for dep_context=non-requeueable deps ti=<TaskInstance: flight_price_analysis.run_pipeline manual__2026-02-06T08:10:17.196997+00:00 [queued]>
[2026-02-06T10:10:20.818+0200] {taskinstance.py:1956} INFO - Dependencies all met for dep_context=requeueable deps ti=<TaskInstance: flight_price_analysis.run_pipeline manual__2026-02-06T08:10:17.196997+00:00 [queued]>
[2026-02-06T10:10:20.824+0200] {taskinstance.py:2170} INFO - Starting attempt 1 of 1
[2026-02-06T10:10:20.842+0200] {taskinstance.py:2191} INFO - Executing <Task(PythonOperator): run_pipeline> on 2026-02-06 08:10:17.196997+00:00
[2026-02-06T10:10:20.847+0200] {standard_task_runner.py:60} INFO - Started process 17708 to run task
[2026-02-06T10:10:20.851+0200] {standard_task_runner.py:87} INFO - Running: ['airflow', 'tasks', 'run', 'flight_price_analysis', 'run_pipeline', 'manual__2026-02-06T08:10:17.196997+00:00', '--job-id', '40', '--raw', '--subdir', 'DAGS_FOLDER/flight_price_analysis_dag.py', '--cfg-path', '/tmp/tmp8kqzzj01']
[2026-02-06T10:10:20.851+0200] {standard_task_runner.py:88} INFO - Job 40: Subtask run_pipeline
[2026-02-06T10:10:20.894+0200] {task_command.py:423} INFO - Running <TaskInstance: flight_price_analysis.run_pipeline manual__2026-02-06T08:10:17.196997+00:00 [running]> on host Patricks-bot.
[2026-02-06T10:10:20.935+0200] {taskinstance.py:2480} INFO - Exporting env vars: AIRFLOW_CTX_DAG_OWNER='airflow' AIRFLOW_CTX_DAG_ID='flight_price_analysis' AIRFLOW_CTX_TASK_ID='run_pipeline' AIRFLOW_CTX_EXECUTION_DATE='2026-02-06T08:10:17.196997+00:00' AIRFLOW_CTX_TRY_NUMBER='1' AIRFLOW_CTX_DAG_RUN_ID='manual__2026-02-06T08:10:17.196997+00:00'
[2026-02-06T10:10:21.452+0200] {taskinstance.py:2698} ERROR - Task failed with exception
Traceback (most recent call last):
  File "/home/pazzoti/de-upskilling/airflow-flight-price-analysis/venv/lib/python3.10/site-packages/airflow/models/taskinstance.py", line 433, in _execute_task
    result = execute_callable(context=context, **execute_callable_kwargs)
  File "/home/pazzoti/de-upskilling/airflow-flight-price-analysis/venv/lib/python3.10/site-packages/airflow/operators/python.py", line 199, in execute
    return_value = self.execute_callable()
  File "/home/pazzoti/de-upskilling/airflow-flight-price-analysis/venv/lib/python3.10/site-packages/airflow/operators/python.py", line 216, in execute_callable
    return self.python_callable(*self.op_args, **self.op_kwargs)
  File "/home/pazzoti/de-upskilling/airflow-flight-price-analysis/airflow/dags/flight_price_analysis_dag.py", line 22, in run_pipeline
    df = validate_data(df)
  File "/home/pazzoti/de-upskilling/airflow-flight-price-analysis/src/validate.py", line 36, in validate_data
    raise ValueError(f"Missing required columns: {missing}")
ValueError: Missing required columns: ['source_city', 'destination_city', 'departure_time', 'stops', 'arrival_time', 'duration', 'days_left', 'price']
[2026-02-06T10:10:21.455+0200] {taskinstance.py:1138} INFO - Marking task as FAILED. dag_id=flight_price_analysis, task_id=run_pipeline, execution_date=20260206T081017, start_date=20260206T081020, end_date=20260206T081021
[2026-02-06T10:10:21.465+0200] {standard_task_runner.py:107} ERROR - Failed to execute job 40 for task run_pipeline (Missing required columns: ['source_city', 'destination_city', 'departure_time', 'stops', 'arrival_time', 'duration', 'days_left', 'price']; 17708)
[2026-02-06T10:10:21.508+0200] {local_task_job_runner.py:234} INFO - Task exited with return code 1
[2026-02-06T10:10:21.515+0200] {taskinstance.py:3280} INFO - 0 downstream tasks scheduled from follow-on schedule check
