[2026-02-06T12:30:38.829+0200] {taskinstance.py:1956} INFO - Dependencies all met for dep_context=non-requeueable deps ti=<TaskInstance: flight_price_analysis.run_pipeline manual__2026-02-06T10:30:35.563232+00:00 [queued]>
[2026-02-06T12:30:38.833+0200] {taskinstance.py:1956} INFO - Dependencies all met for dep_context=requeueable deps ti=<TaskInstance: flight_price_analysis.run_pipeline manual__2026-02-06T10:30:35.563232+00:00 [queued]>
[2026-02-06T12:30:38.833+0200] {taskinstance.py:2170} INFO - Starting attempt 1 of 1
[2026-02-06T12:30:38.845+0200] {taskinstance.py:2191} INFO - Executing <Task(PythonOperator): run_pipeline> on 2026-02-06 10:30:35.563232+00:00
[2026-02-06T12:30:38.848+0200] {standard_task_runner.py:60} INFO - Started process 45188 to run task
[2026-02-06T12:30:38.850+0200] {standard_task_runner.py:87} INFO - Running: ['airflow', 'tasks', 'run', 'flight_price_analysis', 'run_pipeline', 'manual__2026-02-06T10:30:35.563232+00:00', '--job-id', '63', '--raw', '--subdir', 'DAGS_FOLDER/flight_price_analysis_dag.py', '--cfg-path', '/tmp/tmppcqtrwp_']
[2026-02-06T12:30:38.851+0200] {standard_task_runner.py:88} INFO - Job 63: Subtask run_pipeline
[2026-02-06T12:30:38.882+0200] {task_command.py:423} INFO - Running <TaskInstance: flight_price_analysis.run_pipeline manual__2026-02-06T10:30:35.563232+00:00 [running]> on host Patricks-bot.
[2026-02-06T12:30:38.937+0200] {taskinstance.py:2480} INFO - Exporting env vars: AIRFLOW_CTX_DAG_OWNER='airflow' AIRFLOW_CTX_DAG_ID='flight_price_analysis' AIRFLOW_CTX_TASK_ID='run_pipeline' AIRFLOW_CTX_EXECUTION_DATE='2026-02-06T10:30:35.563232+00:00' AIRFLOW_CTX_TRY_NUMBER='1' AIRFLOW_CTX_DAG_RUN_ID='manual__2026-02-06T10:30:35.563232+00:00'
[2026-02-06T12:30:39.633+0200] {taskinstance.py:2698} ERROR - Task failed with exception
Traceback (most recent call last):
  File "/home/pazzoti/de-upskilling/airflow-flight-price-analysis/venv/lib/python3.10/site-packages/airflow/models/taskinstance.py", line 433, in _execute_task
    result = execute_callable(context=context, **execute_callable_kwargs)
  File "/home/pazzoti/de-upskilling/airflow-flight-price-analysis/venv/lib/python3.10/site-packages/airflow/operators/python.py", line 199, in execute
    return_value = self.execute_callable()
  File "/home/pazzoti/de-upskilling/airflow-flight-price-analysis/venv/lib/python3.10/site-packages/airflow/operators/python.py", line 216, in execute_callable
    return self.python_callable(*self.op_args, **self.op_kwargs)
  File "/home/pazzoti/de-upskilling/airflow-flight-price-analysis/airflow/dags/flight_price_analysis_dag.py", line 27, in run_pipeline
    load_to_postgres(airline_kpis, routes, seasonal)
  File "/home/pazzoti/de-upskilling/airflow-flight-price-analysis/src/load_postgres.py", line 5, in load_to_postgres
    conn = psycopg2.connect(
  File "/home/pazzoti/de-upskilling/airflow-flight-price-analysis/venv/lib/python3.10/site-packages/psycopg2/__init__.py", line 122, in connect
    conn = _connect(dsn, connection_factory=connection_factory, **kwasync)
psycopg2.OperationalError: connection to server at "localhost" (127.0.0.1), port 5432 failed: FATAL:  password authentication failed for user "postgres"
connection to server at "localhost" (127.0.0.1), port 5432 failed: FATAL:  password authentication failed for user "postgres"

[2026-02-06T12:30:39.636+0200] {taskinstance.py:1138} INFO - Marking task as FAILED. dag_id=flight_price_analysis, task_id=run_pipeline, execution_date=20260206T103035, start_date=20260206T103038, end_date=20260206T103039
[2026-02-06T12:30:39.647+0200] {standard_task_runner.py:107} ERROR - Failed to execute job 63 for task run_pipeline (connection to server at "localhost" (127.0.0.1), port 5432 failed: FATAL:  password authentication failed for user "postgres"
connection to server at "localhost" (127.0.0.1), port 5432 failed: FATAL:  password authentication failed for user "postgres"
; 45188)
[2026-02-06T12:30:39.674+0200] {local_task_job_runner.py:234} INFO - Task exited with return code 1
[2026-02-06T12:30:39.684+0200] {taskinstance.py:3280} INFO - 0 downstream tasks scheduled from follow-on schedule check
