[2026-02-06T18:52:06.568+0200] {taskinstance.py:1956} INFO - Dependencies all met for dep_context=non-requeueable deps ti=<TaskInstance: flight_price_analysis.run_pipeline manual__2026-02-06T16:52:03.073523+00:00 [queued]>
[2026-02-06T18:52:06.573+0200] {taskinstance.py:1956} INFO - Dependencies all met for dep_context=requeueable deps ti=<TaskInstance: flight_price_analysis.run_pipeline manual__2026-02-06T16:52:03.073523+00:00 [queued]>
[2026-02-06T18:52:06.573+0200] {taskinstance.py:2170} INFO - Starting attempt 1 of 1
[2026-02-06T18:52:06.583+0200] {taskinstance.py:2191} INFO - Executing <Task(PythonOperator): run_pipeline> on 2026-02-06 16:52:03.073523+00:00
[2026-02-06T18:52:06.586+0200] {standard_task_runner.py:60} INFO - Started process 105082 to run task
[2026-02-06T18:52:06.590+0200] {standard_task_runner.py:87} INFO - Running: ['airflow', 'tasks', 'run', 'flight_price_analysis', 'run_pipeline', 'manual__2026-02-06T16:52:03.073523+00:00', '--job-id', '87', '--raw', '--subdir', 'DAGS_FOLDER/flight_price_analysis_dag.py', '--cfg-path', '/tmp/tmpey_nd3sj']
[2026-02-06T18:52:06.590+0200] {standard_task_runner.py:88} INFO - Job 87: Subtask run_pipeline
[2026-02-06T18:52:06.624+0200] {task_command.py:423} INFO - Running <TaskInstance: flight_price_analysis.run_pipeline manual__2026-02-06T16:52:03.073523+00:00 [running]> on host Patricks-bot.
[2026-02-06T18:52:06.672+0200] {taskinstance.py:2480} INFO - Exporting env vars: AIRFLOW_CTX_DAG_OWNER='airflow' AIRFLOW_CTX_DAG_ID='flight_price_analysis' AIRFLOW_CTX_TASK_ID='run_pipeline' AIRFLOW_CTX_EXECUTION_DATE='2026-02-06T16:52:03.073523+00:00' AIRFLOW_CTX_TRY_NUMBER='1' AIRFLOW_CTX_DAG_RUN_ID='manual__2026-02-06T16:52:03.073523+00:00'
[2026-02-06T18:52:06.673+0200] {logging_mixin.py:188} INFO - [EXTRACT] Starting extraction...
[2026-02-06T18:52:06.809+0200] {logging_mixin.py:188} INFO - [EXTRACT] rows extracted: 57000
[2026-02-06T18:52:06.810+0200] {logging_mixin.py:188} INFO - [EXTRACT] Data sample BEFORE validation:
[2026-02-06T18:52:06.820+0200] {logging_mixin.py:188} INFO -               Airline Source                           Source Name Destination  ... Tax & Surcharge (BDT) Total Fare (BDT)      Seasonality  Days Before Departure
0  Malaysian Airlines    CXB                   Cox's Bazar Airport         CCU  ...           5169.683753     26300.908775          Regular                     10
1      Cathay Pacific    BZL                       Barisal Airport         CGP  ...            200.000000     11805.395471          Regular                     14
2     British Airways    ZYL  Osmani International Airport, Sylhet         KUL  ...          11982.374902     51864.874251  Winter Holidays                     83
3  Singapore Airlines    RJH        Shah Makhdum Airport, Rajshahi         DAC  ...            200.000000      4635.607340          Regular                     56
4     British Airways    SPD                       Saidpur Airport         YYZ  ...          14886.570922     74130.377068          Regular                     90

[5 rows x 17 columns]
[2026-02-06T18:52:06.820+0200] {logging_mixin.py:188} INFO - [VALIDATE] Running validation...
[2026-02-06T18:52:06.861+0200] {logging_mixin.py:188} INFO - [VALIDATE] Rows before validation: 57000
[2026-02-06T18:52:06.861+0200] {logging_mixin.py:188} INFO - [VALIDATE] Rows after validation: 57000
[2026-02-06T18:52:07.223+0200] {taskinstance.py:2698} ERROR - Task failed with exception
Traceback (most recent call last):
  File "/home/pazzoti/de-upskilling/airflow-flight-price-analysis/venv/lib/python3.10/site-packages/mysql/connector/connection_cext.py", line 772, in cmd_query
    self._cmysql.query(
_mysql_connector.MySQLInterfaceError: Unknown column 'aircraft_type' in 'field list'

The above exception was the direct cause of the following exception:

Traceback (most recent call last):
  File "/home/pazzoti/de-upskilling/airflow-flight-price-analysis/venv/lib/python3.10/site-packages/airflow/models/taskinstance.py", line 433, in _execute_task
    result = execute_callable(context=context, **execute_callable_kwargs)
  File "/home/pazzoti/de-upskilling/airflow-flight-price-analysis/venv/lib/python3.10/site-packages/airflow/operators/python.py", line 199, in execute
    return_value = self.execute_callable()
  File "/home/pazzoti/de-upskilling/airflow-flight-price-analysis/venv/lib/python3.10/site-packages/airflow/operators/python.py", line 216, in execute_callable
    return self.python_callable(*self.op_args, **self.op_kwargs)
  File "/home/pazzoti/de-upskilling/airflow-flight-price-analysis/airflow/dags/flight_price_analysis_dag.py", line 23, in run_pipeline
    load_to_mysql(df)
  File "/home/pazzoti/de-upskilling/airflow-flight-price-analysis/src/load_mysql.py", line 42, in load_to_mysql
    cursor.execute(insert_sql, tuple(row[col] for col in cols))
  File "/home/pazzoti/de-upskilling/airflow-flight-price-analysis/venv/lib/python3.10/site-packages/mysql/connector/cursor_cext.py", line 353, in execute
    self._connection.cmd_query(
  File "/home/pazzoti/de-upskilling/airflow-flight-price-analysis/venv/lib/python3.10/site-packages/mysql/connector/opentelemetry/context_propagation.py", line 106, in wrapper
    result = method(cnx, *args, **kwargs)
  File "/home/pazzoti/de-upskilling/airflow-flight-price-analysis/venv/lib/python3.10/site-packages/mysql/connector/connection_cext.py", line 781, in cmd_query
    raise get_mysql_exception(
mysql.connector.errors.ProgrammingError: 1054 (42S22): Unknown column 'aircraft_type' in 'field list'
[2026-02-06T18:52:07.226+0200] {taskinstance.py:1138} INFO - Marking task as FAILED. dag_id=flight_price_analysis, task_id=run_pipeline, execution_date=20260206T165203, start_date=20260206T165206, end_date=20260206T165207
[2026-02-06T18:52:07.240+0200] {standard_task_runner.py:107} ERROR - Failed to execute job 87 for task run_pipeline (1054 (42S22): Unknown column 'aircraft_type' in 'field list'; 105082)
[2026-02-06T18:52:07.285+0200] {local_task_job_runner.py:234} INFO - Task exited with return code 1
[2026-02-06T18:52:07.294+0200] {taskinstance.py:3280} INFO - 0 downstream tasks scheduled from follow-on schedule check
