[2026-02-06T18:12:45.105+0200] {taskinstance.py:1956} INFO - Dependencies all met for dep_context=non-requeueable deps ti=<TaskInstance: flight_price_analysis.run_pipeline manual__2026-02-06T16:12:42.664380+00:00 [queued]>
[2026-02-06T18:12:45.108+0200] {taskinstance.py:1956} INFO - Dependencies all met for dep_context=requeueable deps ti=<TaskInstance: flight_price_analysis.run_pipeline manual__2026-02-06T16:12:42.664380+00:00 [queued]>
[2026-02-06T18:12:45.108+0200] {taskinstance.py:2170} INFO - Starting attempt 1 of 1
[2026-02-06T18:12:45.122+0200] {taskinstance.py:2191} INFO - Executing <Task(PythonOperator): run_pipeline> on 2026-02-06 16:12:42.664380+00:00
[2026-02-06T18:12:45.125+0200] {standard_task_runner.py:60} INFO - Started process 97006 to run task
[2026-02-06T18:12:45.128+0200] {standard_task_runner.py:87} INFO - Running: ['airflow', 'tasks', 'run', 'flight_price_analysis', 'run_pipeline', 'manual__2026-02-06T16:12:42.664380+00:00', '--job-id', '83', '--raw', '--subdir', 'DAGS_FOLDER/flight_price_analysis_dag.py', '--cfg-path', '/tmp/tmp4wpdtejf']
[2026-02-06T18:12:45.129+0200] {standard_task_runner.py:88} INFO - Job 83: Subtask run_pipeline
[2026-02-06T18:12:45.168+0200] {task_command.py:423} INFO - Running <TaskInstance: flight_price_analysis.run_pipeline manual__2026-02-06T16:12:42.664380+00:00 [running]> on host Patricks-bot.
[2026-02-06T18:12:45.223+0200] {taskinstance.py:2480} INFO - Exporting env vars: AIRFLOW_CTX_DAG_OWNER='airflow' AIRFLOW_CTX_DAG_ID='flight_price_analysis' AIRFLOW_CTX_TASK_ID='run_pipeline' AIRFLOW_CTX_EXECUTION_DATE='2026-02-06T16:12:42.664380+00:00' AIRFLOW_CTX_TRY_NUMBER='1' AIRFLOW_CTX_DAG_RUN_ID='manual__2026-02-06T16:12:42.664380+00:00'
[2026-02-06T18:12:45.369+0200] {logging_mixin.py:188} INFO - [EXTRACT] rows extracted: 57000
[2026-02-06T18:12:45.370+0200] {logging_mixin.py:188} INFO - [EXTRACT] Data sample BEFORE validation:
[2026-02-06T18:12:45.381+0200] {logging_mixin.py:188} INFO -               airline source                           source_city destination                                   destination_city  ...   stops        class     base_fare         price days_left
0  Malaysian Airlines    CXB                   Cox's Bazar Airport         CCU  Netaji Subhas Chandra Bose International Airpo...  ...  Direct      Economy  21131.225021  26300.908775        10
1      Cathay Pacific    BZL                       Barisal Airport         CGP      Shah Amanat International Airport, Chittagong  ...  Direct  First Class  11605.395471  11805.395471        14
2     British Airways    ZYL  Osmani International Airport, Sylhet         KUL                 Kuala Lumpur International Airport  ...  1 Stop      Economy  39882.499349  51864.874251        83
3  Singapore Airlines    RJH        Shah Makhdum Airport, Rajshahi         DAC      Hazrat Shahjalal International Airport, Dhaka  ...  Direct      Economy   4435.607340   4635.607340        56
4     British Airways    SPD                       Saidpur Airport         YYZ              Toronto Pearson International Airport  ...  1 Stop     Business  59243.806146  74130.377068        90

[5 rows x 13 columns]
[2026-02-06T18:12:45.386+0200] {logging_mixin.py:188} INFO - [VALIDATE] Running validation...
[2026-02-06T18:12:45.455+0200] {logging_mixin.py:188} INFO - [VALIDATE] Missing values after type conversion:
[2026-02-06T18:12:45.456+0200] {logging_mixin.py:188} INFO -   duration: 0 rows missing
[2026-02-06T18:12:45.456+0200] {logging_mixin.py:188} INFO -   price: 0 rows missing
[2026-02-06T18:12:45.457+0200] {logging_mixin.py:188} INFO -   days_left: 0 rows missing
[2026-02-06T18:12:45.457+0200] {logging_mixin.py:188} INFO - [VALIDATE] rows after validation: 57000
[2026-02-06T18:12:45.795+0200] {taskinstance.py:2698} ERROR - Task failed with exception
Traceback (most recent call last):
  File "/home/pazzoti/de-upskilling/airflow-flight-price-analysis/venv/lib/python3.10/site-packages/mysql/connector/connection_cext.py", line 772, in cmd_query
    self._cmysql.query(
_mysql_connector.MySQLInterfaceError: Unknown column 'price' in 'field list'

The above exception was the direct cause of the following exception:

Traceback (most recent call last):
  File "/home/pazzoti/de-upskilling/airflow-flight-price-analysis/venv/lib/python3.10/site-packages/airflow/models/taskinstance.py", line 433, in _execute_task
    result = execute_callable(context=context, **execute_callable_kwargs)
  File "/home/pazzoti/de-upskilling/airflow-flight-price-analysis/venv/lib/python3.10/site-packages/airflow/operators/python.py", line 199, in execute
    return_value = self.execute_callable()
  File "/home/pazzoti/de-upskilling/airflow-flight-price-analysis/venv/lib/python3.10/site-packages/airflow/operators/python.py", line 216, in execute_callable
    return self.python_callable(*self.op_args, **self.op_kwargs)
  File "/home/pazzoti/de-upskilling/airflow-flight-price-analysis/airflow/dags/flight_price_analysis_dag.py", line 23, in run_pipeline
    load_to_mysql(df)
  File "/home/pazzoti/de-upskilling/airflow-flight-price-analysis/src/load_mysql.py", line 40, in load_to_mysql
    cursor.execute(insert_sql, (
  File "/home/pazzoti/de-upskilling/airflow-flight-price-analysis/venv/lib/python3.10/site-packages/mysql/connector/cursor_cext.py", line 353, in execute
    self._connection.cmd_query(
  File "/home/pazzoti/de-upskilling/airflow-flight-price-analysis/venv/lib/python3.10/site-packages/mysql/connector/opentelemetry/context_propagation.py", line 106, in wrapper
    result = method(cnx, *args, **kwargs)
  File "/home/pazzoti/de-upskilling/airflow-flight-price-analysis/venv/lib/python3.10/site-packages/mysql/connector/connection_cext.py", line 781, in cmd_query
    raise get_mysql_exception(
mysql.connector.errors.ProgrammingError: 1054 (42S22): Unknown column 'price' in 'field list'
[2026-02-06T18:12:45.798+0200] {taskinstance.py:1138} INFO - Marking task as FAILED. dag_id=flight_price_analysis, task_id=run_pipeline, execution_date=20260206T161242, start_date=20260206T161245, end_date=20260206T161245
[2026-02-06T18:12:45.811+0200] {standard_task_runner.py:107} ERROR - Failed to execute job 83 for task run_pipeline (1054 (42S22): Unknown column 'price' in 'field list'; 97006)
[2026-02-06T18:12:45.822+0200] {local_task_job_runner.py:234} INFO - Task exited with return code 1
[2026-02-06T18:12:45.829+0200] {taskinstance.py:3280} INFO - 0 downstream tasks scheduled from follow-on schedule check
